SCRATCH: /scratch
ls: cannot access '/data/fastq/E14_6h_H3K27ac_ChIP_Yang2019_GSM3314703*_R2.fastq.gz': No such file or directory
[masterDownload] Data are single-end. at [Wed Jul 3 11:52:37 PM CEST 2024]
[checkDependencies] Checking Dependencies [Wed Jul 3 11:52:37 PM CEST 2024] at [Wed Jul 3 11:52:37 PM CEST 2024]
[setup checkDependencies] trimmomatic... at [Wed Jul 3 11:52:37 PM CEST 2024]
[setup checkDependencies] STAR... at [Wed Jul 3 11:52:37 PM CEST 2024]
[setup checkDependencies] bismark... at [Wed Jul 3 11:52:37 PM CEST 2024]
[setup checkDependencies] bowtie2... at [Wed Jul 3 11:52:37 PM CEST 2024]
[setup checkDependencies] samtools... at [Wed Jul 3 11:52:37 PM CEST 2024]
[setup checkDependencies] picard... at [Wed Jul 3 11:52:37 PM CEST 2024]
[setup checkDependencies] awk... at [Wed Jul 3 11:52:37 PM CEST 2024]
[setup checkDependencies] bamCoverage... at [Wed Jul 3 11:52:37 PM CEST 2024]
[setup checkDependencies] fastqc... at [Wed Jul 3 11:52:37 PM CEST 2024]
[setup checkDependencies] fastq_screen... at [Wed Jul 3 11:52:37 PM CEST 2024]
[setup checkDependencies] stringtie... at [Wed Jul 3 11:52:37 PM CEST 2024]
[setup checkDependencies] clumpify.sh... at [Wed Jul 3 11:52:37 PM CEST 2024]
PAIRED: false
[setUpLogFile] Script started at [Wed Jul 3 11:52:37 PM CEST 2024] at [Wed Jul 3 11:52:37 PM CEST 2024]
[fastQC] started on raw FASTQs at [Wed Jul 3 11:52:37 PM CEST 2024]
Started analysis of E14_6h_H3K27ac_ChIP_Yang2019_GSM3314703_raw.fastq.gz
Approx 5% complete for E14_6h_H3K27ac_ChIP_Yang2019_GSM3314703_raw.fastq.gz
Approx 10% complete for E14_6h_H3K27ac_ChIP_Yang2019_GSM3314703_raw.fastq.gz
Approx 15% complete for E14_6h_H3K27ac_ChIP_Yang2019_GSM3314703_raw.fastq.gz
Approx 20% complete for E14_6h_H3K27ac_ChIP_Yang2019_GSM3314703_raw.fastq.gz
Approx 25% complete for E14_6h_H3K27ac_ChIP_Yang2019_GSM3314703_raw.fastq.gz
Approx 30% complete for E14_6h_H3K27ac_ChIP_Yang2019_GSM3314703_raw.fastq.gz
Approx 35% complete for E14_6h_H3K27ac_ChIP_Yang2019_GSM3314703_raw.fastq.gz
Approx 40% complete for E14_6h_H3K27ac_ChIP_Yang2019_GSM3314703_raw.fastq.gz
Approx 45% complete for E14_6h_H3K27ac_ChIP_Yang2019_GSM3314703_raw.fastq.gz
Approx 50% complete for E14_6h_H3K27ac_ChIP_Yang2019_GSM3314703_raw.fastq.gz
Approx 55% complete for E14_6h_H3K27ac_ChIP_Yang2019_GSM3314703_raw.fastq.gz
Approx 60% complete for E14_6h_H3K27ac_ChIP_Yang2019_GSM3314703_raw.fastq.gz
Approx 65% complete for E14_6h_H3K27ac_ChIP_Yang2019_GSM3314703_raw.fastq.gz
Approx 70% complete for E14_6h_H3K27ac_ChIP_Yang2019_GSM3314703_raw.fastq.gz
Approx 75% complete for E14_6h_H3K27ac_ChIP_Yang2019_GSM3314703_raw.fastq.gz
Approx 80% complete for E14_6h_H3K27ac_ChIP_Yang2019_GSM3314703_raw.fastq.gz
Approx 85% complete for E14_6h_H3K27ac_ChIP_Yang2019_GSM3314703_raw.fastq.gz
Approx 90% complete for E14_6h_H3K27ac_ChIP_Yang2019_GSM3314703_raw.fastq.gz
Approx 95% complete for E14_6h_H3K27ac_ChIP_Yang2019_GSM3314703_raw.fastq.gz
Analysis complete for E14_6h_H3K27ac_ChIP_Yang2019_GSM3314703_raw.fastq.gz
[fastQC] on raw FASTQs finished succesfully. Will remove PCR duplicates now at [Wed Jul 3 11:56:07 PM CEST 2024]
Reads are length: 52 at [Wed Jul 3 11:56:07 PM CEST 2024]
Reads with same sequence 1 or fewer substitutions will be marked as PCR duplicates at [Wed Jul 3 11:56:07 PM CEST 2024]
Removal of PCR duplicates complete! at [Thu Jul 4 12:17:30 AM CEST 2024]
[trimReads] Started using version trimV5 parameters at [Thu Jul 4 12:17:30 AM CEST 2024]
ILLUMINACLIP:/data/reference_genomes/adapters/adapters.fa:2:30:10 SLIDINGWINDOW:4:20 MINLEN:24
[trimReads] Trimming E14_6h_H3K27ac_ChIP_Yang2019_GSM3314703.fastq.gz... at [Thu Jul 4 12:17:30 AM CEST 2024]
[trimReads] Finished successfully at [Thu Jul 4 12:26:20 AM CEST 2024]
[fastQC] started on E14_6h_H3K27ac_ChIP_Yang2019_GSM3314703.fastq.gz E14_6h_H3K27ac_ChIP_Yang2019_GSM3314703_trimV5.fastq.gz at [Thu Jul 4 12:26:20 AM CEST 2024]
Started analysis of E14_6h_H3K27ac_ChIP_Yang2019_GSM3314703.fastq.gz
Started analysis of E14_6h_H3K27ac_ChIP_Yang2019_GSM3314703_trimV5.fastq.gz
Approx 5% complete for E14_6h_H3K27ac_ChIP_Yang2019_GSM3314703.fastq.gz
Approx 5% complete for E14_6h_H3K27ac_ChIP_Yang2019_GSM3314703_trimV5.fastq.gz
Approx 10% complete for E14_6h_H3K27ac_ChIP_Yang2019_GSM3314703.fastq.gz
Approx 10% complete for E14_6h_H3K27ac_ChIP_Yang2019_GSM3314703_trimV5.fastq.gz
Approx 15% complete for E14_6h_H3K27ac_ChIP_Yang2019_GSM3314703.fastq.gz
Approx 15% complete for E14_6h_H3K27ac_ChIP_Yang2019_GSM3314703_trimV5.fastq.gz
Approx 20% complete for E14_6h_H3K27ac_ChIP_Yang2019_GSM3314703.fastq.gz
Approx 20% complete for E14_6h_H3K27ac_ChIP_Yang2019_GSM3314703_trimV5.fastq.gz
Approx 25% complete for E14_6h_H3K27ac_ChIP_Yang2019_GSM3314703.fastq.gz
Approx 25% complete for E14_6h_H3K27ac_ChIP_Yang2019_GSM3314703_trimV5.fastq.gz
Approx 30% complete for E14_6h_H3K27ac_ChIP_Yang2019_GSM3314703.fastq.gz
Approx 30% complete for E14_6h_H3K27ac_ChIP_Yang2019_GSM3314703_trimV5.fastq.gz
Approx 35% complete for E14_6h_H3K27ac_ChIP_Yang2019_GSM3314703.fastq.gz
Approx 35% complete for E14_6h_H3K27ac_ChIP_Yang2019_GSM3314703_trimV5.fastq.gz
Approx 40% complete for E14_6h_H3K27ac_ChIP_Yang2019_GSM3314703.fastq.gz
Approx 40% complete for E14_6h_H3K27ac_ChIP_Yang2019_GSM3314703_trimV5.fastq.gz
Approx 45% complete for E14_6h_H3K27ac_ChIP_Yang2019_GSM3314703.fastq.gz
Approx 45% complete for E14_6h_H3K27ac_ChIP_Yang2019_GSM3314703_trimV5.fastq.gz
Approx 50% complete for E14_6h_H3K27ac_ChIP_Yang2019_GSM3314703.fastq.gz
Approx 50% complete for E14_6h_H3K27ac_ChIP_Yang2019_GSM3314703_trimV5.fastq.gz
Approx 55% complete for E14_6h_H3K27ac_ChIP_Yang2019_GSM3314703.fastq.gz
Approx 55% complete for E14_6h_H3K27ac_ChIP_Yang2019_GSM3314703_trimV5.fastq.gz
Approx 60% complete for E14_6h_H3K27ac_ChIP_Yang2019_GSM3314703.fastq.gz
Approx 60% complete for E14_6h_H3K27ac_ChIP_Yang2019_GSM3314703_trimV5.fastq.gz
Approx 65% complete for E14_6h_H3K27ac_ChIP_Yang2019_GSM3314703_trimV5.fastq.gz
Approx 65% complete for E14_6h_H3K27ac_ChIP_Yang2019_GSM3314703.fastq.gz
Approx 70% complete for E14_6h_H3K27ac_ChIP_Yang2019_GSM3314703.fastq.gz
Approx 70% complete for E14_6h_H3K27ac_ChIP_Yang2019_GSM3314703_trimV5.fastq.gz
Approx 75% complete for E14_6h_H3K27ac_ChIP_Yang2019_GSM3314703.fastq.gz
Approx 75% complete for E14_6h_H3K27ac_ChIP_Yang2019_GSM3314703_trimV5.fastq.gz
Approx 80% complete for E14_6h_H3K27ac_ChIP_Yang2019_GSM3314703_trimV5.fastq.gz
Approx 80% complete for E14_6h_H3K27ac_ChIP_Yang2019_GSM3314703.fastq.gz
Approx 85% complete for E14_6h_H3K27ac_ChIP_Yang2019_GSM3314703.fastq.gz
Approx 85% complete for E14_6h_H3K27ac_ChIP_Yang2019_GSM3314703_trimV5.fastq.gz
Approx 90% complete for E14_6h_H3K27ac_ChIP_Yang2019_GSM3314703.fastq.gz
Approx 90% complete for E14_6h_H3K27ac_ChIP_Yang2019_GSM3314703_trimV5.fastq.gz
Approx 95% complete for E14_6h_H3K27ac_ChIP_Yang2019_GSM3314703.fastq.gz
Approx 95% complete for E14_6h_H3K27ac_ChIP_Yang2019_GSM3314703_trimV5.fastq.gz
Analysis complete for E14_6h_H3K27ac_ChIP_Yang2019_GSM3314703.fastq.gz
Analysis complete for E14_6h_H3K27ac_ChIP_Yang2019_GSM3314703_trimV5.fastq.gz
[fastQC] finished succesfully at [Thu Jul 4 12:29:10 AM CEST 2024]
[bowtie2 alignment] started with reference /data/reference_genomes/mm10/mm10 at [Thu Jul 4 12:29:10 AM CEST 2024]
[alignment] Bowtie2 alignment finished successfully at [Thu Jul 4 12:54:35 AM CEST 2024]
[sam grooming] started at [Thu Jul 4 12:56:13 AM CEST 2024]
00:56:14.414 INFO  NativeLibraryLoader - Loading libgkl_compression.so from jar:file:/home/robin/bin/miniconda3/share/picard-2.26.2-0/picard.jar!/com/intel/gkl/native/libgkl_compression.so
[Thu Jul 04 00:56:14 CEST 2024] CleanSam --INPUT E14_6h_H3K27ac_ChIP_Yang2019_GSM3314703_raw.sam --OUTPUT E14_6h_H3K27ac_ChIP_Yang2019_GSM3314703_cleaned.sam --TMP_DIR . --VERBOSITY INFO --QUIET false --VALIDATION_STRINGENCY STRICT --COMPRESSION_LEVEL 5 --MAX_RECORDS_IN_RAM 500000 --CREATE_INDEX false --CREATE_MD5_FILE false --GA4GH_CLIENT_SECRETS client_secrets.json --help false --version false --showHidden false --USE_JDK_DEFLATER false --USE_JDK_INFLATER false
[Thu Jul 04 00:56:14 CEST 2024] Executing as robin@epipax.ijm.univ-paris-diderot.priv on Linux 6.1.0-21-amd64 amd64; OpenJDK 64-Bit Server VM 1.8.0_332-b09; Deflater: Intel; Inflater: Intel; Provider GCS is not available; Picard version: Version:2.26.2
INFO	2024-07-04 00:56:14	CleanSam	Seen many non-increasing record positions. Printing Read-names as well.
INFO	2024-07-04 00:56:20	CleanSam	Processed     1,000,000 records.  Elapsed time: 00:00:05s.  Time for last 1,000,000:    5s.  Last read position: chr2:154,884,823.  Last read name: SRR7624391.7029340
INFO	2024-07-04 00:56:25	CleanSam	Processed     2,000,000 records.  Elapsed time: 00:00:10s.  Time for last 1,000,000:    5s.  Last read position: chr7:96,483,950.  Last read name: SRR7624391.40986314
INFO	2024-07-04 00:56:30	CleanSam	Processed     3,000,000 records.  Elapsed time: 00:00:15s.  Time for last 1,000,000:    5s.  Last read position: chr3:133,580,027.  Last read name: SRR7624391.26483931
INFO	2024-07-04 00:56:36	CleanSam	Processed     4,000,000 records.  Elapsed time: 00:00:21s.  Time for last 1,000,000:    5s.  Last read position: chr15:44,826,802.  Last read name: SRR7624391.23242012
INFO	2024-07-04 00:56:41	CleanSam	Processed     5,000,000 records.  Elapsed time: 00:00:26s.  Time for last 1,000,000:    5s.  Last read position: chr4:107,398,248.  Last read name: SRR7624391.21318535
INFO	2024-07-04 00:56:46	CleanSam	Processed     6,000,000 records.  Elapsed time: 00:00:32s.  Time for last 1,000,000:    5s.  Last read position: chr2:59,536,822.  Last read name: SRR7624391.1298945
INFO	2024-07-04 00:56:51	CleanSam	Processed     7,000,000 records.  Elapsed time: 00:00:37s.  Time for last 1,000,000:    5s.  Last read position: chr3:50,881,512.  Last read name: SRR7624391.40367843
INFO	2024-07-04 00:56:57	CleanSam	Processed     8,000,000 records.  Elapsed time: 00:00:42s.  Time for last 1,000,000:    5s.  Last read position: chr13:12,076,439.  Last read name: SRR7624391.45281918
INFO	2024-07-04 00:57:03	CleanSam	Processed     9,000,000 records.  Elapsed time: 00:00:48s.  Time for last 1,000,000:    5s.  Last read position: chr9:65,082,285.  Last read name: SRR7624391.44090454
INFO	2024-07-04 00:57:08	CleanSam	Processed    10,000,000 records.  Elapsed time: 00:00:54s.  Time for last 1,000,000:    5s.  Last read position: chr6:123,337,801.  Last read name: SRR7624391.43752277
INFO	2024-07-04 00:57:13	CleanSam	Processed    11,000,000 records.  Elapsed time: 00:00:59s.  Time for last 1,000,000:    5s.  Last read position: chr9:115,404,204.  Last read name: SRR7624391.38336672
INFO	2024-07-04 00:57:20	CleanSam	Processed    12,000,000 records.  Elapsed time: 00:01:05s.  Time for last 1,000,000:    6s.  Last read position: chr9:96,474,413.  Last read name: SRR7624391.2391793
INFO	2024-07-04 00:57:25	CleanSam	Processed    13,000,000 records.  Elapsed time: 00:01:10s.  Time for last 1,000,000:    5s.  Last read position: chr15:73,091,181.  Last read name: SRR7624391.42670919
INFO	2024-07-04 00:57:30	CleanSam	Processed    14,000,000 records.  Elapsed time: 00:01:15s.  Time for last 1,000,000:    5s.  Last read position: chr1:118,891,357.  Last read name: SRR7624391.39033466
INFO	2024-07-04 00:57:35	CleanSam	Processed    15,000,000 records.  Elapsed time: 00:01:20s.  Time for last 1,000,000:    5s.  Last read position: chr4:139,623,325.  Last read name: SRR7624391.26614059
INFO	2024-07-04 00:57:40	CleanSam	Processed    16,000,000 records.  Elapsed time: 00:01:25s.  Time for last 1,000,000:    5s.  Last read position: chr16:8,807,612.  Last read name: SRR7624391.12088920
INFO	2024-07-04 00:57:45	CleanSam	Processed    17,000,000 records.  Elapsed time: 00:01:30s.  Time for last 1,000,000:    4s.  Last read position: chr6:115,617,309.  Last read name: SRR7624391.26849190
INFO	2024-07-04 00:57:50	CleanSam	Processed    18,000,000 records.  Elapsed time: 00:01:35s.  Time for last 1,000,000:    5s.  Last read position: chr2:115,722,407.  Last read name: SRR7624391.26319907
INFO	2024-07-04 00:57:55	CleanSam	Processed    19,000,000 records.  Elapsed time: 00:01:41s.  Time for last 1,000,000:    5s.  Last read position: chr17:61,801,901.  Last read name: SRR7624391.12240920
INFO	2024-07-04 00:58:00	CleanSam	Processed    20,000,000 records.  Elapsed time: 00:01:46s.  Time for last 1,000,000:    5s.  Last read position: chr1:119,354,954.  Last read name: SRR7624391.14219361
INFO	2024-07-04 00:58:06	CleanSam	Processed    21,000,000 records.  Elapsed time: 00:01:51s.  Time for last 1,000,000:    5s.  Last read position: chr9:79,002,403.  Last read name: SRR7624391.46983766
INFO	2024-07-04 00:58:11	CleanSam	Processed    22,000,000 records.  Elapsed time: 00:01:56s.  Time for last 1,000,000:    5s.  Last read position: chr8:3,621,600.  Last read name: SRR7624391.27008622
INFO	2024-07-04 00:58:16	CleanSam	Processed    23,000,000 records.  Elapsed time: 00:02:01s.  Time for last 1,000,000:    4s.  Last read position: chr2:157,458,429.  Last read name: SRR7624391.26359826
INFO	2024-07-04 00:58:21	CleanSam	Processed    24,000,000 records.  Elapsed time: 00:02:07s.  Time for last 1,000,000:    5s.  Last read position: chr13:51,649,024.  Last read name: SRR7624391.3627922
INFO	2024-07-04 00:58:26	CleanSam	Processed    25,000,000 records.  Elapsed time: 00:02:11s.  Time for last 1,000,000:    4s.  Last read position: chr1:57,613,250.  Last read name: SRR7624391.11301043
INFO	2024-07-04 00:58:31	CleanSam	Processed    26,000,000 records.  Elapsed time: 00:02:17s.  Time for last 1,000,000:    5s.  Last read position: chr15:102,998,457.  Last read name: SRR7624391.878698
INFO	2024-07-04 00:58:37	CleanSam	Processed    27,000,000 records.  Elapsed time: 00:02:22s.  Time for last 1,000,000:    5s.  Last read position: chr2:156,110,633.  Last read name: SRR7624391.4332339
INFO	2024-07-04 00:58:42	CleanSam	Processed    28,000,000 records.  Elapsed time: 00:02:27s.  Time for last 1,000,000:    4s.  Last read position: chr3:54,856,180.  Last read name: SRR7624391.35655352
INFO	2024-07-04 00:58:47	CleanSam	Processed    29,000,000 records.  Elapsed time: 00:02:32s.  Time for last 1,000,000:    4s.  Last read position: chr1:139,915,694.  Last read name: SRR7624391.30141078
INFO	2024-07-04 00:58:52	CleanSam	Processed    30,000,000 records.  Elapsed time: 00:02:37s.  Time for last 1,000,000:    5s.  Last read position: chr10:4,416,249.  Last read name: SRR7624391.27908870
INFO	2024-07-04 00:58:57	CleanSam	Processed    31,000,000 records.  Elapsed time: 00:02:43s.  Time for last 1,000,000:    5s.  Last read position: chr16:69,718,479.  Last read name: SRR7624391.23362864
INFO	2024-07-04 00:59:02	CleanSam	Processed    32,000,000 records.  Elapsed time: 00:02:48s.  Time for last 1,000,000:    5s.  Last read position: chr14:100,878,808.  Last read name: SRR7624391.3760042
INFO	2024-07-04 00:59:08	CleanSam	Processed    33,000,000 records.  Elapsed time: 00:02:53s.  Time for last 1,000,000:    5s.  Last read position: chr13:22,046,314.  Last read name: SRR7624391.3602919
INFO	2024-07-04 00:59:13	CleanSam	Processed    34,000,000 records.  Elapsed time: 00:02:58s.  Time for last 1,000,000:    5s.  Last read position: chr18:73,641,779.  Last read name: SRR7624391.28760007
INFO	2024-07-04 00:59:18	CleanSam	Processed    35,000,000 records.  Elapsed time: 00:03:04s.  Time for last 1,000,000:    5s.  Last read position: chrY:60,497,606.  Last read name: SRR7624391.33197110
INFO	2024-07-04 00:59:24	CleanSam	Processed    36,000,000 records.  Elapsed time: 00:03:09s.  Time for last 1,000,000:    5s.  Last read position: chr14:12,106,842.  Last read name: SRR7624391.33899270
INFO	2024-07-04 00:59:29	CleanSam	Processed    37,000,000 records.  Elapsed time: 00:03:14s.  Time for last 1,000,000:    5s.  Last read position: chr18:64,552,306.  Last read name: SRR7624391.28752471
INFO	2024-07-04 00:59:34	CleanSam	Processed    38,000,000 records.  Elapsed time: 00:03:19s.  Time for last 1,000,000:    5s.  Last read position: chr10:28,634,042.  Last read name: SRR7624391.202894
INFO	2024-07-04 00:59:39	CleanSam	Processed    39,000,000 records.  Elapsed time: 00:03:24s.  Time for last 1,000,000:    5s.  Last read position: chr2:144,329,192.  Last read name: SRR7624391.5722144
[Thu Jul 04 00:59:49 CEST 2024] picard.sam.CleanSam done. Elapsed time: 3.59 minutes.
Runtime.totalMemory()=571473920
00:59:52.065 INFO  NativeLibraryLoader - Loading libgkl_compression.so from jar:file:/home/robin/bin/miniconda3/share/picard-2.26.2-0/picard.jar!/com/intel/gkl/native/libgkl_compression.so
[Thu Jul 04 00:59:52 CEST 2024] SamFormatConverter --INPUT E14_6h_H3K27ac_ChIP_Yang2019_GSM3314703_cleaned.sam --OUTPUT E14_6h_H3K27ac_ChIP_Yang2019_GSM3314703_unsorted.bam --TMP_DIR . --VERBOSITY INFO --QUIET false --VALIDATION_STRINGENCY STRICT --COMPRESSION_LEVEL 5 --MAX_RECORDS_IN_RAM 500000 --CREATE_INDEX false --CREATE_MD5_FILE false --GA4GH_CLIENT_SECRETS client_secrets.json --help false --version false --showHidden false --USE_JDK_DEFLATER false --USE_JDK_INFLATER false
[Thu Jul 04 00:59:52 CEST 2024] Executing as robin@epipax.ijm.univ-paris-diderot.priv on Linux 6.1.0-21-amd64 amd64; OpenJDK 64-Bit Server VM 1.8.0_332-b09; Deflater: Intel; Inflater: Intel; Provider GCS is not available; Picard version: Version:2.26.2
INFO	2024-07-04 00:59:53	SamFormatConverter	Seen many non-increasing record positions. Printing Read-names as well.
INFO	2024-07-04 01:00:03	SamFormatConverter	Processed     1,000,000 records.  Elapsed time: 00:00:09s.  Time for last 1,000,000:    9s.  Last read position: chr2:154,884,823.  Last read name: SRR7624391.7029340
INFO	2024-07-04 01:00:12	SamFormatConverter	Processed     2,000,000 records.  Elapsed time: 00:00:19s.  Time for last 1,000,000:    9s.  Last read position: chr7:96,483,950.  Last read name: SRR7624391.40986314
INFO	2024-07-04 01:00:21	SamFormatConverter	Processed     3,000,000 records.  Elapsed time: 00:00:27s.  Time for last 1,000,000:    8s.  Last read position: chr3:133,580,027.  Last read name: SRR7624391.26483931
INFO	2024-07-04 01:00:30	SamFormatConverter	Processed     4,000,000 records.  Elapsed time: 00:00:37s.  Time for last 1,000,000:    9s.  Last read position: chr15:44,826,802.  Last read name: SRR7624391.23242012
INFO	2024-07-04 01:00:39	SamFormatConverter	Processed     5,000,000 records.  Elapsed time: 00:00:46s.  Time for last 1,000,000:    9s.  Last read position: chr4:107,398,248.  Last read name: SRR7624391.21318535
INFO	2024-07-04 01:00:48	SamFormatConverter	Processed     6,000,000 records.  Elapsed time: 00:00:55s.  Time for last 1,000,000:    8s.  Last read position: chr2:59,536,822.  Last read name: SRR7624391.1298945
INFO	2024-07-04 01:00:57	SamFormatConverter	Processed     7,000,000 records.  Elapsed time: 00:01:03s.  Time for last 1,000,000:    8s.  Last read position: chr3:50,881,512.  Last read name: SRR7624391.40367843
INFO	2024-07-04 01:01:06	SamFormatConverter	Processed     8,000,000 records.  Elapsed time: 00:01:12s.  Time for last 1,000,000:    9s.  Last read position: chr13:12,076,439.  Last read name: SRR7624391.45281918
INFO	2024-07-04 01:01:14	SamFormatConverter	Processed     9,000,000 records.  Elapsed time: 00:01:21s.  Time for last 1,000,000:    8s.  Last read position: chr9:65,082,285.  Last read name: SRR7624391.44090454
INFO	2024-07-04 01:01:24	SamFormatConverter	Processed    10,000,000 records.  Elapsed time: 00:01:31s.  Time for last 1,000,000:    9s.  Last read position: chr6:123,337,801.  Last read name: SRR7624391.43752277
INFO	2024-07-04 01:01:33	SamFormatConverter	Processed    11,000,000 records.  Elapsed time: 00:01:40s.  Time for last 1,000,000:    9s.  Last read position: chr9:115,404,204.  Last read name: SRR7624391.38336672
INFO	2024-07-04 01:01:42	SamFormatConverter	Processed    12,000,000 records.  Elapsed time: 00:01:49s.  Time for last 1,000,000:    8s.  Last read position: chr9:96,474,413.  Last read name: SRR7624391.2391793
INFO	2024-07-04 01:01:51	SamFormatConverter	Processed    13,000,000 records.  Elapsed time: 00:01:58s.  Time for last 1,000,000:    9s.  Last read position: chr15:73,091,181.  Last read name: SRR7624391.42670919
INFO	2024-07-04 01:02:00	SamFormatConverter	Processed    14,000,000 records.  Elapsed time: 00:02:07s.  Time for last 1,000,000:    8s.  Last read position: chr1:118,891,357.  Last read name: SRR7624391.39033466
INFO	2024-07-04 01:02:09	SamFormatConverter	Processed    15,000,000 records.  Elapsed time: 00:02:16s.  Time for last 1,000,000:    9s.  Last read position: chr4:139,623,325.  Last read name: SRR7624391.26614059
INFO	2024-07-04 01:02:18	SamFormatConverter	Processed    16,000,000 records.  Elapsed time: 00:02:25s.  Time for last 1,000,000:    8s.  Last read position: chr16:8,807,612.  Last read name: SRR7624391.12088920
INFO	2024-07-04 01:02:27	SamFormatConverter	Processed    17,000,000 records.  Elapsed time: 00:02:34s.  Time for last 1,000,000:    9s.  Last read position: chr6:115,617,309.  Last read name: SRR7624391.26849190
INFO	2024-07-04 01:02:36	SamFormatConverter	Processed    18,000,000 records.  Elapsed time: 00:02:43s.  Time for last 1,000,000:    9s.  Last read position: chr2:115,722,407.  Last read name: SRR7624391.26319907
INFO	2024-07-04 01:02:45	SamFormatConverter	Processed    19,000,000 records.  Elapsed time: 00:02:52s.  Time for last 1,000,000:    9s.  Last read position: chr17:61,801,901.  Last read name: SRR7624391.12240920
INFO	2024-07-04 01:02:54	SamFormatConverter	Processed    20,000,000 records.  Elapsed time: 00:03:01s.  Time for last 1,000,000:    8s.  Last read position: chr1:119,354,954.  Last read name: SRR7624391.14219361
INFO	2024-07-04 01:03:02	SamFormatConverter	Processed    21,000,000 records.  Elapsed time: 00:03:09s.  Time for last 1,000,000:    8s.  Last read position: chr9:79,002,403.  Last read name: SRR7624391.46983766
INFO	2024-07-04 01:03:10	SamFormatConverter	Processed    22,000,000 records.  Elapsed time: 00:03:17s.  Time for last 1,000,000:    8s.  Last read position: chr8:3,621,600.  Last read name: SRR7624391.27008622
INFO	2024-07-04 01:03:19	SamFormatConverter	Processed    23,000,000 records.  Elapsed time: 00:03:26s.  Time for last 1,000,000:    8s.  Last read position: chr2:157,458,429.  Last read name: SRR7624391.26359826
INFO	2024-07-04 01:03:27	SamFormatConverter	Processed    24,000,000 records.  Elapsed time: 00:03:34s.  Time for last 1,000,000:    8s.  Last read position: chr13:51,649,024.  Last read name: SRR7624391.3627922
INFO	2024-07-04 01:03:36	SamFormatConverter	Processed    25,000,000 records.  Elapsed time: 00:03:43s.  Time for last 1,000,000:    8s.  Last read position: chr1:57,613,250.  Last read name: SRR7624391.11301043
INFO	2024-07-04 01:03:45	SamFormatConverter	Processed    26,000,000 records.  Elapsed time: 00:03:52s.  Time for last 1,000,000:    8s.  Last read position: chr15:102,998,457.  Last read name: SRR7624391.878698
INFO	2024-07-04 01:03:53	SamFormatConverter	Processed    27,000,000 records.  Elapsed time: 00:04:00s.  Time for last 1,000,000:    8s.  Last read position: chr2:156,110,633.  Last read name: SRR7624391.4332339
INFO	2024-07-04 01:04:02	SamFormatConverter	Processed    28,000,000 records.  Elapsed time: 00:04:08s.  Time for last 1,000,000:    8s.  Last read position: chr3:54,856,180.  Last read name: SRR7624391.35655352
INFO	2024-07-04 01:04:10	SamFormatConverter	Processed    29,000,000 records.  Elapsed time: 00:04:17s.  Time for last 1,000,000:    8s.  Last read position: chr1:139,915,694.  Last read name: SRR7624391.30141078
INFO	2024-07-04 01:04:18	SamFormatConverter	Processed    30,000,000 records.  Elapsed time: 00:04:25s.  Time for last 1,000,000:    8s.  Last read position: chr10:4,416,249.  Last read name: SRR7624391.27908870
INFO	2024-07-04 01:04:27	SamFormatConverter	Processed    31,000,000 records.  Elapsed time: 00:04:34s.  Time for last 1,000,000:    8s.  Last read position: chr16:69,718,479.  Last read name: SRR7624391.23362864
INFO	2024-07-04 01:04:35	SamFormatConverter	Processed    32,000,000 records.  Elapsed time: 00:04:42s.  Time for last 1,000,000:    8s.  Last read position: chr14:100,878,808.  Last read name: SRR7624391.3760042
INFO	2024-07-04 01:04:44	SamFormatConverter	Processed    33,000,000 records.  Elapsed time: 00:04:51s.  Time for last 1,000,000:    8s.  Last read position: chr13:22,046,314.  Last read name: SRR7624391.3602919
INFO	2024-07-04 01:04:53	SamFormatConverter	Processed    34,000,000 records.  Elapsed time: 00:05:00s.  Time for last 1,000,000:    9s.  Last read position: chr18:73,641,779.  Last read name: SRR7624391.28760007
INFO	2024-07-04 01:05:03	SamFormatConverter	Processed    35,000,000 records.  Elapsed time: 00:05:10s.  Time for last 1,000,000:    9s.  Last read position: chrY:60,497,606.  Last read name: SRR7624391.33197110
INFO	2024-07-04 01:05:12	SamFormatConverter	Processed    36,000,000 records.  Elapsed time: 00:05:19s.  Time for last 1,000,000:    8s.  Last read position: chr14:12,106,842.  Last read name: SRR7624391.33899270
INFO	2024-07-04 01:05:21	SamFormatConverter	Processed    37,000,000 records.  Elapsed time: 00:05:28s.  Time for last 1,000,000:    9s.  Last read position: chr18:64,552,306.  Last read name: SRR7624391.28752471
INFO	2024-07-04 01:05:30	SamFormatConverter	Processed    38,000,000 records.  Elapsed time: 00:05:36s.  Time for last 1,000,000:    8s.  Last read position: chr10:28,634,042.  Last read name: SRR7624391.202894
INFO	2024-07-04 01:05:39	SamFormatConverter	Processed    39,000,000 records.  Elapsed time: 00:05:45s.  Time for last 1,000,000:    9s.  Last read position: chr2:144,329,192.  Last read name: SRR7624391.5722144
[Thu Jul 04 01:05:44 CEST 2024] picard.sam.SamFormatConverter done. Elapsed time: 5.87 minutes.
Runtime.totalMemory()=842530816
01:05:46.417 INFO  NativeLibraryLoader - Loading libgkl_compression.so from jar:file:/home/robin/bin/miniconda3/share/picard-2.26.2-0/picard.jar!/com/intel/gkl/native/libgkl_compression.so
[Thu Jul 04 01:05:46 CEST 2024] SortSam --INPUT E14_6h_H3K27ac_ChIP_Yang2019_GSM3314703_unsorted.bam --OUTPUT E14_6h_H3K27ac_ChIP_Yang2019_GSM3314703_sorted.bam --SORT_ORDER coordinate --TMP_DIR . --VERBOSITY INFO --QUIET false --VALIDATION_STRINGENCY STRICT --COMPRESSION_LEVEL 5 --MAX_RECORDS_IN_RAM 500000 --CREATE_INDEX false --CREATE_MD5_FILE false --GA4GH_CLIENT_SECRETS client_secrets.json --help false --version false --showHidden false --USE_JDK_DEFLATER false --USE_JDK_INFLATER false
[Thu Jul 04 01:05:46 CEST 2024] Executing as robin@epipax.ijm.univ-paris-diderot.priv on Linux 6.1.0-21-amd64 amd64; OpenJDK 64-Bit Server VM 1.8.0_332-b09; Deflater: Intel; Inflater: Intel; Provider GCS is not available; Picard version: Version:2.26.2
INFO	2024-07-04 01:05:46	SortSam	Seen many non-increasing record positions. Printing Read-names as well.
INFO	2024-07-04 01:06:56	SortSam	Read    10,000,000 records.  Elapsed time: 00:01:09s.  Time for last 10,000,000:   69s.  Last read position: chr6:123,337,801.  Last read name: SRR7624391.43752277
INFO	2024-07-04 01:07:57	SortSam	Read    20,000,000 records.  Elapsed time: 00:02:10s.  Time for last 10,000,000:   61s.  Last read position: chr1:119,354,954.  Last read name: SRR7624391.14219361
INFO	2024-07-04 01:08:55	SortSam	Read    30,000,000 records.  Elapsed time: 00:03:08s.  Time for last 10,000,000:   57s.  Last read position: chr10:4,416,249.  Last read name: SRR7624391.27908870
INFO	2024-07-04 01:09:54	SortSam	Finished reading inputs, merging and writing to output now.
INFO	2024-07-04 01:10:40	SortSam	Wrote    10,000,000 records from a sorting collection.  Elapsed time: 00:04:53s.  Time for last 10,000,000:   45s.  Last read position: chr4:145,209,392
INFO	2024-07-04 01:11:25	SortSam	Wrote    20,000,000 records from a sorting collection.  Elapsed time: 00:05:38s.  Time for last 10,000,000:   45s.  Last read position: chr9:58,284,648
INFO	2024-07-04 01:12:12	SortSam	Wrote    30,000,000 records from a sorting collection.  Elapsed time: 00:06:25s.  Time for last 10,000,000:   46s.  Last read position: chr14:61,682,202
[Thu Jul 04 01:12:55 CEST 2024] picard.sam.SortSam done. Elapsed time: 7.15 minutes.
Runtime.totalMemory()=1712848896
01:12:56.703 INFO  NativeLibraryLoader - Loading libgkl_compression.so from jar:file:/home/robin/bin/miniconda3/share/picard-2.26.2-0/picard.jar!/com/intel/gkl/native/libgkl_compression.so
[Thu Jul 04 01:12:56 CEST 2024] MarkDuplicates --INPUT E14_6h_H3K27ac_ChIP_Yang2019_GSM3314703_sorted.bam --OUTPUT E14_6h_H3K27ac_ChIP_Yang2019_GSM3314703.bam --METRICS_FILE E14_6h_H3K27ac_ChIP_Yang2019_GSM3314703_markDupeMetrics.txt --REMOVE_DUPLICATES false --TMP_DIR . --MAX_SEQUENCES_FOR_DISK_READ_ENDS_MAP 50000 --MAX_FILE_HANDLES_FOR_READ_ENDS_MAP 8000 --SORTING_COLLECTION_SIZE_RATIO 0.25 --TAG_DUPLICATE_SET_MEMBERS false --REMOVE_SEQUENCING_DUPLICATES false --TAGGING_POLICY DontTag --CLEAR_DT true --DUPLEX_UMI false --ADD_PG_TAG_TO_READS true --ASSUME_SORTED false --DUPLICATE_SCORING_STRATEGY SUM_OF_BASE_QUALITIES --PROGRAM_RECORD_ID MarkDuplicates --PROGRAM_GROUP_NAME MarkDuplicates --READ_NAME_REGEX <optimized capture of last three ':' separated fields as numeric values> --OPTICAL_DUPLICATE_PIXEL_DISTANCE 100 --MAX_OPTICAL_DUPLICATE_SET_SIZE 300000 --VERBOSITY INFO --QUIET false --VALIDATION_STRINGENCY STRICT --COMPRESSION_LEVEL 5 --MAX_RECORDS_IN_RAM 500000 --CREATE_INDEX false --CREATE_MD5_FILE false --GA4GH_CLIENT_SECRETS client_secrets.json --help false --version false --showHidden false --USE_JDK_DEFLATER false --USE_JDK_INFLATER false
[Thu Jul 04 01:12:56 CEST 2024] Executing as robin@epipax.ijm.univ-paris-diderot.priv on Linux 6.1.0-21-amd64 amd64; OpenJDK 64-Bit Server VM 1.8.0_332-b09; Deflater: Intel; Inflater: Intel; Provider GCS is not available; Picard version: Version:2.26.2
INFO	2024-07-04 01:12:56	MarkDuplicates	Start of doWork freeMemory: 501502352; totalMemory: 514850816; maxMemory: 1908932608
INFO	2024-07-04 01:12:56	MarkDuplicates	Reading input file and constructing read end information.
INFO	2024-07-04 01:12:56	MarkDuplicates	Will retain up to 6916422 data points before spilling to disk.
WARNING	2024-07-04 01:12:57	AbstractOpticalDuplicateFinderCommandLineProgram	A field field parsed out of a read name was expected to contain an integer and did not. Read name: SRR7624391.44543280. Cause: String 'SRR7624391.44543280' did not start with a parsable number.
INFO	2024-07-04 01:13:00	MarkDuplicates	Read     1,000,000 records.  Elapsed time: 00:00:03s.  Time for last 1,000,000:    3s.  Last read position: chr1:73,505,454
INFO	2024-07-04 01:13:00	MarkDuplicates	Tracking 0 as yet unmatched pairs. 0 records in RAM.
INFO	2024-07-04 01:13:04	MarkDuplicates	Read     2,000,000 records.  Elapsed time: 00:00:07s.  Time for last 1,000,000:    3s.  Last read position: chr1:144,660,659
INFO	2024-07-04 01:13:04	MarkDuplicates	Tracking 0 as yet unmatched pairs. 0 records in RAM.
INFO	2024-07-04 01:13:07	MarkDuplicates	Read     3,000,000 records.  Elapsed time: 00:00:10s.  Time for last 1,000,000:    3s.  Last read position: chr2:20,929,869
INFO	2024-07-04 01:13:07	MarkDuplicates	Tracking 0 as yet unmatched pairs. 0 records in RAM.
INFO	2024-07-04 01:13:11	MarkDuplicates	Read     4,000,000 records.  Elapsed time: 00:00:14s.  Time for last 1,000,000:    3s.  Last read position: chr2:86,193,076
INFO	2024-07-04 01:13:11	MarkDuplicates	Tracking 0 as yet unmatched pairs. 0 records in RAM.
INFO	2024-07-04 01:13:15	MarkDuplicates	Read     5,000,000 records.  Elapsed time: 00:00:18s.  Time for last 1,000,000:    4s.  Last read position: chr2:152,687,176
INFO	2024-07-04 01:13:15	MarkDuplicates	Tracking 0 as yet unmatched pairs. 0 records in RAM.
INFO	2024-07-04 01:13:19	MarkDuplicates	Read     6,000,000 records.  Elapsed time: 00:00:21s.  Time for last 1,000,000:    3s.  Last read position: chr3:25,622,364
INFO	2024-07-04 01:13:19	MarkDuplicates	Tracking 0 as yet unmatched pairs. 0 records in RAM.
INFO	2024-07-04 01:13:26	MarkDuplicates	Read     7,000,000 records.  Elapsed time: 00:00:29s.  Time for last 1,000,000:    7s.  Last read position: chr3:96,568,254
INFO	2024-07-04 01:13:26	MarkDuplicates	Tracking 0 as yet unmatched pairs. 0 records in RAM.
INFO	2024-07-04 01:13:30	MarkDuplicates	Read     8,000,000 records.  Elapsed time: 00:00:32s.  Time for last 1,000,000:    3s.  Last read position: chr4:18,275,724
INFO	2024-07-04 01:13:30	MarkDuplicates	Tracking 0 as yet unmatched pairs. 0 records in RAM.
INFO	2024-07-04 01:13:33	MarkDuplicates	Read     9,000,000 records.  Elapsed time: 00:00:36s.  Time for last 1,000,000:    3s.  Last read position: chr4:100,768,755
INFO	2024-07-04 01:13:33	MarkDuplicates	Tracking 0 as yet unmatched pairs. 0 records in RAM.
INFO	2024-07-04 01:13:36	MarkDuplicates	Read    10,000,000 records.  Elapsed time: 00:00:39s.  Time for last 1,000,000:    3s.  Last read position: chr4:145,209,392
INFO	2024-07-04 01:13:36	MarkDuplicates	Tracking 0 as yet unmatched pairs. 0 records in RAM.
INFO	2024-07-04 01:13:40	MarkDuplicates	Read    11,000,000 records.  Elapsed time: 00:00:42s.  Time for last 1,000,000:    3s.  Last read position: chr5:43,857,339
INFO	2024-07-04 01:13:40	MarkDuplicates	Tracking 0 as yet unmatched pairs. 0 records in RAM.
INFO	2024-07-04 01:13:46	MarkDuplicates	Read    12,000,000 records.  Elapsed time: 00:00:48s.  Time for last 1,000,000:    5s.  Last read position: chr5:118,437,754
INFO	2024-07-04 01:13:46	MarkDuplicates	Tracking 0 as yet unmatched pairs. 0 records in RAM.
INFO	2024-07-04 01:13:49	MarkDuplicates	Read    13,000,000 records.  Elapsed time: 00:00:52s.  Time for last 1,000,000:    3s.  Last read position: chr6:30,118,150
INFO	2024-07-04 01:13:49	MarkDuplicates	Tracking 0 as yet unmatched pairs. 0 records in RAM.
INFO	2024-07-04 01:13:54	MarkDuplicates	Read    14,000,000 records.  Elapsed time: 00:00:57s.  Time for last 1,000,000:    5s.  Last read position: chr6:93,828,659
INFO	2024-07-04 01:13:54	MarkDuplicates	Tracking 0 as yet unmatched pairs. 0 records in RAM.
INFO	2024-07-04 01:13:58	MarkDuplicates	Read    15,000,000 records.  Elapsed time: 00:01:00s.  Time for last 1,000,000:    3s.  Last read position: chr7:7,125,968
INFO	2024-07-04 01:13:58	MarkDuplicates	Tracking 0 as yet unmatched pairs. 0 records in RAM.
INFO	2024-07-04 01:14:01	MarkDuplicates	Read    16,000,000 records.  Elapsed time: 00:01:04s.  Time for last 1,000,000:    3s.  Last read position: chr7:73,949,052
INFO	2024-07-04 01:14:01	MarkDuplicates	Tracking 0 as yet unmatched pairs. 0 records in RAM.
INFO	2024-07-04 01:14:04	MarkDuplicates	Read    17,000,000 records.  Elapsed time: 00:01:07s.  Time for last 1,000,000:    3s.  Last read position: chr7:136,663,272
INFO	2024-07-04 01:14:04	MarkDuplicates	Tracking 0 as yet unmatched pairs. 0 records in RAM.
INFO	2024-07-04 01:14:08	MarkDuplicates	Read    18,000,000 records.  Elapsed time: 00:01:11s.  Time for last 1,000,000:    3s.  Last read position: chr8:68,907,156
INFO	2024-07-04 01:14:08	MarkDuplicates	Tracking 0 as yet unmatched pairs. 0 records in RAM.
INFO	2024-07-04 01:14:13	MarkDuplicates	Read    19,000,000 records.  Elapsed time: 00:01:16s.  Time for last 1,000,000:    5s.  Last read position: chr8:126,852,791
INFO	2024-07-04 01:14:13	MarkDuplicates	Tracking 0 as yet unmatched pairs. 0 records in RAM.
INFO	2024-07-04 01:14:16	MarkDuplicates	Read    20,000,000 records.  Elapsed time: 00:01:19s.  Time for last 1,000,000:    3s.  Last read position: chr9:58,284,648
INFO	2024-07-04 01:14:16	MarkDuplicates	Tracking 0 as yet unmatched pairs. 0 records in RAM.
INFO	2024-07-04 01:14:22	MarkDuplicates	Read    21,000,000 records.  Elapsed time: 00:01:25s.  Time for last 1,000,000:    5s.  Last read position: chr9:116,300,519
INFO	2024-07-04 01:14:22	MarkDuplicates	Tracking 0 as yet unmatched pairs. 0 records in RAM.
INFO	2024-07-04 01:14:25	MarkDuplicates	Read    22,000,000 records.  Elapsed time: 00:01:28s.  Time for last 1,000,000:    3s.  Last read position: chr10:61,750,117
INFO	2024-07-04 01:14:25	MarkDuplicates	Tracking 0 as yet unmatched pairs. 0 records in RAM.
INFO	2024-07-04 01:14:28	MarkDuplicates	Read    23,000,000 records.  Elapsed time: 00:01:31s.  Time for last 1,000,000:    3s.  Last read position: chr10:128,091,656
INFO	2024-07-04 01:14:28	MarkDuplicates	Tracking 0 as yet unmatched pairs. 0 records in RAM.
INFO	2024-07-04 01:14:32	MarkDuplicates	Read    24,000,000 records.  Elapsed time: 00:01:35s.  Time for last 1,000,000:    3s.  Last read position: chr11:53,799,636
INFO	2024-07-04 01:14:32	MarkDuplicates	Tracking 0 as yet unmatched pairs. 0 records in RAM.
INFO	2024-07-04 01:14:35	MarkDuplicates	Read    25,000,000 records.  Elapsed time: 00:01:38s.  Time for last 1,000,000:    3s.  Last read position: chr11:98,162,838
INFO	2024-07-04 01:14:35	MarkDuplicates	Tracking 0 as yet unmatched pairs. 0 records in RAM.
INFO	2024-07-04 01:14:41	MarkDuplicates	Read    26,000,000 records.  Elapsed time: 00:01:44s.  Time for last 1,000,000:    6s.  Last read position: chr12:30,293,077
INFO	2024-07-04 01:14:41	MarkDuplicates	Tracking 0 as yet unmatched pairs. 0 records in RAM.
INFO	2024-07-04 01:14:45	MarkDuplicates	Read    27,000,000 records.  Elapsed time: 00:01:48s.  Time for last 1,000,000:    3s.  Last read position: chr12:105,931,660
INFO	2024-07-04 01:14:45	MarkDuplicates	Tracking 0 as yet unmatched pairs. 0 records in RAM.
INFO	2024-07-04 01:14:50	MarkDuplicates	Read    28,000,000 records.  Elapsed time: 00:01:53s.  Time for last 1,000,000:    5s.  Last read position: chr13:55,509,910
INFO	2024-07-04 01:14:50	MarkDuplicates	Tracking 0 as yet unmatched pairs. 0 records in RAM.
INFO	2024-07-04 01:14:54	MarkDuplicates	Read    29,000,000 records.  Elapsed time: 00:01:56s.  Time for last 1,000,000:    3s.  Last read position: chr14:4,620,490
INFO	2024-07-04 01:14:54	MarkDuplicates	Tracking 0 as yet unmatched pairs. 0 records in RAM.
INFO	2024-07-04 01:14:57	MarkDuplicates	Read    30,000,000 records.  Elapsed time: 00:02:00s.  Time for last 1,000,000:    3s.  Last read position: chr14:61,682,202
INFO	2024-07-04 01:14:57	MarkDuplicates	Tracking 0 as yet unmatched pairs. 0 records in RAM.
INFO	2024-07-04 01:15:00	MarkDuplicates	Read    31,000,000 records.  Elapsed time: 00:02:03s.  Time for last 1,000,000:    3s.  Last read position: chr15:25,773,380
INFO	2024-07-04 01:15:00	MarkDuplicates	Tracking 0 as yet unmatched pairs. 0 records in RAM.
INFO	2024-07-04 01:15:03	MarkDuplicates	Read    32,000,000 records.  Elapsed time: 00:02:06s.  Time for last 1,000,000:    3s.  Last read position: chr15:91,654,115
INFO	2024-07-04 01:15:03	MarkDuplicates	Tracking 0 as yet unmatched pairs. 0 records in RAM.
INFO	2024-07-04 01:15:07	MarkDuplicates	Read    33,000,000 records.  Elapsed time: 00:02:09s.  Time for last 1,000,000:    3s.  Last read position: chr16:33,803,034
INFO	2024-07-04 01:15:07	MarkDuplicates	Tracking 0 as yet unmatched pairs. 0 records in RAM.
INFO	2024-07-04 01:15:10	MarkDuplicates	Read    34,000,000 records.  Elapsed time: 00:02:13s.  Time for last 1,000,000:    3s.  Last read position: chr17:17,736,426
INFO	2024-07-04 01:15:10	MarkDuplicates	Tracking 0 as yet unmatched pairs. 0 records in RAM.
INFO	2024-07-04 01:15:20	MarkDuplicates	Read    35,000,000 records.  Elapsed time: 00:02:23s.  Time for last 1,000,000:    9s.  Last read position: chr17:67,802,106
INFO	2024-07-04 01:15:20	MarkDuplicates	Tracking 0 as yet unmatched pairs. 0 records in RAM.
INFO	2024-07-04 01:15:23	MarkDuplicates	Read    36,000,000 records.  Elapsed time: 00:02:26s.  Time for last 1,000,000:    3s.  Last read position: chr18:36,730,392
INFO	2024-07-04 01:15:23	MarkDuplicates	Tracking 0 as yet unmatched pairs. 0 records in RAM.
INFO	2024-07-04 01:15:27	MarkDuplicates	Read    37,000,000 records.  Elapsed time: 00:02:30s.  Time for last 1,000,000:    3s.  Last read position: chr19:11,812,723
INFO	2024-07-04 01:15:27	MarkDuplicates	Tracking 0 as yet unmatched pairs. 0 records in RAM.
INFO	2024-07-04 01:15:30	MarkDuplicates	Read    38,000,000 records.  Elapsed time: 00:02:33s.  Time for last 1,000,000:    3s.  Last read position: chrX:36,804,931
INFO	2024-07-04 01:15:30	MarkDuplicates	Tracking 0 as yet unmatched pairs. 0 records in RAM.
INFO	2024-07-04 01:15:34	MarkDuplicates	Read    39,000,000 records.  Elapsed time: 00:02:37s.  Time for last 1,000,000:    3s.  Last read position: chrY:76,717,817
INFO	2024-07-04 01:15:34	MarkDuplicates	Tracking 0 as yet unmatched pairs. 0 records in RAM.
INFO	2024-07-04 01:15:35	MarkDuplicates	Read 39201607 records. 0 pairs never matched.
INFO	2024-07-04 01:15:36	MarkDuplicates	After buildSortedReadEndLists freeMemory: 1883601384; totalMemory: 1928331264; maxMemory: 1928331264
INFO	2024-07-04 01:15:36	MarkDuplicates	Will retain up to 60260352 duplicate indices before spilling to disk.
INFO	2024-07-04 01:15:36	MarkDuplicates	Traversing read pair information and detecting duplicates.
INFO	2024-07-04 01:15:36	MarkDuplicates	Traversing fragment information and detecting duplicates.
INFO	2024-07-04 01:15:47	MarkDuplicates	Sorting list of duplicate records.
INFO	2024-07-04 01:15:47	MarkDuplicates	After generateDuplicateIndexes freeMemory: 1413493488; totalMemory: 1912602624; maxMemory: 1912602624
INFO	2024-07-04 01:15:47	MarkDuplicates	Marking 353984 records as duplicates.
INFO	2024-07-04 01:15:47	MarkDuplicates	Found 0 optical duplicate clusters.
INFO	2024-07-04 01:15:47	MarkDuplicates	Reads are assumed to be ordered by: coordinate
INFO	2024-07-04 01:16:55	MarkDuplicates	Written    10,000,000 records.  Elapsed time: 00:01:07s.  Time for last 10,000,000:   67s.  Last read position: chr4:145,209,392
INFO	2024-07-04 01:18:02	MarkDuplicates	Written    20,000,000 records.  Elapsed time: 00:02:14s.  Time for last 10,000,000:   66s.  Last read position: chr9:58,284,648
INFO	2024-07-04 01:19:08	MarkDuplicates	Written    30,000,000 records.  Elapsed time: 00:03:20s.  Time for last 10,000,000:   66s.  Last read position: chr14:61,682,202
INFO	2024-07-04 01:20:13	MarkDuplicates	Writing complete. Closing input iterator.
INFO	2024-07-04 01:20:13	MarkDuplicates	Duplicate Index cleanup.
INFO	2024-07-04 01:20:13	MarkDuplicates	Getting Memory Stats.
INFO	2024-07-04 01:20:13	MarkDuplicates	Before output close freeMemory: 1954131528; totalMemory: 1972895744; maxMemory: 1972895744
INFO	2024-07-04 01:20:17	MarkDuplicates	Closed outputs. Getting more Memory Stats.
INFO	2024-07-04 01:20:17	MarkDuplicates	After output close freeMemory: 1954131528; totalMemory: 1972895744; maxMemory: 1972895744
[Thu Jul 04 01:20:18 CEST 2024] picard.sam.markduplicates.MarkDuplicates done. Elapsed time: 7.36 minutes.
Runtime.totalMemory()=1972895744
[sam grooming] finished successfully at [Thu Jul 4 01:20:29 AM CEST 2024]
[trueStats] Collecting alignment statistics for E14_6h_H3K27ac_ChIP_Yang2019_GSM3314703.bam at [Thu Jul 4 01:21:27 AM CEST 2024]
[bamToWigCPMsmoothKeepDup] Started with bin size: 1 and smoothing over 0 bp and KEEPING DUPLICATES at [Thu Jul 4 01:25:52 AM CEST 2024]
There are 37937948 alignments, of which 319098 are completely within a blacklist region.
Due to filtering, 91.39307769781611% of the aforementioned alignments will be used 34381024.809524894
[bamToWigCPMsmoothKeepDup] finished successfully at [Thu Jul 4 01:48:24 AM CEST 2024]
[file cleanup] started. Good job! at [Thu Jul 4 01:48:24 AM CEST 2024]
cp: cannot stat '*.pdf': No such file or directory
mv: cannot stat '*.bed': No such file or directory
mv: preserving times for '/data/bigWigs/E14_6h_H3K27ac_ChIP_Yang2019_GSM3314703_trimV5_mm10_kpDup_q10_b1_s0_CPM.bw': Operation not permitted
mv: preserving permissions for ‘/data/bigWigs/E14_6h_H3K27ac_ChIP_Yang2019_GSM3314703_trimV5_mm10_kpDup_q10_b1_s0_CPM.bw’: Operation not permitted
mv: preserving times for '/data/bams/E14_6h_H3K27ac_ChIP_Yang2019_GSM3314703_trimV5_mm10.bam': Operation not permitted
mv: preserving permissions for ‘/data/bams/E14_6h_H3K27ac_ChIP_Yang2019_GSM3314703_trimV5_mm10.bam’: Operation not permitted
mv: preserving times for '/data/bams/E14_6h_H3K27ac_ChIP_Yang2019_GSM3314703_trimV5_mm10.bam.bai': Operation not permitted
mv: preserving permissions for ‘/data/bams/E14_6h_H3K27ac_ChIP_Yang2019_GSM3314703_trimV5_mm10.bam.bai’: Operation not permitted
mv: cannot stat '*.gtf': No such file or directory
