SCRATCH: /scratch
ls: cannot access '/data/fastq/Klughammer2023/Lemur_liver_primate_RRBS_Klughammer2023_GSM5854213*_R2.fastq.gz': No such file or directory
[masterDownload] Data are single-end. at [Sun Nov 17 06:47:10 PM CET 2024]
[checkDependencies] Checking Dependencies [Sun Nov 17 06:47:10 PM CET 2024] at [Sun Nov 17 06:47:10 PM CET 2024]
[setup checkDependencies] /home/robin/edirect/esearch... at [Sun Nov 17 06:47:10 PM CET 2024]
[setup checkDependencies] /home/robin/edirect/efetch... at [Sun Nov 17 06:47:10 PM CET 2024]
[setup checkDependencies] trimmomatic... at [Sun Nov 17 06:47:10 PM CET 2024]
[setup checkDependencies] STAR... at [Sun Nov 17 06:47:10 PM CET 2024]
[setup checkDependencies] bismark... at [Sun Nov 17 06:47:10 PM CET 2024]
[setup checkDependencies] bowtie2... at [Sun Nov 17 06:47:10 PM CET 2024]
[setup checkDependencies] samtools... at [Sun Nov 17 06:47:10 PM CET 2024]
[setup checkDependencies] picard... at [Sun Nov 17 06:47:10 PM CET 2024]
[setup checkDependencies] awk... at [Sun Nov 17 06:47:10 PM CET 2024]
[setup checkDependencies] bamCoverage... at [Sun Nov 17 06:47:10 PM CET 2024]
[setup checkDependencies] fastqc... at [Sun Nov 17 06:47:10 PM CET 2024]
[setup checkDependencies] fastq_screen... at [Sun Nov 17 06:47:10 PM CET 2024]
[setup checkDependencies] stringtie... at [Sun Nov 17 06:47:10 PM CET 2024]
[setup checkDependencies] clumpify.sh... at [Sun Nov 17 06:47:10 PM CET 2024]
PAIRED: false
[setUpLogFile] Script started at [Sun Nov 17 06:47:10 PM CET 2024] at [Sun Nov 17 06:47:10 PM CET 2024]
[trimReads] Started using version trimV1 parameters at [Sun Nov 17 06:47:10 PM CET 2024]
ILLUMINACLIP:/data/reference_genomes/adapters/adapters.fa:2:30:10 SLIDINGWINDOW:4:20 MINLEN:36
[trimReads] Trimming Lemur_liver_primate_RRBS_Klughammer2023_GSM5854213.fastq.gz... at [Sun Nov 17 06:47:10 PM CET 2024]
cat: Lemur_liver_primate_RRBS_Klughammer2023_GSM5854213_trimSummary.txt: No such file or directory
[trimReads] Finished successfully at [Sun Nov 17 06:47:10 PM CET 2024]
[fastQC] started on Lemur_liver_primate_RRBS_Klughammer2023_GSM5854213.fastq.gz at [Sun Nov 17 06:47:10 PM CET 2024]
Started analysis of Lemur_liver_primate_RRBS_Klughammer2023_GSM5854213.fastq.gz
Approx 5% complete for Lemur_liver_primate_RRBS_Klughammer2023_GSM5854213.fastq.gz
Approx 10% complete for Lemur_liver_primate_RRBS_Klughammer2023_GSM5854213.fastq.gz
Approx 15% complete for Lemur_liver_primate_RRBS_Klughammer2023_GSM5854213.fastq.gz
Approx 20% complete for Lemur_liver_primate_RRBS_Klughammer2023_GSM5854213.fastq.gz
Approx 25% complete for Lemur_liver_primate_RRBS_Klughammer2023_GSM5854213.fastq.gz
Approx 30% complete for Lemur_liver_primate_RRBS_Klughammer2023_GSM5854213.fastq.gz
Approx 35% complete for Lemur_liver_primate_RRBS_Klughammer2023_GSM5854213.fastq.gz
Approx 40% complete for Lemur_liver_primate_RRBS_Klughammer2023_GSM5854213.fastq.gz
Approx 45% complete for Lemur_liver_primate_RRBS_Klughammer2023_GSM5854213.fastq.gz
Approx 50% complete for Lemur_liver_primate_RRBS_Klughammer2023_GSM5854213.fastq.gz
Approx 55% complete for Lemur_liver_primate_RRBS_Klughammer2023_GSM5854213.fastq.gz
Approx 60% complete for Lemur_liver_primate_RRBS_Klughammer2023_GSM5854213.fastq.gz
Approx 65% complete for Lemur_liver_primate_RRBS_Klughammer2023_GSM5854213.fastq.gz
Approx 70% complete for Lemur_liver_primate_RRBS_Klughammer2023_GSM5854213.fastq.gz
Approx 75% complete for Lemur_liver_primate_RRBS_Klughammer2023_GSM5854213.fastq.gz
Approx 80% complete for Lemur_liver_primate_RRBS_Klughammer2023_GSM5854213.fastq.gz
Approx 85% complete for Lemur_liver_primate_RRBS_Klughammer2023_GSM5854213.fastq.gz
slurmstepd-epipax: error: *** JOB 8004 ON epipax CANCELLED AT 2024-11-17T18:47:49 ***
