SCRATCH: /scratch
ls: cannot access '/data/fastq/E14_24h_H3K27ac_ChIP_Yang2019_GSM3314705*_R2.fastq.gz': No such file or directory
[masterDownload] Data are single-end. at [Wed Jul 3 08:25:17 PM CEST 2024]
[checkDependencies] Checking Dependencies [Wed Jul 3 08:25:17 PM CEST 2024] at [Wed Jul 3 08:25:17 PM CEST 2024]
[setup checkDependencies] trimmomatic... at [Wed Jul 3 08:25:17 PM CEST 2024]
[setup checkDependencies] STAR... at [Wed Jul 3 08:25:17 PM CEST 2024]
[setup checkDependencies] bismark... at [Wed Jul 3 08:25:17 PM CEST 2024]
[setup checkDependencies] bowtie2... at [Wed Jul 3 08:25:17 PM CEST 2024]
[setup checkDependencies] samtools... at [Wed Jul 3 08:25:17 PM CEST 2024]
[setup checkDependencies] picard... at [Wed Jul 3 08:25:17 PM CEST 2024]
[setup checkDependencies] awk... at [Wed Jul 3 08:25:17 PM CEST 2024]
[setup checkDependencies] bamCoverage... at [Wed Jul 3 08:25:17 PM CEST 2024]
[setup checkDependencies] fastqc... at [Wed Jul 3 08:25:17 PM CEST 2024]
[setup checkDependencies] fastq_screen... at [Wed Jul 3 08:25:17 PM CEST 2024]
[setup checkDependencies] stringtie... at [Wed Jul 3 08:25:17 PM CEST 2024]
[setup checkDependencies] clumpify.sh... at [Wed Jul 3 08:25:17 PM CEST 2024]
PAIRED: false
[setUpLogFile] Script started at [Wed Jul 3 08:25:17 PM CEST 2024] at [Wed Jul 3 08:25:17 PM CEST 2024]
[fastQC] started on raw FASTQs at [Wed Jul 3 08:25:17 PM CEST 2024]
Started analysis of E14_24h_H3K27ac_ChIP_Yang2019_GSM3314705_raw.fastq.gz
Approx 5% complete for E14_24h_H3K27ac_ChIP_Yang2019_GSM3314705_raw.fastq.gz
Approx 10% complete for E14_24h_H3K27ac_ChIP_Yang2019_GSM3314705_raw.fastq.gz
Approx 15% complete for E14_24h_H3K27ac_ChIP_Yang2019_GSM3314705_raw.fastq.gz
Approx 20% complete for E14_24h_H3K27ac_ChIP_Yang2019_GSM3314705_raw.fastq.gz
Approx 25% complete for E14_24h_H3K27ac_ChIP_Yang2019_GSM3314705_raw.fastq.gz
Approx 30% complete for E14_24h_H3K27ac_ChIP_Yang2019_GSM3314705_raw.fastq.gz
Approx 35% complete for E14_24h_H3K27ac_ChIP_Yang2019_GSM3314705_raw.fastq.gz
Approx 40% complete for E14_24h_H3K27ac_ChIP_Yang2019_GSM3314705_raw.fastq.gz
Approx 45% complete for E14_24h_H3K27ac_ChIP_Yang2019_GSM3314705_raw.fastq.gz
Approx 50% complete for E14_24h_H3K27ac_ChIP_Yang2019_GSM3314705_raw.fastq.gz
Approx 55% complete for E14_24h_H3K27ac_ChIP_Yang2019_GSM3314705_raw.fastq.gz
Approx 60% complete for E14_24h_H3K27ac_ChIP_Yang2019_GSM3314705_raw.fastq.gz
Approx 65% complete for E14_24h_H3K27ac_ChIP_Yang2019_GSM3314705_raw.fastq.gz
Approx 70% complete for E14_24h_H3K27ac_ChIP_Yang2019_GSM3314705_raw.fastq.gz
Approx 75% complete for E14_24h_H3K27ac_ChIP_Yang2019_GSM3314705_raw.fastq.gz
Approx 80% complete for E14_24h_H3K27ac_ChIP_Yang2019_GSM3314705_raw.fastq.gz
Approx 85% complete for E14_24h_H3K27ac_ChIP_Yang2019_GSM3314705_raw.fastq.gz
Approx 90% complete for E14_24h_H3K27ac_ChIP_Yang2019_GSM3314705_raw.fastq.gz
Approx 95% complete for E14_24h_H3K27ac_ChIP_Yang2019_GSM3314705_raw.fastq.gz
Analysis complete for E14_24h_H3K27ac_ChIP_Yang2019_GSM3314705_raw.fastq.gz
[fastQC] on raw FASTQs finished succesfully. Will remove PCR duplicates now at [Wed Jul 3 08:28:38 PM CEST 2024]
Reads are length: 52 at [Wed Jul 3 08:28:39 PM CEST 2024]
Reads with same sequence 1 or fewer substitutions will be marked as PCR duplicates at [Wed Jul 3 08:28:39 PM CEST 2024]
Removal of PCR duplicates complete! at [Wed Jul 3 08:49:42 PM CEST 2024]
[trimReads] Started using version trimV5 parameters at [Wed Jul 3 08:49:42 PM CEST 2024]
ILLUMINACLIP:/data/reference_genomes/adapters/adapters.fa:2:30:10 SLIDINGWINDOW:4:20 MINLEN:24
[trimReads] Trimming E14_24h_H3K27ac_ChIP_Yang2019_GSM3314705.fastq.gz... at [Wed Jul 3 08:49:42 PM CEST 2024]
[trimReads] Finished successfully at [Wed Jul 3 08:59:15 PM CEST 2024]
[fastQC] started on E14_24h_H3K27ac_ChIP_Yang2019_GSM3314705.fastq.gz E14_24h_H3K27ac_ChIP_Yang2019_GSM3314705_trimV5.fastq.gz at [Wed Jul 3 08:59:15 PM CEST 2024]
Started analysis of E14_24h_H3K27ac_ChIP_Yang2019_GSM3314705.fastq.gz
Started analysis of E14_24h_H3K27ac_ChIP_Yang2019_GSM3314705_trimV5.fastq.gz
Approx 5% complete for E14_24h_H3K27ac_ChIP_Yang2019_GSM3314705.fastq.gz
Approx 5% complete for E14_24h_H3K27ac_ChIP_Yang2019_GSM3314705_trimV5.fastq.gz
Approx 10% complete for E14_24h_H3K27ac_ChIP_Yang2019_GSM3314705_trimV5.fastq.gz
Approx 10% complete for E14_24h_H3K27ac_ChIP_Yang2019_GSM3314705.fastq.gz
Approx 15% complete for E14_24h_H3K27ac_ChIP_Yang2019_GSM3314705.fastq.gz
Approx 15% complete for E14_24h_H3K27ac_ChIP_Yang2019_GSM3314705_trimV5.fastq.gz
Approx 20% complete for E14_24h_H3K27ac_ChIP_Yang2019_GSM3314705.fastq.gz
Approx 20% complete for E14_24h_H3K27ac_ChIP_Yang2019_GSM3314705_trimV5.fastq.gz
Approx 25% complete for E14_24h_H3K27ac_ChIP_Yang2019_GSM3314705_trimV5.fastq.gz
Approx 25% complete for E14_24h_H3K27ac_ChIP_Yang2019_GSM3314705.fastq.gz
Approx 30% complete for E14_24h_H3K27ac_ChIP_Yang2019_GSM3314705_trimV5.fastq.gz
Approx 30% complete for E14_24h_H3K27ac_ChIP_Yang2019_GSM3314705.fastq.gz
Approx 35% complete for E14_24h_H3K27ac_ChIP_Yang2019_GSM3314705.fastq.gz
Approx 35% complete for E14_24h_H3K27ac_ChIP_Yang2019_GSM3314705_trimV5.fastq.gz
Approx 40% complete for E14_24h_H3K27ac_ChIP_Yang2019_GSM3314705.fastq.gz
Approx 40% complete for E14_24h_H3K27ac_ChIP_Yang2019_GSM3314705_trimV5.fastq.gz
Approx 45% complete for E14_24h_H3K27ac_ChIP_Yang2019_GSM3314705.fastq.gz
Approx 45% complete for E14_24h_H3K27ac_ChIP_Yang2019_GSM3314705_trimV5.fastq.gz
Approx 50% complete for E14_24h_H3K27ac_ChIP_Yang2019_GSM3314705.fastq.gz
Approx 50% complete for E14_24h_H3K27ac_ChIP_Yang2019_GSM3314705_trimV5.fastq.gz
Approx 55% complete for E14_24h_H3K27ac_ChIP_Yang2019_GSM3314705.fastq.gz
Approx 55% complete for E14_24h_H3K27ac_ChIP_Yang2019_GSM3314705_trimV5.fastq.gz
Approx 60% complete for E14_24h_H3K27ac_ChIP_Yang2019_GSM3314705.fastq.gz
Approx 60% complete for E14_24h_H3K27ac_ChIP_Yang2019_GSM3314705_trimV5.fastq.gz
Approx 65% complete for E14_24h_H3K27ac_ChIP_Yang2019_GSM3314705.fastq.gz
Approx 65% complete for E14_24h_H3K27ac_ChIP_Yang2019_GSM3314705_trimV5.fastq.gz
Approx 70% complete for E14_24h_H3K27ac_ChIP_Yang2019_GSM3314705.fastq.gz
Approx 70% complete for E14_24h_H3K27ac_ChIP_Yang2019_GSM3314705_trimV5.fastq.gz
Approx 75% complete for E14_24h_H3K27ac_ChIP_Yang2019_GSM3314705.fastq.gz
Approx 75% complete for E14_24h_H3K27ac_ChIP_Yang2019_GSM3314705_trimV5.fastq.gz
Approx 80% complete for E14_24h_H3K27ac_ChIP_Yang2019_GSM3314705.fastq.gz
Approx 80% complete for E14_24h_H3K27ac_ChIP_Yang2019_GSM3314705_trimV5.fastq.gz
Approx 85% complete for E14_24h_H3K27ac_ChIP_Yang2019_GSM3314705.fastq.gz
Approx 85% complete for E14_24h_H3K27ac_ChIP_Yang2019_GSM3314705_trimV5.fastq.gz
Approx 90% complete for E14_24h_H3K27ac_ChIP_Yang2019_GSM3314705.fastq.gz
Approx 90% complete for E14_24h_H3K27ac_ChIP_Yang2019_GSM3314705_trimV5.fastq.gz
Approx 95% complete for E14_24h_H3K27ac_ChIP_Yang2019_GSM3314705.fastq.gz
Approx 95% complete for E14_24h_H3K27ac_ChIP_Yang2019_GSM3314705_trimV5.fastq.gz
Analysis complete for E14_24h_H3K27ac_ChIP_Yang2019_GSM3314705.fastq.gz
Analysis complete for E14_24h_H3K27ac_ChIP_Yang2019_GSM3314705_trimV5.fastq.gz
[fastQC] finished succesfully at [Wed Jul 3 09:02:28 PM CEST 2024]
[bowtie2 alignment] started with reference /data/reference_genomes/mm10/mm10 at [Wed Jul 3 09:02:28 PM CEST 2024]
[alignment] Bowtie2 alignment finished successfully at [Wed Jul 3 09:27:20 PM CEST 2024]
[sam grooming] started at [Wed Jul 3 09:28:45 PM CEST 2024]
21:28:45.947 INFO  NativeLibraryLoader - Loading libgkl_compression.so from jar:file:/home/robin/bin/miniconda3/share/picard-2.26.2-0/picard.jar!/com/intel/gkl/native/libgkl_compression.so
[Wed Jul 03 21:28:46 CEST 2024] CleanSam --INPUT E14_24h_H3K27ac_ChIP_Yang2019_GSM3314705_raw.sam --OUTPUT E14_24h_H3K27ac_ChIP_Yang2019_GSM3314705_cleaned.sam --TMP_DIR . --VERBOSITY INFO --QUIET false --VALIDATION_STRINGENCY STRICT --COMPRESSION_LEVEL 5 --MAX_RECORDS_IN_RAM 500000 --CREATE_INDEX false --CREATE_MD5_FILE false --GA4GH_CLIENT_SECRETS client_secrets.json --help false --version false --showHidden false --USE_JDK_DEFLATER false --USE_JDK_INFLATER false
[Wed Jul 03 21:28:46 CEST 2024] Executing as robin@epipax.ijm.univ-paris-diderot.priv on Linux 6.1.0-21-amd64 amd64; OpenJDK 64-Bit Server VM 1.8.0_332-b09; Deflater: Intel; Inflater: Intel; Provider GCS is not available; Picard version: Version:2.26.2
INFO	2024-07-03 21:28:46	CleanSam	Seen many non-increasing record positions. Printing Read-names as well.
INFO	2024-07-03 21:28:52	CleanSam	Processed     1,000,000 records.  Elapsed time: 00:00:06s.  Time for last 1,000,000:    6s.  Last read position: chr16:48,255,371.  Last read name: SRR7624393.8904809
INFO	2024-07-03 21:28:57	CleanSam	Processed     2,000,000 records.  Elapsed time: 00:00:11s.  Time for last 1,000,000:    5s.  Last read position: chr10:34,826,510.  Last read name: SRR7624393.16429405
INFO	2024-07-03 21:29:03	CleanSam	Processed     3,000,000 records.  Elapsed time: 00:00:16s.  Time for last 1,000,000:    5s.  Last read position: chr4:20,009,287.  Last read name: SRR7624393.42042289
INFO	2024-07-03 21:29:09	CleanSam	Processed     4,000,000 records.  Elapsed time: 00:00:22s.  Time for last 1,000,000:    6s.  Last read position: chr11:52,938,435.  Last read name: SRR7624393.24499513
INFO	2024-07-03 21:29:14	CleanSam	Processed     5,000,000 records.  Elapsed time: 00:00:28s.  Time for last 1,000,000:    5s.  Last read position: chr2:87,681,564.  Last read name: SRR7624393.36775658
INFO	2024-07-03 21:29:20	CleanSam	Processed     6,000,000 records.  Elapsed time: 00:00:34s.  Time for last 1,000,000:    6s.  Last read position: chr15:36,542,150.  Last read name: SRR7624393.46263379
INFO	2024-07-03 21:29:26	CleanSam	Processed     7,000,000 records.  Elapsed time: 00:00:40s.  Time for last 1,000,000:    5s.  Last read position: chr2:34,802,014.  Last read name: SRR7624393.30386379
INFO	2024-07-03 21:29:31	CleanSam	Processed     8,000,000 records.  Elapsed time: 00:00:45s.  Time for last 1,000,000:    5s.  Last read position: chr15:82,186,795.  Last read name: SRR7624393.32794329
INFO	2024-07-03 21:29:36	CleanSam	Processed     9,000,000 records.  Elapsed time: 00:00:50s.  Time for last 1,000,000:    5s.  Last read position: chr11:104,893,650.  Last read name: SRR7624393.11155396
INFO	2024-07-03 21:29:42	CleanSam	Processed    10,000,000 records.  Elapsed time: 00:00:55s.  Time for last 1,000,000:    5s.  Last read position: chr13:90,140,858.  Last read name: SRR7624393.44011894
INFO	2024-07-03 21:29:47	CleanSam	Processed    11,000,000 records.  Elapsed time: 00:01:00s.  Time for last 1,000,000:    5s.  Last read position: chr1:128,248,668.  Last read name: SRR7624393.3074747
INFO	2024-07-03 21:29:52	CleanSam	Processed    12,000,000 records.  Elapsed time: 00:01:06s.  Time for last 1,000,000:    5s.  Last read position: chr3:102,387,179.  Last read name: SRR7624393.1444291
INFO	2024-07-03 21:29:58	CleanSam	Processed    13,000,000 records.  Elapsed time: 00:01:11s.  Time for last 1,000,000:    5s.  Last read position: chr4:143,457,937.  Last read name: SRR7624393.25571644
INFO	2024-07-03 21:30:03	CleanSam	Processed    14,000,000 records.  Elapsed time: 00:01:17s.  Time for last 1,000,000:    5s.  Last read position: chr14:74,847,059.  Last read name: SRR7624393.35462973
INFO	2024-07-03 21:30:08	CleanSam	Processed    15,000,000 records.  Elapsed time: 00:01:22s.  Time for last 1,000,000:    5s.  Last read position: chr14:67,713,781.  Last read name: SRR7624393.32690316
INFO	2024-07-03 21:30:13	CleanSam	Processed    16,000,000 records.  Elapsed time: 00:01:27s.  Time for last 1,000,000:    5s.  Last read position: chr16:14,620,768.  Last read name: SRR7624393.11561642
INFO	2024-07-03 21:30:19	CleanSam	Processed    17,000,000 records.  Elapsed time: 00:01:32s.  Time for last 1,000,000:    5s.  Last read position: chr11:117,791,579.  Last read name: SRR7624393.19329753
INFO	2024-07-03 21:30:24	CleanSam	Processed    18,000,000 records.  Elapsed time: 00:01:38s.  Time for last 1,000,000:    5s.  Last read position: chr14:91,231,820.  Last read name: SRR7624393.27318705
INFO	2024-07-03 21:30:29	CleanSam	Processed    19,000,000 records.  Elapsed time: 00:01:43s.  Time for last 1,000,000:    5s.  Last read position: chr13:79,096,704.  Last read name: SRR7624393.6085348
INFO	2024-07-03 21:30:34	CleanSam	Processed    20,000,000 records.  Elapsed time: 00:01:48s.  Time for last 1,000,000:    5s.  Last read position: chr4:124,971,282.  Last read name: SRR7624393.9534626
INFO	2024-07-03 21:30:40	CleanSam	Processed    21,000,000 records.  Elapsed time: 00:01:53s.  Time for last 1,000,000:    5s.  Last read position: chr16:61,945,689.  Last read name: SRR7624393.8913252
INFO	2024-07-03 21:30:45	CleanSam	Processed    22,000,000 records.  Elapsed time: 00:01:59s.  Time for last 1,000,000:    5s.  Last read position: chr6:14,586,599.  Last read name: SRR7624393.12421882
INFO	2024-07-03 21:30:50	CleanSam	Processed    23,000,000 records.  Elapsed time: 00:02:04s.  Time for last 1,000,000:    5s.  Last read position: chr17:65,421,098.  Last read name: SRR7624393.986567
INFO	2024-07-03 21:30:55	CleanSam	Processed    24,000,000 records.  Elapsed time: 00:02:09s.  Time for last 1,000,000:    5s.  Last read position: chr18:32,596,100.  Last read name: SRR7624393.22523012
INFO	2024-07-03 21:31:00	CleanSam	Processed    25,000,000 records.  Elapsed time: 00:02:14s.  Time for last 1,000,000:    5s.  Last read position: chr7:71,082,511.  Last read name: SRR7624393.15326572
INFO	2024-07-03 21:31:06	CleanSam	Processed    26,000,000 records.  Elapsed time: 00:02:19s.  Time for last 1,000,000:    5s.  Last read position: chr19:46,724,391.  Last read name: SRR7624393.3988605
INFO	2024-07-03 21:31:11	CleanSam	Processed    27,000,000 records.  Elapsed time: 00:02:24s.  Time for last 1,000,000:    5s.  Last read position: chr2:130,178,121.  Last read name: SRR7624393.25307112
INFO	2024-07-03 21:31:16	CleanSam	Processed    28,000,000 records.  Elapsed time: 00:02:30s.  Time for last 1,000,000:    5s.  Last read position: chr4:148,574,094.  Last read name: SRR7624393.36356978
INFO	2024-07-03 21:31:21	CleanSam	Processed    29,000,000 records.  Elapsed time: 00:02:35s.  Time for last 1,000,000:    5s.  Last read position: chr12:14,174,314.  Last read name: SRR7624393.445173
INFO	2024-07-03 21:31:27	CleanSam	Processed    30,000,000 records.  Elapsed time: 00:02:40s.  Time for last 1,000,000:    5s.  Last read position: chr1:33,814,777.  Last read name: SRR7624393.32067457
INFO	2024-07-03 21:31:32	CleanSam	Processed    31,000,000 records.  Elapsed time: 00:02:46s.  Time for last 1,000,000:    5s.  Last read position: chr4:107,990,965.  Last read name: SRR7624393.30738806
INFO	2024-07-03 21:31:37	CleanSam	Processed    32,000,000 records.  Elapsed time: 00:02:51s.  Time for last 1,000,000:    5s.  Last read position: chr7:92,549,600.  Last read name: SRR7624393.33873492
INFO	2024-07-03 21:31:43	CleanSam	Processed    33,000,000 records.  Elapsed time: 00:02:56s.  Time for last 1,000,000:    5s.  Last read position: chr5:37,876,195.  Last read name: SRR7624393.25613499
INFO	2024-07-03 21:31:48	CleanSam	Processed    34,000,000 records.  Elapsed time: 00:03:02s.  Time for last 1,000,000:    5s.  Last read position: chr10:8,496,486.  Last read name: SRR7624393.19099142
INFO	2024-07-03 21:31:53	CleanSam	Processed    35,000,000 records.  Elapsed time: 00:03:07s.  Time for last 1,000,000:    5s.  Last read position: chr15:3,175,776.  Last read name: SRR7624393.44132918
INFO	2024-07-03 21:31:58	CleanSam	Processed    36,000,000 records.  Elapsed time: 00:03:12s.  Time for last 1,000,000:    5s.  Last read position: chr5:91,905,376.  Last read name: SRR7624393.30862714
INFO	2024-07-03 21:32:04	CleanSam	Processed    37,000,000 records.  Elapsed time: 00:03:17s.  Time for last 1,000,000:    5s.  Last read position: chr2:52,407,646.  Last read name: SRR7624393.27749755
[Wed Jul 03 21:32:15 CEST 2024] picard.sam.CleanSam done. Elapsed time: 3.50 minutes.
Runtime.totalMemory()=951582720
21:32:17.621 INFO  NativeLibraryLoader - Loading libgkl_compression.so from jar:file:/home/robin/bin/miniconda3/share/picard-2.26.2-0/picard.jar!/com/intel/gkl/native/libgkl_compression.so
[Wed Jul 03 21:32:17 CEST 2024] SamFormatConverter --INPUT E14_24h_H3K27ac_ChIP_Yang2019_GSM3314705_cleaned.sam --OUTPUT E14_24h_H3K27ac_ChIP_Yang2019_GSM3314705_unsorted.bam --TMP_DIR . --VERBOSITY INFO --QUIET false --VALIDATION_STRINGENCY STRICT --COMPRESSION_LEVEL 5 --MAX_RECORDS_IN_RAM 500000 --CREATE_INDEX false --CREATE_MD5_FILE false --GA4GH_CLIENT_SECRETS client_secrets.json --help false --version false --showHidden false --USE_JDK_DEFLATER false --USE_JDK_INFLATER false
[Wed Jul 03 21:32:17 CEST 2024] Executing as robin@epipax.ijm.univ-paris-diderot.priv on Linux 6.1.0-21-amd64 amd64; OpenJDK 64-Bit Server VM 1.8.0_332-b09; Deflater: Intel; Inflater: Intel; Provider GCS is not available; Picard version: Version:2.26.2
INFO	2024-07-03 21:32:19	SamFormatConverter	Seen many non-increasing record positions. Printing Read-names as well.
INFO	2024-07-03 21:32:27	SamFormatConverter	Processed     1,000,000 records.  Elapsed time: 00:00:08s.  Time for last 1,000,000:    8s.  Last read position: chr16:48,255,371.  Last read name: SRR7624393.8904809
INFO	2024-07-03 21:32:35	SamFormatConverter	Processed     2,000,000 records.  Elapsed time: 00:00:16s.  Time for last 1,000,000:    8s.  Last read position: chr10:34,826,510.  Last read name: SRR7624393.16429405
INFO	2024-07-03 21:32:43	SamFormatConverter	Processed     3,000,000 records.  Elapsed time: 00:00:25s.  Time for last 1,000,000:    8s.  Last read position: chr4:20,009,287.  Last read name: SRR7624393.42042289
INFO	2024-07-03 21:32:52	SamFormatConverter	Processed     4,000,000 records.  Elapsed time: 00:00:33s.  Time for last 1,000,000:    8s.  Last read position: chr11:52,938,435.  Last read name: SRR7624393.24499513
INFO	2024-07-03 21:33:00	SamFormatConverter	Processed     5,000,000 records.  Elapsed time: 00:00:41s.  Time for last 1,000,000:    8s.  Last read position: chr2:87,681,564.  Last read name: SRR7624393.36775658
INFO	2024-07-03 21:33:08	SamFormatConverter	Processed     6,000,000 records.  Elapsed time: 00:00:49s.  Time for last 1,000,000:    8s.  Last read position: chr15:36,542,150.  Last read name: SRR7624393.46263379
INFO	2024-07-03 21:33:16	SamFormatConverter	Processed     7,000,000 records.  Elapsed time: 00:00:57s.  Time for last 1,000,000:    8s.  Last read position: chr2:34,802,014.  Last read name: SRR7624393.30386379
INFO	2024-07-03 21:33:24	SamFormatConverter	Processed     8,000,000 records.  Elapsed time: 00:01:05s.  Time for last 1,000,000:    8s.  Last read position: chr15:82,186,795.  Last read name: SRR7624393.32794329
INFO	2024-07-03 21:33:33	SamFormatConverter	Processed     9,000,000 records.  Elapsed time: 00:01:14s.  Time for last 1,000,000:    8s.  Last read position: chr11:104,893,650.  Last read name: SRR7624393.11155396
INFO	2024-07-03 21:33:41	SamFormatConverter	Processed    10,000,000 records.  Elapsed time: 00:01:22s.  Time for last 1,000,000:    8s.  Last read position: chr13:90,140,858.  Last read name: SRR7624393.44011894
INFO	2024-07-03 21:33:49	SamFormatConverter	Processed    11,000,000 records.  Elapsed time: 00:01:30s.  Time for last 1,000,000:    8s.  Last read position: chr1:128,248,668.  Last read name: SRR7624393.3074747
INFO	2024-07-03 21:33:57	SamFormatConverter	Processed    12,000,000 records.  Elapsed time: 00:01:39s.  Time for last 1,000,000:    8s.  Last read position: chr3:102,387,179.  Last read name: SRR7624393.1444291
INFO	2024-07-03 21:34:05	SamFormatConverter	Processed    13,000,000 records.  Elapsed time: 00:01:47s.  Time for last 1,000,000:    8s.  Last read position: chr4:143,457,937.  Last read name: SRR7624393.25571644
INFO	2024-07-03 21:34:14	SamFormatConverter	Processed    14,000,000 records.  Elapsed time: 00:01:55s.  Time for last 1,000,000:    8s.  Last read position: chr14:74,847,059.  Last read name: SRR7624393.35462973
INFO	2024-07-03 21:34:22	SamFormatConverter	Processed    15,000,000 records.  Elapsed time: 00:02:03s.  Time for last 1,000,000:    8s.  Last read position: chr14:67,713,781.  Last read name: SRR7624393.32690316
INFO	2024-07-03 21:34:30	SamFormatConverter	Processed    16,000,000 records.  Elapsed time: 00:02:11s.  Time for last 1,000,000:    8s.  Last read position: chr16:14,620,768.  Last read name: SRR7624393.11561642
INFO	2024-07-03 21:34:38	SamFormatConverter	Processed    17,000,000 records.  Elapsed time: 00:02:20s.  Time for last 1,000,000:    8s.  Last read position: chr11:117,791,579.  Last read name: SRR7624393.19329753
INFO	2024-07-03 21:34:47	SamFormatConverter	Processed    18,000,000 records.  Elapsed time: 00:02:28s.  Time for last 1,000,000:    8s.  Last read position: chr14:91,231,820.  Last read name: SRR7624393.27318705
INFO	2024-07-03 21:34:55	SamFormatConverter	Processed    19,000,000 records.  Elapsed time: 00:02:36s.  Time for last 1,000,000:    8s.  Last read position: chr13:79,096,704.  Last read name: SRR7624393.6085348
INFO	2024-07-03 21:35:03	SamFormatConverter	Processed    20,000,000 records.  Elapsed time: 00:02:45s.  Time for last 1,000,000:    8s.  Last read position: chr4:124,971,282.  Last read name: SRR7624393.9534626
INFO	2024-07-03 21:35:12	SamFormatConverter	Processed    21,000,000 records.  Elapsed time: 00:02:53s.  Time for last 1,000,000:    8s.  Last read position: chr16:61,945,689.  Last read name: SRR7624393.8913252
INFO	2024-07-03 21:35:20	SamFormatConverter	Processed    22,000,000 records.  Elapsed time: 00:03:01s.  Time for last 1,000,000:    8s.  Last read position: chr6:14,586,599.  Last read name: SRR7624393.12421882
INFO	2024-07-03 21:35:28	SamFormatConverter	Processed    23,000,000 records.  Elapsed time: 00:03:10s.  Time for last 1,000,000:    8s.  Last read position: chr17:65,421,098.  Last read name: SRR7624393.986567
INFO	2024-07-03 21:35:37	SamFormatConverter	Processed    24,000,000 records.  Elapsed time: 00:03:18s.  Time for last 1,000,000:    8s.  Last read position: chr18:32,596,100.  Last read name: SRR7624393.22523012
INFO	2024-07-03 21:35:45	SamFormatConverter	Processed    25,000,000 records.  Elapsed time: 00:03:26s.  Time for last 1,000,000:    8s.  Last read position: chr7:71,082,511.  Last read name: SRR7624393.15326572
INFO	2024-07-03 21:35:54	SamFormatConverter	Processed    26,000,000 records.  Elapsed time: 00:03:35s.  Time for last 1,000,000:    8s.  Last read position: chr19:46,724,391.  Last read name: SRR7624393.3988605
INFO	2024-07-03 21:36:02	SamFormatConverter	Processed    27,000,000 records.  Elapsed time: 00:03:44s.  Time for last 1,000,000:    8s.  Last read position: chr2:130,178,121.  Last read name: SRR7624393.25307112
INFO	2024-07-03 21:36:11	SamFormatConverter	Processed    28,000,000 records.  Elapsed time: 00:03:53s.  Time for last 1,000,000:    8s.  Last read position: chr4:148,574,094.  Last read name: SRR7624393.36356978
INFO	2024-07-03 21:36:20	SamFormatConverter	Processed    29,000,000 records.  Elapsed time: 00:04:01s.  Time for last 1,000,000:    8s.  Last read position: chr12:14,174,314.  Last read name: SRR7624393.445173
INFO	2024-07-03 21:36:29	SamFormatConverter	Processed    30,000,000 records.  Elapsed time: 00:04:10s.  Time for last 1,000,000:    8s.  Last read position: chr1:33,814,777.  Last read name: SRR7624393.32067457
INFO	2024-07-03 21:36:37	SamFormatConverter	Processed    31,000,000 records.  Elapsed time: 00:04:18s.  Time for last 1,000,000:    8s.  Last read position: chr4:107,990,965.  Last read name: SRR7624393.30738806
INFO	2024-07-03 21:36:46	SamFormatConverter	Processed    32,000,000 records.  Elapsed time: 00:04:27s.  Time for last 1,000,000:    8s.  Last read position: chr7:92,549,600.  Last read name: SRR7624393.33873492
INFO	2024-07-03 21:36:54	SamFormatConverter	Processed    33,000,000 records.  Elapsed time: 00:04:35s.  Time for last 1,000,000:    8s.  Last read position: chr5:37,876,195.  Last read name: SRR7624393.25613499
INFO	2024-07-03 21:37:03	SamFormatConverter	Processed    34,000,000 records.  Elapsed time: 00:04:44s.  Time for last 1,000,000:    8s.  Last read position: chr10:8,496,486.  Last read name: SRR7624393.19099142
INFO	2024-07-03 21:37:11	SamFormatConverter	Processed    35,000,000 records.  Elapsed time: 00:04:52s.  Time for last 1,000,000:    8s.  Last read position: chr15:3,175,776.  Last read name: SRR7624393.44132918
INFO	2024-07-03 21:37:20	SamFormatConverter	Processed    36,000,000 records.  Elapsed time: 00:05:01s.  Time for last 1,000,000:    8s.  Last read position: chr5:91,905,376.  Last read name: SRR7624393.30862714
INFO	2024-07-03 21:37:29	SamFormatConverter	Processed    37,000,000 records.  Elapsed time: 00:05:10s.  Time for last 1,000,000:    8s.  Last read position: chr2:52,407,646.  Last read name: SRR7624393.27749755
[Wed Jul 03 21:37:39 CEST 2024] picard.sam.SamFormatConverter done. Elapsed time: 5.36 minutes.
Runtime.totalMemory()=958922752
21:37:41.134 INFO  NativeLibraryLoader - Loading libgkl_compression.so from jar:file:/home/robin/bin/miniconda3/share/picard-2.26.2-0/picard.jar!/com/intel/gkl/native/libgkl_compression.so
[Wed Jul 03 21:37:41 CEST 2024] SortSam --INPUT E14_24h_H3K27ac_ChIP_Yang2019_GSM3314705_unsorted.bam --OUTPUT E14_24h_H3K27ac_ChIP_Yang2019_GSM3314705_sorted.bam --SORT_ORDER coordinate --TMP_DIR . --VERBOSITY INFO --QUIET false --VALIDATION_STRINGENCY STRICT --COMPRESSION_LEVEL 5 --MAX_RECORDS_IN_RAM 500000 --CREATE_INDEX false --CREATE_MD5_FILE false --GA4GH_CLIENT_SECRETS client_secrets.json --help false --version false --showHidden false --USE_JDK_DEFLATER false --USE_JDK_INFLATER false
[Wed Jul 03 21:37:41 CEST 2024] Executing as robin@epipax.ijm.univ-paris-diderot.priv on Linux 6.1.0-21-amd64 amd64; OpenJDK 64-Bit Server VM 1.8.0_332-b09; Deflater: Intel; Inflater: Intel; Provider GCS is not available; Picard version: Version:2.26.2
INFO	2024-07-03 21:37:41	SortSam	Seen many non-increasing record positions. Printing Read-names as well.
INFO	2024-07-03 21:38:47	SortSam	Read    10,000,000 records.  Elapsed time: 00:01:05s.  Time for last 10,000,000:   65s.  Last read position: chr13:90,140,858.  Last read name: SRR7624393.44011894
INFO	2024-07-03 21:39:49	SortSam	Read    20,000,000 records.  Elapsed time: 00:02:08s.  Time for last 10,000,000:   62s.  Last read position: chr4:124,971,282.  Last read name: SRR7624393.9534626
INFO	2024-07-03 21:40:47	SortSam	Read    30,000,000 records.  Elapsed time: 00:03:05s.  Time for last 10,000,000:   57s.  Last read position: chr1:33,814,777.  Last read name: SRR7624393.32067457
INFO	2024-07-03 21:41:33	SortSam	Finished reading inputs, merging and writing to output now.
INFO	2024-07-03 21:42:22	SortSam	Wrote    10,000,000 records from a sorting collection.  Elapsed time: 00:04:41s.  Time for last 10,000,000:   48s.  Last read position: chr5:8,615,723
INFO	2024-07-03 21:43:11	SortSam	Wrote    20,000,000 records from a sorting collection.  Elapsed time: 00:05:29s.  Time for last 10,000,000:   48s.  Last read position: chr9:116,113,652
INFO	2024-07-03 21:43:59	SortSam	Wrote    30,000,000 records from a sorting collection.  Elapsed time: 00:06:18s.  Time for last 10,000,000:   48s.  Last read position: chr15:50,595,200
[Wed Jul 03 21:44:38 CEST 2024] picard.sam.SortSam done. Elapsed time: 6.96 minutes.
Runtime.totalMemory()=1704984576
21:44:40.104 INFO  NativeLibraryLoader - Loading libgkl_compression.so from jar:file:/home/robin/bin/miniconda3/share/picard-2.26.2-0/picard.jar!/com/intel/gkl/native/libgkl_compression.so
[Wed Jul 03 21:44:40 CEST 2024] MarkDuplicates --INPUT E14_24h_H3K27ac_ChIP_Yang2019_GSM3314705_sorted.bam --OUTPUT E14_24h_H3K27ac_ChIP_Yang2019_GSM3314705.bam --METRICS_FILE E14_24h_H3K27ac_ChIP_Yang2019_GSM3314705_markDupeMetrics.txt --REMOVE_DUPLICATES false --TMP_DIR . --MAX_SEQUENCES_FOR_DISK_READ_ENDS_MAP 50000 --MAX_FILE_HANDLES_FOR_READ_ENDS_MAP 8000 --SORTING_COLLECTION_SIZE_RATIO 0.25 --TAG_DUPLICATE_SET_MEMBERS false --REMOVE_SEQUENCING_DUPLICATES false --TAGGING_POLICY DontTag --CLEAR_DT true --DUPLEX_UMI false --ADD_PG_TAG_TO_READS true --ASSUME_SORTED false --DUPLICATE_SCORING_STRATEGY SUM_OF_BASE_QUALITIES --PROGRAM_RECORD_ID MarkDuplicates --PROGRAM_GROUP_NAME MarkDuplicates --READ_NAME_REGEX <optimized capture of last three ':' separated fields as numeric values> --OPTICAL_DUPLICATE_PIXEL_DISTANCE 100 --MAX_OPTICAL_DUPLICATE_SET_SIZE 300000 --VERBOSITY INFO --QUIET false --VALIDATION_STRINGENCY STRICT --COMPRESSION_LEVEL 5 --MAX_RECORDS_IN_RAM 500000 --CREATE_INDEX false --CREATE_MD5_FILE false --GA4GH_CLIENT_SECRETS client_secrets.json --help false --version false --showHidden false --USE_JDK_DEFLATER false --USE_JDK_INFLATER false
[Wed Jul 03 21:44:40 CEST 2024] Executing as robin@epipax.ijm.univ-paris-diderot.priv on Linux 6.1.0-21-amd64 amd64; OpenJDK 64-Bit Server VM 1.8.0_332-b09; Deflater: Intel; Inflater: Intel; Provider GCS is not available; Picard version: Version:2.26.2
INFO	2024-07-03 21:44:40	MarkDuplicates	Start of doWork freeMemory: 501502296; totalMemory: 514850816; maxMemory: 1908932608
INFO	2024-07-03 21:44:40	MarkDuplicates	Reading input file and constructing read end information.
INFO	2024-07-03 21:44:40	MarkDuplicates	Will retain up to 6916422 data points before spilling to disk.
WARNING	2024-07-03 21:44:40	AbstractOpticalDuplicateFinderCommandLineProgram	A field field parsed out of a read name was expected to contain an integer and did not. Read name: SRR7624393.34658792. Cause: String 'SRR7624393.34658792' did not start with a parsable number.
INFO	2024-07-03 21:44:45	MarkDuplicates	Read     1,000,000 records.  Elapsed time: 00:00:04s.  Time for last 1,000,000:    4s.  Last read position: chr1:74,440,484
INFO	2024-07-03 21:44:45	MarkDuplicates	Tracking 0 as yet unmatched pairs. 0 records in RAM.
INFO	2024-07-03 21:44:49	MarkDuplicates	Read     2,000,000 records.  Elapsed time: 00:00:08s.  Time for last 1,000,000:    3s.  Last read position: chr1:152,287,040
INFO	2024-07-03 21:44:49	MarkDuplicates	Tracking 0 as yet unmatched pairs. 0 records in RAM.
INFO	2024-07-03 21:44:53	MarkDuplicates	Read     3,000,000 records.  Elapsed time: 00:00:12s.  Time for last 1,000,000:    3s.  Last read position: chr2:27,465,795
INFO	2024-07-03 21:44:53	MarkDuplicates	Tracking 0 as yet unmatched pairs. 0 records in RAM.
INFO	2024-07-03 21:45:00	MarkDuplicates	Read     4,000,000 records.  Elapsed time: 00:00:20s.  Time for last 1,000,000:    7s.  Last read position: chr2:98,021,802
INFO	2024-07-03 21:45:00	MarkDuplicates	Tracking 0 as yet unmatched pairs. 0 records in RAM.
INFO	2024-07-03 21:45:04	MarkDuplicates	Read     5,000,000 records.  Elapsed time: 00:00:24s.  Time for last 1,000,000:    4s.  Last read position: chr2:155,956,674
INFO	2024-07-03 21:45:04	MarkDuplicates	Tracking 0 as yet unmatched pairs. 0 records in RAM.
INFO	2024-07-03 21:45:08	MarkDuplicates	Read     6,000,000 records.  Elapsed time: 00:00:28s.  Time for last 1,000,000:    3s.  Last read position: chr3:38,806,572
INFO	2024-07-03 21:45:08	MarkDuplicates	Tracking 0 as yet unmatched pairs. 0 records in RAM.
INFO	2024-07-03 21:45:20	MarkDuplicates	Read     7,000,000 records.  Elapsed time: 00:00:40s.  Time for last 1,000,000:   12s.  Last read position: chr3:111,114,443
INFO	2024-07-03 21:45:20	MarkDuplicates	Tracking 0 as yet unmatched pairs. 0 records in RAM.
INFO	2024-07-03 21:45:24	MarkDuplicates	Read     8,000,000 records.  Elapsed time: 00:00:44s.  Time for last 1,000,000:    3s.  Last read position: chr4:35,554,235
INFO	2024-07-03 21:45:24	MarkDuplicates	Tracking 0 as yet unmatched pairs. 0 records in RAM.
INFO	2024-07-03 21:45:28	MarkDuplicates	Read     9,000,000 records.  Elapsed time: 00:00:48s.  Time for last 1,000,000:    3s.  Last read position: chr4:116,685,790
INFO	2024-07-03 21:45:28	MarkDuplicates	Tracking 0 as yet unmatched pairs. 0 records in RAM.
INFO	2024-07-03 21:45:33	MarkDuplicates	Read    10,000,000 records.  Elapsed time: 00:00:52s.  Time for last 1,000,000:    4s.  Last read position: chr5:8,615,723
INFO	2024-07-03 21:45:33	MarkDuplicates	Tracking 0 as yet unmatched pairs. 0 records in RAM.
INFO	2024-07-03 21:45:37	MarkDuplicates	Read    11,000,000 records.  Elapsed time: 00:00:56s.  Time for last 1,000,000:    3s.  Last read position: chr5:87,378,471
INFO	2024-07-03 21:45:37	MarkDuplicates	Tracking 0 as yet unmatched pairs. 0 records in RAM.
INFO	2024-07-03 21:45:41	MarkDuplicates	Read    12,000,000 records.  Elapsed time: 00:01:00s.  Time for last 1,000,000:    3s.  Last read position: chr5:146,896,534
INFO	2024-07-03 21:45:41	MarkDuplicates	Tracking 0 as yet unmatched pairs. 0 records in RAM.
INFO	2024-07-03 21:45:48	MarkDuplicates	Read    13,000,000 records.  Elapsed time: 00:01:07s.  Time for last 1,000,000:    7s.  Last read position: chr6:70,564,197
INFO	2024-07-03 21:45:48	MarkDuplicates	Tracking 0 as yet unmatched pairs. 0 records in RAM.
INFO	2024-07-03 21:45:54	MarkDuplicates	Read    14,000,000 records.  Elapsed time: 00:01:14s.  Time for last 1,000,000:    6s.  Last read position: chr6:140,440,870
INFO	2024-07-03 21:45:54	MarkDuplicates	Tracking 0 as yet unmatched pairs. 0 records in RAM.
INFO	2024-07-03 21:45:58	MarkDuplicates	Read    15,000,000 records.  Elapsed time: 00:01:18s.  Time for last 1,000,000:    4s.  Last read position: chr7:55,942,327
INFO	2024-07-03 21:45:58	MarkDuplicates	Tracking 0 as yet unmatched pairs. 0 records in RAM.
INFO	2024-07-03 21:46:02	MarkDuplicates	Read    16,000,000 records.  Elapsed time: 00:01:22s.  Time for last 1,000,000:    4s.  Last read position: chr7:127,069,736
INFO	2024-07-03 21:46:02	MarkDuplicates	Tracking 0 as yet unmatched pairs. 0 records in RAM.
INFO	2024-07-03 21:46:06	MarkDuplicates	Read    17,000,000 records.  Elapsed time: 00:01:26s.  Time for last 1,000,000:    3s.  Last read position: chr8:54,908,100
INFO	2024-07-03 21:46:06	MarkDuplicates	Tracking 0 as yet unmatched pairs. 0 records in RAM.
INFO	2024-07-03 21:46:10	MarkDuplicates	Read    18,000,000 records.  Elapsed time: 00:01:30s.  Time for last 1,000,000:    4s.  Last read position: chr8:121,586,041
INFO	2024-07-03 21:46:10	MarkDuplicates	Tracking 0 as yet unmatched pairs. 0 records in RAM.
INFO	2024-07-03 21:46:14	MarkDuplicates	Read    19,000,000 records.  Elapsed time: 00:01:34s.  Time for last 1,000,000:    4s.  Last read position: chr9:53,771,893
INFO	2024-07-03 21:46:14	MarkDuplicates	Tracking 0 as yet unmatched pairs. 0 records in RAM.
INFO	2024-07-03 21:46:18	MarkDuplicates	Read    20,000,000 records.  Elapsed time: 00:01:38s.  Time for last 1,000,000:    3s.  Last read position: chr9:116,113,652
INFO	2024-07-03 21:46:18	MarkDuplicates	Tracking 0 as yet unmatched pairs. 0 records in RAM.
INFO	2024-07-03 21:46:24	MarkDuplicates	Read    21,000,000 records.  Elapsed time: 00:01:44s.  Time for last 1,000,000:    6s.  Last read position: chr10:61,418,000
INFO	2024-07-03 21:46:24	MarkDuplicates	Tracking 0 as yet unmatched pairs. 0 records in RAM.
INFO	2024-07-03 21:46:28	MarkDuplicates	Read    22,000,000 records.  Elapsed time: 00:01:48s.  Time for last 1,000,000:    3s.  Last read position: chr10:130,005,144
INFO	2024-07-03 21:46:28	MarkDuplicates	Tracking 0 as yet unmatched pairs. 0 records in RAM.
INFO	2024-07-03 21:46:33	MarkDuplicates	Read    23,000,000 records.  Elapsed time: 00:01:52s.  Time for last 1,000,000:    4s.  Last read position: chr11:60,813,474
INFO	2024-07-03 21:46:33	MarkDuplicates	Tracking 0 as yet unmatched pairs. 0 records in RAM.
INFO	2024-07-03 21:46:37	MarkDuplicates	Read    24,000,000 records.  Elapsed time: 00:01:57s.  Time for last 1,000,000:    4s.  Last read position: chr11:109,650,542
INFO	2024-07-03 21:46:37	MarkDuplicates	Tracking 0 as yet unmatched pairs. 0 records in RAM.
INFO	2024-07-03 21:46:41	MarkDuplicates	Read    25,000,000 records.  Elapsed time: 00:02:01s.  Time for last 1,000,000:    3s.  Last read position: chr12:59,163,940
INFO	2024-07-03 21:46:41	MarkDuplicates	Tracking 0 as yet unmatched pairs. 0 records in RAM.
INFO	2024-07-03 21:46:45	MarkDuplicates	Read    26,000,000 records.  Elapsed time: 00:02:04s.  Time for last 1,000,000:    3s.  Last read position: chr13:12,921,807
INFO	2024-07-03 21:46:45	MarkDuplicates	Tracking 0 as yet unmatched pairs. 0 records in RAM.
INFO	2024-07-03 21:46:49	MarkDuplicates	Read    27,000,000 records.  Elapsed time: 00:02:08s.  Time for last 1,000,000:    3s.  Last read position: chr13:73,783,082
INFO	2024-07-03 21:46:49	MarkDuplicates	Tracking 0 as yet unmatched pairs. 0 records in RAM.
INFO	2024-07-03 21:46:54	MarkDuplicates	Read    28,000,000 records.  Elapsed time: 00:02:14s.  Time for last 1,000,000:    5s.  Last read position: chr14:19,755,301
INFO	2024-07-03 21:46:54	MarkDuplicates	Tracking 0 as yet unmatched pairs. 0 records in RAM.
INFO	2024-07-03 21:46:58	MarkDuplicates	Read    29,000,000 records.  Elapsed time: 00:02:17s.  Time for last 1,000,000:    3s.  Last read position: chr14:87,665,548
INFO	2024-07-03 21:46:58	MarkDuplicates	Tracking 0 as yet unmatched pairs. 0 records in RAM.
INFO	2024-07-03 21:47:02	MarkDuplicates	Read    30,000,000 records.  Elapsed time: 00:02:21s.  Time for last 1,000,000:    3s.  Last read position: chr15:50,595,200
INFO	2024-07-03 21:47:02	MarkDuplicates	Tracking 0 as yet unmatched pairs. 0 records in RAM.
INFO	2024-07-03 21:47:06	MarkDuplicates	Read    31,000,000 records.  Elapsed time: 00:02:26s.  Time for last 1,000,000:    4s.  Last read position: chr16:9,774,194
INFO	2024-07-03 21:47:06	MarkDuplicates	Tracking 0 as yet unmatched pairs. 0 records in RAM.
INFO	2024-07-03 21:47:10	MarkDuplicates	Read    32,000,000 records.  Elapsed time: 00:02:29s.  Time for last 1,000,000:    3s.  Last read position: chr16:79,867,419
INFO	2024-07-03 21:47:10	MarkDuplicates	Tracking 0 as yet unmatched pairs. 0 records in RAM.
INFO	2024-07-03 21:47:14	MarkDuplicates	Read    33,000,000 records.  Elapsed time: 00:02:33s.  Time for last 1,000,000:    3s.  Last read position: chr17:43,820,148
INFO	2024-07-03 21:47:14	MarkDuplicates	Tracking 0 as yet unmatched pairs. 0 records in RAM.
INFO	2024-07-03 21:47:18	MarkDuplicates	Read    34,000,000 records.  Elapsed time: 00:02:37s.  Time for last 1,000,000:    3s.  Last read position: chr18:18,285,097
INFO	2024-07-03 21:47:18	MarkDuplicates	Tracking 0 as yet unmatched pairs. 0 records in RAM.
INFO	2024-07-03 21:47:24	MarkDuplicates	Read    35,000,000 records.  Elapsed time: 00:02:43s.  Time for last 1,000,000:    5s.  Last read position: chr18:88,885,239
INFO	2024-07-03 21:47:24	MarkDuplicates	Tracking 0 as yet unmatched pairs. 0 records in RAM.
INFO	2024-07-03 21:47:27	MarkDuplicates	Read    36,000,000 records.  Elapsed time: 00:02:47s.  Time for last 1,000,000:    3s.  Last read position: chrX:4,172,406
INFO	2024-07-03 21:47:27	MarkDuplicates	Tracking 0 as yet unmatched pairs. 0 records in RAM.
INFO	2024-07-03 21:47:31	MarkDuplicates	Read    37,000,000 records.  Elapsed time: 00:02:50s.  Time for last 1,000,000:    3s.  Last read position: chrX:159,121,988
INFO	2024-07-03 21:47:31	MarkDuplicates	Tracking 0 as yet unmatched pairs. 0 records in RAM.
INFO	2024-07-03 21:47:32	MarkDuplicates	Read 37547724 records. 0 pairs never matched.
INFO	2024-07-03 21:47:34	MarkDuplicates	After buildSortedReadEndLists freeMemory: 1500801920; totalMemory: 1544552448; maxMemory: 1908932608
INFO	2024-07-03 21:47:34	MarkDuplicates	Will retain up to 59654144 duplicate indices before spilling to disk.
INFO	2024-07-03 21:47:34	MarkDuplicates	Traversing read pair information and detecting duplicates.
INFO	2024-07-03 21:47:34	MarkDuplicates	Traversing fragment information and detecting duplicates.
INFO	2024-07-03 21:47:43	MarkDuplicates	Sorting list of duplicate records.
INFO	2024-07-03 21:47:43	MarkDuplicates	After generateDuplicateIndexes freeMemory: 1051347728; totalMemory: 1545076736; maxMemory: 1908932608
INFO	2024-07-03 21:47:43	MarkDuplicates	Marking 427703 records as duplicates.
INFO	2024-07-03 21:47:43	MarkDuplicates	Found 0 optical duplicate clusters.
INFO	2024-07-03 21:47:43	MarkDuplicates	Reads are assumed to be ordered by: coordinate
INFO	2024-07-03 21:48:53	MarkDuplicates	Written    10,000,000 records.  Elapsed time: 00:01:09s.  Time for last 10,000,000:   69s.  Last read position: chr5:8,615,723
INFO	2024-07-03 21:50:01	MarkDuplicates	Written    20,000,000 records.  Elapsed time: 00:02:18s.  Time for last 10,000,000:   68s.  Last read position: chr9:116,113,652
INFO	2024-07-03 21:51:12	MarkDuplicates	Written    30,000,000 records.  Elapsed time: 00:03:28s.  Time for last 10,000,000:   70s.  Last read position: chr15:50,595,200
INFO	2024-07-03 21:52:07	MarkDuplicates	Writing complete. Closing input iterator.
INFO	2024-07-03 21:52:07	MarkDuplicates	Duplicate Index cleanup.
INFO	2024-07-03 21:52:07	MarkDuplicates	Getting Memory Stats.
INFO	2024-07-03 21:52:07	MarkDuplicates	Before output close freeMemory: 1576233960; totalMemory: 1594884096; maxMemory: 1908932608
INFO	2024-07-03 21:52:10	MarkDuplicates	Closed outputs. Getting more Memory Stats.
INFO	2024-07-03 21:52:10	MarkDuplicates	After output close freeMemory: 1576233960; totalMemory: 1594884096; maxMemory: 1908932608
[Wed Jul 03 21:52:11 CEST 2024] picard.sam.markduplicates.MarkDuplicates done. Elapsed time: 7.52 minutes.
Runtime.totalMemory()=1594884096
[sam grooming] finished successfully at [Wed Jul 3 09:52:20 PM CEST 2024]
[trueStats] Collecting alignment statistics for E14_24h_H3K27ac_ChIP_Yang2019_GSM3314705.bam at [Wed Jul 3 09:53:11 PM CEST 2024]
[bamToWigCPMsmoothKeepDup] Started with bin size: 1 and smoothing over 0 bp and KEEPING DUPLICATES at [Wed Jul 3 09:56:33 PM CEST 2024]
There are 36181526 alignments, of which 393580 are completely within a blacklist region.
Due to filtering, 90.23495039693132% of the aforementioned alignments will be used 32293235.321180567
[bamToWigCPMsmoothKeepDup] finished successfully at [Wed Jul 3 10:15:43 PM CEST 2024]
[file cleanup] started. Good job! at [Wed Jul 3 10:15:43 PM CEST 2024]
cp: cannot stat '*.pdf': No such file or directory
mv: cannot stat '*.bed': No such file or directory
mv: preserving times for '/data/bigWigs/E14_24h_H3K27ac_ChIP_Yang2019_GSM3314705_trimV5_mm10_kpDup_q10_b1_s0_CPM.bw': Operation not permitted
mv: preserving permissions for ‘/data/bigWigs/E14_24h_H3K27ac_ChIP_Yang2019_GSM3314705_trimV5_mm10_kpDup_q10_b1_s0_CPM.bw’: Operation not permitted
mv: preserving times for '/data/bams/E14_24h_H3K27ac_ChIP_Yang2019_GSM3314705_trimV5_mm10.bam': Operation not permitted
mv: preserving permissions for ‘/data/bams/E14_24h_H3K27ac_ChIP_Yang2019_GSM3314705_trimV5_mm10.bam’: Operation not permitted
mv: preserving times for '/data/bams/E14_24h_H3K27ac_ChIP_Yang2019_GSM3314705_trimV5_mm10.bam.bai': Operation not permitted
mv: preserving permissions for ‘/data/bams/E14_24h_H3K27ac_ChIP_Yang2019_GSM3314705_trimV5_mm10.bam.bai’: Operation not permitted
mv: cannot stat '*.gtf': No such file or directory
