SCRATCH: /scratch
[setupVariables] Data are paired-end. at [Fri Aug 30 07:38:20 PM CEST 2024]
[checkDependencies] Checking Dependencies [Fri Aug 30 07:38:20 PM CEST 2024] at [Fri Aug 30 07:38:20 PM CEST 2024]
[setup checkDependencies] trimmomatic... at [Fri Aug 30 07:38:20 PM CEST 2024]
[setup checkDependencies] STAR... at [Fri Aug 30 07:38:20 PM CEST 2024]
[setup checkDependencies] bismark... at [Fri Aug 30 07:38:20 PM CEST 2024]
[setup checkDependencies] bowtie2... at [Fri Aug 30 07:38:20 PM CEST 2024]
[setup checkDependencies] samtools... at [Fri Aug 30 07:38:20 PM CEST 2024]
[setup checkDependencies] picard... at [Fri Aug 30 07:38:20 PM CEST 2024]
[setup checkDependencies] awk... at [Fri Aug 30 07:38:20 PM CEST 2024]
[setup checkDependencies] bamCoverage... at [Fri Aug 30 07:38:20 PM CEST 2024]
[setup checkDependencies] fastqc... at [Fri Aug 30 07:38:20 PM CEST 2024]
[setup checkDependencies] fastq_screen... at [Fri Aug 30 07:38:20 PM CEST 2024]
[setup checkDependencies] stringtie... at [Fri Aug 30 07:38:20 PM CEST 2024]
[setup checkDependencies] clumpify.sh... at [Fri Aug 30 07:38:20 PM CEST 2024]
PAIRED: true
[setUpLogFile] Script started at [Fri Aug 30 07:38:20 PM CEST 2024] at [Fri Aug 30 07:38:20 PM CEST 2024]
[fastQC] started on raw FASTQs at [Fri Aug 30 07:38:20 PM CEST 2024]
Started analysis of C57BL6xDBA_MII_oocyte_RNA_ZhangLab2021_rep2_GSM4970026_R1_raw.fastq.gz
Started analysis of C57BL6xDBA_MII_oocyte_RNA_ZhangLab2021_rep2_GSM4970026_R2_raw.fastq.gz
Approx 5% complete for C57BL6xDBA_MII_oocyte_RNA_ZhangLab2021_rep2_GSM4970026_R1_raw.fastq.gz
Approx 5% complete for C57BL6xDBA_MII_oocyte_RNA_ZhangLab2021_rep2_GSM4970026_R2_raw.fastq.gz
Approx 10% complete for C57BL6xDBA_MII_oocyte_RNA_ZhangLab2021_rep2_GSM4970026_R1_raw.fastq.gz
Approx 10% complete for C57BL6xDBA_MII_oocyte_RNA_ZhangLab2021_rep2_GSM4970026_R2_raw.fastq.gz
Approx 15% complete for C57BL6xDBA_MII_oocyte_RNA_ZhangLab2021_rep2_GSM4970026_R1_raw.fastq.gz
Approx 15% complete for C57BL6xDBA_MII_oocyte_RNA_ZhangLab2021_rep2_GSM4970026_R2_raw.fastq.gz
Approx 20% complete for C57BL6xDBA_MII_oocyte_RNA_ZhangLab2021_rep2_GSM4970026_R1_raw.fastq.gz
Approx 20% complete for C57BL6xDBA_MII_oocyte_RNA_ZhangLab2021_rep2_GSM4970026_R2_raw.fastq.gz
Approx 25% complete for C57BL6xDBA_MII_oocyte_RNA_ZhangLab2021_rep2_GSM4970026_R1_raw.fastq.gz
Approx 25% complete for C57BL6xDBA_MII_oocyte_RNA_ZhangLab2021_rep2_GSM4970026_R2_raw.fastq.gz
Approx 30% complete for C57BL6xDBA_MII_oocyte_RNA_ZhangLab2021_rep2_GSM4970026_R1_raw.fastq.gz
Approx 30% complete for C57BL6xDBA_MII_oocyte_RNA_ZhangLab2021_rep2_GSM4970026_R2_raw.fastq.gz
Approx 35% complete for C57BL6xDBA_MII_oocyte_RNA_ZhangLab2021_rep2_GSM4970026_R1_raw.fastq.gz
Approx 35% complete for C57BL6xDBA_MII_oocyte_RNA_ZhangLab2021_rep2_GSM4970026_R2_raw.fastq.gz
Approx 40% complete for C57BL6xDBA_MII_oocyte_RNA_ZhangLab2021_rep2_GSM4970026_R1_raw.fastq.gz
Approx 40% complete for C57BL6xDBA_MII_oocyte_RNA_ZhangLab2021_rep2_GSM4970026_R2_raw.fastq.gz
Approx 45% complete for C57BL6xDBA_MII_oocyte_RNA_ZhangLab2021_rep2_GSM4970026_R1_raw.fastq.gz
Approx 45% complete for C57BL6xDBA_MII_oocyte_RNA_ZhangLab2021_rep2_GSM4970026_R2_raw.fastq.gz
Approx 50% complete for C57BL6xDBA_MII_oocyte_RNA_ZhangLab2021_rep2_GSM4970026_R1_raw.fastq.gz
Approx 50% complete for C57BL6xDBA_MII_oocyte_RNA_ZhangLab2021_rep2_GSM4970026_R2_raw.fastq.gz
Approx 55% complete for C57BL6xDBA_MII_oocyte_RNA_ZhangLab2021_rep2_GSM4970026_R1_raw.fastq.gz
Approx 55% complete for C57BL6xDBA_MII_oocyte_RNA_ZhangLab2021_rep2_GSM4970026_R2_raw.fastq.gz
Approx 60% complete for C57BL6xDBA_MII_oocyte_RNA_ZhangLab2021_rep2_GSM4970026_R1_raw.fastq.gz
Approx 60% complete for C57BL6xDBA_MII_oocyte_RNA_ZhangLab2021_rep2_GSM4970026_R2_raw.fastq.gz
Approx 65% complete for C57BL6xDBA_MII_oocyte_RNA_ZhangLab2021_rep2_GSM4970026_R1_raw.fastq.gz
Approx 65% complete for C57BL6xDBA_MII_oocyte_RNA_ZhangLab2021_rep2_GSM4970026_R2_raw.fastq.gz
Approx 70% complete for C57BL6xDBA_MII_oocyte_RNA_ZhangLab2021_rep2_GSM4970026_R1_raw.fastq.gz
Approx 70% complete for C57BL6xDBA_MII_oocyte_RNA_ZhangLab2021_rep2_GSM4970026_R2_raw.fastq.gz
Approx 75% complete for C57BL6xDBA_MII_oocyte_RNA_ZhangLab2021_rep2_GSM4970026_R1_raw.fastq.gz
Approx 75% complete for C57BL6xDBA_MII_oocyte_RNA_ZhangLab2021_rep2_GSM4970026_R2_raw.fastq.gz
Approx 80% complete for C57BL6xDBA_MII_oocyte_RNA_ZhangLab2021_rep2_GSM4970026_R1_raw.fastq.gz
Approx 80% complete for C57BL6xDBA_MII_oocyte_RNA_ZhangLab2021_rep2_GSM4970026_R2_raw.fastq.gz
Approx 85% complete for C57BL6xDBA_MII_oocyte_RNA_ZhangLab2021_rep2_GSM4970026_R1_raw.fastq.gz
Approx 85% complete for C57BL6xDBA_MII_oocyte_RNA_ZhangLab2021_rep2_GSM4970026_R2_raw.fastq.gz
Approx 90% complete for C57BL6xDBA_MII_oocyte_RNA_ZhangLab2021_rep2_GSM4970026_R1_raw.fastq.gz
Approx 90% complete for C57BL6xDBA_MII_oocyte_RNA_ZhangLab2021_rep2_GSM4970026_R2_raw.fastq.gz
Approx 95% complete for C57BL6xDBA_MII_oocyte_RNA_ZhangLab2021_rep2_GSM4970026_R1_raw.fastq.gz
Approx 95% complete for C57BL6xDBA_MII_oocyte_RNA_ZhangLab2021_rep2_GSM4970026_R2_raw.fastq.gz
Analysis complete for C57BL6xDBA_MII_oocyte_RNA_ZhangLab2021_rep2_GSM4970026_R1_raw.fastq.gz
Analysis complete for C57BL6xDBA_MII_oocyte_RNA_ZhangLab2021_rep2_GSM4970026_R2_raw.fastq.gz
[fastQC] on raw FASTQs finished succesfully. Will remove PCR duplicates now at [Fri Aug 30 07:41:30 PM CEST 2024]
Reads are length: 101 at [Fri Aug 30 07:41:30 PM CEST 2024]
Reads with same sequence 1 or fewer substitutions will be marked as PCR duplicates at [Fri Aug 30 07:41:30 PM CEST 2024]
Removal of PCR duplicates complete! at [Fri Aug 30 08:04:05 PM CEST 2024]
[trimReads] Started using version trimV5 parameters at [Fri Aug 30 08:04:05 PM CEST 2024]
ILLUMINACLIP:/data/reference_genomes/adapters/adapters.fa:2:30:10 SLIDINGWINDOW:4:20 MINLEN:24
[trimReads] Trimming C57BL6xDBA_MII_oocyte_RNA_ZhangLab2021_rep2_GSM4970026_R1.fastq.gz and C57BL6xDBA_MII_oocyte_RNA_ZhangLab2021_rep2_GSM4970026_R2.fastq.gz... at [Fri Aug 30 08:04:05 PM CEST 2024]
[trimReads] Finished successfully at [Fri Aug 30 08:09:54 PM CEST 2024]
[fastQC] started on C57BL6xDBA_MII_oocyte_RNA_ZhangLab2021_rep2_GSM4970026_R1.fastq.gz C57BL6xDBA_MII_oocyte_RNA_ZhangLab2021_rep2_GSM4970026_R2.fastq.gz C57BL6xDBA_MII_oocyte_RNA_ZhangLab2021_rep2_GSM4970026_trimV5_R1.fastq.gz C57BL6xDBA_MII_oocyte_RNA_ZhangLab2021_rep2_GSM4970026_trimV5_R2.fastq.gz at [Fri Aug 30 08:09:54 PM CEST 2024]
Started analysis of C57BL6xDBA_MII_oocyte_RNA_ZhangLab2021_rep2_GSM4970026_R1.fastq.gz
Started analysis of C57BL6xDBA_MII_oocyte_RNA_ZhangLab2021_rep2_GSM4970026_R2.fastq.gz
Started analysis of C57BL6xDBA_MII_oocyte_RNA_ZhangLab2021_rep2_GSM4970026_trimV5_R1.fastq.gz
Started analysis of C57BL6xDBA_MII_oocyte_RNA_ZhangLab2021_rep2_GSM4970026_trimV5_R2.fastq.gz
Approx 5% complete for C57BL6xDBA_MII_oocyte_RNA_ZhangLab2021_rep2_GSM4970026_R1.fastq.gz
Approx 5% complete for C57BL6xDBA_MII_oocyte_RNA_ZhangLab2021_rep2_GSM4970026_trimV5_R1.fastq.gz
Approx 5% complete for C57BL6xDBA_MII_oocyte_RNA_ZhangLab2021_rep2_GSM4970026_trimV5_R2.fastq.gz
Approx 5% complete for C57BL6xDBA_MII_oocyte_RNA_ZhangLab2021_rep2_GSM4970026_R2.fastq.gz
Approx 10% complete for C57BL6xDBA_MII_oocyte_RNA_ZhangLab2021_rep2_GSM4970026_trimV5_R1.fastq.gz
Approx 10% complete for C57BL6xDBA_MII_oocyte_RNA_ZhangLab2021_rep2_GSM4970026_R1.fastq.gz
Approx 10% complete for C57BL6xDBA_MII_oocyte_RNA_ZhangLab2021_rep2_GSM4970026_trimV5_R2.fastq.gz
Approx 10% complete for C57BL6xDBA_MII_oocyte_RNA_ZhangLab2021_rep2_GSM4970026_R2.fastq.gz
Approx 15% complete for C57BL6xDBA_MII_oocyte_RNA_ZhangLab2021_rep2_GSM4970026_trimV5_R1.fastq.gz
Approx 15% complete for C57BL6xDBA_MII_oocyte_RNA_ZhangLab2021_rep2_GSM4970026_R1.fastq.gz
Approx 15% complete for C57BL6xDBA_MII_oocyte_RNA_ZhangLab2021_rep2_GSM4970026_trimV5_R2.fastq.gz
Approx 20% complete for C57BL6xDBA_MII_oocyte_RNA_ZhangLab2021_rep2_GSM4970026_trimV5_R1.fastq.gz
Approx 15% complete for C57BL6xDBA_MII_oocyte_RNA_ZhangLab2021_rep2_GSM4970026_R2.fastq.gz
Approx 20% complete for C57BL6xDBA_MII_oocyte_RNA_ZhangLab2021_rep2_GSM4970026_R1.fastq.gz
Approx 20% complete for C57BL6xDBA_MII_oocyte_RNA_ZhangLab2021_rep2_GSM4970026_trimV5_R2.fastq.gz
Approx 25% complete for C57BL6xDBA_MII_oocyte_RNA_ZhangLab2021_rep2_GSM4970026_trimV5_R1.fastq.gz
Approx 20% complete for C57BL6xDBA_MII_oocyte_RNA_ZhangLab2021_rep2_GSM4970026_R2.fastq.gz
Approx 25% complete for C57BL6xDBA_MII_oocyte_RNA_ZhangLab2021_rep2_GSM4970026_R1.fastq.gz
Approx 25% complete for C57BL6xDBA_MII_oocyte_RNA_ZhangLab2021_rep2_GSM4970026_trimV5_R2.fastq.gz
Approx 30% complete for C57BL6xDBA_MII_oocyte_RNA_ZhangLab2021_rep2_GSM4970026_trimV5_R1.fastq.gz
Approx 25% complete for C57BL6xDBA_MII_oocyte_RNA_ZhangLab2021_rep2_GSM4970026_R2.fastq.gz
Approx 30% complete for C57BL6xDBA_MII_oocyte_RNA_ZhangLab2021_rep2_GSM4970026_R1.fastq.gz
Approx 35% complete for C57BL6xDBA_MII_oocyte_RNA_ZhangLab2021_rep2_GSM4970026_trimV5_R1.fastq.gz
Approx 30% complete for C57BL6xDBA_MII_oocyte_RNA_ZhangLab2021_rep2_GSM4970026_trimV5_R2.fastq.gz
Approx 35% complete for C57BL6xDBA_MII_oocyte_RNA_ZhangLab2021_rep2_GSM4970026_R1.fastq.gz
Approx 40% complete for C57BL6xDBA_MII_oocyte_RNA_ZhangLab2021_rep2_GSM4970026_trimV5_R1.fastq.gz
Approx 30% complete for C57BL6xDBA_MII_oocyte_RNA_ZhangLab2021_rep2_GSM4970026_R2.fastq.gz
Approx 35% complete for C57BL6xDBA_MII_oocyte_RNA_ZhangLab2021_rep2_GSM4970026_trimV5_R2.fastq.gz
Approx 40% complete for C57BL6xDBA_MII_oocyte_RNA_ZhangLab2021_rep2_GSM4970026_R1.fastq.gz
Approx 45% complete for C57BL6xDBA_MII_oocyte_RNA_ZhangLab2021_rep2_GSM4970026_trimV5_R1.fastq.gz
Approx 40% complete for C57BL6xDBA_MII_oocyte_RNA_ZhangLab2021_rep2_GSM4970026_trimV5_R2.fastq.gz
Approx 35% complete for C57BL6xDBA_MII_oocyte_RNA_ZhangLab2021_rep2_GSM4970026_R2.fastq.gz
Approx 50% complete for C57BL6xDBA_MII_oocyte_RNA_ZhangLab2021_rep2_GSM4970026_trimV5_R1.fastq.gz
Approx 45% complete for C57BL6xDBA_MII_oocyte_RNA_ZhangLab2021_rep2_GSM4970026_R1.fastq.gz
Approx 45% complete for C57BL6xDBA_MII_oocyte_RNA_ZhangLab2021_rep2_GSM4970026_trimV5_R2.fastq.gz
Approx 40% complete for C57BL6xDBA_MII_oocyte_RNA_ZhangLab2021_rep2_GSM4970026_R2.fastq.gz
Approx 55% complete for C57BL6xDBA_MII_oocyte_RNA_ZhangLab2021_rep2_GSM4970026_trimV5_R1.fastq.gz
Approx 50% complete for C57BL6xDBA_MII_oocyte_RNA_ZhangLab2021_rep2_GSM4970026_R1.fastq.gz
Approx 50% complete for C57BL6xDBA_MII_oocyte_RNA_ZhangLab2021_rep2_GSM4970026_trimV5_R2.fastq.gz
Approx 60% complete for C57BL6xDBA_MII_oocyte_RNA_ZhangLab2021_rep2_GSM4970026_trimV5_R1.fastq.gz
Approx 45% complete for C57BL6xDBA_MII_oocyte_RNA_ZhangLab2021_rep2_GSM4970026_R2.fastq.gz
Approx 55% complete for C57BL6xDBA_MII_oocyte_RNA_ZhangLab2021_rep2_GSM4970026_R1.fastq.gz
Approx 55% complete for C57BL6xDBA_MII_oocyte_RNA_ZhangLab2021_rep2_GSM4970026_trimV5_R2.fastq.gz
Approx 65% complete for C57BL6xDBA_MII_oocyte_RNA_ZhangLab2021_rep2_GSM4970026_trimV5_R1.fastq.gz
Approx 60% complete for C57BL6xDBA_MII_oocyte_RNA_ZhangLab2021_rep2_GSM4970026_R1.fastq.gz
Approx 50% complete for C57BL6xDBA_MII_oocyte_RNA_ZhangLab2021_rep2_GSM4970026_R2.fastq.gz
Approx 70% complete for C57BL6xDBA_MII_oocyte_RNA_ZhangLab2021_rep2_GSM4970026_trimV5_R1.fastq.gz
Approx 60% complete for C57BL6xDBA_MII_oocyte_RNA_ZhangLab2021_rep2_GSM4970026_trimV5_R2.fastq.gz
Approx 65% complete for C57BL6xDBA_MII_oocyte_RNA_ZhangLab2021_rep2_GSM4970026_R1.fastq.gz
Approx 55% complete for C57BL6xDBA_MII_oocyte_RNA_ZhangLab2021_rep2_GSM4970026_R2.fastq.gz
Approx 75% complete for C57BL6xDBA_MII_oocyte_RNA_ZhangLab2021_rep2_GSM4970026_trimV5_R1.fastq.gz
Approx 65% complete for C57BL6xDBA_MII_oocyte_RNA_ZhangLab2021_rep2_GSM4970026_trimV5_R2.fastq.gz
Approx 70% complete for C57BL6xDBA_MII_oocyte_RNA_ZhangLab2021_rep2_GSM4970026_R1.fastq.gz
Approx 80% complete for C57BL6xDBA_MII_oocyte_RNA_ZhangLab2021_rep2_GSM4970026_trimV5_R1.fastq.gz
Approx 60% complete for C57BL6xDBA_MII_oocyte_RNA_ZhangLab2021_rep2_GSM4970026_R2.fastq.gz
Approx 70% complete for C57BL6xDBA_MII_oocyte_RNA_ZhangLab2021_rep2_GSM4970026_trimV5_R2.fastq.gz
Approx 75% complete for C57BL6xDBA_MII_oocyte_RNA_ZhangLab2021_rep2_GSM4970026_R1.fastq.gz
Approx 85% complete for C57BL6xDBA_MII_oocyte_RNA_ZhangLab2021_rep2_GSM4970026_trimV5_R1.fastq.gz
Approx 65% complete for C57BL6xDBA_MII_oocyte_RNA_ZhangLab2021_rep2_GSM4970026_R2.fastq.gz
Approx 75% complete for C57BL6xDBA_MII_oocyte_RNA_ZhangLab2021_rep2_GSM4970026_trimV5_R2.fastq.gz
Approx 80% complete for C57BL6xDBA_MII_oocyte_RNA_ZhangLab2021_rep2_GSM4970026_R1.fastq.gz
Approx 90% complete for C57BL6xDBA_MII_oocyte_RNA_ZhangLab2021_rep2_GSM4970026_trimV5_R1.fastq.gz
Approx 80% complete for C57BL6xDBA_MII_oocyte_RNA_ZhangLab2021_rep2_GSM4970026_trimV5_R2.fastq.gz
Approx 85% complete for C57BL6xDBA_MII_oocyte_RNA_ZhangLab2021_rep2_GSM4970026_R1.fastq.gz
Approx 70% complete for C57BL6xDBA_MII_oocyte_RNA_ZhangLab2021_rep2_GSM4970026_R2.fastq.gz
Approx 95% complete for C57BL6xDBA_MII_oocyte_RNA_ZhangLab2021_rep2_GSM4970026_trimV5_R1.fastq.gz
Approx 85% complete for C57BL6xDBA_MII_oocyte_RNA_ZhangLab2021_rep2_GSM4970026_trimV5_R2.fastq.gz
Analysis complete for C57BL6xDBA_MII_oocyte_RNA_ZhangLab2021_rep2_GSM4970026_trimV5_R1.fastq.gz
Approx 90% complete for C57BL6xDBA_MII_oocyte_RNA_ZhangLab2021_rep2_GSM4970026_R1.fastq.gz
Approx 75% complete for C57BL6xDBA_MII_oocyte_RNA_ZhangLab2021_rep2_GSM4970026_R2.fastq.gz
Approx 90% complete for C57BL6xDBA_MII_oocyte_RNA_ZhangLab2021_rep2_GSM4970026_trimV5_R2.fastq.gz
Approx 95% complete for C57BL6xDBA_MII_oocyte_RNA_ZhangLab2021_rep2_GSM4970026_R1.fastq.gz
Approx 80% complete for C57BL6xDBA_MII_oocyte_RNA_ZhangLab2021_rep2_GSM4970026_R2.fastq.gz
Approx 95% complete for C57BL6xDBA_MII_oocyte_RNA_ZhangLab2021_rep2_GSM4970026_trimV5_R2.fastq.gz
Analysis complete for C57BL6xDBA_MII_oocyte_RNA_ZhangLab2021_rep2_GSM4970026_R1.fastq.gz
Analysis complete for C57BL6xDBA_MII_oocyte_RNA_ZhangLab2021_rep2_GSM4970026_trimV5_R2.fastq.gz
Approx 85% complete for C57BL6xDBA_MII_oocyte_RNA_ZhangLab2021_rep2_GSM4970026_R2.fastq.gz
Approx 90% complete for C57BL6xDBA_MII_oocyte_RNA_ZhangLab2021_rep2_GSM4970026_R2.fastq.gz
Approx 95% complete for C57BL6xDBA_MII_oocyte_RNA_ZhangLab2021_rep2_GSM4970026_R2.fastq.gz
Analysis complete for C57BL6xDBA_MII_oocyte_RNA_ZhangLab2021_rep2_GSM4970026_R2.fastq.gz
[fastQC] finished succesfully at [Fri Aug 30 08:12:15 PM CEST 2024]
[fastqScreen] started on C57BL6xDBA_MII_oocyte_RNA_ZhangLab2021_rep2_GSM4970026_trimV5_R1.fastq.gz at [Fri Aug 30 08:12:15 PM CEST 2024]
Using fastq_screen v0.15.1
Couldn't find fastq_screen.conf at '/home/robin/bin/miniconda3/share/fastq-screen-0.15.2-0/fastq_screen.conf'
[fastqScreen] finished successfully at [Fri Aug 30 08:12:15 PM CEST 2024]
[STAR alignment] started with reference /data/reference_genomes/mm10 at [Fri Aug 30 08:12:15 PM CEST 2024]
	STAR --runMode alignReads --genomeDir /data/reference_genomes/mm10 --runThreadN 12 --limitBAMsortRAM 4G --readFilesCommand zcat --readFilesIn C57BL6xDBA_MII_oocyte_RNA_ZhangLab2021_rep2_GSM4970026_trimV5_R1.fastq.gz C57BL6xDBA_MII_oocyte_RNA_ZhangLab2021_rep2_GSM4970026_trimV5_R2.fastq.gz --outFilterType BySJout --outSAMtype SAM
	STAR version: 2.7.9a   compiled: 2021-05-04T09:43:56-0400 vega:/home/dobin/data/STAR/STARcode/STAR.master/source
Aug 30 20:12:15 ..... started STAR run
Aug 30 20:12:15 ..... loading genome
Aug 30 20:13:25 ..... started mapping
Aug 30 20:18:56 ..... finished mapping
Aug 30 20:18:58 ..... finished successfully
[STAR alignment] finished successfully at [Fri Aug 30 08:19:01 PM CEST 2024]
[sam grooming] started at [Fri Aug 30 08:20:49 PM CEST 2024]
20:20:50.045 INFO  NativeLibraryLoader - Loading libgkl_compression.so from jar:file:/home/robin/bin/miniconda3/share/picard-2.26.2-0/picard.jar!/com/intel/gkl/native/libgkl_compression.so
[Fri Aug 30 20:20:50 CEST 2024] CleanSam --INPUT C57BL6xDBA_MII_oocyte_RNA_ZhangLab2021_rep2_GSM4970026_raw.sam --OUTPUT C57BL6xDBA_MII_oocyte_RNA_ZhangLab2021_rep2_GSM4970026_cleaned.sam --TMP_DIR . --VERBOSITY INFO --QUIET false --VALIDATION_STRINGENCY STRICT --COMPRESSION_LEVEL 5 --MAX_RECORDS_IN_RAM 500000 --CREATE_INDEX false --CREATE_MD5_FILE false --GA4GH_CLIENT_SECRETS client_secrets.json --help false --version false --showHidden false --USE_JDK_DEFLATER false --USE_JDK_INFLATER false
[Fri Aug 30 20:20:50 CEST 2024] Executing as robin@epipax.ijm.univ-paris-diderot.priv on Linux 6.1.0-23-amd64 amd64; OpenJDK 64-Bit Server VM 1.8.0_332-b09; Deflater: Intel; Inflater: Intel; Provider GCS is not available; Picard version: Version:2.26.2
INFO	2024-08-30 20:20:50	CleanSam	Seen many non-increasing record positions. Printing Read-names as well.
INFO	2024-08-30 20:20:55	CleanSam	Processed     1,000,000 records.  Elapsed time: 00:00:04s.  Time for last 1,000,000:    4s.  Last read position: chr13:95,336,604.  Last read name: SRR13238898.22906290
INFO	2024-08-30 20:20:59	CleanSam	Processed     2,000,000 records.  Elapsed time: 00:00:09s.  Time for last 1,000,000:    4s.  Last read position: chrX:6,315,094.  Last read name: SRR13238898.24240822
INFO	2024-08-30 20:21:03	CleanSam	Processed     3,000,000 records.  Elapsed time: 00:00:13s.  Time for last 1,000,000:    4s.  Last read position: chr19:9,893,510.  Last read name: SRR13238898.16169426
INFO	2024-08-30 20:21:08	CleanSam	Processed     4,000,000 records.  Elapsed time: 00:00:17s.  Time for last 1,000,000:    4s.  Last read position: chr14:63,436,224.  Last read name: SRR13238898.17310146
INFO	2024-08-30 20:21:12	CleanSam	Processed     5,000,000 records.  Elapsed time: 00:00:22s.  Time for last 1,000,000:    4s.  Last read position: chr15:96,462,310.  Last read name: SRR13238898.14787350
INFO	2024-08-30 20:21:16	CleanSam	Processed     6,000,000 records.  Elapsed time: 00:00:26s.  Time for last 1,000,000:    4s.  Last read position: chr2:145,930,573.  Last read name: SRR13238898.3897356
INFO	2024-08-30 20:21:21	CleanSam	Processed     7,000,000 records.  Elapsed time: 00:00:30s.  Time for last 1,000,000:    4s.  Last read position: chr2:52,112,241.  Last read name: SRR13238898.4627145
INFO	2024-08-30 20:21:25	CleanSam	Processed     8,000,000 records.  Elapsed time: 00:00:35s.  Time for last 1,000,000:    4s.  Last read position: chr13:111,702,657.  Last read name: SRR13238898.6471749
INFO	2024-08-30 20:21:29	CleanSam	Processed     9,000,000 records.  Elapsed time: 00:00:39s.  Time for last 1,000,000:    4s.  Last read position: chr9:75,409,853.  Last read name: SRR13238898.23757622
INFO	2024-08-30 20:21:33	CleanSam	Processed    10,000,000 records.  Elapsed time: 00:00:43s.  Time for last 1,000,000:    4s.  Last read position: chr16:31,086,764.  Last read name: SRR13238898.7049985
INFO	2024-08-30 20:21:37	CleanSam	Processed    11,000,000 records.  Elapsed time: 00:00:47s.  Time for last 1,000,000:    4s.  Last read position: chr5:124,888,131.  Last read name: SRR13238898.12827272
INFO	2024-08-30 20:21:42	CleanSam	Processed    12,000,000 records.  Elapsed time: 00:00:52s.  Time for last 1,000,000:    4s.  Last read position: chr11:116,047,874.  Last read name: SRR13238898.19128005
INFO	2024-08-30 20:21:46	CleanSam	Processed    13,000,000 records.  Elapsed time: 00:00:56s.  Time for last 1,000,000:    4s.  Last read position: chr15:10,836,050.  Last read name: SRR13238898.20554397
INFO	2024-08-30 20:21:51	CleanSam	Processed    14,000,000 records.  Elapsed time: 00:01:00s.  Time for last 1,000,000:    4s.  Last read position: chr2:119,902,605.  Last read name: SRR13238898.23709360
INFO	2024-08-30 20:21:55	CleanSam	Processed    15,000,000 records.  Elapsed time: 00:01:05s.  Time for last 1,000,000:    4s.  Last read position: chr2:118,632,451.  Last read name: SRR13238898.5166254
INFO	2024-08-30 20:22:00	CleanSam	Processed    16,000,000 records.  Elapsed time: 00:01:10s.  Time for last 1,000,000:    4s.  Last read position: chr6:50,628,988.  Last read name: SRR13238898.10573659
INFO	2024-08-30 20:22:04	CleanSam	Processed    17,000,000 records.  Elapsed time: 00:01:14s.  Time for last 1,000,000:    4s.  Last read position: chr1:35,868,367.  Last read name: SRR13238898.12669199
INFO	2024-08-30 20:22:09	CleanSam	Processed    18,000,000 records.  Elapsed time: 00:01:19s.  Time for last 1,000,000:    4s.  Last read position: chr14:25,296,798.  Last read name: SRR13238898.7841381
INFO	2024-08-30 20:22:14	CleanSam	Processed    19,000,000 records.  Elapsed time: 00:01:24s.  Time for last 1,000,000:    4s.  Last read position: chr2:166,952,425.  Last read name: SRR13238898.7953101
INFO	2024-08-30 20:22:18	CleanSam	Processed    20,000,000 records.  Elapsed time: 00:01:28s.  Time for last 1,000,000:    4s.  Last read position: chrM:1,978.  Last read name: SRR13238898.8444529
INFO	2024-08-30 20:22:23	CleanSam	Processed    21,000,000 records.  Elapsed time: 00:01:33s.  Time for last 1,000,000:    4s.  Last read position: chr4:116,221,939.  Last read name: SRR13238898.2575596
INFO	2024-08-30 20:22:27	CleanSam	Processed    22,000,000 records.  Elapsed time: 00:01:37s.  Time for last 1,000,000:    4s.  Last read position: chr19:56,944,743.  Last read name: SRR13238898.3293793
INFO	2024-08-30 20:22:32	CleanSam	Processed    23,000,000 records.  Elapsed time: 00:01:42s.  Time for last 1,000,000:    4s.  Last read position: chr1:185,386,259.  Last read name: SRR13238898.19624578
INFO	2024-08-30 20:22:36	CleanSam	Processed    24,000,000 records.  Elapsed time: 00:01:46s.  Time for last 1,000,000:    4s.  Last read position: chr5:103,862,871.  Last read name: SRR13238898.1746552
INFO	2024-08-30 20:22:40	CleanSam	Processed    25,000,000 records.  Elapsed time: 00:01:50s.  Time for last 1,000,000:    4s.  Last read position: chr3:96,272,316.  Last read name: SRR13238898.10844449
INFO	2024-08-30 20:22:45	CleanSam	Processed    26,000,000 records.  Elapsed time: 00:01:55s.  Time for last 1,000,000:    4s.  Last read position: chr19:10,956,101.  Last read name: SRR13238898.4602977
INFO	2024-08-30 20:22:49	CleanSam	Processed    27,000,000 records.  Elapsed time: 00:01:59s.  Time for last 1,000,000:    4s.  Last read position: chr4:143,437,329.  Last read name: SRR13238898.8654341
INFO	2024-08-30 20:22:54	CleanSam	Processed    28,000,000 records.  Elapsed time: 00:02:04s.  Time for last 1,000,000:    4s.  Last read position: chr8:120,657,982.  Last read name: SRR13238898.20191051
INFO	2024-08-30 20:22:58	CleanSam	Processed    29,000,000 records.  Elapsed time: 00:02:08s.  Time for last 1,000,000:    4s.  Last read position: chr7:144,477,849.  Last read name: SRR13238898.1768105
INFO	2024-08-30 20:23:03	CleanSam	Processed    30,000,000 records.  Elapsed time: 00:02:13s.  Time for last 1,000,000:    4s.  Last read position: chr13:108,091,530.  Last read name: SRR13238898.12875183
INFO	2024-08-30 20:23:07	CleanSam	Processed    31,000,000 records.  Elapsed time: 00:02:17s.  Time for last 1,000,000:    4s.  Last read position: chr3:142,809,658.  Last read name: SRR13238898.12753574
INFO	2024-08-30 20:23:11	CleanSam	Processed    32,000,000 records.  Elapsed time: 00:02:21s.  Time for last 1,000,000:    4s.  Last read position: chr19:58,013,117.  Last read name: SRR13238898.25907614
INFO	2024-08-30 20:23:16	CleanSam	Processed    33,000,000 records.  Elapsed time: 00:02:26s.  Time for last 1,000,000:    4s.  Last read position: chr15:37,149,572.  Last read name: SRR13238898.18946962
INFO	2024-08-30 20:23:20	CleanSam	Processed    34,000,000 records.  Elapsed time: 00:02:30s.  Time for last 1,000,000:    4s.  Last read position: chr13:85,213,446.  Last read name: SRR13238898.23078124
INFO	2024-08-30 20:23:25	CleanSam	Processed    35,000,000 records.  Elapsed time: 00:02:35s.  Time for last 1,000,000:    4s.  Last read position: chr5:69,586,492.  Last read name: SRR13238898.16290016
INFO	2024-08-30 20:23:29	CleanSam	Processed    36,000,000 records.  Elapsed time: 00:02:39s.  Time for last 1,000,000:    4s.  Last read position: chr9:78,378,099.  Last read name: SRR13238898.11599625
INFO	2024-08-30 20:23:34	CleanSam	Processed    37,000,000 records.  Elapsed time: 00:02:44s.  Time for last 1,000,000:    4s.  Last read position: chrM:344.  Last read name: SRR13238898.6100659
INFO	2024-08-30 20:23:38	CleanSam	Processed    38,000,000 records.  Elapsed time: 00:02:48s.  Time for last 1,000,000:    4s.  Last read position: chr15:6,796,851.  Last read name: SRR13238898.2850694
INFO	2024-08-30 20:23:43	CleanSam	Processed    39,000,000 records.  Elapsed time: 00:02:53s.  Time for last 1,000,000:    4s.  Last read position: chr2:109,287,951.  Last read name: SRR13238898.22096046
INFO	2024-08-30 20:23:47	CleanSam	Processed    40,000,000 records.  Elapsed time: 00:02:57s.  Time for last 1,000,000:    4s.  Last read position: chr16:88,590,661.  Last read name: SRR13238898.22141100
INFO	2024-08-30 20:23:52	CleanSam	Processed    41,000,000 records.  Elapsed time: 00:03:01s.  Time for last 1,000,000:    4s.  Last read position: chr7:132,570,046.  Last read name: SRR13238898.8206585
INFO	2024-08-30 20:23:56	CleanSam	Processed    42,000,000 records.  Elapsed time: 00:03:06s.  Time for last 1,000,000:    4s.  Last read position: chr5:108,492,000.  Last read name: SRR13238898.3624831
INFO	2024-08-30 20:24:00	CleanSam	Processed    43,000,000 records.  Elapsed time: 00:03:10s.  Time for last 1,000,000:    4s.  Last read position: chr13:58,264,080.  Last read name: SRR13238898.1479427
INFO	2024-08-30 20:24:05	CleanSam	Processed    44,000,000 records.  Elapsed time: 00:03:14s.  Time for last 1,000,000:    4s.  Last read position: chr2:4,822,866.  Last read name: SRR13238898.2464854
[Fri Aug 30 20:24:18 CEST 2024] picard.sam.CleanSam done. Elapsed time: 3.47 minutes.
Runtime.totalMemory()=721420288
20:24:20.562 INFO  NativeLibraryLoader - Loading libgkl_compression.so from jar:file:/home/robin/bin/miniconda3/share/picard-2.26.2-0/picard.jar!/com/intel/gkl/native/libgkl_compression.so
[Fri Aug 30 20:24:20 CEST 2024] SamFormatConverter --INPUT C57BL6xDBA_MII_oocyte_RNA_ZhangLab2021_rep2_GSM4970026_cleaned.sam --OUTPUT C57BL6xDBA_MII_oocyte_RNA_ZhangLab2021_rep2_GSM4970026_unsorted.bam --TMP_DIR . --VERBOSITY INFO --QUIET false --VALIDATION_STRINGENCY STRICT --COMPRESSION_LEVEL 5 --MAX_RECORDS_IN_RAM 500000 --CREATE_INDEX false --CREATE_MD5_FILE false --GA4GH_CLIENT_SECRETS client_secrets.json --help false --version false --showHidden false --USE_JDK_DEFLATER false --USE_JDK_INFLATER false
[Fri Aug 30 20:24:20 CEST 2024] Executing as robin@epipax.ijm.univ-paris-diderot.priv on Linux 6.1.0-23-amd64 amd64; OpenJDK 64-Bit Server VM 1.8.0_332-b09; Deflater: Intel; Inflater: Intel; Provider GCS is not available; Picard version: Version:2.26.2
INFO	2024-08-30 20:24:22	SamFormatConverter	Seen many non-increasing record positions. Printing Read-names as well.
INFO	2024-08-30 20:24:30	SamFormatConverter	Processed     1,000,000 records.  Elapsed time: 00:00:08s.  Time for last 1,000,000:    8s.  Last read position: chr13:95,336,604.  Last read name: SRR13238898.22906290
INFO	2024-08-30 20:24:39	SamFormatConverter	Processed     2,000,000 records.  Elapsed time: 00:00:17s.  Time for last 1,000,000:    8s.  Last read position: chrX:6,315,094.  Last read name: SRR13238898.24240822
INFO	2024-08-30 20:24:48	SamFormatConverter	Processed     3,000,000 records.  Elapsed time: 00:00:26s.  Time for last 1,000,000:    8s.  Last read position: chr19:9,893,510.  Last read name: SRR13238898.16169426
INFO	2024-08-30 20:24:57	SamFormatConverter	Processed     4,000,000 records.  Elapsed time: 00:00:35s.  Time for last 1,000,000:    9s.  Last read position: chr14:63,436,224.  Last read name: SRR13238898.17310146
INFO	2024-08-30 20:25:07	SamFormatConverter	Processed     5,000,000 records.  Elapsed time: 00:00:45s.  Time for last 1,000,000:   10s.  Last read position: chr15:96,462,310.  Last read name: SRR13238898.14787350
INFO	2024-08-30 20:25:16	SamFormatConverter	Processed     6,000,000 records.  Elapsed time: 00:00:54s.  Time for last 1,000,000:    9s.  Last read position: chr2:145,930,573.  Last read name: SRR13238898.3897356
INFO	2024-08-30 20:25:26	SamFormatConverter	Processed     7,000,000 records.  Elapsed time: 00:01:04s.  Time for last 1,000,000:    9s.  Last read position: chr2:52,112,241.  Last read name: SRR13238898.4627145
INFO	2024-08-30 20:25:34	SamFormatConverter	Processed     8,000,000 records.  Elapsed time: 00:01:13s.  Time for last 1,000,000:    8s.  Last read position: chr13:111,702,657.  Last read name: SRR13238898.6471749
INFO	2024-08-30 20:25:43	SamFormatConverter	Processed     9,000,000 records.  Elapsed time: 00:01:21s.  Time for last 1,000,000:    8s.  Last read position: chr9:75,409,853.  Last read name: SRR13238898.23757622
INFO	2024-08-30 20:25:50	SamFormatConverter	Processed    10,000,000 records.  Elapsed time: 00:01:28s.  Time for last 1,000,000:    7s.  Last read position: chr16:31,086,764.  Last read name: SRR13238898.7049985
INFO	2024-08-30 20:25:58	SamFormatConverter	Processed    11,000,000 records.  Elapsed time: 00:01:36s.  Time for last 1,000,000:    8s.  Last read position: chr5:124,888,131.  Last read name: SRR13238898.12827272
INFO	2024-08-30 20:26:07	SamFormatConverter	Processed    12,000,000 records.  Elapsed time: 00:01:45s.  Time for last 1,000,000:    8s.  Last read position: chr11:116,047,874.  Last read name: SRR13238898.19128005
INFO	2024-08-30 20:26:15	SamFormatConverter	Processed    13,000,000 records.  Elapsed time: 00:01:53s.  Time for last 1,000,000:    8s.  Last read position: chr15:10,836,050.  Last read name: SRR13238898.20554397
INFO	2024-08-30 20:26:23	SamFormatConverter	Processed    14,000,000 records.  Elapsed time: 00:02:01s.  Time for last 1,000,000:    8s.  Last read position: chr2:119,902,605.  Last read name: SRR13238898.23709360
INFO	2024-08-30 20:26:32	SamFormatConverter	Processed    15,000,000 records.  Elapsed time: 00:02:10s.  Time for last 1,000,000:    8s.  Last read position: chr2:118,632,451.  Last read name: SRR13238898.5166254
INFO	2024-08-30 20:26:40	SamFormatConverter	Processed    16,000,000 records.  Elapsed time: 00:02:18s.  Time for last 1,000,000:    8s.  Last read position: chr6:50,628,988.  Last read name: SRR13238898.10573659
INFO	2024-08-30 20:26:48	SamFormatConverter	Processed    17,000,000 records.  Elapsed time: 00:02:26s.  Time for last 1,000,000:    8s.  Last read position: chr1:35,868,367.  Last read name: SRR13238898.12669199
INFO	2024-08-30 20:26:56	SamFormatConverter	Processed    18,000,000 records.  Elapsed time: 00:02:35s.  Time for last 1,000,000:    8s.  Last read position: chr14:25,296,798.  Last read name: SRR13238898.7841381
INFO	2024-08-30 20:27:06	SamFormatConverter	Processed    19,000,000 records.  Elapsed time: 00:02:44s.  Time for last 1,000,000:    9s.  Last read position: chr2:166,952,425.  Last read name: SRR13238898.7953101
INFO	2024-08-30 20:27:14	SamFormatConverter	Processed    20,000,000 records.  Elapsed time: 00:02:52s.  Time for last 1,000,000:    8s.  Last read position: chrM:1,978.  Last read name: SRR13238898.8444529
INFO	2024-08-30 20:27:22	SamFormatConverter	Processed    21,000,000 records.  Elapsed time: 00:03:00s.  Time for last 1,000,000:    8s.  Last read position: chr4:116,221,939.  Last read name: SRR13238898.2575596
INFO	2024-08-30 20:27:31	SamFormatConverter	Processed    22,000,000 records.  Elapsed time: 00:03:09s.  Time for last 1,000,000:    9s.  Last read position: chr19:56,944,743.  Last read name: SRR13238898.3293793
INFO	2024-08-30 20:27:40	SamFormatConverter	Processed    23,000,000 records.  Elapsed time: 00:03:18s.  Time for last 1,000,000:    8s.  Last read position: chr1:185,386,259.  Last read name: SRR13238898.19624578
INFO	2024-08-30 20:27:48	SamFormatConverter	Processed    24,000,000 records.  Elapsed time: 00:03:26s.  Time for last 1,000,000:    8s.  Last read position: chr5:103,862,871.  Last read name: SRR13238898.1746552
INFO	2024-08-30 20:27:57	SamFormatConverter	Processed    25,000,000 records.  Elapsed time: 00:03:35s.  Time for last 1,000,000:    8s.  Last read position: chr3:96,272,316.  Last read name: SRR13238898.10844449
INFO	2024-08-30 20:28:06	SamFormatConverter	Processed    26,000,000 records.  Elapsed time: 00:03:44s.  Time for last 1,000,000:    8s.  Last read position: chr19:10,956,101.  Last read name: SRR13238898.4602977
INFO	2024-08-30 20:28:15	SamFormatConverter	Processed    27,000,000 records.  Elapsed time: 00:03:53s.  Time for last 1,000,000:    8s.  Last read position: chr4:143,437,329.  Last read name: SRR13238898.8654341
INFO	2024-08-30 20:28:25	SamFormatConverter	Processed    28,000,000 records.  Elapsed time: 00:04:03s.  Time for last 1,000,000:   10s.  Last read position: chr8:120,657,982.  Last read name: SRR13238898.20191051
INFO	2024-08-30 20:28:34	SamFormatConverter	Processed    29,000,000 records.  Elapsed time: 00:04:12s.  Time for last 1,000,000:    9s.  Last read position: chr7:144,477,849.  Last read name: SRR13238898.1768105
INFO	2024-08-30 20:28:45	SamFormatConverter	Processed    30,000,000 records.  Elapsed time: 00:04:23s.  Time for last 1,000,000:   10s.  Last read position: chr13:108,091,530.  Last read name: SRR13238898.12875183
INFO	2024-08-30 20:28:54	SamFormatConverter	Processed    31,000,000 records.  Elapsed time: 00:04:32s.  Time for last 1,000,000:    9s.  Last read position: chr3:142,809,658.  Last read name: SRR13238898.12753574
INFO	2024-08-30 20:29:03	SamFormatConverter	Processed    32,000,000 records.  Elapsed time: 00:04:41s.  Time for last 1,000,000:    9s.  Last read position: chr19:58,013,117.  Last read name: SRR13238898.25907614
INFO	2024-08-30 20:29:13	SamFormatConverter	Processed    33,000,000 records.  Elapsed time: 00:04:51s.  Time for last 1,000,000:    9s.  Last read position: chr15:37,149,572.  Last read name: SRR13238898.18946962
INFO	2024-08-30 20:29:23	SamFormatConverter	Processed    34,000,000 records.  Elapsed time: 00:05:01s.  Time for last 1,000,000:    9s.  Last read position: chr13:85,213,446.  Last read name: SRR13238898.23078124
INFO	2024-08-30 20:29:34	SamFormatConverter	Processed    35,000,000 records.  Elapsed time: 00:05:12s.  Time for last 1,000,000:   10s.  Last read position: chr5:69,586,492.  Last read name: SRR13238898.16290016
INFO	2024-08-30 20:29:45	SamFormatConverter	Processed    36,000,000 records.  Elapsed time: 00:05:23s.  Time for last 1,000,000:   10s.  Last read position: chr9:78,378,099.  Last read name: SRR13238898.11599625
INFO	2024-08-30 20:29:57	SamFormatConverter	Processed    37,000,000 records.  Elapsed time: 00:05:35s.  Time for last 1,000,000:   12s.  Last read position: chrM:344.  Last read name: SRR13238898.6100659
INFO	2024-08-30 20:30:08	SamFormatConverter	Processed    38,000,000 records.  Elapsed time: 00:05:46s.  Time for last 1,000,000:   11s.  Last read position: chr15:6,796,851.  Last read name: SRR13238898.2850694
INFO	2024-08-30 20:30:20	SamFormatConverter	Processed    39,000,000 records.  Elapsed time: 00:05:58s.  Time for last 1,000,000:   11s.  Last read position: chr2:109,287,951.  Last read name: SRR13238898.22096046
INFO	2024-08-30 20:30:30	SamFormatConverter	Processed    40,000,000 records.  Elapsed time: 00:06:08s.  Time for last 1,000,000:   10s.  Last read position: chr16:88,590,661.  Last read name: SRR13238898.22141100
INFO	2024-08-30 20:30:43	SamFormatConverter	Processed    41,000,000 records.  Elapsed time: 00:06:21s.  Time for last 1,000,000:   12s.  Last read position: chr7:132,570,046.  Last read name: SRR13238898.8206585
INFO	2024-08-30 20:30:55	SamFormatConverter	Processed    42,000,000 records.  Elapsed time: 00:06:33s.  Time for last 1,000,000:   12s.  Last read position: chr5:108,492,000.  Last read name: SRR13238898.3624831
INFO	2024-08-30 20:31:07	SamFormatConverter	Processed    43,000,000 records.  Elapsed time: 00:06:45s.  Time for last 1,000,000:   11s.  Last read position: chr13:58,264,080.  Last read name: SRR13238898.1479427
INFO	2024-08-30 20:31:19	SamFormatConverter	Processed    44,000,000 records.  Elapsed time: 00:06:57s.  Time for last 1,000,000:   12s.  Last read position: chr2:4,822,866.  Last read name: SRR13238898.2464854
[Fri Aug 30 20:31:30 CEST 2024] picard.sam.SamFormatConverter done. Elapsed time: 7.17 minutes.
Runtime.totalMemory()=735576064
20:31:34.099 INFO  NativeLibraryLoader - Loading libgkl_compression.so from jar:file:/home/robin/bin/miniconda3/share/picard-2.26.2-0/picard.jar!/com/intel/gkl/native/libgkl_compression.so
[Fri Aug 30 20:31:34 CEST 2024] SortSam --INPUT C57BL6xDBA_MII_oocyte_RNA_ZhangLab2021_rep2_GSM4970026_unsorted.bam --OUTPUT C57BL6xDBA_MII_oocyte_RNA_ZhangLab2021_rep2_GSM4970026_sorted.bam --SORT_ORDER coordinate --TMP_DIR . --VERBOSITY INFO --QUIET false --VALIDATION_STRINGENCY STRICT --COMPRESSION_LEVEL 5 --MAX_RECORDS_IN_RAM 500000 --CREATE_INDEX false --CREATE_MD5_FILE false --GA4GH_CLIENT_SECRETS client_secrets.json --help false --version false --showHidden false --USE_JDK_DEFLATER false --USE_JDK_INFLATER false
[Fri Aug 30 20:31:34 CEST 2024] Executing as robin@epipax.ijm.univ-paris-diderot.priv on Linux 6.1.0-23-amd64 amd64; OpenJDK 64-Bit Server VM 1.8.0_332-b09; Deflater: Intel; Inflater: Intel; Provider GCS is not available; Picard version: Version:2.26.2
INFO	2024-08-30 20:31:34	SortSam	Seen many non-increasing record positions. Printing Read-names as well.
INFO	2024-08-30 20:32:57	SortSam	Read    10,000,000 records.  Elapsed time: 00:01:23s.  Time for last 10,000,000:   83s.  Last read position: chr16:31,086,764.  Last read name: SRR13238898.7049985
INFO	2024-08-30 20:34:10	SortSam	Read    20,000,000 records.  Elapsed time: 00:02:35s.  Time for last 10,000,000:   72s.  Last read position: chrM:1,978.  Last read name: SRR13238898.8444529
INFO	2024-08-30 20:35:08	SortSam	Read    30,000,000 records.  Elapsed time: 00:03:33s.  Time for last 10,000,000:   58s.  Last read position: chr13:108,091,530.  Last read name: SRR13238898.12875183
INFO	2024-08-30 20:36:04	SortSam	Read    40,000,000 records.  Elapsed time: 00:04:29s.  Time for last 10,000,000:   55s.  Last read position: chr16:88,590,661.  Last read name: SRR13238898.22141100
INFO	2024-08-30 20:36:31	SortSam	Finished reading inputs, merging and writing to output now.
INFO	2024-08-30 20:37:22	SortSam	Wrote    10,000,000 records from a sorting collection.  Elapsed time: 00:05:48s.  Time for last 10,000,000:   49s.  Last read position: chr14:55,596,481
INFO	2024-08-30 20:38:13	SortSam	Wrote    20,000,000 records from a sorting collection.  Elapsed time: 00:06:39s.  Time for last 10,000,000:   50s.  Last read position: chr1:153,220,724
INFO	2024-08-30 20:39:05	SortSam	Wrote    30,000,000 records from a sorting collection.  Elapsed time: 00:07:31s.  Time for last 10,000,000:   52s.  Last read position: chr5:74,002,044
INFO	2024-08-30 20:39:58	SortSam	Wrote    40,000,000 records from a sorting collection.  Elapsed time: 00:08:23s.  Time for last 10,000,000:   52s.  Last read position: chr9:44,390,836
[Fri Aug 30 20:40:24 CEST 2024] picard.sam.SortSam done. Elapsed time: 8.85 minutes.
Runtime.totalMemory()=1747976192
20:40:26.091 INFO  NativeLibraryLoader - Loading libgkl_compression.so from jar:file:/home/robin/bin/miniconda3/share/picard-2.26.2-0/picard.jar!/com/intel/gkl/native/libgkl_compression.so
[Fri Aug 30 20:40:26 CEST 2024] MarkDuplicates --INPUT C57BL6xDBA_MII_oocyte_RNA_ZhangLab2021_rep2_GSM4970026_sorted.bam --OUTPUT C57BL6xDBA_MII_oocyte_RNA_ZhangLab2021_rep2_GSM4970026.bam --METRICS_FILE C57BL6xDBA_MII_oocyte_RNA_ZhangLab2021_rep2_GSM4970026_markDupeMetrics.txt --REMOVE_DUPLICATES false --TMP_DIR . --MAX_SEQUENCES_FOR_DISK_READ_ENDS_MAP 50000 --MAX_FILE_HANDLES_FOR_READ_ENDS_MAP 8000 --SORTING_COLLECTION_SIZE_RATIO 0.25 --TAG_DUPLICATE_SET_MEMBERS false --REMOVE_SEQUENCING_DUPLICATES false --TAGGING_POLICY DontTag --CLEAR_DT true --DUPLEX_UMI false --ADD_PG_TAG_TO_READS true --ASSUME_SORTED false --DUPLICATE_SCORING_STRATEGY SUM_OF_BASE_QUALITIES --PROGRAM_RECORD_ID MarkDuplicates --PROGRAM_GROUP_NAME MarkDuplicates --READ_NAME_REGEX <optimized capture of last three ':' separated fields as numeric values> --OPTICAL_DUPLICATE_PIXEL_DISTANCE 100 --MAX_OPTICAL_DUPLICATE_SET_SIZE 300000 --VERBOSITY INFO --QUIET false --VALIDATION_STRINGENCY STRICT --COMPRESSION_LEVEL 5 --MAX_RECORDS_IN_RAM 500000 --CREATE_INDEX false --CREATE_MD5_FILE false --GA4GH_CLIENT_SECRETS client_secrets.json --help false --version false --showHidden false --USE_JDK_DEFLATER false --USE_JDK_INFLATER false
[Fri Aug 30 20:40:26 CEST 2024] Executing as robin@epipax.ijm.univ-paris-diderot.priv on Linux 6.1.0-23-amd64 amd64; OpenJDK 64-Bit Server VM 1.8.0_332-b09; Deflater: Intel; Inflater: Intel; Provider GCS is not available; Picard version: Version:2.26.2
INFO	2024-08-30 20:40:26	MarkDuplicates	Start of doWork freeMemory: 501501352; totalMemory: 514850816; maxMemory: 1908932608
INFO	2024-08-30 20:40:26	MarkDuplicates	Reading input file and constructing read end information.
INFO	2024-08-30 20:40:26	MarkDuplicates	Will retain up to 6916422 data points before spilling to disk.
WARNING	2024-08-30 20:40:26	AbstractOpticalDuplicateFinderCommandLineProgram	A field field parsed out of a read name was expected to contain an integer and did not. Read name: SRR13238898.23470531. Cause: String 'SRR13238898.23470531' did not start with a parsable number.
INFO	2024-08-30 20:40:31	MarkDuplicates	Read     1,000,000 records.  Elapsed time: 00:00:04s.  Time for last 1,000,000:    4s.  Last read position: chr10:79,544,714
INFO	2024-08-30 20:40:31	MarkDuplicates	Tracking 77 as yet unmatched pairs. 77 records in RAM.
INFO	2024-08-30 20:40:35	MarkDuplicates	Read     2,000,000 records.  Elapsed time: 00:00:08s.  Time for last 1,000,000:    4s.  Last read position: chr11:3,416,767
INFO	2024-08-30 20:40:35	MarkDuplicates	Tracking 471 as yet unmatched pairs. 471 records in RAM.
INFO	2024-08-30 20:40:41	MarkDuplicates	Read     3,000,000 records.  Elapsed time: 00:00:14s.  Time for last 1,000,000:    5s.  Last read position: chr11:62,552,186
INFO	2024-08-30 20:40:41	MarkDuplicates	Tracking 1989 as yet unmatched pairs. 1989 records in RAM.
INFO	2024-08-30 20:40:45	MarkDuplicates	Read     4,000,000 records.  Elapsed time: 00:00:18s.  Time for last 1,000,000:    4s.  Last read position: chr11:98,682,698
INFO	2024-08-30 20:40:45	MarkDuplicates	Tracking 47 as yet unmatched pairs. 47 records in RAM.
INFO	2024-08-30 20:40:48	MarkDuplicates	Read     5,000,000 records.  Elapsed time: 00:00:22s.  Time for last 1,000,000:    3s.  Last read position: chr12:31,323,530
INFO	2024-08-30 20:40:48	MarkDuplicates	Tracking 243 as yet unmatched pairs. 243 records in RAM.
INFO	2024-08-30 20:40:54	MarkDuplicates	Read     6,000,000 records.  Elapsed time: 00:00:28s.  Time for last 1,000,000:    6s.  Last read position: chr12:82,341,849
INFO	2024-08-30 20:40:54	MarkDuplicates	Tracking 230 as yet unmatched pairs. 230 records in RAM.
INFO	2024-08-30 20:40:58	MarkDuplicates	Read     7,000,000 records.  Elapsed time: 00:00:32s.  Time for last 1,000,000:    3s.  Last read position: chr13:6,957,599
INFO	2024-08-30 20:40:58	MarkDuplicates	Tracking 879 as yet unmatched pairs. 879 records in RAM.
INFO	2024-08-30 20:41:02	MarkDuplicates	Read     8,000,000 records.  Elapsed time: 00:00:36s.  Time for last 1,000,000:    3s.  Last read position: chr13:63,490,148
INFO	2024-08-30 20:41:02	MarkDuplicates	Tracking 11 as yet unmatched pairs. 11 records in RAM.
INFO	2024-08-30 20:41:09	MarkDuplicates	Read     9,000,000 records.  Elapsed time: 00:00:42s.  Time for last 1,000,000:    6s.  Last read position: chr13:112,990,030
INFO	2024-08-30 20:41:09	MarkDuplicates	Tracking 800 as yet unmatched pairs. 800 records in RAM.
INFO	2024-08-30 20:41:16	MarkDuplicates	Read    10,000,000 records.  Elapsed time: 00:00:49s.  Time for last 1,000,000:    6s.  Last read position: chr14:55,596,481
INFO	2024-08-30 20:41:16	MarkDuplicates	Tracking 5 as yet unmatched pairs. 5 records in RAM.
INFO	2024-08-30 20:41:20	MarkDuplicates	Read    11,000,000 records.  Elapsed time: 00:00:53s.  Time for last 1,000,000:    4s.  Last read position: chr15:23,887,314
INFO	2024-08-30 20:41:20	MarkDuplicates	Tracking 23 as yet unmatched pairs. 23 records in RAM.
INFO	2024-08-30 20:41:23	MarkDuplicates	Read    12,000,000 records.  Elapsed time: 00:00:57s.  Time for last 1,000,000:    3s.  Last read position: chr15:98,045,915
INFO	2024-08-30 20:41:23	MarkDuplicates	Tracking 228 as yet unmatched pairs. 228 records in RAM.
INFO	2024-08-30 20:41:27	MarkDuplicates	Read    13,000,000 records.  Elapsed time: 00:01:00s.  Time for last 1,000,000:    3s.  Last read position: chr16:32,838,331
INFO	2024-08-30 20:41:27	MarkDuplicates	Tracking 598 as yet unmatched pairs. 598 records in RAM.
INFO	2024-08-30 20:41:31	MarkDuplicates	Read    14,000,000 records.  Elapsed time: 00:01:04s.  Time for last 1,000,000:    3s.  Last read position: chr17:23,821,657
INFO	2024-08-30 20:41:31	MarkDuplicates	Tracking 128 as yet unmatched pairs. 128 records in RAM.
INFO	2024-08-30 20:41:38	MarkDuplicates	Read    15,000,000 records.  Elapsed time: 00:01:11s.  Time for last 1,000,000:    7s.  Last read position: chr17:78,653,155
INFO	2024-08-30 20:41:38	MarkDuplicates	Tracking 387 as yet unmatched pairs. 387 records in RAM.
INFO	2024-08-30 20:41:47	MarkDuplicates	Read    16,000,000 records.  Elapsed time: 00:01:20s.  Time for last 1,000,000:    8s.  Last read position: chr18:50,090,564
INFO	2024-08-30 20:41:47	MarkDuplicates	Tracking 169 as yet unmatched pairs. 169 records in RAM.
INFO	2024-08-30 20:41:51	MarkDuplicates	Read    17,000,000 records.  Elapsed time: 00:01:24s.  Time for last 1,000,000:    3s.  Last read position: chr19:29,610,473
INFO	2024-08-30 20:41:51	MarkDuplicates	Tracking 637 as yet unmatched pairs. 637 records in RAM.
INFO	2024-08-30 20:41:55	MarkDuplicates	Read    18,000,000 records.  Elapsed time: 00:01:28s.  Time for last 1,000,000:    3s.  Last read position: chr1:24,611,721
INFO	2024-08-30 20:41:55	MarkDuplicates	Tracking 9 as yet unmatched pairs. 9 records in RAM.
INFO	2024-08-30 20:41:58	MarkDuplicates	Read    19,000,000 records.  Elapsed time: 00:01:32s.  Time for last 1,000,000:    3s.  Last read position: chr1:84,724,740
INFO	2024-08-30 20:41:58	MarkDuplicates	Tracking 843 as yet unmatched pairs. 843 records in RAM.
INFO	2024-08-30 20:42:02	MarkDuplicates	Read    20,000,000 records.  Elapsed time: 00:01:36s.  Time for last 1,000,000:    4s.  Last read position: chr1:153,220,724
INFO	2024-08-30 20:42:02	MarkDuplicates	Tracking 180 as yet unmatched pairs. 180 records in RAM.
INFO	2024-08-30 20:42:09	MarkDuplicates	Read    21,000,000 records.  Elapsed time: 00:01:42s.  Time for last 1,000,000:    6s.  Last read position: chr2:9,951,256
INFO	2024-08-30 20:42:09	MarkDuplicates	Tracking 578 as yet unmatched pairs. 578 records in RAM.
INFO	2024-08-30 20:42:13	MarkDuplicates	Read    22,000,000 records.  Elapsed time: 00:01:46s.  Time for last 1,000,000:    4s.  Last read position: chr2:72,404,086
INFO	2024-08-30 20:42:13	MarkDuplicates	Tracking 21 as yet unmatched pairs. 21 records in RAM.
INFO	2024-08-30 20:42:17	MarkDuplicates	Read    23,000,000 records.  Elapsed time: 00:01:51s.  Time for last 1,000,000:    4s.  Last read position: chr2:129,612,888
INFO	2024-08-30 20:42:17	MarkDuplicates	Tracking 1 as yet unmatched pairs. 1 records in RAM.
INFO	2024-08-30 20:42:23	MarkDuplicates	Read    24,000,000 records.  Elapsed time: 00:01:57s.  Time for last 1,000,000:    5s.  Last read position: chr2:180,027,906
INFO	2024-08-30 20:42:23	MarkDuplicates	Tracking 879 as yet unmatched pairs. 879 records in RAM.
INFO	2024-08-30 20:42:27	MarkDuplicates	Read    25,000,000 records.  Elapsed time: 00:02:00s.  Time for last 1,000,000:    3s.  Last read position: chr3:80,522,868
INFO	2024-08-30 20:42:27	MarkDuplicates	Tracking 210 as yet unmatched pairs. 210 records in RAM.
INFO	2024-08-30 20:42:34	MarkDuplicates	Read    26,000,000 records.  Elapsed time: 00:02:07s.  Time for last 1,000,000:    6s.  Last read position: chr3:135,242,212
INFO	2024-08-30 20:42:34	MarkDuplicates	Tracking 133 as yet unmatched pairs. 133 records in RAM.
INFO	2024-08-30 20:42:37	MarkDuplicates	Read    27,000,000 records.  Elapsed time: 00:02:11s.  Time for last 1,000,000:    3s.  Last read position: chr4:62,322,235
INFO	2024-08-30 20:42:37	MarkDuplicates	Tracking 189 as yet unmatched pairs. 189 records in RAM.
INFO	2024-08-30 20:42:41	MarkDuplicates	Read    28,000,000 records.  Elapsed time: 00:02:15s.  Time for last 1,000,000:    3s.  Last read position: chr4:132,007,041
INFO	2024-08-30 20:42:41	MarkDuplicates	Tracking 164 as yet unmatched pairs. 164 records in RAM.
INFO	2024-08-30 20:42:45	MarkDuplicates	Read    29,000,000 records.  Elapsed time: 00:02:18s.  Time for last 1,000,000:    3s.  Last read position: chr5:3,948,687
INFO	2024-08-30 20:42:45	MarkDuplicates	Tracking 10 as yet unmatched pairs. 10 records in RAM.
INFO	2024-08-30 20:42:48	MarkDuplicates	Read    30,000,000 records.  Elapsed time: 00:02:22s.  Time for last 1,000,000:    3s.  Last read position: chr5:74,002,044
INFO	2024-08-30 20:42:48	MarkDuplicates	Tracking 638 as yet unmatched pairs. 638 records in RAM.
INFO	2024-08-30 20:42:52	MarkDuplicates	Read    31,000,000 records.  Elapsed time: 00:02:25s.  Time for last 1,000,000:    3s.  Last read position: chr5:113,989,671
INFO	2024-08-30 20:42:52	MarkDuplicates	Tracking 48 as yet unmatched pairs. 48 records in RAM.
INFO	2024-08-30 20:42:56	MarkDuplicates	Read    32,000,000 records.  Elapsed time: 00:02:29s.  Time for last 1,000,000:    3s.  Last read position: chr5:146,261,081
INFO	2024-08-30 20:42:56	MarkDuplicates	Tracking 3042 as yet unmatched pairs. 3042 records in RAM.
INFO	2024-08-30 20:43:04	MarkDuplicates	Read    33,000,000 records.  Elapsed time: 00:02:38s.  Time for last 1,000,000:    8s.  Last read position: chr6:54,301,401
INFO	2024-08-30 20:43:04	MarkDuplicates	Tracking 24 as yet unmatched pairs. 24 records in RAM.
INFO	2024-08-30 20:43:08	MarkDuplicates	Read    34,000,000 records.  Elapsed time: 00:02:41s.  Time for last 1,000,000:    3s.  Last read position: chr6:108,440,676
INFO	2024-08-30 20:43:08	MarkDuplicates	Tracking 170 as yet unmatched pairs. 170 records in RAM.
INFO	2024-08-30 20:43:13	MarkDuplicates	Read    35,000,000 records.  Elapsed time: 00:02:46s.  Time for last 1,000,000:    4s.  Last read position: chr7:3,653,328
INFO	2024-08-30 20:43:13	MarkDuplicates	Tracking 528 as yet unmatched pairs. 528 records in RAM.
INFO	2024-08-30 20:43:16	MarkDuplicates	Read    36,000,000 records.  Elapsed time: 00:02:50s.  Time for last 1,000,000:    3s.  Last read position: chr7:46,969,247
INFO	2024-08-30 20:43:16	MarkDuplicates	Tracking 3012 as yet unmatched pairs. 3012 records in RAM.
INFO	2024-08-30 20:43:21	MarkDuplicates	Read    37,000,000 records.  Elapsed time: 00:02:54s.  Time for last 1,000,000:    4s.  Last read position: chr7:120,183,681
INFO	2024-08-30 20:43:21	MarkDuplicates	Tracking 81 as yet unmatched pairs. 81 records in RAM.
INFO	2024-08-30 20:43:24	MarkDuplicates	Read    38,000,000 records.  Elapsed time: 00:02:58s.  Time for last 1,000,000:    3s.  Last read position: chr8:40,991,805
INFO	2024-08-30 20:43:24	MarkDuplicates	Tracking 550 as yet unmatched pairs. 550 records in RAM.
INFO	2024-08-30 20:43:29	MarkDuplicates	Read    39,000,000 records.  Elapsed time: 00:03:02s.  Time for last 1,000,000:    4s.  Last read position: chr8:95,870,923
INFO	2024-08-30 20:43:29	MarkDuplicates	Tracking 39 as yet unmatched pairs. 39 records in RAM.
INFO	2024-08-30 20:43:35	MarkDuplicates	Read    40,000,000 records.  Elapsed time: 00:03:08s.  Time for last 1,000,000:    6s.  Last read position: chr9:44,390,836
INFO	2024-08-30 20:43:35	MarkDuplicates	Tracking 54 as yet unmatched pairs. 54 records in RAM.
INFO	2024-08-30 20:43:39	MarkDuplicates	Read    41,000,000 records.  Elapsed time: 00:03:12s.  Time for last 1,000,000:    3s.  Last read position: chr9:78,377,480
INFO	2024-08-30 20:43:39	MarkDuplicates	Tracking 317 as yet unmatched pairs. 317 records in RAM.
INFO	2024-08-30 20:43:43	MarkDuplicates	Read    42,000,000 records.  Elapsed time: 00:03:16s.  Time for last 1,000,000:    3s.  Last read position: chr9:120,788,916
INFO	2024-08-30 20:43:43	MarkDuplicates	Tracking 491 as yet unmatched pairs. 491 records in RAM.
INFO	2024-08-30 20:43:47	MarkDuplicates	Read    43,000,000 records.  Elapsed time: 00:03:20s.  Time for last 1,000,000:    4s.  Last read position: chrM:7,123
INFO	2024-08-30 20:43:47	MarkDuplicates	Tracking 21 as yet unmatched pairs. 21 records in RAM.
INFO	2024-08-30 20:43:53	MarkDuplicates	Read    44,000,000 records.  Elapsed time: 00:03:27s.  Time for last 1,000,000:    6s.  Last read position: chrX:56,348,627
INFO	2024-08-30 20:43:53	MarkDuplicates	Tracking 50 as yet unmatched pairs. 50 records in RAM.
INFO	2024-08-30 20:43:56	MarkDuplicates	Read 44878802 records. 0 pairs never matched.
INFO	2024-08-30 20:44:00	MarkDuplicates	After buildSortedReadEndLists freeMemory: 2090124584; totalMemory: 2106589184; maxMemory: 2106589184
INFO	2024-08-30 20:44:00	MarkDuplicates	Will retain up to 65830912 duplicate indices before spilling to disk.
INFO	2024-08-30 20:44:00	MarkDuplicates	Traversing read pair information and detecting duplicates.
INFO	2024-08-30 20:44:01	OpticalDuplicateFinder	Large duplicate set. size = 1271
INFO	2024-08-30 20:44:01	OpticalDuplicateFinder	compared         1,000 ReadEnds to others.  Elapsed time: 00:00:00s.  Time for last 1,000:    0s.  Last read position: -1:-1
INFO	2024-08-30 20:44:01	OpticalDuplicateFinder	Large duplicate set. size = 2236
INFO	2024-08-30 20:44:01	OpticalDuplicateFinder	compared         1,000 ReadEnds to others.  Elapsed time: 00:00:00s.  Time for last 1,000:    0s.  Last read position: -1:-1
INFO	2024-08-30 20:44:01	OpticalDuplicateFinder	compared         2,000 ReadEnds to others.  Elapsed time: 00:00:00s.  Time for last 1,000:    0s.  Last read position: -1:-1
INFO	2024-08-30 20:44:01	OpticalDuplicateFinder	Large duplicate set. size = 1085
INFO	2024-08-30 20:44:01	OpticalDuplicateFinder	compared         1,000 ReadEnds to others.  Elapsed time: 00:00:00s.  Time for last 1,000:    0s.  Last read position: -1:-1
INFO	2024-08-30 20:44:06	MarkDuplicates	Traversing fragment information and detecting duplicates.
INFO	2024-08-30 20:44:14	MarkDuplicates	Sorting list of duplicate records.
INFO	2024-08-30 20:44:15	MarkDuplicates	After generateDuplicateIndexes freeMemory: 1533339824; totalMemory: 2077229056; maxMemory: 2077229056
INFO	2024-08-30 20:44:15	MarkDuplicates	Marking 6308266 records as duplicates.
INFO	2024-08-30 20:44:15	MarkDuplicates	Found 0 optical duplicate clusters.
INFO	2024-08-30 20:44:15	MarkDuplicates	Reads are assumed to be ordered by: coordinate
INFO	2024-08-30 20:45:20	MarkDuplicates	Written    10,000,000 records.  Elapsed time: 00:01:05s.  Time for last 10,000,000:   65s.  Last read position: chr14:55,596,481
INFO	2024-08-30 20:46:26	MarkDuplicates	Written    20,000,000 records.  Elapsed time: 00:02:11s.  Time for last 10,000,000:   66s.  Last read position: chr1:153,220,724
INFO	2024-08-30 20:47:32	MarkDuplicates	Written    30,000,000 records.  Elapsed time: 00:03:17s.  Time for last 10,000,000:   65s.  Last read position: chr5:74,002,044
INFO	2024-08-30 20:48:38	MarkDuplicates	Written    40,000,000 records.  Elapsed time: 00:04:22s.  Time for last 10,000,000:   65s.  Last read position: chr9:44,390,836
INFO	2024-08-30 20:49:08	MarkDuplicates	Writing complete. Closing input iterator.
INFO	2024-08-30 20:49:08	MarkDuplicates	Duplicate Index cleanup.
INFO	2024-08-30 20:49:08	MarkDuplicates	Getting Memory Stats.
INFO	2024-08-30 20:49:09	MarkDuplicates	Before output close freeMemory: 2128291408; totalMemory: 2146959360; maxMemory: 2146959360
INFO	2024-08-30 20:49:16	MarkDuplicates	Closed outputs. Getting more Memory Stats.
INFO	2024-08-30 20:49:16	MarkDuplicates	After output close freeMemory: 2128291408; totalMemory: 2146959360; maxMemory: 2146959360
[Fri Aug 30 20:49:16 CEST 2024] picard.sam.markduplicates.MarkDuplicates done. Elapsed time: 8.84 minutes.
Runtime.totalMemory()=2146959360
[sam grooming] finished successfully at [Fri Aug 30 08:49:27 PM CEST 2024]
[collecting rRNA metrics] started at [Fri Aug 30 08:50:30 PM CEST 2024]
20:50:31.103 INFO  NativeLibraryLoader - Loading libgkl_compression.so from jar:file:/home/robin/bin/miniconda3/share/picard-2.26.2-0/picard.jar!/com/intel/gkl/native/libgkl_compression.so
[Fri Aug 30 20:50:31 CEST 2024] CollectRnaSeqMetrics --REF_FLAT /data/reference_genomes/mm10/mm10_RefSeq_refFlat.bed --RIBOSOMAL_INTERVALS /data/reference_genomes/mm10/mm10_rRNA.bed --STRAND_SPECIFICITY FIRST_READ_TRANSCRIPTION_STRAND --INPUT C57BL6xDBA_MII_oocyte_RNA_ZhangLab2021_rep2_GSM4970026.bam --OUTPUT C57BL6xDBA_MII_oocyte_RNA_ZhangLab2021_rep2_GSM4970026_RNAmetrics.txt --MINIMUM_LENGTH 500 --RRNA_FRAGMENT_PERCENTAGE 0.8 --METRIC_ACCUMULATION_LEVEL ALL_READS --END_BIAS_BASES 100 --ASSUME_SORTED true --STOP_AFTER 0 --VERBOSITY INFO --QUIET false --VALIDATION_STRINGENCY STRICT --COMPRESSION_LEVEL 5 --MAX_RECORDS_IN_RAM 500000 --CREATE_INDEX false --CREATE_MD5_FILE false --GA4GH_CLIENT_SECRETS client_secrets.json --help false --version false --showHidden false --USE_JDK_DEFLATER false --USE_JDK_INFLATER false
[Fri Aug 30 20:50:31 CEST 2024] Executing as robin@epipax.ijm.univ-paris-diderot.priv on Linux 6.1.0-23-amd64 amd64; OpenJDK 64-Bit Server VM 1.8.0_332-b09; Deflater: Intel; Inflater: Intel; Provider GCS is not available; Picard version: Version:2.26.2
INFO	2024-08-30 20:50:31	CollectRnaSeqMetrics	Loaded 24105 genes.
INFO	2024-08-30 20:50:38	SinglePassSamProgram	Processed     1,000,000 records.  Elapsed time: 00:00:06s.  Time for last 1,000,000:    6s.  Last read position: chr10:79,544,714
INFO	2024-08-30 20:50:42	SinglePassSamProgram	Processed     2,000,000 records.  Elapsed time: 00:00:11s.  Time for last 1,000,000:    4s.  Last read position: chr11:3,416,767
INFO	2024-08-30 20:50:47	SinglePassSamProgram	Processed     3,000,000 records.  Elapsed time: 00:00:15s.  Time for last 1,000,000:    4s.  Last read position: chr11:62,552,186
INFO	2024-08-30 20:50:52	SinglePassSamProgram	Processed     4,000,000 records.  Elapsed time: 00:00:20s.  Time for last 1,000,000:    4s.  Last read position: chr11:98,682,698
INFO	2024-08-30 20:50:56	SinglePassSamProgram	Processed     5,000,000 records.  Elapsed time: 00:00:25s.  Time for last 1,000,000:    4s.  Last read position: chr12:31,323,530
INFO	2024-08-30 20:51:01	SinglePassSamProgram	Processed     6,000,000 records.  Elapsed time: 00:00:29s.  Time for last 1,000,000:    4s.  Last read position: chr12:82,341,849
INFO	2024-08-30 20:51:05	SinglePassSamProgram	Processed     7,000,000 records.  Elapsed time: 00:00:33s.  Time for last 1,000,000:    3s.  Last read position: chr13:6,957,599
INFO	2024-08-30 20:51:10	SinglePassSamProgram	Processed     8,000,000 records.  Elapsed time: 00:00:38s.  Time for last 1,000,000:    4s.  Last read position: chr13:63,490,148
INFO	2024-08-30 20:51:14	SinglePassSamProgram	Processed     9,000,000 records.  Elapsed time: 00:00:42s.  Time for last 1,000,000:    4s.  Last read position: chr13:112,990,030
INFO	2024-08-30 20:51:19	SinglePassSamProgram	Processed    10,000,000 records.  Elapsed time: 00:00:47s.  Time for last 1,000,000:    5s.  Last read position: chr14:55,596,481
INFO	2024-08-30 20:51:24	SinglePassSamProgram	Processed    11,000,000 records.  Elapsed time: 00:00:52s.  Time for last 1,000,000:    4s.  Last read position: chr15:23,887,314
INFO	2024-08-30 20:51:28	SinglePassSamProgram	Processed    12,000,000 records.  Elapsed time: 00:00:56s.  Time for last 1,000,000:    4s.  Last read position: chr15:98,045,915
INFO	2024-08-30 20:51:33	SinglePassSamProgram	Processed    13,000,000 records.  Elapsed time: 00:01:01s.  Time for last 1,000,000:    4s.  Last read position: chr16:32,838,331
INFO	2024-08-30 20:51:37	SinglePassSamProgram	Processed    14,000,000 records.  Elapsed time: 00:01:05s.  Time for last 1,000,000:    4s.  Last read position: chr17:23,821,657
INFO	2024-08-30 20:51:42	SinglePassSamProgram	Processed    15,000,000 records.  Elapsed time: 00:01:10s.  Time for last 1,000,000:    4s.  Last read position: chr17:78,653,155
INFO	2024-08-30 20:51:46	SinglePassSamProgram	Processed    16,000,000 records.  Elapsed time: 00:01:15s.  Time for last 1,000,000:    4s.  Last read position: chr18:50,090,564
INFO	2024-08-30 20:51:51	SinglePassSamProgram	Processed    17,000,000 records.  Elapsed time: 00:01:19s.  Time for last 1,000,000:    4s.  Last read position: chr19:29,610,473
INFO	2024-08-30 20:51:55	SinglePassSamProgram	Processed    18,000,000 records.  Elapsed time: 00:01:23s.  Time for last 1,000,000:    4s.  Last read position: chr1:24,611,721
INFO	2024-08-30 20:51:59	SinglePassSamProgram	Processed    19,000,000 records.  Elapsed time: 00:01:27s.  Time for last 1,000,000:    4s.  Last read position: chr1:84,724,740
INFO	2024-08-30 20:52:04	SinglePassSamProgram	Processed    20,000,000 records.  Elapsed time: 00:01:32s.  Time for last 1,000,000:    4s.  Last read position: chr1:153,220,724
INFO	2024-08-30 20:52:09	SinglePassSamProgram	Processed    21,000,000 records.  Elapsed time: 00:01:37s.  Time for last 1,000,000:    4s.  Last read position: chr2:9,951,256
INFO	2024-08-30 20:52:15	SinglePassSamProgram	Processed    22,000,000 records.  Elapsed time: 00:01:43s.  Time for last 1,000,000:    6s.  Last read position: chr2:72,404,086
INFO	2024-08-30 20:52:20	SinglePassSamProgram	Processed    23,000,000 records.  Elapsed time: 00:01:48s.  Time for last 1,000,000:    5s.  Last read position: chr2:129,612,888
INFO	2024-08-30 20:52:25	SinglePassSamProgram	Processed    24,000,000 records.  Elapsed time: 00:01:53s.  Time for last 1,000,000:    4s.  Last read position: chr2:180,027,906
INFO	2024-08-30 20:52:29	SinglePassSamProgram	Processed    25,000,000 records.  Elapsed time: 00:01:57s.  Time for last 1,000,000:    4s.  Last read position: chr3:80,522,868
INFO	2024-08-30 20:52:34	SinglePassSamProgram	Processed    26,000,000 records.  Elapsed time: 00:02:02s.  Time for last 1,000,000:    4s.  Last read position: chr3:135,242,212
INFO	2024-08-30 20:52:38	SinglePassSamProgram	Processed    27,000,000 records.  Elapsed time: 00:02:06s.  Time for last 1,000,000:    4s.  Last read position: chr4:62,322,235
INFO	2024-08-30 20:52:43	SinglePassSamProgram	Processed    28,000,000 records.  Elapsed time: 00:02:12s.  Time for last 1,000,000:    5s.  Last read position: chr4:132,007,041
INFO	2024-08-30 20:52:48	SinglePassSamProgram	Processed    29,000,000 records.  Elapsed time: 00:02:16s.  Time for last 1,000,000:    4s.  Last read position: chr5:3,948,687
INFO	2024-08-30 20:52:53	SinglePassSamProgram	Processed    30,000,000 records.  Elapsed time: 00:02:21s.  Time for last 1,000,000:    5s.  Last read position: chr5:74,002,044
INFO	2024-08-30 20:52:58	SinglePassSamProgram	Processed    31,000,000 records.  Elapsed time: 00:02:26s.  Time for last 1,000,000:    4s.  Last read position: chr5:113,989,671
INFO	2024-08-30 20:53:03	SinglePassSamProgram	Processed    32,000,000 records.  Elapsed time: 00:02:31s.  Time for last 1,000,000:    5s.  Last read position: chr5:146,261,081
INFO	2024-08-30 20:53:07	SinglePassSamProgram	Processed    33,000,000 records.  Elapsed time: 00:02:36s.  Time for last 1,000,000:    4s.  Last read position: chr6:54,301,401
INFO	2024-08-30 20:53:11	SinglePassSamProgram	Processed    34,000,000 records.  Elapsed time: 00:02:40s.  Time for last 1,000,000:    3s.  Last read position: chr6:108,440,676
INFO	2024-08-30 20:53:16	SinglePassSamProgram	Processed    35,000,000 records.  Elapsed time: 00:02:45s.  Time for last 1,000,000:    4s.  Last read position: chr7:3,653,328
INFO	2024-08-30 20:53:21	SinglePassSamProgram	Processed    36,000,000 records.  Elapsed time: 00:02:49s.  Time for last 1,000,000:    4s.  Last read position: chr7:46,969,247
INFO	2024-08-30 20:53:26	SinglePassSamProgram	Processed    37,000,000 records.  Elapsed time: 00:02:54s.  Time for last 1,000,000:    5s.  Last read position: chr7:120,183,681
INFO	2024-08-30 20:53:30	SinglePassSamProgram	Processed    38,000,000 records.  Elapsed time: 00:02:59s.  Time for last 1,000,000:    4s.  Last read position: chr8:40,991,805
INFO	2024-08-30 20:53:36	SinglePassSamProgram	Processed    39,000,000 records.  Elapsed time: 00:03:04s.  Time for last 1,000,000:    5s.  Last read position: chr8:95,870,923
INFO	2024-08-30 20:53:41	SinglePassSamProgram	Processed    40,000,000 records.  Elapsed time: 00:03:09s.  Time for last 1,000,000:    5s.  Last read position: chr9:44,390,836
INFO	2024-08-30 20:53:46	SinglePassSamProgram	Processed    41,000,000 records.  Elapsed time: 00:03:14s.  Time for last 1,000,000:    4s.  Last read position: chr9:78,377,480
INFO	2024-08-30 20:53:51	SinglePassSamProgram	Processed    42,000,000 records.  Elapsed time: 00:03:19s.  Time for last 1,000,000:    5s.  Last read position: chr9:120,788,916
INFO	2024-08-30 20:53:53	SinglePassSamProgram	Processed    43,000,000 records.  Elapsed time: 00:03:22s.  Time for last 1,000,000:    2s.  Last read position: chrM:7,123
INFO	2024-08-30 20:53:57	SinglePassSamProgram	Processed    44,000,000 records.  Elapsed time: 00:03:25s.  Time for last 1,000,000:    3s.  Last read position: chrX:56,348,627
[Fri Aug 30 20:54:01 CEST 2024] picard.analysis.CollectRnaSeqMetrics done. Elapsed time: 3.51 minutes.
Runtime.totalMemory()=862978048
[trueStats] Collecting alignment statistics for C57BL6xDBA_MII_oocyte_RNA_ZhangLab2021_rep2_GSM4970026.bam at [Fri Aug 30 08:55:03 PM CEST 2024]
[preseq] started on C57BL6xDBA_MII_oocyte_RNA_ZhangLab2021_rep2_GSM4970026.bam at [Fri Aug 30 08:58:25 PM CEST 2024]
[preseq] finished successfully at [Fri Aug 30 09:04:22 PM CEST 2024]
[stringTie] Performing de novo assembly of transcripts at [Fri Aug 30 09:05:25 PM CEST 2024]
Warning: gene "NM_001270423" (on chr2) has reference transcripts on both strands?
Warning: gene "NM_146265" (on chr2) has reference transcripts on both strands?
Warning: gene "NM_001097977" (on chr2) has reference transcripts on both strands?
Warning: gene "NM_001085552" (on chrX) has reference transcripts on both strands?
Warning: gene "NM_001085545" (on chrX) has reference transcripts on both strands?
Warning: gene "NM_001085551" (on chrX) has reference transcripts on both strands?
Warning: gene "NM_001099643" (on chrX) has reference transcripts on both strands?
Warning: gene "NM_001243001" (on chrX) has reference transcripts on both strands?
Warning: gene "NM_001099643" (on chrX) has reference transcripts on both strands?
Warning: gene "NM_001243001" (on chrX) has reference transcripts on both strands?
Warning: gene "NM_001277184" (on chrX) has reference transcripts on both strands?
Warning: gene "NM_001085552" (on chrX) has reference transcripts on both strands?
Warning: gene "NM_001085545" (on chrX) has reference transcripts on both strands?
Warning: gene "NM_001085551" (on chrX) has reference transcripts on both strands?
Warning: gene "NM_001085553" (on chrX) has reference transcripts on both strands?
Warning: gene "NM_001243011" (on chrX) has reference transcripts on both strands?
Warning: gene "NM_001270685" (on chrX) has reference transcripts on both strands?
Warning: gene "NM_029106" (on chrX) has reference transcripts on both strands?
Warning: gene "NM_001270685" (on chrX) has reference transcripts on both strands?
Warning: gene "NM_031171" (on chrX) has reference transcripts on both strands?
Warning: gene "NM_010759" (on chrX) has reference transcripts on both strands?
Warning: gene "NM_001142750" (on chrX) has reference transcripts on both strands?
Warning: gene "NM_153109" (on chrX) has reference transcripts on both strands?
Warning: gene "NM_177918" (on chrX) has reference transcripts on both strands?
Warning: gene "NM_001099321" (on chrX) has reference transcripts on both strands?
Warning: gene "NR_126545" (on chrY) has reference transcripts on both strands?
Warning: gene "NR_126546" (on chrY) has reference transcripts on both strands?
Warning: gene "NM_001113395" (on chrY) has reference transcripts on both strands?
Warning: gene "NM_001177569" (on chrY) has reference transcripts on both strands?
Warning: gene "NM_001166384" (on chrY) has reference transcripts on both strands?
Warning: gene "NM_001270513" (on chrY) has reference transcripts on both strands?
Warning: gene "NM_001270514" (on chrY) has reference transcripts on both strands?
Warning: gene "NM_001270515" (on chrY) has reference transcripts on both strands?
Warning: gene "NM_001270516" (on chrY) has reference transcripts on both strands?
Warning: gene "NM_011253" (on chrY) has reference transcripts on both strands?
Warning: gene "NM_001270514" (on chrY) has reference transcripts on both strands?
Warning: gene "NM_001270513" (on chrY) has reference transcripts on both strands?
Warning: gene "NM_001270514" (on chrY) has reference transcripts on both strands?
Warning: gene "NM_001270515" (on chrY) has reference transcripts on both strands?
Warning: gene "NM_001166384" (on chrY) has reference transcripts on both strands?
Warning: gene "NM_001270513" (on chrY) has reference transcripts on both strands?
Warning: gene "NM_001270516" (on chrY) has reference transcripts on both strands?
Warning: gene "NM_011253" (on chrY) has reference transcripts on both strands?
Warning: gene "NM_001160143" (on chrY) has reference transcripts on both strands?
Warning: gene "NM_207162" (on chrY) has reference transcripts on both strands?
Warning: gene "NM_001160143" (on chrY) has reference transcripts on both strands?
Warning: gene "NM_207162" (on chrY) has reference transcripts on both strands?
Warning: gene "NM_001037748" (on chrY) has reference transcripts on both strands?
Warning: gene "NM_001160141" (on chrY) has reference transcripts on both strands?
Warning: gene "NM_001025241" (on chrY) has reference transcripts on both strands?
Warning: gene "NM_001037748" (on chrY) has reference transcripts on both strands?
Warning: gene "NR_038299" (on chrY) has reference transcripts on both strands?
Warning: gene "NM_001160143" (on chrY) has reference transcripts on both strands?
Warning: gene "NM_207162" (on chrY) has reference transcripts on both strands?
Warning: gene "NM_001160143" (on chrY) has reference transcripts on both strands?
Warning: gene "NM_207162" (on chrY) has reference transcripts on both strands?
Warning: gene "NM_001037748" (on chrY) has reference transcripts on both strands?
Warning: gene "NM_001160141" (on chrY) has reference transcripts on both strands?
Warning: gene "NM_023546" (on chrY) has reference transcripts on both strands?
Warning: gene "NM_001160143" (on chrY) has reference transcripts on both strands?
Warning: gene "NM_001037748" (on chrY) has reference transcripts on both strands?
Warning: gene "NM_001160143" (on chrY) has reference transcripts on both strands?
Warning: gene "NM_001037748" (on chrY) has reference transcripts on both strands?
Warning: gene "NM_001160137" (on chrY) has reference transcripts on both strands?
Warning: gene "NM_001160141" (on chrY) has reference transcripts on both strands?
Warning: gene "NM_001025241" (on chrY) has reference transcripts on both strands?
Warning: gene "NM_001037748" (on chrY) has reference transcripts on both strands?
Warning: gene "NM_001037748" (on chrY) has reference transcripts on both strands?
Warning: gene "NM_001160136" (on chrY) has reference transcripts on both strands?
Warning: gene "NM_001037748" (on chrY) has reference transcripts on both strands?
Warning: gene "NM_023546" (on chrY) has reference transcripts on both strands?
Warning: gene "NM_023546" (on chrY) has reference transcripts on both strands?
Warning: gene "NM_001025241" (on chrY) has reference transcripts on both strands?
Warning: gene "NM_001037748" (on chrY) has reference transcripts on both strands?
Warning: gene "NM_001011820" (on chr13) has reference transcripts on both strands?
Warning: gene "NR_045474" (on chr13) has reference transcripts on both strands?
Warning: gene "NR_106137" (on chr15) has reference transcripts on both strands?
Warning: gene "NR_106138" (on chr15) has reference transcripts on both strands?
[stringTie] De novo transcriptome assembly completed successfully at [Fri Aug 30 09:07:38 PM CEST 2024]
[bamToWigCPMsmoothKeepDup] Started with bin size: 1 and smoothing over 0 bp and KEEPING DUPLICATES at [Fri Aug 30 09:07:38 PM CEST 2024]
There are 42106757 alignments, of which 294911 are completely within a blacklist region.
Due to filtering, 79.76061899221557% of the aforementioned alignments will be used 33349387.181671925
[bamToWigCPMsmoothKeepDup] finished successfully at [Fri Aug 30 09:13:15 PM CEST 2024]
[file cleanup] started. Good job! at [Fri Aug 30 09:13:15 PM CEST 2024]
cp: cannot stat '*.pdf': No such file or directory
mv: cannot stat '*.bed': No such file or directory
mv: preserving times for '/data/bigWigs/C57BL6xDBA_MII_oocyte_RNA_ZhangLab2021_rep2_GSM4970026_trimV5_mm10_kpDup_q255_b1_s0_CPM.bw': Operation not permitted
mv: preserving permissions for /data/bigWigs/C57BL6xDBA_MII_oocyte_RNA_ZhangLab2021_rep2_GSM4970026_trimV5_mm10_kpDup_q255_b1_s0_CPM.bw: Operation not permitted
mv: preserving times for '/data/bams/C57BL6xDBA_MII_oocyte_RNA_ZhangLab2021_rep2_GSM4970026_trimV5_mm10.bam': Operation not permitted
mv: preserving permissions for /data/bams/C57BL6xDBA_MII_oocyte_RNA_ZhangLab2021_rep2_GSM4970026_trimV5_mm10.bam: Operation not permitted
mv: preserving times for '/data/bams/C57BL6xDBA_MII_oocyte_RNA_ZhangLab2021_rep2_GSM4970026_trimV5_mm10.bam.bai': Operation not permitted
mv: preserving permissions for /data/bams/C57BL6xDBA_MII_oocyte_RNA_ZhangLab2021_rep2_GSM4970026_trimV5_mm10.bam.bai: Operation not permitted
mv: preserving times for '/data/stringTie/C57BL6xDBA_MII_oocyte_RNA_ZhangLab2021_rep2_GSM4970026_trimV5_mm10.gtf': Operation not permitted
mv: preserving permissions for /data/stringTie/C57BL6xDBA_MII_oocyte_RNA_ZhangLab2021_rep2_GSM4970026_trimV5_mm10.gtf: Operation not permitted
