SCRATCH: /scratch
ls: cannot access '/data/fastq/E14_48h_H3K4me1_ChIP_Yang2019_GSM3314723*_R2.fastq.gz': No such file or directory
[masterDownload] Data are single-end. at [Wed Jul 3 10:41:23 PM CEST 2024]
[checkDependencies] Checking Dependencies [Wed Jul 3 10:41:23 PM CEST 2024] at [Wed Jul 3 10:41:23 PM CEST 2024]
[setup checkDependencies] trimmomatic... at [Wed Jul 3 10:41:23 PM CEST 2024]
[setup checkDependencies] STAR... at [Wed Jul 3 10:41:23 PM CEST 2024]
[setup checkDependencies] bismark... at [Wed Jul 3 10:41:23 PM CEST 2024]
[setup checkDependencies] bowtie2... at [Wed Jul 3 10:41:23 PM CEST 2024]
[setup checkDependencies] samtools... at [Wed Jul 3 10:41:23 PM CEST 2024]
[setup checkDependencies] picard... at [Wed Jul 3 10:41:23 PM CEST 2024]
[setup checkDependencies] awk... at [Wed Jul 3 10:41:23 PM CEST 2024]
[setup checkDependencies] bamCoverage... at [Wed Jul 3 10:41:23 PM CEST 2024]
[setup checkDependencies] fastqc... at [Wed Jul 3 10:41:23 PM CEST 2024]
[setup checkDependencies] fastq_screen... at [Wed Jul 3 10:41:23 PM CEST 2024]
[setup checkDependencies] stringtie... at [Wed Jul 3 10:41:23 PM CEST 2024]
[setup checkDependencies] clumpify.sh... at [Wed Jul 3 10:41:23 PM CEST 2024]
PAIRED: false
[setUpLogFile] Script started at [Wed Jul 3 10:41:23 PM CEST 2024] at [Wed Jul 3 10:41:23 PM CEST 2024]
[fastQC] started on raw FASTQs at [Wed Jul 3 10:41:23 PM CEST 2024]
Started analysis of E14_48h_H3K4me1_ChIP_Yang2019_GSM3314723_raw.fastq.gz
Approx 5% complete for E14_48h_H3K4me1_ChIP_Yang2019_GSM3314723_raw.fastq.gz
Approx 10% complete for E14_48h_H3K4me1_ChIP_Yang2019_GSM3314723_raw.fastq.gz
Approx 15% complete for E14_48h_H3K4me1_ChIP_Yang2019_GSM3314723_raw.fastq.gz
Approx 20% complete for E14_48h_H3K4me1_ChIP_Yang2019_GSM3314723_raw.fastq.gz
Approx 25% complete for E14_48h_H3K4me1_ChIP_Yang2019_GSM3314723_raw.fastq.gz
Approx 30% complete for E14_48h_H3K4me1_ChIP_Yang2019_GSM3314723_raw.fastq.gz
Approx 35% complete for E14_48h_H3K4me1_ChIP_Yang2019_GSM3314723_raw.fastq.gz
Approx 40% complete for E14_48h_H3K4me1_ChIP_Yang2019_GSM3314723_raw.fastq.gz
Approx 45% complete for E14_48h_H3K4me1_ChIP_Yang2019_GSM3314723_raw.fastq.gz
Approx 50% complete for E14_48h_H3K4me1_ChIP_Yang2019_GSM3314723_raw.fastq.gz
Approx 55% complete for E14_48h_H3K4me1_ChIP_Yang2019_GSM3314723_raw.fastq.gz
Approx 60% complete for E14_48h_H3K4me1_ChIP_Yang2019_GSM3314723_raw.fastq.gz
Approx 65% complete for E14_48h_H3K4me1_ChIP_Yang2019_GSM3314723_raw.fastq.gz
Approx 70% complete for E14_48h_H3K4me1_ChIP_Yang2019_GSM3314723_raw.fastq.gz
Approx 75% complete for E14_48h_H3K4me1_ChIP_Yang2019_GSM3314723_raw.fastq.gz
Approx 80% complete for E14_48h_H3K4me1_ChIP_Yang2019_GSM3314723_raw.fastq.gz
Approx 85% complete for E14_48h_H3K4me1_ChIP_Yang2019_GSM3314723_raw.fastq.gz
Approx 90% complete for E14_48h_H3K4me1_ChIP_Yang2019_GSM3314723_raw.fastq.gz
Approx 95% complete for E14_48h_H3K4me1_ChIP_Yang2019_GSM3314723_raw.fastq.gz
Analysis complete for E14_48h_H3K4me1_ChIP_Yang2019_GSM3314723_raw.fastq.gz
[fastQC] on raw FASTQs finished succesfully. Will remove PCR duplicates now at [Wed Jul 3 10:45:52 PM CEST 2024]
Reads are length: 52 at [Wed Jul 3 10:45:52 PM CEST 2024]
Reads with same sequence 1 or fewer substitutions will be marked as PCR duplicates at [Wed Jul 3 10:45:52 PM CEST 2024]
Removal of PCR duplicates complete! at [Wed Jul 3 11:19:15 PM CEST 2024]
[trimReads] Started using version trimV5 parameters at [Wed Jul 3 11:19:15 PM CEST 2024]
ILLUMINACLIP:/data/reference_genomes/adapters/adapters.fa:2:30:10 SLIDINGWINDOW:4:20 MINLEN:24
[trimReads] Trimming E14_48h_H3K4me1_ChIP_Yang2019_GSM3314723.fastq.gz... at [Wed Jul 3 11:19:15 PM CEST 2024]
[trimReads] Finished successfully at [Wed Jul 3 11:31:30 PM CEST 2024]
[fastQC] started on E14_48h_H3K4me1_ChIP_Yang2019_GSM3314723.fastq.gz E14_48h_H3K4me1_ChIP_Yang2019_GSM3314723_trimV5.fastq.gz at [Wed Jul 3 11:31:30 PM CEST 2024]
Started analysis of E14_48h_H3K4me1_ChIP_Yang2019_GSM3314723.fastq.gz
Started analysis of E14_48h_H3K4me1_ChIP_Yang2019_GSM3314723_trimV5.fastq.gz
Approx 5% complete for E14_48h_H3K4me1_ChIP_Yang2019_GSM3314723.fastq.gz
Approx 5% complete for E14_48h_H3K4me1_ChIP_Yang2019_GSM3314723_trimV5.fastq.gz
Approx 10% complete for E14_48h_H3K4me1_ChIP_Yang2019_GSM3314723_trimV5.fastq.gz
Approx 10% complete for E14_48h_H3K4me1_ChIP_Yang2019_GSM3314723.fastq.gz
Approx 15% complete for E14_48h_H3K4me1_ChIP_Yang2019_GSM3314723_trimV5.fastq.gz
Approx 15% complete for E14_48h_H3K4me1_ChIP_Yang2019_GSM3314723.fastq.gz
Approx 20% complete for E14_48h_H3K4me1_ChIP_Yang2019_GSM3314723_trimV5.fastq.gz
Approx 20% complete for E14_48h_H3K4me1_ChIP_Yang2019_GSM3314723.fastq.gz
Approx 25% complete for E14_48h_H3K4me1_ChIP_Yang2019_GSM3314723_trimV5.fastq.gz
Approx 25% complete for E14_48h_H3K4me1_ChIP_Yang2019_GSM3314723.fastq.gz
Approx 30% complete for E14_48h_H3K4me1_ChIP_Yang2019_GSM3314723_trimV5.fastq.gz
Approx 30% complete for E14_48h_H3K4me1_ChIP_Yang2019_GSM3314723.fastq.gz
Approx 35% complete for E14_48h_H3K4me1_ChIP_Yang2019_GSM3314723_trimV5.fastq.gz
Approx 35% complete for E14_48h_H3K4me1_ChIP_Yang2019_GSM3314723.fastq.gz
Approx 40% complete for E14_48h_H3K4me1_ChIP_Yang2019_GSM3314723_trimV5.fastq.gz
Approx 40% complete for E14_48h_H3K4me1_ChIP_Yang2019_GSM3314723.fastq.gz
Approx 45% complete for E14_48h_H3K4me1_ChIP_Yang2019_GSM3314723_trimV5.fastq.gz
Approx 45% complete for E14_48h_H3K4me1_ChIP_Yang2019_GSM3314723.fastq.gz
Approx 50% complete for E14_48h_H3K4me1_ChIP_Yang2019_GSM3314723_trimV5.fastq.gz
Approx 50% complete for E14_48h_H3K4me1_ChIP_Yang2019_GSM3314723.fastq.gz
Approx 55% complete for E14_48h_H3K4me1_ChIP_Yang2019_GSM3314723_trimV5.fastq.gz
Approx 55% complete for E14_48h_H3K4me1_ChIP_Yang2019_GSM3314723.fastq.gz
Approx 60% complete for E14_48h_H3K4me1_ChIP_Yang2019_GSM3314723_trimV5.fastq.gz
Approx 60% complete for E14_48h_H3K4me1_ChIP_Yang2019_GSM3314723.fastq.gz
Approx 65% complete for E14_48h_H3K4me1_ChIP_Yang2019_GSM3314723_trimV5.fastq.gz
Approx 65% complete for E14_48h_H3K4me1_ChIP_Yang2019_GSM3314723.fastq.gz
Approx 70% complete for E14_48h_H3K4me1_ChIP_Yang2019_GSM3314723_trimV5.fastq.gz
Approx 70% complete for E14_48h_H3K4me1_ChIP_Yang2019_GSM3314723.fastq.gz
Approx 75% complete for E14_48h_H3K4me1_ChIP_Yang2019_GSM3314723_trimV5.fastq.gz
Approx 75% complete for E14_48h_H3K4me1_ChIP_Yang2019_GSM3314723.fastq.gz
Approx 80% complete for E14_48h_H3K4me1_ChIP_Yang2019_GSM3314723_trimV5.fastq.gz
Approx 80% complete for E14_48h_H3K4me1_ChIP_Yang2019_GSM3314723.fastq.gz
Approx 85% complete for E14_48h_H3K4me1_ChIP_Yang2019_GSM3314723_trimV5.fastq.gz
Approx 85% complete for E14_48h_H3K4me1_ChIP_Yang2019_GSM3314723.fastq.gz
Approx 90% complete for E14_48h_H3K4me1_ChIP_Yang2019_GSM3314723_trimV5.fastq.gz
Approx 90% complete for E14_48h_H3K4me1_ChIP_Yang2019_GSM3314723.fastq.gz
Approx 95% complete for E14_48h_H3K4me1_ChIP_Yang2019_GSM3314723_trimV5.fastq.gz
Approx 95% complete for E14_48h_H3K4me1_ChIP_Yang2019_GSM3314723.fastq.gz
Analysis complete for E14_48h_H3K4me1_ChIP_Yang2019_GSM3314723_trimV5.fastq.gz
Analysis complete for E14_48h_H3K4me1_ChIP_Yang2019_GSM3314723.fastq.gz
[fastQC] finished succesfully at [Wed Jul 3 11:35:50 PM CEST 2024]
[bowtie2 alignment] started with reference /data/reference_genomes/mm10/mm10 at [Wed Jul 3 11:35:50 PM CEST 2024]
[alignment] Bowtie2 alignment finished successfully at [Thu Jul 4 12:05:25 AM CEST 2024]
[sam grooming] started at [Thu Jul 4 12:07:36 AM CEST 2024]
00:07:37.381 INFO  NativeLibraryLoader - Loading libgkl_compression.so from jar:file:/home/robin/bin/miniconda3/share/picard-2.26.2-0/picard.jar!/com/intel/gkl/native/libgkl_compression.so
[Thu Jul 04 00:07:37 CEST 2024] CleanSam --INPUT E14_48h_H3K4me1_ChIP_Yang2019_GSM3314723_raw.sam --OUTPUT E14_48h_H3K4me1_ChIP_Yang2019_GSM3314723_cleaned.sam --TMP_DIR . --VERBOSITY INFO --QUIET false --VALIDATION_STRINGENCY STRICT --COMPRESSION_LEVEL 5 --MAX_RECORDS_IN_RAM 500000 --CREATE_INDEX false --CREATE_MD5_FILE false --GA4GH_CLIENT_SECRETS client_secrets.json --help false --version false --showHidden false --USE_JDK_DEFLATER false --USE_JDK_INFLATER false
[Thu Jul 04 00:07:37 CEST 2024] Executing as robin@epipax.ijm.univ-paris-diderot.priv on Linux 6.1.0-21-amd64 amd64; OpenJDK 64-Bit Server VM 1.8.0_332-b09; Deflater: Intel; Inflater: Intel; Provider GCS is not available; Picard version: Version:2.26.2
INFO	2024-07-04 00:07:37	CleanSam	Seen many non-increasing record positions. Printing Read-names as well.
INFO	2024-07-04 00:07:43	CleanSam	Processed     1,000,000 records.  Elapsed time: 00:00:05s.  Time for last 1,000,000:    5s.  Last read position: chr16:24,354,519.  Last read name: SRR7624411.5095179
INFO	2024-07-04 00:07:48	CleanSam	Processed     2,000,000 records.  Elapsed time: 00:00:10s.  Time for last 1,000,000:    5s.  Last read position: chr1:182,533,819.  Last read name: SRR7624411.25945222
INFO	2024-07-04 00:07:53	CleanSam	Processed     3,000,000 records.  Elapsed time: 00:00:16s.  Time for last 1,000,000:    5s.  Last read position: chr14:122,287,551.  Last read name: SRR7624411.47715046
INFO	2024-07-04 00:07:59	CleanSam	Processed     4,000,000 records.  Elapsed time: 00:00:21s.  Time for last 1,000,000:    5s.  Last read position: chr8:117,313,878.  Last read name: SRR7624411.6773438
INFO	2024-07-04 00:08:04	CleanSam	Processed     5,000,000 records.  Elapsed time: 00:00:26s.  Time for last 1,000,000:    5s.  Last read position: chr7:14,909,616.  Last read name: SRR7624411.31570386
INFO	2024-07-04 00:08:09	CleanSam	Processed     6,000,000 records.  Elapsed time: 00:00:32s.  Time for last 1,000,000:    5s.  Last read position: chr11:101,008,218.  Last read name: SRR7624411.54805188
INFO	2024-07-04 00:08:15	CleanSam	Processed     7,000,000 records.  Elapsed time: 00:00:37s.  Time for last 1,000,000:    5s.  Last read position: chr8:69,956,715.  Last read name: SRR7624411.42276278
INFO	2024-07-04 00:08:20	CleanSam	Processed     8,000,000 records.  Elapsed time: 00:00:43s.  Time for last 1,000,000:    5s.  Last read position: chr16:28,852,388.  Last read name: SRR7624411.47902007
INFO	2024-07-04 00:08:26	CleanSam	Processed     9,000,000 records.  Elapsed time: 00:00:48s.  Time for last 1,000,000:    5s.  Last read position: chr6:143,085,527.  Last read name: SRR7624411.13476841
INFO	2024-07-04 00:08:31	CleanSam	Processed    10,000,000 records.  Elapsed time: 00:00:53s.  Time for last 1,000,000:    4s.  Last read position: chr10:61,937,967.  Last read name: SRR7624411.50712167
INFO	2024-07-04 00:08:36	CleanSam	Processed    11,000,000 records.  Elapsed time: 00:00:58s.  Time for last 1,000,000:    4s.  Last read position: chr4:127,889,186.  Last read name: SRR7624411.27761850
INFO	2024-07-04 00:08:41	CleanSam	Processed    12,000,000 records.  Elapsed time: 00:01:04s.  Time for last 1,000,000:    5s.  Last read position: chr10:4,046,181.  Last read name: SRR7624411.58165097
INFO	2024-07-04 00:08:46	CleanSam	Processed    13,000,000 records.  Elapsed time: 00:01:09s.  Time for last 1,000,000:    4s.  Last read position: chr1:74,385,876.  Last read name: SRR7624411.18355039
INFO	2024-07-04 00:08:51	CleanSam	Processed    14,000,000 records.  Elapsed time: 00:01:14s.  Time for last 1,000,000:    5s.  Last read position: chr18:63,252,297.  Last read name: SRR7624411.1568644
INFO	2024-07-04 00:08:56	CleanSam	Processed    15,000,000 records.  Elapsed time: 00:01:19s.  Time for last 1,000,000:    5s.  Last read position: chr2:69,516,332.  Last read name: SRR7624411.44733739
INFO	2024-07-04 00:09:01	CleanSam	Processed    16,000,000 records.  Elapsed time: 00:01:24s.  Time for last 1,000,000:    5s.  Last read position: chr9:80,192,184.  Last read name: SRR7624411.21445521
INFO	2024-07-04 00:09:06	CleanSam	Processed    17,000,000 records.  Elapsed time: 00:01:29s.  Time for last 1,000,000:    4s.  Last read position: */*.  Last read name: SRR7624411.32166930
INFO	2024-07-04 00:09:12	CleanSam	Processed    18,000,000 records.  Elapsed time: 00:01:35s.  Time for last 1,000,000:    5s.  Last read position: chr10:75,833,456.  Last read name: SRR7624411.14847628
INFO	2024-07-04 00:09:17	CleanSam	Processed    19,000,000 records.  Elapsed time: 00:01:40s.  Time for last 1,000,000:    5s.  Last read position: chr14:47,399,282.  Last read name: SRR7624411.58897511
INFO	2024-07-04 00:09:22	CleanSam	Processed    20,000,000 records.  Elapsed time: 00:01:45s.  Time for last 1,000,000:    5s.  Last read position: chr11:69,601,467.  Last read name: SRR7624411.43556554
INFO	2024-07-04 00:09:27	CleanSam	Processed    21,000,000 records.  Elapsed time: 00:01:50s.  Time for last 1,000,000:    5s.  Last read position: chr3:28,843,359.  Last read name: SRR7624411.2013506
INFO	2024-07-04 00:09:32	CleanSam	Processed    22,000,000 records.  Elapsed time: 00:01:55s.  Time for last 1,000,000:    5s.  Last read position: chr3:51,785,070.  Last read name: SRR7624411.48620451
INFO	2024-07-04 00:09:38	CleanSam	Processed    23,000,000 records.  Elapsed time: 00:02:00s.  Time for last 1,000,000:    5s.  Last read position: chr1:167,303,369.  Last read name: SRR7624411.25923834
INFO	2024-07-04 00:09:43	CleanSam	Processed    24,000,000 records.  Elapsed time: 00:02:05s.  Time for last 1,000,000:    5s.  Last read position: chr17:36,764,870.  Last read name: SRR7624411.53913363
INFO	2024-07-04 00:09:48	CleanSam	Processed    25,000,000 records.  Elapsed time: 00:02:11s.  Time for last 1,000,000:    5s.  Last read position: chr14:26,129,190.  Last read name: SRR7624411.21983632
INFO	2024-07-04 00:09:53	CleanSam	Processed    26,000,000 records.  Elapsed time: 00:02:16s.  Time for last 1,000,000:    5s.  Last read position: chr17:29,738,102.  Last read name: SRR7624411.12186226
INFO	2024-07-04 00:10:03	CleanSam	Processed    27,000,000 records.  Elapsed time: 00:02:25s.  Time for last 1,000,000:    9s.  Last read position: chr4:21,799,356.  Last read name: SRR7624411.2178860
INFO	2024-07-04 00:10:11	CleanSam	Processed    28,000,000 records.  Elapsed time: 00:02:34s.  Time for last 1,000,000:    8s.  Last read position: chr7:4,907,874.  Last read name: SRR7624411.53137371
INFO	2024-07-04 00:10:19	CleanSam	Processed    29,000,000 records.  Elapsed time: 00:02:41s.  Time for last 1,000,000:    7s.  Last read position: chr15:11,906,074.  Last read name: SRR7624411.15577040
INFO	2024-07-04 00:10:26	CleanSam	Processed    30,000,000 records.  Elapsed time: 00:02:48s.  Time for last 1,000,000:    6s.  Last read position: chr19:12,019,585.  Last read name: SRR7624411.55773734
INFO	2024-07-04 00:10:34	CleanSam	Processed    31,000,000 records.  Elapsed time: 00:02:56s.  Time for last 1,000,000:    8s.  Last read position: chr11:103,946,711.  Last read name: SRR7624411.18869181
INFO	2024-07-04 00:10:41	CleanSam	Processed    32,000,000 records.  Elapsed time: 00:03:04s.  Time for last 1,000,000:    7s.  Last read position: chr2:5,250,332.  Last read name: SRR7624411.34001348
INFO	2024-07-04 00:10:47	CleanSam	Processed    33,000,000 records.  Elapsed time: 00:03:10s.  Time for last 1,000,000:    6s.  Last read position: chr4:147,426,753.  Last read name: SRR7624411.45250623
INFO	2024-07-04 00:10:55	CleanSam	Processed    34,000,000 records.  Elapsed time: 00:03:17s.  Time for last 1,000,000:    7s.  Last read position: chrUn_GL456385:4,023.  Last read name: SRR7624411.49889870
INFO	2024-07-04 00:11:01	CleanSam	Processed    35,000,000 records.  Elapsed time: 00:03:24s.  Time for last 1,000,000:    6s.  Last read position: chr1:57,995,284.  Last read name: SRR7624411.54289521
INFO	2024-07-04 00:11:08	CleanSam	Processed    36,000,000 records.  Elapsed time: 00:03:30s.  Time for last 1,000,000:    6s.  Last read position: chr13:41,359,636.  Last read name: SRR7624411.15345927
INFO	2024-07-04 00:11:14	CleanSam	Processed    37,000,000 records.  Elapsed time: 00:03:37s.  Time for last 1,000,000:    6s.  Last read position: chr7:130,606,769.  Last read name: SRR7624411.45816300
INFO	2024-07-04 00:11:20	CleanSam	Processed    38,000,000 records.  Elapsed time: 00:03:43s.  Time for last 1,000,000:    6s.  Last read position: chr13:38,194,452.  Last read name: SRR7624411.36661201
INFO	2024-07-04 00:11:27	CleanSam	Processed    39,000,000 records.  Elapsed time: 00:03:49s.  Time for last 1,000,000:    6s.  Last read position: chr4:52,559,925.  Last read name: SRR7624411.20393595
INFO	2024-07-04 00:11:33	CleanSam	Processed    40,000,000 records.  Elapsed time: 00:03:55s.  Time for last 1,000,000:    5s.  Last read position: chr8:57,488,667.  Last read name: SRR7624411.38625315
INFO	2024-07-04 00:11:39	CleanSam	Processed    41,000,000 records.  Elapsed time: 00:04:02s.  Time for last 1,000,000:    6s.  Last read position: chr9:34,033,275.  Last read name: SRR7624411.35308024
INFO	2024-07-04 00:11:46	CleanSam	Processed    42,000,000 records.  Elapsed time: 00:04:08s.  Time for last 1,000,000:    6s.  Last read position: chr7:55,568,279.  Last read name: SRR7624411.42091704
INFO	2024-07-04 00:11:52	CleanSam	Processed    43,000,000 records.  Elapsed time: 00:04:15s.  Time for last 1,000,000:    6s.  Last read position: chr16:95,971,290.  Last read name: SRR7624411.5158178
INFO	2024-07-04 00:11:59	CleanSam	Processed    44,000,000 records.  Elapsed time: 00:04:22s.  Time for last 1,000,000:    7s.  Last read position: chr8:18,949,355.  Last read name: SRR7624411.57089240
INFO	2024-07-04 00:12:07	CleanSam	Processed    45,000,000 records.  Elapsed time: 00:04:30s.  Time for last 1,000,000:    7s.  Last read position: chr5:134,307,682.  Last read name: SRR7624411.24470704
INFO	2024-07-04 00:12:14	CleanSam	Processed    46,000,000 records.  Elapsed time: 00:04:36s.  Time for last 1,000,000:    6s.  Last read position: chrX:137,121,265.  Last read name: SRR7624411.32093700
INFO	2024-07-04 00:12:22	CleanSam	Processed    47,000,000 records.  Elapsed time: 00:04:44s.  Time for last 1,000,000:    7s.  Last read position: chr4:154,096,574.  Last read name: SRR7624411.20562989
INFO	2024-07-04 00:12:29	CleanSam	Processed    48,000,000 records.  Elapsed time: 00:04:52s.  Time for last 1,000,000:    7s.  Last read position: chrUn_JH584304:18,857.  Last read name: SRR7624411.36280802
INFO	2024-07-04 00:12:37	CleanSam	Processed    49,000,000 records.  Elapsed time: 00:04:59s.  Time for last 1,000,000:    7s.  Last read position: chr9:114,578,984.  Last read name: SRR7624411.17728955
INFO	2024-07-04 00:12:45	CleanSam	Processed    50,000,000 records.  Elapsed time: 00:05:08s.  Time for last 1,000,000:    8s.  Last read position: chr11:22,320,610.  Last read name: SRR7624411.54654232
INFO	2024-07-04 00:12:53	CleanSam	Processed    51,000,000 records.  Elapsed time: 00:05:16s.  Time for last 1,000,000:    7s.  Last read position: chr3:123,893,881.  Last read name: SRR7624411.5853762
INFO	2024-07-04 00:13:00	CleanSam	Processed    52,000,000 records.  Elapsed time: 00:05:23s.  Time for last 1,000,000:    6s.  Last read position: chr14:20,766,540.  Last read name: SRR7624411.963374
INFO	2024-07-04 00:13:08	CleanSam	Processed    53,000,000 records.  Elapsed time: 00:05:30s.  Time for last 1,000,000:    7s.  Last read position: chr1:72,751,597.  Last read name: SRR7624411.50491996
[Thu Jul 04 00:13:24 CEST 2024] picard.sam.CleanSam done. Elapsed time: 5.79 minutes.
Runtime.totalMemory()=833093632
00:13:27.140 INFO  NativeLibraryLoader - Loading libgkl_compression.so from jar:file:/home/robin/bin/miniconda3/share/picard-2.26.2-0/picard.jar!/com/intel/gkl/native/libgkl_compression.so
[Thu Jul 04 00:13:27 CEST 2024] SamFormatConverter --INPUT E14_48h_H3K4me1_ChIP_Yang2019_GSM3314723_cleaned.sam --OUTPUT E14_48h_H3K4me1_ChIP_Yang2019_GSM3314723_unsorted.bam --TMP_DIR . --VERBOSITY INFO --QUIET false --VALIDATION_STRINGENCY STRICT --COMPRESSION_LEVEL 5 --MAX_RECORDS_IN_RAM 500000 --CREATE_INDEX false --CREATE_MD5_FILE false --GA4GH_CLIENT_SECRETS client_secrets.json --help false --version false --showHidden false --USE_JDK_DEFLATER false --USE_JDK_INFLATER false
[Thu Jul 04 00:13:27 CEST 2024] Executing as robin@epipax.ijm.univ-paris-diderot.priv on Linux 6.1.0-21-amd64 amd64; OpenJDK 64-Bit Server VM 1.8.0_332-b09; Deflater: Intel; Inflater: Intel; Provider GCS is not available; Picard version: Version:2.26.2
INFO	2024-07-04 00:13:28	SamFormatConverter	Seen many non-increasing record positions. Printing Read-names as well.
INFO	2024-07-04 00:13:38	SamFormatConverter	Processed     1,000,000 records.  Elapsed time: 00:00:09s.  Time for last 1,000,000:    9s.  Last read position: chr16:24,354,519.  Last read name: SRR7624411.5095179
INFO	2024-07-04 00:13:48	SamFormatConverter	Processed     2,000,000 records.  Elapsed time: 00:00:19s.  Time for last 1,000,000:    9s.  Last read position: chr1:182,533,819.  Last read name: SRR7624411.25945222
INFO	2024-07-04 00:13:56	SamFormatConverter	Processed     3,000,000 records.  Elapsed time: 00:00:28s.  Time for last 1,000,000:    8s.  Last read position: chr14:122,287,551.  Last read name: SRR7624411.47715046
INFO	2024-07-04 00:14:05	SamFormatConverter	Processed     4,000,000 records.  Elapsed time: 00:00:37s.  Time for last 1,000,000:    8s.  Last read position: chr8:117,313,878.  Last read name: SRR7624411.6773438
INFO	2024-07-04 00:14:14	SamFormatConverter	Processed     5,000,000 records.  Elapsed time: 00:00:46s.  Time for last 1,000,000:    8s.  Last read position: chr7:14,909,616.  Last read name: SRR7624411.31570386
INFO	2024-07-04 00:14:24	SamFormatConverter	Processed     6,000,000 records.  Elapsed time: 00:00:55s.  Time for last 1,000,000:    9s.  Last read position: chr11:101,008,218.  Last read name: SRR7624411.54805188
INFO	2024-07-04 00:14:33	SamFormatConverter	Processed     7,000,000 records.  Elapsed time: 00:01:05s.  Time for last 1,000,000:    9s.  Last read position: chr8:69,956,715.  Last read name: SRR7624411.42276278
INFO	2024-07-04 00:14:42	SamFormatConverter	Processed     8,000,000 records.  Elapsed time: 00:01:14s.  Time for last 1,000,000:    9s.  Last read position: chr16:28,852,388.  Last read name: SRR7624411.47902007
INFO	2024-07-04 00:14:51	SamFormatConverter	Processed     9,000,000 records.  Elapsed time: 00:01:22s.  Time for last 1,000,000:    8s.  Last read position: chr6:143,085,527.  Last read name: SRR7624411.13476841
INFO	2024-07-04 00:15:00	SamFormatConverter	Processed    10,000,000 records.  Elapsed time: 00:01:32s.  Time for last 1,000,000:    9s.  Last read position: chr10:61,937,967.  Last read name: SRR7624411.50712167
INFO	2024-07-04 00:15:09	SamFormatConverter	Processed    11,000,000 records.  Elapsed time: 00:01:40s.  Time for last 1,000,000:    8s.  Last read position: chr4:127,889,186.  Last read name: SRR7624411.27761850
INFO	2024-07-04 00:15:18	SamFormatConverter	Processed    12,000,000 records.  Elapsed time: 00:01:49s.  Time for last 1,000,000:    9s.  Last read position: chr10:4,046,181.  Last read name: SRR7624411.58165097
INFO	2024-07-04 00:15:27	SamFormatConverter	Processed    13,000,000 records.  Elapsed time: 00:01:58s.  Time for last 1,000,000:    8s.  Last read position: chr1:74,385,876.  Last read name: SRR7624411.18355039
INFO	2024-07-04 00:15:36	SamFormatConverter	Processed    14,000,000 records.  Elapsed time: 00:02:07s.  Time for last 1,000,000:    8s.  Last read position: chr18:63,252,297.  Last read name: SRR7624411.1568644
INFO	2024-07-04 00:15:44	SamFormatConverter	Processed    15,000,000 records.  Elapsed time: 00:02:16s.  Time for last 1,000,000:    8s.  Last read position: chr2:69,516,332.  Last read name: SRR7624411.44733739
INFO	2024-07-04 00:15:53	SamFormatConverter	Processed    16,000,000 records.  Elapsed time: 00:02:24s.  Time for last 1,000,000:    8s.  Last read position: chr9:80,192,184.  Last read name: SRR7624411.21445521
INFO	2024-07-04 00:16:02	SamFormatConverter	Processed    17,000,000 records.  Elapsed time: 00:02:33s.  Time for last 1,000,000:    8s.  Last read position: */*.  Last read name: SRR7624411.32166930
INFO	2024-07-04 00:16:11	SamFormatConverter	Processed    18,000,000 records.  Elapsed time: 00:02:42s.  Time for last 1,000,000:    8s.  Last read position: chr10:75,833,456.  Last read name: SRR7624411.14847628
INFO	2024-07-04 00:16:19	SamFormatConverter	Processed    19,000,000 records.  Elapsed time: 00:02:51s.  Time for last 1,000,000:    8s.  Last read position: chr14:47,399,282.  Last read name: SRR7624411.58897511
INFO	2024-07-04 00:16:28	SamFormatConverter	Processed    20,000,000 records.  Elapsed time: 00:02:59s.  Time for last 1,000,000:    8s.  Last read position: chr11:69,601,467.  Last read name: SRR7624411.43556554
INFO	2024-07-04 00:16:37	SamFormatConverter	Processed    21,000,000 records.  Elapsed time: 00:03:09s.  Time for last 1,000,000:    9s.  Last read position: chr3:28,843,359.  Last read name: SRR7624411.2013506
INFO	2024-07-04 00:16:46	SamFormatConverter	Processed    22,000,000 records.  Elapsed time: 00:03:17s.  Time for last 1,000,000:    8s.  Last read position: chr3:51,785,070.  Last read name: SRR7624411.48620451
INFO	2024-07-04 00:16:55	SamFormatConverter	Processed    23,000,000 records.  Elapsed time: 00:03:27s.  Time for last 1,000,000:    9s.  Last read position: chr1:167,303,369.  Last read name: SRR7624411.25923834
INFO	2024-07-04 00:17:04	SamFormatConverter	Processed    24,000,000 records.  Elapsed time: 00:03:35s.  Time for last 1,000,000:    8s.  Last read position: chr17:36,764,870.  Last read name: SRR7624411.53913363
INFO	2024-07-04 00:17:13	SamFormatConverter	Processed    25,000,000 records.  Elapsed time: 00:03:45s.  Time for last 1,000,000:    9s.  Last read position: chr14:26,129,190.  Last read name: SRR7624411.21983632
INFO	2024-07-04 00:17:23	SamFormatConverter	Processed    26,000,000 records.  Elapsed time: 00:03:54s.  Time for last 1,000,000:    9s.  Last read position: chr17:29,738,102.  Last read name: SRR7624411.12186226
INFO	2024-07-04 00:17:32	SamFormatConverter	Processed    27,000,000 records.  Elapsed time: 00:04:03s.  Time for last 1,000,000:    8s.  Last read position: chr4:21,799,356.  Last read name: SRR7624411.2178860
INFO	2024-07-04 00:17:41	SamFormatConverter	Processed    28,000,000 records.  Elapsed time: 00:04:12s.  Time for last 1,000,000:    8s.  Last read position: chr7:4,907,874.  Last read name: SRR7624411.53137371
INFO	2024-07-04 00:17:51	SamFormatConverter	Processed    29,000,000 records.  Elapsed time: 00:04:22s.  Time for last 1,000,000:   10s.  Last read position: chr15:11,906,074.  Last read name: SRR7624411.15577040
INFO	2024-07-04 00:18:00	SamFormatConverter	Processed    30,000,000 records.  Elapsed time: 00:04:31s.  Time for last 1,000,000:    8s.  Last read position: chr19:12,019,585.  Last read name: SRR7624411.55773734
INFO	2024-07-04 00:18:09	SamFormatConverter	Processed    31,000,000 records.  Elapsed time: 00:04:40s.  Time for last 1,000,000:    8s.  Last read position: chr11:103,946,711.  Last read name: SRR7624411.18869181
INFO	2024-07-04 00:18:17	SamFormatConverter	Processed    32,000,000 records.  Elapsed time: 00:04:48s.  Time for last 1,000,000:    8s.  Last read position: chr2:5,250,332.  Last read name: SRR7624411.34001348
INFO	2024-07-04 00:18:25	SamFormatConverter	Processed    33,000,000 records.  Elapsed time: 00:04:57s.  Time for last 1,000,000:    8s.  Last read position: chr4:147,426,753.  Last read name: SRR7624411.45250623
INFO	2024-07-04 00:18:34	SamFormatConverter	Processed    34,000,000 records.  Elapsed time: 00:05:05s.  Time for last 1,000,000:    8s.  Last read position: chrUn_GL456385:4,023.  Last read name: SRR7624411.49889870
INFO	2024-07-04 00:18:43	SamFormatConverter	Processed    35,000,000 records.  Elapsed time: 00:05:14s.  Time for last 1,000,000:    8s.  Last read position: chr1:57,995,284.  Last read name: SRR7624411.54289521
INFO	2024-07-04 00:18:51	SamFormatConverter	Processed    36,000,000 records.  Elapsed time: 00:05:23s.  Time for last 1,000,000:    8s.  Last read position: chr13:41,359,636.  Last read name: SRR7624411.15345927
INFO	2024-07-04 00:19:00	SamFormatConverter	Processed    37,000,000 records.  Elapsed time: 00:05:31s.  Time for last 1,000,000:    8s.  Last read position: chr7:130,606,769.  Last read name: SRR7624411.45816300
INFO	2024-07-04 00:19:10	SamFormatConverter	Processed    38,000,000 records.  Elapsed time: 00:05:42s.  Time for last 1,000,000:   10s.  Last read position: chr13:38,194,452.  Last read name: SRR7624411.36661201
INFO	2024-07-04 00:19:19	SamFormatConverter	Processed    39,000,000 records.  Elapsed time: 00:05:50s.  Time for last 1,000,000:    8s.  Last read position: chr4:52,559,925.  Last read name: SRR7624411.20393595
INFO	2024-07-04 00:19:28	SamFormatConverter	Processed    40,000,000 records.  Elapsed time: 00:05:59s.  Time for last 1,000,000:    8s.  Last read position: chr8:57,488,667.  Last read name: SRR7624411.38625315
INFO	2024-07-04 00:19:38	SamFormatConverter	Processed    41,000,000 records.  Elapsed time: 00:06:09s.  Time for last 1,000,000:    9s.  Last read position: chr9:34,033,275.  Last read name: SRR7624411.35308024
INFO	2024-07-04 00:19:46	SamFormatConverter	Processed    42,000,000 records.  Elapsed time: 00:06:18s.  Time for last 1,000,000:    8s.  Last read position: chr7:55,568,279.  Last read name: SRR7624411.42091704
INFO	2024-07-04 00:19:55	SamFormatConverter	Processed    43,000,000 records.  Elapsed time: 00:06:26s.  Time for last 1,000,000:    8s.  Last read position: chr16:95,971,290.  Last read name: SRR7624411.5158178
INFO	2024-07-04 00:20:04	SamFormatConverter	Processed    44,000,000 records.  Elapsed time: 00:06:35s.  Time for last 1,000,000:    8s.  Last read position: chr8:18,949,355.  Last read name: SRR7624411.57089240
INFO	2024-07-04 00:20:13	SamFormatConverter	Processed    45,000,000 records.  Elapsed time: 00:06:44s.  Time for last 1,000,000:    8s.  Last read position: chr5:134,307,682.  Last read name: SRR7624411.24470704
INFO	2024-07-04 00:20:22	SamFormatConverter	Processed    46,000,000 records.  Elapsed time: 00:06:54s.  Time for last 1,000,000:    9s.  Last read position: chrX:137,121,265.  Last read name: SRR7624411.32093700
INFO	2024-07-04 00:20:31	SamFormatConverter	Processed    47,000,000 records.  Elapsed time: 00:07:02s.  Time for last 1,000,000:    8s.  Last read position: chr4:154,096,574.  Last read name: SRR7624411.20562989
INFO	2024-07-04 00:20:40	SamFormatConverter	Processed    48,000,000 records.  Elapsed time: 00:07:12s.  Time for last 1,000,000:    9s.  Last read position: chrUn_JH584304:18,857.  Last read name: SRR7624411.36280802
INFO	2024-07-04 00:20:48	SamFormatConverter	Processed    49,000,000 records.  Elapsed time: 00:07:20s.  Time for last 1,000,000:    8s.  Last read position: chr9:114,578,984.  Last read name: SRR7624411.17728955
INFO	2024-07-04 00:20:57	SamFormatConverter	Processed    50,000,000 records.  Elapsed time: 00:07:28s.  Time for last 1,000,000:    8s.  Last read position: chr11:22,320,610.  Last read name: SRR7624411.54654232
INFO	2024-07-04 00:21:05	SamFormatConverter	Processed    51,000,000 records.  Elapsed time: 00:07:37s.  Time for last 1,000,000:    8s.  Last read position: chr3:123,893,881.  Last read name: SRR7624411.5853762
INFO	2024-07-04 00:21:14	SamFormatConverter	Processed    52,000,000 records.  Elapsed time: 00:07:45s.  Time for last 1,000,000:    8s.  Last read position: chr14:20,766,540.  Last read name: SRR7624411.963374
INFO	2024-07-04 00:21:22	SamFormatConverter	Processed    53,000,000 records.  Elapsed time: 00:07:54s.  Time for last 1,000,000:    8s.  Last read position: chr1:72,751,597.  Last read name: SRR7624411.50491996
[Thu Jul 04 00:21:32 CEST 2024] picard.sam.SamFormatConverter done. Elapsed time: 8.09 minutes.
Runtime.totalMemory()=771751936
00:21:35.418 INFO  NativeLibraryLoader - Loading libgkl_compression.so from jar:file:/home/robin/bin/miniconda3/share/picard-2.26.2-0/picard.jar!/com/intel/gkl/native/libgkl_compression.so
[Thu Jul 04 00:21:35 CEST 2024] SortSam --INPUT E14_48h_H3K4me1_ChIP_Yang2019_GSM3314723_unsorted.bam --OUTPUT E14_48h_H3K4me1_ChIP_Yang2019_GSM3314723_sorted.bam --SORT_ORDER coordinate --TMP_DIR . --VERBOSITY INFO --QUIET false --VALIDATION_STRINGENCY STRICT --COMPRESSION_LEVEL 5 --MAX_RECORDS_IN_RAM 500000 --CREATE_INDEX false --CREATE_MD5_FILE false --GA4GH_CLIENT_SECRETS client_secrets.json --help false --version false --showHidden false --USE_JDK_DEFLATER false --USE_JDK_INFLATER false
[Thu Jul 04 00:21:35 CEST 2024] Executing as robin@epipax.ijm.univ-paris-diderot.priv on Linux 6.1.0-21-amd64 amd64; OpenJDK 64-Bit Server VM 1.8.0_332-b09; Deflater: Intel; Inflater: Intel; Provider GCS is not available; Picard version: Version:2.26.2
INFO	2024-07-04 00:21:35	SortSam	Seen many non-increasing record positions. Printing Read-names as well.
INFO	2024-07-04 00:22:46	SortSam	Read    10,000,000 records.  Elapsed time: 00:01:10s.  Time for last 10,000,000:   70s.  Last read position: chr10:61,937,967.  Last read name: SRR7624411.50712167
INFO	2024-07-04 00:23:48	SortSam	Read    20,000,000 records.  Elapsed time: 00:02:12s.  Time for last 10,000,000:   62s.  Last read position: chr11:69,601,467.  Last read name: SRR7624411.43556554
INFO	2024-07-04 00:24:51	SortSam	Read    30,000,000 records.  Elapsed time: 00:03:15s.  Time for last 10,000,000:   62s.  Last read position: chr19:12,019,585.  Last read name: SRR7624411.55773734
INFO	2024-07-04 00:25:53	SortSam	Read    40,000,000 records.  Elapsed time: 00:04:17s.  Time for last 10,000,000:   62s.  Last read position: chr8:57,488,667.  Last read name: SRR7624411.38625315
INFO	2024-07-04 00:26:54	SortSam	Read    50,000,000 records.  Elapsed time: 00:05:18s.  Time for last 10,000,000:   60s.  Last read position: chr11:22,320,610.  Last read name: SRR7624411.54654232
INFO	2024-07-04 00:27:17	SortSam	Finished reading inputs, merging and writing to output now.
INFO	2024-07-04 00:28:07	SortSam	Wrote    10,000,000 records from a sorting collection.  Elapsed time: 00:06:31s.  Time for last 10,000,000:   48s.  Last read position: chr3:142,832,271
INFO	2024-07-04 00:28:55	SortSam	Wrote    20,000,000 records from a sorting collection.  Elapsed time: 00:07:19s.  Time for last 10,000,000:   47s.  Last read position: chr6:148,989,288
INFO	2024-07-04 00:29:42	SortSam	Wrote    30,000,000 records from a sorting collection.  Elapsed time: 00:08:06s.  Time for last 10,000,000:   47s.  Last read position: chr10:63,084,495
INFO	2024-07-04 00:30:30	SortSam	Wrote    40,000,000 records from a sorting collection.  Elapsed time: 00:08:54s.  Time for last 10,000,000:   47s.  Last read position: chr14:18,675,678
INFO	2024-07-04 00:31:18	SortSam	Wrote    50,000,000 records from a sorting collection.  Elapsed time: 00:09:42s.  Time for last 10,000,000:   48s.  Last read position: chr19:6,116,404
[Thu Jul 04 00:31:36 CEST 2024] picard.sam.SortSam done. Elapsed time: 10.01 minutes.
Runtime.totalMemory()=1745354752
00:31:37.320 INFO  NativeLibraryLoader - Loading libgkl_compression.so from jar:file:/home/robin/bin/miniconda3/share/picard-2.26.2-0/picard.jar!/com/intel/gkl/native/libgkl_compression.so
[Thu Jul 04 00:31:37 CEST 2024] MarkDuplicates --INPUT E14_48h_H3K4me1_ChIP_Yang2019_GSM3314723_sorted.bam --OUTPUT E14_48h_H3K4me1_ChIP_Yang2019_GSM3314723.bam --METRICS_FILE E14_48h_H3K4me1_ChIP_Yang2019_GSM3314723_markDupeMetrics.txt --REMOVE_DUPLICATES false --TMP_DIR . --MAX_SEQUENCES_FOR_DISK_READ_ENDS_MAP 50000 --MAX_FILE_HANDLES_FOR_READ_ENDS_MAP 8000 --SORTING_COLLECTION_SIZE_RATIO 0.25 --TAG_DUPLICATE_SET_MEMBERS false --REMOVE_SEQUENCING_DUPLICATES false --TAGGING_POLICY DontTag --CLEAR_DT true --DUPLEX_UMI false --ADD_PG_TAG_TO_READS true --ASSUME_SORTED false --DUPLICATE_SCORING_STRATEGY SUM_OF_BASE_QUALITIES --PROGRAM_RECORD_ID MarkDuplicates --PROGRAM_GROUP_NAME MarkDuplicates --READ_NAME_REGEX <optimized capture of last three ':' separated fields as numeric values> --OPTICAL_DUPLICATE_PIXEL_DISTANCE 100 --MAX_OPTICAL_DUPLICATE_SET_SIZE 300000 --VERBOSITY INFO --QUIET false --VALIDATION_STRINGENCY STRICT --COMPRESSION_LEVEL 5 --MAX_RECORDS_IN_RAM 500000 --CREATE_INDEX false --CREATE_MD5_FILE false --GA4GH_CLIENT_SECRETS client_secrets.json --help false --version false --showHidden false --USE_JDK_DEFLATER false --USE_JDK_INFLATER false
[Thu Jul 04 00:31:37 CEST 2024] Executing as robin@epipax.ijm.univ-paris-diderot.priv on Linux 6.1.0-21-amd64 amd64; OpenJDK 64-Bit Server VM 1.8.0_332-b09; Deflater: Intel; Inflater: Intel; Provider GCS is not available; Picard version: Version:2.26.2
INFO	2024-07-04 00:31:37	MarkDuplicates	Start of doWork freeMemory: 501502296; totalMemory: 514850816; maxMemory: 1908932608
INFO	2024-07-04 00:31:37	MarkDuplicates	Reading input file and constructing read end information.
INFO	2024-07-04 00:31:37	MarkDuplicates	Will retain up to 6916422 data points before spilling to disk.
WARNING	2024-07-04 00:31:37	AbstractOpticalDuplicateFinderCommandLineProgram	A field field parsed out of a read name was expected to contain an integer and did not. Read name: SRR7624411.42869197. Cause: String 'SRR7624411.42869197' did not start with a parsable number.
INFO	2024-07-04 00:31:43	MarkDuplicates	Read     1,000,000 records.  Elapsed time: 00:00:05s.  Time for last 1,000,000:    5s.  Last read position: chr1:65,466,492
INFO	2024-07-04 00:31:43	MarkDuplicates	Tracking 0 as yet unmatched pairs. 0 records in RAM.
INFO	2024-07-04 00:31:47	MarkDuplicates	Read     2,000,000 records.  Elapsed time: 00:00:09s.  Time for last 1,000,000:    4s.  Last read position: chr1:131,431,507
INFO	2024-07-04 00:31:47	MarkDuplicates	Tracking 0 as yet unmatched pairs. 0 records in RAM.
INFO	2024-07-04 00:31:52	MarkDuplicates	Read     3,000,000 records.  Elapsed time: 00:00:14s.  Time for last 1,000,000:    4s.  Last read position: chr1:178,549,863
INFO	2024-07-04 00:31:52	MarkDuplicates	Tracking 0 as yet unmatched pairs. 0 records in RAM.
INFO	2024-07-04 00:31:55	MarkDuplicates	Read     4,000,000 records.  Elapsed time: 00:00:17s.  Time for last 1,000,000:    3s.  Last read position: chr2:30,161,369
INFO	2024-07-04 00:31:55	MarkDuplicates	Tracking 0 as yet unmatched pairs. 0 records in RAM.
INFO	2024-07-04 00:32:00	MarkDuplicates	Read     5,000,000 records.  Elapsed time: 00:00:22s.  Time for last 1,000,000:    5s.  Last read position: chr2:73,974,199
INFO	2024-07-04 00:32:00	MarkDuplicates	Tracking 0 as yet unmatched pairs. 0 records in RAM.
INFO	2024-07-04 00:32:05	MarkDuplicates	Read     6,000,000 records.  Elapsed time: 00:00:27s.  Time for last 1,000,000:    4s.  Last read position: chr2:125,087,400
INFO	2024-07-04 00:32:05	MarkDuplicates	Tracking 0 as yet unmatched pairs. 0 records in RAM.
INFO	2024-07-04 00:32:16	MarkDuplicates	Read     7,000,000 records.  Elapsed time: 00:00:38s.  Time for last 1,000,000:   11s.  Last read position: chr2:165,070,234
INFO	2024-07-04 00:32:16	MarkDuplicates	Tracking 0 as yet unmatched pairs. 0 records in RAM.
INFO	2024-07-04 00:32:19	MarkDuplicates	Read     8,000,000 records.  Elapsed time: 00:00:41s.  Time for last 1,000,000:    3s.  Last read position: chr3:31,018,271
INFO	2024-07-04 00:32:19	MarkDuplicates	Tracking 0 as yet unmatched pairs. 0 records in RAM.
INFO	2024-07-04 00:32:23	MarkDuplicates	Read     9,000,000 records.  Elapsed time: 00:00:46s.  Time for last 1,000,000:    4s.  Last read position: chr3:90,445,839
INFO	2024-07-04 00:32:23	MarkDuplicates	Tracking 0 as yet unmatched pairs. 0 records in RAM.
INFO	2024-07-04 00:32:27	MarkDuplicates	Read    10,000,000 records.  Elapsed time: 00:00:49s.  Time for last 1,000,000:    3s.  Last read position: chr3:142,832,271
INFO	2024-07-04 00:32:27	MarkDuplicates	Tracking 0 as yet unmatched pairs. 0 records in RAM.
INFO	2024-07-04 00:32:32	MarkDuplicates	Read    11,000,000 records.  Elapsed time: 00:00:55s.  Time for last 1,000,000:    5s.  Last read position: chr4:52,414,743
INFO	2024-07-04 00:32:32	MarkDuplicates	Tracking 0 as yet unmatched pairs. 0 records in RAM.
INFO	2024-07-04 00:32:39	MarkDuplicates	Read    12,000,000 records.  Elapsed time: 00:01:02s.  Time for last 1,000,000:    7s.  Last read position: chr4:117,165,787
INFO	2024-07-04 00:32:39	MarkDuplicates	Tracking 0 as yet unmatched pairs. 0 records in RAM.
INFO	2024-07-04 00:32:46	MarkDuplicates	Read    13,000,000 records.  Elapsed time: 00:01:08s.  Time for last 1,000,000:    6s.  Last read position: chr4:137,750,578
INFO	2024-07-04 00:32:46	MarkDuplicates	Tracking 0 as yet unmatched pairs. 0 records in RAM.
INFO	2024-07-04 00:32:54	MarkDuplicates	Read    14,000,000 records.  Elapsed time: 00:01:16s.  Time for last 1,000,000:    8s.  Last read position: chr5:15,516,047
INFO	2024-07-04 00:32:54	MarkDuplicates	Tracking 0 as yet unmatched pairs. 0 records in RAM.
INFO	2024-07-04 00:32:58	MarkDuplicates	Read    15,000,000 records.  Elapsed time: 00:01:20s.  Time for last 1,000,000:    3s.  Last read position: chr5:74,174,610
INFO	2024-07-04 00:32:58	MarkDuplicates	Tracking 0 as yet unmatched pairs. 0 records in RAM.
INFO	2024-07-04 00:33:02	MarkDuplicates	Read    16,000,000 records.  Elapsed time: 00:01:24s.  Time for last 1,000,000:    4s.  Last read position: chr5:118,001,990
INFO	2024-07-04 00:33:02	MarkDuplicates	Tracking 0 as yet unmatched pairs. 0 records in RAM.
INFO	2024-07-04 00:33:06	MarkDuplicates	Read    17,000,000 records.  Elapsed time: 00:01:29s.  Time for last 1,000,000:    4s.  Last read position: chr5:143,057,269
INFO	2024-07-04 00:33:06	MarkDuplicates	Tracking 0 as yet unmatched pairs. 0 records in RAM.
INFO	2024-07-04 00:33:10	MarkDuplicates	Read    18,000,000 records.  Elapsed time: 00:01:32s.  Time for last 1,000,000:    3s.  Last read position: chr6:48,337,486
INFO	2024-07-04 00:33:10	MarkDuplicates	Tracking 0 as yet unmatched pairs. 0 records in RAM.
INFO	2024-07-04 00:33:16	MarkDuplicates	Read    19,000,000 records.  Elapsed time: 00:01:39s.  Time for last 1,000,000:    6s.  Last read position: chr6:99,793,020
INFO	2024-07-04 00:33:16	MarkDuplicates	Tracking 0 as yet unmatched pairs. 0 records in RAM.
INFO	2024-07-04 00:33:21	MarkDuplicates	Read    20,000,000 records.  Elapsed time: 00:01:43s.  Time for last 1,000,000:    4s.  Last read position: chr6:148,989,288
INFO	2024-07-04 00:33:21	MarkDuplicates	Tracking 0 as yet unmatched pairs. 0 records in RAM.
INFO	2024-07-04 00:33:27	MarkDuplicates	Read    21,000,000 records.  Elapsed time: 00:01:49s.  Time for last 1,000,000:    6s.  Last read position: chr7:43,441,425
INFO	2024-07-04 00:33:27	MarkDuplicates	Tracking 0 as yet unmatched pairs. 0 records in RAM.
INFO	2024-07-04 00:33:31	MarkDuplicates	Read    22,000,000 records.  Elapsed time: 00:01:53s.  Time for last 1,000,000:    3s.  Last read position: chr7:97,766,915
INFO	2024-07-04 00:33:31	MarkDuplicates	Tracking 0 as yet unmatched pairs. 0 records in RAM.
INFO	2024-07-04 00:33:34	MarkDuplicates	Read    23,000,000 records.  Elapsed time: 00:01:56s.  Time for last 1,000,000:    3s.  Last read position: chr7:138,760,459
INFO	2024-07-04 00:33:34	MarkDuplicates	Tracking 0 as yet unmatched pairs. 0 records in RAM.
INFO	2024-07-04 00:33:38	MarkDuplicates	Read    24,000,000 records.  Elapsed time: 00:02:00s.  Time for last 1,000,000:    3s.  Last read position: chr8:46,502,126
INFO	2024-07-04 00:33:38	MarkDuplicates	Tracking 0 as yet unmatched pairs. 0 records in RAM.
INFO	2024-07-04 00:33:42	MarkDuplicates	Read    25,000,000 records.  Elapsed time: 00:02:04s.  Time for last 1,000,000:    3s.  Last read position: chr8:92,641,915
INFO	2024-07-04 00:33:42	MarkDuplicates	Tracking 0 as yet unmatched pairs. 0 records in RAM.
INFO	2024-07-04 00:33:49	MarkDuplicates	Read    26,000,000 records.  Elapsed time: 00:02:11s.  Time for last 1,000,000:    7s.  Last read position: chr9:3,004,559
INFO	2024-07-04 00:33:49	MarkDuplicates	Tracking 0 as yet unmatched pairs. 0 records in RAM.
INFO	2024-07-04 00:33:52	MarkDuplicates	Read    27,000,000 records.  Elapsed time: 00:02:14s.  Time for last 1,000,000:    3s.  Last read position: chr9:51,169,048
INFO	2024-07-04 00:33:52	MarkDuplicates	Tracking 0 as yet unmatched pairs. 0 records in RAM.
INFO	2024-07-04 00:33:59	MarkDuplicates	Read    28,000,000 records.  Elapsed time: 00:02:21s.  Time for last 1,000,000:    6s.  Last read position: chr9:95,133,141
INFO	2024-07-04 00:33:59	MarkDuplicates	Tracking 0 as yet unmatched pairs. 0 records in RAM.
INFO	2024-07-04 00:34:03	MarkDuplicates	Read    29,000,000 records.  Elapsed time: 00:02:25s.  Time for last 1,000,000:    3s.  Last read position: chr10:13,004,810
INFO	2024-07-04 00:34:03	MarkDuplicates	Tracking 0 as yet unmatched pairs. 0 records in RAM.
INFO	2024-07-04 00:34:07	MarkDuplicates	Read    30,000,000 records.  Elapsed time: 00:02:29s.  Time for last 1,000,000:    3s.  Last read position: chr10:63,084,495
INFO	2024-07-04 00:34:07	MarkDuplicates	Tracking 0 as yet unmatched pairs. 0 records in RAM.
INFO	2024-07-04 00:34:10	MarkDuplicates	Read    31,000,000 records.  Elapsed time: 00:02:32s.  Time for last 1,000,000:    3s.  Last read position: chr10:105,602,091
INFO	2024-07-04 00:34:10	MarkDuplicates	Tracking 0 as yet unmatched pairs. 0 records in RAM.
INFO	2024-07-04 00:34:14	MarkDuplicates	Read    32,000,000 records.  Elapsed time: 00:02:36s.  Time for last 1,000,000:    4s.  Last read position: chr11:21,101,191
INFO	2024-07-04 00:34:14	MarkDuplicates	Tracking 0 as yet unmatched pairs. 0 records in RAM.
INFO	2024-07-04 00:34:18	MarkDuplicates	Read    33,000,000 records.  Elapsed time: 00:02:40s.  Time for last 1,000,000:    3s.  Last read position: chr11:64,001,573
INFO	2024-07-04 00:34:18	MarkDuplicates	Tracking 0 as yet unmatched pairs. 0 records in RAM.
INFO	2024-07-04 00:34:22	MarkDuplicates	Read    34,000,000 records.  Elapsed time: 00:02:44s.  Time for last 1,000,000:    4s.  Last read position: chr11:95,025,378
INFO	2024-07-04 00:34:22	MarkDuplicates	Tracking 0 as yet unmatched pairs. 0 records in RAM.
INFO	2024-07-04 00:34:28	MarkDuplicates	Read    35,000,000 records.  Elapsed time: 00:02:50s.  Time for last 1,000,000:    6s.  Last read position: chr11:116,539,433
INFO	2024-07-04 00:34:28	MarkDuplicates	Tracking 0 as yet unmatched pairs. 0 records in RAM.
INFO	2024-07-04 00:34:33	MarkDuplicates	Read    36,000,000 records.  Elapsed time: 00:02:55s.  Time for last 1,000,000:    4s.  Last read position: chr12:51,240,377
INFO	2024-07-04 00:34:33	MarkDuplicates	Tracking 0 as yet unmatched pairs. 0 records in RAM.
INFO	2024-07-04 00:34:37	MarkDuplicates	Read    37,000,000 records.  Elapsed time: 00:02:59s.  Time for last 1,000,000:    4s.  Last read position: chr12:101,371,730
INFO	2024-07-04 00:34:37	MarkDuplicates	Tracking 0 as yet unmatched pairs. 0 records in RAM.
INFO	2024-07-04 00:34:40	MarkDuplicates	Read    38,000,000 records.  Elapsed time: 00:03:02s.  Time for last 1,000,000:    3s.  Last read position: chr13:35,737,669
INFO	2024-07-04 00:34:40	MarkDuplicates	Tracking 0 as yet unmatched pairs. 0 records in RAM.
INFO	2024-07-04 00:34:44	MarkDuplicates	Read    39,000,000 records.  Elapsed time: 00:03:06s.  Time for last 1,000,000:    4s.  Last read position: chr13:75,821,142
INFO	2024-07-04 00:34:44	MarkDuplicates	Tracking 0 as yet unmatched pairs. 0 records in RAM.
INFO	2024-07-04 00:34:48	MarkDuplicates	Read    40,000,000 records.  Elapsed time: 00:03:10s.  Time for last 1,000,000:    3s.  Last read position: chr14:18,675,678
INFO	2024-07-04 00:34:48	MarkDuplicates	Tracking 0 as yet unmatched pairs. 0 records in RAM.
INFO	2024-07-04 00:34:51	MarkDuplicates	Read    41,000,000 records.  Elapsed time: 00:03:13s.  Time for last 1,000,000:    3s.  Last read position: chr14:61,580,615
INFO	2024-07-04 00:34:51	MarkDuplicates	Tracking 0 as yet unmatched pairs. 0 records in RAM.
INFO	2024-07-04 00:34:57	MarkDuplicates	Read    42,000,000 records.  Elapsed time: 00:03:19s.  Time for last 1,000,000:    5s.  Last read position: chr15:10,596,086
INFO	2024-07-04 00:34:57	MarkDuplicates	Tracking 0 as yet unmatched pairs. 0 records in RAM.
INFO	2024-07-04 00:35:00	MarkDuplicates	Read    43,000,000 records.  Elapsed time: 00:03:23s.  Time for last 1,000,000:    3s.  Last read position: chr15:75,411,467
INFO	2024-07-04 00:35:00	MarkDuplicates	Tracking 0 as yet unmatched pairs. 0 records in RAM.
INFO	2024-07-04 00:35:04	MarkDuplicates	Read    44,000,000 records.  Elapsed time: 00:03:26s.  Time for last 1,000,000:    3s.  Last read position: chr15:101,316,775
INFO	2024-07-04 00:35:04	MarkDuplicates	Tracking 0 as yet unmatched pairs. 0 records in RAM.
INFO	2024-07-04 00:35:08	MarkDuplicates	Read    45,000,000 records.  Elapsed time: 00:03:30s.  Time for last 1,000,000:    3s.  Last read position: chr16:33,877,421
INFO	2024-07-04 00:35:08	MarkDuplicates	Tracking 0 as yet unmatched pairs. 0 records in RAM.
INFO	2024-07-04 00:35:11	MarkDuplicates	Read    46,000,000 records.  Elapsed time: 00:03:33s.  Time for last 1,000,000:    3s.  Last read position: chr17:7,260,432
INFO	2024-07-04 00:35:11	MarkDuplicates	Tracking 0 as yet unmatched pairs. 0 records in RAM.
INFO	2024-07-04 00:35:16	MarkDuplicates	Read    47,000,000 records.  Elapsed time: 00:03:38s.  Time for last 1,000,000:    5s.  Last read position: chr17:36,146,534
INFO	2024-07-04 00:35:16	MarkDuplicates	Tracking 0 as yet unmatched pairs. 0 records in RAM.
INFO	2024-07-04 00:35:20	MarkDuplicates	Read    48,000,000 records.  Elapsed time: 00:03:43s.  Time for last 1,000,000:    4s.  Last read position: chr17:84,716,359
INFO	2024-07-04 00:35:20	MarkDuplicates	Tracking 0 as yet unmatched pairs. 0 records in RAM.
INFO	2024-07-04 00:35:27	MarkDuplicates	Read    49,000,000 records.  Elapsed time: 00:03:49s.  Time for last 1,000,000:    6s.  Last read position: chr18:46,188,337
INFO	2024-07-04 00:35:27	MarkDuplicates	Tracking 0 as yet unmatched pairs. 0 records in RAM.
INFO	2024-07-04 00:35:30	MarkDuplicates	Read    50,000,000 records.  Elapsed time: 00:03:52s.  Time for last 1,000,000:    3s.  Last read position: chr19:6,116,404
INFO	2024-07-04 00:35:30	MarkDuplicates	Tracking 0 as yet unmatched pairs. 0 records in RAM.
INFO	2024-07-04 00:35:34	MarkDuplicates	Read    51,000,000 records.  Elapsed time: 00:03:56s.  Time for last 1,000,000:    3s.  Last read position: chr19:46,027,111
INFO	2024-07-04 00:35:34	MarkDuplicates	Tracking 0 as yet unmatched pairs. 0 records in RAM.
INFO	2024-07-04 00:35:38	MarkDuplicates	Read    52,000,000 records.  Elapsed time: 00:04:01s.  Time for last 1,000,000:    4s.  Last read position: chrX:102,304,360
INFO	2024-07-04 00:35:38	MarkDuplicates	Tracking 0 as yet unmatched pairs. 0 records in RAM.
INFO	2024-07-04 00:35:41	MarkDuplicates	Read 52731256 records. 0 pairs never matched.
INFO	2024-07-04 00:35:43	MarkDuplicates	After buildSortedReadEndLists freeMemory: 1817732304; totalMemory: 1862270976; maxMemory: 1908932608
INFO	2024-07-04 00:35:43	MarkDuplicates	Will retain up to 59654144 duplicate indices before spilling to disk.
INFO	2024-07-04 00:35:43	MarkDuplicates	Traversing read pair information and detecting duplicates.
INFO	2024-07-04 00:35:43	MarkDuplicates	Traversing fragment information and detecting duplicates.
INFO	2024-07-04 00:35:57	MarkDuplicates	Sorting list of duplicate records.
INFO	2024-07-04 00:35:57	MarkDuplicates	After generateDuplicateIndexes freeMemory: 1394121120; totalMemory: 1888485376; maxMemory: 1908932608
INFO	2024-07-04 00:35:57	MarkDuplicates	Marking 252853 records as duplicates.
INFO	2024-07-04 00:35:57	MarkDuplicates	Found 0 optical duplicate clusters.
INFO	2024-07-04 00:35:57	MarkDuplicates	Reads are assumed to be ordered by: coordinate
INFO	2024-07-04 00:37:09	MarkDuplicates	Written    10,000,000 records.  Elapsed time: 00:01:11s.  Time for last 10,000,000:   71s.  Last read position: chr3:142,832,271
INFO	2024-07-04 00:38:20	MarkDuplicates	Written    20,000,000 records.  Elapsed time: 00:02:22s.  Time for last 10,000,000:   71s.  Last read position: chr6:148,989,288
INFO	2024-07-04 00:39:34	MarkDuplicates	Written    30,000,000 records.  Elapsed time: 00:03:36s.  Time for last 10,000,000:   73s.  Last read position: chr10:63,084,495
INFO	2024-07-04 00:40:51	MarkDuplicates	Written    40,000,000 records.  Elapsed time: 00:04:53s.  Time for last 10,000,000:   77s.  Last read position: chr14:18,675,678
INFO	2024-07-04 00:42:11	MarkDuplicates	Written    50,000,000 records.  Elapsed time: 00:06:13s.  Time for last 10,000,000:   79s.  Last read position: chr19:6,116,404
INFO	2024-07-04 00:42:37	MarkDuplicates	Writing complete. Closing input iterator.
INFO	2024-07-04 00:42:37	MarkDuplicates	Duplicate Index cleanup.
INFO	2024-07-04 00:42:37	MarkDuplicates	Getting Memory Stats.
INFO	2024-07-04 00:42:37	MarkDuplicates	Before output close freeMemory: 1904466912; totalMemory: 1923088384; maxMemory: 1923088384
INFO	2024-07-04 00:42:41	MarkDuplicates	Closed outputs. Getting more Memory Stats.
INFO	2024-07-04 00:42:41	MarkDuplicates	After output close freeMemory: 1904466912; totalMemory: 1923088384; maxMemory: 1923088384
[Thu Jul 04 00:42:41 CEST 2024] picard.sam.markduplicates.MarkDuplicates done. Elapsed time: 11.08 minutes.
Runtime.totalMemory()=1923088384
[sam grooming] finished successfully at [Thu Jul 4 12:42:58 AM CEST 2024]
[trueStats] Collecting alignment statistics for E14_48h_H3K4me1_ChIP_Yang2019_GSM3314723.bam at [Thu Jul 4 12:44:14 AM CEST 2024]
[bamToWigCPMsmoothKeepDup] Started with bin size: 1 and smoothing over 0 bp and KEEPING DUPLICATES at [Thu Jul 4 12:49:33 AM CEST 2024]
There are 51457146 alignments, of which 212616 are completely within a blacklist region.
Due to filtering, 94.21572468056377% of the aforementioned alignments will be used 48280405.29864891
[bamToWigCPMsmoothKeepDup] finished successfully at [Thu Jul 4 01:11:00 AM CEST 2024]
[file cleanup] started. Good job! at [Thu Jul 4 01:11:00 AM CEST 2024]
cp: cannot stat '*.pdf': No such file or directory
mv: cannot stat '*.bed': No such file or directory
mv: preserving times for '/data/bigWigs/E14_48h_H3K4me1_ChIP_Yang2019_GSM3314723_trimV5_mm10_kpDup_q10_b1_s0_CPM.bw': Operation not permitted
mv: preserving permissions for /data/bigWigs/E14_48h_H3K4me1_ChIP_Yang2019_GSM3314723_trimV5_mm10_kpDup_q10_b1_s0_CPM.bw: Operation not permitted
mv: preserving times for '/data/bams/E14_48h_H3K4me1_ChIP_Yang2019_GSM3314723_trimV5_mm10.bam': Operation not permitted
mv: preserving permissions for /data/bams/E14_48h_H3K4me1_ChIP_Yang2019_GSM3314723_trimV5_mm10.bam: Operation not permitted
mv: preserving times for '/data/bams/E14_48h_H3K4me1_ChIP_Yang2019_GSM3314723_trimV5_mm10.bam.bai': Operation not permitted
mv: preserving permissions for /data/bams/E14_48h_H3K4me1_ChIP_Yang2019_GSM3314723_trimV5_mm10.bam.bai: Operation not permitted
mv: cannot stat '*.gtf': No such file or directory
