SCRATCH: /scratch
ls: cannot access '/data/fastq/E14_36h_H3K4me1_ChIP_Yang2019_GSM3314722*_R2.fastq.gz': No such file or directory
[masterDownload] Data are single-end. at [Wed Jul 3 10:13:28 PM CEST 2024]
[checkDependencies] Checking Dependencies [Wed Jul 3 10:13:28 PM CEST 2024] at [Wed Jul 3 10:13:28 PM CEST 2024]
[setup checkDependencies] trimmomatic... at [Wed Jul 3 10:13:28 PM CEST 2024]
[setup checkDependencies] STAR... at [Wed Jul 3 10:13:28 PM CEST 2024]
[setup checkDependencies] bismark... at [Wed Jul 3 10:13:28 PM CEST 2024]
[setup checkDependencies] bowtie2... at [Wed Jul 3 10:13:28 PM CEST 2024]
[setup checkDependencies] samtools... at [Wed Jul 3 10:13:28 PM CEST 2024]
[setup checkDependencies] picard... at [Wed Jul 3 10:13:28 PM CEST 2024]
[setup checkDependencies] awk... at [Wed Jul 3 10:13:28 PM CEST 2024]
[setup checkDependencies] bamCoverage... at [Wed Jul 3 10:13:28 PM CEST 2024]
[setup checkDependencies] fastqc... at [Wed Jul 3 10:13:28 PM CEST 2024]
[setup checkDependencies] fastq_screen... at [Wed Jul 3 10:13:28 PM CEST 2024]
[setup checkDependencies] stringtie... at [Wed Jul 3 10:13:28 PM CEST 2024]
[setup checkDependencies] clumpify.sh... at [Wed Jul 3 10:13:28 PM CEST 2024]
PAIRED: false
[setUpLogFile] Script started at [Wed Jul 3 10:13:28 PM CEST 2024] at [Wed Jul 3 10:13:28 PM CEST 2024]
[fastQC] started on raw FASTQs at [Wed Jul 3 10:13:28 PM CEST 2024]
Started analysis of E14_36h_H3K4me1_ChIP_Yang2019_GSM3314722_raw.fastq.gz
Approx 5% complete for E14_36h_H3K4me1_ChIP_Yang2019_GSM3314722_raw.fastq.gz
Approx 10% complete for E14_36h_H3K4me1_ChIP_Yang2019_GSM3314722_raw.fastq.gz
Approx 15% complete for E14_36h_H3K4me1_ChIP_Yang2019_GSM3314722_raw.fastq.gz
Approx 20% complete for E14_36h_H3K4me1_ChIP_Yang2019_GSM3314722_raw.fastq.gz
Approx 25% complete for E14_36h_H3K4me1_ChIP_Yang2019_GSM3314722_raw.fastq.gz
Approx 30% complete for E14_36h_H3K4me1_ChIP_Yang2019_GSM3314722_raw.fastq.gz
Approx 35% complete for E14_36h_H3K4me1_ChIP_Yang2019_GSM3314722_raw.fastq.gz
Approx 40% complete for E14_36h_H3K4me1_ChIP_Yang2019_GSM3314722_raw.fastq.gz
Approx 45% complete for E14_36h_H3K4me1_ChIP_Yang2019_GSM3314722_raw.fastq.gz
Approx 50% complete for E14_36h_H3K4me1_ChIP_Yang2019_GSM3314722_raw.fastq.gz
Approx 55% complete for E14_36h_H3K4me1_ChIP_Yang2019_GSM3314722_raw.fastq.gz
Approx 60% complete for E14_36h_H3K4me1_ChIP_Yang2019_GSM3314722_raw.fastq.gz
Approx 65% complete for E14_36h_H3K4me1_ChIP_Yang2019_GSM3314722_raw.fastq.gz
Approx 70% complete for E14_36h_H3K4me1_ChIP_Yang2019_GSM3314722_raw.fastq.gz
Approx 75% complete for E14_36h_H3K4me1_ChIP_Yang2019_GSM3314722_raw.fastq.gz
Approx 80% complete for E14_36h_H3K4me1_ChIP_Yang2019_GSM3314722_raw.fastq.gz
Approx 85% complete for E14_36h_H3K4me1_ChIP_Yang2019_GSM3314722_raw.fastq.gz
Approx 90% complete for E14_36h_H3K4me1_ChIP_Yang2019_GSM3314722_raw.fastq.gz
Approx 95% complete for E14_36h_H3K4me1_ChIP_Yang2019_GSM3314722_raw.fastq.gz
Analysis complete for E14_36h_H3K4me1_ChIP_Yang2019_GSM3314722_raw.fastq.gz
[fastQC] on raw FASTQs finished succesfully. Will remove PCR duplicates now at [Wed Jul 3 10:16:58 PM CEST 2024]
Reads are length: 52 at [Wed Jul 3 10:16:58 PM CEST 2024]
Reads with same sequence 1 or fewer substitutions will be marked as PCR duplicates at [Wed Jul 3 10:16:58 PM CEST 2024]
Removal of PCR duplicates complete! at [Wed Jul 3 10:40:16 PM CEST 2024]
[trimReads] Started using version trimV5 parameters at [Wed Jul 3 10:40:16 PM CEST 2024]
ILLUMINACLIP:/data/reference_genomes/adapters/adapters.fa:2:30:10 SLIDINGWINDOW:4:20 MINLEN:24
[trimReads] Trimming E14_36h_H3K4me1_ChIP_Yang2019_GSM3314722.fastq.gz... at [Wed Jul 3 10:40:16 PM CEST 2024]
[trimReads] Finished successfully at [Wed Jul 3 10:50:28 PM CEST 2024]
[fastQC] started on E14_36h_H3K4me1_ChIP_Yang2019_GSM3314722.fastq.gz E14_36h_H3K4me1_ChIP_Yang2019_GSM3314722_trimV5.fastq.gz at [Wed Jul 3 10:50:28 PM CEST 2024]
Started analysis of E14_36h_H3K4me1_ChIP_Yang2019_GSM3314722.fastq.gz
Started analysis of E14_36h_H3K4me1_ChIP_Yang2019_GSM3314722_trimV5.fastq.gz
Approx 5% complete for E14_36h_H3K4me1_ChIP_Yang2019_GSM3314722.fastq.gz
Approx 5% complete for E14_36h_H3K4me1_ChIP_Yang2019_GSM3314722_trimV5.fastq.gz
Approx 10% complete for E14_36h_H3K4me1_ChIP_Yang2019_GSM3314722.fastq.gz
Approx 10% complete for E14_36h_H3K4me1_ChIP_Yang2019_GSM3314722_trimV5.fastq.gz
Approx 15% complete for E14_36h_H3K4me1_ChIP_Yang2019_GSM3314722.fastq.gz
Approx 15% complete for E14_36h_H3K4me1_ChIP_Yang2019_GSM3314722_trimV5.fastq.gz
Approx 20% complete for E14_36h_H3K4me1_ChIP_Yang2019_GSM3314722_trimV5.fastq.gz
Approx 20% complete for E14_36h_H3K4me1_ChIP_Yang2019_GSM3314722.fastq.gz
Approx 25% complete for E14_36h_H3K4me1_ChIP_Yang2019_GSM3314722_trimV5.fastq.gz
Approx 25% complete for E14_36h_H3K4me1_ChIP_Yang2019_GSM3314722.fastq.gz
Approx 30% complete for E14_36h_H3K4me1_ChIP_Yang2019_GSM3314722_trimV5.fastq.gz
Approx 30% complete for E14_36h_H3K4me1_ChIP_Yang2019_GSM3314722.fastq.gz
Approx 35% complete for E14_36h_H3K4me1_ChIP_Yang2019_GSM3314722_trimV5.fastq.gz
Approx 35% complete for E14_36h_H3K4me1_ChIP_Yang2019_GSM3314722.fastq.gz
Approx 40% complete for E14_36h_H3K4me1_ChIP_Yang2019_GSM3314722_trimV5.fastq.gz
Approx 40% complete for E14_36h_H3K4me1_ChIP_Yang2019_GSM3314722.fastq.gz
Approx 45% complete for E14_36h_H3K4me1_ChIP_Yang2019_GSM3314722_trimV5.fastq.gz
Approx 45% complete for E14_36h_H3K4me1_ChIP_Yang2019_GSM3314722.fastq.gz
Approx 50% complete for E14_36h_H3K4me1_ChIP_Yang2019_GSM3314722_trimV5.fastq.gz
Approx 50% complete for E14_36h_H3K4me1_ChIP_Yang2019_GSM3314722.fastq.gz
Approx 55% complete for E14_36h_H3K4me1_ChIP_Yang2019_GSM3314722_trimV5.fastq.gz
Approx 55% complete for E14_36h_H3K4me1_ChIP_Yang2019_GSM3314722.fastq.gz
Approx 60% complete for E14_36h_H3K4me1_ChIP_Yang2019_GSM3314722_trimV5.fastq.gz
Approx 60% complete for E14_36h_H3K4me1_ChIP_Yang2019_GSM3314722.fastq.gz
Approx 65% complete for E14_36h_H3K4me1_ChIP_Yang2019_GSM3314722_trimV5.fastq.gz
Approx 65% complete for E14_36h_H3K4me1_ChIP_Yang2019_GSM3314722.fastq.gz
Approx 70% complete for E14_36h_H3K4me1_ChIP_Yang2019_GSM3314722_trimV5.fastq.gz
Approx 70% complete for E14_36h_H3K4me1_ChIP_Yang2019_GSM3314722.fastq.gz
Approx 75% complete for E14_36h_H3K4me1_ChIP_Yang2019_GSM3314722.fastq.gz
Approx 75% complete for E14_36h_H3K4me1_ChIP_Yang2019_GSM3314722_trimV5.fastq.gz
Approx 80% complete for E14_36h_H3K4me1_ChIP_Yang2019_GSM3314722.fastq.gz
Approx 80% complete for E14_36h_H3K4me1_ChIP_Yang2019_GSM3314722_trimV5.fastq.gz
Approx 85% complete for E14_36h_H3K4me1_ChIP_Yang2019_GSM3314722.fastq.gz
Approx 85% complete for E14_36h_H3K4me1_ChIP_Yang2019_GSM3314722_trimV5.fastq.gz
Approx 90% complete for E14_36h_H3K4me1_ChIP_Yang2019_GSM3314722.fastq.gz
Approx 90% complete for E14_36h_H3K4me1_ChIP_Yang2019_GSM3314722_trimV5.fastq.gz
Approx 95% complete for E14_36h_H3K4me1_ChIP_Yang2019_GSM3314722.fastq.gz
Approx 95% complete for E14_36h_H3K4me1_ChIP_Yang2019_GSM3314722_trimV5.fastq.gz
Analysis complete for E14_36h_H3K4me1_ChIP_Yang2019_GSM3314722.fastq.gz
Analysis complete for E14_36h_H3K4me1_ChIP_Yang2019_GSM3314722_trimV5.fastq.gz
[fastQC] finished succesfully at [Wed Jul 3 10:53:44 PM CEST 2024]
[bowtie2 alignment] started with reference /data/reference_genomes/mm10/mm10 at [Wed Jul 3 10:53:44 PM CEST 2024]
[alignment] Bowtie2 alignment finished successfully at [Wed Jul 3 11:20:06 PM CEST 2024]
[sam grooming] started at [Wed Jul 3 11:21:41 PM CEST 2024]
23:21:42.150 INFO  NativeLibraryLoader - Loading libgkl_compression.so from jar:file:/home/robin/bin/miniconda3/share/picard-2.26.2-0/picard.jar!/com/intel/gkl/native/libgkl_compression.so
[Wed Jul 03 23:21:42 CEST 2024] CleanSam --INPUT E14_36h_H3K4me1_ChIP_Yang2019_GSM3314722_raw.sam --OUTPUT E14_36h_H3K4me1_ChIP_Yang2019_GSM3314722_cleaned.sam --TMP_DIR . --VERBOSITY INFO --QUIET false --VALIDATION_STRINGENCY STRICT --COMPRESSION_LEVEL 5 --MAX_RECORDS_IN_RAM 500000 --CREATE_INDEX false --CREATE_MD5_FILE false --GA4GH_CLIENT_SECRETS client_secrets.json --help false --version false --showHidden false --USE_JDK_DEFLATER false --USE_JDK_INFLATER false
[Wed Jul 03 23:21:42 CEST 2024] Executing as robin@epipax.ijm.univ-paris-diderot.priv on Linux 6.1.0-21-amd64 amd64; OpenJDK 64-Bit Server VM 1.8.0_332-b09; Deflater: Intel; Inflater: Intel; Provider GCS is not available; Picard version: Version:2.26.2
INFO	2024-07-03 23:21:42	CleanSam	Seen many non-increasing record positions. Printing Read-names as well.
INFO	2024-07-03 23:21:47	CleanSam	Processed     1,000,000 records.  Elapsed time: 00:00:05s.  Time for last 1,000,000:    5s.  Last read position: chr18:84,721,602.  Last read name: SRR7624410.47057456
INFO	2024-07-03 23:21:52	CleanSam	Processed     2,000,000 records.  Elapsed time: 00:00:10s.  Time for last 1,000,000:    5s.  Last read position: chr8:121,263,744.  Last read name: SRR7624410.36272131
INFO	2024-07-03 23:21:58	CleanSam	Processed     3,000,000 records.  Elapsed time: 00:00:15s.  Time for last 1,000,000:    5s.  Last read position: chr16:29,996,223.  Last read name: SRR7624410.37819252
INFO	2024-07-03 23:22:03	CleanSam	Processed     4,000,000 records.  Elapsed time: 00:00:20s.  Time for last 1,000,000:    5s.  Last read position: chr14:64,682,495.  Last read name: SRR7624410.23621406
INFO	2024-07-03 23:22:08	CleanSam	Processed     5,000,000 records.  Elapsed time: 00:00:26s.  Time for last 1,000,000:    5s.  Last read position: chr13:108,362,985.  Last read name: SRR7624410.34665299
INFO	2024-07-03 23:22:13	CleanSam	Processed     6,000,000 records.  Elapsed time: 00:00:31s.  Time for last 1,000,000:    5s.  Last read position: chr3:89,106,829.  Last read name: SRR7624410.44465248
INFO	2024-07-03 23:22:18	CleanSam	Processed     7,000,000 records.  Elapsed time: 00:00:36s.  Time for last 1,000,000:    5s.  Last read position: chr14:16,336,914.  Last read name: SRR7624410.6494018
INFO	2024-07-03 23:22:23	CleanSam	Processed     8,000,000 records.  Elapsed time: 00:00:41s.  Time for last 1,000,000:    5s.  Last read position: chr14:70,747,476.  Last read name: SRR7624410.39822002
INFO	2024-07-03 23:22:28	CleanSam	Processed     9,000,000 records.  Elapsed time: 00:00:46s.  Time for last 1,000,000:    5s.  Last read position: */*.  Last read name: SRR7624410.33900036
INFO	2024-07-03 23:22:33	CleanSam	Processed    10,000,000 records.  Elapsed time: 00:00:51s.  Time for last 1,000,000:    5s.  Last read position: chr14:70,520,059.  Last read name: SRR7624410.23627890
INFO	2024-07-03 23:22:39	CleanSam	Processed    11,000,000 records.  Elapsed time: 00:00:57s.  Time for last 1,000,000:    5s.  Last read position: chr2:147,761,338.  Last read name: SRR7624410.32468955
INFO	2024-07-03 23:22:44	CleanSam	Processed    12,000,000 records.  Elapsed time: 00:01:02s.  Time for last 1,000,000:    5s.  Last read position: chr15:28,228,005.  Last read name: SRR7624410.46686099
INFO	2024-07-03 23:22:50	CleanSam	Processed    13,000,000 records.  Elapsed time: 00:01:07s.  Time for last 1,000,000:    5s.  Last read position: chr13:35,768,003.  Last read name: SRR7624410.20640643
INFO	2024-07-03 23:22:55	CleanSam	Processed    14,000,000 records.  Elapsed time: 00:01:13s.  Time for last 1,000,000:    5s.  Last read position: chr11:53,022,704.  Last read name: SRR7624410.23241165
INFO	2024-07-03 23:23:01	CleanSam	Processed    15,000,000 records.  Elapsed time: 00:01:18s.  Time for last 1,000,000:    5s.  Last read position: chr1:33,906,962.  Last read name: SRR7624410.20016
INFO	2024-07-03 23:23:06	CleanSam	Processed    16,000,000 records.  Elapsed time: 00:01:24s.  Time for last 1,000,000:    5s.  Last read position: chr13:28,997,101.  Last read name: SRR7624410.6404259
INFO	2024-07-03 23:23:11	CleanSam	Processed    17,000,000 records.  Elapsed time: 00:01:29s.  Time for last 1,000,000:    5s.  Last read position: chr9:32,710,416.  Last read name: SRR7624410.22357504
INFO	2024-07-03 23:23:17	CleanSam	Processed    18,000,000 records.  Elapsed time: 00:01:34s.  Time for last 1,000,000:    5s.  Last read position: chr17:63,024,056.  Last read name: SRR7624410.40981624
INFO	2024-07-03 23:23:22	CleanSam	Processed    19,000,000 records.  Elapsed time: 00:01:40s.  Time for last 1,000,000:    5s.  Last read position: chr8:83,573,508.  Last read name: SRR7624410.5233441
INFO	2024-07-03 23:23:28	CleanSam	Processed    20,000,000 records.  Elapsed time: 00:01:45s.  Time for last 1,000,000:    5s.  Last read position: */*.  Last read name: SRR7624410.22772010
INFO	2024-07-03 23:23:33	CleanSam	Processed    21,000,000 records.  Elapsed time: 00:01:51s.  Time for last 1,000,000:    5s.  Last read position: chr4:149,379,105.  Last read name: SRR7624410.13082245
INFO	2024-07-03 23:23:38	CleanSam	Processed    22,000,000 records.  Elapsed time: 00:01:56s.  Time for last 1,000,000:    5s.  Last read position: chr11:113,565,052.  Last read name: SRR7624410.482554
INFO	2024-07-03 23:23:44	CleanSam	Processed    23,000,000 records.  Elapsed time: 00:02:01s.  Time for last 1,000,000:    5s.  Last read position: chr11:102,971,933.  Last read name: SRR7624410.40329645
INFO	2024-07-03 23:23:49	CleanSam	Processed    24,000,000 records.  Elapsed time: 00:02:07s.  Time for last 1,000,000:    5s.  Last read position: chr10:77,215,674.  Last read name: SRR7624410.34231124
INFO	2024-07-03 23:23:54	CleanSam	Processed    25,000,000 records.  Elapsed time: 00:02:12s.  Time for last 1,000,000:    5s.  Last read position: chr7:35,583,156.  Last read name: SRR7624410.39007585
INFO	2024-07-03 23:24:00	CleanSam	Processed    26,000,000 records.  Elapsed time: 00:02:18s.  Time for last 1,000,000:    5s.  Last read position: chr7:127,770,844.  Last read name: SRR7624410.19314133
INFO	2024-07-03 23:24:05	CleanSam	Processed    27,000,000 records.  Elapsed time: 00:02:23s.  Time for last 1,000,000:    5s.  Last read position: chr16:38,994,074.  Last read name: SRR7624410.40862522
INFO	2024-07-03 23:24:12	CleanSam	Processed    28,000,000 records.  Elapsed time: 00:02:30s.  Time for last 1,000,000:    6s.  Last read position: chr10:77,749,327.  Last read name: SRR7624410.46109387
INFO	2024-07-03 23:24:17	CleanSam	Processed    29,000,000 records.  Elapsed time: 00:02:35s.  Time for last 1,000,000:    5s.  Last read position: chr5:147,051,149.  Last read name: SRR7624410.16161858
INFO	2024-07-03 23:24:23	CleanSam	Processed    30,000,000 records.  Elapsed time: 00:02:41s.  Time for last 1,000,000:    5s.  Last read position: chrX:94,044,832.  Last read name: SRR7624410.11316842
INFO	2024-07-03 23:24:29	CleanSam	Processed    31,000,000 records.  Elapsed time: 00:02:46s.  Time for last 1,000,000:    5s.  Last read position: chr4:125,498,342.  Last read name: SRR7624410.10167375
INFO	2024-07-03 23:24:34	CleanSam	Processed    32,000,000 records.  Elapsed time: 00:02:52s.  Time for last 1,000,000:    5s.  Last read position: chr5:125,063,070.  Last read name: SRR7624410.21878534
INFO	2024-07-03 23:24:40	CleanSam	Processed    33,000,000 records.  Elapsed time: 00:02:58s.  Time for last 1,000,000:    5s.  Last read position: chr17:83,663,259.  Last read name: SRR7624410.41002757
INFO	2024-07-03 23:24:46	CleanSam	Processed    34,000,000 records.  Elapsed time: 00:03:04s.  Time for last 1,000,000:    5s.  Last read position: chr8:117,746,744.  Last read name: SRR7624410.5274606
INFO	2024-07-03 23:24:51	CleanSam	Processed    35,000,000 records.  Elapsed time: 00:03:09s.  Time for last 1,000,000:    5s.  Last read position: chr17:74,589,537.  Last read name: SRR7624410.12424632
INFO	2024-07-03 23:24:57	CleanSam	Processed    36,000,000 records.  Elapsed time: 00:03:15s.  Time for last 1,000,000:    5s.  Last read position: chr2:180,483,054.  Last read name: SRR7624410.47342253
INFO	2024-07-03 23:25:03	CleanSam	Processed    37,000,000 records.  Elapsed time: 00:03:20s.  Time for last 1,000,000:    5s.  Last read position: chr10:17,393,316.  Last read name: SRR7624410.11534995
INFO	2024-07-03 23:25:09	CleanSam	Processed    38,000,000 records.  Elapsed time: 00:03:27s.  Time for last 1,000,000:    6s.  Last read position: chr8:98,507,356.  Last read name: SRR7624410.42283478
INFO	2024-07-03 23:25:15	CleanSam	Processed    39,000,000 records.  Elapsed time: 00:03:32s.  Time for last 1,000,000:    5s.  Last read position: chrY:62,903,702.  Last read name: SRR7624410.48504662
INFO	2024-07-03 23:25:20	CleanSam	Processed    40,000,000 records.  Elapsed time: 00:03:38s.  Time for last 1,000,000:    5s.  Last read position: chrX:13,143,477.  Last read name: SRR7624410.8138594
INFO	2024-07-03 23:25:25	CleanSam	Processed    41,000,000 records.  Elapsed time: 00:03:43s.  Time for last 1,000,000:    5s.  Last read position: chr3:98,318,551.  Last read name: SRR7624410.7266245
INFO	2024-07-03 23:25:31	CleanSam	Processed    42,000,000 records.  Elapsed time: 00:03:49s.  Time for last 1,000,000:    5s.  Last read position: chr7:28,798,231.  Last read name: SRR7624410.13421291
[Wed Jul 03 23:25:42 CEST 2024] picard.sam.CleanSam done. Elapsed time: 4.01 minutes.
Runtime.totalMemory()=962592768
23:25:44.737 INFO  NativeLibraryLoader - Loading libgkl_compression.so from jar:file:/home/robin/bin/miniconda3/share/picard-2.26.2-0/picard.jar!/com/intel/gkl/native/libgkl_compression.so
[Wed Jul 03 23:25:44 CEST 2024] SamFormatConverter --INPUT E14_36h_H3K4me1_ChIP_Yang2019_GSM3314722_cleaned.sam --OUTPUT E14_36h_H3K4me1_ChIP_Yang2019_GSM3314722_unsorted.bam --TMP_DIR . --VERBOSITY INFO --QUIET false --VALIDATION_STRINGENCY STRICT --COMPRESSION_LEVEL 5 --MAX_RECORDS_IN_RAM 500000 --CREATE_INDEX false --CREATE_MD5_FILE false --GA4GH_CLIENT_SECRETS client_secrets.json --help false --version false --showHidden false --USE_JDK_DEFLATER false --USE_JDK_INFLATER false
[Wed Jul 03 23:25:44 CEST 2024] Executing as robin@epipax.ijm.univ-paris-diderot.priv on Linux 6.1.0-21-amd64 amd64; OpenJDK 64-Bit Server VM 1.8.0_332-b09; Deflater: Intel; Inflater: Intel; Provider GCS is not available; Picard version: Version:2.26.2
INFO	2024-07-03 23:25:45	SamFormatConverter	Seen many non-increasing record positions. Printing Read-names as well.
INFO	2024-07-03 23:25:56	SamFormatConverter	Processed     1,000,000 records.  Elapsed time: 00:00:10s.  Time for last 1,000,000:   10s.  Last read position: chr18:84,721,602.  Last read name: SRR7624410.47057456
INFO	2024-07-03 23:26:05	SamFormatConverter	Processed     2,000,000 records.  Elapsed time: 00:00:19s.  Time for last 1,000,000:    9s.  Last read position: chr8:121,263,744.  Last read name: SRR7624410.36272131
INFO	2024-07-03 23:26:14	SamFormatConverter	Processed     3,000,000 records.  Elapsed time: 00:00:28s.  Time for last 1,000,000:    9s.  Last read position: chr16:29,996,223.  Last read name: SRR7624410.37819252
INFO	2024-07-03 23:26:24	SamFormatConverter	Processed     4,000,000 records.  Elapsed time: 00:00:38s.  Time for last 1,000,000:    9s.  Last read position: chr14:64,682,495.  Last read name: SRR7624410.23621406
INFO	2024-07-03 23:26:33	SamFormatConverter	Processed     5,000,000 records.  Elapsed time: 00:00:47s.  Time for last 1,000,000:    9s.  Last read position: chr13:108,362,985.  Last read name: SRR7624410.34665299
INFO	2024-07-03 23:26:42	SamFormatConverter	Processed     6,000,000 records.  Elapsed time: 00:00:56s.  Time for last 1,000,000:    8s.  Last read position: chr3:89,106,829.  Last read name: SRR7624410.44465248
INFO	2024-07-03 23:26:51	SamFormatConverter	Processed     7,000,000 records.  Elapsed time: 00:01:05s.  Time for last 1,000,000:    9s.  Last read position: chr14:16,336,914.  Last read name: SRR7624410.6494018
INFO	2024-07-03 23:26:59	SamFormatConverter	Processed     8,000,000 records.  Elapsed time: 00:01:13s.  Time for last 1,000,000:    8s.  Last read position: chr14:70,747,476.  Last read name: SRR7624410.39822002
INFO	2024-07-03 23:27:08	SamFormatConverter	Processed     9,000,000 records.  Elapsed time: 00:01:22s.  Time for last 1,000,000:    8s.  Last read position: */*.  Last read name: SRR7624410.33900036
INFO	2024-07-03 23:27:17	SamFormatConverter	Processed    10,000,000 records.  Elapsed time: 00:01:31s.  Time for last 1,000,000:    8s.  Last read position: chr14:70,520,059.  Last read name: SRR7624410.23627890
INFO	2024-07-03 23:27:26	SamFormatConverter	Processed    11,000,000 records.  Elapsed time: 00:01:40s.  Time for last 1,000,000:    9s.  Last read position: chr2:147,761,338.  Last read name: SRR7624410.32468955
INFO	2024-07-03 23:27:35	SamFormatConverter	Processed    12,000,000 records.  Elapsed time: 00:01:49s.  Time for last 1,000,000:    8s.  Last read position: chr15:28,228,005.  Last read name: SRR7624410.46686099
INFO	2024-07-03 23:27:44	SamFormatConverter	Processed    13,000,000 records.  Elapsed time: 00:01:58s.  Time for last 1,000,000:    9s.  Last read position: chr13:35,768,003.  Last read name: SRR7624410.20640643
INFO	2024-07-03 23:27:54	SamFormatConverter	Processed    14,000,000 records.  Elapsed time: 00:02:08s.  Time for last 1,000,000:    9s.  Last read position: chr11:53,022,704.  Last read name: SRR7624410.23241165
INFO	2024-07-03 23:28:03	SamFormatConverter	Processed    15,000,000 records.  Elapsed time: 00:02:17s.  Time for last 1,000,000:    8s.  Last read position: chr1:33,906,962.  Last read name: SRR7624410.20016
INFO	2024-07-03 23:28:12	SamFormatConverter	Processed    16,000,000 records.  Elapsed time: 00:02:26s.  Time for last 1,000,000:    9s.  Last read position: chr13:28,997,101.  Last read name: SRR7624410.6404259
INFO	2024-07-03 23:28:21	SamFormatConverter	Processed    17,000,000 records.  Elapsed time: 00:02:35s.  Time for last 1,000,000:    8s.  Last read position: chr9:32,710,416.  Last read name: SRR7624410.22357504
INFO	2024-07-03 23:28:30	SamFormatConverter	Processed    18,000,000 records.  Elapsed time: 00:02:44s.  Time for last 1,000,000:    8s.  Last read position: chr17:63,024,056.  Last read name: SRR7624410.40981624
INFO	2024-07-03 23:28:39	SamFormatConverter	Processed    19,000,000 records.  Elapsed time: 00:02:53s.  Time for last 1,000,000:    8s.  Last read position: chr8:83,573,508.  Last read name: SRR7624410.5233441
INFO	2024-07-03 23:28:47	SamFormatConverter	Processed    20,000,000 records.  Elapsed time: 00:03:01s.  Time for last 1,000,000:    8s.  Last read position: */*.  Last read name: SRR7624410.22772010
INFO	2024-07-03 23:28:56	SamFormatConverter	Processed    21,000,000 records.  Elapsed time: 00:03:10s.  Time for last 1,000,000:    8s.  Last read position: chr4:149,379,105.  Last read name: SRR7624410.13082245
INFO	2024-07-03 23:29:05	SamFormatConverter	Processed    22,000,000 records.  Elapsed time: 00:03:19s.  Time for last 1,000,000:    9s.  Last read position: chr11:113,565,052.  Last read name: SRR7624410.482554
INFO	2024-07-03 23:29:14	SamFormatConverter	Processed    23,000,000 records.  Elapsed time: 00:03:28s.  Time for last 1,000,000:    8s.  Last read position: chr11:102,971,933.  Last read name: SRR7624410.40329645
INFO	2024-07-03 23:29:22	SamFormatConverter	Processed    24,000,000 records.  Elapsed time: 00:03:37s.  Time for last 1,000,000:    8s.  Last read position: chr10:77,215,674.  Last read name: SRR7624410.34231124
INFO	2024-07-03 23:29:31	SamFormatConverter	Processed    25,000,000 records.  Elapsed time: 00:03:45s.  Time for last 1,000,000:    8s.  Last read position: chr7:35,583,156.  Last read name: SRR7624410.39007585
INFO	2024-07-03 23:29:40	SamFormatConverter	Processed    26,000,000 records.  Elapsed time: 00:03:54s.  Time for last 1,000,000:    8s.  Last read position: chr7:127,770,844.  Last read name: SRR7624410.19314133
INFO	2024-07-03 23:29:48	SamFormatConverter	Processed    27,000,000 records.  Elapsed time: 00:04:03s.  Time for last 1,000,000:    8s.  Last read position: chr16:38,994,074.  Last read name: SRR7624410.40862522
INFO	2024-07-03 23:29:57	SamFormatConverter	Processed    28,000,000 records.  Elapsed time: 00:04:11s.  Time for last 1,000,000:    8s.  Last read position: chr10:77,749,327.  Last read name: SRR7624410.46109387
INFO	2024-07-03 23:30:05	SamFormatConverter	Processed    29,000,000 records.  Elapsed time: 00:04:20s.  Time for last 1,000,000:    8s.  Last read position: chr5:147,051,149.  Last read name: SRR7624410.16161858
INFO	2024-07-03 23:30:14	SamFormatConverter	Processed    30,000,000 records.  Elapsed time: 00:04:29s.  Time for last 1,000,000:    8s.  Last read position: chrX:94,044,832.  Last read name: SRR7624410.11316842
INFO	2024-07-03 23:30:24	SamFormatConverter	Processed    31,000,000 records.  Elapsed time: 00:04:38s.  Time for last 1,000,000:    9s.  Last read position: chr4:125,498,342.  Last read name: SRR7624410.10167375
INFO	2024-07-03 23:30:33	SamFormatConverter	Processed    32,000,000 records.  Elapsed time: 00:04:47s.  Time for last 1,000,000:    9s.  Last read position: chr5:125,063,070.  Last read name: SRR7624410.21878534
INFO	2024-07-03 23:30:43	SamFormatConverter	Processed    33,000,000 records.  Elapsed time: 00:04:57s.  Time for last 1,000,000:    9s.  Last read position: chr17:83,663,259.  Last read name: SRR7624410.41002757
INFO	2024-07-03 23:30:52	SamFormatConverter	Processed    34,000,000 records.  Elapsed time: 00:05:07s.  Time for last 1,000,000:    9s.  Last read position: chr8:117,746,744.  Last read name: SRR7624410.5274606
INFO	2024-07-03 23:31:03	SamFormatConverter	Processed    35,000,000 records.  Elapsed time: 00:05:17s.  Time for last 1,000,000:   10s.  Last read position: chr17:74,589,537.  Last read name: SRR7624410.12424632
INFO	2024-07-03 23:31:12	SamFormatConverter	Processed    36,000,000 records.  Elapsed time: 00:05:26s.  Time for last 1,000,000:    9s.  Last read position: chr2:180,483,054.  Last read name: SRR7624410.47342253
INFO	2024-07-03 23:31:21	SamFormatConverter	Processed    37,000,000 records.  Elapsed time: 00:05:36s.  Time for last 1,000,000:    9s.  Last read position: chr10:17,393,316.  Last read name: SRR7624410.11534995
INFO	2024-07-03 23:31:31	SamFormatConverter	Processed    38,000,000 records.  Elapsed time: 00:05:45s.  Time for last 1,000,000:    9s.  Last read position: chr8:98,507,356.  Last read name: SRR7624410.42283478
INFO	2024-07-03 23:31:41	SamFormatConverter	Processed    39,000,000 records.  Elapsed time: 00:05:55s.  Time for last 1,000,000:    9s.  Last read position: chrY:62,903,702.  Last read name: SRR7624410.48504662
INFO	2024-07-03 23:31:51	SamFormatConverter	Processed    40,000,000 records.  Elapsed time: 00:06:05s.  Time for last 1,000,000:   10s.  Last read position: chrX:13,143,477.  Last read name: SRR7624410.8138594
INFO	2024-07-03 23:32:00	SamFormatConverter	Processed    41,000,000 records.  Elapsed time: 00:06:15s.  Time for last 1,000,000:    9s.  Last read position: chr3:98,318,551.  Last read name: SRR7624410.7266245
INFO	2024-07-03 23:32:10	SamFormatConverter	Processed    42,000,000 records.  Elapsed time: 00:06:24s.  Time for last 1,000,000:    9s.  Last read position: chr7:28,798,231.  Last read name: SRR7624410.13421291
[Wed Jul 03 23:32:16 CEST 2024] picard.sam.SamFormatConverter done. Elapsed time: 6.53 minutes.
Runtime.totalMemory()=780664832
23:32:19.387 INFO  NativeLibraryLoader - Loading libgkl_compression.so from jar:file:/home/robin/bin/miniconda3/share/picard-2.26.2-0/picard.jar!/com/intel/gkl/native/libgkl_compression.so
[Wed Jul 03 23:32:19 CEST 2024] SortSam --INPUT E14_36h_H3K4me1_ChIP_Yang2019_GSM3314722_unsorted.bam --OUTPUT E14_36h_H3K4me1_ChIP_Yang2019_GSM3314722_sorted.bam --SORT_ORDER coordinate --TMP_DIR . --VERBOSITY INFO --QUIET false --VALIDATION_STRINGENCY STRICT --COMPRESSION_LEVEL 5 --MAX_RECORDS_IN_RAM 500000 --CREATE_INDEX false --CREATE_MD5_FILE false --GA4GH_CLIENT_SECRETS client_secrets.json --help false --version false --showHidden false --USE_JDK_DEFLATER false --USE_JDK_INFLATER false
[Wed Jul 03 23:32:19 CEST 2024] Executing as robin@epipax.ijm.univ-paris-diderot.priv on Linux 6.1.0-21-amd64 amd64; OpenJDK 64-Bit Server VM 1.8.0_332-b09; Deflater: Intel; Inflater: Intel; Provider GCS is not available; Picard version: Version:2.26.2
INFO	2024-07-03 23:32:19	SortSam	Seen many non-increasing record positions. Printing Read-names as well.
INFO	2024-07-03 23:33:35	SortSam	Read    10,000,000 records.  Elapsed time: 00:01:15s.  Time for last 10,000,000:   75s.  Last read position: chr14:70,520,059.  Last read name: SRR7624410.23627890
INFO	2024-07-03 23:34:44	SortSam	Read    20,000,000 records.  Elapsed time: 00:02:24s.  Time for last 10,000,000:   68s.  Last read position: */*.  Last read name: SRR7624410.22772010
INFO	2024-07-03 23:35:49	SortSam	Read    30,000,000 records.  Elapsed time: 00:03:29s.  Time for last 10,000,000:   65s.  Last read position: chrX:94,044,832.  Last read name: SRR7624410.11316842
INFO	2024-07-03 23:37:04	SortSam	Read    40,000,000 records.  Elapsed time: 00:04:44s.  Time for last 10,000,000:   75s.  Last read position: chrX:13,143,477.  Last read name: SRR7624410.8138594
INFO	2024-07-03 23:37:25	SortSam	Finished reading inputs, merging and writing to output now.
INFO	2024-07-03 23:38:20	SortSam	Wrote    10,000,000 records from a sorting collection.  Elapsed time: 00:06:00s.  Time for last 10,000,000:   53s.  Last read position: chr4:128,609,779
INFO	2024-07-03 23:39:07	SortSam	Wrote    20,000,000 records from a sorting collection.  Elapsed time: 00:06:48s.  Time for last 10,000,000:   47s.  Last read position: chr8:92,714,011
INFO	2024-07-03 23:40:01	SortSam	Wrote    30,000,000 records from a sorting collection.  Elapsed time: 00:07:41s.  Time for last 10,000,000:   53s.  Last read position: chr13:16,284,566
INFO	2024-07-03 23:40:50	SortSam	Wrote    40,000,000 records from a sorting collection.  Elapsed time: 00:08:30s.  Time for last 10,000,000:   49s.  Last read position: chr19:6,407,777
[Wed Jul 03 23:41:05 CEST 2024] picard.sam.SortSam done. Elapsed time: 8.77 minutes.
Runtime.totalMemory()=1744830464
23:41:06.723 INFO  NativeLibraryLoader - Loading libgkl_compression.so from jar:file:/home/robin/bin/miniconda3/share/picard-2.26.2-0/picard.jar!/com/intel/gkl/native/libgkl_compression.so
[Wed Jul 03 23:41:06 CEST 2024] MarkDuplicates --INPUT E14_36h_H3K4me1_ChIP_Yang2019_GSM3314722_sorted.bam --OUTPUT E14_36h_H3K4me1_ChIP_Yang2019_GSM3314722.bam --METRICS_FILE E14_36h_H3K4me1_ChIP_Yang2019_GSM3314722_markDupeMetrics.txt --REMOVE_DUPLICATES false --TMP_DIR . --MAX_SEQUENCES_FOR_DISK_READ_ENDS_MAP 50000 --MAX_FILE_HANDLES_FOR_READ_ENDS_MAP 8000 --SORTING_COLLECTION_SIZE_RATIO 0.25 --TAG_DUPLICATE_SET_MEMBERS false --REMOVE_SEQUENCING_DUPLICATES false --TAGGING_POLICY DontTag --CLEAR_DT true --DUPLEX_UMI false --ADD_PG_TAG_TO_READS true --ASSUME_SORTED false --DUPLICATE_SCORING_STRATEGY SUM_OF_BASE_QUALITIES --PROGRAM_RECORD_ID MarkDuplicates --PROGRAM_GROUP_NAME MarkDuplicates --READ_NAME_REGEX <optimized capture of last three ':' separated fields as numeric values> --OPTICAL_DUPLICATE_PIXEL_DISTANCE 100 --MAX_OPTICAL_DUPLICATE_SET_SIZE 300000 --VERBOSITY INFO --QUIET false --VALIDATION_STRINGENCY STRICT --COMPRESSION_LEVEL 5 --MAX_RECORDS_IN_RAM 500000 --CREATE_INDEX false --CREATE_MD5_FILE false --GA4GH_CLIENT_SECRETS client_secrets.json --help false --version false --showHidden false --USE_JDK_DEFLATER false --USE_JDK_INFLATER false
[Wed Jul 03 23:41:06 CEST 2024] Executing as robin@epipax.ijm.univ-paris-diderot.priv on Linux 6.1.0-21-amd64 amd64; OpenJDK 64-Bit Server VM 1.8.0_332-b09; Deflater: Intel; Inflater: Intel; Provider GCS is not available; Picard version: Version:2.26.2
INFO	2024-07-03 23:41:06	MarkDuplicates	Start of doWork freeMemory: 501502392; totalMemory: 514850816; maxMemory: 1908932608
INFO	2024-07-03 23:41:06	MarkDuplicates	Reading input file and constructing read end information.
INFO	2024-07-03 23:41:06	MarkDuplicates	Will retain up to 6916422 data points before spilling to disk.
WARNING	2024-07-03 23:41:07	AbstractOpticalDuplicateFinderCommandLineProgram	A field field parsed out of a read name was expected to contain an integer and did not. Read name: SRR7624410.14258353. Cause: String 'SRR7624410.14258353' did not start with a parsable number.
INFO	2024-07-03 23:41:11	MarkDuplicates	Read     1,000,000 records.  Elapsed time: 00:00:03s.  Time for last 1,000,000:    3s.  Last read position: chr1:77,219,671
INFO	2024-07-03 23:41:11	MarkDuplicates	Tracking 0 as yet unmatched pairs. 0 records in RAM.
INFO	2024-07-03 23:41:15	MarkDuplicates	Read     2,000,000 records.  Elapsed time: 00:00:07s.  Time for last 1,000,000:    3s.  Last read position: chr1:152,939,932
INFO	2024-07-03 23:41:15	MarkDuplicates	Tracking 0 as yet unmatched pairs. 0 records in RAM.
INFO	2024-07-03 23:41:18	MarkDuplicates	Read     3,000,000 records.  Elapsed time: 00:00:11s.  Time for last 1,000,000:    3s.  Last read position: chr2:20,537,587
INFO	2024-07-03 23:41:18	MarkDuplicates	Tracking 0 as yet unmatched pairs. 0 records in RAM.
INFO	2024-07-03 23:41:25	MarkDuplicates	Read     4,000,000 records.  Elapsed time: 00:00:18s.  Time for last 1,000,000:    6s.  Last read position: chr2:73,420,063
INFO	2024-07-03 23:41:25	MarkDuplicates	Tracking 0 as yet unmatched pairs. 0 records in RAM.
INFO	2024-07-03 23:41:29	MarkDuplicates	Read     5,000,000 records.  Elapsed time: 00:00:21s.  Time for last 1,000,000:    3s.  Last read position: chr2:132,303,161
INFO	2024-07-03 23:41:29	MarkDuplicates	Tracking 0 as yet unmatched pairs. 0 records in RAM.
INFO	2024-07-03 23:41:33	MarkDuplicates	Read     6,000,000 records.  Elapsed time: 00:00:26s.  Time for last 1,000,000:    4s.  Last read position: chr2:177,925,077
INFO	2024-07-03 23:41:33	MarkDuplicates	Tracking 0 as yet unmatched pairs. 0 records in RAM.
INFO	2024-07-03 23:41:45	MarkDuplicates	Read     7,000,000 records.  Elapsed time: 00:00:38s.  Time for last 1,000,000:   11s.  Last read position: chr3:83,863,422
INFO	2024-07-03 23:41:45	MarkDuplicates	Tracking 0 as yet unmatched pairs. 0 records in RAM.
INFO	2024-07-03 23:41:49	MarkDuplicates	Read     8,000,000 records.  Elapsed time: 00:00:41s.  Time for last 1,000,000:    3s.  Last read position: chr3:139,613,263
INFO	2024-07-03 23:41:49	MarkDuplicates	Tracking 0 as yet unmatched pairs. 0 records in RAM.
INFO	2024-07-03 23:41:53	MarkDuplicates	Read     9,000,000 records.  Elapsed time: 00:00:45s.  Time for last 1,000,000:    3s.  Last read position: chr4:61,298,837
INFO	2024-07-03 23:41:53	MarkDuplicates	Tracking 0 as yet unmatched pairs. 0 records in RAM.
INFO	2024-07-03 23:41:57	MarkDuplicates	Read    10,000,000 records.  Elapsed time: 00:00:50s.  Time for last 1,000,000:    4s.  Last read position: chr4:128,609,779
INFO	2024-07-03 23:41:57	MarkDuplicates	Tracking 0 as yet unmatched pairs. 0 records in RAM.
INFO	2024-07-03 23:42:01	MarkDuplicates	Read    11,000,000 records.  Elapsed time: 00:00:54s.  Time for last 1,000,000:    3s.  Last read position: chr4:153,618,796
INFO	2024-07-03 23:42:01	MarkDuplicates	Tracking 0 as yet unmatched pairs. 0 records in RAM.
INFO	2024-07-03 23:42:05	MarkDuplicates	Read    12,000,000 records.  Elapsed time: 00:00:58s.  Time for last 1,000,000:    3s.  Last read position: chr5:73,189,299
INFO	2024-07-03 23:42:05	MarkDuplicates	Tracking 0 as yet unmatched pairs. 0 records in RAM.
INFO	2024-07-03 23:42:13	MarkDuplicates	Read    13,000,000 records.  Elapsed time: 00:01:06s.  Time for last 1,000,000:    7s.  Last read position: chr5:123,348,794
INFO	2024-07-03 23:42:13	MarkDuplicates	Tracking 0 as yet unmatched pairs. 0 records in RAM.
INFO	2024-07-03 23:42:20	MarkDuplicates	Read    14,000,000 records.  Elapsed time: 00:01:12s.  Time for last 1,000,000:    6s.  Last read position: chr6:22,348,324
INFO	2024-07-03 23:42:20	MarkDuplicates	Tracking 0 as yet unmatched pairs. 0 records in RAM.
INFO	2024-07-03 23:42:24	MarkDuplicates	Read    15,000,000 records.  Elapsed time: 00:01:16s.  Time for last 1,000,000:    3s.  Last read position: chr6:88,256,930
INFO	2024-07-03 23:42:24	MarkDuplicates	Tracking 0 as yet unmatched pairs. 0 records in RAM.
INFO	2024-07-03 23:42:28	MarkDuplicates	Read    16,000,000 records.  Elapsed time: 00:01:21s.  Time for last 1,000,000:    4s.  Last read position: chr6:148,359,004
INFO	2024-07-03 23:42:28	MarkDuplicates	Tracking 0 as yet unmatched pairs. 0 records in RAM.
INFO	2024-07-03 23:42:32	MarkDuplicates	Read    17,000,000 records.  Elapsed time: 00:01:25s.  Time for last 1,000,000:    3s.  Last read position: chr7:49,545,611
INFO	2024-07-03 23:42:32	MarkDuplicates	Tracking 0 as yet unmatched pairs. 0 records in RAM.
INFO	2024-07-03 23:42:36	MarkDuplicates	Read    18,000,000 records.  Elapsed time: 00:01:28s.  Time for last 1,000,000:    3s.  Last read position: chr7:119,859,681
INFO	2024-07-03 23:42:36	MarkDuplicates	Tracking 0 as yet unmatched pairs. 0 records in RAM.
INFO	2024-07-03 23:42:42	MarkDuplicates	Read    19,000,000 records.  Elapsed time: 00:01:35s.  Time for last 1,000,000:    6s.  Last read position: chr8:32,284,830
INFO	2024-07-03 23:42:42	MarkDuplicates	Tracking 0 as yet unmatched pairs. 0 records in RAM.
INFO	2024-07-03 23:42:46	MarkDuplicates	Read    20,000,000 records.  Elapsed time: 00:01:39s.  Time for last 1,000,000:    4s.  Last read position: chr8:92,714,011
INFO	2024-07-03 23:42:46	MarkDuplicates	Tracking 0 as yet unmatched pairs. 0 records in RAM.
INFO	2024-07-03 23:42:52	MarkDuplicates	Read    21,000,000 records.  Elapsed time: 00:01:45s.  Time for last 1,000,000:    5s.  Last read position: chr9:20,585,101
INFO	2024-07-03 23:42:52	MarkDuplicates	Tracking 0 as yet unmatched pairs. 0 records in RAM.
INFO	2024-07-03 23:42:56	MarkDuplicates	Read    22,000,000 records.  Elapsed time: 00:01:49s.  Time for last 1,000,000:    3s.  Last read position: chr9:68,076,201
INFO	2024-07-03 23:42:56	MarkDuplicates	Tracking 0 as yet unmatched pairs. 0 records in RAM.
INFO	2024-07-03 23:43:00	MarkDuplicates	Read    23,000,000 records.  Elapsed time: 00:01:53s.  Time for last 1,000,000:    3s.  Last read position: chr9:123,925,714
INFO	2024-07-03 23:43:00	MarkDuplicates	Tracking 0 as yet unmatched pairs. 0 records in RAM.
INFO	2024-07-03 23:43:04	MarkDuplicates	Read    24,000,000 records.  Elapsed time: 00:01:57s.  Time for last 1,000,000:    3s.  Last read position: chr10:66,807,471
INFO	2024-07-03 23:43:04	MarkDuplicates	Tracking 0 as yet unmatched pairs. 0 records in RAM.
INFO	2024-07-03 23:43:07	MarkDuplicates	Read    25,000,000 records.  Elapsed time: 00:02:00s.  Time for last 1,000,000:    3s.  Last read position: chr10:120,948,784
INFO	2024-07-03 23:43:07	MarkDuplicates	Tracking 0 as yet unmatched pairs. 0 records in RAM.
INFO	2024-07-03 23:43:11	MarkDuplicates	Read    26,000,000 records.  Elapsed time: 00:02:04s.  Time for last 1,000,000:    3s.  Last read position: chr11:50,385,513
INFO	2024-07-03 23:43:11	MarkDuplicates	Tracking 0 as yet unmatched pairs. 0 records in RAM.
INFO	2024-07-03 23:43:18	MarkDuplicates	Read    27,000,000 records.  Elapsed time: 00:02:11s.  Time for last 1,000,000:    7s.  Last read position: chr11:88,153,440
INFO	2024-07-03 23:43:18	MarkDuplicates	Tracking 0 as yet unmatched pairs. 0 records in RAM.
INFO	2024-07-03 23:43:24	MarkDuplicates	Read    28,000,000 records.  Elapsed time: 00:02:16s.  Time for last 1,000,000:    5s.  Last read position: chr11:119,079,136
INFO	2024-07-03 23:43:24	MarkDuplicates	Tracking 0 as yet unmatched pairs. 0 records in RAM.
INFO	2024-07-03 23:43:27	MarkDuplicates	Read    29,000,000 records.  Elapsed time: 00:02:20s.  Time for last 1,000,000:    3s.  Last read position: chr12:74,219,844
INFO	2024-07-03 23:43:27	MarkDuplicates	Tracking 0 as yet unmatched pairs. 0 records in RAM.
INFO	2024-07-03 23:43:31	MarkDuplicates	Read    30,000,000 records.  Elapsed time: 00:02:24s.  Time for last 1,000,000:    3s.  Last read position: chr13:16,284,566
INFO	2024-07-03 23:43:31	MarkDuplicates	Tracking 0 as yet unmatched pairs. 0 records in RAM.
INFO	2024-07-03 23:43:35	MarkDuplicates	Read    31,000,000 records.  Elapsed time: 00:02:27s.  Time for last 1,000,000:    3s.  Last read position: chr13:67,866,390
INFO	2024-07-03 23:43:35	MarkDuplicates	Tracking 0 as yet unmatched pairs. 0 records in RAM.
INFO	2024-07-03 23:43:39	MarkDuplicates	Read    32,000,000 records.  Elapsed time: 00:02:31s.  Time for last 1,000,000:    3s.  Last read position: chr14:20,151,194
INFO	2024-07-03 23:43:39	MarkDuplicates	Tracking 0 as yet unmatched pairs. 0 records in RAM.
INFO	2024-07-03 23:43:42	MarkDuplicates	Read    33,000,000 records.  Elapsed time: 00:02:35s.  Time for last 1,000,000:    3s.  Last read position: chr14:76,308,952
INFO	2024-07-03 23:43:42	MarkDuplicates	Tracking 0 as yet unmatched pairs. 0 records in RAM.
INFO	2024-07-03 23:43:46	MarkDuplicates	Read    34,000,000 records.  Elapsed time: 00:02:39s.  Time for last 1,000,000:    3s.  Last read position: chr15:42,310,527
INFO	2024-07-03 23:43:46	MarkDuplicates	Tracking 0 as yet unmatched pairs. 0 records in RAM.
INFO	2024-07-03 23:43:53	MarkDuplicates	Read    35,000,000 records.  Elapsed time: 00:02:45s.  Time for last 1,000,000:    6s.  Last read position: chr15:98,056,271
INFO	2024-07-03 23:43:53	MarkDuplicates	Tracking 0 as yet unmatched pairs. 0 records in RAM.
INFO	2024-07-03 23:43:57	MarkDuplicates	Read    36,000,000 records.  Elapsed time: 00:02:49s.  Time for last 1,000,000:    4s.  Last read position: chr16:36,156,672
INFO	2024-07-03 23:43:57	MarkDuplicates	Tracking 0 as yet unmatched pairs. 0 records in RAM.
INFO	2024-07-03 23:44:00	MarkDuplicates	Read    37,000,000 records.  Elapsed time: 00:02:53s.  Time for last 1,000,000:    3s.  Last read position: chr17:22,081,578
INFO	2024-07-03 23:44:00	MarkDuplicates	Tracking 0 as yet unmatched pairs. 0 records in RAM.
INFO	2024-07-03 23:44:03	MarkDuplicates	Read    38,000,000 records.  Elapsed time: 00:02:56s.  Time for last 1,000,000:    3s.  Last read position: chr17:63,144,177
INFO	2024-07-03 23:44:03	MarkDuplicates	Tracking 0 as yet unmatched pairs. 0 records in RAM.
INFO	2024-07-03 23:44:07	MarkDuplicates	Read    39,000,000 records.  Elapsed time: 00:02:59s.  Time for last 1,000,000:    3s.  Last read position: chr18:35,873,148
INFO	2024-07-03 23:44:07	MarkDuplicates	Tracking 0 as yet unmatched pairs. 0 records in RAM.
INFO	2024-07-03 23:44:10	MarkDuplicates	Read    40,000,000 records.  Elapsed time: 00:03:03s.  Time for last 1,000,000:    3s.  Last read position: chr19:6,407,777
INFO	2024-07-03 23:44:10	MarkDuplicates	Tracking 0 as yet unmatched pairs. 0 records in RAM.
INFO	2024-07-03 23:44:13	MarkDuplicates	Read    41,000,000 records.  Elapsed time: 00:03:06s.  Time for last 1,000,000:    3s.  Last read position: chr19:58,849,771
INFO	2024-07-03 23:44:13	MarkDuplicates	Tracking 0 as yet unmatched pairs. 0 records in RAM.
INFO	2024-07-03 23:44:19	MarkDuplicates	Read    42,000,000 records.  Elapsed time: 00:03:12s.  Time for last 1,000,000:    5s.  Last read position: chrY:22,522,196
INFO	2024-07-03 23:44:19	MarkDuplicates	Tracking 0 as yet unmatched pairs. 0 records in RAM.
INFO	2024-07-03 23:44:20	MarkDuplicates	Read 42259590 records. 0 pairs never matched.
INFO	2024-07-03 23:44:20	MarkDuplicates	After buildSortedReadEndLists freeMemory: 1510716440; totalMemory: 1555562496; maxMemory: 1908932608
INFO	2024-07-03 23:44:20	MarkDuplicates	Will retain up to 59654144 duplicate indices before spilling to disk.
INFO	2024-07-03 23:44:20	MarkDuplicates	Traversing read pair information and detecting duplicates.
INFO	2024-07-03 23:44:20	MarkDuplicates	Traversing fragment information and detecting duplicates.
INFO	2024-07-03 23:44:31	MarkDuplicates	Sorting list of duplicate records.
INFO	2024-07-03 23:44:31	MarkDuplicates	After generateDuplicateIndexes freeMemory: 1026225632; totalMemory: 1520435200; maxMemory: 1908932608
INFO	2024-07-03 23:44:31	MarkDuplicates	Marking 243914 records as duplicates.
INFO	2024-07-03 23:44:31	MarkDuplicates	Found 0 optical duplicate clusters.
INFO	2024-07-03 23:44:31	MarkDuplicates	Reads are assumed to be ordered by: coordinate
INFO	2024-07-03 23:45:37	MarkDuplicates	Written    10,000,000 records.  Elapsed time: 00:01:06s.  Time for last 10,000,000:   66s.  Last read position: chr4:128,609,779
INFO	2024-07-03 23:46:46	MarkDuplicates	Written    20,000,000 records.  Elapsed time: 00:02:15s.  Time for last 10,000,000:   68s.  Last read position: chr8:92,714,011
INFO	2024-07-03 23:47:53	MarkDuplicates	Written    30,000,000 records.  Elapsed time: 00:03:22s.  Time for last 10,000,000:   67s.  Last read position: chr13:16,284,566
INFO	2024-07-03 23:49:01	MarkDuplicates	Written    40,000,000 records.  Elapsed time: 00:04:30s.  Time for last 10,000,000:   68s.  Last read position: chr19:6,407,777
INFO	2024-07-03 23:49:19	MarkDuplicates	Writing complete. Closing input iterator.
INFO	2024-07-03 23:49:19	MarkDuplicates	Duplicate Index cleanup.
INFO	2024-07-03 23:49:19	MarkDuplicates	Getting Memory Stats.
INFO	2024-07-03 23:49:19	MarkDuplicates	Before output close freeMemory: 1573637040; totalMemory: 1592262656; maxMemory: 1908932608
INFO	2024-07-03 23:49:23	MarkDuplicates	Closed outputs. Getting more Memory Stats.
INFO	2024-07-03 23:49:23	MarkDuplicates	After output close freeMemory: 1573637040; totalMemory: 1592262656; maxMemory: 1908932608
[Wed Jul 03 23:49:23 CEST 2024] picard.sam.markduplicates.MarkDuplicates done. Elapsed time: 8.28 minutes.
Runtime.totalMemory()=1592262656
[sam grooming] finished successfully at [Wed Jul 3 11:49:34 PM CEST 2024]
[trueStats] Collecting alignment statistics for E14_36h_H3K4me1_ChIP_Yang2019_GSM3314722.bam at [Wed Jul 3 11:50:29 PM CEST 2024]
[bamToWigCPMsmoothKeepDup] Started with bin size: 1 and smoothing over 0 bp and KEEPING DUPLICATES at [Wed Jul 3 11:54:31 PM CEST 2024]
There are 41158033 alignments, of which 229775 are completely within a blacklist region.
Due to filtering, 93.29285243949118% of the aforementioned alignments will be used 38183139.34199424
[bamToWigCPMsmoothKeepDup] finished successfully at [Thu Jul 4 12:14:13 AM CEST 2024]
[file cleanup] started. Good job! at [Thu Jul 4 12:14:13 AM CEST 2024]
cp: cannot stat '*.pdf': No such file or directory
mv: cannot stat '*.bed': No such file or directory
mv: preserving times for '/data/bigWigs/E14_36h_H3K4me1_ChIP_Yang2019_GSM3314722_trimV5_mm10_kpDup_q10_b1_s0_CPM.bw': Operation not permitted
mv: preserving permissions for ‘/data/bigWigs/E14_36h_H3K4me1_ChIP_Yang2019_GSM3314722_trimV5_mm10_kpDup_q10_b1_s0_CPM.bw’: Operation not permitted
mv: preserving times for '/data/bams/E14_36h_H3K4me1_ChIP_Yang2019_GSM3314722_trimV5_mm10.bam': Operation not permitted
mv: preserving permissions for ‘/data/bams/E14_36h_H3K4me1_ChIP_Yang2019_GSM3314722_trimV5_mm10.bam’: Operation not permitted
mv: preserving times for '/data/bams/E14_36h_H3K4me1_ChIP_Yang2019_GSM3314722_trimV5_mm10.bam.bai': Operation not permitted
mv: preserving permissions for ‘/data/bams/E14_36h_H3K4me1_ChIP_Yang2019_GSM3314722_trimV5_mm10.bam.bai’: Operation not permitted
mv: cannot stat '*.gtf': No such file or directory
