SCRATCH: /scratch
ls: cannot access '/data/fastq/E14_36h_RNApolII_ChIP_Yang2019_GSM3314730*_R2.fastq.gz': No such file or directory
[masterDownload] Data are single-end. at [Wed Jul 3 10:26:07 PM CEST 2024]
[checkDependencies] Checking Dependencies [Wed Jul 3 10:26:07 PM CEST 2024] at [Wed Jul 3 10:26:07 PM CEST 2024]
[setup checkDependencies] trimmomatic... at [Wed Jul 3 10:26:07 PM CEST 2024]
[setup checkDependencies] STAR... at [Wed Jul 3 10:26:07 PM CEST 2024]
[setup checkDependencies] bismark... at [Wed Jul 3 10:26:07 PM CEST 2024]
[setup checkDependencies] bowtie2... at [Wed Jul 3 10:26:07 PM CEST 2024]
[setup checkDependencies] samtools... at [Wed Jul 3 10:26:07 PM CEST 2024]
[setup checkDependencies] picard... at [Wed Jul 3 10:26:07 PM CEST 2024]
[setup checkDependencies] awk... at [Wed Jul 3 10:26:07 PM CEST 2024]
[setup checkDependencies] bamCoverage... at [Wed Jul 3 10:26:08 PM CEST 2024]
[setup checkDependencies] fastqc... at [Wed Jul 3 10:26:08 PM CEST 2024]
[setup checkDependencies] fastq_screen... at [Wed Jul 3 10:26:08 PM CEST 2024]
[setup checkDependencies] stringtie... at [Wed Jul 3 10:26:08 PM CEST 2024]
[setup checkDependencies] clumpify.sh... at [Wed Jul 3 10:26:08 PM CEST 2024]
PAIRED: false
[setUpLogFile] Script started at [Wed Jul 3 10:26:08 PM CEST 2024] at [Wed Jul 3 10:26:08 PM CEST 2024]
[fastQC] started on raw FASTQs at [Wed Jul 3 10:26:08 PM CEST 2024]
Started analysis of E14_36h_RNApolII_ChIP_Yang2019_GSM3314730_raw.fastq.gz
Approx 5% complete for E14_36h_RNApolII_ChIP_Yang2019_GSM3314730_raw.fastq.gz
Approx 10% complete for E14_36h_RNApolII_ChIP_Yang2019_GSM3314730_raw.fastq.gz
Approx 15% complete for E14_36h_RNApolII_ChIP_Yang2019_GSM3314730_raw.fastq.gz
Approx 20% complete for E14_36h_RNApolII_ChIP_Yang2019_GSM3314730_raw.fastq.gz
Approx 25% complete for E14_36h_RNApolII_ChIP_Yang2019_GSM3314730_raw.fastq.gz
Approx 30% complete for E14_36h_RNApolII_ChIP_Yang2019_GSM3314730_raw.fastq.gz
Approx 35% complete for E14_36h_RNApolII_ChIP_Yang2019_GSM3314730_raw.fastq.gz
Approx 40% complete for E14_36h_RNApolII_ChIP_Yang2019_GSM3314730_raw.fastq.gz
Approx 45% complete for E14_36h_RNApolII_ChIP_Yang2019_GSM3314730_raw.fastq.gz
Approx 50% complete for E14_36h_RNApolII_ChIP_Yang2019_GSM3314730_raw.fastq.gz
Approx 55% complete for E14_36h_RNApolII_ChIP_Yang2019_GSM3314730_raw.fastq.gz
Approx 60% complete for E14_36h_RNApolII_ChIP_Yang2019_GSM3314730_raw.fastq.gz
Approx 65% complete for E14_36h_RNApolII_ChIP_Yang2019_GSM3314730_raw.fastq.gz
Approx 70% complete for E14_36h_RNApolII_ChIP_Yang2019_GSM3314730_raw.fastq.gz
Approx 75% complete for E14_36h_RNApolII_ChIP_Yang2019_GSM3314730_raw.fastq.gz
Approx 80% complete for E14_36h_RNApolII_ChIP_Yang2019_GSM3314730_raw.fastq.gz
Approx 85% complete for E14_36h_RNApolII_ChIP_Yang2019_GSM3314730_raw.fastq.gz
Approx 90% complete for E14_36h_RNApolII_ChIP_Yang2019_GSM3314730_raw.fastq.gz
Approx 95% complete for E14_36h_RNApolII_ChIP_Yang2019_GSM3314730_raw.fastq.gz
Analysis complete for E14_36h_RNApolII_ChIP_Yang2019_GSM3314730_raw.fastq.gz
[fastQC] on raw FASTQs finished succesfully. Will remove PCR duplicates now at [Wed Jul 3 10:29:36 PM CEST 2024]
Reads are length: 52 at [Wed Jul 3 10:29:36 PM CEST 2024]
Reads with same sequence 1 or fewer substitutions will be marked as PCR duplicates at [Wed Jul 3 10:29:36 PM CEST 2024]
Removal of PCR duplicates complete! at [Wed Jul 3 10:52:48 PM CEST 2024]
[trimReads] Started using version trimV5 parameters at [Wed Jul 3 10:52:48 PM CEST 2024]
ILLUMINACLIP:/data/reference_genomes/adapters/adapters.fa:2:30:10 SLIDINGWINDOW:4:20 MINLEN:24
[trimReads] Trimming E14_36h_RNApolII_ChIP_Yang2019_GSM3314730.fastq.gz... at [Wed Jul 3 10:52:48 PM CEST 2024]
[trimReads] Finished successfully at [Wed Jul 3 11:03:34 PM CEST 2024]
[fastQC] started on E14_36h_RNApolII_ChIP_Yang2019_GSM3314730.fastq.gz E14_36h_RNApolII_ChIP_Yang2019_GSM3314730_trimV5.fastq.gz at [Wed Jul 3 11:03:34 PM CEST 2024]
Started analysis of E14_36h_RNApolII_ChIP_Yang2019_GSM3314730.fastq.gz
Started analysis of E14_36h_RNApolII_ChIP_Yang2019_GSM3314730_trimV5.fastq.gz
Approx 5% complete for E14_36h_RNApolII_ChIP_Yang2019_GSM3314730.fastq.gz
Approx 5% complete for E14_36h_RNApolII_ChIP_Yang2019_GSM3314730_trimV5.fastq.gz
Approx 10% complete for E14_36h_RNApolII_ChIP_Yang2019_GSM3314730_trimV5.fastq.gz
Approx 10% complete for E14_36h_RNApolII_ChIP_Yang2019_GSM3314730.fastq.gz
Approx 15% complete for E14_36h_RNApolII_ChIP_Yang2019_GSM3314730_trimV5.fastq.gz
Approx 15% complete for E14_36h_RNApolII_ChIP_Yang2019_GSM3314730.fastq.gz
Approx 20% complete for E14_36h_RNApolII_ChIP_Yang2019_GSM3314730_trimV5.fastq.gz
Approx 20% complete for E14_36h_RNApolII_ChIP_Yang2019_GSM3314730.fastq.gz
Approx 25% complete for E14_36h_RNApolII_ChIP_Yang2019_GSM3314730_trimV5.fastq.gz
Approx 25% complete for E14_36h_RNApolII_ChIP_Yang2019_GSM3314730.fastq.gz
Approx 30% complete for E14_36h_RNApolII_ChIP_Yang2019_GSM3314730_trimV5.fastq.gz
Approx 30% complete for E14_36h_RNApolII_ChIP_Yang2019_GSM3314730.fastq.gz
Approx 35% complete for E14_36h_RNApolII_ChIP_Yang2019_GSM3314730_trimV5.fastq.gz
Approx 35% complete for E14_36h_RNApolII_ChIP_Yang2019_GSM3314730.fastq.gz
Approx 40% complete for E14_36h_RNApolII_ChIP_Yang2019_GSM3314730_trimV5.fastq.gz
Approx 40% complete for E14_36h_RNApolII_ChIP_Yang2019_GSM3314730.fastq.gz
Approx 45% complete for E14_36h_RNApolII_ChIP_Yang2019_GSM3314730_trimV5.fastq.gz
Approx 45% complete for E14_36h_RNApolII_ChIP_Yang2019_GSM3314730.fastq.gz
Approx 50% complete for E14_36h_RNApolII_ChIP_Yang2019_GSM3314730_trimV5.fastq.gz
Approx 50% complete for E14_36h_RNApolII_ChIP_Yang2019_GSM3314730.fastq.gz
Approx 55% complete for E14_36h_RNApolII_ChIP_Yang2019_GSM3314730.fastq.gz
Approx 55% complete for E14_36h_RNApolII_ChIP_Yang2019_GSM3314730_trimV5.fastq.gz
Approx 60% complete for E14_36h_RNApolII_ChIP_Yang2019_GSM3314730.fastq.gz
Approx 60% complete for E14_36h_RNApolII_ChIP_Yang2019_GSM3314730_trimV5.fastq.gz
Approx 65% complete for E14_36h_RNApolII_ChIP_Yang2019_GSM3314730.fastq.gz
Approx 65% complete for E14_36h_RNApolII_ChIP_Yang2019_GSM3314730_trimV5.fastq.gz
Approx 70% complete for E14_36h_RNApolII_ChIP_Yang2019_GSM3314730.fastq.gz
Approx 70% complete for E14_36h_RNApolII_ChIP_Yang2019_GSM3314730_trimV5.fastq.gz
Approx 75% complete for E14_36h_RNApolII_ChIP_Yang2019_GSM3314730.fastq.gz
Approx 75% complete for E14_36h_RNApolII_ChIP_Yang2019_GSM3314730_trimV5.fastq.gz
Approx 80% complete for E14_36h_RNApolII_ChIP_Yang2019_GSM3314730.fastq.gz
Approx 80% complete for E14_36h_RNApolII_ChIP_Yang2019_GSM3314730_trimV5.fastq.gz
Approx 85% complete for E14_36h_RNApolII_ChIP_Yang2019_GSM3314730.fastq.gz
Approx 85% complete for E14_36h_RNApolII_ChIP_Yang2019_GSM3314730_trimV5.fastq.gz
Approx 90% complete for E14_36h_RNApolII_ChIP_Yang2019_GSM3314730.fastq.gz
Approx 90% complete for E14_36h_RNApolII_ChIP_Yang2019_GSM3314730_trimV5.fastq.gz
Approx 95% complete for E14_36h_RNApolII_ChIP_Yang2019_GSM3314730.fastq.gz
Approx 95% complete for E14_36h_RNApolII_ChIP_Yang2019_GSM3314730_trimV5.fastq.gz
Analysis complete for E14_36h_RNApolII_ChIP_Yang2019_GSM3314730.fastq.gz
Analysis complete for E14_36h_RNApolII_ChIP_Yang2019_GSM3314730_trimV5.fastq.gz
[fastQC] finished succesfully at [Wed Jul 3 11:06:44 PM CEST 2024]
[bowtie2 alignment] started with reference /data/reference_genomes/mm10/mm10 at [Wed Jul 3 11:06:44 PM CEST 2024]
[alignment] Bowtie2 alignment finished successfully at [Wed Jul 3 11:33:52 PM CEST 2024]
[sam grooming] started at [Wed Jul 3 11:35:29 PM CEST 2024]
23:35:30.670 INFO  NativeLibraryLoader - Loading libgkl_compression.so from jar:file:/home/robin/bin/miniconda3/share/picard-2.26.2-0/picard.jar!/com/intel/gkl/native/libgkl_compression.so
[Wed Jul 03 23:35:30 CEST 2024] CleanSam --INPUT E14_36h_RNApolII_ChIP_Yang2019_GSM3314730_raw.sam --OUTPUT E14_36h_RNApolII_ChIP_Yang2019_GSM3314730_cleaned.sam --TMP_DIR . --VERBOSITY INFO --QUIET false --VALIDATION_STRINGENCY STRICT --COMPRESSION_LEVEL 5 --MAX_RECORDS_IN_RAM 500000 --CREATE_INDEX false --CREATE_MD5_FILE false --GA4GH_CLIENT_SECRETS client_secrets.json --help false --version false --showHidden false --USE_JDK_DEFLATER false --USE_JDK_INFLATER false
[Wed Jul 03 23:35:30 CEST 2024] Executing as robin@epipax.ijm.univ-paris-diderot.priv on Linux 6.1.0-21-amd64 amd64; OpenJDK 64-Bit Server VM 1.8.0_332-b09; Deflater: Intel; Inflater: Intel; Provider GCS is not available; Picard version: Version:2.26.2
INFO	2024-07-03 23:35:30	CleanSam	Seen many non-increasing record positions. Printing Read-names as well.
INFO	2024-07-03 23:35:37	CleanSam	Processed     1,000,000 records.  Elapsed time: 00:00:06s.  Time for last 1,000,000:    6s.  Last read position: chr13:22,849,702.  Last read name: SRR7624418.45217563
INFO	2024-07-03 23:35:43	CleanSam	Processed     2,000,000 records.  Elapsed time: 00:00:12s.  Time for last 1,000,000:    5s.  Last read position: chr17:85,917,667.  Last read name: SRR7624418.18997411
INFO	2024-07-03 23:35:48	CleanSam	Processed     3,000,000 records.  Elapsed time: 00:00:17s.  Time for last 1,000,000:    5s.  Last read position: chrY:16,729,657.  Last read name: SRR7624418.38317690
INFO	2024-07-03 23:35:55	CleanSam	Processed     4,000,000 records.  Elapsed time: 00:00:24s.  Time for last 1,000,000:    6s.  Last read position: chr5:134,333,183.  Last read name: SRR7624418.19719733
INFO	2024-07-03 23:36:01	CleanSam	Processed     5,000,000 records.  Elapsed time: 00:00:31s.  Time for last 1,000,000:    6s.  Last read position: chr7:15,289,972.  Last read name: SRR7624418.38017322
INFO	2024-07-03 23:36:07	CleanSam	Processed     6,000,000 records.  Elapsed time: 00:00:37s.  Time for last 1,000,000:    5s.  Last read position: chr2:16,017,193.  Last read name: SRR7624418.45817940
INFO	2024-07-03 23:36:14	CleanSam	Processed     7,000,000 records.  Elapsed time: 00:00:43s.  Time for last 1,000,000:    6s.  Last read position: chrX:170,745,179.  Last read name: SRR7624418.23579403
INFO	2024-07-03 23:36:21	CleanSam	Processed     8,000,000 records.  Elapsed time: 00:00:50s.  Time for last 1,000,000:    6s.  Last read position: chr9:109,777,860.  Last read name: SRR7624418.2395229
INFO	2024-07-03 23:36:28	CleanSam	Processed     9,000,000 records.  Elapsed time: 00:00:57s.  Time for last 1,000,000:    6s.  Last read position: chr2:26,023,517.  Last read name: SRR7624418.13090491
INFO	2024-07-03 23:36:34	CleanSam	Processed    10,000,000 records.  Elapsed time: 00:01:03s.  Time for last 1,000,000:    6s.  Last read position: chr2:37,624,035.  Last read name: SRR7624418.39540926
INFO	2024-07-03 23:36:40	CleanSam	Processed    11,000,000 records.  Elapsed time: 00:01:09s.  Time for last 1,000,000:    6s.  Last read position: chr2:136,184,920.  Last read name: SRR7624418.49048148
INFO	2024-07-03 23:36:46	CleanSam	Processed    12,000,000 records.  Elapsed time: 00:01:15s.  Time for last 1,000,000:    5s.  Last read position: chr9:22,395,534.  Last read name: SRR7624418.34431693
INFO	2024-07-03 23:36:52	CleanSam	Processed    13,000,000 records.  Elapsed time: 00:01:21s.  Time for last 1,000,000:    5s.  Last read position: chr17:11,718,322.  Last read name: SRR7624418.18924662
INFO	2024-07-03 23:36:57	CleanSam	Processed    14,000,000 records.  Elapsed time: 00:01:26s.  Time for last 1,000,000:    5s.  Last read position: chr17:26,998,332.  Last read name: SRR7624418.21915822
INFO	2024-07-03 23:37:03	CleanSam	Processed    15,000,000 records.  Elapsed time: 00:01:32s.  Time for last 1,000,000:    5s.  Last read position: chr13:75,467,087.  Last read name: SRR7624418.42088746
INFO	2024-07-03 23:37:08	CleanSam	Processed    16,000,000 records.  Elapsed time: 00:01:38s.  Time for last 1,000,000:    5s.  Last read position: chr10:67,141,491.  Last read name: SRR7624418.6410440
INFO	2024-07-03 23:37:14	CleanSam	Processed    17,000,000 records.  Elapsed time: 00:01:43s.  Time for last 1,000,000:    5s.  Last read position: chr8:85,301,179.  Last read name: SRR7624418.10995521
INFO	2024-07-03 23:37:20	CleanSam	Processed    18,000,000 records.  Elapsed time: 00:01:49s.  Time for last 1,000,000:    5s.  Last read position: chr5:75,989,715.  Last read name: SRR7624418.10605270
INFO	2024-07-03 23:37:26	CleanSam	Processed    19,000,000 records.  Elapsed time: 00:01:55s.  Time for last 1,000,000:    6s.  Last read position: chrY:78,352,828.  Last read name: SRR7624418.41161562
INFO	2024-07-03 23:37:32	CleanSam	Processed    20,000,000 records.  Elapsed time: 00:02:01s.  Time for last 1,000,000:    5s.  Last read position: chr5:143,321,195.  Last read name: SRR7624418.2937922
INFO	2024-07-03 23:37:38	CleanSam	Processed    21,000,000 records.  Elapsed time: 00:02:07s.  Time for last 1,000,000:    5s.  Last read position: chr5:72,877,800.  Last read name: SRR7624418.13600217
INFO	2024-07-03 23:37:44	CleanSam	Processed    22,000,000 records.  Elapsed time: 00:02:13s.  Time for last 1,000,000:    5s.  Last read position: chr6:60,267,865.  Last read name: SRR7624418.10724524
INFO	2024-07-03 23:37:49	CleanSam	Processed    23,000,000 records.  Elapsed time: 00:02:19s.  Time for last 1,000,000:    5s.  Last read position: chr3:41,559,347.  Last read name: SRR7624418.7445647
INFO	2024-07-03 23:37:55	CleanSam	Processed    24,000,000 records.  Elapsed time: 00:02:24s.  Time for last 1,000,000:    5s.  Last read position: chr10:96,428,157.  Last read name: SRR7624418.21286283
INFO	2024-07-03 23:38:00	CleanSam	Processed    25,000,000 records.  Elapsed time: 00:02:30s.  Time for last 1,000,000:    5s.  Last read position: chr6:105,857,567.  Last read name: SRR7624418.13767207
INFO	2024-07-03 23:38:06	CleanSam	Processed    26,000,000 records.  Elapsed time: 00:02:36s.  Time for last 1,000,000:    5s.  Last read position: chrY:62,892,387.  Last read name: SRR7624418.23764401
INFO	2024-07-03 23:38:12	CleanSam	Processed    27,000,000 records.  Elapsed time: 00:02:41s.  Time for last 1,000,000:    5s.  Last read position: chr2:25,220,348.  Last read name: SRR7624418.42677144
INFO	2024-07-03 23:38:18	CleanSam	Processed    28,000,000 records.  Elapsed time: 00:02:47s.  Time for last 1,000,000:    5s.  Last read position: chr6:112,433,924.  Last read name: SRR7624418.8556863
INFO	2024-07-03 23:38:23	CleanSam	Processed    29,000,000 records.  Elapsed time: 00:02:52s.  Time for last 1,000,000:    5s.  Last read position: chr5:116,651,903.  Last read name: SRR7624418.37688972
INFO	2024-07-03 23:38:28	CleanSam	Processed    30,000,000 records.  Elapsed time: 00:02:57s.  Time for last 1,000,000:    5s.  Last read position: chr10:96,047,526.  Last read name: SRR7624418.38618591
INFO	2024-07-03 23:38:33	CleanSam	Processed    31,000,000 records.  Elapsed time: 00:03:02s.  Time for last 1,000,000:    5s.  Last read position: chr14:30,542,148.  Last read name: SRR7624418.42151651
INFO	2024-07-03 23:38:38	CleanSam	Processed    32,000,000 records.  Elapsed time: 00:03:08s.  Time for last 1,000,000:    5s.  Last read position: chrY:32,864,725.  Last read name: SRR7624418.11694821
INFO	2024-07-03 23:38:43	CleanSam	Processed    33,000,000 records.  Elapsed time: 00:03:13s.  Time for last 1,000,000:    5s.  Last read position: chr7:83,682,400.  Last read name: SRR7624418.2090664
INFO	2024-07-03 23:38:48	CleanSam	Processed    34,000,000 records.  Elapsed time: 00:03:18s.  Time for last 1,000,000:    5s.  Last read position: chr8:74,396,121.  Last read name: SRR7624418.5260801
INFO	2024-07-03 23:38:54	CleanSam	Processed    35,000,000 records.  Elapsed time: 00:03:23s.  Time for last 1,000,000:    5s.  Last read position: chr10:17,990,139.  Last read name: SRR7624418.9182529
INFO	2024-07-03 23:38:59	CleanSam	Processed    36,000,000 records.  Elapsed time: 00:03:28s.  Time for last 1,000,000:    5s.  Last read position: chr10:50,037,546.  Last read name: SRR7624418.35569931
INFO	2024-07-03 23:39:04	CleanSam	Processed    37,000,000 records.  Elapsed time: 00:03:33s.  Time for last 1,000,000:    5s.  Last read position: chr14:61,073,696.  Last read name: SRR7624418.39038351
INFO	2024-07-03 23:39:10	CleanSam	Processed    38,000,000 records.  Elapsed time: 00:03:39s.  Time for last 1,000,000:    5s.  Last read position: chr4:156,250,572.  Last read name: SRR7624418.31878181
INFO	2024-07-03 23:39:15	CleanSam	Processed    39,000,000 records.  Elapsed time: 00:03:45s.  Time for last 1,000,000:    5s.  Last read position: chr9:108,800,327.  Last read name: SRR7624418.46899355
INFO	2024-07-03 23:39:21	CleanSam	Processed    40,000,000 records.  Elapsed time: 00:03:50s.  Time for last 1,000,000:    5s.  Last read position: chr16:70,266,268.  Last read name: SRR7624418.9847525
[Wed Jul 03 23:39:33 CEST 2024] picard.sam.CleanSam done. Elapsed time: 4.05 minutes.
Runtime.totalMemory()=914882560
23:39:35.440 INFO  NativeLibraryLoader - Loading libgkl_compression.so from jar:file:/home/robin/bin/miniconda3/share/picard-2.26.2-0/picard.jar!/com/intel/gkl/native/libgkl_compression.so
[Wed Jul 03 23:39:35 CEST 2024] SamFormatConverter --INPUT E14_36h_RNApolII_ChIP_Yang2019_GSM3314730_cleaned.sam --OUTPUT E14_36h_RNApolII_ChIP_Yang2019_GSM3314730_unsorted.bam --TMP_DIR . --VERBOSITY INFO --QUIET false --VALIDATION_STRINGENCY STRICT --COMPRESSION_LEVEL 5 --MAX_RECORDS_IN_RAM 500000 --CREATE_INDEX false --CREATE_MD5_FILE false --GA4GH_CLIENT_SECRETS client_secrets.json --help false --version false --showHidden false --USE_JDK_DEFLATER false --USE_JDK_INFLATER false
[Wed Jul 03 23:39:35 CEST 2024] Executing as robin@epipax.ijm.univ-paris-diderot.priv on Linux 6.1.0-21-amd64 amd64; OpenJDK 64-Bit Server VM 1.8.0_332-b09; Deflater: Intel; Inflater: Intel; Provider GCS is not available; Picard version: Version:2.26.2
INFO	2024-07-03 23:39:36	SamFormatConverter	Seen many non-increasing record positions. Printing Read-names as well.
INFO	2024-07-03 23:39:47	SamFormatConverter	Processed     1,000,000 records.  Elapsed time: 00:00:10s.  Time for last 1,000,000:   10s.  Last read position: chr13:22,849,702.  Last read name: SRR7624418.45217563
INFO	2024-07-03 23:39:58	SamFormatConverter	Processed     2,000,000 records.  Elapsed time: 00:00:22s.  Time for last 1,000,000:   11s.  Last read position: chr17:85,917,667.  Last read name: SRR7624418.18997411
INFO	2024-07-03 23:40:08	SamFormatConverter	Processed     3,000,000 records.  Elapsed time: 00:00:31s.  Time for last 1,000,000:    9s.  Last read position: chrY:16,729,657.  Last read name: SRR7624418.38317690
INFO	2024-07-03 23:40:17	SamFormatConverter	Processed     4,000,000 records.  Elapsed time: 00:00:40s.  Time for last 1,000,000:    9s.  Last read position: chr5:134,333,183.  Last read name: SRR7624418.19719733
INFO	2024-07-03 23:40:26	SamFormatConverter	Processed     5,000,000 records.  Elapsed time: 00:00:49s.  Time for last 1,000,000:    8s.  Last read position: chr7:15,289,972.  Last read name: SRR7624418.38017322
INFO	2024-07-03 23:40:35	SamFormatConverter	Processed     6,000,000 records.  Elapsed time: 00:00:58s.  Time for last 1,000,000:    8s.  Last read position: chr2:16,017,193.  Last read name: SRR7624418.45817940
INFO	2024-07-03 23:40:44	SamFormatConverter	Processed     7,000,000 records.  Elapsed time: 00:01:07s.  Time for last 1,000,000:    8s.  Last read position: chrX:170,745,179.  Last read name: SRR7624418.23579403
INFO	2024-07-03 23:40:52	SamFormatConverter	Processed     8,000,000 records.  Elapsed time: 00:01:15s.  Time for last 1,000,000:    8s.  Last read position: chr9:109,777,860.  Last read name: SRR7624418.2395229
INFO	2024-07-03 23:41:01	SamFormatConverter	Processed     9,000,000 records.  Elapsed time: 00:01:25s.  Time for last 1,000,000:    9s.  Last read position: chr2:26,023,517.  Last read name: SRR7624418.13090491
INFO	2024-07-03 23:41:10	SamFormatConverter	Processed    10,000,000 records.  Elapsed time: 00:01:33s.  Time for last 1,000,000:    8s.  Last read position: chr2:37,624,035.  Last read name: SRR7624418.39540926
INFO	2024-07-03 23:41:19	SamFormatConverter	Processed    11,000,000 records.  Elapsed time: 00:01:42s.  Time for last 1,000,000:    9s.  Last read position: chr2:136,184,920.  Last read name: SRR7624418.49048148
INFO	2024-07-03 23:41:28	SamFormatConverter	Processed    12,000,000 records.  Elapsed time: 00:01:51s.  Time for last 1,000,000:    8s.  Last read position: chr9:22,395,534.  Last read name: SRR7624418.34431693
INFO	2024-07-03 23:41:37	SamFormatConverter	Processed    13,000,000 records.  Elapsed time: 00:02:01s.  Time for last 1,000,000:    9s.  Last read position: chr17:11,718,322.  Last read name: SRR7624418.18924662
INFO	2024-07-03 23:41:46	SamFormatConverter	Processed    14,000,000 records.  Elapsed time: 00:02:09s.  Time for last 1,000,000:    8s.  Last read position: chr17:26,998,332.  Last read name: SRR7624418.21915822
INFO	2024-07-03 23:41:56	SamFormatConverter	Processed    15,000,000 records.  Elapsed time: 00:02:19s.  Time for last 1,000,000:    9s.  Last read position: chr13:75,467,087.  Last read name: SRR7624418.42088746
INFO	2024-07-03 23:42:05	SamFormatConverter	Processed    16,000,000 records.  Elapsed time: 00:02:29s.  Time for last 1,000,000:    9s.  Last read position: chr10:67,141,491.  Last read name: SRR7624418.6410440
INFO	2024-07-03 23:42:15	SamFormatConverter	Processed    17,000,000 records.  Elapsed time: 00:02:39s.  Time for last 1,000,000:    9s.  Last read position: chr8:85,301,179.  Last read name: SRR7624418.10995521
INFO	2024-07-03 23:42:24	SamFormatConverter	Processed    18,000,000 records.  Elapsed time: 00:02:48s.  Time for last 1,000,000:    9s.  Last read position: chr5:75,989,715.  Last read name: SRR7624418.10605270
INFO	2024-07-03 23:42:34	SamFormatConverter	Processed    19,000,000 records.  Elapsed time: 00:02:57s.  Time for last 1,000,000:    9s.  Last read position: chrY:78,352,828.  Last read name: SRR7624418.41161562
INFO	2024-07-03 23:42:44	SamFormatConverter	Processed    20,000,000 records.  Elapsed time: 00:03:07s.  Time for last 1,000,000:   10s.  Last read position: chr5:143,321,195.  Last read name: SRR7624418.2937922
INFO	2024-07-03 23:42:53	SamFormatConverter	Processed    21,000,000 records.  Elapsed time: 00:03:16s.  Time for last 1,000,000:    8s.  Last read position: chr5:72,877,800.  Last read name: SRR7624418.13600217
INFO	2024-07-03 23:43:02	SamFormatConverter	Processed    22,000,000 records.  Elapsed time: 00:03:25s.  Time for last 1,000,000:    8s.  Last read position: chr6:60,267,865.  Last read name: SRR7624418.10724524
INFO	2024-07-03 23:43:11	SamFormatConverter	Processed    23,000,000 records.  Elapsed time: 00:03:34s.  Time for last 1,000,000:    9s.  Last read position: chr3:41,559,347.  Last read name: SRR7624418.7445647
INFO	2024-07-03 23:43:19	SamFormatConverter	Processed    24,000,000 records.  Elapsed time: 00:03:43s.  Time for last 1,000,000:    8s.  Last read position: chr10:96,428,157.  Last read name: SRR7624418.21286283
INFO	2024-07-03 23:43:28	SamFormatConverter	Processed    25,000,000 records.  Elapsed time: 00:03:51s.  Time for last 1,000,000:    8s.  Last read position: chr6:105,857,567.  Last read name: SRR7624418.13767207
INFO	2024-07-03 23:43:37	SamFormatConverter	Processed    26,000,000 records.  Elapsed time: 00:04:00s.  Time for last 1,000,000:    8s.  Last read position: chrY:62,892,387.  Last read name: SRR7624418.23764401
INFO	2024-07-03 23:43:45	SamFormatConverter	Processed    27,000,000 records.  Elapsed time: 00:04:09s.  Time for last 1,000,000:    8s.  Last read position: chr2:25,220,348.  Last read name: SRR7624418.42677144
INFO	2024-07-03 23:43:55	SamFormatConverter	Processed    28,000,000 records.  Elapsed time: 00:04:18s.  Time for last 1,000,000:    9s.  Last read position: chr6:112,433,924.  Last read name: SRR7624418.8556863
INFO	2024-07-03 23:44:03	SamFormatConverter	Processed    29,000,000 records.  Elapsed time: 00:04:27s.  Time for last 1,000,000:    8s.  Last read position: chr5:116,651,903.  Last read name: SRR7624418.37688972
INFO	2024-07-03 23:44:11	SamFormatConverter	Processed    30,000,000 records.  Elapsed time: 00:04:35s.  Time for last 1,000,000:    8s.  Last read position: chr10:96,047,526.  Last read name: SRR7624418.38618591
INFO	2024-07-03 23:44:20	SamFormatConverter	Processed    31,000,000 records.  Elapsed time: 00:04:44s.  Time for last 1,000,000:    8s.  Last read position: chr14:30,542,148.  Last read name: SRR7624418.42151651
INFO	2024-07-03 23:44:29	SamFormatConverter	Processed    32,000,000 records.  Elapsed time: 00:04:52s.  Time for last 1,000,000:    8s.  Last read position: chrY:32,864,725.  Last read name: SRR7624418.11694821
INFO	2024-07-03 23:44:38	SamFormatConverter	Processed    33,000,000 records.  Elapsed time: 00:05:01s.  Time for last 1,000,000:    8s.  Last read position: chr7:83,682,400.  Last read name: SRR7624418.2090664
INFO	2024-07-03 23:44:46	SamFormatConverter	Processed    34,000,000 records.  Elapsed time: 00:05:10s.  Time for last 1,000,000:    8s.  Last read position: chr8:74,396,121.  Last read name: SRR7624418.5260801
INFO	2024-07-03 23:44:55	SamFormatConverter	Processed    35,000,000 records.  Elapsed time: 00:05:18s.  Time for last 1,000,000:    8s.  Last read position: chr10:17,990,139.  Last read name: SRR7624418.9182529
INFO	2024-07-03 23:45:04	SamFormatConverter	Processed    36,000,000 records.  Elapsed time: 00:05:27s.  Time for last 1,000,000:    8s.  Last read position: chr10:50,037,546.  Last read name: SRR7624418.35569931
INFO	2024-07-03 23:45:12	SamFormatConverter	Processed    37,000,000 records.  Elapsed time: 00:05:36s.  Time for last 1,000,000:    8s.  Last read position: chr14:61,073,696.  Last read name: SRR7624418.39038351
INFO	2024-07-03 23:45:21	SamFormatConverter	Processed    38,000,000 records.  Elapsed time: 00:05:45s.  Time for last 1,000,000:    8s.  Last read position: chr4:156,250,572.  Last read name: SRR7624418.31878181
INFO	2024-07-03 23:45:30	SamFormatConverter	Processed    39,000,000 records.  Elapsed time: 00:05:54s.  Time for last 1,000,000:    8s.  Last read position: chr9:108,800,327.  Last read name: SRR7624418.46899355
INFO	2024-07-03 23:45:39	SamFormatConverter	Processed    40,000,000 records.  Elapsed time: 00:06:03s.  Time for last 1,000,000:    9s.  Last read position: chr16:70,266,268.  Last read name: SRR7624418.9847525
[Wed Jul 03 23:45:50 CEST 2024] picard.sam.SamFormatConverter done. Elapsed time: 6.26 minutes.
Runtime.totalMemory()=962592768
23:45:52.599 INFO  NativeLibraryLoader - Loading libgkl_compression.so from jar:file:/home/robin/bin/miniconda3/share/picard-2.26.2-0/picard.jar!/com/intel/gkl/native/libgkl_compression.so
[Wed Jul 03 23:45:52 CEST 2024] SortSam --INPUT E14_36h_RNApolII_ChIP_Yang2019_GSM3314730_unsorted.bam --OUTPUT E14_36h_RNApolII_ChIP_Yang2019_GSM3314730_sorted.bam --SORT_ORDER coordinate --TMP_DIR . --VERBOSITY INFO --QUIET false --VALIDATION_STRINGENCY STRICT --COMPRESSION_LEVEL 5 --MAX_RECORDS_IN_RAM 500000 --CREATE_INDEX false --CREATE_MD5_FILE false --GA4GH_CLIENT_SECRETS client_secrets.json --help false --version false --showHidden false --USE_JDK_DEFLATER false --USE_JDK_INFLATER false
[Wed Jul 03 23:45:52 CEST 2024] Executing as robin@epipax.ijm.univ-paris-diderot.priv on Linux 6.1.0-21-amd64 amd64; OpenJDK 64-Bit Server VM 1.8.0_332-b09; Deflater: Intel; Inflater: Intel; Provider GCS is not available; Picard version: Version:2.26.2
INFO	2024-07-03 23:45:53	SortSam	Seen many non-increasing record positions. Printing Read-names as well.
INFO	2024-07-03 23:46:58	SortSam	Read    10,000,000 records.  Elapsed time: 00:01:05s.  Time for last 10,000,000:   65s.  Last read position: chr2:37,624,035.  Last read name: SRR7624418.39540926
INFO	2024-07-03 23:47:58	SortSam	Read    20,000,000 records.  Elapsed time: 00:02:05s.  Time for last 10,000,000:   59s.  Last read position: chr5:143,321,195.  Last read name: SRR7624418.2937922
INFO	2024-07-03 23:48:57	SortSam	Read    30,000,000 records.  Elapsed time: 00:03:04s.  Time for last 10,000,000:   59s.  Last read position: chr10:96,047,526.  Last read name: SRR7624418.38618591
INFO	2024-07-03 23:49:58	SortSam	Read    40,000,000 records.  Elapsed time: 00:04:05s.  Time for last 10,000,000:   60s.  Last read position: chr16:70,266,268.  Last read name: SRR7624418.9847525
INFO	2024-07-03 23:50:02	SortSam	Finished reading inputs, merging and writing to output now.
INFO	2024-07-03 23:50:50	SortSam	Wrote    10,000,000 records from a sorting collection.  Elapsed time: 00:04:57s.  Time for last 10,000,000:   46s.  Last read position: chr4:124,850,722
INFO	2024-07-03 23:51:38	SortSam	Wrote    20,000,000 records from a sorting collection.  Elapsed time: 00:05:45s.  Time for last 10,000,000:   47s.  Last read position: chr9:30,737,975
INFO	2024-07-03 23:52:25	SortSam	Wrote    30,000,000 records from a sorting collection.  Elapsed time: 00:06:32s.  Time for last 10,000,000:   47s.  Last read position: chr14:40,240,700
INFO	2024-07-03 23:53:13	SortSam	Wrote    40,000,000 records from a sorting collection.  Elapsed time: 00:07:20s.  Time for last 10,000,000:   47s.  Last read position: chrUn_JH584304:96,878
[Wed Jul 03 23:53:16 CEST 2024] picard.sam.SortSam done. Elapsed time: 7.40 minutes.
Runtime.totalMemory()=1735917568
23:53:18.635 INFO  NativeLibraryLoader - Loading libgkl_compression.so from jar:file:/home/robin/bin/miniconda3/share/picard-2.26.2-0/picard.jar!/com/intel/gkl/native/libgkl_compression.so
[Wed Jul 03 23:53:18 CEST 2024] MarkDuplicates --INPUT E14_36h_RNApolII_ChIP_Yang2019_GSM3314730_sorted.bam --OUTPUT E14_36h_RNApolII_ChIP_Yang2019_GSM3314730.bam --METRICS_FILE E14_36h_RNApolII_ChIP_Yang2019_GSM3314730_markDupeMetrics.txt --REMOVE_DUPLICATES false --TMP_DIR . --MAX_SEQUENCES_FOR_DISK_READ_ENDS_MAP 50000 --MAX_FILE_HANDLES_FOR_READ_ENDS_MAP 8000 --SORTING_COLLECTION_SIZE_RATIO 0.25 --TAG_DUPLICATE_SET_MEMBERS false --REMOVE_SEQUENCING_DUPLICATES false --TAGGING_POLICY DontTag --CLEAR_DT true --DUPLEX_UMI false --ADD_PG_TAG_TO_READS true --ASSUME_SORTED false --DUPLICATE_SCORING_STRATEGY SUM_OF_BASE_QUALITIES --PROGRAM_RECORD_ID MarkDuplicates --PROGRAM_GROUP_NAME MarkDuplicates --READ_NAME_REGEX <optimized capture of last three ':' separated fields as numeric values> --OPTICAL_DUPLICATE_PIXEL_DISTANCE 100 --MAX_OPTICAL_DUPLICATE_SET_SIZE 300000 --VERBOSITY INFO --QUIET false --VALIDATION_STRINGENCY STRICT --COMPRESSION_LEVEL 5 --MAX_RECORDS_IN_RAM 500000 --CREATE_INDEX false --CREATE_MD5_FILE false --GA4GH_CLIENT_SECRETS client_secrets.json --help false --version false --showHidden false --USE_JDK_DEFLATER false --USE_JDK_INFLATER false
[Wed Jul 03 23:53:18 CEST 2024] Executing as robin@epipax.ijm.univ-paris-diderot.priv on Linux 6.1.0-21-amd64 amd64; OpenJDK 64-Bit Server VM 1.8.0_332-b09; Deflater: Intel; Inflater: Intel; Provider GCS is not available; Picard version: Version:2.26.2
INFO	2024-07-03 23:53:18	MarkDuplicates	Start of doWork freeMemory: 501502192; totalMemory: 514850816; maxMemory: 1908932608
INFO	2024-07-03 23:53:18	MarkDuplicates	Reading input file and constructing read end information.
INFO	2024-07-03 23:53:18	MarkDuplicates	Will retain up to 6916422 data points before spilling to disk.
WARNING	2024-07-03 23:53:19	AbstractOpticalDuplicateFinderCommandLineProgram	A field field parsed out of a read name was expected to contain an integer and did not. Read name: SRR7624418.17547628. Cause: String 'SRR7624418.17547628' did not start with a parsable number.
INFO	2024-07-03 23:53:23	MarkDuplicates	Read     1,000,000 records.  Elapsed time: 00:00:04s.  Time for last 1,000,000:    4s.  Last read position: chr1:71,646,052
INFO	2024-07-03 23:53:23	MarkDuplicates	Tracking 0 as yet unmatched pairs. 0 records in RAM.
INFO	2024-07-03 23:53:27	MarkDuplicates	Read     2,000,000 records.  Elapsed time: 00:00:08s.  Time for last 1,000,000:    4s.  Last read position: chr1:138,668,226
INFO	2024-07-03 23:53:27	MarkDuplicates	Tracking 0 as yet unmatched pairs. 0 records in RAM.
INFO	2024-07-03 23:53:30	MarkDuplicates	Read     3,000,000 records.  Elapsed time: 00:00:11s.  Time for last 1,000,000:    3s.  Last read position: chr2:12,132,770
INFO	2024-07-03 23:53:30	MarkDuplicates	Tracking 0 as yet unmatched pairs. 0 records in RAM.
INFO	2024-07-03 23:53:37	MarkDuplicates	Read     4,000,000 records.  Elapsed time: 00:00:18s.  Time for last 1,000,000:    6s.  Last read position: chr2:75,050,651
INFO	2024-07-03 23:53:37	MarkDuplicates	Tracking 0 as yet unmatched pairs. 0 records in RAM.
INFO	2024-07-03 23:53:40	MarkDuplicates	Read     5,000,000 records.  Elapsed time: 00:00:21s.  Time for last 1,000,000:    3s.  Last read position: chr2:127,386,897
INFO	2024-07-03 23:53:40	MarkDuplicates	Tracking 0 as yet unmatched pairs. 0 records in RAM.
INFO	2024-07-03 23:53:45	MarkDuplicates	Read     6,000,000 records.  Elapsed time: 00:00:26s.  Time for last 1,000,000:    4s.  Last read position: chr3:8,340,631
INFO	2024-07-03 23:53:45	MarkDuplicates	Tracking 0 as yet unmatched pairs. 0 records in RAM.
INFO	2024-07-03 23:53:51	MarkDuplicates	Read     7,000,000 records.  Elapsed time: 00:00:32s.  Time for last 1,000,000:    6s.  Last read position: chr3:79,897,403
INFO	2024-07-03 23:53:51	MarkDuplicates	Tracking 0 as yet unmatched pairs. 0 records in RAM.
INFO	2024-07-03 23:53:55	MarkDuplicates	Read     8,000,000 records.  Elapsed time: 00:00:35s.  Time for last 1,000,000:    3s.  Last read position: chr3:142,600,872
INFO	2024-07-03 23:53:55	MarkDuplicates	Tracking 0 as yet unmatched pairs. 0 records in RAM.
INFO	2024-07-03 23:53:58	MarkDuplicates	Read     9,000,000 records.  Elapsed time: 00:00:39s.  Time for last 1,000,000:    3s.  Last read position: chr4:55,356,423
INFO	2024-07-03 23:53:58	MarkDuplicates	Tracking 0 as yet unmatched pairs. 0 records in RAM.
INFO	2024-07-03 23:54:02	MarkDuplicates	Read    10,000,000 records.  Elapsed time: 00:00:42s.  Time for last 1,000,000:    3s.  Last read position: chr4:124,850,722
INFO	2024-07-03 23:54:02	MarkDuplicates	Tracking 0 as yet unmatched pairs. 0 records in RAM.
INFO	2024-07-03 23:54:05	MarkDuplicates	Read    11,000,000 records.  Elapsed time: 00:00:46s.  Time for last 1,000,000:    3s.  Last read position: chr5:24,578,619
INFO	2024-07-03 23:54:05	MarkDuplicates	Tracking 0 as yet unmatched pairs. 0 records in RAM.
INFO	2024-07-03 23:54:12	MarkDuplicates	Read    12,000,000 records.  Elapsed time: 00:00:53s.  Time for last 1,000,000:    6s.  Last read position: chr5:94,014,562
INFO	2024-07-03 23:54:12	MarkDuplicates	Tracking 0 as yet unmatched pairs. 0 records in RAM.
INFO	2024-07-03 23:54:16	MarkDuplicates	Read    13,000,000 records.  Elapsed time: 00:00:57s.  Time for last 1,000,000:    3s.  Last read position: chr5:150,636,435
INFO	2024-07-03 23:54:16	MarkDuplicates	Tracking 0 as yet unmatched pairs. 0 records in RAM.
INFO	2024-07-03 23:54:22	MarkDuplicates	Read    14,000,000 records.  Elapsed time: 00:01:02s.  Time for last 1,000,000:    5s.  Last read position: chr6:70,327,866
INFO	2024-07-03 23:54:22	MarkDuplicates	Tracking 0 as yet unmatched pairs. 0 records in RAM.
INFO	2024-07-03 23:54:25	MarkDuplicates	Read    15,000,000 records.  Elapsed time: 00:01:06s.  Time for last 1,000,000:    3s.  Last read position: chr6:134,565,353
INFO	2024-07-03 23:54:25	MarkDuplicates	Tracking 0 as yet unmatched pairs. 0 records in RAM.
INFO	2024-07-03 23:54:29	MarkDuplicates	Read    16,000,000 records.  Elapsed time: 00:01:10s.  Time for last 1,000,000:    4s.  Last read position: chr7:49,040,197
INFO	2024-07-03 23:54:29	MarkDuplicates	Tracking 0 as yet unmatched pairs. 0 records in RAM.
INFO	2024-07-03 23:54:33	MarkDuplicates	Read    17,000,000 records.  Elapsed time: 00:01:14s.  Time for last 1,000,000:    4s.  Last read position: chr7:117,819,118
INFO	2024-07-03 23:54:33	MarkDuplicates	Tracking 0 as yet unmatched pairs. 0 records in RAM.
INFO	2024-07-03 23:54:40	MarkDuplicates	Read    18,000,000 records.  Elapsed time: 00:01:21s.  Time for last 1,000,000:    6s.  Last read position: chr8:36,208,829
INFO	2024-07-03 23:54:40	MarkDuplicates	Tracking 0 as yet unmatched pairs. 0 records in RAM.
INFO	2024-07-03 23:54:43	MarkDuplicates	Read    19,000,000 records.  Elapsed time: 00:01:24s.  Time for last 1,000,000:    3s.  Last read position: chr8:102,262,246
INFO	2024-07-03 23:54:43	MarkDuplicates	Tracking 0 as yet unmatched pairs. 0 records in RAM.
INFO	2024-07-03 23:54:47	MarkDuplicates	Read    20,000,000 records.  Elapsed time: 00:01:28s.  Time for last 1,000,000:    4s.  Last read position: chr9:30,737,975
INFO	2024-07-03 23:54:47	MarkDuplicates	Tracking 0 as yet unmatched pairs. 0 records in RAM.
INFO	2024-07-03 23:54:53	MarkDuplicates	Read    21,000,000 records.  Elapsed time: 00:01:34s.  Time for last 1,000,000:    6s.  Last read position: chr9:90,000,466
INFO	2024-07-03 23:54:53	MarkDuplicates	Tracking 0 as yet unmatched pairs. 0 records in RAM.
INFO	2024-07-03 23:54:57	MarkDuplicates	Read    22,000,000 records.  Elapsed time: 00:01:38s.  Time for last 1,000,000:    3s.  Last read position: chr10:31,212,559
INFO	2024-07-03 23:54:57	MarkDuplicates	Tracking 0 as yet unmatched pairs. 0 records in RAM.
INFO	2024-07-03 23:55:00	MarkDuplicates	Read    23,000,000 records.  Elapsed time: 00:01:41s.  Time for last 1,000,000:    3s.  Last read position: chr10:94,100,779
INFO	2024-07-03 23:55:00	MarkDuplicates	Tracking 0 as yet unmatched pairs. 0 records in RAM.
INFO	2024-07-03 23:55:04	MarkDuplicates	Read    24,000,000 records.  Elapsed time: 00:01:45s.  Time for last 1,000,000:    3s.  Last read position: chr11:29,883,264
INFO	2024-07-03 23:55:04	MarkDuplicates	Tracking 0 as yet unmatched pairs. 0 records in RAM.
INFO	2024-07-03 23:55:11	MarkDuplicates	Read    25,000,000 records.  Elapsed time: 00:01:52s.  Time for last 1,000,000:    6s.  Last read position: chr11:87,080,930
INFO	2024-07-03 23:55:11	MarkDuplicates	Tracking 0 as yet unmatched pairs. 0 records in RAM.
INFO	2024-07-03 23:55:14	MarkDuplicates	Read    26,000,000 records.  Elapsed time: 00:01:55s.  Time for last 1,000,000:    3s.  Last read position: chr12:22,831,753
INFO	2024-07-03 23:55:14	MarkDuplicates	Tracking 0 as yet unmatched pairs. 0 records in RAM.
INFO	2024-07-03 23:55:19	MarkDuplicates	Read    27,000,000 records.  Elapsed time: 00:02:00s.  Time for last 1,000,000:    4s.  Last read position: chr12:91,072,830
INFO	2024-07-03 23:55:19	MarkDuplicates	Tracking 0 as yet unmatched pairs. 0 records in RAM.
INFO	2024-07-03 23:55:25	MarkDuplicates	Read    28,000,000 records.  Elapsed time: 00:02:06s.  Time for last 1,000,000:    6s.  Last read position: chr13:38,145,923
INFO	2024-07-03 23:55:25	MarkDuplicates	Tracking 0 as yet unmatched pairs. 0 records in RAM.
INFO	2024-07-03 23:55:29	MarkDuplicates	Read    29,000,000 records.  Elapsed time: 00:02:10s.  Time for last 1,000,000:    4s.  Last read position: chr13:100,417,108
INFO	2024-07-03 23:55:29	MarkDuplicates	Tracking 0 as yet unmatched pairs. 0 records in RAM.
INFO	2024-07-03 23:55:33	MarkDuplicates	Read    30,000,000 records.  Elapsed time: 00:02:13s.  Time for last 1,000,000:    3s.  Last read position: chr14:40,240,700
INFO	2024-07-03 23:55:33	MarkDuplicates	Tracking 0 as yet unmatched pairs. 0 records in RAM.
INFO	2024-07-03 23:55:36	MarkDuplicates	Read    31,000,000 records.  Elapsed time: 00:02:17s.  Time for last 1,000,000:    3s.  Last read position: chr14:108,587,394
INFO	2024-07-03 23:55:36	MarkDuplicates	Tracking 0 as yet unmatched pairs. 0 records in RAM.
INFO	2024-07-03 23:55:40	MarkDuplicates	Read    32,000,000 records.  Elapsed time: 00:02:21s.  Time for last 1,000,000:    3s.  Last read position: chr15:58,039,581
INFO	2024-07-03 23:55:40	MarkDuplicates	Tracking 0 as yet unmatched pairs. 0 records in RAM.
INFO	2024-07-03 23:55:47	MarkDuplicates	Read    33,000,000 records.  Elapsed time: 00:02:28s.  Time for last 1,000,000:    7s.  Last read position: chr16:15,622,271
INFO	2024-07-03 23:55:47	MarkDuplicates	Tracking 0 as yet unmatched pairs. 0 records in RAM.
INFO	2024-07-03 23:55:51	MarkDuplicates	Read    34,000,000 records.  Elapsed time: 00:02:32s.  Time for last 1,000,000:    3s.  Last read position: chr16:83,573,828
INFO	2024-07-03 23:55:51	MarkDuplicates	Tracking 0 as yet unmatched pairs. 0 records in RAM.
INFO	2024-07-03 23:55:57	MarkDuplicates	Read    35,000,000 records.  Elapsed time: 00:02:38s.  Time for last 1,000,000:    6s.  Last read position: chr17:44,871,029
INFO	2024-07-03 23:55:57	MarkDuplicates	Tracking 0 as yet unmatched pairs. 0 records in RAM.
INFO	2024-07-03 23:56:01	MarkDuplicates	Read    36,000,000 records.  Elapsed time: 00:02:42s.  Time for last 1,000,000:    3s.  Last read position: chr18:18,647,443
INFO	2024-07-03 23:56:01	MarkDuplicates	Tracking 0 as yet unmatched pairs. 0 records in RAM.
INFO	2024-07-03 23:56:04	MarkDuplicates	Read    37,000,000 records.  Elapsed time: 00:02:45s.  Time for last 1,000,000:    3s.  Last read position: chr18:84,762,029
INFO	2024-07-03 23:56:04	MarkDuplicates	Tracking 0 as yet unmatched pairs. 0 records in RAM.
INFO	2024-07-03 23:56:08	MarkDuplicates	Read    38,000,000 records.  Elapsed time: 00:02:49s.  Time for last 1,000,000:    3s.  Last read position: chr19:58,440,429
INFO	2024-07-03 23:56:08	MarkDuplicates	Tracking 0 as yet unmatched pairs. 0 records in RAM.
INFO	2024-07-03 23:56:11	MarkDuplicates	Read    39,000,000 records.  Elapsed time: 00:02:52s.  Time for last 1,000,000:    3s.  Last read position: chrX:130,342,474
INFO	2024-07-03 23:56:11	MarkDuplicates	Tracking 0 as yet unmatched pairs. 0 records in RAM.
INFO	2024-07-03 23:56:15	MarkDuplicates	Read    40,000,000 records.  Elapsed time: 00:02:56s.  Time for last 1,000,000:    3s.  Last read position: chrUn_JH584304:96,878
INFO	2024-07-03 23:56:15	MarkDuplicates	Tracking 0 as yet unmatched pairs. 0 records in RAM.
INFO	2024-07-03 23:56:15	MarkDuplicates	Read 40048516 records. 0 pairs never matched.
INFO	2024-07-03 23:56:17	MarkDuplicates	After buildSortedReadEndLists freeMemory: 1710004064; totalMemory: 1754791936; maxMemory: 1908932608
INFO	2024-07-03 23:56:17	MarkDuplicates	Will retain up to 59654144 duplicate indices before spilling to disk.
INFO	2024-07-03 23:56:17	MarkDuplicates	Traversing read pair information and detecting duplicates.
INFO	2024-07-03 23:56:17	MarkDuplicates	Traversing fragment information and detecting duplicates.
INFO	2024-07-03 23:56:30	MarkDuplicates	Sorting list of duplicate records.
INFO	2024-07-03 23:56:30	MarkDuplicates	After generateDuplicateIndexes freeMemory: 1241630680; totalMemory: 1735917568; maxMemory: 1908932608
INFO	2024-07-03 23:56:30	MarkDuplicates	Marking 631617 records as duplicates.
INFO	2024-07-03 23:56:30	MarkDuplicates	Found 0 optical duplicate clusters.
INFO	2024-07-03 23:56:30	MarkDuplicates	Reads are assumed to be ordered by: coordinate
INFO	2024-07-03 23:57:45	MarkDuplicates	Written    10,000,000 records.  Elapsed time: 00:01:14s.  Time for last 10,000,000:   74s.  Last read position: chr4:124,850,722
INFO	2024-07-03 23:58:55	MarkDuplicates	Written    20,000,000 records.  Elapsed time: 00:02:24s.  Time for last 10,000,000:   70s.  Last read position: chr9:30,737,975
INFO	2024-07-04 00:00:10	MarkDuplicates	Written    30,000,000 records.  Elapsed time: 00:03:40s.  Time for last 10,000,000:   75s.  Last read position: chr14:40,240,700
INFO	2024-07-04 00:01:22	MarkDuplicates	Written    40,000,000 records.  Elapsed time: 00:04:51s.  Time for last 10,000,000:   71s.  Last read position: chrUn_JH584304:96,878
INFO	2024-07-04 00:01:26	MarkDuplicates	Writing complete. Closing input iterator.
INFO	2024-07-04 00:01:26	MarkDuplicates	Duplicate Index cleanup.
INFO	2024-07-04 00:01:26	MarkDuplicates	Getting Memory Stats.
INFO	2024-07-04 00:01:26	MarkDuplicates	Before output close freeMemory: 1777089816; totalMemory: 1795686400; maxMemory: 1908932608
INFO	2024-07-04 00:01:26	MarkDuplicates	Closed outputs. Getting more Memory Stats.
INFO	2024-07-04 00:01:26	MarkDuplicates	After output close freeMemory: 1777089816; totalMemory: 1795686400; maxMemory: 1908932608
[Thu Jul 04 00:01:26 CEST 2024] picard.sam.markduplicates.MarkDuplicates done. Elapsed time: 8.13 minutes.
Runtime.totalMemory()=1795686400
[sam grooming] finished successfully at [Thu Jul 4 12:01:39 AM CEST 2024]
[trueStats] Collecting alignment statistics for E14_36h_RNApolII_ChIP_Yang2019_GSM3314730.bam at [Thu Jul 4 12:02:33 AM CEST 2024]
[bamToWigCPMsmoothKeepDup] Started with bin size: 1 and smoothing over 0 bp and KEEPING DUPLICATES at [Thu Jul 4 12:06:30 AM CEST 2024]
There are 38306946 alignments, of which 554509 are completely within a blacklist region.
Due to filtering, 88.92090047582488% of the aforementioned alignments will be used 33569806.93196849
[bamToWigCPMsmoothKeepDup] finished successfully at [Thu Jul 4 12:25:30 AM CEST 2024]
[file cleanup] started. Good job! at [Thu Jul 4 12:25:30 AM CEST 2024]
cp: cannot stat '*.pdf': No such file or directory
mv: cannot stat '*.bed': No such file or directory
mv: preserving times for '/data/bigWigs/E14_36h_RNApolII_ChIP_Yang2019_GSM3314730_trimV5_mm10_kpDup_q10_b1_s0_CPM.bw': Operation not permitted
mv: preserving permissions for ‘/data/bigWigs/E14_36h_RNApolII_ChIP_Yang2019_GSM3314730_trimV5_mm10_kpDup_q10_b1_s0_CPM.bw’: Operation not permitted
mv: preserving times for '/data/bams/E14_36h_RNApolII_ChIP_Yang2019_GSM3314730_trimV5_mm10.bam': Operation not permitted
mv: preserving permissions for ‘/data/bams/E14_36h_RNApolII_ChIP_Yang2019_GSM3314730_trimV5_mm10.bam’: Operation not permitted
mv: preserving times for '/data/bams/E14_36h_RNApolII_ChIP_Yang2019_GSM3314730_trimV5_mm10.bam.bai': Operation not permitted
mv: preserving permissions for ‘/data/bams/E14_36h_RNApolII_ChIP_Yang2019_GSM3314730_trimV5_mm10.bam.bai’: Operation not permitted
mv: cannot stat '*.gtf': No such file or directory
