SCRATCH: /scratch
[setupVariables] Data are paired-end. at [Fri Aug 30 06:37:53 PM CEST 2024]
[checkDependencies] Checking Dependencies [Fri Aug 30 06:37:53 PM CEST 2024] at [Fri Aug 30 06:37:53 PM CEST 2024]
[setup checkDependencies] trimmomatic... at [Fri Aug 30 06:37:53 PM CEST 2024]
[setup checkDependencies] STAR... at [Fri Aug 30 06:37:53 PM CEST 2024]
[setup checkDependencies] bismark... at [Fri Aug 30 06:37:53 PM CEST 2024]
[setup checkDependencies] bowtie2... at [Fri Aug 30 06:37:53 PM CEST 2024]
[setup checkDependencies] samtools... at [Fri Aug 30 06:37:53 PM CEST 2024]
[setup checkDependencies] picard... at [Fri Aug 30 06:37:53 PM CEST 2024]
[setup checkDependencies] awk... at [Fri Aug 30 06:37:53 PM CEST 2024]
[setup checkDependencies] bamCoverage... at [Fri Aug 30 06:37:53 PM CEST 2024]
[setup checkDependencies] fastqc... at [Fri Aug 30 06:37:53 PM CEST 2024]
[setup checkDependencies] fastq_screen... at [Fri Aug 30 06:37:53 PM CEST 2024]
[setup checkDependencies] stringtie... at [Fri Aug 30 06:37:53 PM CEST 2024]
[setup checkDependencies] clumpify.sh... at [Fri Aug 30 06:37:53 PM CEST 2024]
PAIRED: true
[setUpLogFile] Script started at [Fri Aug 30 06:37:53 PM CEST 2024] at [Fri Aug 30 06:37:53 PM CEST 2024]
[fastQC] started on raw FASTQs at [Fri Aug 30 06:37:53 PM CEST 2024]
Started analysis of C57BL6x129_FG_oocyte_RNA_SasakiLab2022_rep1_GSM5575168_R1_raw.fastq.gz
Started analysis of C57BL6x129_FG_oocyte_RNA_SasakiLab2022_rep1_GSM5575168_R2_raw.fastq.gz
Approx 5% complete for C57BL6x129_FG_oocyte_RNA_SasakiLab2022_rep1_GSM5575168_R1_raw.fastq.gz
Approx 5% complete for C57BL6x129_FG_oocyte_RNA_SasakiLab2022_rep1_GSM5575168_R2_raw.fastq.gz
Approx 10% complete for C57BL6x129_FG_oocyte_RNA_SasakiLab2022_rep1_GSM5575168_R1_raw.fastq.gz
Approx 10% complete for C57BL6x129_FG_oocyte_RNA_SasakiLab2022_rep1_GSM5575168_R2_raw.fastq.gz
Approx 15% complete for C57BL6x129_FG_oocyte_RNA_SasakiLab2022_rep1_GSM5575168_R1_raw.fastq.gz
Approx 15% complete for C57BL6x129_FG_oocyte_RNA_SasakiLab2022_rep1_GSM5575168_R2_raw.fastq.gz
Approx 20% complete for C57BL6x129_FG_oocyte_RNA_SasakiLab2022_rep1_GSM5575168_R1_raw.fastq.gz
Approx 20% complete for C57BL6x129_FG_oocyte_RNA_SasakiLab2022_rep1_GSM5575168_R2_raw.fastq.gz
Approx 25% complete for C57BL6x129_FG_oocyte_RNA_SasakiLab2022_rep1_GSM5575168_R1_raw.fastq.gz
Approx 25% complete for C57BL6x129_FG_oocyte_RNA_SasakiLab2022_rep1_GSM5575168_R2_raw.fastq.gz
Approx 30% complete for C57BL6x129_FG_oocyte_RNA_SasakiLab2022_rep1_GSM5575168_R2_raw.fastq.gz
Approx 30% complete for C57BL6x129_FG_oocyte_RNA_SasakiLab2022_rep1_GSM5575168_R1_raw.fastq.gz
Approx 35% complete for C57BL6x129_FG_oocyte_RNA_SasakiLab2022_rep1_GSM5575168_R2_raw.fastq.gz
Approx 35% complete for C57BL6x129_FG_oocyte_RNA_SasakiLab2022_rep1_GSM5575168_R1_raw.fastq.gz
Approx 40% complete for C57BL6x129_FG_oocyte_RNA_SasakiLab2022_rep1_GSM5575168_R2_raw.fastq.gz
Approx 40% complete for C57BL6x129_FG_oocyte_RNA_SasakiLab2022_rep1_GSM5575168_R1_raw.fastq.gz
Approx 45% complete for C57BL6x129_FG_oocyte_RNA_SasakiLab2022_rep1_GSM5575168_R2_raw.fastq.gz
Approx 45% complete for C57BL6x129_FG_oocyte_RNA_SasakiLab2022_rep1_GSM5575168_R1_raw.fastq.gz
Approx 50% complete for C57BL6x129_FG_oocyte_RNA_SasakiLab2022_rep1_GSM5575168_R2_raw.fastq.gz
Approx 50% complete for C57BL6x129_FG_oocyte_RNA_SasakiLab2022_rep1_GSM5575168_R1_raw.fastq.gz
Approx 55% complete for C57BL6x129_FG_oocyte_RNA_SasakiLab2022_rep1_GSM5575168_R2_raw.fastq.gz
Approx 55% complete for C57BL6x129_FG_oocyte_RNA_SasakiLab2022_rep1_GSM5575168_R1_raw.fastq.gz
Approx 60% complete for C57BL6x129_FG_oocyte_RNA_SasakiLab2022_rep1_GSM5575168_R2_raw.fastq.gz
Approx 60% complete for C57BL6x129_FG_oocyte_RNA_SasakiLab2022_rep1_GSM5575168_R1_raw.fastq.gz
Approx 65% complete for C57BL6x129_FG_oocyte_RNA_SasakiLab2022_rep1_GSM5575168_R2_raw.fastq.gz
Approx 65% complete for C57BL6x129_FG_oocyte_RNA_SasakiLab2022_rep1_GSM5575168_R1_raw.fastq.gz
Approx 70% complete for C57BL6x129_FG_oocyte_RNA_SasakiLab2022_rep1_GSM5575168_R2_raw.fastq.gz
Approx 70% complete for C57BL6x129_FG_oocyte_RNA_SasakiLab2022_rep1_GSM5575168_R1_raw.fastq.gz
Approx 75% complete for C57BL6x129_FG_oocyte_RNA_SasakiLab2022_rep1_GSM5575168_R1_raw.fastq.gz
Approx 75% complete for C57BL6x129_FG_oocyte_RNA_SasakiLab2022_rep1_GSM5575168_R2_raw.fastq.gz
Approx 80% complete for C57BL6x129_FG_oocyte_RNA_SasakiLab2022_rep1_GSM5575168_R2_raw.fastq.gz
Approx 80% complete for C57BL6x129_FG_oocyte_RNA_SasakiLab2022_rep1_GSM5575168_R1_raw.fastq.gz
Approx 85% complete for C57BL6x129_FG_oocyte_RNA_SasakiLab2022_rep1_GSM5575168_R2_raw.fastq.gz
Approx 85% complete for C57BL6x129_FG_oocyte_RNA_SasakiLab2022_rep1_GSM5575168_R1_raw.fastq.gz
Approx 90% complete for C57BL6x129_FG_oocyte_RNA_SasakiLab2022_rep1_GSM5575168_R2_raw.fastq.gz
Approx 90% complete for C57BL6x129_FG_oocyte_RNA_SasakiLab2022_rep1_GSM5575168_R1_raw.fastq.gz
Approx 95% complete for C57BL6x129_FG_oocyte_RNA_SasakiLab2022_rep1_GSM5575168_R2_raw.fastq.gz
Approx 95% complete for C57BL6x129_FG_oocyte_RNA_SasakiLab2022_rep1_GSM5575168_R1_raw.fastq.gz
Analysis complete for C57BL6x129_FG_oocyte_RNA_SasakiLab2022_rep1_GSM5575168_R2_raw.fastq.gz
Analysis complete for C57BL6x129_FG_oocyte_RNA_SasakiLab2022_rep1_GSM5575168_R1_raw.fastq.gz
[fastQC] on raw FASTQs finished succesfully. Will remove PCR duplicates now at [Fri Aug 30 06:42:06 PM CEST 2024]
Reads are length: 54 at [Fri Aug 30 06:42:07 PM CEST 2024]
Reads with same sequence 1 or fewer substitutions will be marked as PCR duplicates at [Fri Aug 30 06:42:07 PM CEST 2024]
Removal of PCR duplicates complete! at [Fri Aug 30 07:17:40 PM CEST 2024]
[trimReads] Started using version trimV5 parameters at [Fri Aug 30 07:17:40 PM CEST 2024]
ILLUMINACLIP:/data/reference_genomes/adapters/adapters.fa:2:30:10 SLIDINGWINDOW:4:20 MINLEN:24
[trimReads] Trimming C57BL6x129_FG_oocyte_RNA_SasakiLab2022_rep1_GSM5575168_R1.fastq.gz and C57BL6x129_FG_oocyte_RNA_SasakiLab2022_rep1_GSM5575168_R2.fastq.gz... at [Fri Aug 30 07:17:40 PM CEST 2024]
[trimReads] Finished successfully at [Fri Aug 30 07:18:55 PM CEST 2024]
[fastQC] started on C57BL6x129_FG_oocyte_RNA_SasakiLab2022_rep1_GSM5575168_R1.fastq.gz C57BL6x129_FG_oocyte_RNA_SasakiLab2022_rep1_GSM5575168_R2.fastq.gz C57BL6x129_FG_oocyte_RNA_SasakiLab2022_rep1_GSM5575168_trimV5_R1.fastq.gz C57BL6x129_FG_oocyte_RNA_SasakiLab2022_rep1_GSM5575168_trimV5_R2.fastq.gz at [Fri Aug 30 07:18:55 PM CEST 2024]
Started analysis of C57BL6x129_FG_oocyte_RNA_SasakiLab2022_rep1_GSM5575168_R1.fastq.gz
Started analysis of C57BL6x129_FG_oocyte_RNA_SasakiLab2022_rep1_GSM5575168_R2.fastq.gz
Started analysis of C57BL6x129_FG_oocyte_RNA_SasakiLab2022_rep1_GSM5575168_trimV5_R1.fastq.gz
Started analysis of C57BL6x129_FG_oocyte_RNA_SasakiLab2022_rep1_GSM5575168_trimV5_R2.fastq.gz
Approx 5% complete for C57BL6x129_FG_oocyte_RNA_SasakiLab2022_rep1_GSM5575168_R1.fastq.gz
Approx 5% complete for C57BL6x129_FG_oocyte_RNA_SasakiLab2022_rep1_GSM5575168_trimV5_R1.fastq.gz
Approx 5% complete for C57BL6x129_FG_oocyte_RNA_SasakiLab2022_rep1_GSM5575168_R2.fastq.gz
Approx 5% complete for C57BL6x129_FG_oocyte_RNA_SasakiLab2022_rep1_GSM5575168_trimV5_R2.fastq.gz
Approx 10% complete for C57BL6x129_FG_oocyte_RNA_SasakiLab2022_rep1_GSM5575168_R1.fastq.gz
Approx 10% complete for C57BL6x129_FG_oocyte_RNA_SasakiLab2022_rep1_GSM5575168_trimV5_R1.fastq.gz
Approx 10% complete for C57BL6x129_FG_oocyte_RNA_SasakiLab2022_rep1_GSM5575168_R2.fastq.gz
Approx 15% complete for C57BL6x129_FG_oocyte_RNA_SasakiLab2022_rep1_GSM5575168_trimV5_R1.fastq.gz
Approx 10% complete for C57BL6x129_FG_oocyte_RNA_SasakiLab2022_rep1_GSM5575168_trimV5_R2.fastq.gz
Approx 15% complete for C57BL6x129_FG_oocyte_RNA_SasakiLab2022_rep1_GSM5575168_R1.fastq.gz
Approx 15% complete for C57BL6x129_FG_oocyte_RNA_SasakiLab2022_rep1_GSM5575168_R2.fastq.gz
Approx 20% complete for C57BL6x129_FG_oocyte_RNA_SasakiLab2022_rep1_GSM5575168_trimV5_R1.fastq.gz
Approx 20% complete for C57BL6x129_FG_oocyte_RNA_SasakiLab2022_rep1_GSM5575168_R1.fastq.gz
Approx 15% complete for C57BL6x129_FG_oocyte_RNA_SasakiLab2022_rep1_GSM5575168_trimV5_R2.fastq.gz
Approx 20% complete for C57BL6x129_FG_oocyte_RNA_SasakiLab2022_rep1_GSM5575168_R2.fastq.gz
Approx 25% complete for C57BL6x129_FG_oocyte_RNA_SasakiLab2022_rep1_GSM5575168_trimV5_R1.fastq.gz
Approx 25% complete for C57BL6x129_FG_oocyte_RNA_SasakiLab2022_rep1_GSM5575168_R1.fastq.gz
Approx 20% complete for C57BL6x129_FG_oocyte_RNA_SasakiLab2022_rep1_GSM5575168_trimV5_R2.fastq.gz
Approx 30% complete for C57BL6x129_FG_oocyte_RNA_SasakiLab2022_rep1_GSM5575168_trimV5_R1.fastq.gz
Approx 25% complete for C57BL6x129_FG_oocyte_RNA_SasakiLab2022_rep1_GSM5575168_R2.fastq.gz
Approx 30% complete for C57BL6x129_FG_oocyte_RNA_SasakiLab2022_rep1_GSM5575168_R1.fastq.gz
Approx 35% complete for C57BL6x129_FG_oocyte_RNA_SasakiLab2022_rep1_GSM5575168_trimV5_R1.fastq.gz
Approx 25% complete for C57BL6x129_FG_oocyte_RNA_SasakiLab2022_rep1_GSM5575168_trimV5_R2.fastq.gz
Approx 30% complete for C57BL6x129_FG_oocyte_RNA_SasakiLab2022_rep1_GSM5575168_R2.fastq.gz
Approx 35% complete for C57BL6x129_FG_oocyte_RNA_SasakiLab2022_rep1_GSM5575168_R1.fastq.gz
Approx 40% complete for C57BL6x129_FG_oocyte_RNA_SasakiLab2022_rep1_GSM5575168_trimV5_R1.fastq.gz
Approx 30% complete for C57BL6x129_FG_oocyte_RNA_SasakiLab2022_rep1_GSM5575168_trimV5_R2.fastq.gz
Approx 35% complete for C57BL6x129_FG_oocyte_RNA_SasakiLab2022_rep1_GSM5575168_R2.fastq.gz
Approx 40% complete for C57BL6x129_FG_oocyte_RNA_SasakiLab2022_rep1_GSM5575168_R1.fastq.gz
Approx 45% complete for C57BL6x129_FG_oocyte_RNA_SasakiLab2022_rep1_GSM5575168_trimV5_R1.fastq.gz
Approx 40% complete for C57BL6x129_FG_oocyte_RNA_SasakiLab2022_rep1_GSM5575168_R2.fastq.gz
Approx 50% complete for C57BL6x129_FG_oocyte_RNA_SasakiLab2022_rep1_GSM5575168_trimV5_R1.fastq.gz
Approx 35% complete for C57BL6x129_FG_oocyte_RNA_SasakiLab2022_rep1_GSM5575168_trimV5_R2.fastq.gz
Approx 45% complete for C57BL6x129_FG_oocyte_RNA_SasakiLab2022_rep1_GSM5575168_R1.fastq.gz
Approx 55% complete for C57BL6x129_FG_oocyte_RNA_SasakiLab2022_rep1_GSM5575168_trimV5_R1.fastq.gz
Approx 45% complete for C57BL6x129_FG_oocyte_RNA_SasakiLab2022_rep1_GSM5575168_R2.fastq.gz
Approx 50% complete for C57BL6x129_FG_oocyte_RNA_SasakiLab2022_rep1_GSM5575168_R1.fastq.gz
Approx 40% complete for C57BL6x129_FG_oocyte_RNA_SasakiLab2022_rep1_GSM5575168_trimV5_R2.fastq.gz
Approx 60% complete for C57BL6x129_FG_oocyte_RNA_SasakiLab2022_rep1_GSM5575168_trimV5_R1.fastq.gz
Approx 50% complete for C57BL6x129_FG_oocyte_RNA_SasakiLab2022_rep1_GSM5575168_R2.fastq.gz
Approx 55% complete for C57BL6x129_FG_oocyte_RNA_SasakiLab2022_rep1_GSM5575168_R1.fastq.gz
Approx 45% complete for C57BL6x129_FG_oocyte_RNA_SasakiLab2022_rep1_GSM5575168_trimV5_R2.fastq.gz
Approx 65% complete for C57BL6x129_FG_oocyte_RNA_SasakiLab2022_rep1_GSM5575168_trimV5_R1.fastq.gz
Approx 60% complete for C57BL6x129_FG_oocyte_RNA_SasakiLab2022_rep1_GSM5575168_R1.fastq.gz
Approx 55% complete for C57BL6x129_FG_oocyte_RNA_SasakiLab2022_rep1_GSM5575168_R2.fastq.gz
Approx 70% complete for C57BL6x129_FG_oocyte_RNA_SasakiLab2022_rep1_GSM5575168_trimV5_R1.fastq.gz
Approx 50% complete for C57BL6x129_FG_oocyte_RNA_SasakiLab2022_rep1_GSM5575168_trimV5_R2.fastq.gz
Approx 65% complete for C57BL6x129_FG_oocyte_RNA_SasakiLab2022_rep1_GSM5575168_R1.fastq.gz
Approx 75% complete for C57BL6x129_FG_oocyte_RNA_SasakiLab2022_rep1_GSM5575168_trimV5_R1.fastq.gz
Approx 60% complete for C57BL6x129_FG_oocyte_RNA_SasakiLab2022_rep1_GSM5575168_R2.fastq.gz
Approx 55% complete for C57BL6x129_FG_oocyte_RNA_SasakiLab2022_rep1_GSM5575168_trimV5_R2.fastq.gz
Approx 70% complete for C57BL6x129_FG_oocyte_RNA_SasakiLab2022_rep1_GSM5575168_R1.fastq.gz
Approx 80% complete for C57BL6x129_FG_oocyte_RNA_SasakiLab2022_rep1_GSM5575168_trimV5_R1.fastq.gz
Approx 65% complete for C57BL6x129_FG_oocyte_RNA_SasakiLab2022_rep1_GSM5575168_R2.fastq.gz
Approx 60% complete for C57BL6x129_FG_oocyte_RNA_SasakiLab2022_rep1_GSM5575168_trimV5_R2.fastq.gz
Approx 75% complete for C57BL6x129_FG_oocyte_RNA_SasakiLab2022_rep1_GSM5575168_R1.fastq.gz
Approx 85% complete for C57BL6x129_FG_oocyte_RNA_SasakiLab2022_rep1_GSM5575168_trimV5_R1.fastq.gz
Approx 70% complete for C57BL6x129_FG_oocyte_RNA_SasakiLab2022_rep1_GSM5575168_R2.fastq.gz
Approx 90% complete for C57BL6x129_FG_oocyte_RNA_SasakiLab2022_rep1_GSM5575168_trimV5_R1.fastq.gz
Approx 80% complete for C57BL6x129_FG_oocyte_RNA_SasakiLab2022_rep1_GSM5575168_R1.fastq.gz
Approx 65% complete for C57BL6x129_FG_oocyte_RNA_SasakiLab2022_rep1_GSM5575168_trimV5_R2.fastq.gz
Approx 75% complete for C57BL6x129_FG_oocyte_RNA_SasakiLab2022_rep1_GSM5575168_R2.fastq.gz
Approx 95% complete for C57BL6x129_FG_oocyte_RNA_SasakiLab2022_rep1_GSM5575168_trimV5_R1.fastq.gz
Approx 85% complete for C57BL6x129_FG_oocyte_RNA_SasakiLab2022_rep1_GSM5575168_R1.fastq.gz
Approx 70% complete for C57BL6x129_FG_oocyte_RNA_SasakiLab2022_rep1_GSM5575168_trimV5_R2.fastq.gz
Analysis complete for C57BL6x129_FG_oocyte_RNA_SasakiLab2022_rep1_GSM5575168_trimV5_R1.fastq.gz
Approx 80% complete for C57BL6x129_FG_oocyte_RNA_SasakiLab2022_rep1_GSM5575168_R2.fastq.gz
Approx 90% complete for C57BL6x129_FG_oocyte_RNA_SasakiLab2022_rep1_GSM5575168_R1.fastq.gz
Approx 75% complete for C57BL6x129_FG_oocyte_RNA_SasakiLab2022_rep1_GSM5575168_trimV5_R2.fastq.gz
Approx 85% complete for C57BL6x129_FG_oocyte_RNA_SasakiLab2022_rep1_GSM5575168_R2.fastq.gz
Approx 95% complete for C57BL6x129_FG_oocyte_RNA_SasakiLab2022_rep1_GSM5575168_R1.fastq.gz
Approx 80% complete for C57BL6x129_FG_oocyte_RNA_SasakiLab2022_rep1_GSM5575168_trimV5_R2.fastq.gz
Analysis complete for C57BL6x129_FG_oocyte_RNA_SasakiLab2022_rep1_GSM5575168_R1.fastq.gz
Approx 90% complete for C57BL6x129_FG_oocyte_RNA_SasakiLab2022_rep1_GSM5575168_R2.fastq.gz
Approx 85% complete for C57BL6x129_FG_oocyte_RNA_SasakiLab2022_rep1_GSM5575168_trimV5_R2.fastq.gz
Approx 95% complete for C57BL6x129_FG_oocyte_RNA_SasakiLab2022_rep1_GSM5575168_R2.fastq.gz
Approx 90% complete for C57BL6x129_FG_oocyte_RNA_SasakiLab2022_rep1_GSM5575168_trimV5_R2.fastq.gz
Analysis complete for C57BL6x129_FG_oocyte_RNA_SasakiLab2022_rep1_GSM5575168_R2.fastq.gz
Approx 95% complete for C57BL6x129_FG_oocyte_RNA_SasakiLab2022_rep1_GSM5575168_trimV5_R2.fastq.gz
Analysis complete for C57BL6x129_FG_oocyte_RNA_SasakiLab2022_rep1_GSM5575168_trimV5_R2.fastq.gz
[fastQC] finished succesfully at [Fri Aug 30 07:19:38 PM CEST 2024]
[fastqScreen] started on C57BL6x129_FG_oocyte_RNA_SasakiLab2022_rep1_GSM5575168_trimV5_R1.fastq.gz at [Fri Aug 30 07:19:38 PM CEST 2024]
Using fastq_screen v0.15.1
Couldn't find fastq_screen.conf at '/home/robin/bin/miniconda3/share/fastq-screen-0.15.2-0/fastq_screen.conf'
[fastqScreen] finished successfully at [Fri Aug 30 07:19:38 PM CEST 2024]
[STAR alignment] started with reference /data/reference_genomes/mm10 at [Fri Aug 30 07:19:38 PM CEST 2024]
	STAR --runMode alignReads --genomeDir /data/reference_genomes/mm10 --runThreadN 12 --limitBAMsortRAM 4G --readFilesCommand zcat --readFilesIn C57BL6x129_FG_oocyte_RNA_SasakiLab2022_rep1_GSM5575168_trimV5_R1.fastq.gz C57BL6x129_FG_oocyte_RNA_SasakiLab2022_rep1_GSM5575168_trimV5_R2.fastq.gz --outFilterType BySJout --outSAMtype SAM
	STAR version: 2.7.9a   compiled: 2021-05-04T09:43:56-0400 vega:/home/dobin/data/STAR/STARcode/STAR.master/source
Aug 30 19:19:38 ..... started STAR run
Aug 30 19:19:39 ..... loading genome
Aug 30 19:20:30 ..... started mapping
Aug 30 19:21:47 ..... finished mapping
Aug 30 19:21:48 ..... finished successfully
[STAR alignment] finished successfully at [Fri Aug 30 07:21:50 PM CEST 2024]
[sam grooming] started at [Fri Aug 30 07:22:17 PM CEST 2024]
19:22:17.884 INFO  NativeLibraryLoader - Loading libgkl_compression.so from jar:file:/home/robin/bin/miniconda3/share/picard-2.26.2-0/picard.jar!/com/intel/gkl/native/libgkl_compression.so
[Fri Aug 30 19:22:17 CEST 2024] CleanSam --INPUT C57BL6x129_FG_oocyte_RNA_SasakiLab2022_rep1_GSM5575168_raw.sam --OUTPUT C57BL6x129_FG_oocyte_RNA_SasakiLab2022_rep1_GSM5575168_cleaned.sam --TMP_DIR . --VERBOSITY INFO --QUIET false --VALIDATION_STRINGENCY STRICT --COMPRESSION_LEVEL 5 --MAX_RECORDS_IN_RAM 500000 --CREATE_INDEX false --CREATE_MD5_FILE false --GA4GH_CLIENT_SECRETS client_secrets.json --help false --version false --showHidden false --USE_JDK_DEFLATER false --USE_JDK_INFLATER false
[Fri Aug 30 19:22:17 CEST 2024] Executing as robin@epipax.ijm.univ-paris-diderot.priv on Linux 6.1.0-23-amd64 amd64; OpenJDK 64-Bit Server VM 1.8.0_332-b09; Deflater: Intel; Inflater: Intel; Provider GCS is not available; Picard version: Version:2.26.2
INFO	2024-08-30 19:22:18	CleanSam	Seen many non-increasing record positions. Printing Read-names as well.
INFO	2024-08-30 19:22:22	CleanSam	Processed     1,000,000 records.  Elapsed time: 00:00:04s.  Time for last 1,000,000:    4s.  Last read position: chr1:84,794,250.  Last read name: SRR15859256.3009634
INFO	2024-08-30 19:22:25	CleanSam	Processed     2,000,000 records.  Elapsed time: 00:00:07s.  Time for last 1,000,000:    3s.  Last read position: chr14:17,056,666.  Last read name: SRR15859256.26210564
INFO	2024-08-30 19:22:29	CleanSam	Processed     3,000,000 records.  Elapsed time: 00:00:11s.  Time for last 1,000,000:    3s.  Last read position: chr18:33,825,442.  Last read name: SRR15859256.23656924
INFO	2024-08-30 19:22:33	CleanSam	Processed     4,000,000 records.  Elapsed time: 00:00:15s.  Time for last 1,000,000:    3s.  Last read position: chrX:94,241,957.  Last read name: SRR15859256.31939614
INFO	2024-08-30 19:22:36	CleanSam	Processed     5,000,000 records.  Elapsed time: 00:00:18s.  Time for last 1,000,000:    3s.  Last read position: chr15:79,418,756.  Last read name: SRR15859256.34758971
INFO	2024-08-30 19:22:41	CleanSam	Processed     6,000,000 records.  Elapsed time: 00:00:23s.  Time for last 1,000,000:    5s.  Last read position: chr11:101,571,375.  Last read name: SRR15859256.19836614
INFO	2024-08-30 19:22:45	CleanSam	Processed     7,000,000 records.  Elapsed time: 00:00:27s.  Time for last 1,000,000:    3s.  Last read position: chr1:74,606,455.  Last read name: SRR15859256.16358711
INFO	2024-08-30 19:22:49	CleanSam	Processed     8,000,000 records.  Elapsed time: 00:00:31s.  Time for last 1,000,000:    3s.  Last read position: chr19:46,079,171.  Last read name: SRR15859256.27228299
INFO	2024-08-30 19:22:52	CleanSam	Processed     9,000,000 records.  Elapsed time: 00:00:34s.  Time for last 1,000,000:    3s.  Last read position: chr11:4,901,264.  Last read name: SRR15859256.31194441
INFO	2024-08-30 19:22:56	CleanSam	Processed    10,000,000 records.  Elapsed time: 00:00:38s.  Time for last 1,000,000:    3s.  Last read position: chr19:36,948,138.  Last read name: SRR15859256.24781600
INFO	2024-08-30 19:22:59	CleanSam	Processed    11,000,000 records.  Elapsed time: 00:00:41s.  Time for last 1,000,000:    3s.  Last read position: chr13:95,337,305.  Last read name: SRR15859256.18268365
INFO	2024-08-30 19:23:03	CleanSam	Processed    12,000,000 records.  Elapsed time: 00:00:45s.  Time for last 1,000,000:    3s.  Last read position: chr9:109,459,018.  Last read name: SRR15859256.31987025
INFO	2024-08-30 19:23:07	CleanSam	Processed    13,000,000 records.  Elapsed time: 00:00:49s.  Time for last 1,000,000:    3s.  Last read position: chr1:128,339,352.  Last read name: SRR15859256.44564336
INFO	2024-08-30 19:23:10	CleanSam	Processed    14,000,000 records.  Elapsed time: 00:00:52s.  Time for last 1,000,000:    3s.  Last read position: chr13:30,499,936.  Last read name: SRR15859256.2524708
INFO	2024-08-30 19:23:14	CleanSam	Processed    15,000,000 records.  Elapsed time: 00:00:56s.  Time for last 1,000,000:    3s.  Last read position: chr16:24,379,743.  Last read name: SRR15859256.40882042
INFO	2024-08-30 19:23:17	CleanSam	Processed    16,000,000 records.  Elapsed time: 00:00:59s.  Time for last 1,000,000:    3s.  Last read position: chr14:47,694,838.  Last read name: SRR15859256.14029630
INFO	2024-08-30 19:23:21	CleanSam	Processed    17,000,000 records.  Elapsed time: 00:01:03s.  Time for last 1,000,000:    3s.  Last read position: chr5:23,524,407.  Last read name: SRR15859256.44737930
INFO	2024-08-30 19:23:25	CleanSam	Processed    18,000,000 records.  Elapsed time: 00:01:07s.  Time for last 1,000,000:    3s.  Last read position: chr1:191,120,968.  Last read name: SRR15859256.5952108
INFO	2024-08-30 19:23:28	CleanSam	Processed    19,000,000 records.  Elapsed time: 00:01:10s.  Time for last 1,000,000:    3s.  Last read position: chr2:104,984,985.  Last read name: SRR15859256.12736942
INFO	2024-08-30 19:23:32	CleanSam	Processed    20,000,000 records.  Elapsed time: 00:01:14s.  Time for last 1,000,000:    3s.  Last read position: chr11:87,034,926.  Last read name: SRR15859256.6515369
INFO	2024-08-30 19:23:36	CleanSam	Processed    21,000,000 records.  Elapsed time: 00:01:18s.  Time for last 1,000,000:    3s.  Last read position: chrX:82,055,239.  Last read name: SRR15859256.25651131
[Fri Aug 30 19:23:41 CEST 2024] picard.sam.CleanSam done. Elapsed time: 1.40 minutes.
Runtime.totalMemory()=643825664
19:23:43.000 INFO  NativeLibraryLoader - Loading libgkl_compression.so from jar:file:/home/robin/bin/miniconda3/share/picard-2.26.2-0/picard.jar!/com/intel/gkl/native/libgkl_compression.so
[Fri Aug 30 19:23:43 CEST 2024] SamFormatConverter --INPUT C57BL6x129_FG_oocyte_RNA_SasakiLab2022_rep1_GSM5575168_cleaned.sam --OUTPUT C57BL6x129_FG_oocyte_RNA_SasakiLab2022_rep1_GSM5575168_unsorted.bam --TMP_DIR . --VERBOSITY INFO --QUIET false --VALIDATION_STRINGENCY STRICT --COMPRESSION_LEVEL 5 --MAX_RECORDS_IN_RAM 500000 --CREATE_INDEX false --CREATE_MD5_FILE false --GA4GH_CLIENT_SECRETS client_secrets.json --help false --version false --showHidden false --USE_JDK_DEFLATER false --USE_JDK_INFLATER false
[Fri Aug 30 19:23:43 CEST 2024] Executing as robin@epipax.ijm.univ-paris-diderot.priv on Linux 6.1.0-23-amd64 amd64; OpenJDK 64-Bit Server VM 1.8.0_332-b09; Deflater: Intel; Inflater: Intel; Provider GCS is not available; Picard version: Version:2.26.2
INFO	2024-08-30 19:23:43	SamFormatConverter	Seen many non-increasing record positions. Printing Read-names as well.
INFO	2024-08-30 19:23:49	SamFormatConverter	Processed     1,000,000 records.  Elapsed time: 00:00:05s.  Time for last 1,000,000:    5s.  Last read position: chr1:84,794,250.  Last read name: SRR15859256.3009634
INFO	2024-08-30 19:23:56	SamFormatConverter	Processed     2,000,000 records.  Elapsed time: 00:00:12s.  Time for last 1,000,000:    6s.  Last read position: chr14:17,056,666.  Last read name: SRR15859256.26210564
INFO	2024-08-30 19:24:02	SamFormatConverter	Processed     3,000,000 records.  Elapsed time: 00:00:18s.  Time for last 1,000,000:    6s.  Last read position: chr18:33,825,442.  Last read name: SRR15859256.23656924
INFO	2024-08-30 19:24:08	SamFormatConverter	Processed     4,000,000 records.  Elapsed time: 00:00:24s.  Time for last 1,000,000:    5s.  Last read position: chrX:94,241,957.  Last read name: SRR15859256.31939614
INFO	2024-08-30 19:24:14	SamFormatConverter	Processed     5,000,000 records.  Elapsed time: 00:00:30s.  Time for last 1,000,000:    6s.  Last read position: chr15:79,418,756.  Last read name: SRR15859256.34758971
INFO	2024-08-30 19:24:21	SamFormatConverter	Processed     6,000,000 records.  Elapsed time: 00:00:37s.  Time for last 1,000,000:    6s.  Last read position: chr11:101,571,375.  Last read name: SRR15859256.19836614
INFO	2024-08-30 19:24:27	SamFormatConverter	Processed     7,000,000 records.  Elapsed time: 00:00:43s.  Time for last 1,000,000:    5s.  Last read position: chr1:74,606,455.  Last read name: SRR15859256.16358711
INFO	2024-08-30 19:24:33	SamFormatConverter	Processed     8,000,000 records.  Elapsed time: 00:00:50s.  Time for last 1,000,000:    6s.  Last read position: chr19:46,079,171.  Last read name: SRR15859256.27228299
INFO	2024-08-30 19:24:40	SamFormatConverter	Processed     9,000,000 records.  Elapsed time: 00:00:56s.  Time for last 1,000,000:    6s.  Last read position: chr11:4,901,264.  Last read name: SRR15859256.31194441
INFO	2024-08-30 19:24:46	SamFormatConverter	Processed    10,000,000 records.  Elapsed time: 00:01:02s.  Time for last 1,000,000:    5s.  Last read position: chr19:36,948,138.  Last read name: SRR15859256.24781600
INFO	2024-08-30 19:24:54	SamFormatConverter	Processed    11,000,000 records.  Elapsed time: 00:01:10s.  Time for last 1,000,000:    7s.  Last read position: chr13:95,337,305.  Last read name: SRR15859256.18268365
INFO	2024-08-30 19:25:00	SamFormatConverter	Processed    12,000,000 records.  Elapsed time: 00:01:17s.  Time for last 1,000,000:    6s.  Last read position: chr9:109,459,018.  Last read name: SRR15859256.31987025
INFO	2024-08-30 19:25:06	SamFormatConverter	Processed    13,000,000 records.  Elapsed time: 00:01:23s.  Time for last 1,000,000:    6s.  Last read position: chr1:128,339,352.  Last read name: SRR15859256.44564336
INFO	2024-08-30 19:25:13	SamFormatConverter	Processed    14,000,000 records.  Elapsed time: 00:01:29s.  Time for last 1,000,000:    6s.  Last read position: chr13:30,499,936.  Last read name: SRR15859256.2524708
INFO	2024-08-30 19:25:18	SamFormatConverter	Processed    15,000,000 records.  Elapsed time: 00:01:35s.  Time for last 1,000,000:    5s.  Last read position: chr16:24,379,743.  Last read name: SRR15859256.40882042
INFO	2024-08-30 19:25:25	SamFormatConverter	Processed    16,000,000 records.  Elapsed time: 00:01:42s.  Time for last 1,000,000:    6s.  Last read position: chr14:47,694,838.  Last read name: SRR15859256.14029630
INFO	2024-08-30 19:25:31	SamFormatConverter	Processed    17,000,000 records.  Elapsed time: 00:01:48s.  Time for last 1,000,000:    6s.  Last read position: chr5:23,524,407.  Last read name: SRR15859256.44737930
INFO	2024-08-30 19:25:37	SamFormatConverter	Processed    18,000,000 records.  Elapsed time: 00:01:54s.  Time for last 1,000,000:    6s.  Last read position: chr1:191,120,968.  Last read name: SRR15859256.5952108
INFO	2024-08-30 19:25:43	SamFormatConverter	Processed    19,000,000 records.  Elapsed time: 00:02:00s.  Time for last 1,000,000:    5s.  Last read position: chr2:104,984,985.  Last read name: SRR15859256.12736942
INFO	2024-08-30 19:25:49	SamFormatConverter	Processed    20,000,000 records.  Elapsed time: 00:02:06s.  Time for last 1,000,000:    6s.  Last read position: chr11:87,034,926.  Last read name: SRR15859256.6515369
INFO	2024-08-30 19:25:56	SamFormatConverter	Processed    21,000,000 records.  Elapsed time: 00:02:13s.  Time for last 1,000,000:    6s.  Last read position: chrX:82,055,239.  Last read name: SRR15859256.25651131
[Fri Aug 30 19:25:59 CEST 2024] picard.sam.SamFormatConverter done. Elapsed time: 2.27 minutes.
Runtime.totalMemory()=547880960
19:26:00.655 INFO  NativeLibraryLoader - Loading libgkl_compression.so from jar:file:/home/robin/bin/miniconda3/share/picard-2.26.2-0/picard.jar!/com/intel/gkl/native/libgkl_compression.so
[Fri Aug 30 19:26:00 CEST 2024] SortSam --INPUT C57BL6x129_FG_oocyte_RNA_SasakiLab2022_rep1_GSM5575168_unsorted.bam --OUTPUT C57BL6x129_FG_oocyte_RNA_SasakiLab2022_rep1_GSM5575168_sorted.bam --SORT_ORDER coordinate --TMP_DIR . --VERBOSITY INFO --QUIET false --VALIDATION_STRINGENCY STRICT --COMPRESSION_LEVEL 5 --MAX_RECORDS_IN_RAM 500000 --CREATE_INDEX false --CREATE_MD5_FILE false --GA4GH_CLIENT_SECRETS client_secrets.json --help false --version false --showHidden false --USE_JDK_DEFLATER false --USE_JDK_INFLATER false
[Fri Aug 30 19:26:00 CEST 2024] Executing as robin@epipax.ijm.univ-paris-diderot.priv on Linux 6.1.0-23-amd64 amd64; OpenJDK 64-Bit Server VM 1.8.0_332-b09; Deflater: Intel; Inflater: Intel; Provider GCS is not available; Picard version: Version:2.26.2
INFO	2024-08-30 19:26:00	SortSam	Seen many non-increasing record positions. Printing Read-names as well.
INFO	2024-08-30 19:26:53	SortSam	Read    10,000,000 records.  Elapsed time: 00:00:52s.  Time for last 10,000,000:   52s.  Last read position: chr19:36,948,138.  Last read name: SRR15859256.24781600
INFO	2024-08-30 19:27:54	SortSam	Read    20,000,000 records.  Elapsed time: 00:01:53s.  Time for last 10,000,000:   61s.  Last read position: chr11:87,034,926.  Last read name: SRR15859256.6515369
INFO	2024-08-30 19:28:03	SortSam	Finished reading inputs, merging and writing to output now.
INFO	2024-08-30 19:28:42	SortSam	Wrote    10,000,000 records from a sorting collection.  Elapsed time: 00:02:41s.  Time for last 10,000,000:   38s.  Last read position: chr1:189,000,304
INFO	2024-08-30 19:29:16	SortSam	Wrote    20,000,000 records from a sorting collection.  Elapsed time: 00:03:15s.  Time for last 10,000,000:   33s.  Last read position: chr9:106,375,486
[Fri Aug 30 19:29:20 CEST 2024] picard.sam.SortSam done. Elapsed time: 3.34 minutes.
Runtime.totalMemory()=1463812096
19:29:21.969 INFO  NativeLibraryLoader - Loading libgkl_compression.so from jar:file:/home/robin/bin/miniconda3/share/picard-2.26.2-0/picard.jar!/com/intel/gkl/native/libgkl_compression.so
[Fri Aug 30 19:29:22 CEST 2024] MarkDuplicates --INPUT C57BL6x129_FG_oocyte_RNA_SasakiLab2022_rep1_GSM5575168_sorted.bam --OUTPUT C57BL6x129_FG_oocyte_RNA_SasakiLab2022_rep1_GSM5575168.bam --METRICS_FILE C57BL6x129_FG_oocyte_RNA_SasakiLab2022_rep1_GSM5575168_markDupeMetrics.txt --REMOVE_DUPLICATES false --TMP_DIR . --MAX_SEQUENCES_FOR_DISK_READ_ENDS_MAP 50000 --MAX_FILE_HANDLES_FOR_READ_ENDS_MAP 8000 --SORTING_COLLECTION_SIZE_RATIO 0.25 --TAG_DUPLICATE_SET_MEMBERS false --REMOVE_SEQUENCING_DUPLICATES false --TAGGING_POLICY DontTag --CLEAR_DT true --DUPLEX_UMI false --ADD_PG_TAG_TO_READS true --ASSUME_SORTED false --DUPLICATE_SCORING_STRATEGY SUM_OF_BASE_QUALITIES --PROGRAM_RECORD_ID MarkDuplicates --PROGRAM_GROUP_NAME MarkDuplicates --READ_NAME_REGEX <optimized capture of last three ':' separated fields as numeric values> --OPTICAL_DUPLICATE_PIXEL_DISTANCE 100 --MAX_OPTICAL_DUPLICATE_SET_SIZE 300000 --VERBOSITY INFO --QUIET false --VALIDATION_STRINGENCY STRICT --COMPRESSION_LEVEL 5 --MAX_RECORDS_IN_RAM 500000 --CREATE_INDEX false --CREATE_MD5_FILE false --GA4GH_CLIENT_SECRETS client_secrets.json --help false --version false --showHidden false --USE_JDK_DEFLATER false --USE_JDK_INFLATER false
[Fri Aug 30 19:29:22 CEST 2024] Executing as robin@epipax.ijm.univ-paris-diderot.priv on Linux 6.1.0-23-amd64 amd64; OpenJDK 64-Bit Server VM 1.8.0_332-b09; Deflater: Intel; Inflater: Intel; Provider GCS is not available; Picard version: Version:2.26.2
INFO	2024-08-30 19:29:22	MarkDuplicates	Start of doWork freeMemory: 501501032; totalMemory: 514850816; maxMemory: 1908932608
INFO	2024-08-30 19:29:22	MarkDuplicates	Reading input file and constructing read end information.
INFO	2024-08-30 19:29:22	MarkDuplicates	Will retain up to 6916422 data points before spilling to disk.
WARNING	2024-08-30 19:29:22	AbstractOpticalDuplicateFinderCommandLineProgram	A field field parsed out of a read name was expected to contain an integer and did not. Read name: SRR15859256.4833771. Cause: String 'SRR15859256.4833771' did not start with a parsable number.
INFO	2024-08-30 19:29:26	MarkDuplicates	Read     1,000,000 records.  Elapsed time: 00:00:03s.  Time for last 1,000,000:    3s.  Last read position: chr11:4,173,090
INFO	2024-08-30 19:29:26	MarkDuplicates	Tracking 199 as yet unmatched pairs. 199 records in RAM.
INFO	2024-08-30 19:29:30	MarkDuplicates	Read     2,000,000 records.  Elapsed time: 00:00:08s.  Time for last 1,000,000:    4s.  Last read position: chr11:97,395,547
INFO	2024-08-30 19:29:30	MarkDuplicates	Tracking 61 as yet unmatched pairs. 61 records in RAM.
INFO	2024-08-30 19:29:33	MarkDuplicates	Read     3,000,000 records.  Elapsed time: 00:00:11s.  Time for last 1,000,000:    3s.  Last read position: chr12:81,995,115
INFO	2024-08-30 19:29:33	MarkDuplicates	Tracking 35 as yet unmatched pairs. 35 records in RAM.
INFO	2024-08-30 19:29:39	MarkDuplicates	Read     4,000,000 records.  Elapsed time: 00:00:17s.  Time for last 1,000,000:    5s.  Last read position: chr13:66,578,186
INFO	2024-08-30 19:29:39	MarkDuplicates	Tracking 56 as yet unmatched pairs. 56 records in RAM.
INFO	2024-08-30 19:29:42	MarkDuplicates	Read     5,000,000 records.  Elapsed time: 00:00:20s.  Time for last 1,000,000:    3s.  Last read position: chr14:70,649,503
INFO	2024-08-30 19:29:42	MarkDuplicates	Tracking 3314 as yet unmatched pairs. 3314 records in RAM.
INFO	2024-08-30 19:29:49	MarkDuplicates	Read     6,000,000 records.  Elapsed time: 00:00:27s.  Time for last 1,000,000:    6s.  Last read position: chr16:4,091,847
INFO	2024-08-30 19:29:49	MarkDuplicates	Tracking 497 as yet unmatched pairs. 497 records in RAM.
INFO	2024-08-30 19:29:52	MarkDuplicates	Read     7,000,000 records.  Elapsed time: 00:00:30s.  Time for last 1,000,000:    3s.  Last read position: chr17:32,359,054
INFO	2024-08-30 19:29:52	MarkDuplicates	Tracking 25 as yet unmatched pairs. 25 records in RAM.
INFO	2024-08-30 19:29:56	MarkDuplicates	Read     8,000,000 records.  Elapsed time: 00:00:34s.  Time for last 1,000,000:    3s.  Last read position: chr18:75,119,128
INFO	2024-08-30 19:29:56	MarkDuplicates	Tracking 53 as yet unmatched pairs. 53 records in RAM.
INFO	2024-08-30 19:30:07	MarkDuplicates	Read     9,000,000 records.  Elapsed time: 00:00:45s.  Time for last 1,000,000:   11s.  Last read position: chr1:52,373,117
INFO	2024-08-30 19:30:07	MarkDuplicates	Tracking 50 as yet unmatched pairs. 50 records in RAM.
INFO	2024-08-30 19:30:11	MarkDuplicates	Read    10,000,000 records.  Elapsed time: 00:00:49s.  Time for last 1,000,000:    3s.  Last read position: chr1:189,000,304
INFO	2024-08-30 19:30:11	MarkDuplicates	Tracking 105 as yet unmatched pairs. 105 records in RAM.
INFO	2024-08-30 19:30:16	MarkDuplicates	Read    11,000,000 records.  Elapsed time: 00:00:54s.  Time for last 1,000,000:    5s.  Last read position: chr2:121,510,675
INFO	2024-08-30 19:30:16	MarkDuplicates	Tracking 2122 as yet unmatched pairs. 2122 records in RAM.
INFO	2024-08-30 19:30:20	MarkDuplicates	Read    12,000,000 records.  Elapsed time: 00:00:58s.  Time for last 1,000,000:    3s.  Last read position: chr3:75,619,213
INFO	2024-08-30 19:30:20	MarkDuplicates	Tracking 92 as yet unmatched pairs. 92 records in RAM.
INFO	2024-08-30 19:30:23	MarkDuplicates	Read    13,000,000 records.  Elapsed time: 00:01:01s.  Time for last 1,000,000:    3s.  Last read position: chr4:83,465,081
INFO	2024-08-30 19:30:23	MarkDuplicates	Tracking 1250 as yet unmatched pairs. 1250 records in RAM.
INFO	2024-08-30 19:30:27	MarkDuplicates	Read    14,000,000 records.  Elapsed time: 00:01:05s.  Time for last 1,000,000:    3s.  Last read position: chr5:21,344,185
INFO	2024-08-30 19:30:27	MarkDuplicates	Tracking 16 as yet unmatched pairs. 16 records in RAM.
INFO	2024-08-30 19:30:35	MarkDuplicates	Read    15,000,000 records.  Elapsed time: 00:01:13s.  Time for last 1,000,000:    7s.  Last read position: chr5:122,364,669
INFO	2024-08-30 19:30:35	MarkDuplicates	Tracking 4 as yet unmatched pairs. 4 records in RAM.
INFO	2024-08-30 19:30:38	MarkDuplicates	Read    16,000,000 records.  Elapsed time: 00:01:16s.  Time for last 1,000,000:    3s.  Last read position: chr6:83,806,546
INFO	2024-08-30 19:30:38	MarkDuplicates	Tracking 254 as yet unmatched pairs. 254 records in RAM.
INFO	2024-08-30 19:30:47	MarkDuplicates	Read    17,000,000 records.  Elapsed time: 00:01:25s.  Time for last 1,000,000:    8s.  Last read position: chr7:25,104,024
INFO	2024-08-30 19:30:47	MarkDuplicates	Tracking 19 as yet unmatched pairs. 19 records in RAM.
INFO	2024-08-30 19:30:51	MarkDuplicates	Read    18,000,000 records.  Elapsed time: 00:01:28s.  Time for last 1,000,000:    3s.  Last read position: chr8:8,619,590
INFO	2024-08-30 19:30:51	MarkDuplicates	Tracking 122 as yet unmatched pairs. 122 records in RAM.
INFO	2024-08-30 19:30:54	MarkDuplicates	Read    19,000,000 records.  Elapsed time: 00:01:32s.  Time for last 1,000,000:    3s.  Last read position: chr9:8,997,275
INFO	2024-08-30 19:30:54	MarkDuplicates	Tracking 15 as yet unmatched pairs. 15 records in RAM.
INFO	2024-08-30 19:30:58	MarkDuplicates	Read    20,000,000 records.  Elapsed time: 00:01:36s.  Time for last 1,000,000:    3s.  Last read position: chr9:106,375,486
INFO	2024-08-30 19:30:58	MarkDuplicates	Tracking 566 as yet unmatched pairs. 566 records in RAM.
INFO	2024-08-30 19:31:04	MarkDuplicates	Read    21,000,000 records.  Elapsed time: 00:01:42s.  Time for last 1,000,000:    6s.  Last read position: chrX:73,074,631
INFO	2024-08-30 19:31:04	MarkDuplicates	Tracking 7 as yet unmatched pairs. 7 records in RAM.
INFO	2024-08-30 19:31:05	MarkDuplicates	Read 21444962 records. 0 pairs never matched.
INFO	2024-08-30 19:31:08	MarkDuplicates	After buildSortedReadEndLists freeMemory: 1702335688; totalMemory: 1717567488; maxMemory: 1908932608
INFO	2024-08-30 19:31:08	MarkDuplicates	Will retain up to 59654144 duplicate indices before spilling to disk.
INFO	2024-08-30 19:31:08	MarkDuplicates	Traversing read pair information and detecting duplicates.
INFO	2024-08-30 19:31:08	OpticalDuplicateFinder	Large duplicate set. size = 1021
INFO	2024-08-30 19:31:09	OpticalDuplicateFinder	compared         1,000 ReadEnds to others.  Elapsed time: 00:00:00s.  Time for last 1,000:    0s.  Last read position: -1:-1
INFO	2024-08-30 19:31:11	MarkDuplicates	Traversing fragment information and detecting duplicates.
INFO	2024-08-30 19:31:15	MarkDuplicates	Sorting list of duplicate records.
INFO	2024-08-30 19:31:15	MarkDuplicates	After generateDuplicateIndexes freeMemory: 1230767832; totalMemory: 1723858944; maxMemory: 1908932608
INFO	2024-08-30 19:31:15	MarkDuplicates	Marking 3549075 records as duplicates.
INFO	2024-08-30 19:31:15	MarkDuplicates	Found 0 optical duplicate clusters.
INFO	2024-08-30 19:31:15	MarkDuplicates	Reads are assumed to be ordered by: coordinate
INFO	2024-08-30 19:32:17	MarkDuplicates	Written    10,000,000 records.  Elapsed time: 00:01:01s.  Time for last 10,000,000:   61s.  Last read position: chr1:189,000,304
INFO	2024-08-30 19:33:29	MarkDuplicates	Written    20,000,000 records.  Elapsed time: 00:02:13s.  Time for last 10,000,000:   71s.  Last read position: chr9:106,375,486
INFO	2024-08-30 19:33:37	MarkDuplicates	Writing complete. Closing input iterator.
INFO	2024-08-30 19:33:37	MarkDuplicates	Duplicate Index cleanup.
INFO	2024-08-30 19:33:37	MarkDuplicates	Getting Memory Stats.
INFO	2024-08-30 19:33:37	MarkDuplicates	Before output close freeMemory: 1777508016; totalMemory: 1796210688; maxMemory: 1908932608
INFO	2024-08-30 19:33:37	MarkDuplicates	Closed outputs. Getting more Memory Stats.
INFO	2024-08-30 19:33:37	MarkDuplicates	After output close freeMemory: 1776983504; totalMemory: 1795686400; maxMemory: 1908932608
[Fri Aug 30 19:33:37 CEST 2024] picard.sam.markduplicates.MarkDuplicates done. Elapsed time: 4.26 minutes.
Runtime.totalMemory()=1795686400
[sam grooming] finished successfully at [Fri Aug 30 07:33:41 PM CEST 2024]
[collecting rRNA metrics] started at [Fri Aug 30 07:34:06 PM CEST 2024]
19:34:07.441 INFO  NativeLibraryLoader - Loading libgkl_compression.so from jar:file:/home/robin/bin/miniconda3/share/picard-2.26.2-0/picard.jar!/com/intel/gkl/native/libgkl_compression.so
[Fri Aug 30 19:34:07 CEST 2024] CollectRnaSeqMetrics --REF_FLAT /data/reference_genomes/mm10/mm10_RefSeq_refFlat.bed --RIBOSOMAL_INTERVALS /data/reference_genomes/mm10/mm10_rRNA.bed --STRAND_SPECIFICITY FIRST_READ_TRANSCRIPTION_STRAND --INPUT C57BL6x129_FG_oocyte_RNA_SasakiLab2022_rep1_GSM5575168.bam --OUTPUT C57BL6x129_FG_oocyte_RNA_SasakiLab2022_rep1_GSM5575168_RNAmetrics.txt --MINIMUM_LENGTH 500 --RRNA_FRAGMENT_PERCENTAGE 0.8 --METRIC_ACCUMULATION_LEVEL ALL_READS --END_BIAS_BASES 100 --ASSUME_SORTED true --STOP_AFTER 0 --VERBOSITY INFO --QUIET false --VALIDATION_STRINGENCY STRICT --COMPRESSION_LEVEL 5 --MAX_RECORDS_IN_RAM 500000 --CREATE_INDEX false --CREATE_MD5_FILE false --GA4GH_CLIENT_SECRETS client_secrets.json --help false --version false --showHidden false --USE_JDK_DEFLATER false --USE_JDK_INFLATER false
[Fri Aug 30 19:34:07 CEST 2024] Executing as robin@epipax.ijm.univ-paris-diderot.priv on Linux 6.1.0-23-amd64 amd64; OpenJDK 64-Bit Server VM 1.8.0_332-b09; Deflater: Intel; Inflater: Intel; Provider GCS is not available; Picard version: Version:2.26.2
INFO	2024-08-30 19:34:08	CollectRnaSeqMetrics	Loaded 24105 genes.
INFO	2024-08-30 19:34:14	SinglePassSamProgram	Processed     1,000,000 records.  Elapsed time: 00:00:06s.  Time for last 1,000,000:    6s.  Last read position: chr11:4,173,090
INFO	2024-08-30 19:34:19	SinglePassSamProgram	Processed     2,000,000 records.  Elapsed time: 00:00:11s.  Time for last 1,000,000:    4s.  Last read position: chr11:97,395,547
INFO	2024-08-30 19:34:23	SinglePassSamProgram	Processed     3,000,000 records.  Elapsed time: 00:00:14s.  Time for last 1,000,000:    3s.  Last read position: chr12:81,995,115
INFO	2024-08-30 19:34:29	SinglePassSamProgram	Processed     4,000,000 records.  Elapsed time: 00:00:20s.  Time for last 1,000,000:    5s.  Last read position: chr13:66,578,186
INFO	2024-08-30 19:34:33	SinglePassSamProgram	Processed     5,000,000 records.  Elapsed time: 00:00:25s.  Time for last 1,000,000:    4s.  Last read position: chr14:70,649,503
INFO	2024-08-30 19:34:37	SinglePassSamProgram	Processed     6,000,000 records.  Elapsed time: 00:00:28s.  Time for last 1,000,000:    3s.  Last read position: chr16:4,091,847
INFO	2024-08-30 19:34:40	SinglePassSamProgram	Processed     7,000,000 records.  Elapsed time: 00:00:32s.  Time for last 1,000,000:    3s.  Last read position: chr17:32,359,054
INFO	2024-08-30 19:34:44	SinglePassSamProgram	Processed     8,000,000 records.  Elapsed time: 00:00:36s.  Time for last 1,000,000:    3s.  Last read position: chr18:75,119,128
INFO	2024-08-30 19:34:48	SinglePassSamProgram	Processed     9,000,000 records.  Elapsed time: 00:00:40s.  Time for last 1,000,000:    3s.  Last read position: chr1:52,373,117
INFO	2024-08-30 19:34:53	SinglePassSamProgram	Processed    10,000,000 records.  Elapsed time: 00:00:44s.  Time for last 1,000,000:    4s.  Last read position: chr1:189,000,304
INFO	2024-08-30 19:34:59	SinglePassSamProgram	Processed    11,000,000 records.  Elapsed time: 00:00:51s.  Time for last 1,000,000:    6s.  Last read position: chr2:121,510,675
INFO	2024-08-30 19:35:02	SinglePassSamProgram	Processed    12,000,000 records.  Elapsed time: 00:00:54s.  Time for last 1,000,000:    3s.  Last read position: chr3:75,619,213
INFO	2024-08-30 19:35:06	SinglePassSamProgram	Processed    13,000,000 records.  Elapsed time: 00:00:58s.  Time for last 1,000,000:    3s.  Last read position: chr4:83,465,081
INFO	2024-08-30 19:35:09	SinglePassSamProgram	Processed    14,000,000 records.  Elapsed time: 00:01:01s.  Time for last 1,000,000:    3s.  Last read position: chr5:21,344,185
INFO	2024-08-30 19:35:13	SinglePassSamProgram	Processed    15,000,000 records.  Elapsed time: 00:01:05s.  Time for last 1,000,000:    3s.  Last read position: chr5:122,364,669
INFO	2024-08-30 19:35:17	SinglePassSamProgram	Processed    16,000,000 records.  Elapsed time: 00:01:09s.  Time for last 1,000,000:    4s.  Last read position: chr6:83,806,546
INFO	2024-08-30 19:35:21	SinglePassSamProgram	Processed    17,000,000 records.  Elapsed time: 00:01:12s.  Time for last 1,000,000:    3s.  Last read position: chr7:25,104,024
INFO	2024-08-30 19:35:24	SinglePassSamProgram	Processed    18,000,000 records.  Elapsed time: 00:01:16s.  Time for last 1,000,000:    3s.  Last read position: chr8:8,619,590
INFO	2024-08-30 19:35:28	SinglePassSamProgram	Processed    19,000,000 records.  Elapsed time: 00:01:20s.  Time for last 1,000,000:    3s.  Last read position: chr9:8,997,275
INFO	2024-08-30 19:35:32	SinglePassSamProgram	Processed    20,000,000 records.  Elapsed time: 00:01:24s.  Time for last 1,000,000:    4s.  Last read position: chr9:106,375,486
INFO	2024-08-30 19:35:36	SinglePassSamProgram	Processed    21,000,000 records.  Elapsed time: 00:01:27s.  Time for last 1,000,000:    3s.  Last read position: chrX:73,074,631
[Fri Aug 30 19:35:38 CEST 2024] picard.analysis.CollectRnaSeqMetrics done. Elapsed time: 1.51 minutes.
Runtime.totalMemory()=1022885888
[trueStats] Collecting alignment statistics for C57BL6x129_FG_oocyte_RNA_SasakiLab2022_rep1_GSM5575168.bam at [Fri Aug 30 07:36:07 PM CEST 2024]
[preseq] started on C57BL6x129_FG_oocyte_RNA_SasakiLab2022_rep1_GSM5575168.bam at [Fri Aug 30 07:37:09 PM CEST 2024]
[preseq] finished successfully at [Fri Aug 30 07:39:42 PM CEST 2024]
[stringTie] Performing de novo assembly of transcripts at [Fri Aug 30 07:40:05 PM CEST 2024]
Warning: gene "NM_001270423" (on chr2) has reference transcripts on both strands?
Warning: gene "NM_146265" (on chr2) has reference transcripts on both strands?
Warning: gene "NM_001097977" (on chr2) has reference transcripts on both strands?
Warning: gene "NM_001085545" (on chrX) has reference transcripts on both strands?
Warning: gene "NM_001085551" (on chrX) has reference transcripts on both strands?
Warning: gene "NM_001085552" (on chrX) has reference transcripts on both strands?
Warning: gene "NM_001085551" (on chrX) has reference transcripts on both strands?
Warning: gene "NM_001085552" (on chrX) has reference transcripts on both strands?
Warning: gene "NM_001277184" (on chrX) has reference transcripts on both strands?
Warning: gene "NM_001085553" (on chrX) has reference transcripts on both strands?
Warning: gene "NM_001243011" (on chrX) has reference transcripts on both strands?
Warning: gene "NM_001085552" (on chrX) has reference transcripts on both strands?
Warning: gene "NM_001085551" (on chrX) has reference transcripts on both strands?
Warning: gene "NM_001085552" (on chrX) has reference transcripts on both strands?
Warning: gene "NM_001099643" (on chrX) has reference transcripts on both strands?
Warning: gene "NM_001243001" (on chrX) has reference transcripts on both strands?
Warning: gene "NM_031171" (on chrX) has reference transcripts on both strands?
Warning: gene "NM_010759" (on chrX) has reference transcripts on both strands?
Warning: gene "NM_001142750" (on chrX) has reference transcripts on both strands?
Warning: gene "NM_153109" (on chrX) has reference transcripts on both strands?
Warning: gene "NM_177918" (on chrX) has reference transcripts on both strands?
Warning: gene "NM_001099321" (on chrX) has reference transcripts on both strands?
Warning: gene "NR_126545" (on chrY) has reference transcripts on both strands?
Warning: gene "NR_126546" (on chrY) has reference transcripts on both strands?
Warning: gene "NM_001113395" (on chrY) has reference transcripts on both strands?
Warning: gene "NM_001177569" (on chrY) has reference transcripts on both strands?
Warning: gene "NM_001166384" (on chrY) has reference transcripts on both strands?
Warning: gene "NM_001270513" (on chrY) has reference transcripts on both strands?
Warning: gene "NM_001270516" (on chrY) has reference transcripts on both strands?
Warning: gene "NM_011253" (on chrY) has reference transcripts on both strands?
Warning: gene "NM_001270513" (on chrY) has reference transcripts on both strands?
Warning: gene "NM_001166384" (on chrY) has reference transcripts on both strands?
Warning: gene "NM_001270513" (on chrY) has reference transcripts on both strands?
Warning: gene "NM_001270516" (on chrY) has reference transcripts on both strands?
Warning: gene "NM_011253" (on chrY) has reference transcripts on both strands?
Warning: gene "NM_001160143" (on chrY) has reference transcripts on both strands?
Warning: gene "NM_207162" (on chrY) has reference transcripts on both strands?
Warning: gene "NM_001160143" (on chrY) has reference transcripts on both strands?
Warning: gene "NM_207162" (on chrY) has reference transcripts on both strands?
Warning: gene "NM_001037748" (on chrY) has reference transcripts on both strands?
Warning: gene "NM_001160141" (on chrY) has reference transcripts on both strands?
Warning: gene "NM_001025241" (on chrY) has reference transcripts on both strands?
Warning: gene "NM_001037748" (on chrY) has reference transcripts on both strands?
Warning: gene "NR_038299" (on chrY) has reference transcripts on both strands?
Warning: gene "NM_001160143" (on chrY) has reference transcripts on both strands?
Warning: gene "NM_207162" (on chrY) has reference transcripts on both strands?
Warning: gene "NM_001160143" (on chrY) has reference transcripts on both strands?
Warning: gene "NM_207162" (on chrY) has reference transcripts on both strands?
Warning: gene "NM_001160143" (on chrY) has reference transcripts on both strands?
Warning: gene "NM_207162" (on chrY) has reference transcripts on both strands?
Warning: gene "NM_001037748" (on chrY) has reference transcripts on both strands?
Warning: gene "NM_001160141" (on chrY) has reference transcripts on both strands?
Warning: gene "NM_023546" (on chrY) has reference transcripts on both strands?
Warning: gene "NM_001160143" (on chrY) has reference transcripts on both strands?
Warning: gene "NM_001037748" (on chrY) has reference transcripts on both strands?
Warning: gene "NM_001160143" (on chrY) has reference transcripts on both strands?
Warning: gene "NM_001037748" (on chrY) has reference transcripts on both strands?
Warning: gene "NM_001160137" (on chrY) has reference transcripts on both strands?
Warning: gene "NM_001160141" (on chrY) has reference transcripts on both strands?
Warning: gene "NM_001025241" (on chrY) has reference transcripts on both strands?
Warning: gene "NM_001037748" (on chrY) has reference transcripts on both strands?
Warning: gene "NM_001037748" (on chrY) has reference transcripts on both strands?
Warning: gene "NM_001160136" (on chrY) has reference transcripts on both strands?
Warning: gene "NM_001037748" (on chrY) has reference transcripts on both strands?
Warning: gene "NM_023546" (on chrY) has reference transcripts on both strands?
Warning: gene "NM_023546" (on chrY) has reference transcripts on both strands?
Warning: gene "NM_001025241" (on chrY) has reference transcripts on both strands?
Warning: gene "NM_001037748" (on chrY) has reference transcripts on both strands?
Warning: gene "NM_001166636" (on chr10) has reference transcripts on both strands?
Warning: gene "NM_001166637" (on chr10) has reference transcripts on both strands?
Warning: gene "NM_001011820" (on chr13) has reference transcripts on both strands?
[stringTie] De novo transcriptome assembly completed successfully at [Fri Aug 30 07:41:34 PM CEST 2024]
[bamToWigCPMsmoothKeepDup] Started with bin size: 1 and smoothing over 0 bp and KEEPING DUPLICATES at [Fri Aug 30 07:41:34 PM CEST 2024]
There are 20314784 alignments, of which 288722 are completely within a blacklist region.
Due to filtering, 75.4938049800879% of the aforementioned alignments will be used 15118436.191471493
[bamToWigCPMsmoothKeepDup] finished successfully at [Fri Aug 30 07:47:18 PM CEST 2024]
[file cleanup] started. Good job! at [Fri Aug 30 07:47:19 PM CEST 2024]
cp: cannot stat '*.pdf': No such file or directory
mv: cannot stat '*.bed': No such file or directory
mv: preserving times for '/data/bigWigs/C57BL6x129_FG_oocyte_RNA_SasakiLab2022_rep1_GSM5575168_trimV5_mm10_kpDup_q255_b1_s0_CPM.bw': Operation not permitted
mv: preserving permissions for /data/bigWigs/C57BL6x129_FG_oocyte_RNA_SasakiLab2022_rep1_GSM5575168_trimV5_mm10_kpDup_q255_b1_s0_CPM.bw: Operation not permitted
mv: preserving times for '/data/bams/C57BL6x129_FG_oocyte_RNA_SasakiLab2022_rep1_GSM5575168_trimV5_mm10.bam': Operation not permitted
mv: preserving permissions for /data/bams/C57BL6x129_FG_oocyte_RNA_SasakiLab2022_rep1_GSM5575168_trimV5_mm10.bam: Operation not permitted
mv: preserving times for '/data/bams/C57BL6x129_FG_oocyte_RNA_SasakiLab2022_rep1_GSM5575168_trimV5_mm10.bam.bai': Operation not permitted
mv: preserving permissions for /data/bams/C57BL6x129_FG_oocyte_RNA_SasakiLab2022_rep1_GSM5575168_trimV5_mm10.bam.bai: Operation not permitted
mv: preserving times for '/data/stringTie/C57BL6x129_FG_oocyte_RNA_SasakiLab2022_rep1_GSM5575168_trimV5_mm10.gtf': Operation not permitted
mv: preserving permissions for /data/stringTie/C57BL6x129_FG_oocyte_RNA_SasakiLab2022_rep1_GSM5575168_trimV5_mm10.gtf: Operation not permitted
