SCRATCH: /scratch
ls: cannot access '/data/fastq/oocytes/C57BL6x129_FG_oocyte_RNA_ZhangLab2020_rep2_GSM3941357*_R2.fastq.gz': No such file or directory
[masterDownload] Data are single-end. at [Fri Aug 30 08:01:44 PM CEST 2024]
[checkDependencies] Checking Dependencies [Fri Aug 30 08:01:44 PM CEST 2024] at [Fri Aug 30 08:01:44 PM CEST 2024]
[setup checkDependencies] trimmomatic... at [Fri Aug 30 08:01:44 PM CEST 2024]
[setup checkDependencies] STAR... at [Fri Aug 30 08:01:44 PM CEST 2024]
[setup checkDependencies] bismark... at [Fri Aug 30 08:01:44 PM CEST 2024]
[setup checkDependencies] bowtie2... at [Fri Aug 30 08:01:44 PM CEST 2024]
[setup checkDependencies] samtools... at [Fri Aug 30 08:01:44 PM CEST 2024]
[setup checkDependencies] picard... at [Fri Aug 30 08:01:44 PM CEST 2024]
[setup checkDependencies] awk... at [Fri Aug 30 08:01:44 PM CEST 2024]
[setup checkDependencies] bamCoverage... at [Fri Aug 30 08:01:44 PM CEST 2024]
[setup checkDependencies] fastqc... at [Fri Aug 30 08:01:44 PM CEST 2024]
[setup checkDependencies] fastq_screen... at [Fri Aug 30 08:01:44 PM CEST 2024]
[setup checkDependencies] stringtie... at [Fri Aug 30 08:01:44 PM CEST 2024]
[setup checkDependencies] clumpify.sh... at [Fri Aug 30 08:01:44 PM CEST 2024]
PAIRED: false
[setUpLogFile] Script started at [Fri Aug 30 08:01:44 PM CEST 2024] at [Fri Aug 30 08:01:44 PM CEST 2024]
[fastQC] started on raw FASTQs at [Fri Aug 30 08:01:44 PM CEST 2024]
Started analysis of C57BL6x129_FG_oocyte_RNA_ZhangLab2020_rep2_GSM3941357_raw.fastq.gz
Approx 5% complete for C57BL6x129_FG_oocyte_RNA_ZhangLab2020_rep2_GSM3941357_raw.fastq.gz
Approx 10% complete for C57BL6x129_FG_oocyte_RNA_ZhangLab2020_rep2_GSM3941357_raw.fastq.gz
Approx 15% complete for C57BL6x129_FG_oocyte_RNA_ZhangLab2020_rep2_GSM3941357_raw.fastq.gz
Approx 20% complete for C57BL6x129_FG_oocyte_RNA_ZhangLab2020_rep2_GSM3941357_raw.fastq.gz
Approx 25% complete for C57BL6x129_FG_oocyte_RNA_ZhangLab2020_rep2_GSM3941357_raw.fastq.gz
Approx 30% complete for C57BL6x129_FG_oocyte_RNA_ZhangLab2020_rep2_GSM3941357_raw.fastq.gz
Approx 35% complete for C57BL6x129_FG_oocyte_RNA_ZhangLab2020_rep2_GSM3941357_raw.fastq.gz
Approx 40% complete for C57BL6x129_FG_oocyte_RNA_ZhangLab2020_rep2_GSM3941357_raw.fastq.gz
Approx 45% complete for C57BL6x129_FG_oocyte_RNA_ZhangLab2020_rep2_GSM3941357_raw.fastq.gz
Approx 50% complete for C57BL6x129_FG_oocyte_RNA_ZhangLab2020_rep2_GSM3941357_raw.fastq.gz
Approx 55% complete for C57BL6x129_FG_oocyte_RNA_ZhangLab2020_rep2_GSM3941357_raw.fastq.gz
Approx 60% complete for C57BL6x129_FG_oocyte_RNA_ZhangLab2020_rep2_GSM3941357_raw.fastq.gz
Approx 65% complete for C57BL6x129_FG_oocyte_RNA_ZhangLab2020_rep2_GSM3941357_raw.fastq.gz
Approx 70% complete for C57BL6x129_FG_oocyte_RNA_ZhangLab2020_rep2_GSM3941357_raw.fastq.gz
Approx 75% complete for C57BL6x129_FG_oocyte_RNA_ZhangLab2020_rep2_GSM3941357_raw.fastq.gz
Approx 80% complete for C57BL6x129_FG_oocyte_RNA_ZhangLab2020_rep2_GSM3941357_raw.fastq.gz
Approx 85% complete for C57BL6x129_FG_oocyte_RNA_ZhangLab2020_rep2_GSM3941357_raw.fastq.gz
Approx 90% complete for C57BL6x129_FG_oocyte_RNA_ZhangLab2020_rep2_GSM3941357_raw.fastq.gz
Approx 95% complete for C57BL6x129_FG_oocyte_RNA_ZhangLab2020_rep2_GSM3941357_raw.fastq.gz
Analysis complete for C57BL6x129_FG_oocyte_RNA_ZhangLab2020_rep2_GSM3941357_raw.fastq.gz
[fastQC] on raw FASTQs finished succesfully. Will remove PCR duplicates now at [Fri Aug 30 08:04:22 PM CEST 2024]
Reads are length: 101 at [Fri Aug 30 08:04:22 PM CEST 2024]
Reads with same sequence 1 or fewer substitutions will be marked as PCR duplicates at [Fri Aug 30 08:04:23 PM CEST 2024]
Removal of PCR duplicates complete! at [Fri Aug 30 08:09:33 PM CEST 2024]
[trimReads] Started using version trimV5 parameters at [Fri Aug 30 08:09:33 PM CEST 2024]
ILLUMINACLIP:/data/reference_genomes/adapters/adapters.fa:2:30:10 SLIDINGWINDOW:4:20 MINLEN:24
[trimReads] Trimming C57BL6x129_FG_oocyte_RNA_ZhangLab2020_rep2_GSM3941357.fastq.gz... at [Fri Aug 30 08:09:33 PM CEST 2024]
[trimReads] Finished successfully at [Fri Aug 30 08:11:58 PM CEST 2024]
[fastQC] started on C57BL6x129_FG_oocyte_RNA_ZhangLab2020_rep2_GSM3941357.fastq.gz C57BL6x129_FG_oocyte_RNA_ZhangLab2020_rep2_GSM3941357_trimV5.fastq.gz at [Fri Aug 30 08:11:58 PM CEST 2024]
Started analysis of C57BL6x129_FG_oocyte_RNA_ZhangLab2020_rep2_GSM3941357.fastq.gz
Started analysis of C57BL6x129_FG_oocyte_RNA_ZhangLab2020_rep2_GSM3941357_trimV5.fastq.gz
Approx 5% complete for C57BL6x129_FG_oocyte_RNA_ZhangLab2020_rep2_GSM3941357.fastq.gz
Approx 5% complete for C57BL6x129_FG_oocyte_RNA_ZhangLab2020_rep2_GSM3941357_trimV5.fastq.gz
Approx 10% complete for C57BL6x129_FG_oocyte_RNA_ZhangLab2020_rep2_GSM3941357_trimV5.fastq.gz
Approx 10% complete for C57BL6x129_FG_oocyte_RNA_ZhangLab2020_rep2_GSM3941357.fastq.gz
Approx 15% complete for C57BL6x129_FG_oocyte_RNA_ZhangLab2020_rep2_GSM3941357_trimV5.fastq.gz
Approx 15% complete for C57BL6x129_FG_oocyte_RNA_ZhangLab2020_rep2_GSM3941357.fastq.gz
Approx 20% complete for C57BL6x129_FG_oocyte_RNA_ZhangLab2020_rep2_GSM3941357_trimV5.fastq.gz
Approx 20% complete for C57BL6x129_FG_oocyte_RNA_ZhangLab2020_rep2_GSM3941357.fastq.gz
Approx 25% complete for C57BL6x129_FG_oocyte_RNA_ZhangLab2020_rep2_GSM3941357_trimV5.fastq.gz
Approx 25% complete for C57BL6x129_FG_oocyte_RNA_ZhangLab2020_rep2_GSM3941357.fastq.gz
Approx 30% complete for C57BL6x129_FG_oocyte_RNA_ZhangLab2020_rep2_GSM3941357_trimV5.fastq.gz
Approx 30% complete for C57BL6x129_FG_oocyte_RNA_ZhangLab2020_rep2_GSM3941357.fastq.gz
Approx 35% complete for C57BL6x129_FG_oocyte_RNA_ZhangLab2020_rep2_GSM3941357_trimV5.fastq.gz
Approx 35% complete for C57BL6x129_FG_oocyte_RNA_ZhangLab2020_rep2_GSM3941357.fastq.gz
Approx 40% complete for C57BL6x129_FG_oocyte_RNA_ZhangLab2020_rep2_GSM3941357_trimV5.fastq.gz
Approx 40% complete for C57BL6x129_FG_oocyte_RNA_ZhangLab2020_rep2_GSM3941357.fastq.gz
Approx 45% complete for C57BL6x129_FG_oocyte_RNA_ZhangLab2020_rep2_GSM3941357_trimV5.fastq.gz
Approx 45% complete for C57BL6x129_FG_oocyte_RNA_ZhangLab2020_rep2_GSM3941357.fastq.gz
Approx 50% complete for C57BL6x129_FG_oocyte_RNA_ZhangLab2020_rep2_GSM3941357_trimV5.fastq.gz
Approx 50% complete for C57BL6x129_FG_oocyte_RNA_ZhangLab2020_rep2_GSM3941357.fastq.gz
Approx 55% complete for C57BL6x129_FG_oocyte_RNA_ZhangLab2020_rep2_GSM3941357_trimV5.fastq.gz
Approx 55% complete for C57BL6x129_FG_oocyte_RNA_ZhangLab2020_rep2_GSM3941357.fastq.gz
Approx 60% complete for C57BL6x129_FG_oocyte_RNA_ZhangLab2020_rep2_GSM3941357_trimV5.fastq.gz
Approx 60% complete for C57BL6x129_FG_oocyte_RNA_ZhangLab2020_rep2_GSM3941357.fastq.gz
Approx 65% complete for C57BL6x129_FG_oocyte_RNA_ZhangLab2020_rep2_GSM3941357_trimV5.fastq.gz
Approx 65% complete for C57BL6x129_FG_oocyte_RNA_ZhangLab2020_rep2_GSM3941357.fastq.gz
Approx 70% complete for C57BL6x129_FG_oocyte_RNA_ZhangLab2020_rep2_GSM3941357_trimV5.fastq.gz
Approx 70% complete for C57BL6x129_FG_oocyte_RNA_ZhangLab2020_rep2_GSM3941357.fastq.gz
Approx 75% complete for C57BL6x129_FG_oocyte_RNA_ZhangLab2020_rep2_GSM3941357_trimV5.fastq.gz
Approx 75% complete for C57BL6x129_FG_oocyte_RNA_ZhangLab2020_rep2_GSM3941357.fastq.gz
Approx 80% complete for C57BL6x129_FG_oocyte_RNA_ZhangLab2020_rep2_GSM3941357.fastq.gz
Approx 80% complete for C57BL6x129_FG_oocyte_RNA_ZhangLab2020_rep2_GSM3941357_trimV5.fastq.gz
Approx 85% complete for C57BL6x129_FG_oocyte_RNA_ZhangLab2020_rep2_GSM3941357.fastq.gz
Approx 85% complete for C57BL6x129_FG_oocyte_RNA_ZhangLab2020_rep2_GSM3941357_trimV5.fastq.gz
Approx 90% complete for C57BL6x129_FG_oocyte_RNA_ZhangLab2020_rep2_GSM3941357.fastq.gz
Approx 90% complete for C57BL6x129_FG_oocyte_RNA_ZhangLab2020_rep2_GSM3941357_trimV5.fastq.gz
Approx 95% complete for C57BL6x129_FG_oocyte_RNA_ZhangLab2020_rep2_GSM3941357.fastq.gz
Approx 95% complete for C57BL6x129_FG_oocyte_RNA_ZhangLab2020_rep2_GSM3941357_trimV5.fastq.gz
Analysis complete for C57BL6x129_FG_oocyte_RNA_ZhangLab2020_rep2_GSM3941357.fastq.gz
Analysis complete for C57BL6x129_FG_oocyte_RNA_ZhangLab2020_rep2_GSM3941357_trimV5.fastq.gz
[fastQC] finished succesfully at [Fri Aug 30 08:13:08 PM CEST 2024]
[fastqScreen] started on C57BL6x129_FG_oocyte_RNA_ZhangLab2020_rep2_GSM3941357_trimV5.fastq.gz at [Fri Aug 30 08:13:08 PM CEST 2024]
Using fastq_screen v0.15.1
Couldn't find fastq_screen.conf at '/home/robin/bin/miniconda3/share/fastq-screen-0.15.2-0/fastq_screen.conf'
[fastqScreen] finished successfully at [Fri Aug 30 08:13:08 PM CEST 2024]
[STAR alignment] started with reference /data/reference_genomes/mm10 at [Fri Aug 30 08:13:08 PM CEST 2024]
	STAR --runMode alignReads --genomeDir /data/reference_genomes/mm10 --runThreadN 12 --limitBAMsortRAM 4G --readFilesCommand zcat --readFilesIn C57BL6x129_FG_oocyte_RNA_ZhangLab2020_rep2_GSM3941357_trimV5.fastq.gz --outFilterType BySJout --outSAMtype SAM
	STAR version: 2.7.9a   compiled: 2021-05-04T09:43:56-0400 vega:/home/dobin/data/STAR/STARcode/STAR.master/source
Aug 30 20:13:08 ..... started STAR run
Aug 30 20:13:08 ..... loading genome
Aug 30 20:13:50 ..... started mapping
Aug 30 20:16:06 ..... finished mapping
Aug 30 20:16:08 ..... finished successfully
[STAR alignment] finished successfully at [Fri Aug 30 08:16:09 PM CEST 2024]
[sam grooming] started at [Fri Aug 30 08:16:45 PM CEST 2024]
20:16:46.463 INFO  NativeLibraryLoader - Loading libgkl_compression.so from jar:file:/home/robin/bin/miniconda3/share/picard-2.26.2-0/picard.jar!/com/intel/gkl/native/libgkl_compression.so
[Fri Aug 30 20:16:46 CEST 2024] CleanSam --INPUT C57BL6x129_FG_oocyte_RNA_ZhangLab2020_rep2_GSM3941357_raw.sam --OUTPUT C57BL6x129_FG_oocyte_RNA_ZhangLab2020_rep2_GSM3941357_cleaned.sam --TMP_DIR . --VERBOSITY INFO --QUIET false --VALIDATION_STRINGENCY STRICT --COMPRESSION_LEVEL 5 --MAX_RECORDS_IN_RAM 500000 --CREATE_INDEX false --CREATE_MD5_FILE false --GA4GH_CLIENT_SECRETS client_secrets.json --help false --version false --showHidden false --USE_JDK_DEFLATER false --USE_JDK_INFLATER false
[Fri Aug 30 20:16:46 CEST 2024] Executing as robin@epipax.ijm.univ-paris-diderot.priv on Linux 6.1.0-23-amd64 amd64; OpenJDK 64-Bit Server VM 1.8.0_332-b09; Deflater: Intel; Inflater: Intel; Provider GCS is not available; Picard version: Version:2.26.2
INFO	2024-08-30 20:16:46	CleanSam	Seen many non-increasing record positions. Printing Read-names as well.
INFO	2024-08-30 20:16:58	CleanSam	Processed     1,000,000 records.  Elapsed time: 00:00:11s.  Time for last 1,000,000:   11s.  Last read position: chr11:120,598,564.  Last read name: SRR9683661.14383045
INFO	2024-08-30 20:17:03	CleanSam	Processed     2,000,000 records.  Elapsed time: 00:00:17s.  Time for last 1,000,000:    5s.  Last read position: chr5:122,871,089.  Last read name: SRR9683661.5054505
INFO	2024-08-30 20:17:09	CleanSam	Processed     3,000,000 records.  Elapsed time: 00:00:22s.  Time for last 1,000,000:    5s.  Last read position: chr15:33,310,170.  Last read name: SRR9683661.14647866
INFO	2024-08-30 20:17:14	CleanSam	Processed     4,000,000 records.  Elapsed time: 00:00:28s.  Time for last 1,000,000:    5s.  Last read position: chr7:89,918,704.  Last read name: SRR9683661.10963124
INFO	2024-08-30 20:17:19	CleanSam	Processed     5,000,000 records.  Elapsed time: 00:00:32s.  Time for last 1,000,000:    4s.  Last read position: chr3:25,211,456.  Last read name: SRR9683661.17449994
INFO	2024-08-30 20:17:24	CleanSam	Processed     6,000,000 records.  Elapsed time: 00:00:38s.  Time for last 1,000,000:    5s.  Last read position: chr2:150,408,672.  Last read name: SRR9683661.8460700
INFO	2024-08-30 20:17:29	CleanSam	Processed     7,000,000 records.  Elapsed time: 00:00:43s.  Time for last 1,000,000:    4s.  Last read position: chr5:90,232,327.  Last read name: SRR9683661.13677738
INFO	2024-08-30 20:17:35	CleanSam	Processed     8,000,000 records.  Elapsed time: 00:00:49s.  Time for last 1,000,000:    6s.  Last read position: chr6:52,769,740.  Last read name: SRR9683661.3702529
INFO	2024-08-30 20:17:40	CleanSam	Processed     9,000,000 records.  Elapsed time: 00:00:54s.  Time for last 1,000,000:    4s.  Last read position: chr4:143,595,443.  Last read name: SRR9683661.5625893
INFO	2024-08-30 20:17:45	CleanSam	Processed    10,000,000 records.  Elapsed time: 00:00:58s.  Time for last 1,000,000:    4s.  Last read position: chr12:35,949,610.  Last read name: SRR9683661.12540697
INFO	2024-08-30 20:17:50	CleanSam	Processed    11,000,000 records.  Elapsed time: 00:01:03s.  Time for last 1,000,000:    5s.  Last read position: chr1:86,546,754.  Last read name: SRR9683661.13080603
[Fri Aug 30 20:17:54 CEST 2024] picard.sam.CleanSam done. Elapsed time: 1.13 minutes.
Runtime.totalMemory()=905445376
20:17:55.343 INFO  NativeLibraryLoader - Loading libgkl_compression.so from jar:file:/home/robin/bin/miniconda3/share/picard-2.26.2-0/picard.jar!/com/intel/gkl/native/libgkl_compression.so
[Fri Aug 30 20:17:55 CEST 2024] SamFormatConverter --INPUT C57BL6x129_FG_oocyte_RNA_ZhangLab2020_rep2_GSM3941357_cleaned.sam --OUTPUT C57BL6x129_FG_oocyte_RNA_ZhangLab2020_rep2_GSM3941357_unsorted.bam --TMP_DIR . --VERBOSITY INFO --QUIET false --VALIDATION_STRINGENCY STRICT --COMPRESSION_LEVEL 5 --MAX_RECORDS_IN_RAM 500000 --CREATE_INDEX false --CREATE_MD5_FILE false --GA4GH_CLIENT_SECRETS client_secrets.json --help false --version false --showHidden false --USE_JDK_DEFLATER false --USE_JDK_INFLATER false
[Fri Aug 30 20:17:55 CEST 2024] Executing as robin@epipax.ijm.univ-paris-diderot.priv on Linux 6.1.0-23-amd64 amd64; OpenJDK 64-Bit Server VM 1.8.0_332-b09; Deflater: Intel; Inflater: Intel; Provider GCS is not available; Picard version: Version:2.26.2
INFO	2024-08-30 20:17:55	SamFormatConverter	Seen many non-increasing record positions. Printing Read-names as well.
INFO	2024-08-30 20:18:04	SamFormatConverter	Processed     1,000,000 records.  Elapsed time: 00:00:09s.  Time for last 1,000,000:    9s.  Last read position: chr11:120,598,564.  Last read name: SRR9683661.14383045
INFO	2024-08-30 20:18:14	SamFormatConverter	Processed     2,000,000 records.  Elapsed time: 00:00:18s.  Time for last 1,000,000:    9s.  Last read position: chr5:122,871,089.  Last read name: SRR9683661.5054505
INFO	2024-08-30 20:18:22	SamFormatConverter	Processed     3,000,000 records.  Elapsed time: 00:00:26s.  Time for last 1,000,000:    8s.  Last read position: chr15:33,310,170.  Last read name: SRR9683661.14647866
INFO	2024-08-30 20:18:31	SamFormatConverter	Processed     4,000,000 records.  Elapsed time: 00:00:35s.  Time for last 1,000,000:    8s.  Last read position: chr7:89,918,704.  Last read name: SRR9683661.10963124
INFO	2024-08-30 20:18:41	SamFormatConverter	Processed     5,000,000 records.  Elapsed time: 00:00:45s.  Time for last 1,000,000:   10s.  Last read position: chr3:25,211,456.  Last read name: SRR9683661.17449994
INFO	2024-08-30 20:18:49	SamFormatConverter	Processed     6,000,000 records.  Elapsed time: 00:00:54s.  Time for last 1,000,000:    8s.  Last read position: chr2:150,408,672.  Last read name: SRR9683661.8460700
INFO	2024-08-30 20:18:58	SamFormatConverter	Processed     7,000,000 records.  Elapsed time: 00:01:03s.  Time for last 1,000,000:    8s.  Last read position: chr5:90,232,327.  Last read name: SRR9683661.13677738
INFO	2024-08-30 20:19:06	SamFormatConverter	Processed     8,000,000 records.  Elapsed time: 00:01:10s.  Time for last 1,000,000:    7s.  Last read position: chr6:52,769,740.  Last read name: SRR9683661.3702529
INFO	2024-08-30 20:19:13	SamFormatConverter	Processed     9,000,000 records.  Elapsed time: 00:01:18s.  Time for last 1,000,000:    7s.  Last read position: chr4:143,595,443.  Last read name: SRR9683661.5625893
INFO	2024-08-30 20:19:21	SamFormatConverter	Processed    10,000,000 records.  Elapsed time: 00:01:25s.  Time for last 1,000,000:    7s.  Last read position: chr12:35,949,610.  Last read name: SRR9683661.12540697
INFO	2024-08-30 20:19:29	SamFormatConverter	Processed    11,000,000 records.  Elapsed time: 00:01:33s.  Time for last 1,000,000:    8s.  Last read position: chr1:86,546,754.  Last read name: SRR9683661.13080603
[Fri Aug 30 20:19:30 CEST 2024] picard.sam.SamFormatConverter done. Elapsed time: 1.59 minutes.
Runtime.totalMemory()=651689984
20:19:31.749 INFO  NativeLibraryLoader - Loading libgkl_compression.so from jar:file:/home/robin/bin/miniconda3/share/picard-2.26.2-0/picard.jar!/com/intel/gkl/native/libgkl_compression.so
[Fri Aug 30 20:19:31 CEST 2024] SortSam --INPUT C57BL6x129_FG_oocyte_RNA_ZhangLab2020_rep2_GSM3941357_unsorted.bam --OUTPUT C57BL6x129_FG_oocyte_RNA_ZhangLab2020_rep2_GSM3941357_sorted.bam --SORT_ORDER coordinate --TMP_DIR . --VERBOSITY INFO --QUIET false --VALIDATION_STRINGENCY STRICT --COMPRESSION_LEVEL 5 --MAX_RECORDS_IN_RAM 500000 --CREATE_INDEX false --CREATE_MD5_FILE false --GA4GH_CLIENT_SECRETS client_secrets.json --help false --version false --showHidden false --USE_JDK_DEFLATER false --USE_JDK_INFLATER false
[Fri Aug 30 20:19:31 CEST 2024] Executing as robin@epipax.ijm.univ-paris-diderot.priv on Linux 6.1.0-23-amd64 amd64; OpenJDK 64-Bit Server VM 1.8.0_332-b09; Deflater: Intel; Inflater: Intel; Provider GCS is not available; Picard version: Version:2.26.2
INFO	2024-08-30 20:19:32	SortSam	Seen many non-increasing record positions. Printing Read-names as well.
INFO	2024-08-30 20:20:30	SortSam	Read    10,000,000 records.  Elapsed time: 00:00:58s.  Time for last 10,000,000:   58s.  Last read position: chr12:35,949,610.  Last read name: SRR9683661.12540697
INFO	2024-08-30 20:20:37	SortSam	Finished reading inputs, merging and writing to output now.
INFO	2024-08-30 20:21:23	SortSam	Wrote    10,000,000 records from a sorting collection.  Elapsed time: 00:01:51s.  Time for last 10,000,000:   45s.  Last read position: chr9:40,804,518
[Fri Aug 30 20:21:29 CEST 2024] picard.sam.SortSam done. Elapsed time: 1.96 minutes.
Runtime.totalMemory()=1374683136
20:21:30.185 INFO  NativeLibraryLoader - Loading libgkl_compression.so from jar:file:/home/robin/bin/miniconda3/share/picard-2.26.2-0/picard.jar!/com/intel/gkl/native/libgkl_compression.so
[Fri Aug 30 20:21:30 CEST 2024] MarkDuplicates --INPUT C57BL6x129_FG_oocyte_RNA_ZhangLab2020_rep2_GSM3941357_sorted.bam --OUTPUT C57BL6x129_FG_oocyte_RNA_ZhangLab2020_rep2_GSM3941357.bam --METRICS_FILE C57BL6x129_FG_oocyte_RNA_ZhangLab2020_rep2_GSM3941357_markDupeMetrics.txt --REMOVE_DUPLICATES false --TMP_DIR . --MAX_SEQUENCES_FOR_DISK_READ_ENDS_MAP 50000 --MAX_FILE_HANDLES_FOR_READ_ENDS_MAP 8000 --SORTING_COLLECTION_SIZE_RATIO 0.25 --TAG_DUPLICATE_SET_MEMBERS false --REMOVE_SEQUENCING_DUPLICATES false --TAGGING_POLICY DontTag --CLEAR_DT true --DUPLEX_UMI false --ADD_PG_TAG_TO_READS true --ASSUME_SORTED false --DUPLICATE_SCORING_STRATEGY SUM_OF_BASE_QUALITIES --PROGRAM_RECORD_ID MarkDuplicates --PROGRAM_GROUP_NAME MarkDuplicates --READ_NAME_REGEX <optimized capture of last three ':' separated fields as numeric values> --OPTICAL_DUPLICATE_PIXEL_DISTANCE 100 --MAX_OPTICAL_DUPLICATE_SET_SIZE 300000 --VERBOSITY INFO --QUIET false --VALIDATION_STRINGENCY STRICT --COMPRESSION_LEVEL 5 --MAX_RECORDS_IN_RAM 500000 --CREATE_INDEX false --CREATE_MD5_FILE false --GA4GH_CLIENT_SECRETS client_secrets.json --help false --version false --showHidden false --USE_JDK_DEFLATER false --USE_JDK_INFLATER false
[Fri Aug 30 20:21:30 CEST 2024] Executing as robin@epipax.ijm.univ-paris-diderot.priv on Linux 6.1.0-23-amd64 amd64; OpenJDK 64-Bit Server VM 1.8.0_332-b09; Deflater: Intel; Inflater: Intel; Provider GCS is not available; Picard version: Version:2.26.2
INFO	2024-08-30 20:21:30	MarkDuplicates	Start of doWork freeMemory: 501501360; totalMemory: 514850816; maxMemory: 1908932608
INFO	2024-08-30 20:21:30	MarkDuplicates	Reading input file and constructing read end information.
INFO	2024-08-30 20:21:30	MarkDuplicates	Will retain up to 6916422 data points before spilling to disk.
WARNING	2024-08-30 20:21:30	AbstractOpticalDuplicateFinderCommandLineProgram	A field field parsed out of a read name was expected to contain an integer and did not. Read name: SRR9683661.17081318. Cause: String 'SRR9683661.17081318' did not start with a parsable number.
INFO	2024-08-30 20:21:34	MarkDuplicates	Read     1,000,000 records.  Elapsed time: 00:00:03s.  Time for last 1,000,000:    3s.  Last read position: chr11:88,965,263
INFO	2024-08-30 20:21:34	MarkDuplicates	Tracking 0 as yet unmatched pairs. 0 records in RAM.
INFO	2024-08-30 20:21:37	MarkDuplicates	Read     2,000,000 records.  Elapsed time: 00:00:07s.  Time for last 1,000,000:    3s.  Last read position: chr13:65,190,879
INFO	2024-08-30 20:21:37	MarkDuplicates	Tracking 0 as yet unmatched pairs. 0 records in RAM.
INFO	2024-08-30 20:21:41	MarkDuplicates	Read     3,000,000 records.  Elapsed time: 00:00:10s.  Time for last 1,000,000:    3s.  Last read position: chr15:101,295,987
INFO	2024-08-30 20:21:41	MarkDuplicates	Tracking 0 as yet unmatched pairs. 0 records in RAM.
INFO	2024-08-30 20:21:44	MarkDuplicates	Read     4,000,000 records.  Elapsed time: 00:00:14s.  Time for last 1,000,000:    3s.  Last read position: chr18:50,124,881
INFO	2024-08-30 20:21:44	MarkDuplicates	Tracking 0 as yet unmatched pairs. 0 records in RAM.
INFO	2024-08-30 20:21:51	MarkDuplicates	Read     5,000,000 records.  Elapsed time: 00:00:21s.  Time for last 1,000,000:    7s.  Last read position: chr1:159,345,197
INFO	2024-08-30 20:21:51	MarkDuplicates	Tracking 0 as yet unmatched pairs. 0 records in RAM.
INFO	2024-08-30 20:21:55	MarkDuplicates	Read     6,000,000 records.  Elapsed time: 00:00:24s.  Time for last 1,000,000:    3s.  Last read position: chr3:19,132,992
INFO	2024-08-30 20:21:55	MarkDuplicates	Tracking 0 as yet unmatched pairs. 0 records in RAM.
INFO	2024-08-30 20:21:58	MarkDuplicates	Read     7,000,000 records.  Elapsed time: 00:00:28s.  Time for last 1,000,000:    3s.  Last read position: chr4:140,732,312
INFO	2024-08-30 20:21:58	MarkDuplicates	Tracking 0 as yet unmatched pairs. 0 records in RAM.
INFO	2024-08-30 20:22:02	MarkDuplicates	Read     8,000,000 records.  Elapsed time: 00:00:31s.  Time for last 1,000,000:    3s.  Last read position: chr5_JH584299_random:7,585
INFO	2024-08-30 20:22:02	MarkDuplicates	Tracking 0 as yet unmatched pairs. 0 records in RAM.
INFO	2024-08-30 20:22:08	MarkDuplicates	Read     9,000,000 records.  Elapsed time: 00:00:37s.  Time for last 1,000,000:    5s.  Last read position: chr7:72,332,360
INFO	2024-08-30 20:22:08	MarkDuplicates	Tracking 0 as yet unmatched pairs. 0 records in RAM.
INFO	2024-08-30 20:22:12	MarkDuplicates	Read    10,000,000 records.  Elapsed time: 00:00:42s.  Time for last 1,000,000:    4s.  Last read position: chr9:40,804,518
INFO	2024-08-30 20:22:12	MarkDuplicates	Tracking 0 as yet unmatched pairs. 0 records in RAM.
INFO	2024-08-30 20:22:16	MarkDuplicates	Read    11,000,000 records.  Elapsed time: 00:00:45s.  Time for last 1,000,000:    3s.  Last read position: chrX:142,297,725
INFO	2024-08-30 20:22:16	MarkDuplicates	Tracking 0 as yet unmatched pairs. 0 records in RAM.
INFO	2024-08-30 20:22:16	MarkDuplicates	Read 11114863 records. 0 pairs never matched.
INFO	2024-08-30 20:22:17	MarkDuplicates	After buildSortedReadEndLists freeMemory: 1035073192; totalMemory: 1078984704; maxMemory: 1908932608
INFO	2024-08-30 20:22:17	MarkDuplicates	Will retain up to 59654144 duplicate indices before spilling to disk.
INFO	2024-08-30 20:22:17	MarkDuplicates	Traversing read pair information and detecting duplicates.
INFO	2024-08-30 20:22:17	MarkDuplicates	Traversing fragment information and detecting duplicates.
INFO	2024-08-30 20:22:19	MarkDuplicates	Sorting list of duplicate records.
INFO	2024-08-30 20:22:20	MarkDuplicates	After generateDuplicateIndexes freeMemory: 1065107000; totalMemory: 1558708224; maxMemory: 1908932608
INFO	2024-08-30 20:22:20	MarkDuplicates	Marking 3031059 records as duplicates.
INFO	2024-08-30 20:22:20	MarkDuplicates	Found 0 optical duplicate clusters.
INFO	2024-08-30 20:22:20	MarkDuplicates	Reads are assumed to be ordered by: coordinate
INFO	2024-08-30 20:23:24	MarkDuplicates	Written    10,000,000 records.  Elapsed time: 00:01:04s.  Time for last 10,000,000:   64s.  Last read position: chr9:40,804,518
INFO	2024-08-30 20:23:31	MarkDuplicates	Writing complete. Closing input iterator.
INFO	2024-08-30 20:23:31	MarkDuplicates	Duplicate Index cleanup.
INFO	2024-08-30 20:23:31	MarkDuplicates	Getting Memory Stats.
INFO	2024-08-30 20:23:31	MarkDuplicates	Before output close freeMemory: 1549605320; totalMemory: 1567621120; maxMemory: 1908932608
INFO	2024-08-30 20:23:31	MarkDuplicates	Closed outputs. Getting more Memory Stats.
INFO	2024-08-30 20:23:32	MarkDuplicates	After output close freeMemory: 1561663944; totalMemory: 1579679744; maxMemory: 1908932608
[Fri Aug 30 20:23:32 CEST 2024] picard.sam.markduplicates.MarkDuplicates done. Elapsed time: 2.03 minutes.
Runtime.totalMemory()=1579679744
[sam grooming] finished successfully at [Fri Aug 30 08:23:34 PM CEST 2024]
[collecting rRNA metrics] started at [Fri Aug 30 08:23:49 PM CEST 2024]
20:23:49.881 INFO  NativeLibraryLoader - Loading libgkl_compression.so from jar:file:/home/robin/bin/miniconda3/share/picard-2.26.2-0/picard.jar!/com/intel/gkl/native/libgkl_compression.so
[Fri Aug 30 20:23:49 CEST 2024] CollectRnaSeqMetrics --REF_FLAT /data/reference_genomes/mm10/mm10_RefSeq_refFlat.bed --RIBOSOMAL_INTERVALS /data/reference_genomes/mm10/mm10_rRNA.bed --STRAND_SPECIFICITY FIRST_READ_TRANSCRIPTION_STRAND --INPUT C57BL6x129_FG_oocyte_RNA_ZhangLab2020_rep2_GSM3941357.bam --OUTPUT C57BL6x129_FG_oocyte_RNA_ZhangLab2020_rep2_GSM3941357_RNAmetrics.txt --MINIMUM_LENGTH 500 --RRNA_FRAGMENT_PERCENTAGE 0.8 --METRIC_ACCUMULATION_LEVEL ALL_READS --END_BIAS_BASES 100 --ASSUME_SORTED true --STOP_AFTER 0 --VERBOSITY INFO --QUIET false --VALIDATION_STRINGENCY STRICT --COMPRESSION_LEVEL 5 --MAX_RECORDS_IN_RAM 500000 --CREATE_INDEX false --CREATE_MD5_FILE false --GA4GH_CLIENT_SECRETS client_secrets.json --help false --version false --showHidden false --USE_JDK_DEFLATER false --USE_JDK_INFLATER false
[Fri Aug 30 20:23:49 CEST 2024] Executing as robin@epipax.ijm.univ-paris-diderot.priv on Linux 6.1.0-23-amd64 amd64; OpenJDK 64-Bit Server VM 1.8.0_332-b09; Deflater: Intel; Inflater: Intel; Provider GCS is not available; Picard version: Version:2.26.2
INFO	2024-08-30 20:23:50	CollectRnaSeqMetrics	Loaded 24105 genes.
INFO	2024-08-30 20:23:56	SinglePassSamProgram	Processed     1,000,000 records.  Elapsed time: 00:00:05s.  Time for last 1,000,000:    5s.  Last read position: chr11:88,965,263
INFO	2024-08-30 20:24:01	SinglePassSamProgram	Processed     2,000,000 records.  Elapsed time: 00:00:10s.  Time for last 1,000,000:    4s.  Last read position: chr13:65,190,879
INFO	2024-08-30 20:24:05	SinglePassSamProgram	Processed     3,000,000 records.  Elapsed time: 00:00:15s.  Time for last 1,000,000:    4s.  Last read position: chr15:101,295,987
INFO	2024-08-30 20:24:11	SinglePassSamProgram	Processed     4,000,000 records.  Elapsed time: 00:00:20s.  Time for last 1,000,000:    5s.  Last read position: chr18:50,124,881
INFO	2024-08-30 20:24:16	SinglePassSamProgram	Processed     5,000,000 records.  Elapsed time: 00:00:25s.  Time for last 1,000,000:    5s.  Last read position: chr1:159,345,197
INFO	2024-08-30 20:24:21	SinglePassSamProgram	Processed     6,000,000 records.  Elapsed time: 00:00:30s.  Time for last 1,000,000:    5s.  Last read position: chr3:19,132,992
INFO	2024-08-30 20:24:26	SinglePassSamProgram	Processed     7,000,000 records.  Elapsed time: 00:00:36s.  Time for last 1,000,000:    5s.  Last read position: chr4:140,732,312
INFO	2024-08-30 20:24:31	SinglePassSamProgram	Processed     8,000,000 records.  Elapsed time: 00:00:40s.  Time for last 1,000,000:    4s.  Last read position: chr5_JH584299_random:7,585
INFO	2024-08-30 20:24:35	SinglePassSamProgram	Processed     9,000,000 records.  Elapsed time: 00:00:44s.  Time for last 1,000,000:    4s.  Last read position: chr7:72,332,360
INFO	2024-08-30 20:24:40	SinglePassSamProgram	Processed    10,000,000 records.  Elapsed time: 00:00:49s.  Time for last 1,000,000:    4s.  Last read position: chr9:40,804,518
INFO	2024-08-30 20:24:44	SinglePassSamProgram	Processed    11,000,000 records.  Elapsed time: 00:00:53s.  Time for last 1,000,000:    4s.  Last read position: chrX:142,297,725
[Fri Aug 30 20:24:45 CEST 2024] picard.analysis.CollectRnaSeqMetrics done. Elapsed time: 0.93 minutes.
Runtime.totalMemory()=1163395072
[trueStats] Collecting alignment statistics for C57BL6x129_FG_oocyte_RNA_ZhangLab2020_rep2_GSM3941357.bam at [Fri Aug 30 08:25:00 PM CEST 2024]
[preseq] started on C57BL6x129_FG_oocyte_RNA_ZhangLab2020_rep2_GSM3941357.bam at [Fri Aug 30 08:25:44 PM CEST 2024]
[preseq] finished successfully at [Fri Aug 30 08:27:11 PM CEST 2024]
[stringTie] Performing de novo assembly of transcripts at [Fri Aug 30 08:27:26 PM CEST 2024]
Warning: gene "NM_001270423" (on chr2) has reference transcripts on both strands?
Warning: gene "NM_146265" (on chr2) has reference transcripts on both strands?
Warning: gene "NM_001097977" (on chr2) has reference transcripts on both strands?
Warning: gene "NM_001085545" (on chrX) has reference transcripts on both strands?
Warning: gene "NM_001085551" (on chrX) has reference transcripts on both strands?
Warning: gene "NM_001085552" (on chrX) has reference transcripts on both strands?
Warning: gene "NM_001085551" (on chrX) has reference transcripts on both strands?
Warning: gene "NM_001085552" (on chrX) has reference transcripts on both strands?
Warning: gene "NM_001277184" (on chrX) has reference transcripts on both strands?
Warning: gene "NM_031171" (on chrX) has reference transcripts on both strands?
Warning: gene "NM_010759" (on chrX) has reference transcripts on both strands?
Warning: gene "NR_126545" (on chrY) has reference transcripts on both strands?
Warning: gene "NR_126546" (on chrY) has reference transcripts on both strands?
Warning: gene "NM_001113395" (on chrY) has reference transcripts on both strands?
Warning: gene "NM_001177569" (on chrY) has reference transcripts on both strands?
Warning: gene "NM_001166384" (on chrY) has reference transcripts on both strands?
Warning: gene "NM_001270513" (on chrY) has reference transcripts on both strands?
Warning: gene "NM_001270514" (on chrY) has reference transcripts on both strands?
Warning: gene "NM_001270515" (on chrY) has reference transcripts on both strands?
Warning: gene "NM_001270516" (on chrY) has reference transcripts on both strands?
Warning: gene "NM_011253" (on chrY) has reference transcripts on both strands?
Warning: gene "NM_001270514" (on chrY) has reference transcripts on both strands?
Warning: gene "NM_001270513" (on chrY) has reference transcripts on both strands?
Warning: gene "NM_001270514" (on chrY) has reference transcripts on both strands?
Warning: gene "NM_001270515" (on chrY) has reference transcripts on both strands?
Warning: gene "NM_001166384" (on chrY) has reference transcripts on both strands?
Warning: gene "NM_001270513" (on chrY) has reference transcripts on both strands?
Warning: gene "NM_001270516" (on chrY) has reference transcripts on both strands?
Warning: gene "NM_011253" (on chrY) has reference transcripts on both strands?
Warning: gene "NM_001160143" (on chrY) has reference transcripts on both strands?
Warning: gene "NM_207162" (on chrY) has reference transcripts on both strands?
Warning: gene "NM_001160143" (on chrY) has reference transcripts on both strands?
Warning: gene "NM_207162" (on chrY) has reference transcripts on both strands?
Warning: gene "NM_001160141" (on chrY) has reference transcripts on both strands?
Warning: gene "NM_001025241" (on chrY) has reference transcripts on both strands?
Warning: gene "NR_038299" (on chrY) has reference transcripts on both strands?
Warning: gene "NM_001160143" (on chrY) has reference transcripts on both strands?
Warning: gene "NM_207162" (on chrY) has reference transcripts on both strands?
Warning: gene "NM_001160143" (on chrY) has reference transcripts on both strands?
Warning: gene "NM_207162" (on chrY) has reference transcripts on both strands?
Warning: gene "NM_001160141" (on chrY) has reference transcripts on both strands?
Warning: gene "NM_023546" (on chrY) has reference transcripts on both strands?
Warning: gene "NM_001160143" (on chrY) has reference transcripts on both strands?
Warning: gene "NM_001160143" (on chrY) has reference transcripts on both strands?
Warning: gene "NM_001160137" (on chrY) has reference transcripts on both strands?
Warning: gene "NM_001160141" (on chrY) has reference transcripts on both strands?
Warning: gene "NM_001025241" (on chrY) has reference transcripts on both strands?
Warning: gene "NM_001160136" (on chrY) has reference transcripts on both strands?
Warning: gene "NM_023546" (on chrY) has reference transcripts on both strands?
Warning: gene "NM_023546" (on chrY) has reference transcripts on both strands?
Warning: gene "NM_001025241" (on chrY) has reference transcripts on both strands?
Warning: gene "NM_001011820" (on chr13) has reference transcripts on both strands?
[stringTie] De novo transcriptome assembly completed successfully at [Fri Aug 30 08:28:10 PM CEST 2024]
[bamToWigCPMsmoothKeepDup] Started with bin size: 1 and smoothing over 0 bp and KEEPING DUPLICATES at [Fri Aug 30 08:28:10 PM CEST 2024]
There are 10602854 alignments, of which 36143 are completely within a blacklist region.
Due to filtering, 71.48574930702215% of the aforementioned alignments will be used 7553692.535457534
[bamToWigCPMsmoothKeepDup] finished successfully at [Fri Aug 30 08:33:55 PM CEST 2024]
[file cleanup] started. Good job! at [Fri Aug 30 08:33:55 PM CEST 2024]
cp: cannot stat '*.pdf': No such file or directory
mv: cannot stat '*.bed': No such file or directory
mv: preserving times for '/data/bigWigs/C57BL6x129_FG_oocyte_RNA_ZhangLab2020_rep2_GSM3941357_trimV5_mm10_kpDup_q255_b1_s0_CPM.bw': Operation not permitted
mv: preserving permissions for ‘/data/bigWigs/C57BL6x129_FG_oocyte_RNA_ZhangLab2020_rep2_GSM3941357_trimV5_mm10_kpDup_q255_b1_s0_CPM.bw’: Operation not permitted
mv: preserving times for '/data/bams/C57BL6x129_FG_oocyte_RNA_ZhangLab2020_rep2_GSM3941357_trimV5_mm10.bam': Operation not permitted
mv: preserving permissions for ‘/data/bams/C57BL6x129_FG_oocyte_RNA_ZhangLab2020_rep2_GSM3941357_trimV5_mm10.bam’: Operation not permitted
mv: preserving times for '/data/bams/C57BL6x129_FG_oocyte_RNA_ZhangLab2020_rep2_GSM3941357_trimV5_mm10.bam.bai': Operation not permitted
mv: preserving permissions for ‘/data/bams/C57BL6x129_FG_oocyte_RNA_ZhangLab2020_rep2_GSM3941357_trimV5_mm10.bam.bai’: Operation not permitted
mv: preserving times for '/data/stringTie/C57BL6x129_FG_oocyte_RNA_ZhangLab2020_rep2_GSM3941357_trimV5_mm10.gtf': Operation not permitted
mv: preserving permissions for ‘/data/stringTie/C57BL6x129_FG_oocyte_RNA_ZhangLab2020_rep2_GSM3941357_trimV5_mm10.gtf’: Operation not permitted
