SCRATCH: /scratch
[setupVariables] Data are paired-end. at [Wed Jul 3 02:02:19 PM CEST 2024]
[checkDependencies] Checking Dependencies [Wed Jul 3 02:02:19 PM CEST 2024] at [Wed Jul 3 02:02:19 PM CEST 2024]
[setup checkDependencies] trimmomatic... at [Wed Jul 3 02:02:19 PM CEST 2024]
[setup checkDependencies] STAR... at [Wed Jul 3 02:02:19 PM CEST 2024]
[setup checkDependencies] bismark... at [Wed Jul 3 02:02:19 PM CEST 2024]
[setup checkDependencies] bowtie2... at [Wed Jul 3 02:02:19 PM CEST 2024]
[setup checkDependencies] samtools... at [Wed Jul 3 02:02:19 PM CEST 2024]
[setup checkDependencies] picard... at [Wed Jul 3 02:02:19 PM CEST 2024]
[setup checkDependencies] awk... at [Wed Jul 3 02:02:19 PM CEST 2024]
[setup checkDependencies] bamCoverage... at [Wed Jul 3 02:02:19 PM CEST 2024]
[setup checkDependencies] fastqc... at [Wed Jul 3 02:02:19 PM CEST 2024]
[setup checkDependencies] fastq_screen... at [Wed Jul 3 02:02:19 PM CEST 2024]
[setup checkDependencies] stringtie... at [Wed Jul 3 02:02:19 PM CEST 2024]
[setup checkDependencies] clumpify.sh... at [Wed Jul 3 02:02:19 PM CEST 2024]
PAIRED: true
[setUpLogFile] Script started at [Wed Jul 3 02:02:19 PM CEST 2024] at [Wed Jul 3 02:02:19 PM CEST 2024]
[fastQC] started on raw FASTQs at [Wed Jul 3 02:02:19 PM CEST 2024]
Started analysis of E14_36h_RNA_Yang2019_rep2_GSM3314688_R1_raw.fastq.gz
Started analysis of E14_36h_RNA_Yang2019_rep2_GSM3314688_R2_raw.fastq.gz
Approx 5% complete for E14_36h_RNA_Yang2019_rep2_GSM3314688_R1_raw.fastq.gz
Approx 5% complete for E14_36h_RNA_Yang2019_rep2_GSM3314688_R2_raw.fastq.gz
Approx 10% complete for E14_36h_RNA_Yang2019_rep2_GSM3314688_R1_raw.fastq.gz
Approx 10% complete for E14_36h_RNA_Yang2019_rep2_GSM3314688_R2_raw.fastq.gz
Approx 15% complete for E14_36h_RNA_Yang2019_rep2_GSM3314688_R1_raw.fastq.gz
Approx 15% complete for E14_36h_RNA_Yang2019_rep2_GSM3314688_R2_raw.fastq.gz
Approx 20% complete for E14_36h_RNA_Yang2019_rep2_GSM3314688_R1_raw.fastq.gz
Approx 20% complete for E14_36h_RNA_Yang2019_rep2_GSM3314688_R2_raw.fastq.gz
Approx 25% complete for E14_36h_RNA_Yang2019_rep2_GSM3314688_R1_raw.fastq.gz
Approx 25% complete for E14_36h_RNA_Yang2019_rep2_GSM3314688_R2_raw.fastq.gz
Approx 30% complete for E14_36h_RNA_Yang2019_rep2_GSM3314688_R1_raw.fastq.gz
Approx 30% complete for E14_36h_RNA_Yang2019_rep2_GSM3314688_R2_raw.fastq.gz
Approx 35% complete for E14_36h_RNA_Yang2019_rep2_GSM3314688_R1_raw.fastq.gz
Approx 35% complete for E14_36h_RNA_Yang2019_rep2_GSM3314688_R2_raw.fastq.gz
Approx 40% complete for E14_36h_RNA_Yang2019_rep2_GSM3314688_R1_raw.fastq.gz
Approx 40% complete for E14_36h_RNA_Yang2019_rep2_GSM3314688_R2_raw.fastq.gz
Approx 45% complete for E14_36h_RNA_Yang2019_rep2_GSM3314688_R1_raw.fastq.gz
Approx 45% complete for E14_36h_RNA_Yang2019_rep2_GSM3314688_R2_raw.fastq.gz
Approx 50% complete for E14_36h_RNA_Yang2019_rep2_GSM3314688_R1_raw.fastq.gz
Approx 50% complete for E14_36h_RNA_Yang2019_rep2_GSM3314688_R2_raw.fastq.gz
Approx 55% complete for E14_36h_RNA_Yang2019_rep2_GSM3314688_R1_raw.fastq.gz
Approx 55% complete for E14_36h_RNA_Yang2019_rep2_GSM3314688_R2_raw.fastq.gz
Approx 60% complete for E14_36h_RNA_Yang2019_rep2_GSM3314688_R1_raw.fastq.gz
Approx 60% complete for E14_36h_RNA_Yang2019_rep2_GSM3314688_R2_raw.fastq.gz
Approx 65% complete for E14_36h_RNA_Yang2019_rep2_GSM3314688_R1_raw.fastq.gz
Approx 65% complete for E14_36h_RNA_Yang2019_rep2_GSM3314688_R2_raw.fastq.gz
Approx 70% complete for E14_36h_RNA_Yang2019_rep2_GSM3314688_R1_raw.fastq.gz
Approx 70% complete for E14_36h_RNA_Yang2019_rep2_GSM3314688_R2_raw.fastq.gz
Approx 75% complete for E14_36h_RNA_Yang2019_rep2_GSM3314688_R1_raw.fastq.gz
Approx 75% complete for E14_36h_RNA_Yang2019_rep2_GSM3314688_R2_raw.fastq.gz
Approx 80% complete for E14_36h_RNA_Yang2019_rep2_GSM3314688_R1_raw.fastq.gz
Approx 80% complete for E14_36h_RNA_Yang2019_rep2_GSM3314688_R2_raw.fastq.gz
Approx 85% complete for E14_36h_RNA_Yang2019_rep2_GSM3314688_R1_raw.fastq.gz
Approx 85% complete for E14_36h_RNA_Yang2019_rep2_GSM3314688_R2_raw.fastq.gz
Approx 90% complete for E14_36h_RNA_Yang2019_rep2_GSM3314688_R1_raw.fastq.gz
Approx 90% complete for E14_36h_RNA_Yang2019_rep2_GSM3314688_R2_raw.fastq.gz
Approx 95% complete for E14_36h_RNA_Yang2019_rep2_GSM3314688_R1_raw.fastq.gz
Approx 95% complete for E14_36h_RNA_Yang2019_rep2_GSM3314688_R2_raw.fastq.gz
Analysis complete for E14_36h_RNA_Yang2019_rep2_GSM3314688_R1_raw.fastq.gz
Analysis complete for E14_36h_RNA_Yang2019_rep2_GSM3314688_R2_raw.fastq.gz
[fastQC] on raw FASTQs finished succesfully. Will remove PCR duplicates now at [Wed Jul 3 02:05:30 PM CEST 2024]
Reads are length: 52 at [Wed Jul 3 02:05:30 PM CEST 2024]
Reads with same sequence 1 or fewer substitutions will be marked as PCR duplicates at [Wed Jul 3 02:05:30 PM CEST 2024]
Removal of PCR duplicates complete! at [Wed Jul 3 02:40:28 PM CEST 2024]
[trimReads] Started using version trimV5 parameters at [Wed Jul 3 02:40:28 PM CEST 2024]
ILLUMINACLIP:/data/reference_genomes/adapters/adapters.fa:2:30:10 SLIDINGWINDOW:4:20 MINLEN:24
[trimReads] Trimming E14_36h_RNA_Yang2019_rep2_GSM3314688_R1.fastq.gz and E14_36h_RNA_Yang2019_rep2_GSM3314688_R2.fastq.gz... at [Wed Jul 3 02:40:28 PM CEST 2024]
[trimReads] Finished successfully at [Wed Jul 3 02:45:04 PM CEST 2024]
[fastQC] started on E14_36h_RNA_Yang2019_rep2_GSM3314688_R1.fastq.gz E14_36h_RNA_Yang2019_rep2_GSM3314688_R2.fastq.gz E14_36h_RNA_Yang2019_rep2_GSM3314688_trimV5_R1.fastq.gz E14_36h_RNA_Yang2019_rep2_GSM3314688_trimV5_R2.fastq.gz at [Wed Jul 3 02:45:04 PM CEST 2024]
Started analysis of E14_36h_RNA_Yang2019_rep2_GSM3314688_R1.fastq.gz
Started analysis of E14_36h_RNA_Yang2019_rep2_GSM3314688_R2.fastq.gz
Started analysis of E14_36h_RNA_Yang2019_rep2_GSM3314688_trimV5_R1.fastq.gz
Started analysis of E14_36h_RNA_Yang2019_rep2_GSM3314688_trimV5_R2.fastq.gz
Approx 5% complete for E14_36h_RNA_Yang2019_rep2_GSM3314688_R1.fastq.gz
Approx 5% complete for E14_36h_RNA_Yang2019_rep2_GSM3314688_trimV5_R1.fastq.gz
Approx 5% complete for E14_36h_RNA_Yang2019_rep2_GSM3314688_R2.fastq.gz
Approx 5% complete for E14_36h_RNA_Yang2019_rep2_GSM3314688_trimV5_R2.fastq.gz
Approx 10% complete for E14_36h_RNA_Yang2019_rep2_GSM3314688_R1.fastq.gz
Approx 10% complete for E14_36h_RNA_Yang2019_rep2_GSM3314688_trimV5_R1.fastq.gz
Approx 10% complete for E14_36h_RNA_Yang2019_rep2_GSM3314688_trimV5_R2.fastq.gz
Approx 10% complete for E14_36h_RNA_Yang2019_rep2_GSM3314688_R2.fastq.gz
Approx 15% complete for E14_36h_RNA_Yang2019_rep2_GSM3314688_R1.fastq.gz
Approx 15% complete for E14_36h_RNA_Yang2019_rep2_GSM3314688_trimV5_R1.fastq.gz
Approx 15% complete for E14_36h_RNA_Yang2019_rep2_GSM3314688_trimV5_R2.fastq.gz
Approx 15% complete for E14_36h_RNA_Yang2019_rep2_GSM3314688_R2.fastq.gz
Approx 20% complete for E14_36h_RNA_Yang2019_rep2_GSM3314688_R1.fastq.gz
Approx 20% complete for E14_36h_RNA_Yang2019_rep2_GSM3314688_trimV5_R1.fastq.gz
Approx 20% complete for E14_36h_RNA_Yang2019_rep2_GSM3314688_trimV5_R2.fastq.gz
Approx 20% complete for E14_36h_RNA_Yang2019_rep2_GSM3314688_R2.fastq.gz
Approx 25% complete for E14_36h_RNA_Yang2019_rep2_GSM3314688_R1.fastq.gz
Approx 25% complete for E14_36h_RNA_Yang2019_rep2_GSM3314688_trimV5_R1.fastq.gz
Approx 25% complete for E14_36h_RNA_Yang2019_rep2_GSM3314688_trimV5_R2.fastq.gz
Approx 30% complete for E14_36h_RNA_Yang2019_rep2_GSM3314688_R1.fastq.gz
Approx 30% complete for E14_36h_RNA_Yang2019_rep2_GSM3314688_trimV5_R1.fastq.gz
Approx 25% complete for E14_36h_RNA_Yang2019_rep2_GSM3314688_R2.fastq.gz
Approx 35% complete for E14_36h_RNA_Yang2019_rep2_GSM3314688_R1.fastq.gz
Approx 35% complete for E14_36h_RNA_Yang2019_rep2_GSM3314688_trimV5_R1.fastq.gz
Approx 30% complete for E14_36h_RNA_Yang2019_rep2_GSM3314688_trimV5_R2.fastq.gz
Approx 30% complete for E14_36h_RNA_Yang2019_rep2_GSM3314688_R2.fastq.gz
Approx 40% complete for E14_36h_RNA_Yang2019_rep2_GSM3314688_R1.fastq.gz
Approx 40% complete for E14_36h_RNA_Yang2019_rep2_GSM3314688_trimV5_R1.fastq.gz
Approx 35% complete for E14_36h_RNA_Yang2019_rep2_GSM3314688_trimV5_R2.fastq.gz
Approx 35% complete for E14_36h_RNA_Yang2019_rep2_GSM3314688_R2.fastq.gz
Approx 45% complete for E14_36h_RNA_Yang2019_rep2_GSM3314688_R1.fastq.gz
Approx 45% complete for E14_36h_RNA_Yang2019_rep2_GSM3314688_trimV5_R1.fastq.gz
Approx 40% complete for E14_36h_RNA_Yang2019_rep2_GSM3314688_trimV5_R2.fastq.gz
Approx 50% complete for E14_36h_RNA_Yang2019_rep2_GSM3314688_R1.fastq.gz
Approx 40% complete for E14_36h_RNA_Yang2019_rep2_GSM3314688_R2.fastq.gz
Approx 50% complete for E14_36h_RNA_Yang2019_rep2_GSM3314688_trimV5_R1.fastq.gz
Approx 45% complete for E14_36h_RNA_Yang2019_rep2_GSM3314688_trimV5_R2.fastq.gz
Approx 55% complete for E14_36h_RNA_Yang2019_rep2_GSM3314688_R1.fastq.gz
Approx 55% complete for E14_36h_RNA_Yang2019_rep2_GSM3314688_trimV5_R1.fastq.gz
Approx 45% complete for E14_36h_RNA_Yang2019_rep2_GSM3314688_R2.fastq.gz
Approx 60% complete for E14_36h_RNA_Yang2019_rep2_GSM3314688_R1.fastq.gz
Approx 60% complete for E14_36h_RNA_Yang2019_rep2_GSM3314688_trimV5_R1.fastq.gz
Approx 50% complete for E14_36h_RNA_Yang2019_rep2_GSM3314688_trimV5_R2.fastq.gz
Approx 50% complete for E14_36h_RNA_Yang2019_rep2_GSM3314688_R2.fastq.gz
Approx 65% complete for E14_36h_RNA_Yang2019_rep2_GSM3314688_R1.fastq.gz
Approx 65% complete for E14_36h_RNA_Yang2019_rep2_GSM3314688_trimV5_R1.fastq.gz
Approx 55% complete for E14_36h_RNA_Yang2019_rep2_GSM3314688_trimV5_R2.fastq.gz
Approx 70% complete for E14_36h_RNA_Yang2019_rep2_GSM3314688_R1.fastq.gz
Approx 70% complete for E14_36h_RNA_Yang2019_rep2_GSM3314688_trimV5_R1.fastq.gz
Approx 55% complete for E14_36h_RNA_Yang2019_rep2_GSM3314688_R2.fastq.gz
Approx 60% complete for E14_36h_RNA_Yang2019_rep2_GSM3314688_trimV5_R2.fastq.gz
Approx 75% complete for E14_36h_RNA_Yang2019_rep2_GSM3314688_R1.fastq.gz
Approx 75% complete for E14_36h_RNA_Yang2019_rep2_GSM3314688_trimV5_R1.fastq.gz
Approx 60% complete for E14_36h_RNA_Yang2019_rep2_GSM3314688_R2.fastq.gz
Approx 65% complete for E14_36h_RNA_Yang2019_rep2_GSM3314688_trimV5_R2.fastq.gz
Approx 80% complete for E14_36h_RNA_Yang2019_rep2_GSM3314688_trimV5_R1.fastq.gz
Approx 80% complete for E14_36h_RNA_Yang2019_rep2_GSM3314688_R1.fastq.gz
Approx 65% complete for E14_36h_RNA_Yang2019_rep2_GSM3314688_R2.fastq.gz
Approx 85% complete for E14_36h_RNA_Yang2019_rep2_GSM3314688_trimV5_R1.fastq.gz
Approx 85% complete for E14_36h_RNA_Yang2019_rep2_GSM3314688_R1.fastq.gz
Approx 70% complete for E14_36h_RNA_Yang2019_rep2_GSM3314688_trimV5_R2.fastq.gz
Approx 70% complete for E14_36h_RNA_Yang2019_rep2_GSM3314688_R2.fastq.gz
Approx 90% complete for E14_36h_RNA_Yang2019_rep2_GSM3314688_trimV5_R1.fastq.gz
Approx 90% complete for E14_36h_RNA_Yang2019_rep2_GSM3314688_R1.fastq.gz
Approx 75% complete for E14_36h_RNA_Yang2019_rep2_GSM3314688_trimV5_R2.fastq.gz
Approx 95% complete for E14_36h_RNA_Yang2019_rep2_GSM3314688_trimV5_R1.fastq.gz
Approx 95% complete for E14_36h_RNA_Yang2019_rep2_GSM3314688_R1.fastq.gz
Approx 75% complete for E14_36h_RNA_Yang2019_rep2_GSM3314688_R2.fastq.gz
Approx 80% complete for E14_36h_RNA_Yang2019_rep2_GSM3314688_trimV5_R2.fastq.gz
Analysis complete for E14_36h_RNA_Yang2019_rep2_GSM3314688_trimV5_R1.fastq.gz
Analysis complete for E14_36h_RNA_Yang2019_rep2_GSM3314688_R1.fastq.gz
Approx 80% complete for E14_36h_RNA_Yang2019_rep2_GSM3314688_R2.fastq.gz
Approx 85% complete for E14_36h_RNA_Yang2019_rep2_GSM3314688_trimV5_R2.fastq.gz
Approx 85% complete for E14_36h_RNA_Yang2019_rep2_GSM3314688_R2.fastq.gz
Approx 90% complete for E14_36h_RNA_Yang2019_rep2_GSM3314688_trimV5_R2.fastq.gz
Approx 90% complete for E14_36h_RNA_Yang2019_rep2_GSM3314688_R2.fastq.gz
Approx 95% complete for E14_36h_RNA_Yang2019_rep2_GSM3314688_trimV5_R2.fastq.gz
Approx 95% complete for E14_36h_RNA_Yang2019_rep2_GSM3314688_R2.fastq.gz
Analysis complete for E14_36h_RNA_Yang2019_rep2_GSM3314688_trimV5_R2.fastq.gz
Analysis complete for E14_36h_RNA_Yang2019_rep2_GSM3314688_R2.fastq.gz
[fastQC] finished succesfully at [Wed Jul 3 02:47:00 PM CEST 2024]
[fastqScreen] started on E14_36h_RNA_Yang2019_rep2_GSM3314688_trimV5_R1.fastq.gz at [Wed Jul 3 02:47:00 PM CEST 2024]
Using fastq_screen v0.15.1
Couldn't find fastq_screen.conf at '/home/robin/bin/miniconda3/share/fastq-screen-0.15.2-0/fastq_screen.conf'
[fastqScreen] finished successfully at [Wed Jul 3 02:47:00 PM CEST 2024]
[STAR alignment] started with reference /data/reference_genomes/mm10 at [Wed Jul 3 02:47:00 PM CEST 2024]
	STAR --runMode alignReads --genomeDir /data/reference_genomes/mm10 --runThreadN 12 --limitBAMsortRAM 4G --readFilesCommand zcat --readFilesIn E14_36h_RNA_Yang2019_rep2_GSM3314688_trimV5_R1.fastq.gz E14_36h_RNA_Yang2019_rep2_GSM3314688_trimV5_R2.fastq.gz --outFilterType BySJout --outSAMtype SAM
	STAR version: 2.7.9a   compiled: 2021-05-04T09:43:56-0400 vega:/home/dobin/data/STAR/STARcode/STAR.master/source
Jul 03 14:47:00 ..... started STAR run
Jul 03 14:47:01 ..... loading genome
Jul 03 14:47:48 ..... started mapping
Jul 03 14:51:12 ..... finished mapping
Jul 03 14:51:13 ..... finished successfully
[STAR alignment] finished successfully at [Wed Jul 3 02:51:15 PM CEST 2024]
[sam grooming] started at [Wed Jul 3 02:53:21 PM CEST 2024]
14:53:22.296 INFO  NativeLibraryLoader - Loading libgkl_compression.so from jar:file:/home/robin/bin/miniconda3/share/picard-2.26.2-0/picard.jar!/com/intel/gkl/native/libgkl_compression.so
[Wed Jul 03 14:53:22 CEST 2024] CleanSam --INPUT E14_36h_RNA_Yang2019_rep2_GSM3314688_raw.sam --OUTPUT E14_36h_RNA_Yang2019_rep2_GSM3314688_cleaned.sam --TMP_DIR . --VERBOSITY INFO --QUIET false --VALIDATION_STRINGENCY STRICT --COMPRESSION_LEVEL 5 --MAX_RECORDS_IN_RAM 500000 --CREATE_INDEX false --CREATE_MD5_FILE false --GA4GH_CLIENT_SECRETS client_secrets.json --help false --version false --showHidden false --USE_JDK_DEFLATER false --USE_JDK_INFLATER false
[Wed Jul 03 14:53:22 CEST 2024] Executing as robin@epipax.ijm.univ-paris-diderot.priv on Linux 6.1.0-21-amd64 amd64; OpenJDK 64-Bit Server VM 1.8.0_332-b09; Deflater: Intel; Inflater: Intel; Provider GCS is not available; Picard version: Version:2.26.2
INFO	2024-07-03 14:53:22	CleanSam	Seen many non-increasing record positions. Printing Read-names as well.
INFO	2024-07-03 14:53:26	CleanSam	Processed     1,000,000 records.  Elapsed time: 00:00:04s.  Time for last 1,000,000:    4s.  Last read position: chr12:79,166,353.  Last read name: SRR7624376.13305267
INFO	2024-07-03 14:53:30	CleanSam	Processed     2,000,000 records.  Elapsed time: 00:00:07s.  Time for last 1,000,000:    3s.  Last read position: chr10:40,937,705.  Last read name: SRR7624376.6864390
INFO	2024-07-03 14:53:34	CleanSam	Processed     3,000,000 records.  Elapsed time: 00:00:11s.  Time for last 1,000,000:    3s.  Last read position: chr19:37,295,399.  Last read name: SRR7624376.47727442
INFO	2024-07-03 14:53:37	CleanSam	Processed     4,000,000 records.  Elapsed time: 00:00:15s.  Time for last 1,000,000:    3s.  Last read position: chr2:151,504,176.  Last read name: SRR7624376.1296762
INFO	2024-07-03 14:53:41	CleanSam	Processed     5,000,000 records.  Elapsed time: 00:00:19s.  Time for last 1,000,000:    3s.  Last read position: chr7:110,143,130.  Last read name: SRR7624376.11221628
INFO	2024-07-03 14:53:45	CleanSam	Processed     6,000,000 records.  Elapsed time: 00:00:22s.  Time for last 1,000,000:    3s.  Last read position: chr11:97,711,188.  Last read name: SRR7624376.14955317
INFO	2024-07-03 14:53:48	CleanSam	Processed     7,000,000 records.  Elapsed time: 00:00:26s.  Time for last 1,000,000:    3s.  Last read position: chr11:101,026,725.  Last read name: SRR7624376.574892
INFO	2024-07-03 14:53:52	CleanSam	Processed     8,000,000 records.  Elapsed time: 00:00:29s.  Time for last 1,000,000:    3s.  Last read position: chr12:30,895,779.  Last read name: SRR7624376.36175582
INFO	2024-07-03 14:53:55	CleanSam	Processed     9,000,000 records.  Elapsed time: 00:00:33s.  Time for last 1,000,000:    3s.  Last read position: chr18:20,862,906.  Last read name: SRR7624376.31049247
INFO	2024-07-03 14:53:59	CleanSam	Processed    10,000,000 records.  Elapsed time: 00:00:37s.  Time for last 1,000,000:    3s.  Last read position: chr8:3,583,780.  Last read name: SRR7624376.47794640
INFO	2024-07-03 14:54:03	CleanSam	Processed    11,000,000 records.  Elapsed time: 00:00:41s.  Time for last 1,000,000:    3s.  Last read position: chr10:95,541,328.  Last read name: SRR7624376.5491008
INFO	2024-07-03 14:54:07	CleanSam	Processed    12,000,000 records.  Elapsed time: 00:00:44s.  Time for last 1,000,000:    3s.  Last read position: chr4:145,702,479.  Last read name: SRR7624376.29209893
INFO	2024-07-03 14:54:10	CleanSam	Processed    13,000,000 records.  Elapsed time: 00:00:48s.  Time for last 1,000,000:    3s.  Last read position: chr3:146,839,205.  Last read name: SRR7624376.17380419
INFO	2024-07-03 14:54:14	CleanSam	Processed    14,000,000 records.  Elapsed time: 00:00:52s.  Time for last 1,000,000:    3s.  Last read position: chr12:100,581,296.  Last read name: SRR7624376.41425609
INFO	2024-07-03 14:54:18	CleanSam	Processed    15,000,000 records.  Elapsed time: 00:00:55s.  Time for last 1,000,000:    3s.  Last read position: chr5:142,793,489.  Last read name: SRR7624376.12832917
INFO	2024-07-03 14:54:21	CleanSam	Processed    16,000,000 records.  Elapsed time: 00:00:59s.  Time for last 1,000,000:    3s.  Last read position: chr14:58,893,810.  Last read name: SRR7624376.6542116
INFO	2024-07-03 14:54:25	CleanSam	Processed    17,000,000 records.  Elapsed time: 00:01:03s.  Time for last 1,000,000:    3s.  Last read position: chr10:62,812,936.  Last read name: SRR7624376.40287154
INFO	2024-07-03 14:54:29	CleanSam	Processed    18,000,000 records.  Elapsed time: 00:01:06s.  Time for last 1,000,000:    3s.  Last read position: chr13:23,575,938.  Last read name: SRR7624376.10317086
INFO	2024-07-03 14:54:33	CleanSam	Processed    19,000,000 records.  Elapsed time: 00:01:10s.  Time for last 1,000,000:    3s.  Last read position: chr9:108,330,975.  Last read name: SRR7624376.45415477
INFO	2024-07-03 14:54:36	CleanSam	Processed    20,000,000 records.  Elapsed time: 00:01:14s.  Time for last 1,000,000:    3s.  Last read position: chr4:136,982,725.  Last read name: SRR7624376.10276940
INFO	2024-07-03 14:54:40	CleanSam	Processed    21,000,000 records.  Elapsed time: 00:01:18s.  Time for last 1,000,000:    3s.  Last read position: chr17:39,848,370.  Last read name: SRR7624376.442940
INFO	2024-07-03 14:54:44	CleanSam	Processed    22,000,000 records.  Elapsed time: 00:01:21s.  Time for last 1,000,000:    3s.  Last read position: chr2:176,623,531.  Last read name: SRR7624376.35064726
INFO	2024-07-03 14:54:47	CleanSam	Processed    23,000,000 records.  Elapsed time: 00:01:25s.  Time for last 1,000,000:    3s.  Last read position: chr8:83,664,205.  Last read name: SRR7624376.30036259
INFO	2024-07-03 14:54:51	CleanSam	Processed    24,000,000 records.  Elapsed time: 00:01:29s.  Time for last 1,000,000:    3s.  Last read position: chr17:28,706,729.  Last read name: SRR7624376.35208016
INFO	2024-07-03 14:54:55	CleanSam	Processed    25,000,000 records.  Elapsed time: 00:01:33s.  Time for last 1,000,000:    3s.  Last read position: chr11:71,009,974.  Last read name: SRR7624376.29819844
INFO	2024-07-03 14:54:59	CleanSam	Processed    26,000,000 records.  Elapsed time: 00:01:36s.  Time for last 1,000,000:    3s.  Last read position: chr11:100,708,880.  Last read name: SRR7624376.27384237
INFO	2024-07-03 14:55:02	CleanSam	Processed    27,000,000 records.  Elapsed time: 00:01:40s.  Time for last 1,000,000:    3s.  Last read position: chr10:117,363,104.  Last read name: SRR7624376.28122002
INFO	2024-07-03 14:55:06	CleanSam	Processed    28,000,000 records.  Elapsed time: 00:01:44s.  Time for last 1,000,000:    3s.  Last read position: chr15:99,707,110.  Last read name: SRR7624376.30358584
INFO	2024-07-03 14:55:10	CleanSam	Processed    29,000,000 records.  Elapsed time: 00:01:47s.  Time for last 1,000,000:    3s.  Last read position: chr8:79,711,579.  Last read name: SRR7624376.23375639
INFO	2024-07-03 14:55:14	CleanSam	Processed    30,000,000 records.  Elapsed time: 00:01:51s.  Time for last 1,000,000:    3s.  Last read position: chrX:50,605,360.  Last read name: SRR7624376.26106739
INFO	2024-07-03 14:55:17	CleanSam	Processed    31,000,000 records.  Elapsed time: 00:01:55s.  Time for last 1,000,000:    3s.  Last read position: chr2:26,912,754.  Last read name: SRR7624376.11563644
INFO	2024-07-03 14:55:21	CleanSam	Processed    32,000,000 records.  Elapsed time: 00:01:59s.  Time for last 1,000,000:    3s.  Last read position: chr17:87,989,223.  Last read name: SRR7624376.29292128
INFO	2024-07-03 14:55:25	CleanSam	Processed    33,000,000 records.  Elapsed time: 00:02:02s.  Time for last 1,000,000:    3s.  Last read position: chr1:38,054,244.  Last read name: SRR7624376.24641024
INFO	2024-07-03 14:55:29	CleanSam	Processed    34,000,000 records.  Elapsed time: 00:02:06s.  Time for last 1,000,000:    3s.  Last read position: chr2:69,527,552.  Last read name: SRR7624376.29969297
INFO	2024-07-03 14:55:32	CleanSam	Processed    35,000,000 records.  Elapsed time: 00:02:10s.  Time for last 1,000,000:    3s.  Last read position: chr2:168,985,418.  Last read name: SRR7624376.22152210
INFO	2024-07-03 14:55:36	CleanSam	Processed    36,000,000 records.  Elapsed time: 00:02:14s.  Time for last 1,000,000:    3s.  Last read position: chr16:13,836,473.  Last read name: SRR7624376.18522884
INFO	2024-07-03 14:55:40	CleanSam	Processed    37,000,000 records.  Elapsed time: 00:02:17s.  Time for last 1,000,000:    3s.  Last read position: chr10:22,163,719.  Last read name: SRR7624376.31953566
INFO	2024-07-03 14:55:43	CleanSam	Processed    38,000,000 records.  Elapsed time: 00:02:21s.  Time for last 1,000,000:    3s.  Last read position: chr7:35,504,939.  Last read name: SRR7624376.43353987
INFO	2024-07-03 14:55:47	CleanSam	Processed    39,000,000 records.  Elapsed time: 00:02:25s.  Time for last 1,000,000:    3s.  Last read position: chr19:8,969,972.  Last read name: SRR7624376.12359794
INFO	2024-07-03 14:55:51	CleanSam	Processed    40,000,000 records.  Elapsed time: 00:02:28s.  Time for last 1,000,000:    3s.  Last read position: chr3:105,967,545.  Last read name: SRR7624376.4517727
INFO	2024-07-03 14:55:55	CleanSam	Processed    41,000,000 records.  Elapsed time: 00:02:32s.  Time for last 1,000,000:    3s.  Last read position: chr19:7,034,285.  Last read name: SRR7624376.17313554
INFO	2024-07-03 14:55:58	CleanSam	Processed    42,000,000 records.  Elapsed time: 00:02:36s.  Time for last 1,000,000:    3s.  Last read position: chr8:70,508,339.  Last read name: SRR7624376.35537927
INFO	2024-07-03 14:56:02	CleanSam	Processed    43,000,000 records.  Elapsed time: 00:02:40s.  Time for last 1,000,000:    3s.  Last read position: chrX:102,185,051.  Last read name: SRR7624376.6855189
INFO	2024-07-03 14:56:06	CleanSam	Processed    44,000,000 records.  Elapsed time: 00:02:43s.  Time for last 1,000,000:    3s.  Last read position: chr12:20,210,142.  Last read name: SRR7624376.38303666
INFO	2024-07-03 14:56:10	CleanSam	Processed    45,000,000 records.  Elapsed time: 00:02:47s.  Time for last 1,000,000:    3s.  Last read position: chr2:151,505,450.  Last read name: SRR7624376.40685857
INFO	2024-07-03 14:56:14	CleanSam	Processed    46,000,000 records.  Elapsed time: 00:02:51s.  Time for last 1,000,000:    3s.  Last read position: chr4:147,392,746.  Last read name: SRR7624376.20782725
INFO	2024-07-03 14:56:17	CleanSam	Processed    47,000,000 records.  Elapsed time: 00:02:55s.  Time for last 1,000,000:    3s.  Last read position: chr14:20,320,888.  Last read name: SRR7624376.14947179
INFO	2024-07-03 14:56:21	CleanSam	Processed    48,000,000 records.  Elapsed time: 00:02:59s.  Time for last 1,000,000:    3s.  Last read position: chr4:133,534,258.  Last read name: SRR7624376.27870625
INFO	2024-07-03 14:56:25	CleanSam	Processed    49,000,000 records.  Elapsed time: 00:03:03s.  Time for last 1,000,000:    3s.  Last read position: chr12:76,837,472.  Last read name: SRR7624376.5621034
INFO	2024-07-03 14:56:29	CleanSam	Processed    50,000,000 records.  Elapsed time: 00:03:07s.  Time for last 1,000,000:    3s.  Last read position: chr2:177,173,912.  Last read name: SRR7624376.18572083
INFO	2024-07-03 14:56:33	CleanSam	Processed    51,000,000 records.  Elapsed time: 00:03:11s.  Time for last 1,000,000:    4s.  Last read position: chr10:84,620,861.  Last read name: SRR7624376.33861616
INFO	2024-07-03 14:56:37	CleanSam	Processed    52,000,000 records.  Elapsed time: 00:03:15s.  Time for last 1,000,000:    3s.  Last read position: chr3:138,460,450.  Last read name: SRR7624376.10194048
INFO	2024-07-03 14:56:41	CleanSam	Processed    53,000,000 records.  Elapsed time: 00:03:18s.  Time for last 1,000,000:    3s.  Last read position: chrY:1,076,161.  Last read name: SRR7624376.2826629
INFO	2024-07-03 14:56:45	CleanSam	Processed    54,000,000 records.  Elapsed time: 00:03:22s.  Time for last 1,000,000:    3s.  Last read position: chr12:69,361,304.  Last read name: SRR7624376.26266622
INFO	2024-07-03 14:56:49	CleanSam	Processed    55,000,000 records.  Elapsed time: 00:03:26s.  Time for last 1,000,000:    3s.  Last read position: chr1:63,119,191.  Last read name: SRR7624376.49392347
INFO	2024-07-03 14:56:52	CleanSam	Processed    56,000,000 records.  Elapsed time: 00:03:30s.  Time for last 1,000,000:    3s.  Last read position: chr1:156,429,583.  Last read name: SRR7624376.45750900
INFO	2024-07-03 14:56:56	CleanSam	Processed    57,000,000 records.  Elapsed time: 00:03:34s.  Time for last 1,000,000:    3s.  Last read position: chr1:161,243,598.  Last read name: SRR7624376.10274000
INFO	2024-07-03 14:57:00	CleanSam	Processed    58,000,000 records.  Elapsed time: 00:03:38s.  Time for last 1,000,000:    3s.  Last read position: chr10:25,938,571.  Last read name: SRR7624376.5702550
INFO	2024-07-03 14:57:04	CleanSam	Processed    59,000,000 records.  Elapsed time: 00:03:41s.  Time for last 1,000,000:    3s.  Last read position: chr8:119,957,462.  Last read name: SRR7624376.45699779
INFO	2024-07-03 14:57:08	CleanSam	Processed    60,000,000 records.  Elapsed time: 00:03:45s.  Time for last 1,000,000:    4s.  Last read position: chrX:13,292,460.  Last read name: SRR7624376.40001383
INFO	2024-07-03 14:57:12	CleanSam	Processed    61,000,000 records.  Elapsed time: 00:03:49s.  Time for last 1,000,000:    3s.  Last read position: chrX:136,733,238.  Last read name: SRR7624376.14351964
INFO	2024-07-03 14:57:16	CleanSam	Processed    62,000,000 records.  Elapsed time: 00:03:53s.  Time for last 1,000,000:    3s.  Last read position: chr11:75,495,768.  Last read name: SRR7624376.27618965
INFO	2024-07-03 14:57:20	CleanSam	Processed    63,000,000 records.  Elapsed time: 00:03:57s.  Time for last 1,000,000:    3s.  Last read position: chr14:112,366,513.  Last read name: SRR7624376.12877749
INFO	2024-07-03 14:57:23	CleanSam	Processed    64,000,000 records.  Elapsed time: 00:04:01s.  Time for last 1,000,000:    3s.  Last read position: chr11:54,633,950.  Last read name: SRR7624376.12740872
INFO	2024-07-03 14:57:27	CleanSam	Processed    65,000,000 records.  Elapsed time: 00:04:05s.  Time for last 1,000,000:    3s.  Last read position: chr10:128,046,755.  Last read name: SRR7624376.40715906
INFO	2024-07-03 14:57:31	CleanSam	Processed    66,000,000 records.  Elapsed time: 00:04:09s.  Time for last 1,000,000:    3s.  Last read position: chr2:151,511,240.  Last read name: SRR7624376.35050276
INFO	2024-07-03 14:57:35	CleanSam	Processed    67,000,000 records.  Elapsed time: 00:04:13s.  Time for last 1,000,000:    3s.  Last read position: chr7:100,449,242.  Last read name: SRR7624376.41066805
INFO	2024-07-03 14:57:39	CleanSam	Processed    68,000,000 records.  Elapsed time: 00:04:16s.  Time for last 1,000,000:    3s.  Last read position: chr12:67,511,190.  Last read name: SRR7624376.22796331
INFO	2024-07-03 14:57:43	CleanSam	Processed    69,000,000 records.  Elapsed time: 00:04:20s.  Time for last 1,000,000:    3s.  Last read position: chr6:35,533,704.  Last read name: SRR7624376.20103654
INFO	2024-07-03 14:57:46	CleanSam	Processed    70,000,000 records.  Elapsed time: 00:04:24s.  Time for last 1,000,000:    3s.  Last read position: chr9:120,574,188.  Last read name: SRR7624376.34731269
INFO	2024-07-03 14:57:50	CleanSam	Processed    71,000,000 records.  Elapsed time: 00:04:28s.  Time for last 1,000,000:    3s.  Last read position: chr8:116,982,112.  Last read name: SRR7624376.46449366
INFO	2024-07-03 14:57:54	CleanSam	Processed    72,000,000 records.  Elapsed time: 00:04:32s.  Time for last 1,000,000:    3s.  Last read position: chr11:97,731,771.  Last read name: SRR7624376.12789493
[Wed Jul 03 14:58:10 CEST 2024] picard.sam.CleanSam done. Elapsed time: 4.80 minutes.
Runtime.totalMemory()=800063488
14:58:12.091 INFO  NativeLibraryLoader - Loading libgkl_compression.so from jar:file:/home/robin/bin/miniconda3/share/picard-2.26.2-0/picard.jar!/com/intel/gkl/native/libgkl_compression.so
[Wed Jul 03 14:58:12 CEST 2024] SamFormatConverter --INPUT E14_36h_RNA_Yang2019_rep2_GSM3314688_cleaned.sam --OUTPUT E14_36h_RNA_Yang2019_rep2_GSM3314688_unsorted.bam --TMP_DIR . --VERBOSITY INFO --QUIET false --VALIDATION_STRINGENCY STRICT --COMPRESSION_LEVEL 5 --MAX_RECORDS_IN_RAM 500000 --CREATE_INDEX false --CREATE_MD5_FILE false --GA4GH_CLIENT_SECRETS client_secrets.json --help false --version false --showHidden false --USE_JDK_DEFLATER false --USE_JDK_INFLATER false
[Wed Jul 03 14:58:12 CEST 2024] Executing as robin@epipax.ijm.univ-paris-diderot.priv on Linux 6.1.0-21-amd64 amd64; OpenJDK 64-Bit Server VM 1.8.0_332-b09; Deflater: Intel; Inflater: Intel; Provider GCS is not available; Picard version: Version:2.26.2
INFO	2024-07-03 14:58:13	SamFormatConverter	Seen many non-increasing record positions. Printing Read-names as well.
INFO	2024-07-03 14:58:20	SamFormatConverter	Processed     1,000,000 records.  Elapsed time: 00:00:06s.  Time for last 1,000,000:    6s.  Last read position: chr12:79,166,353.  Last read name: SRR7624376.13305267
INFO	2024-07-03 14:58:27	SamFormatConverter	Processed     2,000,000 records.  Elapsed time: 00:00:13s.  Time for last 1,000,000:    6s.  Last read position: chr10:40,937,705.  Last read name: SRR7624376.6864390
INFO	2024-07-03 14:58:33	SamFormatConverter	Processed     3,000,000 records.  Elapsed time: 00:00:19s.  Time for last 1,000,000:    6s.  Last read position: chr19:37,295,399.  Last read name: SRR7624376.47727442
INFO	2024-07-03 14:58:39	SamFormatConverter	Processed     4,000,000 records.  Elapsed time: 00:00:25s.  Time for last 1,000,000:    6s.  Last read position: chr2:151,504,176.  Last read name: SRR7624376.1296762
INFO	2024-07-03 14:58:46	SamFormatConverter	Processed     5,000,000 records.  Elapsed time: 00:00:32s.  Time for last 1,000,000:    6s.  Last read position: chr7:110,143,130.  Last read name: SRR7624376.11221628
INFO	2024-07-03 14:58:52	SamFormatConverter	Processed     6,000,000 records.  Elapsed time: 00:00:38s.  Time for last 1,000,000:    6s.  Last read position: chr11:97,711,188.  Last read name: SRR7624376.14955317
INFO	2024-07-03 14:58:58	SamFormatConverter	Processed     7,000,000 records.  Elapsed time: 00:00:45s.  Time for last 1,000,000:    6s.  Last read position: chr11:101,026,725.  Last read name: SRR7624376.574892
INFO	2024-07-03 14:59:05	SamFormatConverter	Processed     8,000,000 records.  Elapsed time: 00:00:51s.  Time for last 1,000,000:    6s.  Last read position: chr12:30,895,779.  Last read name: SRR7624376.36175582
INFO	2024-07-03 14:59:11	SamFormatConverter	Processed     9,000,000 records.  Elapsed time: 00:00:57s.  Time for last 1,000,000:    6s.  Last read position: chr18:20,862,906.  Last read name: SRR7624376.31049247
INFO	2024-07-03 14:59:17	SamFormatConverter	Processed    10,000,000 records.  Elapsed time: 00:01:04s.  Time for last 1,000,000:    6s.  Last read position: chr8:3,583,780.  Last read name: SRR7624376.47794640
INFO	2024-07-03 14:59:23	SamFormatConverter	Processed    11,000,000 records.  Elapsed time: 00:01:10s.  Time for last 1,000,000:    6s.  Last read position: chr10:95,541,328.  Last read name: SRR7624376.5491008
INFO	2024-07-03 14:59:30	SamFormatConverter	Processed    12,000,000 records.  Elapsed time: 00:01:16s.  Time for last 1,000,000:    6s.  Last read position: chr4:145,702,479.  Last read name: SRR7624376.29209893
INFO	2024-07-03 14:59:36	SamFormatConverter	Processed    13,000,000 records.  Elapsed time: 00:01:22s.  Time for last 1,000,000:    6s.  Last read position: chr3:146,839,205.  Last read name: SRR7624376.17380419
INFO	2024-07-03 14:59:42	SamFormatConverter	Processed    14,000,000 records.  Elapsed time: 00:01:28s.  Time for last 1,000,000:    6s.  Last read position: chr12:100,581,296.  Last read name: SRR7624376.41425609
INFO	2024-07-03 14:59:48	SamFormatConverter	Processed    15,000,000 records.  Elapsed time: 00:01:34s.  Time for last 1,000,000:    6s.  Last read position: chr5:142,793,489.  Last read name: SRR7624376.12832917
INFO	2024-07-03 14:59:54	SamFormatConverter	Processed    16,000,000 records.  Elapsed time: 00:01:40s.  Time for last 1,000,000:    6s.  Last read position: chr14:58,893,810.  Last read name: SRR7624376.6542116
INFO	2024-07-03 15:00:00	SamFormatConverter	Processed    17,000,000 records.  Elapsed time: 00:01:47s.  Time for last 1,000,000:    6s.  Last read position: chr10:62,812,936.  Last read name: SRR7624376.40287154
INFO	2024-07-03 15:00:06	SamFormatConverter	Processed    18,000,000 records.  Elapsed time: 00:01:53s.  Time for last 1,000,000:    6s.  Last read position: chr13:23,575,938.  Last read name: SRR7624376.10317086
INFO	2024-07-03 15:00:13	SamFormatConverter	Processed    19,000,000 records.  Elapsed time: 00:01:59s.  Time for last 1,000,000:    6s.  Last read position: chr9:108,330,975.  Last read name: SRR7624376.45415477
INFO	2024-07-03 15:00:19	SamFormatConverter	Processed    20,000,000 records.  Elapsed time: 00:02:05s.  Time for last 1,000,000:    6s.  Last read position: chr4:136,982,725.  Last read name: SRR7624376.10276940
INFO	2024-07-03 15:00:25	SamFormatConverter	Processed    21,000,000 records.  Elapsed time: 00:02:11s.  Time for last 1,000,000:    5s.  Last read position: chr17:39,848,370.  Last read name: SRR7624376.442940
INFO	2024-07-03 15:00:31	SamFormatConverter	Processed    22,000,000 records.  Elapsed time: 00:02:17s.  Time for last 1,000,000:    6s.  Last read position: chr2:176,623,531.  Last read name: SRR7624376.35064726
INFO	2024-07-03 15:00:37	SamFormatConverter	Processed    23,000,000 records.  Elapsed time: 00:02:23s.  Time for last 1,000,000:    6s.  Last read position: chr8:83,664,205.  Last read name: SRR7624376.30036259
INFO	2024-07-03 15:00:43	SamFormatConverter	Processed    24,000,000 records.  Elapsed time: 00:02:29s.  Time for last 1,000,000:    5s.  Last read position: chr17:28,706,729.  Last read name: SRR7624376.35208016
INFO	2024-07-03 15:00:49	SamFormatConverter	Processed    25,000,000 records.  Elapsed time: 00:02:35s.  Time for last 1,000,000:    6s.  Last read position: chr11:71,009,974.  Last read name: SRR7624376.29819844
INFO	2024-07-03 15:00:55	SamFormatConverter	Processed    26,000,000 records.  Elapsed time: 00:02:42s.  Time for last 1,000,000:    6s.  Last read position: chr11:100,708,880.  Last read name: SRR7624376.27384237
INFO	2024-07-03 15:01:01	SamFormatConverter	Processed    27,000,000 records.  Elapsed time: 00:02:48s.  Time for last 1,000,000:    6s.  Last read position: chr10:117,363,104.  Last read name: SRR7624376.28122002
INFO	2024-07-03 15:01:07	SamFormatConverter	Processed    28,000,000 records.  Elapsed time: 00:02:53s.  Time for last 1,000,000:    5s.  Last read position: chr15:99,707,110.  Last read name: SRR7624376.30358584
INFO	2024-07-03 15:01:13	SamFormatConverter	Processed    29,000,000 records.  Elapsed time: 00:02:59s.  Time for last 1,000,000:    6s.  Last read position: chr8:79,711,579.  Last read name: SRR7624376.23375639
INFO	2024-07-03 15:01:19	SamFormatConverter	Processed    30,000,000 records.  Elapsed time: 00:03:06s.  Time for last 1,000,000:    6s.  Last read position: chrX:50,605,360.  Last read name: SRR7624376.26106739
INFO	2024-07-03 15:01:26	SamFormatConverter	Processed    31,000,000 records.  Elapsed time: 00:03:12s.  Time for last 1,000,000:    6s.  Last read position: chr2:26,912,754.  Last read name: SRR7624376.11563644
INFO	2024-07-03 15:01:32	SamFormatConverter	Processed    32,000,000 records.  Elapsed time: 00:03:18s.  Time for last 1,000,000:    6s.  Last read position: chr17:87,989,223.  Last read name: SRR7624376.29292128
INFO	2024-07-03 15:01:38	SamFormatConverter	Processed    33,000,000 records.  Elapsed time: 00:03:24s.  Time for last 1,000,000:    6s.  Last read position: chr1:38,054,244.  Last read name: SRR7624376.24641024
INFO	2024-07-03 15:01:44	SamFormatConverter	Processed    34,000,000 records.  Elapsed time: 00:03:30s.  Time for last 1,000,000:    5s.  Last read position: chr2:69,527,552.  Last read name: SRR7624376.29969297
INFO	2024-07-03 15:01:50	SamFormatConverter	Processed    35,000,000 records.  Elapsed time: 00:03:37s.  Time for last 1,000,000:    6s.  Last read position: chr2:168,985,418.  Last read name: SRR7624376.22152210
INFO	2024-07-03 15:01:56	SamFormatConverter	Processed    36,000,000 records.  Elapsed time: 00:03:42s.  Time for last 1,000,000:    5s.  Last read position: chr16:13,836,473.  Last read name: SRR7624376.18522884
INFO	2024-07-03 15:02:02	SamFormatConverter	Processed    37,000,000 records.  Elapsed time: 00:03:49s.  Time for last 1,000,000:    6s.  Last read position: chr10:22,163,719.  Last read name: SRR7624376.31953566
INFO	2024-07-03 15:02:08	SamFormatConverter	Processed    38,000,000 records.  Elapsed time: 00:03:55s.  Time for last 1,000,000:    6s.  Last read position: chr7:35,504,939.  Last read name: SRR7624376.43353987
INFO	2024-07-03 15:02:15	SamFormatConverter	Processed    39,000,000 records.  Elapsed time: 00:04:01s.  Time for last 1,000,000:    6s.  Last read position: chr19:8,969,972.  Last read name: SRR7624376.12359794
INFO	2024-07-03 15:02:21	SamFormatConverter	Processed    40,000,000 records.  Elapsed time: 00:04:08s.  Time for last 1,000,000:    6s.  Last read position: chr3:105,967,545.  Last read name: SRR7624376.4517727
INFO	2024-07-03 15:02:28	SamFormatConverter	Processed    41,000,000 records.  Elapsed time: 00:04:15s.  Time for last 1,000,000:    6s.  Last read position: chr19:7,034,285.  Last read name: SRR7624376.17313554
INFO	2024-07-03 15:02:35	SamFormatConverter	Processed    42,000,000 records.  Elapsed time: 00:04:21s.  Time for last 1,000,000:    6s.  Last read position: chr8:70,508,339.  Last read name: SRR7624376.35537927
INFO	2024-07-03 15:02:41	SamFormatConverter	Processed    43,000,000 records.  Elapsed time: 00:04:27s.  Time for last 1,000,000:    6s.  Last read position: chrX:102,185,051.  Last read name: SRR7624376.6855189
INFO	2024-07-03 15:02:47	SamFormatConverter	Processed    44,000,000 records.  Elapsed time: 00:04:33s.  Time for last 1,000,000:    5s.  Last read position: chr12:20,210,142.  Last read name: SRR7624376.38303666
INFO	2024-07-03 15:02:53	SamFormatConverter	Processed    45,000,000 records.  Elapsed time: 00:04:39s.  Time for last 1,000,000:    6s.  Last read position: chr2:151,505,450.  Last read name: SRR7624376.40685857
INFO	2024-07-03 15:02:59	SamFormatConverter	Processed    46,000,000 records.  Elapsed time: 00:04:45s.  Time for last 1,000,000:    6s.  Last read position: chr4:147,392,746.  Last read name: SRR7624376.20782725
INFO	2024-07-03 15:03:05	SamFormatConverter	Processed    47,000,000 records.  Elapsed time: 00:04:51s.  Time for last 1,000,000:    5s.  Last read position: chr14:20,320,888.  Last read name: SRR7624376.14947179
INFO	2024-07-03 15:03:11	SamFormatConverter	Processed    48,000,000 records.  Elapsed time: 00:04:57s.  Time for last 1,000,000:    5s.  Last read position: chr4:133,534,258.  Last read name: SRR7624376.27870625
INFO	2024-07-03 15:03:16	SamFormatConverter	Processed    49,000,000 records.  Elapsed time: 00:05:03s.  Time for last 1,000,000:    5s.  Last read position: chr12:76,837,472.  Last read name: SRR7624376.5621034
INFO	2024-07-03 15:03:22	SamFormatConverter	Processed    50,000,000 records.  Elapsed time: 00:05:09s.  Time for last 1,000,000:    5s.  Last read position: chr2:177,173,912.  Last read name: SRR7624376.18572083
INFO	2024-07-03 15:03:28	SamFormatConverter	Processed    51,000,000 records.  Elapsed time: 00:05:15s.  Time for last 1,000,000:    6s.  Last read position: chr10:84,620,861.  Last read name: SRR7624376.33861616
INFO	2024-07-03 15:03:34	SamFormatConverter	Processed    52,000,000 records.  Elapsed time: 00:05:21s.  Time for last 1,000,000:    5s.  Last read position: chr3:138,460,450.  Last read name: SRR7624376.10194048
INFO	2024-07-03 15:03:40	SamFormatConverter	Processed    53,000,000 records.  Elapsed time: 00:05:26s.  Time for last 1,000,000:    5s.  Last read position: chrY:1,076,161.  Last read name: SRR7624376.2826629
INFO	2024-07-03 15:03:46	SamFormatConverter	Processed    54,000,000 records.  Elapsed time: 00:05:33s.  Time for last 1,000,000:    6s.  Last read position: chr12:69,361,304.  Last read name: SRR7624376.26266622
INFO	2024-07-03 15:03:53	SamFormatConverter	Processed    55,000,000 records.  Elapsed time: 00:05:39s.  Time for last 1,000,000:    6s.  Last read position: chr1:63,119,191.  Last read name: SRR7624376.49392347
INFO	2024-07-03 15:03:58	SamFormatConverter	Processed    56,000,000 records.  Elapsed time: 00:05:45s.  Time for last 1,000,000:    5s.  Last read position: chr1:156,429,583.  Last read name: SRR7624376.45750900
INFO	2024-07-03 15:04:04	SamFormatConverter	Processed    57,000,000 records.  Elapsed time: 00:05:50s.  Time for last 1,000,000:    5s.  Last read position: chr1:161,243,598.  Last read name: SRR7624376.10274000
INFO	2024-07-03 15:04:10	SamFormatConverter	Processed    58,000,000 records.  Elapsed time: 00:05:56s.  Time for last 1,000,000:    5s.  Last read position: chr10:25,938,571.  Last read name: SRR7624376.5702550
INFO	2024-07-03 15:04:16	SamFormatConverter	Processed    59,000,000 records.  Elapsed time: 00:06:02s.  Time for last 1,000,000:    5s.  Last read position: chr8:119,957,462.  Last read name: SRR7624376.45699779
INFO	2024-07-03 15:04:21	SamFormatConverter	Processed    60,000,000 records.  Elapsed time: 00:06:08s.  Time for last 1,000,000:    5s.  Last read position: chrX:13,292,460.  Last read name: SRR7624376.40001383
INFO	2024-07-03 15:04:27	SamFormatConverter	Processed    61,000,000 records.  Elapsed time: 00:06:14s.  Time for last 1,000,000:    5s.  Last read position: chrX:136,733,238.  Last read name: SRR7624376.14351964
INFO	2024-07-03 15:04:33	SamFormatConverter	Processed    62,000,000 records.  Elapsed time: 00:06:19s.  Time for last 1,000,000:    5s.  Last read position: chr11:75,495,768.  Last read name: SRR7624376.27618965
INFO	2024-07-03 15:04:39	SamFormatConverter	Processed    63,000,000 records.  Elapsed time: 00:06:25s.  Time for last 1,000,000:    5s.  Last read position: chr14:112,366,513.  Last read name: SRR7624376.12877749
INFO	2024-07-03 15:04:45	SamFormatConverter	Processed    64,000,000 records.  Elapsed time: 00:06:31s.  Time for last 1,000,000:    6s.  Last read position: chr11:54,633,950.  Last read name: SRR7624376.12740872
INFO	2024-07-03 15:04:51	SamFormatConverter	Processed    65,000,000 records.  Elapsed time: 00:06:37s.  Time for last 1,000,000:    5s.  Last read position: chr10:128,046,755.  Last read name: SRR7624376.40715906
INFO	2024-07-03 15:04:57	SamFormatConverter	Processed    66,000,000 records.  Elapsed time: 00:06:43s.  Time for last 1,000,000:    5s.  Last read position: chr2:151,511,240.  Last read name: SRR7624376.35050276
INFO	2024-07-03 15:05:03	SamFormatConverter	Processed    67,000,000 records.  Elapsed time: 00:06:49s.  Time for last 1,000,000:    6s.  Last read position: chr7:100,449,242.  Last read name: SRR7624376.41066805
INFO	2024-07-03 15:05:09	SamFormatConverter	Processed    68,000,000 records.  Elapsed time: 00:06:55s.  Time for last 1,000,000:    6s.  Last read position: chr12:67,511,190.  Last read name: SRR7624376.22796331
INFO	2024-07-03 15:05:15	SamFormatConverter	Processed    69,000,000 records.  Elapsed time: 00:07:01s.  Time for last 1,000,000:    6s.  Last read position: chr6:35,533,704.  Last read name: SRR7624376.20103654
INFO	2024-07-03 15:05:21	SamFormatConverter	Processed    70,000,000 records.  Elapsed time: 00:07:07s.  Time for last 1,000,000:    6s.  Last read position: chr9:120,574,188.  Last read name: SRR7624376.34731269
INFO	2024-07-03 15:05:27	SamFormatConverter	Processed    71,000,000 records.  Elapsed time: 00:07:13s.  Time for last 1,000,000:    6s.  Last read position: chr8:116,982,112.  Last read name: SRR7624376.46449366
INFO	2024-07-03 15:05:33	SamFormatConverter	Processed    72,000,000 records.  Elapsed time: 00:07:19s.  Time for last 1,000,000:    5s.  Last read position: chr11:97,731,771.  Last read name: SRR7624376.12789493
[Wed Jul 03 15:05:39 CEST 2024] picard.sam.SamFormatConverter done. Elapsed time: 7.46 minutes.
Runtime.totalMemory()=714080256
15:05:41.550 INFO  NativeLibraryLoader - Loading libgkl_compression.so from jar:file:/home/robin/bin/miniconda3/share/picard-2.26.2-0/picard.jar!/com/intel/gkl/native/libgkl_compression.so
[Wed Jul 03 15:05:41 CEST 2024] SortSam --INPUT E14_36h_RNA_Yang2019_rep2_GSM3314688_unsorted.bam --OUTPUT E14_36h_RNA_Yang2019_rep2_GSM3314688_sorted.bam --SORT_ORDER coordinate --TMP_DIR . --VERBOSITY INFO --QUIET false --VALIDATION_STRINGENCY STRICT --COMPRESSION_LEVEL 5 --MAX_RECORDS_IN_RAM 500000 --CREATE_INDEX false --CREATE_MD5_FILE false --GA4GH_CLIENT_SECRETS client_secrets.json --help false --version false --showHidden false --USE_JDK_DEFLATER false --USE_JDK_INFLATER false
[Wed Jul 03 15:05:41 CEST 2024] Executing as robin@epipax.ijm.univ-paris-diderot.priv on Linux 6.1.0-21-amd64 amd64; OpenJDK 64-Bit Server VM 1.8.0_332-b09; Deflater: Intel; Inflater: Intel; Provider GCS is not available; Picard version: Version:2.26.2
INFO	2024-07-03 15:05:42	SortSam	Seen many non-increasing record positions. Printing Read-names as well.
INFO	2024-07-03 15:06:29	SortSam	Read    10,000,000 records.  Elapsed time: 00:00:47s.  Time for last 10,000,000:   47s.  Last read position: chr8:3,583,780.  Last read name: SRR7624376.47794640
INFO	2024-07-03 15:07:18	SortSam	Read    20,000,000 records.  Elapsed time: 00:01:36s.  Time for last 10,000,000:   48s.  Last read position: chr4:136,982,725.  Last read name: SRR7624376.10276940
INFO	2024-07-03 15:08:07	SortSam	Read    30,000,000 records.  Elapsed time: 00:02:25s.  Time for last 10,000,000:   48s.  Last read position: chrX:50,605,360.  Last read name: SRR7624376.26106739
INFO	2024-07-03 15:08:55	SortSam	Read    40,000,000 records.  Elapsed time: 00:03:13s.  Time for last 10,000,000:   48s.  Last read position: chr3:105,967,545.  Last read name: SRR7624376.4517727
INFO	2024-07-03 15:09:46	SortSam	Read    50,000,000 records.  Elapsed time: 00:04:04s.  Time for last 10,000,000:   50s.  Last read position: chr2:177,173,912.  Last read name: SRR7624376.18572083
INFO	2024-07-03 15:10:33	SortSam	Read    60,000,000 records.  Elapsed time: 00:04:51s.  Time for last 10,000,000:   47s.  Last read position: chrX:13,292,460.  Last read name: SRR7624376.40001383
INFO	2024-07-03 15:11:20	SortSam	Read    70,000,000 records.  Elapsed time: 00:05:38s.  Time for last 10,000,000:   46s.  Last read position: chr9:120,574,188.  Last read name: SRR7624376.34731269
INFO	2024-07-03 15:11:31	SortSam	Finished reading inputs, merging and writing to output now.
INFO	2024-07-03 15:12:08	SortSam	Wrote    10,000,000 records from a sorting collection.  Elapsed time: 00:06:26s.  Time for last 10,000,000:   35s.  Last read position: chr12:22,447,051
INFO	2024-07-03 15:12:44	SortSam	Wrote    20,000,000 records from a sorting collection.  Elapsed time: 00:07:02s.  Time for last 10,000,000:   36s.  Last read position: chr15:79,528,910
INFO	2024-07-03 15:13:18	SortSam	Wrote    30,000,000 records from a sorting collection.  Elapsed time: 00:07:36s.  Time for last 10,000,000:   34s.  Last read position: chr19:5,493,484
INFO	2024-07-03 15:13:54	SortSam	Wrote    40,000,000 records from a sorting collection.  Elapsed time: 00:08:12s.  Time for last 10,000,000:   35s.  Last read position: chr2:130,276,596
INFO	2024-07-03 15:14:30	SortSam	Wrote    50,000,000 records from a sorting collection.  Elapsed time: 00:08:48s.  Time for last 10,000,000:   36s.  Last read position: chr4:155,558,014
INFO	2024-07-03 15:15:06	SortSam	Wrote    60,000,000 records from a sorting collection.  Elapsed time: 00:09:24s.  Time for last 10,000,000:   35s.  Last read position: chr7:81,344,385
INFO	2024-07-03 15:15:42	SortSam	Wrote    70,000,000 records from a sorting collection.  Elapsed time: 00:10:00s.  Time for last 10,000,000:   35s.  Last read position: chrM:7,880
[Wed Jul 03 15:15:52 CEST 2024] picard.sam.SortSam done. Elapsed time: 10.18 minutes.
Runtime.totalMemory()=1747976192
15:15:53.642 INFO  NativeLibraryLoader - Loading libgkl_compression.so from jar:file:/home/robin/bin/miniconda3/share/picard-2.26.2-0/picard.jar!/com/intel/gkl/native/libgkl_compression.so
[Wed Jul 03 15:15:53 CEST 2024] MarkDuplicates --INPUT E14_36h_RNA_Yang2019_rep2_GSM3314688_sorted.bam --OUTPUT E14_36h_RNA_Yang2019_rep2_GSM3314688.bam --METRICS_FILE E14_36h_RNA_Yang2019_rep2_GSM3314688_markDupeMetrics.txt --REMOVE_DUPLICATES false --TMP_DIR . --MAX_SEQUENCES_FOR_DISK_READ_ENDS_MAP 50000 --MAX_FILE_HANDLES_FOR_READ_ENDS_MAP 8000 --SORTING_COLLECTION_SIZE_RATIO 0.25 --TAG_DUPLICATE_SET_MEMBERS false --REMOVE_SEQUENCING_DUPLICATES false --TAGGING_POLICY DontTag --CLEAR_DT true --DUPLEX_UMI false --ADD_PG_TAG_TO_READS true --ASSUME_SORTED false --DUPLICATE_SCORING_STRATEGY SUM_OF_BASE_QUALITIES --PROGRAM_RECORD_ID MarkDuplicates --PROGRAM_GROUP_NAME MarkDuplicates --READ_NAME_REGEX <optimized capture of last three ':' separated fields as numeric values> --OPTICAL_DUPLICATE_PIXEL_DISTANCE 100 --MAX_OPTICAL_DUPLICATE_SET_SIZE 300000 --VERBOSITY INFO --QUIET false --VALIDATION_STRINGENCY STRICT --COMPRESSION_LEVEL 5 --MAX_RECORDS_IN_RAM 500000 --CREATE_INDEX false --CREATE_MD5_FILE false --GA4GH_CLIENT_SECRETS client_secrets.json --help false --version false --showHidden false --USE_JDK_DEFLATER false --USE_JDK_INFLATER false
[Wed Jul 03 15:15:53 CEST 2024] Executing as robin@epipax.ijm.univ-paris-diderot.priv on Linux 6.1.0-21-amd64 amd64; OpenJDK 64-Bit Server VM 1.8.0_332-b09; Deflater: Intel; Inflater: Intel; Provider GCS is not available; Picard version: Version:2.26.2
INFO	2024-07-03 15:15:53	MarkDuplicates	Start of doWork freeMemory: 501502256; totalMemory: 514850816; maxMemory: 1908932608
INFO	2024-07-03 15:15:53	MarkDuplicates	Reading input file and constructing read end information.
INFO	2024-07-03 15:15:53	MarkDuplicates	Will retain up to 6916422 data points before spilling to disk.
WARNING	2024-07-03 15:15:54	AbstractOpticalDuplicateFinderCommandLineProgram	A field field parsed out of a read name was expected to contain an integer and did not. Read name: SRR7624376.14958117. Cause: String 'SRR7624376.14958117' did not start with a parsable number.
INFO	2024-07-03 15:15:57	MarkDuplicates	Read     1,000,000 records.  Elapsed time: 00:00:03s.  Time for last 1,000,000:    3s.  Last read position: chr10:62,436,488
INFO	2024-07-03 15:15:57	MarkDuplicates	Tracking 123 as yet unmatched pairs. 123 records in RAM.
INFO	2024-07-03 15:16:00	MarkDuplicates	Read     2,000,000 records.  Elapsed time: 00:00:06s.  Time for last 1,000,000:    3s.  Last read position: chr10:82,649,508
INFO	2024-07-03 15:16:00	MarkDuplicates	Tracking 10 as yet unmatched pairs. 10 records in RAM.
INFO	2024-07-03 15:16:05	MarkDuplicates	Read     3,000,000 records.  Elapsed time: 00:00:11s.  Time for last 1,000,000:    5s.  Last read position: chr10:128,126,693
INFO	2024-07-03 15:16:05	MarkDuplicates	Tracking 103 as yet unmatched pairs. 103 records in RAM.
INFO	2024-07-03 15:16:08	MarkDuplicates	Read     4,000,000 records.  Elapsed time: 00:00:14s.  Time for last 1,000,000:    2s.  Last read position: chr11:29,741,742
INFO	2024-07-03 15:16:08	MarkDuplicates	Tracking 312 as yet unmatched pairs. 312 records in RAM.
INFO	2024-07-03 15:16:11	MarkDuplicates	Read     5,000,000 records.  Elapsed time: 00:00:17s.  Time for last 1,000,000:    3s.  Last read position: chr11:55,495,425
INFO	2024-07-03 15:16:11	MarkDuplicates	Tracking 916 as yet unmatched pairs. 916 records in RAM.
INFO	2024-07-03 15:16:18	MarkDuplicates	Read     6,000,000 records.  Elapsed time: 00:00:24s.  Time for last 1,000,000:    6s.  Last read position: chr11:72,596,920
INFO	2024-07-03 15:16:18	MarkDuplicates	Tracking 9 as yet unmatched pairs. 9 records in RAM.
INFO	2024-07-03 15:16:21	MarkDuplicates	Read     7,000,000 records.  Elapsed time: 00:00:27s.  Time for last 1,000,000:    3s.  Last read position: chr11:87,448,647
INFO	2024-07-03 15:16:21	MarkDuplicates	Tracking 4889 as yet unmatched pairs. 4889 records in RAM.
INFO	2024-07-03 15:16:27	MarkDuplicates	Read     8,000,000 records.  Elapsed time: 00:00:33s.  Time for last 1,000,000:    5s.  Last read position: chr11:100,706,355
INFO	2024-07-03 15:16:27	MarkDuplicates	Tracking 99 as yet unmatched pairs. 99 records in RAM.
INFO	2024-07-03 15:16:30	MarkDuplicates	Read     9,000,000 records.  Elapsed time: 00:00:36s.  Time for last 1,000,000:    2s.  Last read position: chr11:119,832,298
INFO	2024-07-03 15:16:30	MarkDuplicates	Tracking 46 as yet unmatched pairs. 46 records in RAM.
INFO	2024-07-03 15:16:37	MarkDuplicates	Read    10,000,000 records.  Elapsed time: 00:00:42s.  Time for last 1,000,000:    6s.  Last read position: chr12:22,447,051
INFO	2024-07-03 15:16:37	MarkDuplicates	Tracking 231 as yet unmatched pairs. 231 records in RAM.
INFO	2024-07-03 15:16:39	MarkDuplicates	Read    11,000,000 records.  Elapsed time: 00:00:45s.  Time for last 1,000,000:    2s.  Last read position: chr12:69,361,282
INFO	2024-07-03 15:16:39	MarkDuplicates	Tracking 34586 as yet unmatched pairs. 34586 records in RAM.
INFO	2024-07-03 15:16:43	MarkDuplicates	Read    12,000,000 records.  Elapsed time: 00:00:48s.  Time for last 1,000,000:    3s.  Last read position: chr12:109,646,163
INFO	2024-07-03 15:16:43	MarkDuplicates	Tracking 471 as yet unmatched pairs. 471 records in RAM.
INFO	2024-07-03 15:16:45	MarkDuplicates	Read    13,000,000 records.  Elapsed time: 00:00:51s.  Time for last 1,000,000:    2s.  Last read position: chr13:21,750,321
INFO	2024-07-03 15:16:45	MarkDuplicates	Tracking 1752 as yet unmatched pairs. 1752 records in RAM.
INFO	2024-07-03 15:16:48	MarkDuplicates	Read    14,000,000 records.  Elapsed time: 00:00:54s.  Time for last 1,000,000:    2s.  Last read position: chr13:44,869,964
INFO	2024-07-03 15:16:48	MarkDuplicates	Tracking 995 as yet unmatched pairs. 995 records in RAM.
INFO	2024-07-03 15:16:51	MarkDuplicates	Read    15,000,000 records.  Elapsed time: 00:00:57s.  Time for last 1,000,000:    2s.  Last read position: chr13:73,930,167
INFO	2024-07-03 15:16:51	MarkDuplicates	Tracking 108 as yet unmatched pairs. 108 records in RAM.
INFO	2024-07-03 15:16:58	MarkDuplicates	Read    16,000,000 records.  Elapsed time: 00:01:03s.  Time for last 1,000,000:    6s.  Last read position: chr13:119,455,722
INFO	2024-07-03 15:16:58	MarkDuplicates	Tracking 72 as yet unmatched pairs. 72 records in RAM.
INFO	2024-07-03 15:17:01	MarkDuplicates	Read    17,000,000 records.  Elapsed time: 00:01:06s.  Time for last 1,000,000:    2s.  Last read position: chr14:45,594,115
INFO	2024-07-03 15:17:01	MarkDuplicates	Tracking 4 as yet unmatched pairs. 4 records in RAM.
INFO	2024-07-03 15:17:08	MarkDuplicates	Read    18,000,000 records.  Elapsed time: 00:01:14s.  Time for last 1,000,000:    7s.  Last read position: chr14:72,566,181
INFO	2024-07-03 15:17:08	MarkDuplicates	Tracking 41 as yet unmatched pairs. 41 records in RAM.
INFO	2024-07-03 15:17:11	MarkDuplicates	Read    19,000,000 records.  Elapsed time: 00:01:17s.  Time for last 1,000,000:    2s.  Last read position: chr15:34,443,915
INFO	2024-07-03 15:17:11	MarkDuplicates	Tracking 7 as yet unmatched pairs. 7 records in RAM.
INFO	2024-07-03 15:17:14	MarkDuplicates	Read    20,000,000 records.  Elapsed time: 00:01:20s.  Time for last 1,000,000:    3s.  Last read position: chr15:79,528,910
INFO	2024-07-03 15:17:14	MarkDuplicates	Tracking 171 as yet unmatched pairs. 171 records in RAM.
INFO	2024-07-03 15:17:17	MarkDuplicates	Read    21,000,000 records.  Elapsed time: 00:01:23s.  Time for last 1,000,000:    2s.  Last read position: chr15:98,950,123
INFO	2024-07-03 15:17:17	MarkDuplicates	Tracking 254 as yet unmatched pairs. 254 records in RAM.
INFO	2024-07-03 15:17:20	MarkDuplicates	Read    22,000,000 records.  Elapsed time: 00:01:26s.  Time for last 1,000,000:    2s.  Last read position: chr16:17,035,443
INFO	2024-07-03 15:17:20	MarkDuplicates	Tracking 423 as yet unmatched pairs. 423 records in RAM.
INFO	2024-07-03 15:17:26	MarkDuplicates	Read    23,000,000 records.  Elapsed time: 00:01:32s.  Time for last 1,000,000:    6s.  Last read position: chr16:49,007,060
INFO	2024-07-03 15:17:26	MarkDuplicates	Tracking 97 as yet unmatched pairs. 97 records in RAM.
INFO	2024-07-03 15:17:29	MarkDuplicates	Read    24,000,000 records.  Elapsed time: 00:01:35s.  Time for last 1,000,000:    3s.  Last read position: chr17:12,920,739
INFO	2024-07-03 15:17:29	MarkDuplicates	Tracking 1602 as yet unmatched pairs. 1602 records in RAM.
INFO	2024-07-03 15:17:33	MarkDuplicates	Read    25,000,000 records.  Elapsed time: 00:01:39s.  Time for last 1,000,000:    3s.  Last read position: chr17:31,521,574
INFO	2024-07-03 15:17:33	MarkDuplicates	Tracking 293 as yet unmatched pairs. 293 records in RAM.
INFO	2024-07-03 15:17:38	MarkDuplicates	Read    26,000,000 records.  Elapsed time: 00:01:44s.  Time for last 1,000,000:    5s.  Last read position: chr17:39,844,035
INFO	2024-07-03 15:17:38	MarkDuplicates	Tracking 9290 as yet unmatched pairs. 9290 records in RAM.
INFO	2024-07-03 15:17:42	MarkDuplicates	Read    27,000,000 records.  Elapsed time: 00:01:48s.  Time for last 1,000,000:    3s.  Last read position: chr17:47,190,610
INFO	2024-07-03 15:17:42	MarkDuplicates	Tracking 39 as yet unmatched pairs. 39 records in RAM.
INFO	2024-07-03 15:17:45	MarkDuplicates	Read    28,000,000 records.  Elapsed time: 00:01:51s.  Time for last 1,000,000:    3s.  Last read position: chr18:6,207,142
INFO	2024-07-03 15:17:45	MarkDuplicates	Tracking 193 as yet unmatched pairs. 193 records in RAM.
INFO	2024-07-03 15:17:52	MarkDuplicates	Read    29,000,000 records.  Elapsed time: 00:01:58s.  Time for last 1,000,000:    6s.  Last read position: chr18:49,846,629
INFO	2024-07-03 15:17:52	MarkDuplicates	Tracking 38 as yet unmatched pairs. 38 records in RAM.
INFO	2024-07-03 15:17:55	MarkDuplicates	Read    30,000,000 records.  Elapsed time: 00:02:01s.  Time for last 1,000,000:    3s.  Last read position: chr19:5,493,484
INFO	2024-07-03 15:17:55	MarkDuplicates	Tracking 1173 as yet unmatched pairs. 1173 records in RAM.
INFO	2024-07-03 15:17:59	MarkDuplicates	Read    31,000,000 records.  Elapsed time: 00:02:05s.  Time for last 1,000,000:    3s.  Last read position: chr19:28,763,118
INFO	2024-07-03 15:17:59	MarkDuplicates	Tracking 540 as yet unmatched pairs. 540 records in RAM.
INFO	2024-07-03 15:18:03	MarkDuplicates	Read    32,000,000 records.  Elapsed time: 00:02:09s.  Time for last 1,000,000:    3s.  Last read position: chr1:4,771,777
INFO	2024-07-03 15:18:03	MarkDuplicates	Tracking 35 as yet unmatched pairs. 35 records in RAM.
INFO	2024-07-03 15:18:06	MarkDuplicates	Read    33,000,000 records.  Elapsed time: 00:02:11s.  Time for last 1,000,000:    2s.  Last read position: chr1:52,923,358
INFO	2024-07-03 15:18:06	MarkDuplicates	Tracking 39 as yet unmatched pairs. 39 records in RAM.
INFO	2024-07-03 15:18:13	MarkDuplicates	Read    34,000,000 records.  Elapsed time: 00:02:19s.  Time for last 1,000,000:    7s.  Last read position: chr1:84,804,714
INFO	2024-07-03 15:18:13	MarkDuplicates	Tracking 437 as yet unmatched pairs. 437 records in RAM.
INFO	2024-07-03 15:18:18	MarkDuplicates	Read    35,000,000 records.  Elapsed time: 00:02:23s.  Time for last 1,000,000:    4s.  Last read position: chr1:134,405,582
INFO	2024-07-03 15:18:18	MarkDuplicates	Tracking 64 as yet unmatched pairs. 64 records in RAM.
INFO	2024-07-03 15:18:21	MarkDuplicates	Read    36,000,000 records.  Elapsed time: 00:02:27s.  Time for last 1,000,000:    3s.  Last read position: chr1:178,331,861
INFO	2024-07-03 15:18:21	MarkDuplicates	Tracking 1717 as yet unmatched pairs. 1717 records in RAM.
INFO	2024-07-03 15:18:24	MarkDuplicates	Read    37,000,000 records.  Elapsed time: 00:02:30s.  Time for last 1,000,000:    2s.  Last read position: chr2:26,395,498
INFO	2024-07-03 15:18:24	MarkDuplicates	Tracking 196 as yet unmatched pairs. 196 records in RAM.
INFO	2024-07-03 15:18:29	MarkDuplicates	Read    38,000,000 records.  Elapsed time: 00:02:35s.  Time for last 1,000,000:    5s.  Last read position: chr2:52,088,663
INFO	2024-07-03 15:18:29	MarkDuplicates	Tracking 511 as yet unmatched pairs. 511 records in RAM.
INFO	2024-07-03 15:18:32	MarkDuplicates	Read    39,000,000 records.  Elapsed time: 00:02:38s.  Time for last 1,000,000:    3s.  Last read position: chr2:94,418,321
INFO	2024-07-03 15:18:32	MarkDuplicates	Tracking 485 as yet unmatched pairs. 485 records in RAM.
INFO	2024-07-03 15:18:36	MarkDuplicates	Read    40,000,000 records.  Elapsed time: 00:02:42s.  Time for last 1,000,000:    3s.  Last read position: chr2:130,276,596
INFO	2024-07-03 15:18:36	MarkDuplicates	Tracking 665 as yet unmatched pairs. 665 records in RAM.
INFO	2024-07-03 15:18:38	MarkDuplicates	Read    41,000,000 records.  Elapsed time: 00:02:44s.  Time for last 1,000,000:    2s.  Last read position: chr2:158,293,919
INFO	2024-07-03 15:18:38	MarkDuplicates	Tracking 12 as yet unmatched pairs. 12 records in RAM.
INFO	2024-07-03 15:18:43	MarkDuplicates	Read    42,000,000 records.  Elapsed time: 00:02:49s.  Time for last 1,000,000:    4s.  Last read position: chr2:181,869,210
INFO	2024-07-03 15:18:43	MarkDuplicates	Tracking 43 as yet unmatched pairs. 43 records in RAM.
INFO	2024-07-03 15:18:46	MarkDuplicates	Read    43,000,000 records.  Elapsed time: 00:02:52s.  Time for last 1,000,000:    3s.  Last read position: chr3:69,726,437
INFO	2024-07-03 15:18:46	MarkDuplicates	Tracking 226 as yet unmatched pairs. 226 records in RAM.
INFO	2024-07-03 15:18:49	MarkDuplicates	Read    44,000,000 records.  Elapsed time: 00:02:55s.  Time for last 1,000,000:    3s.  Last read position: chr3:96,488,778
INFO	2024-07-03 15:18:49	MarkDuplicates	Tracking 61 as yet unmatched pairs. 61 records in RAM.
INFO	2024-07-03 15:18:53	MarkDuplicates	Read    45,000,000 records.  Elapsed time: 00:02:58s.  Time for last 1,000,000:    3s.  Last read position: chr3:152,219,989
INFO	2024-07-03 15:18:53	MarkDuplicates	Tracking 694 as yet unmatched pairs. 694 records in RAM.
INFO	2024-07-03 15:18:56	MarkDuplicates	Read    46,000,000 records.  Elapsed time: 00:03:02s.  Time for last 1,000,000:    3s.  Last read position: chr4:48,081,899
INFO	2024-07-03 15:18:56	MarkDuplicates	Tracking 13 as yet unmatched pairs. 13 records in RAM.
INFO	2024-07-03 15:19:02	MarkDuplicates	Read    47,000,000 records.  Elapsed time: 00:03:08s.  Time for last 1,000,000:    6s.  Last read position: chr4:116,200,787
INFO	2024-07-03 15:19:02	MarkDuplicates	Tracking 61 as yet unmatched pairs. 61 records in RAM.
INFO	2024-07-03 15:19:05	MarkDuplicates	Read    48,000,000 records.  Elapsed time: 00:03:11s.  Time for last 1,000,000:    3s.  Last read position: chr4:132,204,817
INFO	2024-07-03 15:19:05	MarkDuplicates	Tracking 323 as yet unmatched pairs. 323 records in RAM.
INFO	2024-07-03 15:19:08	MarkDuplicates	Read    49,000,000 records.  Elapsed time: 00:03:14s.  Time for last 1,000,000:    3s.  Last read position: chr4:146,195,749
INFO	2024-07-03 15:19:08	MarkDuplicates	Tracking 2012 as yet unmatched pairs. 2012 records in RAM.
INFO	2024-07-03 15:19:11	MarkDuplicates	Read    50,000,000 records.  Elapsed time: 00:03:17s.  Time for last 1,000,000:    2s.  Last read position: chr4:155,558,014
INFO	2024-07-03 15:19:11	MarkDuplicates	Tracking 44 as yet unmatched pairs. 44 records in RAM.
INFO	2024-07-03 15:19:19	MarkDuplicates	Read    51,000,000 records.  Elapsed time: 00:03:25s.  Time for last 1,000,000:    8s.  Last read position: chr5:34,581,271
INFO	2024-07-03 15:19:19	MarkDuplicates	Tracking 48 as yet unmatched pairs. 48 records in RAM.
INFO	2024-07-03 15:19:23	MarkDuplicates	Read    52,000,000 records.  Elapsed time: 00:03:29s.  Time for last 1,000,000:    4s.  Last read position: chr5:99,958,680
INFO	2024-07-03 15:19:23	MarkDuplicates	Tracking 16 as yet unmatched pairs. 16 records in RAM.
INFO	2024-07-03 15:19:27	MarkDuplicates	Read    53,000,000 records.  Elapsed time: 00:03:32s.  Time for last 1,000,000:    3s.  Last read position: chr5:123,255,696
INFO	2024-07-03 15:19:27	MarkDuplicates	Tracking 156 as yet unmatched pairs. 156 records in RAM.
INFO	2024-07-03 15:19:30	MarkDuplicates	Read    54,000,000 records.  Elapsed time: 00:03:36s.  Time for last 1,000,000:    3s.  Last read position: chr5:143,932,839
INFO	2024-07-03 15:19:30	MarkDuplicates	Tracking 12 as yet unmatched pairs. 12 records in RAM.
INFO	2024-07-03 15:19:33	MarkDuplicates	Read    55,000,000 records.  Elapsed time: 00:03:39s.  Time for last 1,000,000:    3s.  Last read position: chr6:47,525,901
INFO	2024-07-03 15:19:33	MarkDuplicates	Tracking 261 as yet unmatched pairs. 261 records in RAM.
INFO	2024-07-03 15:19:36	MarkDuplicates	Read    56,000,000 records.  Elapsed time: 00:03:42s.  Time for last 1,000,000:    2s.  Last read position: chr6:87,888,065
INFO	2024-07-03 15:19:36	MarkDuplicates	Tracking 152 as yet unmatched pairs. 152 records in RAM.
INFO	2024-07-03 15:19:39	MarkDuplicates	Read    57,000,000 records.  Elapsed time: 00:03:45s.  Time for last 1,000,000:    2s.  Last read position: chr6:125,122,271
INFO	2024-07-03 15:19:39	MarkDuplicates	Tracking 535 as yet unmatched pairs. 535 records in RAM.
INFO	2024-07-03 15:19:42	MarkDuplicates	Read    58,000,000 records.  Elapsed time: 00:03:48s.  Time for last 1,000,000:    3s.  Last read position: chr7:13,029,984
INFO	2024-07-03 15:19:42	MarkDuplicates	Tracking 2009 as yet unmatched pairs. 2009 records in RAM.
INFO	2024-07-03 15:19:47	MarkDuplicates	Read    59,000,000 records.  Elapsed time: 00:03:53s.  Time for last 1,000,000:    4s.  Last read position: chr7:41,145,020
INFO	2024-07-03 15:19:47	MarkDuplicates	Tracking 2 as yet unmatched pairs. 2 records in RAM.
INFO	2024-07-03 15:19:50	MarkDuplicates	Read    60,000,000 records.  Elapsed time: 00:03:56s.  Time for last 1,000,000:    3s.  Last read position: chr7:81,344,385
INFO	2024-07-03 15:19:50	MarkDuplicates	Tracking 4362 as yet unmatched pairs. 4362 records in RAM.
INFO	2024-07-03 15:19:53	MarkDuplicates	Read    61,000,000 records.  Elapsed time: 00:03:59s.  Time for last 1,000,000:    2s.  Last read position: chr7:119,741,937
INFO	2024-07-03 15:19:53	MarkDuplicates	Tracking 613 as yet unmatched pairs. 613 records in RAM.
INFO	2024-07-03 15:19:56	MarkDuplicates	Read    62,000,000 records.  Elapsed time: 00:04:02s.  Time for last 1,000,000:    3s.  Last read position: chr7:143,557,708
INFO	2024-07-03 15:19:56	MarkDuplicates	Tracking 48 as yet unmatched pairs. 48 records in RAM.
INFO	2024-07-03 15:20:02	MarkDuplicates	Read    63,000,000 records.  Elapsed time: 00:04:08s.  Time for last 1,000,000:    6s.  Last read position: chr8:46,639,373
INFO	2024-07-03 15:20:02	MarkDuplicates	Tracking 98 as yet unmatched pairs. 98 records in RAM.
INFO	2024-07-03 15:20:05	MarkDuplicates	Read    64,000,000 records.  Elapsed time: 00:04:11s.  Time for last 1,000,000:    3s.  Last read position: chr8:85,702,427
INFO	2024-07-03 15:20:05	MarkDuplicates	Tracking 8 as yet unmatched pairs. 8 records in RAM.
INFO	2024-07-03 15:20:08	MarkDuplicates	Read    65,000,000 records.  Elapsed time: 00:04:14s.  Time for last 1,000,000:    3s.  Last read position: chr8:122,006,212
INFO	2024-07-03 15:20:08	MarkDuplicates	Tracking 59 as yet unmatched pairs. 59 records in RAM.
INFO	2024-07-03 15:20:11	MarkDuplicates	Read    66,000,000 records.  Elapsed time: 00:04:17s.  Time for last 1,000,000:    3s.  Last read position: chr9:35,503,384
INFO	2024-07-03 15:20:11	MarkDuplicates	Tracking 7 as yet unmatched pairs. 7 records in RAM.
INFO	2024-07-03 15:20:19	MarkDuplicates	Read    67,000,000 records.  Elapsed time: 00:04:25s.  Time for last 1,000,000:    7s.  Last read position: chr9:61,407,397
INFO	2024-07-03 15:20:19	MarkDuplicates	Tracking 59 as yet unmatched pairs. 59 records in RAM.
INFO	2024-07-03 15:20:22	MarkDuplicates	Read    68,000,000 records.  Elapsed time: 00:04:28s.  Time for last 1,000,000:    2s.  Last read position: chr9:78,480,098
INFO	2024-07-03 15:20:22	MarkDuplicates	Tracking 7647 as yet unmatched pairs. 7647 records in RAM.
INFO	2024-07-03 15:20:25	MarkDuplicates	Read    69,000,000 records.  Elapsed time: 00:04:31s.  Time for last 1,000,000:    2s.  Last read position: chr9:110,379,572
INFO	2024-07-03 15:20:25	MarkDuplicates	Tracking 24 as yet unmatched pairs. 24 records in RAM.
INFO	2024-07-03 15:20:27	MarkDuplicates	Read    70,000,000 records.  Elapsed time: 00:04:33s.  Time for last 1,000,000:    2s.  Last read position: chrM:7,880
INFO	2024-07-03 15:20:27	MarkDuplicates	Tracking 1 as yet unmatched pairs. 1 records in RAM.
INFO	2024-07-03 15:20:33	MarkDuplicates	Read    71,000,000 records.  Elapsed time: 00:04:39s.  Time for last 1,000,000:    5s.  Last read position: chrX:62,776,356
INFO	2024-07-03 15:20:33	MarkDuplicates	Tracking 42 as yet unmatched pairs. 42 records in RAM.
INFO	2024-07-03 15:20:35	MarkDuplicates	Read    72,000,000 records.  Elapsed time: 00:04:41s.  Time for last 1,000,000:    2s.  Last read position: chrX:134,602,948
INFO	2024-07-03 15:20:35	MarkDuplicates	Tracking 89 as yet unmatched pairs. 89 records in RAM.
INFO	2024-07-03 15:20:37	MarkDuplicates	Read 72860872 records. 0 pairs never matched.
INFO	2024-07-03 15:20:40	MarkDuplicates	After buildSortedReadEndLists freeMemory: 1955653552; totalMemory: 1971847168; maxMemory: 1971847168
INFO	2024-07-03 15:20:40	MarkDuplicates	Will retain up to 61620224 duplicate indices before spilling to disk.
INFO	2024-07-03 15:20:41	MarkDuplicates	Traversing read pair information and detecting duplicates.
INFO	2024-07-03 15:20:50	MarkDuplicates	Traversing fragment information and detecting duplicates.
INFO	2024-07-03 15:21:02	MarkDuplicates	Sorting list of duplicate records.
INFO	2024-07-03 15:21:03	MarkDuplicates	After generateDuplicateIndexes freeMemory: 1528098056; totalMemory: 2038431744; maxMemory: 2038431744
INFO	2024-07-03 15:21:03	MarkDuplicates	Marking 1881070 records as duplicates.
INFO	2024-07-03 15:21:03	MarkDuplicates	Found 0 optical duplicate clusters.
INFO	2024-07-03 15:21:03	MarkDuplicates	Reads are assumed to be ordered by: coordinate
INFO	2024-07-03 15:21:49	MarkDuplicates	Written    10,000,000 records.  Elapsed time: 00:00:45s.  Time for last 10,000,000:   45s.  Last read position: chr12:22,447,051
INFO	2024-07-03 15:22:33	MarkDuplicates	Written    20,000,000 records.  Elapsed time: 00:01:29s.  Time for last 10,000,000:   43s.  Last read position: chr15:79,528,910
INFO	2024-07-03 15:23:17	MarkDuplicates	Written    30,000,000 records.  Elapsed time: 00:02:14s.  Time for last 10,000,000:   44s.  Last read position: chr19:5,493,484
INFO	2024-07-03 15:24:01	MarkDuplicates	Written    40,000,000 records.  Elapsed time: 00:02:58s.  Time for last 10,000,000:   44s.  Last read position: chr2:130,276,596
INFO	2024-07-03 15:24:46	MarkDuplicates	Written    50,000,000 records.  Elapsed time: 00:03:43s.  Time for last 10,000,000:   45s.  Last read position: chr4:155,558,014
INFO	2024-07-03 15:25:37	MarkDuplicates	Written    60,000,000 records.  Elapsed time: 00:04:33s.  Time for last 10,000,000:   50s.  Last read position: chr7:81,344,385
INFO	2024-07-03 15:26:28	MarkDuplicates	Written    70,000,000 records.  Elapsed time: 00:05:25s.  Time for last 10,000,000:   51s.  Last read position: chrM:7,880
INFO	2024-07-03 15:26:42	MarkDuplicates	Writing complete. Closing input iterator.
INFO	2024-07-03 15:26:42	MarkDuplicates	Duplicate Index cleanup.
INFO	2024-07-03 15:26:42	MarkDuplicates	Getting Memory Stats.
INFO	2024-07-03 15:26:42	MarkDuplicates	Before output close freeMemory: 2085268080; totalMemory: 2103967744; maxMemory: 2103967744
INFO	2024-07-03 15:26:42	MarkDuplicates	Closed outputs. Getting more Memory Stats.
INFO	2024-07-03 15:26:43	MarkDuplicates	After output close freeMemory: 2085268080; totalMemory: 2103967744; maxMemory: 2103967744
[Wed Jul 03 15:26:43 CEST 2024] picard.sam.markduplicates.MarkDuplicates done. Elapsed time: 10.82 minutes.
Runtime.totalMemory()=2103967744
[sam grooming] finished successfully at [Wed Jul 3 03:26:54 PM CEST 2024]
[collecting rRNA metrics] started at [Wed Jul 3 03:28:06 PM CEST 2024]
15:28:06.962 INFO  NativeLibraryLoader - Loading libgkl_compression.so from jar:file:/home/robin/bin/miniconda3/share/picard-2.26.2-0/picard.jar!/com/intel/gkl/native/libgkl_compression.so
[Wed Jul 03 15:28:07 CEST 2024] CollectRnaSeqMetrics --REF_FLAT /data/reference_genomes/mm10/mm10_RefSeq_refFlat.bed --RIBOSOMAL_INTERVALS /data/reference_genomes/mm10/mm10_rRNA.bed --STRAND_SPECIFICITY FIRST_READ_TRANSCRIPTION_STRAND --INPUT E14_36h_RNA_Yang2019_rep2_GSM3314688.bam --OUTPUT E14_36h_RNA_Yang2019_rep2_GSM3314688_RNAmetrics.txt --MINIMUM_LENGTH 500 --RRNA_FRAGMENT_PERCENTAGE 0.8 --METRIC_ACCUMULATION_LEVEL ALL_READS --END_BIAS_BASES 100 --ASSUME_SORTED true --STOP_AFTER 0 --VERBOSITY INFO --QUIET false --VALIDATION_STRINGENCY STRICT --COMPRESSION_LEVEL 5 --MAX_RECORDS_IN_RAM 500000 --CREATE_INDEX false --CREATE_MD5_FILE false --GA4GH_CLIENT_SECRETS client_secrets.json --help false --version false --showHidden false --USE_JDK_DEFLATER false --USE_JDK_INFLATER false
[Wed Jul 03 15:28:07 CEST 2024] Executing as robin@epipax.ijm.univ-paris-diderot.priv on Linux 6.1.0-21-amd64 amd64; OpenJDK 64-Bit Server VM 1.8.0_332-b09; Deflater: Intel; Inflater: Intel; Provider GCS is not available; Picard version: Version:2.26.2
INFO	2024-07-03 15:28:07	CollectRnaSeqMetrics	Loaded 24105 genes.
INFO	2024-07-03 15:28:11	SinglePassSamProgram	Processed     1,000,000 records.  Elapsed time: 00:00:04s.  Time for last 1,000,000:    4s.  Last read position: chr10:62,436,488
INFO	2024-07-03 15:28:15	SinglePassSamProgram	Processed     2,000,000 records.  Elapsed time: 00:00:08s.  Time for last 1,000,000:    4s.  Last read position: chr10:82,649,508
INFO	2024-07-03 15:28:19	SinglePassSamProgram	Processed     3,000,000 records.  Elapsed time: 00:00:11s.  Time for last 1,000,000:    3s.  Last read position: chr10:128,126,693
INFO	2024-07-03 15:28:22	SinglePassSamProgram	Processed     4,000,000 records.  Elapsed time: 00:00:14s.  Time for last 1,000,000:    3s.  Last read position: chr11:29,741,742
INFO	2024-07-03 15:28:25	SinglePassSamProgram	Processed     5,000,000 records.  Elapsed time: 00:00:18s.  Time for last 1,000,000:    3s.  Last read position: chr11:55,495,425
INFO	2024-07-03 15:28:29	SinglePassSamProgram	Processed     6,000,000 records.  Elapsed time: 00:00:21s.  Time for last 1,000,000:    3s.  Last read position: chr11:72,596,920
INFO	2024-07-03 15:28:32	SinglePassSamProgram	Processed     7,000,000 records.  Elapsed time: 00:00:24s.  Time for last 1,000,000:    3s.  Last read position: chr11:87,448,647
INFO	2024-07-03 15:28:35	SinglePassSamProgram	Processed     8,000,000 records.  Elapsed time: 00:00:27s.  Time for last 1,000,000:    2s.  Last read position: chr11:100,706,355
INFO	2024-07-03 15:28:38	SinglePassSamProgram	Processed     9,000,000 records.  Elapsed time: 00:00:30s.  Time for last 1,000,000:    2s.  Last read position: chr11:119,832,298
INFO	2024-07-03 15:28:41	SinglePassSamProgram	Processed    10,000,000 records.  Elapsed time: 00:00:33s.  Time for last 1,000,000:    3s.  Last read position: chr12:22,447,051
INFO	2024-07-03 15:28:43	SinglePassSamProgram	Processed    11,000,000 records.  Elapsed time: 00:00:35s.  Time for last 1,000,000:    2s.  Last read position: chr12:69,361,282
INFO	2024-07-03 15:28:46	SinglePassSamProgram	Processed    12,000,000 records.  Elapsed time: 00:00:38s.  Time for last 1,000,000:    2s.  Last read position: chr12:109,646,163
INFO	2024-07-03 15:28:49	SinglePassSamProgram	Processed    13,000,000 records.  Elapsed time: 00:00:41s.  Time for last 1,000,000:    2s.  Last read position: chr13:21,750,321
INFO	2024-07-03 15:28:51	SinglePassSamProgram	Processed    14,000,000 records.  Elapsed time: 00:00:43s.  Time for last 1,000,000:    1s.  Last read position: chr13:44,869,964
INFO	2024-07-03 15:28:54	SinglePassSamProgram	Processed    15,000,000 records.  Elapsed time: 00:00:46s.  Time for last 1,000,000:    3s.  Last read position: chr13:73,930,167
INFO	2024-07-03 15:28:56	SinglePassSamProgram	Processed    16,000,000 records.  Elapsed time: 00:00:49s.  Time for last 1,000,000:    2s.  Last read position: chr13:119,455,722
INFO	2024-07-03 15:28:59	SinglePassSamProgram	Processed    17,000,000 records.  Elapsed time: 00:00:52s.  Time for last 1,000,000:    2s.  Last read position: chr14:45,594,115
INFO	2024-07-03 15:29:02	SinglePassSamProgram	Processed    18,000,000 records.  Elapsed time: 00:00:55s.  Time for last 1,000,000:    2s.  Last read position: chr14:72,566,181
INFO	2024-07-03 15:29:05	SinglePassSamProgram	Processed    19,000,000 records.  Elapsed time: 00:00:57s.  Time for last 1,000,000:    2s.  Last read position: chr15:34,443,915
INFO	2024-07-03 15:29:09	SinglePassSamProgram	Processed    20,000,000 records.  Elapsed time: 00:01:01s.  Time for last 1,000,000:    3s.  Last read position: chr15:79,528,910
INFO	2024-07-03 15:29:11	SinglePassSamProgram	Processed    21,000,000 records.  Elapsed time: 00:01:04s.  Time for last 1,000,000:    2s.  Last read position: chr15:98,950,123
INFO	2024-07-03 15:29:15	SinglePassSamProgram	Processed    22,000,000 records.  Elapsed time: 00:01:07s.  Time for last 1,000,000:    3s.  Last read position: chr16:17,035,443
INFO	2024-07-03 15:29:18	SinglePassSamProgram	Processed    23,000,000 records.  Elapsed time: 00:01:10s.  Time for last 1,000,000:    3s.  Last read position: chr16:49,007,060
INFO	2024-07-03 15:29:20	SinglePassSamProgram	Processed    24,000,000 records.  Elapsed time: 00:01:13s.  Time for last 1,000,000:    2s.  Last read position: chr17:12,920,739
INFO	2024-07-03 15:29:23	SinglePassSamProgram	Processed    25,000,000 records.  Elapsed time: 00:01:16s.  Time for last 1,000,000:    2s.  Last read position: chr17:31,521,574
INFO	2024-07-03 15:29:26	SinglePassSamProgram	Processed    26,000,000 records.  Elapsed time: 00:01:18s.  Time for last 1,000,000:    2s.  Last read position: chr17:39,844,035
INFO	2024-07-03 15:29:28	SinglePassSamProgram	Processed    27,000,000 records.  Elapsed time: 00:01:21s.  Time for last 1,000,000:    2s.  Last read position: chr17:47,190,610
INFO	2024-07-03 15:29:32	SinglePassSamProgram	Processed    28,000,000 records.  Elapsed time: 00:01:24s.  Time for last 1,000,000:    3s.  Last read position: chr18:6,207,142
INFO	2024-07-03 15:29:35	SinglePassSamProgram	Processed    29,000,000 records.  Elapsed time: 00:01:27s.  Time for last 1,000,000:    3s.  Last read position: chr18:49,846,629
INFO	2024-07-03 15:29:38	SinglePassSamProgram	Processed    30,000,000 records.  Elapsed time: 00:01:30s.  Time for last 1,000,000:    2s.  Last read position: chr19:5,493,484
INFO	2024-07-03 15:29:41	SinglePassSamProgram	Processed    31,000,000 records.  Elapsed time: 00:01:34s.  Time for last 1,000,000:    3s.  Last read position: chr19:28,763,118
INFO	2024-07-03 15:29:44	SinglePassSamProgram	Processed    32,000,000 records.  Elapsed time: 00:01:37s.  Time for last 1,000,000:    3s.  Last read position: chr1:4,771,777
INFO	2024-07-03 15:29:48	SinglePassSamProgram	Processed    33,000,000 records.  Elapsed time: 00:01:40s.  Time for last 1,000,000:    3s.  Last read position: chr1:52,923,358
INFO	2024-07-03 15:29:51	SinglePassSamProgram	Processed    34,000,000 records.  Elapsed time: 00:01:44s.  Time for last 1,000,000:    3s.  Last read position: chr1:84,804,714
INFO	2024-07-03 15:29:55	SinglePassSamProgram	Processed    35,000,000 records.  Elapsed time: 00:01:47s.  Time for last 1,000,000:    3s.  Last read position: chr1:134,405,582
INFO	2024-07-03 15:29:58	SinglePassSamProgram	Processed    36,000,000 records.  Elapsed time: 00:01:50s.  Time for last 1,000,000:    3s.  Last read position: chr1:178,331,861
INFO	2024-07-03 15:30:02	SinglePassSamProgram	Processed    37,000,000 records.  Elapsed time: 00:01:55s.  Time for last 1,000,000:    4s.  Last read position: chr2:26,395,498
INFO	2024-07-03 15:30:06	SinglePassSamProgram	Processed    38,000,000 records.  Elapsed time: 00:01:58s.  Time for last 1,000,000:    3s.  Last read position: chr2:52,088,663
INFO	2024-07-03 15:30:11	SinglePassSamProgram	Processed    39,000,000 records.  Elapsed time: 00:02:03s.  Time for last 1,000,000:    4s.  Last read position: chr2:94,418,321
INFO	2024-07-03 15:30:15	SinglePassSamProgram	Processed    40,000,000 records.  Elapsed time: 00:02:07s.  Time for last 1,000,000:    4s.  Last read position: chr2:130,276,596
INFO	2024-07-03 15:30:20	SinglePassSamProgram	Processed    41,000,000 records.  Elapsed time: 00:02:12s.  Time for last 1,000,000:    5s.  Last read position: chr2:158,293,919
INFO	2024-07-03 15:30:23	SinglePassSamProgram	Processed    42,000,000 records.  Elapsed time: 00:02:15s.  Time for last 1,000,000:    3s.  Last read position: chr2:181,869,210
INFO	2024-07-03 15:30:26	SinglePassSamProgram	Processed    43,000,000 records.  Elapsed time: 00:02:18s.  Time for last 1,000,000:    2s.  Last read position: chr3:69,726,437
INFO	2024-07-03 15:30:29	SinglePassSamProgram	Processed    44,000,000 records.  Elapsed time: 00:02:22s.  Time for last 1,000,000:    3s.  Last read position: chr3:96,488,778
INFO	2024-07-03 15:30:32	SinglePassSamProgram	Processed    45,000,000 records.  Elapsed time: 00:02:25s.  Time for last 1,000,000:    3s.  Last read position: chr3:152,219,989
INFO	2024-07-03 15:30:36	SinglePassSamProgram	Processed    46,000,000 records.  Elapsed time: 00:02:28s.  Time for last 1,000,000:    3s.  Last read position: chr4:48,081,899
INFO	2024-07-03 15:30:39	SinglePassSamProgram	Processed    47,000,000 records.  Elapsed time: 00:02:32s.  Time for last 1,000,000:    3s.  Last read position: chr4:116,200,787
INFO	2024-07-03 15:30:43	SinglePassSamProgram	Processed    48,000,000 records.  Elapsed time: 00:02:36s.  Time for last 1,000,000:    3s.  Last read position: chr4:132,204,817
INFO	2024-07-03 15:30:46	SinglePassSamProgram	Processed    49,000,000 records.  Elapsed time: 00:02:39s.  Time for last 1,000,000:    2s.  Last read position: chr4:146,195,749
INFO	2024-07-03 15:30:49	SinglePassSamProgram	Processed    50,000,000 records.  Elapsed time: 00:02:41s.  Time for last 1,000,000:    2s.  Last read position: chr4:155,558,014
INFO	2024-07-03 15:30:52	SinglePassSamProgram	Processed    51,000,000 records.  Elapsed time: 00:02:44s.  Time for last 1,000,000:    3s.  Last read position: chr5:34,581,271
INFO	2024-07-03 15:30:55	SinglePassSamProgram	Processed    52,000,000 records.  Elapsed time: 00:02:48s.  Time for last 1,000,000:    3s.  Last read position: chr5:99,958,680
INFO	2024-07-03 15:30:59	SinglePassSamProgram	Processed    53,000,000 records.  Elapsed time: 00:02:51s.  Time for last 1,000,000:    3s.  Last read position: chr5:123,255,696
INFO	2024-07-03 15:31:02	SinglePassSamProgram	Processed    54,000,000 records.  Elapsed time: 00:02:55s.  Time for last 1,000,000:    3s.  Last read position: chr5:143,932,839
INFO	2024-07-03 15:31:06	SinglePassSamProgram	Processed    55,000,000 records.  Elapsed time: 00:02:58s.  Time for last 1,000,000:    3s.  Last read position: chr6:47,525,901
INFO	2024-07-03 15:31:09	SinglePassSamProgram	Processed    56,000,000 records.  Elapsed time: 00:03:01s.  Time for last 1,000,000:    3s.  Last read position: chr6:87,888,065
INFO	2024-07-03 15:31:13	SinglePassSamProgram	Processed    57,000,000 records.  Elapsed time: 00:03:05s.  Time for last 1,000,000:    3s.  Last read position: chr6:125,122,271
INFO	2024-07-03 15:31:16	SinglePassSamProgram	Processed    58,000,000 records.  Elapsed time: 00:03:08s.  Time for last 1,000,000:    2s.  Last read position: chr7:13,029,984
INFO	2024-07-03 15:31:19	SinglePassSamProgram	Processed    59,000,000 records.  Elapsed time: 00:03:11s.  Time for last 1,000,000:    3s.  Last read position: chr7:41,145,020
INFO	2024-07-03 15:31:22	SinglePassSamProgram	Processed    60,000,000 records.  Elapsed time: 00:03:15s.  Time for last 1,000,000:    3s.  Last read position: chr7:81,344,385
INFO	2024-07-03 15:31:26	SinglePassSamProgram	Processed    61,000,000 records.  Elapsed time: 00:03:18s.  Time for last 1,000,000:    3s.  Last read position: chr7:119,741,937
INFO	2024-07-03 15:31:29	SinglePassSamProgram	Processed    62,000,000 records.  Elapsed time: 00:03:22s.  Time for last 1,000,000:    3s.  Last read position: chr7:143,557,708
INFO	2024-07-03 15:31:32	SinglePassSamProgram	Processed    63,000,000 records.  Elapsed time: 00:03:25s.  Time for last 1,000,000:    2s.  Last read position: chr8:46,639,373
INFO	2024-07-03 15:31:35	SinglePassSamProgram	Processed    64,000,000 records.  Elapsed time: 00:03:28s.  Time for last 1,000,000:    3s.  Last read position: chr8:85,702,427
INFO	2024-07-03 15:31:39	SinglePassSamProgram	Processed    65,000,000 records.  Elapsed time: 00:03:31s.  Time for last 1,000,000:    3s.  Last read position: chr8:122,006,212
INFO	2024-07-03 15:31:43	SinglePassSamProgram	Processed    66,000,000 records.  Elapsed time: 00:03:35s.  Time for last 1,000,000:    3s.  Last read position: chr9:35,503,384
INFO	2024-07-03 15:31:46	SinglePassSamProgram	Processed    67,000,000 records.  Elapsed time: 00:03:38s.  Time for last 1,000,000:    3s.  Last read position: chr9:61,407,397
INFO	2024-07-03 15:31:49	SinglePassSamProgram	Processed    68,000,000 records.  Elapsed time: 00:03:41s.  Time for last 1,000,000:    2s.  Last read position: chr9:78,480,098
INFO	2024-07-03 15:31:52	SinglePassSamProgram	Processed    69,000,000 records.  Elapsed time: 00:03:45s.  Time for last 1,000,000:    3s.  Last read position: chr9:110,379,572
INFO	2024-07-03 15:31:54	SinglePassSamProgram	Processed    70,000,000 records.  Elapsed time: 00:03:47s.  Time for last 1,000,000:    2s.  Last read position: chrM:7,880
INFO	2024-07-03 15:31:57	SinglePassSamProgram	Processed    71,000,000 records.  Elapsed time: 00:03:50s.  Time for last 1,000,000:    3s.  Last read position: chrX:62,776,356
INFO	2024-07-03 15:32:01	SinglePassSamProgram	Processed    72,000,000 records.  Elapsed time: 00:03:53s.  Time for last 1,000,000:    3s.  Last read position: chrX:134,602,948
[Wed Jul 03 15:32:04 CEST 2024] picard.analysis.CollectRnaSeqMetrics done. Elapsed time: 3.96 minutes.
Runtime.totalMemory()=772800512
[trueStats] Collecting alignment statistics for E14_36h_RNA_Yang2019_rep2_GSM3314688.bam at [Wed Jul 3 03:33:18 PM CEST 2024]
[preseq] started on E14_36h_RNA_Yang2019_rep2_GSM3314688.bam at [Wed Jul 3 03:36:27 PM CEST 2024]
[preseq] finished successfully at [Wed Jul 3 03:44:53 PM CEST 2024]
[stringTie] Performing de novo assembly of transcripts at [Wed Jul 3 03:46:22 PM CEST 2024]
Warning: gene "NM_001085552" (on chrX) has reference transcripts on both strands?
Warning: gene "NM_001085545" (on chrX) has reference transcripts on both strands?
Warning: gene "NM_001085551" (on chrX) has reference transcripts on both strands?
Warning: gene "NM_001099643" (on chrX) has reference transcripts on both strands?
Warning: gene "NM_001243001" (on chrX) has reference transcripts on both strands?
Warning: gene "NM_001099643" (on chrX) has reference transcripts on both strands?
Warning: gene "NM_001243001" (on chrX) has reference transcripts on both strands?
Warning: gene "NM_001102678" (on chrX) has reference transcripts on both strands?
Warning: gene "NM_001109970" (on chrX) has reference transcripts on both strands?
Warning: gene "NM_001099919" (on chrX) has reference transcripts on both strands?
Warning: gene "NM_001099347" (on chrX) has reference transcripts on both strands?
Warning: gene "NM_001100610" (on chrX) has reference transcripts on both strands?
Warning: gene "NM_001110250" (on chrX) has reference transcripts on both strands?
Warning: gene "NM_001099325" (on chrX) has reference transcripts on both strands?
Warning: gene "NM_001109969" (on chrX) has reference transcripts on both strands?
Warning: gene "NM_001100609" (on chrX) has reference transcripts on both strands?
Warning: gene "NM_009529" (on chrX) has reference transcripts on both strands?
Warning: gene "NM_001102678" (on chrX) has reference transcripts on both strands?
Warning: gene "NM_001109970" (on chrX) has reference transcripts on both strands?
Warning: gene "NM_001099919" (on chrX) has reference transcripts on both strands?
Warning: gene "NM_001099347" (on chrX) has reference transcripts on both strands?
Warning: gene "NM_001100610" (on chrX) has reference transcripts on both strands?
Warning: gene "NM_001110250" (on chrX) has reference transcripts on both strands?
Warning: gene "NM_001099325" (on chrX) has reference transcripts on both strands?
Warning: gene "NM_001109969" (on chrX) has reference transcripts on both strands?
Warning: gene "NM_001085552" (on chrX) has reference transcripts on both strands?
Warning: gene "NM_001085545" (on chrX) has reference transcripts on both strands?
Warning: gene "NM_001085551" (on chrX) has reference transcripts on both strands?
Warning: gene "NM_001085553" (on chrX) has reference transcripts on both strands?
Warning: gene "NM_001243011" (on chrX) has reference transcripts on both strands?
Warning: gene "NM_001270685" (on chrX) has reference transcripts on both strands?
Warning: gene "NM_029106" (on chrX) has reference transcripts on both strands?
Warning: gene "NM_001270685" (on chrX) has reference transcripts on both strands?
Warning: gene "NM_001100609" (on chrX) has reference transcripts on both strands?
Warning: gene "NM_009529" (on chrX) has reference transcripts on both strands?
Warning: gene "NM_001102678" (on chrX) has reference transcripts on both strands?
Warning: gene "NM_001109970" (on chrX) has reference transcripts on both strands?
Warning: gene "NM_001099919" (on chrX) has reference transcripts on both strands?
Warning: gene "NM_001099347" (on chrX) has reference transcripts on both strands?
Warning: gene "NM_001100610" (on chrX) has reference transcripts on both strands?
Warning: gene "NM_001110250" (on chrX) has reference transcripts on both strands?
Warning: gene "NM_001099325" (on chrX) has reference transcripts on both strands?
Warning: gene "NM_001109969" (on chrX) has reference transcripts on both strands?
Warning: gene "NM_001163195" (on chrX) has reference transcripts on both strands?
Warning: gene "NM_001126317" (on chrX) has reference transcripts on both strands?
Warning: gene "NM_001142750" (on chrX) has reference transcripts on both strands?
Warning: gene "NM_153109" (on chrX) has reference transcripts on both strands?
Warning: gene "NR_126545" (on chrY) has reference transcripts on both strands?
Warning: gene "NR_126546" (on chrY) has reference transcripts on both strands?
Warning: gene "NM_001113395" (on chrY) has reference transcripts on both strands?
Warning: gene "NM_001177569" (on chrY) has reference transcripts on both strands?
Warning: gene "NM_001160143" (on chrY) has reference transcripts on both strands?
Warning: gene "NM_207162" (on chrY) has reference transcripts on both strands?
Warning: gene "NM_001160143" (on chrY) has reference transcripts on both strands?
Warning: gene "NM_207162" (on chrY) has reference transcripts on both strands?
Warning: gene "NM_001037748" (on chrY) has reference transcripts on both strands?
Warning: gene "NM_001160141" (on chrY) has reference transcripts on both strands?
Warning: gene "NM_001025241" (on chrY) has reference transcripts on both strands?
Warning: gene "NM_001037748" (on chrY) has reference transcripts on both strands?
Warning: gene "NM_001160143" (on chrY) has reference transcripts on both strands?
Warning: gene "NM_207162" (on chrY) has reference transcripts on both strands?
Warning: gene "NM_001160143" (on chrY) has reference transcripts on both strands?
Warning: gene "NM_207162" (on chrY) has reference transcripts on both strands?
Warning: gene "NM_001037748" (on chrY) has reference transcripts on both strands?
Warning: gene "NM_001160141" (on chrY) has reference transcripts on both strands?
Warning: gene "NM_023546" (on chrY) has reference transcripts on both strands?
Warning: gene "NM_001160143" (on chrY) has reference transcripts on both strands?
Warning: gene "NM_001037748" (on chrY) has reference transcripts on both strands?
Warning: gene "NM_001160143" (on chrY) has reference transcripts on both strands?
Warning: gene "NM_001037748" (on chrY) has reference transcripts on both strands?
Warning: gene "NM_001160137" (on chrY) has reference transcripts on both strands?
Warning: gene "NM_001160141" (on chrY) has reference transcripts on both strands?
Warning: gene "NM_001025241" (on chrY) has reference transcripts on both strands?
Warning: gene "NM_001037748" (on chrY) has reference transcripts on both strands?
Warning: gene "NM_001037748" (on chrY) has reference transcripts on both strands?
Warning: gene "NM_001160136" (on chrY) has reference transcripts on both strands?
Warning: gene "NM_001037748" (on chrY) has reference transcripts on both strands?
Warning: gene "NM_023546" (on chrY) has reference transcripts on both strands?
Warning: gene "NM_023546" (on chrY) has reference transcripts on both strands?
Warning: gene "NM_001025241" (on chrY) has reference transcripts on both strands?
Warning: gene "NM_001037748" (on chrY) has reference transcripts on both strands?
Warning: gene "NM_001011820" (on chr13) has reference transcripts on both strands?
[stringTie] De novo transcriptome assembly completed successfully at [Wed Jul 3 03:50:13 PM CEST 2024]
[bamToWigCPMsmoothKeepDup] Started with bin size: 1 and smoothing over 0 bp and KEEPING DUPLICATES at [Wed Jul 3 03:50:13 PM CEST 2024]
There are 69561867 alignments, of which 1526415 are completely within a blacklist region.
Due to filtering, 71.5077865651057% of the aforementioned alignments will be used 48650645.80476494
[bamToWigCPMsmoothKeepDup] finished successfully at [Wed Jul 3 03:58:00 PM CEST 2024]
[file cleanup] started. Good job! at [Wed Jul 3 03:58:00 PM CEST 2024]
cp: cannot stat '*.pdf': No such file or directory
mv: cannot stat '*.bed': No such file or directory
mv: preserving times for '/data/bigWigs/E14_36h_RNA_Yang2019_rep2_GSM3314688_trimV5_mm10_kpDup_q255_b1_s0_CPM.bw': Operation not permitted
mv: preserving permissions for /data/bigWigs/E14_36h_RNA_Yang2019_rep2_GSM3314688_trimV5_mm10_kpDup_q255_b1_s0_CPM.bw: Operation not permitted
mv: preserving times for '/data/bams/E14_36h_RNA_Yang2019_rep2_GSM3314688_trimV5_mm10.bam': Operation not permitted
mv: preserving permissions for /data/bams/E14_36h_RNA_Yang2019_rep2_GSM3314688_trimV5_mm10.bam: Operation not permitted
mv: preserving times for '/data/bams/E14_36h_RNA_Yang2019_rep2_GSM3314688_trimV5_mm10.bam.bai': Operation not permitted
mv: preserving permissions for /data/bams/E14_36h_RNA_Yang2019_rep2_GSM3314688_trimV5_mm10.bam.bai: Operation not permitted
mv: preserving times for '/data/stringTie/E14_36h_RNA_Yang2019_rep2_GSM3314688_trimV5_mm10.gtf': Operation not permitted
mv: preserving permissions for /data/stringTie/E14_36h_RNA_Yang2019_rep2_GSM3314688_trimV5_mm10.gtf: Operation not permitted
