SCRATCH: /scratch
ls: cannot access '/data/fastq/E14_48h_H3K9me2_ChIP_Yang2019_GSM3314739*_R2.fastq.gz': No such file or directory
[masterDownload] Data are single-end. at [Wed Jul 3 11:20:13 PM CEST 2024]
[checkDependencies] Checking Dependencies [Wed Jul 3 11:20:14 PM CEST 2024] at [Wed Jul 3 11:20:14 PM CEST 2024]
[setup checkDependencies] trimmomatic... at [Wed Jul 3 11:20:14 PM CEST 2024]
[setup checkDependencies] STAR... at [Wed Jul 3 11:20:14 PM CEST 2024]
[setup checkDependencies] bismark... at [Wed Jul 3 11:20:14 PM CEST 2024]
[setup checkDependencies] bowtie2... at [Wed Jul 3 11:20:14 PM CEST 2024]
[setup checkDependencies] samtools... at [Wed Jul 3 11:20:14 PM CEST 2024]
[setup checkDependencies] picard... at [Wed Jul 3 11:20:14 PM CEST 2024]
[setup checkDependencies] awk... at [Wed Jul 3 11:20:14 PM CEST 2024]
[setup checkDependencies] bamCoverage... at [Wed Jul 3 11:20:14 PM CEST 2024]
[setup checkDependencies] fastqc... at [Wed Jul 3 11:20:14 PM CEST 2024]
[setup checkDependencies] fastq_screen... at [Wed Jul 3 11:20:14 PM CEST 2024]
[setup checkDependencies] stringtie... at [Wed Jul 3 11:20:14 PM CEST 2024]
[setup checkDependencies] clumpify.sh... at [Wed Jul 3 11:20:14 PM CEST 2024]
PAIRED: false
[setUpLogFile] Script started at [Wed Jul 3 11:20:14 PM CEST 2024] at [Wed Jul 3 11:20:14 PM CEST 2024]
[fastQC] started on raw FASTQs at [Wed Jul 3 11:20:14 PM CEST 2024]
Started analysis of E14_48h_H3K9me2_ChIP_Yang2019_GSM3314739_raw.fastq.gz
Approx 5% complete for E14_48h_H3K9me2_ChIP_Yang2019_GSM3314739_raw.fastq.gz
Approx 10% complete for E14_48h_H3K9me2_ChIP_Yang2019_GSM3314739_raw.fastq.gz
Approx 15% complete for E14_48h_H3K9me2_ChIP_Yang2019_GSM3314739_raw.fastq.gz
Approx 20% complete for E14_48h_H3K9me2_ChIP_Yang2019_GSM3314739_raw.fastq.gz
Approx 25% complete for E14_48h_H3K9me2_ChIP_Yang2019_GSM3314739_raw.fastq.gz
Approx 30% complete for E14_48h_H3K9me2_ChIP_Yang2019_GSM3314739_raw.fastq.gz
Approx 35% complete for E14_48h_H3K9me2_ChIP_Yang2019_GSM3314739_raw.fastq.gz
Approx 40% complete for E14_48h_H3K9me2_ChIP_Yang2019_GSM3314739_raw.fastq.gz
Approx 45% complete for E14_48h_H3K9me2_ChIP_Yang2019_GSM3314739_raw.fastq.gz
Approx 50% complete for E14_48h_H3K9me2_ChIP_Yang2019_GSM3314739_raw.fastq.gz
Approx 55% complete for E14_48h_H3K9me2_ChIP_Yang2019_GSM3314739_raw.fastq.gz
Approx 60% complete for E14_48h_H3K9me2_ChIP_Yang2019_GSM3314739_raw.fastq.gz
Approx 65% complete for E14_48h_H3K9me2_ChIP_Yang2019_GSM3314739_raw.fastq.gz
Approx 70% complete for E14_48h_H3K9me2_ChIP_Yang2019_GSM3314739_raw.fastq.gz
Approx 75% complete for E14_48h_H3K9me2_ChIP_Yang2019_GSM3314739_raw.fastq.gz
Approx 80% complete for E14_48h_H3K9me2_ChIP_Yang2019_GSM3314739_raw.fastq.gz
Approx 85% complete for E14_48h_H3K9me2_ChIP_Yang2019_GSM3314739_raw.fastq.gz
Approx 90% complete for E14_48h_H3K9me2_ChIP_Yang2019_GSM3314739_raw.fastq.gz
Approx 95% complete for E14_48h_H3K9me2_ChIP_Yang2019_GSM3314739_raw.fastq.gz
Analysis complete for E14_48h_H3K9me2_ChIP_Yang2019_GSM3314739_raw.fastq.gz
[fastQC] on raw FASTQs finished succesfully. Will remove PCR duplicates now at [Wed Jul 3 11:24:44 PM CEST 2024]
Reads are length: 52 at [Wed Jul 3 11:24:45 PM CEST 2024]
Reads with same sequence 1 or fewer substitutions will be marked as PCR duplicates at [Wed Jul 3 11:24:45 PM CEST 2024]
Removal of PCR duplicates complete! at [Wed Jul 3 11:54:39 PM CEST 2024]
[trimReads] Started using version trimV5 parameters at [Wed Jul 3 11:54:39 PM CEST 2024]
ILLUMINACLIP:/data/reference_genomes/adapters/adapters.fa:2:30:10 SLIDINGWINDOW:4:20 MINLEN:24
[trimReads] Trimming E14_48h_H3K9me2_ChIP_Yang2019_GSM3314739.fastq.gz... at [Wed Jul 3 11:54:39 PM CEST 2024]
[trimReads] Finished successfully at [Thu Jul 4 12:05:55 AM CEST 2024]
[fastQC] started on E14_48h_H3K9me2_ChIP_Yang2019_GSM3314739.fastq.gz E14_48h_H3K9me2_ChIP_Yang2019_GSM3314739_trimV5.fastq.gz at [Thu Jul 4 12:05:55 AM CEST 2024]
Started analysis of E14_48h_H3K9me2_ChIP_Yang2019_GSM3314739.fastq.gz
Started analysis of E14_48h_H3K9me2_ChIP_Yang2019_GSM3314739_trimV5.fastq.gz
Approx 5% complete for E14_48h_H3K9me2_ChIP_Yang2019_GSM3314739_trimV5.fastq.gz
Approx 5% complete for E14_48h_H3K9me2_ChIP_Yang2019_GSM3314739.fastq.gz
Approx 10% complete for E14_48h_H3K9me2_ChIP_Yang2019_GSM3314739.fastq.gz
Approx 10% complete for E14_48h_H3K9me2_ChIP_Yang2019_GSM3314739_trimV5.fastq.gz
Approx 15% complete for E14_48h_H3K9me2_ChIP_Yang2019_GSM3314739_trimV5.fastq.gz
Approx 15% complete for E14_48h_H3K9me2_ChIP_Yang2019_GSM3314739.fastq.gz
Approx 20% complete for E14_48h_H3K9me2_ChIP_Yang2019_GSM3314739_trimV5.fastq.gz
Approx 20% complete for E14_48h_H3K9me2_ChIP_Yang2019_GSM3314739.fastq.gz
Approx 25% complete for E14_48h_H3K9me2_ChIP_Yang2019_GSM3314739_trimV5.fastq.gz
Approx 25% complete for E14_48h_H3K9me2_ChIP_Yang2019_GSM3314739.fastq.gz
Approx 30% complete for E14_48h_H3K9me2_ChIP_Yang2019_GSM3314739_trimV5.fastq.gz
Approx 30% complete for E14_48h_H3K9me2_ChIP_Yang2019_GSM3314739.fastq.gz
Approx 35% complete for E14_48h_H3K9me2_ChIP_Yang2019_GSM3314739_trimV5.fastq.gz
Approx 35% complete for E14_48h_H3K9me2_ChIP_Yang2019_GSM3314739.fastq.gz
Approx 40% complete for E14_48h_H3K9me2_ChIP_Yang2019_GSM3314739_trimV5.fastq.gz
Approx 40% complete for E14_48h_H3K9me2_ChIP_Yang2019_GSM3314739.fastq.gz
Approx 45% complete for E14_48h_H3K9me2_ChIP_Yang2019_GSM3314739_trimV5.fastq.gz
Approx 45% complete for E14_48h_H3K9me2_ChIP_Yang2019_GSM3314739.fastq.gz
Approx 50% complete for E14_48h_H3K9me2_ChIP_Yang2019_GSM3314739_trimV5.fastq.gz
Approx 50% complete for E14_48h_H3K9me2_ChIP_Yang2019_GSM3314739.fastq.gz
Approx 55% complete for E14_48h_H3K9me2_ChIP_Yang2019_GSM3314739_trimV5.fastq.gz
Approx 55% complete for E14_48h_H3K9me2_ChIP_Yang2019_GSM3314739.fastq.gz
Approx 60% complete for E14_48h_H3K9me2_ChIP_Yang2019_GSM3314739_trimV5.fastq.gz
Approx 60% complete for E14_48h_H3K9me2_ChIP_Yang2019_GSM3314739.fastq.gz
Approx 65% complete for E14_48h_H3K9me2_ChIP_Yang2019_GSM3314739_trimV5.fastq.gz
Approx 65% complete for E14_48h_H3K9me2_ChIP_Yang2019_GSM3314739.fastq.gz
Approx 70% complete for E14_48h_H3K9me2_ChIP_Yang2019_GSM3314739_trimV5.fastq.gz
Approx 70% complete for E14_48h_H3K9me2_ChIP_Yang2019_GSM3314739.fastq.gz
Approx 75% complete for E14_48h_H3K9me2_ChIP_Yang2019_GSM3314739_trimV5.fastq.gz
Approx 75% complete for E14_48h_H3K9me2_ChIP_Yang2019_GSM3314739.fastq.gz
Approx 80% complete for E14_48h_H3K9me2_ChIP_Yang2019_GSM3314739_trimV5.fastq.gz
Approx 85% complete for E14_48h_H3K9me2_ChIP_Yang2019_GSM3314739_trimV5.fastq.gz
Approx 80% complete for E14_48h_H3K9me2_ChIP_Yang2019_GSM3314739.fastq.gz
Approx 90% complete for E14_48h_H3K9me2_ChIP_Yang2019_GSM3314739_trimV5.fastq.gz
Approx 85% complete for E14_48h_H3K9me2_ChIP_Yang2019_GSM3314739.fastq.gz
Approx 95% complete for E14_48h_H3K9me2_ChIP_Yang2019_GSM3314739_trimV5.fastq.gz
Approx 90% complete for E14_48h_H3K9me2_ChIP_Yang2019_GSM3314739.fastq.gz
Analysis complete for E14_48h_H3K9me2_ChIP_Yang2019_GSM3314739_trimV5.fastq.gz
Approx 95% complete for E14_48h_H3K9me2_ChIP_Yang2019_GSM3314739.fastq.gz
Analysis complete for E14_48h_H3K9me2_ChIP_Yang2019_GSM3314739.fastq.gz
[fastQC] finished succesfully at [Thu Jul 4 12:09:49 AM CEST 2024]
[bowtie2 alignment] started with reference /data/reference_genomes/mm10/mm10 at [Thu Jul 4 12:09:49 AM CEST 2024]
[alignment] Bowtie2 alignment finished successfully at [Thu Jul 4 12:47:36 AM CEST 2024]
[sam grooming] started at [Thu Jul 4 12:49:48 AM CEST 2024]
00:49:49.127 INFO  NativeLibraryLoader - Loading libgkl_compression.so from jar:file:/home/robin/bin/miniconda3/share/picard-2.26.2-0/picard.jar!/com/intel/gkl/native/libgkl_compression.so
[Thu Jul 04 00:49:49 CEST 2024] CleanSam --INPUT E14_48h_H3K9me2_ChIP_Yang2019_GSM3314739_raw.sam --OUTPUT E14_48h_H3K9me2_ChIP_Yang2019_GSM3314739_cleaned.sam --TMP_DIR . --VERBOSITY INFO --QUIET false --VALIDATION_STRINGENCY STRICT --COMPRESSION_LEVEL 5 --MAX_RECORDS_IN_RAM 500000 --CREATE_INDEX false --CREATE_MD5_FILE false --GA4GH_CLIENT_SECRETS client_secrets.json --help false --version false --showHidden false --USE_JDK_DEFLATER false --USE_JDK_INFLATER false
[Thu Jul 04 00:49:49 CEST 2024] Executing as robin@epipax.ijm.univ-paris-diderot.priv on Linux 6.1.0-21-amd64 amd64; OpenJDK 64-Bit Server VM 1.8.0_332-b09; Deflater: Intel; Inflater: Intel; Provider GCS is not available; Picard version: Version:2.26.2
INFO	2024-07-04 00:49:49	CleanSam	Seen many non-increasing record positions. Printing Read-names as well.
INFO	2024-07-04 00:49:56	CleanSam	Processed     1,000,000 records.  Elapsed time: 00:00:06s.  Time for last 1,000,000:    6s.  Last read position: chr16:37,165,362.  Last read name: SRR7624427.6060989
INFO	2024-07-04 00:50:02	CleanSam	Processed     2,000,000 records.  Elapsed time: 00:00:13s.  Time for last 1,000,000:    6s.  Last read position: chr1:152,078,975.  Last read name: SRR7624427.993527
INFO	2024-07-04 00:50:08	CleanSam	Processed     3,000,000 records.  Elapsed time: 00:00:18s.  Time for last 1,000,000:    5s.  Last read position: chr3:145,348,424.  Last read name: SRR7624427.54947538
INFO	2024-07-04 00:50:13	CleanSam	Processed     4,000,000 records.  Elapsed time: 00:00:24s.  Time for last 1,000,000:    5s.  Last read position: chr18:41,537,326.  Last read name: SRR7624427.7317579
INFO	2024-07-04 00:50:19	CleanSam	Processed     5,000,000 records.  Elapsed time: 00:00:30s.  Time for last 1,000,000:    6s.  Last read position: chr10:76,147,597.  Last read name: SRR7624427.46051471
INFO	2024-07-04 00:50:25	CleanSam	Processed     6,000,000 records.  Elapsed time: 00:00:35s.  Time for last 1,000,000:    5s.  Last read position: chr1:136,819,864.  Last read name: SRR7624427.22842353
INFO	2024-07-04 00:50:30	CleanSam	Processed     7,000,000 records.  Elapsed time: 00:00:41s.  Time for last 1,000,000:    5s.  Last read position: chr11:16,895,490.  Last read name: SRR7624427.46534007
INFO	2024-07-04 00:50:36	CleanSam	Processed     8,000,000 records.  Elapsed time: 00:00:46s.  Time for last 1,000,000:    5s.  Last read position: chr7:87,741,956.  Last read name: SRR7624427.13746335
INFO	2024-07-04 00:50:41	CleanSam	Processed     9,000,000 records.  Elapsed time: 00:00:52s.  Time for last 1,000,000:    5s.  Last read position: chr17:83,884,471.  Last read name: SRR7624427.51454681
INFO	2024-07-04 00:50:47	CleanSam	Processed    10,000,000 records.  Elapsed time: 00:00:58s.  Time for last 1,000,000:    6s.  Last read position: chr7:94,955,446.  Last read name: SRR7624427.35932482
INFO	2024-07-04 00:50:54	CleanSam	Processed    11,000,000 records.  Elapsed time: 00:01:04s.  Time for last 1,000,000:    6s.  Last read position: chr6:134,326,378.  Last read name: SRR7624427.57869334
INFO	2024-07-04 00:50:59	CleanSam	Processed    12,000,000 records.  Elapsed time: 00:01:10s.  Time for last 1,000,000:    5s.  Last read position: chrY:71,267,683.  Last read name: SRR7624427.39471056
INFO	2024-07-04 00:51:06	CleanSam	Processed    13,000,000 records.  Elapsed time: 00:01:16s.  Time for last 1,000,000:    6s.  Last read position: chr1:73,643,261.  Last read name: SRR7624427.22410329
INFO	2024-07-04 00:51:12	CleanSam	Processed    14,000,000 records.  Elapsed time: 00:01:22s.  Time for last 1,000,000:    5s.  Last read position: chr13:45,633,031.  Last read name: SRR7624427.25912678
INFO	2024-07-04 00:51:18	CleanSam	Processed    15,000,000 records.  Elapsed time: 00:01:29s.  Time for last 1,000,000:    6s.  Last read position: chr3:111,305,615.  Last read name: SRR7624427.54695744
INFO	2024-07-04 00:51:24	CleanSam	Processed    16,000,000 records.  Elapsed time: 00:01:35s.  Time for last 1,000,000:    6s.  Last read position: chr6:20,563,595.  Last read name: SRR7624427.57085619
INFO	2024-07-04 00:51:30	CleanSam	Processed    17,000,000 records.  Elapsed time: 00:01:41s.  Time for last 1,000,000:    5s.  Last read position: chr19:54,832,303.  Last read name: SRR7624427.7994899
INFO	2024-07-04 00:51:36	CleanSam	Processed    18,000,000 records.  Elapsed time: 00:01:47s.  Time for last 1,000,000:    5s.  Last read position: chr9:82,072,330.  Last read name: SRR7624427.60284074
INFO	2024-07-04 00:51:42	CleanSam	Processed    19,000,000 records.  Elapsed time: 00:01:53s.  Time for last 1,000,000:    6s.  Last read position: chr16:69,683,753.  Last read name: SRR7624427.50720596
INFO	2024-07-04 00:51:48	CleanSam	Processed    20,000,000 records.  Elapsed time: 00:01:59s.  Time for last 1,000,000:    5s.  Last read position: */*.  Last read name: SRR7624427.18204907
INFO	2024-07-04 00:51:54	CleanSam	Processed    21,000,000 records.  Elapsed time: 00:02:05s.  Time for last 1,000,000:    5s.  Last read position: chr12:10,434,175.  Last read name: SRR7624427.24904598
INFO	2024-07-04 00:52:01	CleanSam	Processed    22,000,000 records.  Elapsed time: 00:02:12s.  Time for last 1,000,000:    7s.  Last read position: chr17:52,587,872.  Last read name: SRR7624427.28807561
INFO	2024-07-04 00:52:07	CleanSam	Processed    23,000,000 records.  Elapsed time: 00:02:17s.  Time for last 1,000,000:    5s.  Last read position: chr1:28,652,012.  Last read name: SRR7624427.44388807
INFO	2024-07-04 00:52:12	CleanSam	Processed    24,000,000 records.  Elapsed time: 00:02:23s.  Time for last 1,000,000:    5s.  Last read position: chr6:56,120,308.  Last read name: SRR7624427.57328701
INFO	2024-07-04 00:52:18	CleanSam	Processed    25,000,000 records.  Elapsed time: 00:02:29s.  Time for last 1,000,000:    6s.  Last read position: chr12:40,893,720.  Last read name: SRR7624427.64922505
INFO	2024-07-04 00:52:24	CleanSam	Processed    26,000,000 records.  Elapsed time: 00:02:35s.  Time for last 1,000,000:    6s.  Last read position: chr13:26,812,464.  Last read name: SRR7624427.3784144
INFO	2024-07-04 00:52:29	CleanSam	Processed    27,000,000 records.  Elapsed time: 00:02:40s.  Time for last 1,000,000:    5s.  Last read position: chr2:103,950,450.  Last read name: SRR7624427.8916253
INFO	2024-07-04 00:52:36	CleanSam	Processed    28,000,000 records.  Elapsed time: 00:02:46s.  Time for last 1,000,000:    6s.  Last read position: chr1:164,892,575.  Last read name: SRR7624427.1082646
INFO	2024-07-04 00:52:43	CleanSam	Processed    29,000,000 records.  Elapsed time: 00:02:54s.  Time for last 1,000,000:    7s.  Last read position: chr3:26,130,955.  Last read name: SRR7624427.9556276
INFO	2024-07-04 00:52:48	CleanSam	Processed    30,000,000 records.  Elapsed time: 00:02:59s.  Time for last 1,000,000:    5s.  Last read position: chr4:70,092,703.  Last read name: SRR7624427.55511965
INFO	2024-07-04 00:52:54	CleanSam	Processed    31,000,000 records.  Elapsed time: 00:03:04s.  Time for last 1,000,000:    5s.  Last read position: chr14:16,766,810.  Last read name: SRR7624427.48842775
INFO	2024-07-04 00:52:59	CleanSam	Processed    32,000,000 records.  Elapsed time: 00:03:10s.  Time for last 1,000,000:    5s.  Last read position: chr2:151,884,984.  Last read name: SRR7624427.19766468
INFO	2024-07-04 00:53:05	CleanSam	Processed    33,000,000 records.  Elapsed time: 00:03:15s.  Time for last 1,000,000:    5s.  Last read position: chr3:105,395,675.  Last read name: SRR7624427.54652546
INFO	2024-07-04 00:53:10	CleanSam	Processed    34,000,000 records.  Elapsed time: 00:03:21s.  Time for last 1,000,000:    5s.  Last read position: chr2:104,248,668.  Last read name: SRR7624427.8917996
INFO	2024-07-04 00:53:15	CleanSam	Processed    35,000,000 records.  Elapsed time: 00:03:26s.  Time for last 1,000,000:    5s.  Last read position: chr14:105,518,781.  Last read name: SRR7624427.27050587
INFO	2024-07-04 00:53:20	CleanSam	Processed    36,000,000 records.  Elapsed time: 00:03:31s.  Time for last 1,000,000:    5s.  Last read position: chrX:17,744,307.  Last read name: SRR7624427.15853922
INFO	2024-07-04 00:53:26	CleanSam	Processed    37,000,000 records.  Elapsed time: 00:03:37s.  Time for last 1,000,000:    5s.  Last read position: chr18:14,243,780.  Last read name: SRR7624427.51601451
INFO	2024-07-04 00:53:31	CleanSam	Processed    38,000,000 records.  Elapsed time: 00:03:41s.  Time for last 1,000,000:    4s.  Last read position: chr3:22,008,493.  Last read name: SRR7624427.31600936
INFO	2024-07-04 00:53:36	CleanSam	Processed    39,000,000 records.  Elapsed time: 00:03:46s.  Time for last 1,000,000:    5s.  Last read position: chr13:52,689,024.  Last read name: SRR7624427.25958645
INFO	2024-07-04 00:53:41	CleanSam	Processed    40,000,000 records.  Elapsed time: 00:03:52s.  Time for last 1,000,000:    5s.  Last read position: chr13:94,373,956.  Last read name: SRR7624427.26228274
INFO	2024-07-04 00:53:46	CleanSam	Processed    41,000,000 records.  Elapsed time: 00:03:56s.  Time for last 1,000,000:    4s.  Last read position: chr11:116,929,236.  Last read name: SRR7624427.24829096
INFO	2024-07-04 00:53:51	CleanSam	Processed    42,000,000 records.  Elapsed time: 00:04:01s.  Time for last 1,000,000:    4s.  Last read position: chr4:145,801,652.  Last read name: SRR7624427.41085576
INFO	2024-07-04 00:53:56	CleanSam	Processed    43,000,000 records.  Elapsed time: 00:04:07s.  Time for last 1,000,000:    5s.  Last read position: chr9:91,436,261.  Last read name: SRR7624427.37738188
INFO	2024-07-04 00:54:01	CleanSam	Processed    44,000,000 records.  Elapsed time: 00:04:12s.  Time for last 1,000,000:    5s.  Last read position: chr8:32,432,644.  Last read name: SRR7624427.14330415
INFO	2024-07-04 00:54:07	CleanSam	Processed    45,000,000 records.  Elapsed time: 00:04:17s.  Time for last 1,000,000:    5s.  Last read position: chr10:99,536,943.  Last read name: SRR7624427.46209476
INFO	2024-07-04 00:54:12	CleanSam	Processed    46,000,000 records.  Elapsed time: 00:04:22s.  Time for last 1,000,000:    5s.  Last read position: chr5:51,802,177.  Last read name: SRR7624427.11716513
INFO	2024-07-04 00:54:17	CleanSam	Processed    47,000,000 records.  Elapsed time: 00:04:28s.  Time for last 1,000,000:    5s.  Last read position: chr6:9,178,757.  Last read name: SRR7624427.34466163
INFO	2024-07-04 00:54:22	CleanSam	Processed    48,000,000 records.  Elapsed time: 00:04:33s.  Time for last 1,000,000:    5s.  Last read position: chr15:67,303,849.  Last read name: SRR7624427.50023923
INFO	2024-07-04 00:54:28	CleanSam	Processed    49,000,000 records.  Elapsed time: 00:04:39s.  Time for last 1,000,000:    5s.  Last read position: chr14:61,322,949.  Last read name: SRR7624427.4738206
INFO	2024-07-04 00:54:33	CleanSam	Processed    50,000,000 records.  Elapsed time: 00:04:44s.  Time for last 1,000,000:    5s.  Last read position: chr19:11,902,105.  Last read name: SRR7624427.369467
INFO	2024-07-04 00:54:39	CleanSam	Processed    51,000,000 records.  Elapsed time: 00:04:49s.  Time for last 1,000,000:    5s.  Last read position: chr16:78,871,665.  Last read name: SRR7624427.6355417
INFO	2024-07-04 00:54:44	CleanSam	Processed    52,000,000 records.  Elapsed time: 00:04:54s.  Time for last 1,000,000:    5s.  Last read position: chr3:10,318,985.  Last read name: SRR7624427.54005176
[Thu Jul 04 00:54:54 CEST 2024] picard.sam.CleanSam done. Elapsed time: 5.08 minutes.
Runtime.totalMemory()=640155648
00:54:56.190 INFO  NativeLibraryLoader - Loading libgkl_compression.so from jar:file:/home/robin/bin/miniconda3/share/picard-2.26.2-0/picard.jar!/com/intel/gkl/native/libgkl_compression.so
[Thu Jul 04 00:54:56 CEST 2024] SamFormatConverter --INPUT E14_48h_H3K9me2_ChIP_Yang2019_GSM3314739_cleaned.sam --OUTPUT E14_48h_H3K9me2_ChIP_Yang2019_GSM3314739_unsorted.bam --TMP_DIR . --VERBOSITY INFO --QUIET false --VALIDATION_STRINGENCY STRICT --COMPRESSION_LEVEL 5 --MAX_RECORDS_IN_RAM 500000 --CREATE_INDEX false --CREATE_MD5_FILE false --GA4GH_CLIENT_SECRETS client_secrets.json --help false --version false --showHidden false --USE_JDK_DEFLATER false --USE_JDK_INFLATER false
[Thu Jul 04 00:54:56 CEST 2024] Executing as robin@epipax.ijm.univ-paris-diderot.priv on Linux 6.1.0-21-amd64 amd64; OpenJDK 64-Bit Server VM 1.8.0_332-b09; Deflater: Intel; Inflater: Intel; Provider GCS is not available; Picard version: Version:2.26.2
INFO	2024-07-04 00:54:57	SamFormatConverter	Seen many non-increasing record positions. Printing Read-names as well.
INFO	2024-07-04 00:55:07	SamFormatConverter	Processed     1,000,000 records.  Elapsed time: 00:00:10s.  Time for last 1,000,000:   10s.  Last read position: chr16:37,165,362.  Last read name: SRR7624427.6060989
INFO	2024-07-04 00:55:16	SamFormatConverter	Processed     2,000,000 records.  Elapsed time: 00:00:18s.  Time for last 1,000,000:    8s.  Last read position: chr1:152,078,975.  Last read name: SRR7624427.993527
INFO	2024-07-04 00:55:26	SamFormatConverter	Processed     3,000,000 records.  Elapsed time: 00:00:28s.  Time for last 1,000,000:    9s.  Last read position: chr3:145,348,424.  Last read name: SRR7624427.54947538
INFO	2024-07-04 00:55:34	SamFormatConverter	Processed     4,000,000 records.  Elapsed time: 00:00:37s.  Time for last 1,000,000:    8s.  Last read position: chr18:41,537,326.  Last read name: SRR7624427.7317579
INFO	2024-07-04 00:55:43	SamFormatConverter	Processed     5,000,000 records.  Elapsed time: 00:00:45s.  Time for last 1,000,000:    8s.  Last read position: chr10:76,147,597.  Last read name: SRR7624427.46051471
INFO	2024-07-04 00:55:51	SamFormatConverter	Processed     6,000,000 records.  Elapsed time: 00:00:53s.  Time for last 1,000,000:    7s.  Last read position: chr1:136,819,864.  Last read name: SRR7624427.22842353
INFO	2024-07-04 00:55:59	SamFormatConverter	Processed     7,000,000 records.  Elapsed time: 00:01:01s.  Time for last 1,000,000:    7s.  Last read position: chr11:16,895,490.  Last read name: SRR7624427.46534007
INFO	2024-07-04 00:56:07	SamFormatConverter	Processed     8,000,000 records.  Elapsed time: 00:01:10s.  Time for last 1,000,000:    8s.  Last read position: chr7:87,741,956.  Last read name: SRR7624427.13746335
INFO	2024-07-04 00:56:16	SamFormatConverter	Processed     9,000,000 records.  Elapsed time: 00:01:19s.  Time for last 1,000,000:    8s.  Last read position: chr17:83,884,471.  Last read name: SRR7624427.51454681
INFO	2024-07-04 00:56:24	SamFormatConverter	Processed    10,000,000 records.  Elapsed time: 00:01:27s.  Time for last 1,000,000:    7s.  Last read position: chr7:94,955,446.  Last read name: SRR7624427.35932482
INFO	2024-07-04 00:56:33	SamFormatConverter	Processed    11,000,000 records.  Elapsed time: 00:01:36s.  Time for last 1,000,000:    9s.  Last read position: chr6:134,326,378.  Last read name: SRR7624427.57869334
INFO	2024-07-04 00:56:42	SamFormatConverter	Processed    12,000,000 records.  Elapsed time: 00:01:44s.  Time for last 1,000,000:    8s.  Last read position: chrY:71,267,683.  Last read name: SRR7624427.39471056
INFO	2024-07-04 00:56:50	SamFormatConverter	Processed    13,000,000 records.  Elapsed time: 00:01:53s.  Time for last 1,000,000:    8s.  Last read position: chr1:73,643,261.  Last read name: SRR7624427.22410329
INFO	2024-07-04 00:57:00	SamFormatConverter	Processed    14,000,000 records.  Elapsed time: 00:02:02s.  Time for last 1,000,000:    9s.  Last read position: chr13:45,633,031.  Last read name: SRR7624427.25912678
INFO	2024-07-04 00:57:08	SamFormatConverter	Processed    15,000,000 records.  Elapsed time: 00:02:11s.  Time for last 1,000,000:    8s.  Last read position: chr3:111,305,615.  Last read name: SRR7624427.54695744
INFO	2024-07-04 00:57:18	SamFormatConverter	Processed    16,000,000 records.  Elapsed time: 00:02:21s.  Time for last 1,000,000:    9s.  Last read position: chr6:20,563,595.  Last read name: SRR7624427.57085619
INFO	2024-07-04 00:57:27	SamFormatConverter	Processed    17,000,000 records.  Elapsed time: 00:02:30s.  Time for last 1,000,000:    9s.  Last read position: chr19:54,832,303.  Last read name: SRR7624427.7994899
INFO	2024-07-04 00:57:36	SamFormatConverter	Processed    18,000,000 records.  Elapsed time: 00:02:39s.  Time for last 1,000,000:    8s.  Last read position: chr9:82,072,330.  Last read name: SRR7624427.60284074
INFO	2024-07-04 00:57:45	SamFormatConverter	Processed    19,000,000 records.  Elapsed time: 00:02:48s.  Time for last 1,000,000:    9s.  Last read position: chr16:69,683,753.  Last read name: SRR7624427.50720596
INFO	2024-07-04 00:57:55	SamFormatConverter	Processed    20,000,000 records.  Elapsed time: 00:02:57s.  Time for last 1,000,000:    9s.  Last read position: */*.  Last read name: SRR7624427.18204907
INFO	2024-07-04 00:58:04	SamFormatConverter	Processed    21,000,000 records.  Elapsed time: 00:03:06s.  Time for last 1,000,000:    9s.  Last read position: chr12:10,434,175.  Last read name: SRR7624427.24904598
INFO	2024-07-04 00:58:12	SamFormatConverter	Processed    22,000,000 records.  Elapsed time: 00:03:15s.  Time for last 1,000,000:    8s.  Last read position: chr17:52,587,872.  Last read name: SRR7624427.28807561
INFO	2024-07-04 00:58:21	SamFormatConverter	Processed    23,000,000 records.  Elapsed time: 00:03:23s.  Time for last 1,000,000:    8s.  Last read position: chr1:28,652,012.  Last read name: SRR7624427.44388807
INFO	2024-07-04 00:58:29	SamFormatConverter	Processed    24,000,000 records.  Elapsed time: 00:03:32s.  Time for last 1,000,000:    8s.  Last read position: chr6:56,120,308.  Last read name: SRR7624427.57328701
INFO	2024-07-04 00:58:38	SamFormatConverter	Processed    25,000,000 records.  Elapsed time: 00:03:41s.  Time for last 1,000,000:    8s.  Last read position: chr12:40,893,720.  Last read name: SRR7624427.64922505
INFO	2024-07-04 00:58:47	SamFormatConverter	Processed    26,000,000 records.  Elapsed time: 00:03:49s.  Time for last 1,000,000:    8s.  Last read position: chr13:26,812,464.  Last read name: SRR7624427.3784144
INFO	2024-07-04 00:58:56	SamFormatConverter	Processed    27,000,000 records.  Elapsed time: 00:03:58s.  Time for last 1,000,000:    8s.  Last read position: chr2:103,950,450.  Last read name: SRR7624427.8916253
INFO	2024-07-04 00:59:05	SamFormatConverter	Processed    28,000,000 records.  Elapsed time: 00:04:07s.  Time for last 1,000,000:    8s.  Last read position: chr1:164,892,575.  Last read name: SRR7624427.1082646
INFO	2024-07-04 00:59:13	SamFormatConverter	Processed    29,000,000 records.  Elapsed time: 00:04:16s.  Time for last 1,000,000:    8s.  Last read position: chr3:26,130,955.  Last read name: SRR7624427.9556276
INFO	2024-07-04 00:59:23	SamFormatConverter	Processed    30,000,000 records.  Elapsed time: 00:04:25s.  Time for last 1,000,000:    9s.  Last read position: chr4:70,092,703.  Last read name: SRR7624427.55511965
INFO	2024-07-04 00:59:32	SamFormatConverter	Processed    31,000,000 records.  Elapsed time: 00:04:34s.  Time for last 1,000,000:    9s.  Last read position: chr14:16,766,810.  Last read name: SRR7624427.48842775
INFO	2024-07-04 00:59:41	SamFormatConverter	Processed    32,000,000 records.  Elapsed time: 00:04:44s.  Time for last 1,000,000:    9s.  Last read position: chr2:151,884,984.  Last read name: SRR7624427.19766468
INFO	2024-07-04 00:59:51	SamFormatConverter	Processed    33,000,000 records.  Elapsed time: 00:04:53s.  Time for last 1,000,000:    9s.  Last read position: chr3:105,395,675.  Last read name: SRR7624427.54652546
INFO	2024-07-04 00:59:59	SamFormatConverter	Processed    34,000,000 records.  Elapsed time: 00:05:02s.  Time for last 1,000,000:    8s.  Last read position: chr2:104,248,668.  Last read name: SRR7624427.8917996
INFO	2024-07-04 01:00:08	SamFormatConverter	Processed    35,000,000 records.  Elapsed time: 00:05:11s.  Time for last 1,000,000:    8s.  Last read position: chr14:105,518,781.  Last read name: SRR7624427.27050587
INFO	2024-07-04 01:00:17	SamFormatConverter	Processed    36,000,000 records.  Elapsed time: 00:05:19s.  Time for last 1,000,000:    8s.  Last read position: chrX:17,744,307.  Last read name: SRR7624427.15853922
INFO	2024-07-04 01:00:26	SamFormatConverter	Processed    37,000,000 records.  Elapsed time: 00:05:28s.  Time for last 1,000,000:    8s.  Last read position: chr18:14,243,780.  Last read name: SRR7624427.51601451
INFO	2024-07-04 01:00:34	SamFormatConverter	Processed    38,000,000 records.  Elapsed time: 00:05:37s.  Time for last 1,000,000:    8s.  Last read position: chr3:22,008,493.  Last read name: SRR7624427.31600936
INFO	2024-07-04 01:00:43	SamFormatConverter	Processed    39,000,000 records.  Elapsed time: 00:05:46s.  Time for last 1,000,000:    8s.  Last read position: chr13:52,689,024.  Last read name: SRR7624427.25958645
INFO	2024-07-04 01:00:52	SamFormatConverter	Processed    40,000,000 records.  Elapsed time: 00:05:54s.  Time for last 1,000,000:    8s.  Last read position: chr13:94,373,956.  Last read name: SRR7624427.26228274
INFO	2024-07-04 01:01:01	SamFormatConverter	Processed    41,000,000 records.  Elapsed time: 00:06:03s.  Time for last 1,000,000:    8s.  Last read position: chr11:116,929,236.  Last read name: SRR7624427.24829096
INFO	2024-07-04 01:01:10	SamFormatConverter	Processed    42,000,000 records.  Elapsed time: 00:06:12s.  Time for last 1,000,000:    9s.  Last read position: chr4:145,801,652.  Last read name: SRR7624427.41085576
INFO	2024-07-04 01:01:19	SamFormatConverter	Processed    43,000,000 records.  Elapsed time: 00:06:22s.  Time for last 1,000,000:    9s.  Last read position: chr9:91,436,261.  Last read name: SRR7624427.37738188
INFO	2024-07-04 01:01:28	SamFormatConverter	Processed    44,000,000 records.  Elapsed time: 00:06:30s.  Time for last 1,000,000:    8s.  Last read position: chr8:32,432,644.  Last read name: SRR7624427.14330415
INFO	2024-07-04 01:01:37	SamFormatConverter	Processed    45,000,000 records.  Elapsed time: 00:06:39s.  Time for last 1,000,000:    8s.  Last read position: chr10:99,536,943.  Last read name: SRR7624427.46209476
INFO	2024-07-04 01:01:45	SamFormatConverter	Processed    46,000,000 records.  Elapsed time: 00:06:48s.  Time for last 1,000,000:    8s.  Last read position: chr5:51,802,177.  Last read name: SRR7624427.11716513
INFO	2024-07-04 01:01:54	SamFormatConverter	Processed    47,000,000 records.  Elapsed time: 00:06:56s.  Time for last 1,000,000:    8s.  Last read position: chr6:9,178,757.  Last read name: SRR7624427.34466163
INFO	2024-07-04 01:02:02	SamFormatConverter	Processed    48,000,000 records.  Elapsed time: 00:07:04s.  Time for last 1,000,000:    8s.  Last read position: chr15:67,303,849.  Last read name: SRR7624427.50023923
INFO	2024-07-04 01:02:11	SamFormatConverter	Processed    49,000,000 records.  Elapsed time: 00:07:13s.  Time for last 1,000,000:    8s.  Last read position: chr14:61,322,949.  Last read name: SRR7624427.4738206
INFO	2024-07-04 01:02:20	SamFormatConverter	Processed    50,000,000 records.  Elapsed time: 00:07:22s.  Time for last 1,000,000:    8s.  Last read position: chr19:11,902,105.  Last read name: SRR7624427.369467
INFO	2024-07-04 01:02:28	SamFormatConverter	Processed    51,000,000 records.  Elapsed time: 00:07:30s.  Time for last 1,000,000:    8s.  Last read position: chr16:78,871,665.  Last read name: SRR7624427.6355417
INFO	2024-07-04 01:02:37	SamFormatConverter	Processed    52,000,000 records.  Elapsed time: 00:07:39s.  Time for last 1,000,000:    8s.  Last read position: chr3:10,318,985.  Last read name: SRR7624427.54005176
[Thu Jul 04 01:02:37 CEST 2024] picard.sam.SamFormatConverter done. Elapsed time: 7.69 minutes.
Runtime.totalMemory()=901775360
01:02:39.821 INFO  NativeLibraryLoader - Loading libgkl_compression.so from jar:file:/home/robin/bin/miniconda3/share/picard-2.26.2-0/picard.jar!/com/intel/gkl/native/libgkl_compression.so
[Thu Jul 04 01:02:39 CEST 2024] SortSam --INPUT E14_48h_H3K9me2_ChIP_Yang2019_GSM3314739_unsorted.bam --OUTPUT E14_48h_H3K9me2_ChIP_Yang2019_GSM3314739_sorted.bam --SORT_ORDER coordinate --TMP_DIR . --VERBOSITY INFO --QUIET false --VALIDATION_STRINGENCY STRICT --COMPRESSION_LEVEL 5 --MAX_RECORDS_IN_RAM 500000 --CREATE_INDEX false --CREATE_MD5_FILE false --GA4GH_CLIENT_SECRETS client_secrets.json --help false --version false --showHidden false --USE_JDK_DEFLATER false --USE_JDK_INFLATER false
[Thu Jul 04 01:02:39 CEST 2024] Executing as robin@epipax.ijm.univ-paris-diderot.priv on Linux 6.1.0-21-amd64 amd64; OpenJDK 64-Bit Server VM 1.8.0_332-b09; Deflater: Intel; Inflater: Intel; Provider GCS is not available; Picard version: Version:2.26.2
INFO	2024-07-04 01:02:40	SortSam	Seen many non-increasing record positions. Printing Read-names as well.
INFO	2024-07-04 01:03:43	SortSam	Read    10,000,000 records.  Elapsed time: 00:01:02s.  Time for last 10,000,000:   62s.  Last read position: chr7:94,955,446.  Last read name: SRR7624427.35932482
INFO	2024-07-04 01:04:46	SortSam	Read    20,000,000 records.  Elapsed time: 00:02:05s.  Time for last 10,000,000:   63s.  Last read position: */*.  Last read name: SRR7624427.18204907
INFO	2024-07-04 01:05:52	SortSam	Read    30,000,000 records.  Elapsed time: 00:03:11s.  Time for last 10,000,000:   65s.  Last read position: chr4:70,092,703.  Last read name: SRR7624427.55511965
INFO	2024-07-04 01:06:55	SortSam	Read    40,000,000 records.  Elapsed time: 00:04:14s.  Time for last 10,000,000:   63s.  Last read position: chr13:94,373,956.  Last read name: SRR7624427.26228274
INFO	2024-07-04 01:07:58	SortSam	Read    50,000,000 records.  Elapsed time: 00:05:17s.  Time for last 10,000,000:   62s.  Last read position: chr19:11,902,105.  Last read name: SRR7624427.369467
INFO	2024-07-04 01:08:13	SortSam	Finished reading inputs, merging and writing to output now.
INFO	2024-07-04 01:09:00	SortSam	Wrote    10,000,000 records from a sorting collection.  Elapsed time: 00:06:19s.  Time for last 10,000,000:   45s.  Last read position: chr3:115,626,437
INFO	2024-07-04 01:09:45	SortSam	Wrote    20,000,000 records from a sorting collection.  Elapsed time: 00:07:04s.  Time for last 10,000,000:   45s.  Last read position: chr7:15,935,441
INFO	2024-07-04 01:10:29	SortSam	Wrote    30,000,000 records from a sorting collection.  Elapsed time: 00:07:49s.  Time for last 10,000,000:   44s.  Last read position: chr10:118,276,032
INFO	2024-07-04 01:11:12	SortSam	Wrote    40,000,000 records from a sorting collection.  Elapsed time: 00:08:31s.  Time for last 10,000,000:   42s.  Last read position: chr14:124,460,626
INFO	2024-07-04 01:11:56	SortSam	Wrote    50,000,000 records from a sorting collection.  Elapsed time: 00:09:15s.  Time for last 10,000,000:   43s.  Last read position: chrX:127,510,893
[Thu Jul 04 01:12:08 CEST 2024] picard.sam.SortSam done. Elapsed time: 9.47 minutes.
Runtime.totalMemory()=1713897472
01:12:09.640 INFO  NativeLibraryLoader - Loading libgkl_compression.so from jar:file:/home/robin/bin/miniconda3/share/picard-2.26.2-0/picard.jar!/com/intel/gkl/native/libgkl_compression.so
[Thu Jul 04 01:12:09 CEST 2024] MarkDuplicates --INPUT E14_48h_H3K9me2_ChIP_Yang2019_GSM3314739_sorted.bam --OUTPUT E14_48h_H3K9me2_ChIP_Yang2019_GSM3314739.bam --METRICS_FILE E14_48h_H3K9me2_ChIP_Yang2019_GSM3314739_markDupeMetrics.txt --REMOVE_DUPLICATES false --TMP_DIR . --MAX_SEQUENCES_FOR_DISK_READ_ENDS_MAP 50000 --MAX_FILE_HANDLES_FOR_READ_ENDS_MAP 8000 --SORTING_COLLECTION_SIZE_RATIO 0.25 --TAG_DUPLICATE_SET_MEMBERS false --REMOVE_SEQUENCING_DUPLICATES false --TAGGING_POLICY DontTag --CLEAR_DT true --DUPLEX_UMI false --ADD_PG_TAG_TO_READS true --ASSUME_SORTED false --DUPLICATE_SCORING_STRATEGY SUM_OF_BASE_QUALITIES --PROGRAM_RECORD_ID MarkDuplicates --PROGRAM_GROUP_NAME MarkDuplicates --READ_NAME_REGEX <optimized capture of last three ':' separated fields as numeric values> --OPTICAL_DUPLICATE_PIXEL_DISTANCE 100 --MAX_OPTICAL_DUPLICATE_SET_SIZE 300000 --VERBOSITY INFO --QUIET false --VALIDATION_STRINGENCY STRICT --COMPRESSION_LEVEL 5 --MAX_RECORDS_IN_RAM 500000 --CREATE_INDEX false --CREATE_MD5_FILE false --GA4GH_CLIENT_SECRETS client_secrets.json --help false --version false --showHidden false --USE_JDK_DEFLATER false --USE_JDK_INFLATER false
[Thu Jul 04 01:12:09 CEST 2024] Executing as robin@epipax.ijm.univ-paris-diderot.priv on Linux 6.1.0-21-amd64 amd64; OpenJDK 64-Bit Server VM 1.8.0_332-b09; Deflater: Intel; Inflater: Intel; Provider GCS is not available; Picard version: Version:2.26.2
INFO	2024-07-04 01:12:09	MarkDuplicates	Start of doWork freeMemory: 501502440; totalMemory: 514850816; maxMemory: 1908932608
INFO	2024-07-04 01:12:09	MarkDuplicates	Reading input file and constructing read end information.
INFO	2024-07-04 01:12:09	MarkDuplicates	Will retain up to 6916422 data points before spilling to disk.
WARNING	2024-07-04 01:12:10	AbstractOpticalDuplicateFinderCommandLineProgram	A field field parsed out of a read name was expected to contain an integer and did not. Read name: SRR7624427.44095806. Cause: String 'SRR7624427.44095806' did not start with a parsable number.
INFO	2024-07-04 01:12:14	MarkDuplicates	Read     1,000,000 records.  Elapsed time: 00:00:04s.  Time for last 1,000,000:    4s.  Last read position: chr1:51,905,535
INFO	2024-07-04 01:12:14	MarkDuplicates	Tracking 0 as yet unmatched pairs. 0 records in RAM.
INFO	2024-07-04 01:12:17	MarkDuplicates	Read     2,000,000 records.  Elapsed time: 00:00:07s.  Time for last 1,000,000:    3s.  Last read position: chr1:99,755,773
INFO	2024-07-04 01:12:17	MarkDuplicates	Tracking 0 as yet unmatched pairs. 0 records in RAM.
INFO	2024-07-04 01:12:21	MarkDuplicates	Read     3,000,000 records.  Elapsed time: 00:00:11s.  Time for last 1,000,000:    3s.  Last read position: chr1:148,663,164
INFO	2024-07-04 01:12:21	MarkDuplicates	Tracking 0 as yet unmatched pairs. 0 records in RAM.
INFO	2024-07-04 01:12:24	MarkDuplicates	Read     4,000,000 records.  Elapsed time: 00:00:14s.  Time for last 1,000,000:    3s.  Last read position: chr2:5,290,726
INFO	2024-07-04 01:12:24	MarkDuplicates	Tracking 0 as yet unmatched pairs. 0 records in RAM.
INFO	2024-07-04 01:12:30	MarkDuplicates	Read     5,000,000 records.  Elapsed time: 00:00:20s.  Time for last 1,000,000:    5s.  Last read position: chr2:57,392,833
INFO	2024-07-04 01:12:30	MarkDuplicates	Tracking 0 as yet unmatched pairs. 0 records in RAM.
INFO	2024-07-04 01:12:34	MarkDuplicates	Read     6,000,000 records.  Elapsed time: 00:00:24s.  Time for last 1,000,000:    3s.  Last read position: chr2:98,667,069
INFO	2024-07-04 01:12:34	MarkDuplicates	Tracking 0 as yet unmatched pairs. 0 records in RAM.
INFO	2024-07-04 01:12:40	MarkDuplicates	Read     7,000,000 records.  Elapsed time: 00:00:30s.  Time for last 1,000,000:    6s.  Last read position: chr2:143,012,713
INFO	2024-07-04 01:12:40	MarkDuplicates	Tracking 0 as yet unmatched pairs. 0 records in RAM.
INFO	2024-07-04 01:12:44	MarkDuplicates	Read     8,000,000 records.  Elapsed time: 00:00:34s.  Time for last 1,000,000:    3s.  Last read position: chr3:17,733,847
INFO	2024-07-04 01:12:44	MarkDuplicates	Tracking 0 as yet unmatched pairs. 0 records in RAM.
INFO	2024-07-04 01:12:49	MarkDuplicates	Read     9,000,000 records.  Elapsed time: 00:00:38s.  Time for last 1,000,000:    4s.  Last read position: chr3:65,077,405
INFO	2024-07-04 01:12:49	MarkDuplicates	Tracking 0 as yet unmatched pairs. 0 records in RAM.
INFO	2024-07-04 01:12:52	MarkDuplicates	Read    10,000,000 records.  Elapsed time: 00:00:42s.  Time for last 1,000,000:    3s.  Last read position: chr3:115,626,437
INFO	2024-07-04 01:12:52	MarkDuplicates	Tracking 0 as yet unmatched pairs. 0 records in RAM.
INFO	2024-07-04 01:12:56	MarkDuplicates	Read    11,000,000 records.  Elapsed time: 00:00:45s.  Time for last 1,000,000:    3s.  Last read position: chr4:3,889,023
INFO	2024-07-04 01:12:56	MarkDuplicates	Tracking 0 as yet unmatched pairs. 0 records in RAM.
INFO	2024-07-04 01:12:59	MarkDuplicates	Read    12,000,000 records.  Elapsed time: 00:00:49s.  Time for last 1,000,000:    3s.  Last read position: chr4:53,917,718
INFO	2024-07-04 01:12:59	MarkDuplicates	Tracking 0 as yet unmatched pairs. 0 records in RAM.
INFO	2024-07-04 01:13:06	MarkDuplicates	Read    13,000,000 records.  Elapsed time: 00:00:56s.  Time for last 1,000,000:    6s.  Last read position: chr4:100,399,380
INFO	2024-07-04 01:13:06	MarkDuplicates	Tracking 0 as yet unmatched pairs. 0 records in RAM.
INFO	2024-07-04 01:13:11	MarkDuplicates	Read    14,000,000 records.  Elapsed time: 00:01:01s.  Time for last 1,000,000:    5s.  Last read position: chr5:7,042,036
INFO	2024-07-04 01:13:11	MarkDuplicates	Tracking 0 as yet unmatched pairs. 0 records in RAM.
INFO	2024-07-04 01:13:15	MarkDuplicates	Read    15,000,000 records.  Elapsed time: 00:01:05s.  Time for last 1,000,000:    3s.  Last read position: chr5:54,690,482
INFO	2024-07-04 01:13:15	MarkDuplicates	Tracking 0 as yet unmatched pairs. 0 records in RAM.
INFO	2024-07-04 01:13:18	MarkDuplicates	Read    16,000,000 records.  Elapsed time: 00:01:08s.  Time for last 1,000,000:    3s.  Last read position: chr5:104,768,841
INFO	2024-07-04 01:13:18	MarkDuplicates	Tracking 0 as yet unmatched pairs. 0 records in RAM.
INFO	2024-07-04 01:13:22	MarkDuplicates	Read    17,000,000 records.  Elapsed time: 00:01:12s.  Time for last 1,000,000:    3s.  Last read position: chr6:14,769,880
INFO	2024-07-04 01:13:22	MarkDuplicates	Tracking 0 as yet unmatched pairs. 0 records in RAM.
INFO	2024-07-04 01:13:27	MarkDuplicates	Read    18,000,000 records.  Elapsed time: 00:01:17s.  Time for last 1,000,000:    4s.  Last read position: chr6:64,303,150
INFO	2024-07-04 01:13:27	MarkDuplicates	Tracking 0 as yet unmatched pairs. 0 records in RAM.
INFO	2024-07-04 01:13:30	MarkDuplicates	Read    19,000,000 records.  Elapsed time: 00:01:20s.  Time for last 1,000,000:    3s.  Last read position: chr6:112,297,635
INFO	2024-07-04 01:13:30	MarkDuplicates	Tracking 0 as yet unmatched pairs. 0 records in RAM.
INFO	2024-07-04 01:13:33	MarkDuplicates	Read    20,000,000 records.  Elapsed time: 00:01:23s.  Time for last 1,000,000:    3s.  Last read position: chr7:15,935,441
INFO	2024-07-04 01:13:33	MarkDuplicates	Tracking 0 as yet unmatched pairs. 0 records in RAM.
INFO	2024-07-04 01:13:39	MarkDuplicates	Read    21,000,000 records.  Elapsed time: 00:01:29s.  Time for last 1,000,000:    5s.  Last read position: chr7:71,248,070
INFO	2024-07-04 01:13:39	MarkDuplicates	Tracking 0 as yet unmatched pairs. 0 records in RAM.
INFO	2024-07-04 01:13:42	MarkDuplicates	Read    22,000,000 records.  Elapsed time: 00:01:32s.  Time for last 1,000,000:    3s.  Last read position: chr7:120,931,881
INFO	2024-07-04 01:13:42	MarkDuplicates	Tracking 0 as yet unmatched pairs. 0 records in RAM.
INFO	2024-07-04 01:13:46	MarkDuplicates	Read    23,000,000 records.  Elapsed time: 00:01:36s.  Time for last 1,000,000:    3s.  Last read position: chr8:24,346,143
INFO	2024-07-04 01:13:46	MarkDuplicates	Tracking 0 as yet unmatched pairs. 0 records in RAM.
INFO	2024-07-04 01:13:49	MarkDuplicates	Read    24,000,000 records.  Elapsed time: 00:01:39s.  Time for last 1,000,000:    3s.  Last read position: chr8:73,683,076
INFO	2024-07-04 01:13:49	MarkDuplicates	Tracking 0 as yet unmatched pairs. 0 records in RAM.
INFO	2024-07-04 01:13:55	MarkDuplicates	Read    25,000,000 records.  Elapsed time: 00:01:45s.  Time for last 1,000,000:    6s.  Last read position: chr8:123,062,700
INFO	2024-07-04 01:13:55	MarkDuplicates	Tracking 0 as yet unmatched pairs. 0 records in RAM.
INFO	2024-07-04 01:13:59	MarkDuplicates	Read    26,000,000 records.  Elapsed time: 00:01:49s.  Time for last 1,000,000:    3s.  Last read position: chr9:36,737,082
INFO	2024-07-04 01:13:59	MarkDuplicates	Tracking 0 as yet unmatched pairs. 0 records in RAM.
INFO	2024-07-04 01:14:02	MarkDuplicates	Read    27,000,000 records.  Elapsed time: 00:01:52s.  Time for last 1,000,000:    3s.  Last read position: chr9:89,967,686
INFO	2024-07-04 01:14:02	MarkDuplicates	Tracking 0 as yet unmatched pairs. 0 records in RAM.
INFO	2024-07-04 01:14:08	MarkDuplicates	Read    28,000,000 records.  Elapsed time: 00:01:58s.  Time for last 1,000,000:    5s.  Last read position: chr10:19,265,948
INFO	2024-07-04 01:14:08	MarkDuplicates	Tracking 0 as yet unmatched pairs. 0 records in RAM.
INFO	2024-07-04 01:14:11	MarkDuplicates	Read    29,000,000 records.  Elapsed time: 00:02:01s.  Time for last 1,000,000:    3s.  Last read position: chr10:69,159,797
INFO	2024-07-04 01:14:11	MarkDuplicates	Tracking 0 as yet unmatched pairs. 0 records in RAM.
INFO	2024-07-04 01:14:14	MarkDuplicates	Read    30,000,000 records.  Elapsed time: 00:02:04s.  Time for last 1,000,000:    3s.  Last read position: chr10:118,276,032
INFO	2024-07-04 01:14:14	MarkDuplicates	Tracking 0 as yet unmatched pairs. 0 records in RAM.
INFO	2024-07-04 01:14:18	MarkDuplicates	Read    31,000,000 records.  Elapsed time: 00:02:08s.  Time for last 1,000,000:    3s.  Last read position: chr11:39,548,211
INFO	2024-07-04 01:14:18	MarkDuplicates	Tracking 0 as yet unmatched pairs. 0 records in RAM.
INFO	2024-07-04 01:14:21	MarkDuplicates	Read    32,000,000 records.  Elapsed time: 00:02:11s.  Time for last 1,000,000:    3s.  Last read position: chr11:93,423,059
INFO	2024-07-04 01:14:21	MarkDuplicates	Tracking 0 as yet unmatched pairs. 0 records in RAM.
INFO	2024-07-04 01:14:28	MarkDuplicates	Read    33,000,000 records.  Elapsed time: 00:02:18s.  Time for last 1,000,000:    6s.  Last read position: chr12:29,481,266
INFO	2024-07-04 01:14:28	MarkDuplicates	Tracking 0 as yet unmatched pairs. 0 records in RAM.
INFO	2024-07-04 01:14:31	MarkDuplicates	Read    34,000,000 records.  Elapsed time: 00:02:21s.  Time for last 1,000,000:    3s.  Last read position: chr12:78,934,366
INFO	2024-07-04 01:14:31	MarkDuplicates	Tracking 0 as yet unmatched pairs. 0 records in RAM.
INFO	2024-07-04 01:14:37	MarkDuplicates	Read    35,000,000 records.  Elapsed time: 00:02:27s.  Time for last 1,000,000:    5s.  Last read position: chr13:10,592,424
INFO	2024-07-04 01:14:37	MarkDuplicates	Tracking 0 as yet unmatched pairs. 0 records in RAM.
INFO	2024-07-04 01:14:40	MarkDuplicates	Read    36,000,000 records.  Elapsed time: 00:02:30s.  Time for last 1,000,000:    3s.  Last read position: chr13:58,081,085
INFO	2024-07-04 01:14:40	MarkDuplicates	Tracking 0 as yet unmatched pairs. 0 records in RAM.
INFO	2024-07-04 01:14:44	MarkDuplicates	Read    37,000,000 records.  Elapsed time: 00:02:34s.  Time for last 1,000,000:    3s.  Last read position: chr13:106,361,788
INFO	2024-07-04 01:14:44	MarkDuplicates	Tracking 0 as yet unmatched pairs. 0 records in RAM.
INFO	2024-07-04 01:14:47	MarkDuplicates	Read    38,000,000 records.  Elapsed time: 00:02:37s.  Time for last 1,000,000:    3s.  Last read position: chr14:26,918,051
INFO	2024-07-04 01:14:47	MarkDuplicates	Tracking 0 as yet unmatched pairs. 0 records in RAM.
INFO	2024-07-04 01:14:50	MarkDuplicates	Read    39,000,000 records.  Elapsed time: 00:02:40s.  Time for last 1,000,000:    3s.  Last read position: chr14:77,184,265
INFO	2024-07-04 01:14:50	MarkDuplicates	Tracking 0 as yet unmatched pairs. 0 records in RAM.
INFO	2024-07-04 01:14:54	MarkDuplicates	Read    40,000,000 records.  Elapsed time: 00:02:44s.  Time for last 1,000,000:    3s.  Last read position: chr14:124,460,626
INFO	2024-07-04 01:14:54	MarkDuplicates	Tracking 0 as yet unmatched pairs. 0 records in RAM.
INFO	2024-07-04 01:14:57	MarkDuplicates	Read    41,000,000 records.  Elapsed time: 00:02:47s.  Time for last 1,000,000:    3s.  Last read position: chr15:52,409,268
INFO	2024-07-04 01:14:57	MarkDuplicates	Tracking 0 as yet unmatched pairs. 0 records in RAM.
INFO	2024-07-04 01:15:03	MarkDuplicates	Read    42,000,000 records.  Elapsed time: 00:02:52s.  Time for last 1,000,000:    5s.  Last read position: chr15:100,997,648
INFO	2024-07-04 01:15:03	MarkDuplicates	Tracking 0 as yet unmatched pairs. 0 records in RAM.
INFO	2024-07-04 01:15:06	MarkDuplicates	Read    43,000,000 records.  Elapsed time: 00:02:56s.  Time for last 1,000,000:    3s.  Last read position: chr16:51,713,069
INFO	2024-07-04 01:15:06	MarkDuplicates	Tracking 0 as yet unmatched pairs. 0 records in RAM.
INFO	2024-07-04 01:15:09	MarkDuplicates	Read    44,000,000 records.  Elapsed time: 00:02:59s.  Time for last 1,000,000:    3s.  Last read position: chr17:3,080,288
INFO	2024-07-04 01:15:09	MarkDuplicates	Tracking 0 as yet unmatched pairs. 0 records in RAM.
INFO	2024-07-04 01:15:13	MarkDuplicates	Read    45,000,000 records.  Elapsed time: 00:03:03s.  Time for last 1,000,000:    3s.  Last read position: chr17:56,065,110
INFO	2024-07-04 01:15:13	MarkDuplicates	Tracking 0 as yet unmatched pairs. 0 records in RAM.
INFO	2024-07-04 01:15:16	MarkDuplicates	Read    46,000,000 records.  Elapsed time: 00:03:06s.  Time for last 1,000,000:    3s.  Last read position: chr18:12,792,985
INFO	2024-07-04 01:15:16	MarkDuplicates	Tracking 0 as yet unmatched pairs. 0 records in RAM.
INFO	2024-07-04 01:15:19	MarkDuplicates	Read    47,000,000 records.  Elapsed time: 00:03:09s.  Time for last 1,000,000:    3s.  Last read position: chr18:61,061,381
INFO	2024-07-04 01:15:19	MarkDuplicates	Tracking 0 as yet unmatched pairs. 0 records in RAM.
INFO	2024-07-04 01:15:23	MarkDuplicates	Read    48,000,000 records.  Elapsed time: 00:03:13s.  Time for last 1,000,000:    3s.  Last read position: chr19:22,980,544
INFO	2024-07-04 01:15:23	MarkDuplicates	Tracking 0 as yet unmatched pairs. 0 records in RAM.
INFO	2024-07-04 01:15:28	MarkDuplicates	Read    49,000,000 records.  Elapsed time: 00:03:18s.  Time for last 1,000,000:    5s.  Last read position: chrX:28,041,890
INFO	2024-07-04 01:15:28	MarkDuplicates	Tracking 0 as yet unmatched pairs. 0 records in RAM.
INFO	2024-07-04 01:15:32	MarkDuplicates	Read    50,000,000 records.  Elapsed time: 00:03:22s.  Time for last 1,000,000:    3s.  Last read position: chrX:127,510,893
INFO	2024-07-04 01:15:32	MarkDuplicates	Tracking 0 as yet unmatched pairs. 0 records in RAM.
INFO	2024-07-04 01:15:35	MarkDuplicates	Read    51,000,000 records.  Elapsed time: 00:03:25s.  Time for last 1,000,000:    3s.  Last read position: chrY:70,976,180
INFO	2024-07-04 01:15:35	MarkDuplicates	Tracking 0 as yet unmatched pairs. 0 records in RAM.
INFO	2024-07-04 01:15:37	MarkDuplicates	Read 51496818 records. 0 pairs never matched.
INFO	2024-07-04 01:15:38	MarkDuplicates	After buildSortedReadEndLists freeMemory: 1524302552; totalMemory: 1569193984; maxMemory: 1908932608
INFO	2024-07-04 01:15:38	MarkDuplicates	Will retain up to 59654144 duplicate indices before spilling to disk.
INFO	2024-07-04 01:15:38	MarkDuplicates	Traversing read pair information and detecting duplicates.
INFO	2024-07-04 01:15:38	MarkDuplicates	Traversing fragment information and detecting duplicates.
INFO	2024-07-04 01:15:54	MarkDuplicates	Sorting list of duplicate records.
INFO	2024-07-04 01:15:54	MarkDuplicates	After generateDuplicateIndexes freeMemory: 1072213072; totalMemory: 1566572544; maxMemory: 1908932608
INFO	2024-07-04 01:15:54	MarkDuplicates	Marking 747716 records as duplicates.
INFO	2024-07-04 01:15:54	MarkDuplicates	Found 0 optical duplicate clusters.
INFO	2024-07-04 01:15:54	MarkDuplicates	Reads are assumed to be ordered by: coordinate
INFO	2024-07-04 01:17:01	MarkDuplicates	Written    10,000,000 records.  Elapsed time: 00:01:06s.  Time for last 10,000,000:   66s.  Last read position: chr3:115,626,437
INFO	2024-07-04 01:18:09	MarkDuplicates	Written    20,000,000 records.  Elapsed time: 00:02:14s.  Time for last 10,000,000:   68s.  Last read position: chr7:15,935,441
INFO	2024-07-04 01:19:15	MarkDuplicates	Written    30,000,000 records.  Elapsed time: 00:03:20s.  Time for last 10,000,000:   66s.  Last read position: chr10:118,276,032
INFO	2024-07-04 01:20:22	MarkDuplicates	Written    40,000,000 records.  Elapsed time: 00:04:27s.  Time for last 10,000,000:   66s.  Last read position: chr14:124,460,626
INFO	2024-07-04 01:21:31	MarkDuplicates	Written    50,000,000 records.  Elapsed time: 00:05:36s.  Time for last 10,000,000:   68s.  Last read position: chrX:127,510,893
INFO	2024-07-04 01:21:44	MarkDuplicates	Writing complete. Closing input iterator.
INFO	2024-07-04 01:21:44	MarkDuplicates	Duplicate Index cleanup.
INFO	2024-07-04 01:21:44	MarkDuplicates	Getting Memory Stats.
INFO	2024-07-04 01:21:44	MarkDuplicates	Before output close freeMemory: 1578739832; totalMemory: 1597505536; maxMemory: 1908932608
INFO	2024-07-04 01:21:44	MarkDuplicates	Closed outputs. Getting more Memory Stats.
INFO	2024-07-04 01:21:44	MarkDuplicates	After output close freeMemory: 1578739832; totalMemory: 1597505536; maxMemory: 1908932608
[Thu Jul 04 01:21:44 CEST 2024] picard.sam.markduplicates.MarkDuplicates done. Elapsed time: 9.58 minutes.
Runtime.totalMemory()=1597505536
[sam grooming] finished successfully at [Thu Jul 4 01:22:02 AM CEST 2024]
[trueStats] Collecting alignment statistics for E14_48h_H3K9me2_ChIP_Yang2019_GSM3314739.bam at [Thu Jul 4 01:23:26 AM CEST 2024]
[bamToWigCPMsmoothKeepDup] Started with bin size: 1 and smoothing over 0 bp and KEEPING DUPLICATES at [Thu Jul 4 01:28:33 AM CEST 2024]
There are 49077987 alignments, of which 638950 are completely within a blacklist region.
Due to filtering, 88.61232457917419% of the aforementioned alignments will be used 42922956.689466275
[bamToWigCPMsmoothKeepDup] finished successfully at [Thu Jul 4 01:53:21 AM CEST 2024]
[file cleanup] started. Good job! at [Thu Jul 4 01:53:21 AM CEST 2024]
cp: cannot stat '*.pdf': No such file or directory
mv: cannot stat '*.bed': No such file or directory
mv: preserving times for '/data/bigWigs/E14_48h_H3K9me2_ChIP_Yang2019_GSM3314739_trimV5_mm10_kpDup_q10_b1_s0_CPM.bw': Operation not permitted
mv: preserving permissions for /data/bigWigs/E14_48h_H3K9me2_ChIP_Yang2019_GSM3314739_trimV5_mm10_kpDup_q10_b1_s0_CPM.bw: Operation not permitted
mv: preserving times for '/data/bams/E14_48h_H3K9me2_ChIP_Yang2019_GSM3314739_trimV5_mm10.bam': Operation not permitted
mv: preserving permissions for /data/bams/E14_48h_H3K9me2_ChIP_Yang2019_GSM3314739_trimV5_mm10.bam: Operation not permitted
mv: preserving times for '/data/bams/E14_48h_H3K9me2_ChIP_Yang2019_GSM3314739_trimV5_mm10.bam.bai': Operation not permitted
mv: preserving permissions for /data/bams/E14_48h_H3K9me2_ChIP_Yang2019_GSM3314739_trimV5_mm10.bam.bai: Operation not permitted
mv: cannot stat '*.gtf': No such file or directory
