SCRATCH: /scratch
[setupVariables] Data are paired-end. at [Wed Jul 3 03:49:43 PM CEST 2024]
[checkDependencies] Checking Dependencies [Wed Jul 3 03:49:43 PM CEST 2024] at [Wed Jul 3 03:49:43 PM CEST 2024]
[setup checkDependencies] trimmomatic... at [Wed Jul 3 03:49:43 PM CEST 2024]
[setup checkDependencies] STAR... at [Wed Jul 3 03:49:43 PM CEST 2024]
[setup checkDependencies] bismark... at [Wed Jul 3 03:49:43 PM CEST 2024]
[setup checkDependencies] bowtie2... at [Wed Jul 3 03:49:43 PM CEST 2024]
[setup checkDependencies] samtools... at [Wed Jul 3 03:49:43 PM CEST 2024]
[setup checkDependencies] picard... at [Wed Jul 3 03:49:43 PM CEST 2024]
[setup checkDependencies] awk... at [Wed Jul 3 03:49:43 PM CEST 2024]
[setup checkDependencies] bamCoverage... at [Wed Jul 3 03:49:43 PM CEST 2024]
[setup checkDependencies] fastqc... at [Wed Jul 3 03:49:43 PM CEST 2024]
[setup checkDependencies] fastq_screen... at [Wed Jul 3 03:49:43 PM CEST 2024]
[setup checkDependencies] stringtie... at [Wed Jul 3 03:49:43 PM CEST 2024]
[setup checkDependencies] clumpify.sh... at [Wed Jul 3 03:49:43 PM CEST 2024]
PAIRED: true
[setUpLogFile] Script started at [Wed Jul 3 03:49:43 PM CEST 2024] at [Wed Jul 3 03:49:43 PM CEST 2024]
[fastQC] started on raw FASTQs at [Wed Jul 3 03:49:43 PM CEST 2024]
Started analysis of E14_48h_RNA_Yang2019_rep2_GSM3314690_R1_raw.fastq.gz
Started analysis of E14_48h_RNA_Yang2019_rep2_GSM3314690_R2_raw.fastq.gz
Approx 5% complete for E14_48h_RNA_Yang2019_rep2_GSM3314690_R1_raw.fastq.gz
Approx 5% complete for E14_48h_RNA_Yang2019_rep2_GSM3314690_R2_raw.fastq.gz
Approx 10% complete for E14_48h_RNA_Yang2019_rep2_GSM3314690_R1_raw.fastq.gz
Approx 10% complete for E14_48h_RNA_Yang2019_rep2_GSM3314690_R2_raw.fastq.gz
Approx 15% complete for E14_48h_RNA_Yang2019_rep2_GSM3314690_R1_raw.fastq.gz
Approx 15% complete for E14_48h_RNA_Yang2019_rep2_GSM3314690_R2_raw.fastq.gz
Approx 20% complete for E14_48h_RNA_Yang2019_rep2_GSM3314690_R2_raw.fastq.gz
Approx 20% complete for E14_48h_RNA_Yang2019_rep2_GSM3314690_R1_raw.fastq.gz
Approx 25% complete for E14_48h_RNA_Yang2019_rep2_GSM3314690_R2_raw.fastq.gz
Approx 25% complete for E14_48h_RNA_Yang2019_rep2_GSM3314690_R1_raw.fastq.gz
Approx 30% complete for E14_48h_RNA_Yang2019_rep2_GSM3314690_R1_raw.fastq.gz
Approx 30% complete for E14_48h_RNA_Yang2019_rep2_GSM3314690_R2_raw.fastq.gz
Approx 35% complete for E14_48h_RNA_Yang2019_rep2_GSM3314690_R1_raw.fastq.gz
Approx 35% complete for E14_48h_RNA_Yang2019_rep2_GSM3314690_R2_raw.fastq.gz
Approx 40% complete for E14_48h_RNA_Yang2019_rep2_GSM3314690_R1_raw.fastq.gz
Approx 40% complete for E14_48h_RNA_Yang2019_rep2_GSM3314690_R2_raw.fastq.gz
Approx 45% complete for E14_48h_RNA_Yang2019_rep2_GSM3314690_R1_raw.fastq.gz
Approx 45% complete for E14_48h_RNA_Yang2019_rep2_GSM3314690_R2_raw.fastq.gz
Approx 50% complete for E14_48h_RNA_Yang2019_rep2_GSM3314690_R1_raw.fastq.gz
Approx 50% complete for E14_48h_RNA_Yang2019_rep2_GSM3314690_R2_raw.fastq.gz
Approx 55% complete for E14_48h_RNA_Yang2019_rep2_GSM3314690_R1_raw.fastq.gz
Approx 55% complete for E14_48h_RNA_Yang2019_rep2_GSM3314690_R2_raw.fastq.gz
Approx 60% complete for E14_48h_RNA_Yang2019_rep2_GSM3314690_R1_raw.fastq.gz
Approx 60% complete for E14_48h_RNA_Yang2019_rep2_GSM3314690_R2_raw.fastq.gz
Approx 65% complete for E14_48h_RNA_Yang2019_rep2_GSM3314690_R1_raw.fastq.gz
Approx 65% complete for E14_48h_RNA_Yang2019_rep2_GSM3314690_R2_raw.fastq.gz
Approx 70% complete for E14_48h_RNA_Yang2019_rep2_GSM3314690_R1_raw.fastq.gz
Approx 70% complete for E14_48h_RNA_Yang2019_rep2_GSM3314690_R2_raw.fastq.gz
Approx 75% complete for E14_48h_RNA_Yang2019_rep2_GSM3314690_R1_raw.fastq.gz
Approx 75% complete for E14_48h_RNA_Yang2019_rep2_GSM3314690_R2_raw.fastq.gz
Approx 80% complete for E14_48h_RNA_Yang2019_rep2_GSM3314690_R1_raw.fastq.gz
Approx 80% complete for E14_48h_RNA_Yang2019_rep2_GSM3314690_R2_raw.fastq.gz
Approx 85% complete for E14_48h_RNA_Yang2019_rep2_GSM3314690_R1_raw.fastq.gz
Approx 85% complete for E14_48h_RNA_Yang2019_rep2_GSM3314690_R2_raw.fastq.gz
Approx 90% complete for E14_48h_RNA_Yang2019_rep2_GSM3314690_R1_raw.fastq.gz
Approx 90% complete for E14_48h_RNA_Yang2019_rep2_GSM3314690_R2_raw.fastq.gz
Approx 95% complete for E14_48h_RNA_Yang2019_rep2_GSM3314690_R1_raw.fastq.gz
Approx 95% complete for E14_48h_RNA_Yang2019_rep2_GSM3314690_R2_raw.fastq.gz
Analysis complete for E14_48h_RNA_Yang2019_rep2_GSM3314690_R1_raw.fastq.gz
Analysis complete for E14_48h_RNA_Yang2019_rep2_GSM3314690_R2_raw.fastq.gz
[fastQC] on raw FASTQs finished succesfully. Will remove PCR duplicates now at [Wed Jul 3 03:53:32 PM CEST 2024]
Reads are length: 52 at [Wed Jul 3 03:53:32 PM CEST 2024]
Reads with same sequence 1 or fewer substitutions will be marked as PCR duplicates at [Wed Jul 3 03:53:32 PM CEST 2024]
Removal of PCR duplicates complete! at [Wed Jul 3 04:42:53 PM CEST 2024]
[trimReads] Started using version trimV5 parameters at [Wed Jul 3 04:42:53 PM CEST 2024]
ILLUMINACLIP:/data/reference_genomes/adapters/adapters.fa:2:30:10 SLIDINGWINDOW:4:20 MINLEN:24
[trimReads] Trimming E14_48h_RNA_Yang2019_rep2_GSM3314690_R1.fastq.gz and E14_48h_RNA_Yang2019_rep2_GSM3314690_R2.fastq.gz... at [Wed Jul 3 04:42:53 PM CEST 2024]
[trimReads] Finished successfully at [Wed Jul 3 04:47:42 PM CEST 2024]
[fastQC] started on E14_48h_RNA_Yang2019_rep2_GSM3314690_R1.fastq.gz E14_48h_RNA_Yang2019_rep2_GSM3314690_R2.fastq.gz E14_48h_RNA_Yang2019_rep2_GSM3314690_trimV5_R1.fastq.gz E14_48h_RNA_Yang2019_rep2_GSM3314690_trimV5_R2.fastq.gz at [Wed Jul 3 04:47:42 PM CEST 2024]
Started analysis of E14_48h_RNA_Yang2019_rep2_GSM3314690_R1.fastq.gz
Started analysis of E14_48h_RNA_Yang2019_rep2_GSM3314690_R2.fastq.gz
Started analysis of E14_48h_RNA_Yang2019_rep2_GSM3314690_trimV5_R1.fastq.gz
Started analysis of E14_48h_RNA_Yang2019_rep2_GSM3314690_trimV5_R2.fastq.gz
Approx 5% complete for E14_48h_RNA_Yang2019_rep2_GSM3314690_R1.fastq.gz
Approx 5% complete for E14_48h_RNA_Yang2019_rep2_GSM3314690_trimV5_R1.fastq.gz
Approx 5% complete for E14_48h_RNA_Yang2019_rep2_GSM3314690_R2.fastq.gz
Approx 5% complete for E14_48h_RNA_Yang2019_rep2_GSM3314690_trimV5_R2.fastq.gz
Approx 10% complete for E14_48h_RNA_Yang2019_rep2_GSM3314690_R1.fastq.gz
Approx 10% complete for E14_48h_RNA_Yang2019_rep2_GSM3314690_trimV5_R1.fastq.gz
Approx 10% complete for E14_48h_RNA_Yang2019_rep2_GSM3314690_R2.fastq.gz
Approx 10% complete for E14_48h_RNA_Yang2019_rep2_GSM3314690_trimV5_R2.fastq.gz
Approx 15% complete for E14_48h_RNA_Yang2019_rep2_GSM3314690_R1.fastq.gz
Approx 15% complete for E14_48h_RNA_Yang2019_rep2_GSM3314690_trimV5_R1.fastq.gz
Approx 15% complete for E14_48h_RNA_Yang2019_rep2_GSM3314690_R2.fastq.gz
Approx 20% complete for E14_48h_RNA_Yang2019_rep2_GSM3314690_R1.fastq.gz
Approx 15% complete for E14_48h_RNA_Yang2019_rep2_GSM3314690_trimV5_R2.fastq.gz
Approx 20% complete for E14_48h_RNA_Yang2019_rep2_GSM3314690_trimV5_R1.fastq.gz
Approx 20% complete for E14_48h_RNA_Yang2019_rep2_GSM3314690_R2.fastq.gz
Approx 25% complete for E14_48h_RNA_Yang2019_rep2_GSM3314690_R1.fastq.gz
Approx 20% complete for E14_48h_RNA_Yang2019_rep2_GSM3314690_trimV5_R2.fastq.gz
Approx 25% complete for E14_48h_RNA_Yang2019_rep2_GSM3314690_trimV5_R1.fastq.gz
Approx 30% complete for E14_48h_RNA_Yang2019_rep2_GSM3314690_R1.fastq.gz
Approx 25% complete for E14_48h_RNA_Yang2019_rep2_GSM3314690_R2.fastq.gz
Approx 25% complete for E14_48h_RNA_Yang2019_rep2_GSM3314690_trimV5_R2.fastq.gz
Approx 30% complete for E14_48h_RNA_Yang2019_rep2_GSM3314690_trimV5_R1.fastq.gz
Approx 35% complete for E14_48h_RNA_Yang2019_rep2_GSM3314690_R1.fastq.gz
Approx 30% complete for E14_48h_RNA_Yang2019_rep2_GSM3314690_R2.fastq.gz
Approx 35% complete for E14_48h_RNA_Yang2019_rep2_GSM3314690_trimV5_R1.fastq.gz
Approx 30% complete for E14_48h_RNA_Yang2019_rep2_GSM3314690_trimV5_R2.fastq.gz
Approx 40% complete for E14_48h_RNA_Yang2019_rep2_GSM3314690_R1.fastq.gz
Approx 35% complete for E14_48h_RNA_Yang2019_rep2_GSM3314690_R2.fastq.gz
Approx 45% complete for E14_48h_RNA_Yang2019_rep2_GSM3314690_R1.fastq.gz
Approx 40% complete for E14_48h_RNA_Yang2019_rep2_GSM3314690_trimV5_R1.fastq.gz
Approx 35% complete for E14_48h_RNA_Yang2019_rep2_GSM3314690_trimV5_R2.fastq.gz
Approx 40% complete for E14_48h_RNA_Yang2019_rep2_GSM3314690_R2.fastq.gz
Approx 50% complete for E14_48h_RNA_Yang2019_rep2_GSM3314690_R1.fastq.gz
Approx 45% complete for E14_48h_RNA_Yang2019_rep2_GSM3314690_trimV5_R1.fastq.gz
Approx 55% complete for E14_48h_RNA_Yang2019_rep2_GSM3314690_R1.fastq.gz
Approx 45% complete for E14_48h_RNA_Yang2019_rep2_GSM3314690_R2.fastq.gz
Approx 40% complete for E14_48h_RNA_Yang2019_rep2_GSM3314690_trimV5_R2.fastq.gz
Approx 60% complete for E14_48h_RNA_Yang2019_rep2_GSM3314690_R1.fastq.gz
Approx 50% complete for E14_48h_RNA_Yang2019_rep2_GSM3314690_trimV5_R1.fastq.gz
Approx 50% complete for E14_48h_RNA_Yang2019_rep2_GSM3314690_R2.fastq.gz
Approx 45% complete for E14_48h_RNA_Yang2019_rep2_GSM3314690_trimV5_R2.fastq.gz
Approx 65% complete for E14_48h_RNA_Yang2019_rep2_GSM3314690_R1.fastq.gz
Approx 55% complete for E14_48h_RNA_Yang2019_rep2_GSM3314690_trimV5_R1.fastq.gz
Approx 55% complete for E14_48h_RNA_Yang2019_rep2_GSM3314690_R2.fastq.gz
Approx 50% complete for E14_48h_RNA_Yang2019_rep2_GSM3314690_trimV5_R2.fastq.gz
Approx 70% complete for E14_48h_RNA_Yang2019_rep2_GSM3314690_R1.fastq.gz
Approx 60% complete for E14_48h_RNA_Yang2019_rep2_GSM3314690_trimV5_R1.fastq.gz
Approx 60% complete for E14_48h_RNA_Yang2019_rep2_GSM3314690_R2.fastq.gz
Approx 75% complete for E14_48h_RNA_Yang2019_rep2_GSM3314690_R1.fastq.gz
Approx 55% complete for E14_48h_RNA_Yang2019_rep2_GSM3314690_trimV5_R2.fastq.gz
Approx 65% complete for E14_48h_RNA_Yang2019_rep2_GSM3314690_R2.fastq.gz
Approx 65% complete for E14_48h_RNA_Yang2019_rep2_GSM3314690_trimV5_R1.fastq.gz
Approx 80% complete for E14_48h_RNA_Yang2019_rep2_GSM3314690_R1.fastq.gz
Approx 70% complete for E14_48h_RNA_Yang2019_rep2_GSM3314690_trimV5_R1.fastq.gz
Approx 60% complete for E14_48h_RNA_Yang2019_rep2_GSM3314690_trimV5_R2.fastq.gz
Approx 85% complete for E14_48h_RNA_Yang2019_rep2_GSM3314690_R1.fastq.gz
Approx 70% complete for E14_48h_RNA_Yang2019_rep2_GSM3314690_R2.fastq.gz
Approx 75% complete for E14_48h_RNA_Yang2019_rep2_GSM3314690_trimV5_R1.fastq.gz
Approx 90% complete for E14_48h_RNA_Yang2019_rep2_GSM3314690_R1.fastq.gz
Approx 65% complete for E14_48h_RNA_Yang2019_rep2_GSM3314690_trimV5_R2.fastq.gz
Approx 75% complete for E14_48h_RNA_Yang2019_rep2_GSM3314690_R2.fastq.gz
Approx 80% complete for E14_48h_RNA_Yang2019_rep2_GSM3314690_trimV5_R1.fastq.gz
Approx 95% complete for E14_48h_RNA_Yang2019_rep2_GSM3314690_R1.fastq.gz
Approx 70% complete for E14_48h_RNA_Yang2019_rep2_GSM3314690_trimV5_R2.fastq.gz
Approx 80% complete for E14_48h_RNA_Yang2019_rep2_GSM3314690_R2.fastq.gz
Approx 85% complete for E14_48h_RNA_Yang2019_rep2_GSM3314690_trimV5_R1.fastq.gz
Analysis complete for E14_48h_RNA_Yang2019_rep2_GSM3314690_R1.fastq.gz
Approx 75% complete for E14_48h_RNA_Yang2019_rep2_GSM3314690_trimV5_R2.fastq.gz
Approx 85% complete for E14_48h_RNA_Yang2019_rep2_GSM3314690_R2.fastq.gz
Approx 90% complete for E14_48h_RNA_Yang2019_rep2_GSM3314690_trimV5_R1.fastq.gz
Approx 80% complete for E14_48h_RNA_Yang2019_rep2_GSM3314690_trimV5_R2.fastq.gz
Approx 95% complete for E14_48h_RNA_Yang2019_rep2_GSM3314690_trimV5_R1.fastq.gz
Approx 90% complete for E14_48h_RNA_Yang2019_rep2_GSM3314690_R2.fastq.gz
Approx 85% complete for E14_48h_RNA_Yang2019_rep2_GSM3314690_trimV5_R2.fastq.gz
Analysis complete for E14_48h_RNA_Yang2019_rep2_GSM3314690_trimV5_R1.fastq.gz
Approx 95% complete for E14_48h_RNA_Yang2019_rep2_GSM3314690_R2.fastq.gz
Approx 90% complete for E14_48h_RNA_Yang2019_rep2_GSM3314690_trimV5_R2.fastq.gz
Analysis complete for E14_48h_RNA_Yang2019_rep2_GSM3314690_R2.fastq.gz
Approx 95% complete for E14_48h_RNA_Yang2019_rep2_GSM3314690_trimV5_R2.fastq.gz
Analysis complete for E14_48h_RNA_Yang2019_rep2_GSM3314690_trimV5_R2.fastq.gz
[fastQC] finished succesfully at [Wed Jul 3 04:50:01 PM CEST 2024]
[fastqScreen] started on E14_48h_RNA_Yang2019_rep2_GSM3314690_trimV5_R1.fastq.gz at [Wed Jul 3 04:50:01 PM CEST 2024]
Using fastq_screen v0.15.1
Couldn't find fastq_screen.conf at '/home/robin/bin/miniconda3/share/fastq-screen-0.15.2-0/fastq_screen.conf'
[fastqScreen] finished successfully at [Wed Jul 3 04:50:01 PM CEST 2024]
[STAR alignment] started with reference /data/reference_genomes/mm10 at [Wed Jul 3 04:50:01 PM CEST 2024]
	STAR --runMode alignReads --genomeDir /data/reference_genomes/mm10 --runThreadN 12 --limitBAMsortRAM 4G --readFilesCommand zcat --readFilesIn E14_48h_RNA_Yang2019_rep2_GSM3314690_trimV5_R1.fastq.gz E14_48h_RNA_Yang2019_rep2_GSM3314690_trimV5_R2.fastq.gz --outFilterType BySJout --outSAMtype SAM
	STAR version: 2.7.9a   compiled: 2021-05-04T09:43:56-0400 vega:/home/dobin/data/STAR/STARcode/STAR.master/source
Jul 03 16:50:01 ..... started STAR run
Jul 03 16:50:02 ..... loading genome
Jul 03 16:50:54 ..... started mapping
Jul 03 16:54:13 ..... finished mapping
Jul 03 16:54:13 ..... finished successfully
[STAR alignment] finished successfully at [Wed Jul 3 04:54:14 PM CEST 2024]
[sam grooming] started at [Wed Jul 3 04:56:40 PM CEST 2024]
16:56:41.497 INFO  NativeLibraryLoader - Loading libgkl_compression.so from jar:file:/home/robin/bin/miniconda3/share/picard-2.26.2-0/picard.jar!/com/intel/gkl/native/libgkl_compression.so
[Wed Jul 03 16:56:41 CEST 2024] CleanSam --INPUT E14_48h_RNA_Yang2019_rep2_GSM3314690_raw.sam --OUTPUT E14_48h_RNA_Yang2019_rep2_GSM3314690_cleaned.sam --TMP_DIR . --VERBOSITY INFO --QUIET false --VALIDATION_STRINGENCY STRICT --COMPRESSION_LEVEL 5 --MAX_RECORDS_IN_RAM 500000 --CREATE_INDEX false --CREATE_MD5_FILE false --GA4GH_CLIENT_SECRETS client_secrets.json --help false --version false --showHidden false --USE_JDK_DEFLATER false --USE_JDK_INFLATER false
[Wed Jul 03 16:56:41 CEST 2024] Executing as robin@epipax.ijm.univ-paris-diderot.priv on Linux 6.1.0-21-amd64 amd64; OpenJDK 64-Bit Server VM 1.8.0_332-b09; Deflater: Intel; Inflater: Intel; Provider GCS is not available; Picard version: Version:2.26.2
INFO	2024-07-03 16:56:41	CleanSam	Seen many non-increasing record positions. Printing Read-names as well.
INFO	2024-07-03 16:56:45	CleanSam	Processed     1,000,000 records.  Elapsed time: 00:00:04s.  Time for last 1,000,000:    4s.  Last read position: chr17:56,191,739.  Last read name: SRR7624378.8024992
INFO	2024-07-03 16:56:50	CleanSam	Processed     2,000,000 records.  Elapsed time: 00:00:08s.  Time for last 1,000,000:    4s.  Last read position: chr3:103,057,069.  Last read name: SRR7624378.45807859
INFO	2024-07-03 16:56:54	CleanSam	Processed     3,000,000 records.  Elapsed time: 00:00:12s.  Time for last 1,000,000:    4s.  Last read position: chr1:170,315,117.  Last read name: SRR7624378.5400893
INFO	2024-07-03 16:56:58	CleanSam	Processed     4,000,000 records.  Elapsed time: 00:00:16s.  Time for last 1,000,000:    4s.  Last read position: chr3:50,669,253.  Last read name: SRR7624378.36926232
INFO	2024-07-03 16:57:02	CleanSam	Processed     5,000,000 records.  Elapsed time: 00:00:21s.  Time for last 1,000,000:    4s.  Last read position: chr12:76,226,982.  Last read name: SRR7624378.24348445
INFO	2024-07-03 16:57:07	CleanSam	Processed     6,000,000 records.  Elapsed time: 00:00:25s.  Time for last 1,000,000:    4s.  Last read position: chr9:96,895,896.  Last read name: SRR7624378.17011506
INFO	2024-07-03 16:57:11	CleanSam	Processed     7,000,000 records.  Elapsed time: 00:00:29s.  Time for last 1,000,000:    4s.  Last read position: chr11:120,793,928.  Last read name: SRR7624378.23894898
INFO	2024-07-03 16:57:15	CleanSam	Processed     8,000,000 records.  Elapsed time: 00:00:33s.  Time for last 1,000,000:    4s.  Last read position: chr11:94,037,463.  Last read name: SRR7624378.30632973
INFO	2024-07-03 16:57:19	CleanSam	Processed     9,000,000 records.  Elapsed time: 00:00:37s.  Time for last 1,000,000:    3s.  Last read position: chr6:113,702,413.  Last read name: SRR7624378.30698136
INFO	2024-07-03 16:57:23	CleanSam	Processed    10,000,000 records.  Elapsed time: 00:00:41s.  Time for last 1,000,000:    3s.  Last read position: chr4:69,925,434.  Last read name: SRR7624378.36680181
INFO	2024-07-03 16:57:27	CleanSam	Processed    11,000,000 records.  Elapsed time: 00:00:45s.  Time for last 1,000,000:    3s.  Last read position: chr15:27,891,355.  Last read name: SRR7624378.19801185
INFO	2024-07-03 16:57:31	CleanSam	Processed    12,000,000 records.  Elapsed time: 00:00:49s.  Time for last 1,000,000:    4s.  Last read position: chr9:7,498,835.  Last read name: SRR7624378.33352221
INFO	2024-07-03 16:57:35	CleanSam	Processed    13,000,000 records.  Elapsed time: 00:00:53s.  Time for last 1,000,000:    4s.  Last read position: chr5:24,581,743.  Last read name: SRR7624378.10556091
INFO	2024-07-03 16:57:39	CleanSam	Processed    14,000,000 records.  Elapsed time: 00:00:57s.  Time for last 1,000,000:    4s.  Last read position: chr8:40,539,364.  Last read name: SRR7624378.41855342
INFO	2024-07-03 16:57:43	CleanSam	Processed    15,000,000 records.  Elapsed time: 00:01:01s.  Time for last 1,000,000:    4s.  Last read position: chrX:152,909,895.  Last read name: SRR7624378.8701315
INFO	2024-07-03 16:57:47	CleanSam	Processed    16,000,000 records.  Elapsed time: 00:01:06s.  Time for last 1,000,000:    4s.  Last read position: chr3:89,246,878.  Last read name: SRR7624378.41008662
INFO	2024-07-03 16:57:52	CleanSam	Processed    17,000,000 records.  Elapsed time: 00:01:10s.  Time for last 1,000,000:    4s.  Last read position: chr8:70,895,983.  Last read name: SRR7624378.12282670
INFO	2024-07-03 16:57:56	CleanSam	Processed    18,000,000 records.  Elapsed time: 00:01:14s.  Time for last 1,000,000:    4s.  Last read position: chr13:66,010,233.  Last read name: SRR7624378.51002775
INFO	2024-07-03 16:58:01	CleanSam	Processed    19,000,000 records.  Elapsed time: 00:01:19s.  Time for last 1,000,000:    4s.  Last read position: chr1:54,419,529.  Last read name: SRR7624378.7354896
INFO	2024-07-03 16:58:05	CleanSam	Processed    20,000,000 records.  Elapsed time: 00:01:24s.  Time for last 1,000,000:    4s.  Last read position: chr17:17,573,947.  Last read name: SRR7624378.9091936
INFO	2024-07-03 16:58:09	CleanSam	Processed    21,000,000 records.  Elapsed time: 00:01:27s.  Time for last 1,000,000:    3s.  Last read position: chr9:88,453,599.  Last read name: SRR7624378.42078057
INFO	2024-07-03 16:58:13	CleanSam	Processed    22,000,000 records.  Elapsed time: 00:01:31s.  Time for last 1,000,000:    3s.  Last read position: chr4:107,389,498.  Last read name: SRR7624378.19498383
INFO	2024-07-03 16:58:17	CleanSam	Processed    23,000,000 records.  Elapsed time: 00:01:36s.  Time for last 1,000,000:    4s.  Last read position: chr4:146,564,487.  Last read name: SRR7624378.46297313
INFO	2024-07-03 16:58:21	CleanSam	Processed    24,000,000 records.  Elapsed time: 00:01:40s.  Time for last 1,000,000:    4s.  Last read position: chr15:79,245,987.  Last read name: SRR7624378.47776525
INFO	2024-07-03 16:58:25	CleanSam	Processed    25,000,000 records.  Elapsed time: 00:01:44s.  Time for last 1,000,000:    3s.  Last read position: chr14:30,526,043.  Last read name: SRR7624378.12483086
INFO	2024-07-03 16:58:29	CleanSam	Processed    26,000,000 records.  Elapsed time: 00:01:48s.  Time for last 1,000,000:    4s.  Last read position: chr5:5,538,318.  Last read name: SRR7624378.27618686
INFO	2024-07-03 16:58:33	CleanSam	Processed    27,000,000 records.  Elapsed time: 00:01:52s.  Time for last 1,000,000:    3s.  Last read position: chr7:98,093,109.  Last read name: SRR7624378.27853881
INFO	2024-07-03 16:58:37	CleanSam	Processed    28,000,000 records.  Elapsed time: 00:01:56s.  Time for last 1,000,000:    4s.  Last read position: chr13:23,758,894.  Last read name: SRR7624378.26258439
INFO	2024-07-03 16:58:41	CleanSam	Processed    29,000,000 records.  Elapsed time: 00:01:59s.  Time for last 1,000,000:    3s.  Last read position: chr9:78,478,558.  Last read name: SRR7624378.6156169
INFO	2024-07-03 16:58:45	CleanSam	Processed    30,000,000 records.  Elapsed time: 00:02:03s.  Time for last 1,000,000:    3s.  Last read position: chr1:125,405,882.  Last read name: SRR7624378.11441884
INFO	2024-07-03 16:58:49	CleanSam	Processed    31,000,000 records.  Elapsed time: 00:02:07s.  Time for last 1,000,000:    3s.  Last read position: chr7:34,141,459.  Last read name: SRR7624378.40744506
INFO	2024-07-03 16:58:53	CleanSam	Processed    32,000,000 records.  Elapsed time: 00:02:12s.  Time for last 1,000,000:    4s.  Last read position: chr3:62,484,194.  Last read name: SRR7624378.51786035
INFO	2024-07-03 16:58:57	CleanSam	Processed    33,000,000 records.  Elapsed time: 00:02:16s.  Time for last 1,000,000:    4s.  Last read position: chr19:17,927,443.  Last read name: SRR7624378.23532643
INFO	2024-07-03 16:59:01	CleanSam	Processed    34,000,000 records.  Elapsed time: 00:02:20s.  Time for last 1,000,000:    3s.  Last read position: chr18:36,765,410.  Last read name: SRR7624378.45016217
INFO	2024-07-03 16:59:05	CleanSam	Processed    35,000,000 records.  Elapsed time: 00:02:24s.  Time for last 1,000,000:    3s.  Last read position: chr5:35,094,860.  Last read name: SRR7624378.11500369
INFO	2024-07-03 16:59:09	CleanSam	Processed    36,000,000 records.  Elapsed time: 00:02:28s.  Time for last 1,000,000:    4s.  Last read position: chr1:24,612,788.  Last read name: SRR7624378.16536551
INFO	2024-07-03 16:59:13	CleanSam	Processed    37,000,000 records.  Elapsed time: 00:02:32s.  Time for last 1,000,000:    3s.  Last read position: chr17:27,632,013.  Last read name: SRR7624378.36731649
INFO	2024-07-03 16:59:17	CleanSam	Processed    38,000,000 records.  Elapsed time: 00:02:36s.  Time for last 1,000,000:    4s.  Last read position: chr10:128,086,078.  Last read name: SRR7624378.39792828
INFO	2024-07-03 16:59:21	CleanSam	Processed    39,000,000 records.  Elapsed time: 00:02:40s.  Time for last 1,000,000:    3s.  Last read position: chr14:8,799,874.  Last read name: SRR7624378.30074289
INFO	2024-07-03 16:59:25	CleanSam	Processed    40,000,000 records.  Elapsed time: 00:02:44s.  Time for last 1,000,000:    4s.  Last read position: chr18:53,940,659.  Last read name: SRR7624378.5647182
INFO	2024-07-03 16:59:29	CleanSam	Processed    41,000,000 records.  Elapsed time: 00:02:48s.  Time for last 1,000,000:    4s.  Last read position: chr4:51,253,251.  Last read name: SRR7624378.33343078
INFO	2024-07-03 16:59:33	CleanSam	Processed    42,000,000 records.  Elapsed time: 00:02:52s.  Time for last 1,000,000:    3s.  Last read position: chr11:106,782,658.  Last read name: SRR7624378.2989267
INFO	2024-07-03 16:59:38	CleanSam	Processed    43,000,000 records.  Elapsed time: 00:02:56s.  Time for last 1,000,000:    4s.  Last read position: chr1:16,103,610.  Last read name: SRR7624378.48929723
INFO	2024-07-03 16:59:42	CleanSam	Processed    44,000,000 records.  Elapsed time: 00:03:00s.  Time for last 1,000,000:    4s.  Last read position: chr11:99,003,566.  Last read name: SRR7624378.5138164
INFO	2024-07-03 16:59:46	CleanSam	Processed    45,000,000 records.  Elapsed time: 00:03:04s.  Time for last 1,000,000:    4s.  Last read position: chr7:4,793,556.  Last read name: SRR7624378.38566195
INFO	2024-07-03 16:59:50	CleanSam	Processed    46,000,000 records.  Elapsed time: 00:03:09s.  Time for last 1,000,000:    4s.  Last read position: chr9:58,900,632.  Last read name: SRR7624378.21501484
INFO	2024-07-03 16:59:54	CleanSam	Processed    47,000,000 records.  Elapsed time: 00:03:13s.  Time for last 1,000,000:    4s.  Last read position: chr5:140,758,423.  Last read name: SRR7624378.20535570
INFO	2024-07-03 16:59:58	CleanSam	Processed    48,000,000 records.  Elapsed time: 00:03:17s.  Time for last 1,000,000:    4s.  Last read position: chr2:158,044,108.  Last read name: SRR7624378.29660305
INFO	2024-07-03 17:00:03	CleanSam	Processed    49,000,000 records.  Elapsed time: 00:03:21s.  Time for last 1,000,000:    4s.  Last read position: chr3:105,967,695.  Last read name: SRR7624378.14718620
INFO	2024-07-03 17:00:07	CleanSam	Processed    50,000,000 records.  Elapsed time: 00:03:25s.  Time for last 1,000,000:    4s.  Last read position: chr17:39,844,640.  Last read name: SRR7624378.38876854
INFO	2024-07-03 17:00:11	CleanSam	Processed    51,000,000 records.  Elapsed time: 00:03:29s.  Time for last 1,000,000:    4s.  Last read position: chr1:55,080,279.  Last read name: SRR7624378.46855701
INFO	2024-07-03 17:00:15	CleanSam	Processed    52,000,000 records.  Elapsed time: 00:03:33s.  Time for last 1,000,000:    4s.  Last read position: chr5:88,165,982.  Last read name: SRR7624378.52681832
INFO	2024-07-03 17:00:19	CleanSam	Processed    53,000,000 records.  Elapsed time: 00:03:37s.  Time for last 1,000,000:    3s.  Last read position: chr11:75,759,991.  Last read name: SRR7624378.31895841
INFO	2024-07-03 17:00:23	CleanSam	Processed    54,000,000 records.  Elapsed time: 00:03:41s.  Time for last 1,000,000:    3s.  Last read position: chr16:16,819,796.  Last read name: SRR7624378.31592206
INFO	2024-07-03 17:00:27	CleanSam	Processed    55,000,000 records.  Elapsed time: 00:03:45s.  Time for last 1,000,000:    3s.  Last read position: chr10:58,477,267.  Last read name: SRR7624378.38323816
INFO	2024-07-03 17:00:31	CleanSam	Processed    56,000,000 records.  Elapsed time: 00:03:49s.  Time for last 1,000,000:    4s.  Last read position: chr12:69,361,324.  Last read name: SRR7624378.44791232
INFO	2024-07-03 17:00:35	CleanSam	Processed    57,000,000 records.  Elapsed time: 00:03:53s.  Time for last 1,000,000:    3s.  Last read position: chr5:9,193,413.  Last read name: SRR7624378.45668512
INFO	2024-07-03 17:00:39	CleanSam	Processed    58,000,000 records.  Elapsed time: 00:03:57s.  Time for last 1,000,000:    3s.  Last read position: chr1:181,930,700.  Last read name: SRR7624378.31015587
INFO	2024-07-03 17:00:43	CleanSam	Processed    59,000,000 records.  Elapsed time: 00:04:01s.  Time for last 1,000,000:    3s.  Last read position: chr16:32,385,668.  Last read name: SRR7624378.9267322
INFO	2024-07-03 17:00:47	CleanSam	Processed    60,000,000 records.  Elapsed time: 00:04:05s.  Time for last 1,000,000:    3s.  Last read position: chr16:32,149,049.  Last read name: SRR7624378.50776029
INFO	2024-07-03 17:00:50	CleanSam	Processed    61,000,000 records.  Elapsed time: 00:04:09s.  Time for last 1,000,000:    3s.  Last read position: chr17:28,329,449.  Last read name: SRR7624378.32162188
INFO	2024-07-03 17:00:54	CleanSam	Processed    62,000,000 records.  Elapsed time: 00:04:13s.  Time for last 1,000,000:    3s.  Last read position: chr12:17,547,738.  Last read name: SRR7624378.28378820
INFO	2024-07-03 17:00:58	CleanSam	Processed    63,000,000 records.  Elapsed time: 00:04:17s.  Time for last 1,000,000:    4s.  Last read position: chr1:72,237,085.  Last read name: SRR7624378.2131079
INFO	2024-07-03 17:01:02	CleanSam	Processed    64,000,000 records.  Elapsed time: 00:04:21s.  Time for last 1,000,000:    4s.  Last read position: chr5:145,135,101.  Last read name: SRR7624378.46446339
INFO	2024-07-03 17:01:07	CleanSam	Processed    65,000,000 records.  Elapsed time: 00:04:25s.  Time for last 1,000,000:    4s.  Last read position: chr9:32,248,504.  Last read name: SRR7624378.6183924
INFO	2024-07-03 17:01:11	CleanSam	Processed    66,000,000 records.  Elapsed time: 00:04:29s.  Time for last 1,000,000:    4s.  Last read position: chr7:27,640,113.  Last read name: SRR7624378.34483248
INFO	2024-07-03 17:01:15	CleanSam	Processed    67,000,000 records.  Elapsed time: 00:04:34s.  Time for last 1,000,000:    4s.  Last read position: chr12:73,262,021.  Last read name: SRR7624378.48846470
INFO	2024-07-03 17:01:19	CleanSam	Processed    68,000,000 records.  Elapsed time: 00:04:38s.  Time for last 1,000,000:    3s.  Last read position: chr4:146,539,002.  Last read name: SRR7624378.45031121
INFO	2024-07-03 17:01:24	CleanSam	Processed    69,000,000 records.  Elapsed time: 00:04:42s.  Time for last 1,000,000:    4s.  Last read position: chr17:46,324,849.  Last read name: SRR7624378.37045961
INFO	2024-07-03 17:01:28	CleanSam	Processed    70,000,000 records.  Elapsed time: 00:04:46s.  Time for last 1,000,000:    4s.  Last read position: chr19:32,815,440.  Last read name: SRR7624378.23287419
INFO	2024-07-03 17:01:32	CleanSam	Processed    71,000,000 records.  Elapsed time: 00:04:50s.  Time for last 1,000,000:    4s.  Last read position: chr14:4,203,891.  Last read name: SRR7624378.8789663
INFO	2024-07-03 17:01:36	CleanSam	Processed    72,000,000 records.  Elapsed time: 00:04:54s.  Time for last 1,000,000:    4s.  Last read position: chr10:127,066,233.  Last read name: SRR7624378.28528412
INFO	2024-07-03 17:01:40	CleanSam	Processed    73,000,000 records.  Elapsed time: 00:04:58s.  Time for last 1,000,000:    4s.  Last read position: chr4:119,137,015.  Last read name: SRR7624378.44743708
[Wed Jul 03 17:01:54 CEST 2024] picard.sam.CleanSam done. Elapsed time: 5.22 minutes.
Runtime.totalMemory()=892862464
17:01:56.863 INFO  NativeLibraryLoader - Loading libgkl_compression.so from jar:file:/home/robin/bin/miniconda3/share/picard-2.26.2-0/picard.jar!/com/intel/gkl/native/libgkl_compression.so
[Wed Jul 03 17:01:56 CEST 2024] SamFormatConverter --INPUT E14_48h_RNA_Yang2019_rep2_GSM3314690_cleaned.sam --OUTPUT E14_48h_RNA_Yang2019_rep2_GSM3314690_unsorted.bam --TMP_DIR . --VERBOSITY INFO --QUIET false --VALIDATION_STRINGENCY STRICT --COMPRESSION_LEVEL 5 --MAX_RECORDS_IN_RAM 500000 --CREATE_INDEX false --CREATE_MD5_FILE false --GA4GH_CLIENT_SECRETS client_secrets.json --help false --version false --showHidden false --USE_JDK_DEFLATER false --USE_JDK_INFLATER false
[Wed Jul 03 17:01:56 CEST 2024] Executing as robin@epipax.ijm.univ-paris-diderot.priv on Linux 6.1.0-21-amd64 amd64; OpenJDK 64-Bit Server VM 1.8.0_332-b09; Deflater: Intel; Inflater: Intel; Provider GCS is not available; Picard version: Version:2.26.2
INFO	2024-07-03 17:01:58	SamFormatConverter	Seen many non-increasing record positions. Printing Read-names as well.
INFO	2024-07-03 17:02:05	SamFormatConverter	Processed     1,000,000 records.  Elapsed time: 00:00:07s.  Time for last 1,000,000:    7s.  Last read position: chr17:56,191,739.  Last read name: SRR7624378.8024992
INFO	2024-07-03 17:02:12	SamFormatConverter	Processed     2,000,000 records.  Elapsed time: 00:00:14s.  Time for last 1,000,000:    6s.  Last read position: chr3:103,057,069.  Last read name: SRR7624378.45807859
INFO	2024-07-03 17:02:19	SamFormatConverter	Processed     3,000,000 records.  Elapsed time: 00:00:21s.  Time for last 1,000,000:    7s.  Last read position: chr1:170,315,117.  Last read name: SRR7624378.5400893
INFO	2024-07-03 17:02:25	SamFormatConverter	Processed     4,000,000 records.  Elapsed time: 00:00:27s.  Time for last 1,000,000:    6s.  Last read position: chr3:50,669,253.  Last read name: SRR7624378.36926232
INFO	2024-07-03 17:02:32	SamFormatConverter	Processed     5,000,000 records.  Elapsed time: 00:00:33s.  Time for last 1,000,000:    6s.  Last read position: chr12:76,226,982.  Last read name: SRR7624378.24348445
INFO	2024-07-03 17:02:38	SamFormatConverter	Processed     6,000,000 records.  Elapsed time: 00:00:40s.  Time for last 1,000,000:    6s.  Last read position: chr9:96,895,896.  Last read name: SRR7624378.17011506
INFO	2024-07-03 17:02:45	SamFormatConverter	Processed     7,000,000 records.  Elapsed time: 00:00:47s.  Time for last 1,000,000:    6s.  Last read position: chr11:120,793,928.  Last read name: SRR7624378.23894898
INFO	2024-07-03 17:02:51	SamFormatConverter	Processed     8,000,000 records.  Elapsed time: 00:00:53s.  Time for last 1,000,000:    6s.  Last read position: chr11:94,037,463.  Last read name: SRR7624378.30632973
INFO	2024-07-03 17:02:58	SamFormatConverter	Processed     9,000,000 records.  Elapsed time: 00:00:59s.  Time for last 1,000,000:    6s.  Last read position: chr6:113,702,413.  Last read name: SRR7624378.30698136
INFO	2024-07-03 17:03:04	SamFormatConverter	Processed    10,000,000 records.  Elapsed time: 00:01:06s.  Time for last 1,000,000:    6s.  Last read position: chr4:69,925,434.  Last read name: SRR7624378.36680181
INFO	2024-07-03 17:03:11	SamFormatConverter	Processed    11,000,000 records.  Elapsed time: 00:01:13s.  Time for last 1,000,000:    6s.  Last read position: chr15:27,891,355.  Last read name: SRR7624378.19801185
INFO	2024-07-03 17:03:18	SamFormatConverter	Processed    12,000,000 records.  Elapsed time: 00:01:19s.  Time for last 1,000,000:    6s.  Last read position: chr9:7,498,835.  Last read name: SRR7624378.33352221
INFO	2024-07-03 17:03:24	SamFormatConverter	Processed    13,000,000 records.  Elapsed time: 00:01:26s.  Time for last 1,000,000:    6s.  Last read position: chr5:24,581,743.  Last read name: SRR7624378.10556091
INFO	2024-07-03 17:03:31	SamFormatConverter	Processed    14,000,000 records.  Elapsed time: 00:01:32s.  Time for last 1,000,000:    6s.  Last read position: chr8:40,539,364.  Last read name: SRR7624378.41855342
INFO	2024-07-03 17:03:38	SamFormatConverter	Processed    15,000,000 records.  Elapsed time: 00:01:40s.  Time for last 1,000,000:    7s.  Last read position: chrX:152,909,895.  Last read name: SRR7624378.8701315
INFO	2024-07-03 17:03:45	SamFormatConverter	Processed    16,000,000 records.  Elapsed time: 00:01:47s.  Time for last 1,000,000:    6s.  Last read position: chr3:89,246,878.  Last read name: SRR7624378.41008662
INFO	2024-07-03 17:03:53	SamFormatConverter	Processed    17,000,000 records.  Elapsed time: 00:01:55s.  Time for last 1,000,000:    7s.  Last read position: chr8:70,895,983.  Last read name: SRR7624378.12282670
INFO	2024-07-03 17:04:00	SamFormatConverter	Processed    18,000,000 records.  Elapsed time: 00:02:02s.  Time for last 1,000,000:    7s.  Last read position: chr13:66,010,233.  Last read name: SRR7624378.51002775
INFO	2024-07-03 17:04:08	SamFormatConverter	Processed    19,000,000 records.  Elapsed time: 00:02:10s.  Time for last 1,000,000:    8s.  Last read position: chr1:54,419,529.  Last read name: SRR7624378.7354896
INFO	2024-07-03 17:04:16	SamFormatConverter	Processed    20,000,000 records.  Elapsed time: 00:02:17s.  Time for last 1,000,000:    7s.  Last read position: chr17:17,573,947.  Last read name: SRR7624378.9091936
INFO	2024-07-03 17:04:24	SamFormatConverter	Processed    21,000,000 records.  Elapsed time: 00:02:25s.  Time for last 1,000,000:    7s.  Last read position: chr9:88,453,599.  Last read name: SRR7624378.42078057
INFO	2024-07-03 17:04:31	SamFormatConverter	Processed    22,000,000 records.  Elapsed time: 00:02:32s.  Time for last 1,000,000:    7s.  Last read position: chr4:107,389,498.  Last read name: SRR7624378.19498383
INFO	2024-07-03 17:04:39	SamFormatConverter	Processed    23,000,000 records.  Elapsed time: 00:02:40s.  Time for last 1,000,000:    7s.  Last read position: chr4:146,564,487.  Last read name: SRR7624378.46297313
INFO	2024-07-03 17:04:46	SamFormatConverter	Processed    24,000,000 records.  Elapsed time: 00:02:47s.  Time for last 1,000,000:    7s.  Last read position: chr15:79,245,987.  Last read name: SRR7624378.47776525
INFO	2024-07-03 17:04:54	SamFormatConverter	Processed    25,000,000 records.  Elapsed time: 00:02:55s.  Time for last 1,000,000:    7s.  Last read position: chr14:30,526,043.  Last read name: SRR7624378.12483086
INFO	2024-07-03 17:05:01	SamFormatConverter	Processed    26,000,000 records.  Elapsed time: 00:03:02s.  Time for last 1,000,000:    7s.  Last read position: chr5:5,538,318.  Last read name: SRR7624378.27618686
INFO	2024-07-03 17:05:08	SamFormatConverter	Processed    27,000,000 records.  Elapsed time: 00:03:10s.  Time for last 1,000,000:    7s.  Last read position: chr7:98,093,109.  Last read name: SRR7624378.27853881
INFO	2024-07-03 17:05:16	SamFormatConverter	Processed    28,000,000 records.  Elapsed time: 00:03:18s.  Time for last 1,000,000:    8s.  Last read position: chr13:23,758,894.  Last read name: SRR7624378.26258439
INFO	2024-07-03 17:05:24	SamFormatConverter	Processed    29,000,000 records.  Elapsed time: 00:03:26s.  Time for last 1,000,000:    8s.  Last read position: chr9:78,478,558.  Last read name: SRR7624378.6156169
INFO	2024-07-03 17:05:31	SamFormatConverter	Processed    30,000,000 records.  Elapsed time: 00:03:33s.  Time for last 1,000,000:    7s.  Last read position: chr1:125,405,882.  Last read name: SRR7624378.11441884
INFO	2024-07-03 17:05:40	SamFormatConverter	Processed    31,000,000 records.  Elapsed time: 00:03:41s.  Time for last 1,000,000:    8s.  Last read position: chr7:34,141,459.  Last read name: SRR7624378.40744506
INFO	2024-07-03 17:05:46	SamFormatConverter	Processed    32,000,000 records.  Elapsed time: 00:03:48s.  Time for last 1,000,000:    6s.  Last read position: chr3:62,484,194.  Last read name: SRR7624378.51786035
INFO	2024-07-03 17:05:53	SamFormatConverter	Processed    33,000,000 records.  Elapsed time: 00:03:55s.  Time for last 1,000,000:    7s.  Last read position: chr19:17,927,443.  Last read name: SRR7624378.23532643
INFO	2024-07-03 17:06:00	SamFormatConverter	Processed    34,000,000 records.  Elapsed time: 00:04:01s.  Time for last 1,000,000:    6s.  Last read position: chr18:36,765,410.  Last read name: SRR7624378.45016217
INFO	2024-07-03 17:06:07	SamFormatConverter	Processed    35,000,000 records.  Elapsed time: 00:04:08s.  Time for last 1,000,000:    7s.  Last read position: chr5:35,094,860.  Last read name: SRR7624378.11500369
INFO	2024-07-03 17:06:14	SamFormatConverter	Processed    36,000,000 records.  Elapsed time: 00:04:15s.  Time for last 1,000,000:    6s.  Last read position: chr1:24,612,788.  Last read name: SRR7624378.16536551
INFO	2024-07-03 17:06:21	SamFormatConverter	Processed    37,000,000 records.  Elapsed time: 00:04:22s.  Time for last 1,000,000:    6s.  Last read position: chr17:27,632,013.  Last read name: SRR7624378.36731649
INFO	2024-07-03 17:06:27	SamFormatConverter	Processed    38,000,000 records.  Elapsed time: 00:04:29s.  Time for last 1,000,000:    6s.  Last read position: chr10:128,086,078.  Last read name: SRR7624378.39792828
INFO	2024-07-03 17:06:34	SamFormatConverter	Processed    39,000,000 records.  Elapsed time: 00:04:36s.  Time for last 1,000,000:    7s.  Last read position: chr14:8,799,874.  Last read name: SRR7624378.30074289
INFO	2024-07-03 17:06:42	SamFormatConverter	Processed    40,000,000 records.  Elapsed time: 00:04:43s.  Time for last 1,000,000:    7s.  Last read position: chr18:53,940,659.  Last read name: SRR7624378.5647182
INFO	2024-07-03 17:06:49	SamFormatConverter	Processed    41,000,000 records.  Elapsed time: 00:04:50s.  Time for last 1,000,000:    7s.  Last read position: chr4:51,253,251.  Last read name: SRR7624378.33343078
INFO	2024-07-03 17:06:55	SamFormatConverter	Processed    42,000,000 records.  Elapsed time: 00:04:57s.  Time for last 1,000,000:    6s.  Last read position: chr11:106,782,658.  Last read name: SRR7624378.2989267
INFO	2024-07-03 17:07:04	SamFormatConverter	Processed    43,000,000 records.  Elapsed time: 00:05:06s.  Time for last 1,000,000:    8s.  Last read position: chr1:16,103,610.  Last read name: SRR7624378.48929723
INFO	2024-07-03 17:07:12	SamFormatConverter	Processed    44,000,000 records.  Elapsed time: 00:05:14s.  Time for last 1,000,000:    8s.  Last read position: chr11:99,003,566.  Last read name: SRR7624378.5138164
INFO	2024-07-03 17:07:18	SamFormatConverter	Processed    45,000,000 records.  Elapsed time: 00:05:20s.  Time for last 1,000,000:    5s.  Last read position: chr7:4,793,556.  Last read name: SRR7624378.38566195
INFO	2024-07-03 17:07:25	SamFormatConverter	Processed    46,000,000 records.  Elapsed time: 00:05:26s.  Time for last 1,000,000:    6s.  Last read position: chr9:58,900,632.  Last read name: SRR7624378.21501484
INFO	2024-07-03 17:07:31	SamFormatConverter	Processed    47,000,000 records.  Elapsed time: 00:05:32s.  Time for last 1,000,000:    5s.  Last read position: chr5:140,758,423.  Last read name: SRR7624378.20535570
INFO	2024-07-03 17:07:37	SamFormatConverter	Processed    48,000,000 records.  Elapsed time: 00:05:39s.  Time for last 1,000,000:    6s.  Last read position: chr2:158,044,108.  Last read name: SRR7624378.29660305
INFO	2024-07-03 17:07:44	SamFormatConverter	Processed    49,000,000 records.  Elapsed time: 00:05:45s.  Time for last 1,000,000:    6s.  Last read position: chr3:105,967,695.  Last read name: SRR7624378.14718620
INFO	2024-07-03 17:07:50	SamFormatConverter	Processed    50,000,000 records.  Elapsed time: 00:05:51s.  Time for last 1,000,000:    6s.  Last read position: chr17:39,844,640.  Last read name: SRR7624378.38876854
INFO	2024-07-03 17:07:56	SamFormatConverter	Processed    51,000,000 records.  Elapsed time: 00:05:57s.  Time for last 1,000,000:    5s.  Last read position: chr1:55,080,279.  Last read name: SRR7624378.46855701
INFO	2024-07-03 17:08:02	SamFormatConverter	Processed    52,000,000 records.  Elapsed time: 00:06:03s.  Time for last 1,000,000:    5s.  Last read position: chr5:88,165,982.  Last read name: SRR7624378.52681832
INFO	2024-07-03 17:08:08	SamFormatConverter	Processed    53,000,000 records.  Elapsed time: 00:06:10s.  Time for last 1,000,000:    6s.  Last read position: chr11:75,759,991.  Last read name: SRR7624378.31895841
INFO	2024-07-03 17:08:14	SamFormatConverter	Processed    54,000,000 records.  Elapsed time: 00:06:16s.  Time for last 1,000,000:    5s.  Last read position: chr16:16,819,796.  Last read name: SRR7624378.31592206
INFO	2024-07-03 17:08:20	SamFormatConverter	Processed    55,000,000 records.  Elapsed time: 00:06:21s.  Time for last 1,000,000:    5s.  Last read position: chr10:58,477,267.  Last read name: SRR7624378.38323816
INFO	2024-07-03 17:08:26	SamFormatConverter	Processed    56,000,000 records.  Elapsed time: 00:06:28s.  Time for last 1,000,000:    6s.  Last read position: chr12:69,361,324.  Last read name: SRR7624378.44791232
INFO	2024-07-03 17:08:32	SamFormatConverter	Processed    57,000,000 records.  Elapsed time: 00:06:34s.  Time for last 1,000,000:    5s.  Last read position: chr5:9,193,413.  Last read name: SRR7624378.45668512
INFO	2024-07-03 17:08:38	SamFormatConverter	Processed    58,000,000 records.  Elapsed time: 00:06:40s.  Time for last 1,000,000:    6s.  Last read position: chr1:181,930,700.  Last read name: SRR7624378.31015587
INFO	2024-07-03 17:08:44	SamFormatConverter	Processed    59,000,000 records.  Elapsed time: 00:06:46s.  Time for last 1,000,000:    5s.  Last read position: chr16:32,385,668.  Last read name: SRR7624378.9267322
INFO	2024-07-03 17:08:50	SamFormatConverter	Processed    60,000,000 records.  Elapsed time: 00:06:51s.  Time for last 1,000,000:    5s.  Last read position: chr16:32,149,049.  Last read name: SRR7624378.50776029
INFO	2024-07-03 17:08:56	SamFormatConverter	Processed    61,000,000 records.  Elapsed time: 00:06:57s.  Time for last 1,000,000:    5s.  Last read position: chr17:28,329,449.  Last read name: SRR7624378.32162188
INFO	2024-07-03 17:09:02	SamFormatConverter	Processed    62,000,000 records.  Elapsed time: 00:07:03s.  Time for last 1,000,000:    5s.  Last read position: chr12:17,547,738.  Last read name: SRR7624378.28378820
INFO	2024-07-03 17:09:08	SamFormatConverter	Processed    63,000,000 records.  Elapsed time: 00:07:10s.  Time for last 1,000,000:    6s.  Last read position: chr1:72,237,085.  Last read name: SRR7624378.2131079
INFO	2024-07-03 17:09:15	SamFormatConverter	Processed    64,000,000 records.  Elapsed time: 00:07:17s.  Time for last 1,000,000:    6s.  Last read position: chr5:145,135,101.  Last read name: SRR7624378.46446339
INFO	2024-07-03 17:09:23	SamFormatConverter	Processed    65,000,000 records.  Elapsed time: 00:07:24s.  Time for last 1,000,000:    7s.  Last read position: chr9:32,248,504.  Last read name: SRR7624378.6183924
INFO	2024-07-03 17:09:30	SamFormatConverter	Processed    66,000,000 records.  Elapsed time: 00:07:31s.  Time for last 1,000,000:    6s.  Last read position: chr7:27,640,113.  Last read name: SRR7624378.34483248
INFO	2024-07-03 17:09:36	SamFormatConverter	Processed    67,000,000 records.  Elapsed time: 00:07:37s.  Time for last 1,000,000:    6s.  Last read position: chr12:73,262,021.  Last read name: SRR7624378.48846470
INFO	2024-07-03 17:09:43	SamFormatConverter	Processed    68,000,000 records.  Elapsed time: 00:07:44s.  Time for last 1,000,000:    6s.  Last read position: chr4:146,539,002.  Last read name: SRR7624378.45031121
INFO	2024-07-03 17:09:49	SamFormatConverter	Processed    69,000,000 records.  Elapsed time: 00:07:51s.  Time for last 1,000,000:    6s.  Last read position: chr17:46,324,849.  Last read name: SRR7624378.37045961
INFO	2024-07-03 17:09:56	SamFormatConverter	Processed    70,000,000 records.  Elapsed time: 00:07:57s.  Time for last 1,000,000:    6s.  Last read position: chr19:32,815,440.  Last read name: SRR7624378.23287419
INFO	2024-07-03 17:10:02	SamFormatConverter	Processed    71,000,000 records.  Elapsed time: 00:08:03s.  Time for last 1,000,000:    6s.  Last read position: chr14:4,203,891.  Last read name: SRR7624378.8789663
INFO	2024-07-03 17:10:08	SamFormatConverter	Processed    72,000,000 records.  Elapsed time: 00:08:09s.  Time for last 1,000,000:    6s.  Last read position: chr10:127,066,233.  Last read name: SRR7624378.28528412
INFO	2024-07-03 17:10:14	SamFormatConverter	Processed    73,000,000 records.  Elapsed time: 00:08:16s.  Time for last 1,000,000:    6s.  Last read position: chr4:119,137,015.  Last read name: SRR7624378.44743708
[Wed Jul 03 17:10:21 CEST 2024] picard.sam.SamFormatConverter done. Elapsed time: 8.41 minutes.
Runtime.totalMemory()=872415232
17:10:23.214 INFO  NativeLibraryLoader - Loading libgkl_compression.so from jar:file:/home/robin/bin/miniconda3/share/picard-2.26.2-0/picard.jar!/com/intel/gkl/native/libgkl_compression.so
[Wed Jul 03 17:10:23 CEST 2024] SortSam --INPUT E14_48h_RNA_Yang2019_rep2_GSM3314690_unsorted.bam --OUTPUT E14_48h_RNA_Yang2019_rep2_GSM3314690_sorted.bam --SORT_ORDER coordinate --TMP_DIR . --VERBOSITY INFO --QUIET false --VALIDATION_STRINGENCY STRICT --COMPRESSION_LEVEL 5 --MAX_RECORDS_IN_RAM 500000 --CREATE_INDEX false --CREATE_MD5_FILE false --GA4GH_CLIENT_SECRETS client_secrets.json --help false --version false --showHidden false --USE_JDK_DEFLATER false --USE_JDK_INFLATER false
[Wed Jul 03 17:10:23 CEST 2024] Executing as robin@epipax.ijm.univ-paris-diderot.priv on Linux 6.1.0-21-amd64 amd64; OpenJDK 64-Bit Server VM 1.8.0_332-b09; Deflater: Intel; Inflater: Intel; Provider GCS is not available; Picard version: Version:2.26.2
INFO	2024-07-03 17:10:23	SortSam	Seen many non-increasing record positions. Printing Read-names as well.
INFO	2024-07-03 17:11:12	SortSam	Read    10,000,000 records.  Elapsed time: 00:00:49s.  Time for last 10,000,000:   49s.  Last read position: chr4:69,925,434.  Last read name: SRR7624378.36680181
INFO	2024-07-03 17:12:04	SortSam	Read    20,000,000 records.  Elapsed time: 00:01:40s.  Time for last 10,000,000:   51s.  Last read position: chr17:17,573,947.  Last read name: SRR7624378.9091936
INFO	2024-07-03 17:12:56	SortSam	Read    30,000,000 records.  Elapsed time: 00:02:32s.  Time for last 10,000,000:   51s.  Last read position: chr1:125,405,882.  Last read name: SRR7624378.11441884
INFO	2024-07-03 17:13:47	SortSam	Read    40,000,000 records.  Elapsed time: 00:03:23s.  Time for last 10,000,000:   50s.  Last read position: chr18:53,940,659.  Last read name: SRR7624378.5647182
INFO	2024-07-03 17:14:37	SortSam	Read    50,000,000 records.  Elapsed time: 00:04:13s.  Time for last 10,000,000:   50s.  Last read position: chr17:39,844,640.  Last read name: SRR7624378.38876854
INFO	2024-07-03 17:15:26	SortSam	Read    60,000,000 records.  Elapsed time: 00:05:02s.  Time for last 10,000,000:   48s.  Last read position: chr16:32,149,049.  Last read name: SRR7624378.50776029
INFO	2024-07-03 17:16:15	SortSam	Read    70,000,000 records.  Elapsed time: 00:05:51s.  Time for last 10,000,000:   49s.  Last read position: chr19:32,815,440.  Last read name: SRR7624378.23287419
INFO	2024-07-03 17:16:34	SortSam	Finished reading inputs, merging and writing to output now.
INFO	2024-07-03 17:17:12	SortSam	Wrote    10,000,000 records from a sorting collection.  Elapsed time: 00:06:48s.  Time for last 10,000,000:   36s.  Last read position: chr12:21,884,033
INFO	2024-07-03 17:17:48	SortSam	Wrote    20,000,000 records from a sorting collection.  Elapsed time: 00:07:25s.  Time for last 10,000,000:   36s.  Last read position: chr15:43,252,261
INFO	2024-07-03 17:18:24	SortSam	Wrote    30,000,000 records from a sorting collection.  Elapsed time: 00:08:01s.  Time for last 10,000,000:   36s.  Last read position: chr19:4,035,415
INFO	2024-07-03 17:19:01	SortSam	Wrote    40,000,000 records from a sorting collection.  Elapsed time: 00:08:38s.  Time for last 10,000,000:   37s.  Last read position: chr2:120,535,102
INFO	2024-07-03 17:19:39	SortSam	Wrote    50,000,000 records from a sorting collection.  Elapsed time: 00:09:15s.  Time for last 10,000,000:   37s.  Last read position: chr4:146,995,623
INFO	2024-07-03 17:20:15	SortSam	Wrote    60,000,000 records from a sorting collection.  Elapsed time: 00:09:51s.  Time for last 10,000,000:   35s.  Last read position: chr7:45,458,267
INFO	2024-07-03 17:20:49	SortSam	Wrote    70,000,000 records from a sorting collection.  Elapsed time: 00:10:26s.  Time for last 10,000,000:   34s.  Last read position: chr9:115,216,646
[Wed Jul 03 17:21:06 CEST 2024] picard.sam.SortSam done. Elapsed time: 10.71 minutes.
Runtime.totalMemory()=1650982912
17:21:07.370 INFO  NativeLibraryLoader - Loading libgkl_compression.so from jar:file:/home/robin/bin/miniconda3/share/picard-2.26.2-0/picard.jar!/com/intel/gkl/native/libgkl_compression.so
[Wed Jul 03 17:21:07 CEST 2024] MarkDuplicates --INPUT E14_48h_RNA_Yang2019_rep2_GSM3314690_sorted.bam --OUTPUT E14_48h_RNA_Yang2019_rep2_GSM3314690.bam --METRICS_FILE E14_48h_RNA_Yang2019_rep2_GSM3314690_markDupeMetrics.txt --REMOVE_DUPLICATES false --TMP_DIR . --MAX_SEQUENCES_FOR_DISK_READ_ENDS_MAP 50000 --MAX_FILE_HANDLES_FOR_READ_ENDS_MAP 8000 --SORTING_COLLECTION_SIZE_RATIO 0.25 --TAG_DUPLICATE_SET_MEMBERS false --REMOVE_SEQUENCING_DUPLICATES false --TAGGING_POLICY DontTag --CLEAR_DT true --DUPLEX_UMI false --ADD_PG_TAG_TO_READS true --ASSUME_SORTED false --DUPLICATE_SCORING_STRATEGY SUM_OF_BASE_QUALITIES --PROGRAM_RECORD_ID MarkDuplicates --PROGRAM_GROUP_NAME MarkDuplicates --READ_NAME_REGEX <optimized capture of last three ':' separated fields as numeric values> --OPTICAL_DUPLICATE_PIXEL_DISTANCE 100 --MAX_OPTICAL_DUPLICATE_SET_SIZE 300000 --VERBOSITY INFO --QUIET false --VALIDATION_STRINGENCY STRICT --COMPRESSION_LEVEL 5 --MAX_RECORDS_IN_RAM 500000 --CREATE_INDEX false --CREATE_MD5_FILE false --GA4GH_CLIENT_SECRETS client_secrets.json --help false --version false --showHidden false --USE_JDK_DEFLATER false --USE_JDK_INFLATER false
[Wed Jul 03 17:21:07 CEST 2024] Executing as robin@epipax.ijm.univ-paris-diderot.priv on Linux 6.1.0-21-amd64 amd64; OpenJDK 64-Bit Server VM 1.8.0_332-b09; Deflater: Intel; Inflater: Intel; Provider GCS is not available; Picard version: Version:2.26.2
INFO	2024-07-03 17:21:07	MarkDuplicates	Start of doWork freeMemory: 501501952; totalMemory: 514850816; maxMemory: 1908932608
INFO	2024-07-03 17:21:07	MarkDuplicates	Reading input file and constructing read end information.
INFO	2024-07-03 17:21:07	MarkDuplicates	Will retain up to 6916422 data points before spilling to disk.
WARNING	2024-07-03 17:21:07	AbstractOpticalDuplicateFinderCommandLineProgram	A field field parsed out of a read name was expected to contain an integer and did not. Read name: SRR7624378.31880721. Cause: String 'SRR7624378.31880721' did not start with a parsable number.
INFO	2024-07-03 17:21:11	MarkDuplicates	Read     1,000,000 records.  Elapsed time: 00:00:03s.  Time for last 1,000,000:    3s.  Last read position: chr10:62,455,516
INFO	2024-07-03 17:21:11	MarkDuplicates	Tracking 108 as yet unmatched pairs. 108 records in RAM.
INFO	2024-07-03 17:21:14	MarkDuplicates	Read     2,000,000 records.  Elapsed time: 00:00:06s.  Time for last 1,000,000:    3s.  Last read position: chr10:82,877,283
INFO	2024-07-03 17:21:14	MarkDuplicates	Tracking 776 as yet unmatched pairs. 776 records in RAM.
INFO	2024-07-03 17:21:19	MarkDuplicates	Read     3,000,000 records.  Elapsed time: 00:00:11s.  Time for last 1,000,000:    5s.  Last read position: chr10:128,090,080
INFO	2024-07-03 17:21:19	MarkDuplicates	Tracking 2552 as yet unmatched pairs. 2552 records in RAM.
INFO	2024-07-03 17:21:22	MarkDuplicates	Read     4,000,000 records.  Elapsed time: 00:00:14s.  Time for last 1,000,000:    3s.  Last read position: chr11:29,540,681
INFO	2024-07-03 17:21:22	MarkDuplicates	Tracking 79 as yet unmatched pairs. 79 records in RAM.
INFO	2024-07-03 17:21:25	MarkDuplicates	Read     5,000,000 records.  Elapsed time: 00:00:17s.  Time for last 1,000,000:    3s.  Last read position: chr11:54,869,903
INFO	2024-07-03 17:21:25	MarkDuplicates	Tracking 1260 as yet unmatched pairs. 1260 records in RAM.
INFO	2024-07-03 17:21:32	MarkDuplicates	Read     6,000,000 records.  Elapsed time: 00:00:24s.  Time for last 1,000,000:    6s.  Last read position: chr11:72,448,826
INFO	2024-07-03 17:21:32	MarkDuplicates	Tracking 327 as yet unmatched pairs. 327 records in RAM.
INFO	2024-07-03 17:21:35	MarkDuplicates	Read     7,000,000 records.  Elapsed time: 00:00:27s.  Time for last 1,000,000:    3s.  Last read position: chr11:87,443,339
INFO	2024-07-03 17:21:35	MarkDuplicates	Tracking 315 as yet unmatched pairs. 315 records in RAM.
INFO	2024-07-03 17:21:38	MarkDuplicates	Read     8,000,000 records.  Elapsed time: 00:00:30s.  Time for last 1,000,000:    2s.  Last read position: chr11:100,440,080
INFO	2024-07-03 17:21:38	MarkDuplicates	Tracking 40 as yet unmatched pairs. 40 records in RAM.
INFO	2024-07-03 17:21:44	MarkDuplicates	Read     9,000,000 records.  Elapsed time: 00:00:36s.  Time for last 1,000,000:    5s.  Last read position: chr11:116,851,004
INFO	2024-07-03 17:21:44	MarkDuplicates	Tracking 929 as yet unmatched pairs. 929 records in RAM.
INFO	2024-07-03 17:21:47	MarkDuplicates	Read    10,000,000 records.  Elapsed time: 00:00:39s.  Time for last 1,000,000:    3s.  Last read position: chr12:21,884,033
INFO	2024-07-03 17:21:47	MarkDuplicates	Tracking 117 as yet unmatched pairs. 117 records in RAM.
INFO	2024-07-03 17:21:53	MarkDuplicates	Read    11,000,000 records.  Elapsed time: 00:00:46s.  Time for last 1,000,000:    6s.  Last read position: chr12:69,159,525
INFO	2024-07-03 17:21:53	MarkDuplicates	Tracking 14109 as yet unmatched pairs. 14109 records in RAM.
INFO	2024-07-03 17:21:56	MarkDuplicates	Read    12,000,000 records.  Elapsed time: 00:00:48s.  Time for last 1,000,000:    2s.  Last read position: chr12:99,645,616
INFO	2024-07-03 17:21:56	MarkDuplicates	Tracking 146 as yet unmatched pairs. 146 records in RAM.
INFO	2024-07-03 17:21:59	MarkDuplicates	Read    13,000,000 records.  Elapsed time: 00:00:51s.  Time for last 1,000,000:    2s.  Last read position: chr13:8,990,791
INFO	2024-07-03 17:21:59	MarkDuplicates	Tracking 425 as yet unmatched pairs. 425 records in RAM.
INFO	2024-07-03 17:22:02	MarkDuplicates	Read    14,000,000 records.  Elapsed time: 00:00:54s.  Time for last 1,000,000:    2s.  Last read position: chr13:23,571,504
INFO	2024-07-03 17:22:02	MarkDuplicates	Tracking 4973 as yet unmatched pairs. 4973 records in RAM.
INFO	2024-07-03 17:22:05	MarkDuplicates	Read    15,000,000 records.  Elapsed time: 00:00:58s.  Time for last 1,000,000:    3s.  Last read position: chr13:55,320,336
INFO	2024-07-03 17:22:05	MarkDuplicates	Tracking 144 as yet unmatched pairs. 144 records in RAM.
INFO	2024-07-03 17:22:13	MarkDuplicates	Read    16,000,000 records.  Elapsed time: 00:01:05s.  Time for last 1,000,000:    7s.  Last read position: chr13:96,649,224
INFO	2024-07-03 17:22:13	MarkDuplicates	Tracking 90 as yet unmatched pairs. 90 records in RAM.
INFO	2024-07-03 17:22:15	MarkDuplicates	Read    17,000,000 records.  Elapsed time: 00:01:07s.  Time for last 1,000,000:    2s.  Last read position: chr14:19,415,877
INFO	2024-07-03 17:22:15	MarkDuplicates	Tracking 267 as yet unmatched pairs. 267 records in RAM.
INFO	2024-07-03 17:22:23	MarkDuplicates	Read    18,000,000 records.  Elapsed time: 00:01:16s.  Time for last 1,000,000:    8s.  Last read position: chr14:50,927,688
INFO	2024-07-03 17:22:23	MarkDuplicates	Tracking 111 as yet unmatched pairs. 111 records in RAM.
INFO	2024-07-03 17:22:27	MarkDuplicates	Read    19,000,000 records.  Elapsed time: 00:01:19s.  Time for last 1,000,000:    3s.  Last read position: chr14:103,133,980
INFO	2024-07-03 17:22:27	MarkDuplicates	Tracking 29 as yet unmatched pairs. 29 records in RAM.
INFO	2024-07-03 17:22:30	MarkDuplicates	Read    20,000,000 records.  Elapsed time: 00:01:22s.  Time for last 1,000,000:    3s.  Last read position: chr15:43,252,261
INFO	2024-07-03 17:22:30	MarkDuplicates	Tracking 961 as yet unmatched pairs. 961 records in RAM.
INFO	2024-07-03 17:22:33	MarkDuplicates	Read    21,000,000 records.  Elapsed time: 00:01:25s.  Time for last 1,000,000:    3s.  Last read position: chr15:81,366,417
INFO	2024-07-03 17:22:33	MarkDuplicates	Tracking 494 as yet unmatched pairs. 494 records in RAM.
INFO	2024-07-03 17:22:36	MarkDuplicates	Read    22,000,000 records.  Elapsed time: 00:01:28s.  Time for last 1,000,000:    2s.  Last read position: chr15:102,095,640
INFO	2024-07-03 17:22:36	MarkDuplicates	Tracking 561 as yet unmatched pairs. 561 records in RAM.
INFO	2024-07-03 17:22:39	MarkDuplicates	Read    23,000,000 records.  Elapsed time: 00:01:31s.  Time for last 1,000,000:    3s.  Last read position: chr16:20,686,546
INFO	2024-07-03 17:22:39	MarkDuplicates	Tracking 571 as yet unmatched pairs. 571 records in RAM.
INFO	2024-07-03 17:22:42	MarkDuplicates	Read    24,000,000 records.  Elapsed time: 00:01:34s.  Time for last 1,000,000:    2s.  Last read position: chr16:87,480,889
INFO	2024-07-03 17:22:42	MarkDuplicates	Tracking 81 as yet unmatched pairs. 81 records in RAM.
INFO	2024-07-03 17:22:45	MarkDuplicates	Read    25,000,000 records.  Elapsed time: 00:01:37s.  Time for last 1,000,000:    2s.  Last read position: chr17:23,675,796
INFO	2024-07-03 17:22:45	MarkDuplicates	Tracking 90 as yet unmatched pairs. 90 records in RAM.
INFO	2024-07-03 17:22:53	MarkDuplicates	Read    26,000,000 records.  Elapsed time: 00:01:45s.  Time for last 1,000,000:    8s.  Last read position: chr17:34,853,994
INFO	2024-07-03 17:22:53	MarkDuplicates	Tracking 220 as yet unmatched pairs. 220 records in RAM.
INFO	2024-07-03 17:22:56	MarkDuplicates	Read    27,000,000 records.  Elapsed time: 00:01:48s.  Time for last 1,000,000:    3s.  Last read position: chr17:45,571,076
INFO	2024-07-03 17:22:56	MarkDuplicates	Tracking 4125 as yet unmatched pairs. 4125 records in RAM.
INFO	2024-07-03 17:22:59	MarkDuplicates	Read    28,000,000 records.  Elapsed time: 00:01:51s.  Time for last 1,000,000:    3s.  Last read position: chr17:87,984,668
INFO	2024-07-03 17:22:59	MarkDuplicates	Tracking 583 as yet unmatched pairs. 583 records in RAM.
INFO	2024-07-03 17:23:02	MarkDuplicates	Read    29,000,000 records.  Elapsed time: 00:01:54s.  Time for last 1,000,000:    2s.  Last read position: chr18:42,568,020
INFO	2024-07-03 17:23:02	MarkDuplicates	Tracking 133 as yet unmatched pairs. 133 records in RAM.
INFO	2024-07-03 17:23:05	MarkDuplicates	Read    30,000,000 records.  Elapsed time: 00:01:57s.  Time for last 1,000,000:    3s.  Last read position: chr19:4,035,415
INFO	2024-07-03 17:23:05	MarkDuplicates	Tracking 388 as yet unmatched pairs. 388 records in RAM.
INFO	2024-07-03 17:23:08	MarkDuplicates	Read    31,000,000 records.  Elapsed time: 00:02:00s.  Time for last 1,000,000:    3s.  Last read position: chr19:12,987,201
INFO	2024-07-03 17:23:08	MarkDuplicates	Tracking 4 as yet unmatched pairs. 4 records in RAM.
INFO	2024-07-03 17:23:11	MarkDuplicates	Read    32,000,000 records.  Elapsed time: 00:02:03s.  Time for last 1,000,000:    2s.  Last read position: chr19:46,208,075
INFO	2024-07-03 17:23:11	MarkDuplicates	Tracking 47 as yet unmatched pairs. 47 records in RAM.
INFO	2024-07-03 17:23:14	MarkDuplicates	Read    33,000,000 records.  Elapsed time: 00:02:06s.  Time for last 1,000,000:    2s.  Last read position: chr1:34,227,878
INFO	2024-07-03 17:23:14	MarkDuplicates	Tracking 111 as yet unmatched pairs. 111 records in RAM.
INFO	2024-07-03 17:23:25	MarkDuplicates	Read    34,000,000 records.  Elapsed time: 00:02:18s.  Time for last 1,000,000:   11s.  Last read position: chr1:72,237,004
INFO	2024-07-03 17:23:25	MarkDuplicates	Tracking 2053 as yet unmatched pairs. 2053 records in RAM.
INFO	2024-07-03 17:23:28	MarkDuplicates	Read    35,000,000 records.  Elapsed time: 00:02:20s.  Time for last 1,000,000:    2s.  Last read position: chr1:105,284,681
INFO	2024-07-03 17:23:28	MarkDuplicates	Tracking 0 as yet unmatched pairs. 0 records in RAM.
INFO	2024-07-03 17:23:31	MarkDuplicates	Read    36,000,000 records.  Elapsed time: 00:02:23s.  Time for last 1,000,000:    3s.  Last read position: chr1:162,081,289
INFO	2024-07-03 17:23:31	MarkDuplicates	Tracking 26 as yet unmatched pairs. 26 records in RAM.
INFO	2024-07-03 17:23:34	MarkDuplicates	Read    37,000,000 records.  Elapsed time: 00:02:26s.  Time for last 1,000,000:    2s.  Last read position: chr2:7,076,216
INFO	2024-07-03 17:23:34	MarkDuplicates	Tracking 54 as yet unmatched pairs. 54 records in RAM.
INFO	2024-07-03 17:23:40	MarkDuplicates	Read    38,000,000 records.  Elapsed time: 00:02:32s.  Time for last 1,000,000:    5s.  Last read position: chr2:32,963,545
INFO	2024-07-03 17:23:40	MarkDuplicates	Tracking 4580 as yet unmatched pairs. 4580 records in RAM.
INFO	2024-07-03 17:23:42	MarkDuplicates	Read    39,000,000 records.  Elapsed time: 00:02:34s.  Time for last 1,000,000:    2s.  Last read position: chr2:80,629,106
INFO	2024-07-03 17:23:42	MarkDuplicates	Tracking 60 as yet unmatched pairs. 60 records in RAM.
INFO	2024-07-03 17:23:45	MarkDuplicates	Read    40,000,000 records.  Elapsed time: 00:02:37s.  Time for last 1,000,000:    2s.  Last read position: chr2:120,535,102
INFO	2024-07-03 17:23:45	MarkDuplicates	Tracking 393 as yet unmatched pairs. 393 records in RAM.
INFO	2024-07-03 17:23:48	MarkDuplicates	Read    41,000,000 records.  Elapsed time: 00:02:40s.  Time for last 1,000,000:    2s.  Last read position: chr2:152,888,173
INFO	2024-07-03 17:23:48	MarkDuplicates	Tracking 336 as yet unmatched pairs. 336 records in RAM.
INFO	2024-07-03 17:23:53	MarkDuplicates	Read    42,000,000 records.  Elapsed time: 00:02:45s.  Time for last 1,000,000:    4s.  Last read position: chr2:175,687,948
INFO	2024-07-03 17:23:53	MarkDuplicates	Tracking 4 as yet unmatched pairs. 4 records in RAM.
INFO	2024-07-03 17:23:55	MarkDuplicates	Read    43,000,000 records.  Elapsed time: 00:02:47s.  Time for last 1,000,000:    2s.  Last read position: chr3:37,715,105
INFO	2024-07-03 17:23:55	MarkDuplicates	Tracking 1948 as yet unmatched pairs. 1948 records in RAM.
INFO	2024-07-03 17:23:58	MarkDuplicates	Read    44,000,000 records.  Elapsed time: 00:02:50s.  Time for last 1,000,000:    2s.  Last read position: chr3:90,126,793
INFO	2024-07-03 17:23:58	MarkDuplicates	Tracking 9 as yet unmatched pairs. 9 records in RAM.
INFO	2024-07-03 17:24:01	MarkDuplicates	Read    45,000,000 records.  Elapsed time: 00:02:53s.  Time for last 1,000,000:    2s.  Last read position: chr3:108,268,895
INFO	2024-07-03 17:24:01	MarkDuplicates	Tracking 644 as yet unmatched pairs. 644 records in RAM.
INFO	2024-07-03 17:24:04	MarkDuplicates	Read    46,000,000 records.  Elapsed time: 00:02:56s.  Time for last 1,000,000:    2s.  Last read position: chr4:12,236,423
INFO	2024-07-03 17:24:04	MarkDuplicates	Tracking 1 as yet unmatched pairs. 1 records in RAM.
INFO	2024-07-03 17:24:07	MarkDuplicates	Read    47,000,000 records.  Elapsed time: 00:02:59s.  Time for last 1,000,000:    2s.  Last read position: chr4:70,248,819
INFO	2024-07-03 17:24:07	MarkDuplicates	Tracking 162 as yet unmatched pairs. 162 records in RAM.
INFO	2024-07-03 17:24:10	MarkDuplicates	Read    48,000,000 records.  Elapsed time: 00:03:02s.  Time for last 1,000,000:    3s.  Last read position: chr4:119,136,385
INFO	2024-07-03 17:24:10	MarkDuplicates	Tracking 311 as yet unmatched pairs. 311 records in RAM.
INFO	2024-07-03 17:24:16	MarkDuplicates	Read    49,000,000 records.  Elapsed time: 00:03:08s.  Time for last 1,000,000:    6s.  Last read position: chr4:135,216,048
INFO	2024-07-03 17:24:16	MarkDuplicates	Tracking 251 as yet unmatched pairs. 251 records in RAM.
INFO	2024-07-03 17:24:19	MarkDuplicates	Read    50,000,000 records.  Elapsed time: 00:03:11s.  Time for last 1,000,000:    2s.  Last read position: chr4:146,995,623
INFO	2024-07-03 17:24:19	MarkDuplicates	Tracking 2412 as yet unmatched pairs. 2412 records in RAM.
INFO	2024-07-03 17:24:26	MarkDuplicates	Read    51,000,000 records.  Elapsed time: 00:03:18s.  Time for last 1,000,000:    7s.  Last read position: chr5:8,403,698
INFO	2024-07-03 17:24:26	MarkDuplicates	Tracking 418 as yet unmatched pairs. 418 records in RAM.
INFO	2024-07-03 17:24:29	MarkDuplicates	Read    52,000,000 records.  Elapsed time: 00:03:21s.  Time for last 1,000,000:    2s.  Last read position: chr5:65,390,397
INFO	2024-07-03 17:24:29	MarkDuplicates	Tracking 3163 as yet unmatched pairs. 3163 records in RAM.
INFO	2024-07-03 17:24:32	MarkDuplicates	Read    53,000,000 records.  Elapsed time: 00:03:24s.  Time for last 1,000,000:    2s.  Last read position: chr5:108,706,565
INFO	2024-07-03 17:24:32	MarkDuplicates	Tracking 21 as yet unmatched pairs. 21 records in RAM.
INFO	2024-07-03 17:24:35	MarkDuplicates	Read    54,000,000 records.  Elapsed time: 00:03:27s.  Time for last 1,000,000:    2s.  Last read position: chr5:129,789,820
INFO	2024-07-03 17:24:35	MarkDuplicates	Tracking 1512 as yet unmatched pairs. 1512 records in RAM.
INFO	2024-07-03 17:24:38	MarkDuplicates	Read    55,000,000 records.  Elapsed time: 00:03:30s.  Time for last 1,000,000:    3s.  Last read position: chr6:4,678,102
INFO	2024-07-03 17:24:38	MarkDuplicates	Tracking 22 as yet unmatched pairs. 22 records in RAM.
INFO	2024-07-03 17:24:44	MarkDuplicates	Read    56,000,000 records.  Elapsed time: 00:03:36s.  Time for last 1,000,000:    6s.  Last read position: chr6:67,009,126
INFO	2024-07-03 17:24:44	MarkDuplicates	Tracking 11 as yet unmatched pairs. 11 records in RAM.
INFO	2024-07-03 17:24:47	MarkDuplicates	Read    57,000,000 records.  Elapsed time: 00:03:39s.  Time for last 1,000,000:    2s.  Last read position: chr6:106,777,944
INFO	2024-07-03 17:24:47	MarkDuplicates	Tracking 190 as yet unmatched pairs. 190 records in RAM.
INFO	2024-07-03 17:24:50	MarkDuplicates	Read    58,000,000 records.  Elapsed time: 00:03:42s.  Time for last 1,000,000:    2s.  Last read position: chr6:136,804,136
INFO	2024-07-03 17:24:50	MarkDuplicates	Tracking 1805 as yet unmatched pairs. 1805 records in RAM.
INFO	2024-07-03 17:24:53	MarkDuplicates	Read    59,000,000 records.  Elapsed time: 00:03:45s.  Time for last 1,000,000:    3s.  Last read position: chr7:24,888,452
INFO	2024-07-03 17:24:53	MarkDuplicates	Tracking 3365 as yet unmatched pairs. 3365 records in RAM.
INFO	2024-07-03 17:24:58	MarkDuplicates	Read    60,000,000 records.  Elapsed time: 00:03:50s.  Time for last 1,000,000:    5s.  Last read position: chr7:45,458,267
INFO	2024-07-03 17:24:58	MarkDuplicates	Tracking 424 as yet unmatched pairs. 424 records in RAM.
INFO	2024-07-03 17:25:01	MarkDuplicates	Read    61,000,000 records.  Elapsed time: 00:03:53s.  Time for last 1,000,000:    2s.  Last read position: chr7:99,836,170
INFO	2024-07-03 17:25:01	MarkDuplicates	Tracking 3 as yet unmatched pairs. 3 records in RAM.
INFO	2024-07-03 17:25:04	MarkDuplicates	Read    62,000,000 records.  Elapsed time: 00:03:57s.  Time for last 1,000,000:    3s.  Last read position: chr7:126,795,471
INFO	2024-07-03 17:25:04	MarkDuplicates	Tracking 3670 as yet unmatched pairs. 3670 records in RAM.
INFO	2024-07-03 17:25:08	MarkDuplicates	Read    63,000,000 records.  Elapsed time: 00:04:00s.  Time for last 1,000,000:    3s.  Last read position: chr8:13,377,418
INFO	2024-07-03 17:25:08	MarkDuplicates	Tracking 172 as yet unmatched pairs. 172 records in RAM.
INFO	2024-07-03 17:25:10	MarkDuplicates	Read    64,000,000 records.  Elapsed time: 00:04:03s.  Time for last 1,000,000:    2s.  Last read position: chr8:70,181,177
INFO	2024-07-03 17:25:10	MarkDuplicates	Tracking 28 as yet unmatched pairs. 28 records in RAM.
INFO	2024-07-03 17:25:14	MarkDuplicates	Read    65,000,000 records.  Elapsed time: 00:04:06s.  Time for last 1,000,000:    3s.  Last read position: chr8:95,744,243
INFO	2024-07-03 17:25:14	MarkDuplicates	Tracking 425 as yet unmatched pairs. 425 records in RAM.
INFO	2024-07-03 17:25:20	MarkDuplicates	Read    66,000,000 records.  Elapsed time: 00:04:12s.  Time for last 1,000,000:    6s.  Last read position: chr8:124,839,808
INFO	2024-07-03 17:25:20	MarkDuplicates	Tracking 248 as yet unmatched pairs. 248 records in RAM.
INFO	2024-07-03 17:25:23	MarkDuplicates	Read    67,000,000 records.  Elapsed time: 00:04:15s.  Time for last 1,000,000:    3s.  Last read position: chr9:44,151,639
INFO	2024-07-03 17:25:23	MarkDuplicates	Tracking 69 as yet unmatched pairs. 69 records in RAM.
INFO	2024-07-03 17:25:31	MarkDuplicates	Read    68,000,000 records.  Elapsed time: 00:04:23s.  Time for last 1,000,000:    7s.  Last read position: chr9:65,596,293
INFO	2024-07-03 17:25:31	MarkDuplicates	Tracking 9 as yet unmatched pairs. 9 records in RAM.
INFO	2024-07-03 17:25:34	MarkDuplicates	Read    69,000,000 records.  Elapsed time: 00:04:26s.  Time for last 1,000,000:    2s.  Last read position: chr9:83,843,711
INFO	2024-07-03 17:25:34	MarkDuplicates	Tracking 125 as yet unmatched pairs. 125 records in RAM.
INFO	2024-07-03 17:25:37	MarkDuplicates	Read    70,000,000 records.  Elapsed time: 00:04:29s.  Time for last 1,000,000:    3s.  Last read position: chr9:115,216,646
INFO	2024-07-03 17:25:37	MarkDuplicates	Tracking 18 as yet unmatched pairs. 18 records in RAM.
INFO	2024-07-03 17:25:40	MarkDuplicates	Read    71,000,000 records.  Elapsed time: 00:04:32s.  Time for last 1,000,000:    2s.  Last read position: chrM:8,657
INFO	2024-07-03 17:25:40	MarkDuplicates	Tracking 4 as yet unmatched pairs. 4 records in RAM.
INFO	2024-07-03 17:25:45	MarkDuplicates	Read    72,000,000 records.  Elapsed time: 00:04:37s.  Time for last 1,000,000:    5s.  Last read position: chrX:56,448,258
INFO	2024-07-03 17:25:45	MarkDuplicates	Tracking 49 as yet unmatched pairs. 49 records in RAM.
INFO	2024-07-03 17:25:48	MarkDuplicates	Read    73,000,000 records.  Elapsed time: 00:04:40s.  Time for last 1,000,000:    2s.  Last read position: chrX:108,733,000
INFO	2024-07-03 17:25:48	MarkDuplicates	Tracking 2 as yet unmatched pairs. 2 records in RAM.
INFO	2024-07-03 17:25:50	MarkDuplicates	Read 73974020 records. 0 pairs never matched.
INFO	2024-07-03 17:25:53	MarkDuplicates	After buildSortedReadEndLists freeMemory: 2020194960; totalMemory: 2037383168; maxMemory: 2037383168
INFO	2024-07-03 17:25:53	MarkDuplicates	Will retain up to 63668224 duplicate indices before spilling to disk.
INFO	2024-07-03 17:25:53	MarkDuplicates	Traversing read pair information and detecting duplicates.
INFO	2024-07-03 17:26:03	MarkDuplicates	Traversing fragment information and detecting duplicates.
INFO	2024-07-03 17:26:17	MarkDuplicates	Sorting list of duplicate records.
INFO	2024-07-03 17:26:18	MarkDuplicates	After generateDuplicateIndexes freeMemory: 1528634872; totalMemory: 2055733248; maxMemory: 2055733248
INFO	2024-07-03 17:26:18	MarkDuplicates	Marking 1908710 records as duplicates.
INFO	2024-07-03 17:26:18	MarkDuplicates	Found 0 optical duplicate clusters.
INFO	2024-07-03 17:26:18	MarkDuplicates	Reads are assumed to be ordered by: coordinate
INFO	2024-07-03 17:27:07	MarkDuplicates	Written    10,000,000 records.  Elapsed time: 00:00:49s.  Time for last 10,000,000:   49s.  Last read position: chr12:21,884,033
INFO	2024-07-03 17:27:56	MarkDuplicates	Written    20,000,000 records.  Elapsed time: 00:01:38s.  Time for last 10,000,000:   48s.  Last read position: chr15:43,252,261
INFO	2024-07-03 17:28:45	MarkDuplicates	Written    30,000,000 records.  Elapsed time: 00:02:27s.  Time for last 10,000,000:   48s.  Last read position: chr19:4,035,415
INFO	2024-07-03 17:29:35	MarkDuplicates	Written    40,000,000 records.  Elapsed time: 00:03:17s.  Time for last 10,000,000:   49s.  Last read position: chr2:120,535,102
INFO	2024-07-03 17:30:23	MarkDuplicates	Written    50,000,000 records.  Elapsed time: 00:04:05s.  Time for last 10,000,000:   48s.  Last read position: chr4:146,995,623
INFO	2024-07-03 17:31:13	MarkDuplicates	Written    60,000,000 records.  Elapsed time: 00:04:55s.  Time for last 10,000,000:   49s.  Last read position: chr7:45,458,267
INFO	2024-07-03 17:32:02	MarkDuplicates	Written    70,000,000 records.  Elapsed time: 00:05:44s.  Time for last 10,000,000:   49s.  Last read position: chr9:115,216,646
INFO	2024-07-03 17:32:21	MarkDuplicates	Writing complete. Closing input iterator.
INFO	2024-07-03 17:32:21	MarkDuplicates	Duplicate Index cleanup.
INFO	2024-07-03 17:32:21	MarkDuplicates	Getting Memory Stats.
INFO	2024-07-03 17:32:21	MarkDuplicates	Before output close freeMemory: 2083566112; totalMemory: 2102394880; maxMemory: 2102394880
INFO	2024-07-03 17:32:21	MarkDuplicates	Closed outputs. Getting more Memory Stats.
INFO	2024-07-03 17:32:21	MarkDuplicates	After output close freeMemory: 2083566112; totalMemory: 2102394880; maxMemory: 2102394880
[Wed Jul 03 17:32:21 CEST 2024] picard.sam.markduplicates.MarkDuplicates done. Elapsed time: 11.24 minutes.
Runtime.totalMemory()=2102394880
[sam grooming] finished successfully at [Wed Jul 3 05:32:33 PM CEST 2024]
[collecting rRNA metrics] started at [Wed Jul 3 05:33:48 PM CEST 2024]
17:33:49.154 INFO  NativeLibraryLoader - Loading libgkl_compression.so from jar:file:/home/robin/bin/miniconda3/share/picard-2.26.2-0/picard.jar!/com/intel/gkl/native/libgkl_compression.so
[Wed Jul 03 17:33:49 CEST 2024] CollectRnaSeqMetrics --REF_FLAT /data/reference_genomes/mm10/mm10_RefSeq_refFlat.bed --RIBOSOMAL_INTERVALS /data/reference_genomes/mm10/mm10_rRNA.bed --STRAND_SPECIFICITY FIRST_READ_TRANSCRIPTION_STRAND --INPUT E14_48h_RNA_Yang2019_rep2_GSM3314690.bam --OUTPUT E14_48h_RNA_Yang2019_rep2_GSM3314690_RNAmetrics.txt --MINIMUM_LENGTH 500 --RRNA_FRAGMENT_PERCENTAGE 0.8 --METRIC_ACCUMULATION_LEVEL ALL_READS --END_BIAS_BASES 100 --ASSUME_SORTED true --STOP_AFTER 0 --VERBOSITY INFO --QUIET false --VALIDATION_STRINGENCY STRICT --COMPRESSION_LEVEL 5 --MAX_RECORDS_IN_RAM 500000 --CREATE_INDEX false --CREATE_MD5_FILE false --GA4GH_CLIENT_SECRETS client_secrets.json --help false --version false --showHidden false --USE_JDK_DEFLATER false --USE_JDK_INFLATER false
[Wed Jul 03 17:33:49 CEST 2024] Executing as robin@epipax.ijm.univ-paris-diderot.priv on Linux 6.1.0-21-amd64 amd64; OpenJDK 64-Bit Server VM 1.8.0_332-b09; Deflater: Intel; Inflater: Intel; Provider GCS is not available; Picard version: Version:2.26.2
INFO	2024-07-03 17:33:49	CollectRnaSeqMetrics	Loaded 24105 genes.
INFO	2024-07-03 17:33:54	SinglePassSamProgram	Processed     1,000,000 records.  Elapsed time: 00:00:04s.  Time for last 1,000,000:    4s.  Last read position: chr10:62,455,516
INFO	2024-07-03 17:33:58	SinglePassSamProgram	Processed     2,000,000 records.  Elapsed time: 00:00:08s.  Time for last 1,000,000:    4s.  Last read position: chr10:82,877,283
INFO	2024-07-03 17:34:01	SinglePassSamProgram	Processed     3,000,000 records.  Elapsed time: 00:00:11s.  Time for last 1,000,000:    3s.  Last read position: chr10:128,090,080
INFO	2024-07-03 17:34:05	SinglePassSamProgram	Processed     4,000,000 records.  Elapsed time: 00:00:15s.  Time for last 1,000,000:    3s.  Last read position: chr11:29,540,681
INFO	2024-07-03 17:34:08	SinglePassSamProgram	Processed     5,000,000 records.  Elapsed time: 00:00:18s.  Time for last 1,000,000:    3s.  Last read position: chr11:54,869,903
INFO	2024-07-03 17:34:12	SinglePassSamProgram	Processed     6,000,000 records.  Elapsed time: 00:00:22s.  Time for last 1,000,000:    3s.  Last read position: chr11:72,448,826
INFO	2024-07-03 17:34:15	SinglePassSamProgram	Processed     7,000,000 records.  Elapsed time: 00:00:25s.  Time for last 1,000,000:    3s.  Last read position: chr11:87,443,339
INFO	2024-07-03 17:34:18	SinglePassSamProgram	Processed     8,000,000 records.  Elapsed time: 00:00:28s.  Time for last 1,000,000:    2s.  Last read position: chr11:100,440,080
INFO	2024-07-03 17:34:21	SinglePassSamProgram	Processed     9,000,000 records.  Elapsed time: 00:00:31s.  Time for last 1,000,000:    3s.  Last read position: chr11:116,851,004
INFO	2024-07-03 17:34:24	SinglePassSamProgram	Processed    10,000,000 records.  Elapsed time: 00:00:34s.  Time for last 1,000,000:    3s.  Last read position: chr12:21,884,033
INFO	2024-07-03 17:34:26	SinglePassSamProgram	Processed    11,000,000 records.  Elapsed time: 00:00:37s.  Time for last 1,000,000:    2s.  Last read position: chr12:69,159,525
INFO	2024-07-03 17:34:29	SinglePassSamProgram	Processed    12,000,000 records.  Elapsed time: 00:00:39s.  Time for last 1,000,000:    2s.  Last read position: chr12:99,645,616
INFO	2024-07-03 17:34:32	SinglePassSamProgram	Processed    13,000,000 records.  Elapsed time: 00:00:42s.  Time for last 1,000,000:    3s.  Last read position: chr13:8,990,791
INFO	2024-07-03 17:34:34	SinglePassSamProgram	Processed    14,000,000 records.  Elapsed time: 00:00:44s.  Time for last 1,000,000:    1s.  Last read position: chr13:23,571,504
INFO	2024-07-03 17:34:37	SinglePassSamProgram	Processed    15,000,000 records.  Elapsed time: 00:00:47s.  Time for last 1,000,000:    2s.  Last read position: chr13:55,320,336
INFO	2024-07-03 17:34:40	SinglePassSamProgram	Processed    16,000,000 records.  Elapsed time: 00:00:50s.  Time for last 1,000,000:    2s.  Last read position: chr13:96,649,224
INFO	2024-07-03 17:34:42	SinglePassSamProgram	Processed    17,000,000 records.  Elapsed time: 00:00:53s.  Time for last 1,000,000:    2s.  Last read position: chr14:19,415,877
INFO	2024-07-03 17:34:46	SinglePassSamProgram	Processed    18,000,000 records.  Elapsed time: 00:00:56s.  Time for last 1,000,000:    3s.  Last read position: chr14:50,927,688
INFO	2024-07-03 17:34:49	SinglePassSamProgram	Processed    19,000,000 records.  Elapsed time: 00:00:59s.  Time for last 1,000,000:    3s.  Last read position: chr14:103,133,980
INFO	2024-07-03 17:34:52	SinglePassSamProgram	Processed    20,000,000 records.  Elapsed time: 00:01:02s.  Time for last 1,000,000:    3s.  Last read position: chr15:43,252,261
INFO	2024-07-03 17:34:55	SinglePassSamProgram	Processed    21,000,000 records.  Elapsed time: 00:01:06s.  Time for last 1,000,000:    3s.  Last read position: chr15:81,366,417
INFO	2024-07-03 17:34:59	SinglePassSamProgram	Processed    22,000,000 records.  Elapsed time: 00:01:09s.  Time for last 1,000,000:    3s.  Last read position: chr15:102,095,640
INFO	2024-07-03 17:35:02	SinglePassSamProgram	Processed    23,000,000 records.  Elapsed time: 00:01:13s.  Time for last 1,000,000:    3s.  Last read position: chr16:20,686,546
INFO	2024-07-03 17:35:06	SinglePassSamProgram	Processed    24,000,000 records.  Elapsed time: 00:01:16s.  Time for last 1,000,000:    3s.  Last read position: chr16:87,480,889
INFO	2024-07-03 17:35:09	SinglePassSamProgram	Processed    25,000,000 records.  Elapsed time: 00:01:19s.  Time for last 1,000,000:    2s.  Last read position: chr17:23,675,796
INFO	2024-07-03 17:35:12	SinglePassSamProgram	Processed    26,000,000 records.  Elapsed time: 00:01:23s.  Time for last 1,000,000:    3s.  Last read position: chr17:34,853,994
INFO	2024-07-03 17:35:15	SinglePassSamProgram	Processed    27,000,000 records.  Elapsed time: 00:01:25s.  Time for last 1,000,000:    2s.  Last read position: chr17:45,571,076
INFO	2024-07-03 17:35:19	SinglePassSamProgram	Processed    28,000,000 records.  Elapsed time: 00:01:29s.  Time for last 1,000,000:    3s.  Last read position: chr17:87,984,668
INFO	2024-07-03 17:35:22	SinglePassSamProgram	Processed    29,000,000 records.  Elapsed time: 00:01:32s.  Time for last 1,000,000:    3s.  Last read position: chr18:42,568,020
INFO	2024-07-03 17:35:25	SinglePassSamProgram	Processed    30,000,000 records.  Elapsed time: 00:01:35s.  Time for last 1,000,000:    2s.  Last read position: chr19:4,035,415
INFO	2024-07-03 17:35:28	SinglePassSamProgram	Processed    31,000,000 records.  Elapsed time: 00:01:38s.  Time for last 1,000,000:    3s.  Last read position: chr19:12,987,201
INFO	2024-07-03 17:35:31	SinglePassSamProgram	Processed    32,000,000 records.  Elapsed time: 00:01:41s.  Time for last 1,000,000:    3s.  Last read position: chr19:46,208,075
INFO	2024-07-03 17:35:34	SinglePassSamProgram	Processed    33,000,000 records.  Elapsed time: 00:01:45s.  Time for last 1,000,000:    3s.  Last read position: chr1:34,227,878
INFO	2024-07-03 17:35:38	SinglePassSamProgram	Processed    34,000,000 records.  Elapsed time: 00:01:49s.  Time for last 1,000,000:    3s.  Last read position: chr1:72,237,004
INFO	2024-07-03 17:35:42	SinglePassSamProgram	Processed    35,000,000 records.  Elapsed time: 00:01:52s.  Time for last 1,000,000:    3s.  Last read position: chr1:105,284,681
INFO	2024-07-03 17:35:45	SinglePassSamProgram	Processed    36,000,000 records.  Elapsed time: 00:01:55s.  Time for last 1,000,000:    3s.  Last read position: chr1:162,081,289
INFO	2024-07-03 17:35:49	SinglePassSamProgram	Processed    37,000,000 records.  Elapsed time: 00:02:00s.  Time for last 1,000,000:    4s.  Last read position: chr2:7,076,216
INFO	2024-07-03 17:35:53	SinglePassSamProgram	Processed    38,000,000 records.  Elapsed time: 00:02:03s.  Time for last 1,000,000:    3s.  Last read position: chr2:32,963,545
INFO	2024-07-03 17:35:56	SinglePassSamProgram	Processed    39,000,000 records.  Elapsed time: 00:02:07s.  Time for last 1,000,000:    3s.  Last read position: chr2:80,629,106
INFO	2024-07-03 17:36:00	SinglePassSamProgram	Processed    40,000,000 records.  Elapsed time: 00:02:10s.  Time for last 1,000,000:    3s.  Last read position: chr2:120,535,102
INFO	2024-07-03 17:36:03	SinglePassSamProgram	Processed    41,000,000 records.  Elapsed time: 00:02:13s.  Time for last 1,000,000:    3s.  Last read position: chr2:152,888,173
INFO	2024-07-03 17:36:08	SinglePassSamProgram	Processed    42,000,000 records.  Elapsed time: 00:02:18s.  Time for last 1,000,000:    4s.  Last read position: chr2:175,687,948
INFO	2024-07-03 17:36:11	SinglePassSamProgram	Processed    43,000,000 records.  Elapsed time: 00:02:21s.  Time for last 1,000,000:    2s.  Last read position: chr3:37,715,105
INFO	2024-07-03 17:36:14	SinglePassSamProgram	Processed    44,000,000 records.  Elapsed time: 00:02:24s.  Time for last 1,000,000:    3s.  Last read position: chr3:90,126,793
INFO	2024-07-03 17:36:17	SinglePassSamProgram	Processed    45,000,000 records.  Elapsed time: 00:02:27s.  Time for last 1,000,000:    2s.  Last read position: chr3:108,268,895
INFO	2024-07-03 17:36:20	SinglePassSamProgram	Processed    46,000,000 records.  Elapsed time: 00:02:30s.  Time for last 1,000,000:    3s.  Last read position: chr4:12,236,423
INFO	2024-07-03 17:36:23	SinglePassSamProgram	Processed    47,000,000 records.  Elapsed time: 00:02:33s.  Time for last 1,000,000:    3s.  Last read position: chr4:70,248,819
INFO	2024-07-03 17:36:26	SinglePassSamProgram	Processed    48,000,000 records.  Elapsed time: 00:02:36s.  Time for last 1,000,000:    3s.  Last read position: chr4:119,136,385
INFO	2024-07-03 17:36:30	SinglePassSamProgram	Processed    49,000,000 records.  Elapsed time: 00:02:40s.  Time for last 1,000,000:    3s.  Last read position: chr4:135,216,048
INFO	2024-07-03 17:36:32	SinglePassSamProgram	Processed    50,000,000 records.  Elapsed time: 00:02:42s.  Time for last 1,000,000:    2s.  Last read position: chr4:146,995,623
INFO	2024-07-03 17:36:35	SinglePassSamProgram	Processed    51,000,000 records.  Elapsed time: 00:02:45s.  Time for last 1,000,000:    2s.  Last read position: chr5:8,403,698
INFO	2024-07-03 17:36:38	SinglePassSamProgram	Processed    52,000,000 records.  Elapsed time: 00:02:49s.  Time for last 1,000,000:    3s.  Last read position: chr5:65,390,397
INFO	2024-07-03 17:36:42	SinglePassSamProgram	Processed    53,000,000 records.  Elapsed time: 00:02:52s.  Time for last 1,000,000:    3s.  Last read position: chr5:108,706,565
INFO	2024-07-03 17:36:45	SinglePassSamProgram	Processed    54,000,000 records.  Elapsed time: 00:02:55s.  Time for last 1,000,000:    3s.  Last read position: chr5:129,789,820
INFO	2024-07-03 17:36:48	SinglePassSamProgram	Processed    55,000,000 records.  Elapsed time: 00:02:58s.  Time for last 1,000,000:    3s.  Last read position: chr6:4,678,102
INFO	2024-07-03 17:36:51	SinglePassSamProgram	Processed    56,000,000 records.  Elapsed time: 00:03:01s.  Time for last 1,000,000:    3s.  Last read position: chr6:67,009,126
INFO	2024-07-03 17:36:54	SinglePassSamProgram	Processed    57,000,000 records.  Elapsed time: 00:03:04s.  Time for last 1,000,000:    3s.  Last read position: chr6:106,777,944
INFO	2024-07-03 17:36:57	SinglePassSamProgram	Processed    58,000,000 records.  Elapsed time: 00:03:08s.  Time for last 1,000,000:    3s.  Last read position: chr6:136,804,136
INFO	2024-07-03 17:37:00	SinglePassSamProgram	Processed    59,000,000 records.  Elapsed time: 00:03:10s.  Time for last 1,000,000:    2s.  Last read position: chr7:24,888,452
INFO	2024-07-03 17:37:03	SinglePassSamProgram	Processed    60,000,000 records.  Elapsed time: 00:03:13s.  Time for last 1,000,000:    2s.  Last read position: chr7:45,458,267
INFO	2024-07-03 17:37:06	SinglePassSamProgram	Processed    61,000,000 records.  Elapsed time: 00:03:17s.  Time for last 1,000,000:    3s.  Last read position: chr7:99,836,170
INFO	2024-07-03 17:37:10	SinglePassSamProgram	Processed    62,000,000 records.  Elapsed time: 00:03:20s.  Time for last 1,000,000:    3s.  Last read position: chr7:126,795,471
INFO	2024-07-03 17:37:13	SinglePassSamProgram	Processed    63,000,000 records.  Elapsed time: 00:03:23s.  Time for last 1,000,000:    3s.  Last read position: chr8:13,377,418
INFO	2024-07-03 17:37:16	SinglePassSamProgram	Processed    64,000,000 records.  Elapsed time: 00:03:26s.  Time for last 1,000,000:    2s.  Last read position: chr8:70,181,177
INFO	2024-07-03 17:37:19	SinglePassSamProgram	Processed    65,000,000 records.  Elapsed time: 00:03:29s.  Time for last 1,000,000:    3s.  Last read position: chr8:95,744,243
INFO	2024-07-03 17:37:22	SinglePassSamProgram	Processed    66,000,000 records.  Elapsed time: 00:03:32s.  Time for last 1,000,000:    3s.  Last read position: chr8:124,839,808
INFO	2024-07-03 17:37:26	SinglePassSamProgram	Processed    67,000,000 records.  Elapsed time: 00:03:36s.  Time for last 1,000,000:    3s.  Last read position: chr9:44,151,639
INFO	2024-07-03 17:37:29	SinglePassSamProgram	Processed    68,000,000 records.  Elapsed time: 00:03:39s.  Time for last 1,000,000:    3s.  Last read position: chr9:65,596,293
INFO	2024-07-03 17:37:32	SinglePassSamProgram	Processed    69,000,000 records.  Elapsed time: 00:03:42s.  Time for last 1,000,000:    2s.  Last read position: chr9:83,843,711
INFO	2024-07-03 17:37:35	SinglePassSamProgram	Processed    70,000,000 records.  Elapsed time: 00:03:45s.  Time for last 1,000,000:    3s.  Last read position: chr9:115,216,646
INFO	2024-07-03 17:37:37	SinglePassSamProgram	Processed    71,000,000 records.  Elapsed time: 00:03:47s.  Time for last 1,000,000:    1s.  Last read position: chrM:8,657
INFO	2024-07-03 17:37:40	SinglePassSamProgram	Processed    72,000,000 records.  Elapsed time: 00:03:50s.  Time for last 1,000,000:    2s.  Last read position: chrX:56,448,258
INFO	2024-07-03 17:37:43	SinglePassSamProgram	Processed    73,000,000 records.  Elapsed time: 00:03:54s.  Time for last 1,000,000:    3s.  Last read position: chrX:108,733,000
[Wed Jul 03 17:37:47 CEST 2024] picard.analysis.CollectRnaSeqMetrics done. Elapsed time: 3.97 minutes.
Runtime.totalMemory()=832045056
[trueStats] Collecting alignment statistics for E14_48h_RNA_Yang2019_rep2_GSM3314690.bam at [Wed Jul 3 05:39:06 PM CEST 2024]
[preseq] started on E14_48h_RNA_Yang2019_rep2_GSM3314690.bam at [Wed Jul 3 05:42:22 PM CEST 2024]
[preseq] finished successfully at [Wed Jul 3 05:49:59 PM CEST 2024]
[stringTie] Performing de novo assembly of transcripts at [Wed Jul 3 05:51:13 PM CEST 2024]
Warning: gene "NM_001085545" (on chrX) has reference transcripts on both strands?
Warning: gene "NM_001085551" (on chrX) has reference transcripts on both strands?
Warning: gene "NM_001085552" (on chrX) has reference transcripts on both strands?
Warning: gene "NM_001085551" (on chrX) has reference transcripts on both strands?
Warning: gene "NM_001085552" (on chrX) has reference transcripts on both strands?
Warning: gene "NM_001085553" (on chrX) has reference transcripts on both strands?
Warning: gene "NM_001243011" (on chrX) has reference transcripts on both strands?
Warning: gene "NM_001085552" (on chrX) has reference transcripts on both strands?
Warning: gene "NM_001142750" (on chrX) has reference transcripts on both strands?
Warning: gene "NM_153109" (on chrX) has reference transcripts on both strands?
Warning: gene "NR_126545" (on chrY) has reference transcripts on both strands?
Warning: gene "NR_126546" (on chrY) has reference transcripts on both strands?
Warning: gene "NM_001113395" (on chrY) has reference transcripts on both strands?
Warning: gene "NM_001177569" (on chrY) has reference transcripts on both strands?
Warning: gene "NM_001160143" (on chrY) has reference transcripts on both strands?
Warning: gene "NM_207162" (on chrY) has reference transcripts on both strands?
Warning: gene "NM_001160143" (on chrY) has reference transcripts on both strands?
Warning: gene "NM_207162" (on chrY) has reference transcripts on both strands?
Warning: gene "NM_001037748" (on chrY) has reference transcripts on both strands?
Warning: gene "NM_001160141" (on chrY) has reference transcripts on both strands?
Warning: gene "NM_001025241" (on chrY) has reference transcripts on both strands?
Warning: gene "NM_001160143" (on chrY) has reference transcripts on both strands?
Warning: gene "NM_207162" (on chrY) has reference transcripts on both strands?
Warning: gene "NM_001160143" (on chrY) has reference transcripts on both strands?
Warning: gene "NM_207162" (on chrY) has reference transcripts on both strands?
Warning: gene "NM_001037748" (on chrY) has reference transcripts on both strands?
Warning: gene "NM_001160141" (on chrY) has reference transcripts on both strands?
Warning: gene "NM_023546" (on chrY) has reference transcripts on both strands?
Warning: gene "NM_001160143" (on chrY) has reference transcripts on both strands?
Warning: gene "NM_001037748" (on chrY) has reference transcripts on both strands?
Warning: gene "NM_001160143" (on chrY) has reference transcripts on both strands?
Warning: gene "NM_001037748" (on chrY) has reference transcripts on both strands?
Warning: gene "NM_001160137" (on chrY) has reference transcripts on both strands?
Warning: gene "NM_001160141" (on chrY) has reference transcripts on both strands?
Warning: gene "NM_001025241" (on chrY) has reference transcripts on both strands?
Warning: gene "NM_001037748" (on chrY) has reference transcripts on both strands?
Warning: gene "NM_001160136" (on chrY) has reference transcripts on both strands?
Warning: gene "NM_001037748" (on chrY) has reference transcripts on both strands?
Warning: gene "NM_023546" (on chrY) has reference transcripts on both strands?
Warning: gene "NM_023546" (on chrY) has reference transcripts on both strands?
Warning: gene "NM_001025241" (on chrY) has reference transcripts on both strands?
Warning: gene "NM_001011820" (on chr13) has reference transcripts on both strands?
[stringTie] De novo transcriptome assembly completed successfully at [Wed Jul 3 05:55:02 PM CEST 2024]
[bamToWigCPMsmoothKeepDup] Started with bin size: 1 and smoothing over 0 bp and KEEPING DUPLICATES at [Wed Jul 3 05:55:02 PM CEST 2024]
There are 70428704 alignments, of which 878061 are completely within a blacklist region.
Due to filtering, 71.18936571570737% of the aforementioned alignments will be used 49512661.60289603
[bamToWigCPMsmoothKeepDup] finished successfully at [Wed Jul 3 06:02:37 PM CEST 2024]
[file cleanup] started. Good job! at [Wed Jul 3 06:02:37 PM CEST 2024]
cp: cannot stat '*.pdf': No such file or directory
mv: cannot stat '*.bed': No such file or directory
mv: preserving times for '/data/bigWigs/E14_48h_RNA_Yang2019_rep2_GSM3314690_trimV5_mm10_kpDup_q255_b1_s0_CPM.bw': Operation not permitted
mv: preserving permissions for /data/bigWigs/E14_48h_RNA_Yang2019_rep2_GSM3314690_trimV5_mm10_kpDup_q255_b1_s0_CPM.bw: Operation not permitted
mv: preserving times for '/data/bams/E14_48h_RNA_Yang2019_rep2_GSM3314690_trimV5_mm10.bam': Operation not permitted
mv: preserving permissions for /data/bams/E14_48h_RNA_Yang2019_rep2_GSM3314690_trimV5_mm10.bam: Operation not permitted
mv: preserving times for '/data/bams/E14_48h_RNA_Yang2019_rep2_GSM3314690_trimV5_mm10.bam.bai': Operation not permitted
mv: preserving permissions for /data/bams/E14_48h_RNA_Yang2019_rep2_GSM3314690_trimV5_mm10.bam.bai: Operation not permitted
mv: preserving times for '/data/stringTie/E14_48h_RNA_Yang2019_rep2_GSM3314690_trimV5_mm10.gtf': Operation not permitted
mv: preserving permissions for /data/stringTie/E14_48h_RNA_Yang2019_rep2_GSM3314690_trimV5_mm10.gtf: Operation not permitted
