SCRATCH: /scratch
ls: cannot access '/data/fastq/E14_36h_H3K27ac_ChIP_Yang2019_GSM3314706*_R2.fastq.gz': No such file or directory
[masterDownload] Data are single-end. at [Wed Jul 3 09:57:55 PM CEST 2024]
[checkDependencies] Checking Dependencies [Wed Jul 3 09:57:55 PM CEST 2024] at [Wed Jul 3 09:57:55 PM CEST 2024]
[setup checkDependencies] trimmomatic... at [Wed Jul 3 09:57:55 PM CEST 2024]
[setup checkDependencies] STAR... at [Wed Jul 3 09:57:55 PM CEST 2024]
[setup checkDependencies] bismark... at [Wed Jul 3 09:57:55 PM CEST 2024]
[setup checkDependencies] bowtie2... at [Wed Jul 3 09:57:55 PM CEST 2024]
[setup checkDependencies] samtools... at [Wed Jul 3 09:57:55 PM CEST 2024]
[setup checkDependencies] picard... at [Wed Jul 3 09:57:55 PM CEST 2024]
[setup checkDependencies] awk... at [Wed Jul 3 09:57:56 PM CEST 2024]
[setup checkDependencies] bamCoverage... at [Wed Jul 3 09:57:56 PM CEST 2024]
[setup checkDependencies] fastqc... at [Wed Jul 3 09:57:56 PM CEST 2024]
[setup checkDependencies] fastq_screen... at [Wed Jul 3 09:57:56 PM CEST 2024]
[setup checkDependencies] stringtie... at [Wed Jul 3 09:57:56 PM CEST 2024]
[setup checkDependencies] clumpify.sh... at [Wed Jul 3 09:57:56 PM CEST 2024]
PAIRED: false
[setUpLogFile] Script started at [Wed Jul 3 09:57:56 PM CEST 2024] at [Wed Jul 3 09:57:56 PM CEST 2024]
[fastQC] started on raw FASTQs at [Wed Jul 3 09:57:56 PM CEST 2024]
Started analysis of E14_36h_H3K27ac_ChIP_Yang2019_GSM3314706_raw.fastq.gz
Approx 5% complete for E14_36h_H3K27ac_ChIP_Yang2019_GSM3314706_raw.fastq.gz
Approx 10% complete for E14_36h_H3K27ac_ChIP_Yang2019_GSM3314706_raw.fastq.gz
Approx 15% complete for E14_36h_H3K27ac_ChIP_Yang2019_GSM3314706_raw.fastq.gz
Approx 20% complete for E14_36h_H3K27ac_ChIP_Yang2019_GSM3314706_raw.fastq.gz
Approx 25% complete for E14_36h_H3K27ac_ChIP_Yang2019_GSM3314706_raw.fastq.gz
Approx 30% complete for E14_36h_H3K27ac_ChIP_Yang2019_GSM3314706_raw.fastq.gz
Approx 35% complete for E14_36h_H3K27ac_ChIP_Yang2019_GSM3314706_raw.fastq.gz
Approx 40% complete for E14_36h_H3K27ac_ChIP_Yang2019_GSM3314706_raw.fastq.gz
Approx 45% complete for E14_36h_H3K27ac_ChIP_Yang2019_GSM3314706_raw.fastq.gz
Approx 50% complete for E14_36h_H3K27ac_ChIP_Yang2019_GSM3314706_raw.fastq.gz
Approx 55% complete for E14_36h_H3K27ac_ChIP_Yang2019_GSM3314706_raw.fastq.gz
Approx 60% complete for E14_36h_H3K27ac_ChIP_Yang2019_GSM3314706_raw.fastq.gz
Approx 65% complete for E14_36h_H3K27ac_ChIP_Yang2019_GSM3314706_raw.fastq.gz
Approx 70% complete for E14_36h_H3K27ac_ChIP_Yang2019_GSM3314706_raw.fastq.gz
Approx 75% complete for E14_36h_H3K27ac_ChIP_Yang2019_GSM3314706_raw.fastq.gz
Approx 80% complete for E14_36h_H3K27ac_ChIP_Yang2019_GSM3314706_raw.fastq.gz
Approx 85% complete for E14_36h_H3K27ac_ChIP_Yang2019_GSM3314706_raw.fastq.gz
Approx 90% complete for E14_36h_H3K27ac_ChIP_Yang2019_GSM3314706_raw.fastq.gz
Approx 95% complete for E14_36h_H3K27ac_ChIP_Yang2019_GSM3314706_raw.fastq.gz
Analysis complete for E14_36h_H3K27ac_ChIP_Yang2019_GSM3314706_raw.fastq.gz
[fastQC] on raw FASTQs finished succesfully. Will remove PCR duplicates now at [Wed Jul 3 10:01:28 PM CEST 2024]
Reads are length: 52 at [Wed Jul 3 10:01:28 PM CEST 2024]
Reads with same sequence 1 or fewer substitutions will be marked as PCR duplicates at [Wed Jul 3 10:01:28 PM CEST 2024]
Removal of PCR duplicates complete! at [Wed Jul 3 10:23:34 PM CEST 2024]
[trimReads] Started using version trimV5 parameters at [Wed Jul 3 10:23:34 PM CEST 2024]
ILLUMINACLIP:/data/reference_genomes/adapters/adapters.fa:2:30:10 SLIDINGWINDOW:4:20 MINLEN:24
[trimReads] Trimming E14_36h_H3K27ac_ChIP_Yang2019_GSM3314706.fastq.gz... at [Wed Jul 3 10:23:34 PM CEST 2024]
[trimReads] Finished successfully at [Wed Jul 3 10:33:05 PM CEST 2024]
[fastQC] started on E14_36h_H3K27ac_ChIP_Yang2019_GSM3314706.fastq.gz E14_36h_H3K27ac_ChIP_Yang2019_GSM3314706_trimV5.fastq.gz at [Wed Jul 3 10:33:05 PM CEST 2024]
Started analysis of E14_36h_H3K27ac_ChIP_Yang2019_GSM3314706.fastq.gz
Started analysis of E14_36h_H3K27ac_ChIP_Yang2019_GSM3314706_trimV5.fastq.gz
Approx 5% complete for E14_36h_H3K27ac_ChIP_Yang2019_GSM3314706_trimV5.fastq.gz
Approx 5% complete for E14_36h_H3K27ac_ChIP_Yang2019_GSM3314706.fastq.gz
Approx 10% complete for E14_36h_H3K27ac_ChIP_Yang2019_GSM3314706_trimV5.fastq.gz
Approx 10% complete for E14_36h_H3K27ac_ChIP_Yang2019_GSM3314706.fastq.gz
Approx 15% complete for E14_36h_H3K27ac_ChIP_Yang2019_GSM3314706_trimV5.fastq.gz
Approx 15% complete for E14_36h_H3K27ac_ChIP_Yang2019_GSM3314706.fastq.gz
Approx 20% complete for E14_36h_H3K27ac_ChIP_Yang2019_GSM3314706_trimV5.fastq.gz
Approx 20% complete for E14_36h_H3K27ac_ChIP_Yang2019_GSM3314706.fastq.gz
Approx 25% complete for E14_36h_H3K27ac_ChIP_Yang2019_GSM3314706_trimV5.fastq.gz
Approx 25% complete for E14_36h_H3K27ac_ChIP_Yang2019_GSM3314706.fastq.gz
Approx 30% complete for E14_36h_H3K27ac_ChIP_Yang2019_GSM3314706_trimV5.fastq.gz
Approx 30% complete for E14_36h_H3K27ac_ChIP_Yang2019_GSM3314706.fastq.gz
Approx 35% complete for E14_36h_H3K27ac_ChIP_Yang2019_GSM3314706_trimV5.fastq.gz
Approx 35% complete for E14_36h_H3K27ac_ChIP_Yang2019_GSM3314706.fastq.gz
Approx 40% complete for E14_36h_H3K27ac_ChIP_Yang2019_GSM3314706_trimV5.fastq.gz
Approx 40% complete for E14_36h_H3K27ac_ChIP_Yang2019_GSM3314706.fastq.gz
Approx 45% complete for E14_36h_H3K27ac_ChIP_Yang2019_GSM3314706_trimV5.fastq.gz
Approx 45% complete for E14_36h_H3K27ac_ChIP_Yang2019_GSM3314706.fastq.gz
Approx 50% complete for E14_36h_H3K27ac_ChIP_Yang2019_GSM3314706_trimV5.fastq.gz
Approx 50% complete for E14_36h_H3K27ac_ChIP_Yang2019_GSM3314706.fastq.gz
Approx 55% complete for E14_36h_H3K27ac_ChIP_Yang2019_GSM3314706_trimV5.fastq.gz
Approx 55% complete for E14_36h_H3K27ac_ChIP_Yang2019_GSM3314706.fastq.gz
Approx 60% complete for E14_36h_H3K27ac_ChIP_Yang2019_GSM3314706_trimV5.fastq.gz
Approx 60% complete for E14_36h_H3K27ac_ChIP_Yang2019_GSM3314706.fastq.gz
Approx 65% complete for E14_36h_H3K27ac_ChIP_Yang2019_GSM3314706_trimV5.fastq.gz
Approx 65% complete for E14_36h_H3K27ac_ChIP_Yang2019_GSM3314706.fastq.gz
Approx 70% complete for E14_36h_H3K27ac_ChIP_Yang2019_GSM3314706_trimV5.fastq.gz
Approx 70% complete for E14_36h_H3K27ac_ChIP_Yang2019_GSM3314706.fastq.gz
Approx 75% complete for E14_36h_H3K27ac_ChIP_Yang2019_GSM3314706_trimV5.fastq.gz
Approx 75% complete for E14_36h_H3K27ac_ChIP_Yang2019_GSM3314706.fastq.gz
Approx 80% complete for E14_36h_H3K27ac_ChIP_Yang2019_GSM3314706_trimV5.fastq.gz
Approx 80% complete for E14_36h_H3K27ac_ChIP_Yang2019_GSM3314706.fastq.gz
Approx 85% complete for E14_36h_H3K27ac_ChIP_Yang2019_GSM3314706_trimV5.fastq.gz
Approx 85% complete for E14_36h_H3K27ac_ChIP_Yang2019_GSM3314706.fastq.gz
Approx 90% complete for E14_36h_H3K27ac_ChIP_Yang2019_GSM3314706_trimV5.fastq.gz
Approx 90% complete for E14_36h_H3K27ac_ChIP_Yang2019_GSM3314706.fastq.gz
Approx 95% complete for E14_36h_H3K27ac_ChIP_Yang2019_GSM3314706_trimV5.fastq.gz
Approx 95% complete for E14_36h_H3K27ac_ChIP_Yang2019_GSM3314706.fastq.gz
Analysis complete for E14_36h_H3K27ac_ChIP_Yang2019_GSM3314706_trimV5.fastq.gz
Analysis complete for E14_36h_H3K27ac_ChIP_Yang2019_GSM3314706.fastq.gz
[fastQC] finished succesfully at [Wed Jul 3 10:36:06 PM CEST 2024]
[bowtie2 alignment] started with reference /data/reference_genomes/mm10/mm10 at [Wed Jul 3 10:36:06 PM CEST 2024]
[alignment] Bowtie2 alignment finished successfully at [Wed Jul 3 11:01:20 PM CEST 2024]
[sam grooming] started at [Wed Jul 3 11:03:03 PM CEST 2024]
23:03:04.667 INFO  NativeLibraryLoader - Loading libgkl_compression.so from jar:file:/home/robin/bin/miniconda3/share/picard-2.26.2-0/picard.jar!/com/intel/gkl/native/libgkl_compression.so
[Wed Jul 03 23:03:04 CEST 2024] CleanSam --INPUT E14_36h_H3K27ac_ChIP_Yang2019_GSM3314706_raw.sam --OUTPUT E14_36h_H3K27ac_ChIP_Yang2019_GSM3314706_cleaned.sam --TMP_DIR . --VERBOSITY INFO --QUIET false --VALIDATION_STRINGENCY STRICT --COMPRESSION_LEVEL 5 --MAX_RECORDS_IN_RAM 500000 --CREATE_INDEX false --CREATE_MD5_FILE false --GA4GH_CLIENT_SECRETS client_secrets.json --help false --version false --showHidden false --USE_JDK_DEFLATER false --USE_JDK_INFLATER false
[Wed Jul 03 23:03:04 CEST 2024] Executing as robin@epipax.ijm.univ-paris-diderot.priv on Linux 6.1.0-21-amd64 amd64; OpenJDK 64-Bit Server VM 1.8.0_332-b09; Deflater: Intel; Inflater: Intel; Provider GCS is not available; Picard version: Version:2.26.2
INFO	2024-07-03 23:03:04	CleanSam	Seen many non-increasing record positions. Printing Read-names as well.
INFO	2024-07-03 23:03:11	CleanSam	Processed     1,000,000 records.  Elapsed time: 00:00:07s.  Time for last 1,000,000:    7s.  Last read position: chr19:41,224,521.  Last read name: SRR7624394.9789496
INFO	2024-07-03 23:03:18	CleanSam	Processed     2,000,000 records.  Elapsed time: 00:00:13s.  Time for last 1,000,000:    6s.  Last read position: chr9:4,130,049.  Last read name: SRR7624394.42281494
INFO	2024-07-03 23:03:24	CleanSam	Processed     3,000,000 records.  Elapsed time: 00:00:19s.  Time for last 1,000,000:    6s.  Last read position: chr9:35,305,404.  Last read name: SRR7624394.45267986
INFO	2024-07-03 23:03:29	CleanSam	Processed     4,000,000 records.  Elapsed time: 00:00:25s.  Time for last 1,000,000:    5s.  Last read position: chr9:106,821,186.  Last read name: SRR7624394.30662254
INFO	2024-07-03 23:03:36	CleanSam	Processed     5,000,000 records.  Elapsed time: 00:00:31s.  Time for last 1,000,000:    6s.  Last read position: chr18:16,740,400.  Last read name: SRR7624394.26817168
INFO	2024-07-03 23:03:42	CleanSam	Processed     6,000,000 records.  Elapsed time: 00:00:38s.  Time for last 1,000,000:    6s.  Last read position: chr10:38,638,081.  Last read name: SRR7624394.14104077
INFO	2024-07-03 23:03:49	CleanSam	Processed     7,000,000 records.  Elapsed time: 00:00:44s.  Time for last 1,000,000:    6s.  Last read position: chr11:10,461,461.  Last read name: SRR7624394.40357596
INFO	2024-07-03 23:03:55	CleanSam	Processed     8,000,000 records.  Elapsed time: 00:00:51s.  Time for last 1,000,000:    6s.  Last read position: chr12:72,018,899.  Last read name: SRR7624394.2608327
INFO	2024-07-03 23:04:02	CleanSam	Processed     9,000,000 records.  Elapsed time: 00:00:57s.  Time for last 1,000,000:    6s.  Last read position: chr3:95,233,687.  Last read name: SRR7624394.47476054
INFO	2024-07-03 23:04:10	CleanSam	Processed    10,000,000 records.  Elapsed time: 00:01:05s.  Time for last 1,000,000:    8s.  Last read position: chr13:29,770,276.  Last read name: SRR7624394.15051320
INFO	2024-07-03 23:04:15	CleanSam	Processed    11,000,000 records.  Elapsed time: 00:01:10s.  Time for last 1,000,000:    5s.  Last read position: chr10:94,533,142.  Last read name: SRR7624394.8943106
INFO	2024-07-03 23:04:21	CleanSam	Processed    12,000,000 records.  Elapsed time: 00:01:16s.  Time for last 1,000,000:    5s.  Last read position: chr15:55,947,750.  Last read name: SRR7624394.37867311
INFO	2024-07-03 23:04:26	CleanSam	Processed    13,000,000 records.  Elapsed time: 00:01:21s.  Time for last 1,000,000:    5s.  Last read position: chr17:35,088,486.  Last read name: SRR7624394.46994440
INFO	2024-07-03 23:04:32	CleanSam	Processed    14,000,000 records.  Elapsed time: 00:01:27s.  Time for last 1,000,000:    5s.  Last read position: chr18:69,958,309.  Last read name: SRR7624394.29559920
INFO	2024-07-03 23:04:38	CleanSam	Processed    15,000,000 records.  Elapsed time: 00:01:33s.  Time for last 1,000,000:    6s.  Last read position: chr6:6,560,153.  Last read name: SRR7624394.35945667
INFO	2024-07-03 23:04:44	CleanSam	Processed    16,000,000 records.  Elapsed time: 00:01:40s.  Time for last 1,000,000:    6s.  Last read position: chr8:12,535,546.  Last read name: SRR7624394.19477579
INFO	2024-07-03 23:04:52	CleanSam	Processed    17,000,000 records.  Elapsed time: 00:01:47s.  Time for last 1,000,000:    7s.  Last read position: chr1:72,964,963.  Last read name: SRR7624394.11610160
INFO	2024-07-03 23:04:58	CleanSam	Processed    18,000,000 records.  Elapsed time: 00:01:54s.  Time for last 1,000,000:    6s.  Last read position: chr12:67,023,250.  Last read name: SRR7624394.14974357
INFO	2024-07-03 23:05:04	CleanSam	Processed    19,000,000 records.  Elapsed time: 00:01:59s.  Time for last 1,000,000:    5s.  Last read position: chr6:17,627,192.  Last read name: SRR7624394.16276688
INFO	2024-07-03 23:05:09	CleanSam	Processed    20,000,000 records.  Elapsed time: 00:02:04s.  Time for last 1,000,000:    5s.  Last read position: chr1:146,354,405.  Last read name: SRR7624394.14613093
INFO	2024-07-03 23:05:15	CleanSam	Processed    21,000,000 records.  Elapsed time: 00:02:10s.  Time for last 1,000,000:    5s.  Last read position: chr10:25,130,803.  Last read name: SRR7624394.43285188
INFO	2024-07-03 23:05:20	CleanSam	Processed    22,000,000 records.  Elapsed time: 00:02:15s.  Time for last 1,000,000:    5s.  Last read position: chr17:14,997,306.  Last read name: SRR7624394.17207984
INFO	2024-07-03 23:05:25	CleanSam	Processed    23,000,000 records.  Elapsed time: 00:02:21s.  Time for last 1,000,000:    5s.  Last read position: chr14:82,606,146.  Last read name: SRR7624394.21049275
INFO	2024-07-03 23:05:31	CleanSam	Processed    24,000,000 records.  Elapsed time: 00:02:27s.  Time for last 1,000,000:    5s.  Last read position: chr9:51,653,466.  Last read name: SRR7624394.33488157
INFO	2024-07-03 23:05:37	CleanSam	Processed    25,000,000 records.  Elapsed time: 00:02:32s.  Time for last 1,000,000:    5s.  Last read position: chr10:121,337,359.  Last read name: SRR7624394.14769820
INFO	2024-07-03 23:05:43	CleanSam	Processed    26,000,000 records.  Elapsed time: 00:02:38s.  Time for last 1,000,000:    5s.  Last read position: chr17:26,581,384.  Last read name: SRR7624394.18385305
INFO	2024-07-03 23:05:49	CleanSam	Processed    27,000,000 records.  Elapsed time: 00:02:44s.  Time for last 1,000,000:    6s.  Last read position: chr8:84,105,348.  Last read name: SRR7624394.48154057
INFO	2024-07-03 23:05:55	CleanSam	Processed    28,000,000 records.  Elapsed time: 00:02:50s.  Time for last 1,000,000:    6s.  Last read position: chr9:100,634,976.  Last read name: SRR7624394.22510701
INFO	2024-07-03 23:06:02	CleanSam	Processed    29,000,000 records.  Elapsed time: 00:02:57s.  Time for last 1,000,000:    6s.  Last read position: chr7:5,086,220.  Last read name: SRR7624394.36073426
INFO	2024-07-03 23:06:07	CleanSam	Processed    30,000,000 records.  Elapsed time: 00:03:03s.  Time for last 1,000,000:    5s.  Last read position: chr13:99,607,187.  Last read name: SRR7624394.3765316
INFO	2024-07-03 23:06:14	CleanSam	Processed    31,000,000 records.  Elapsed time: 00:03:09s.  Time for last 1,000,000:    6s.  Last read position: chr7:5,077,204.  Last read name: SRR7624394.10534751
INFO	2024-07-03 23:06:20	CleanSam	Processed    32,000,000 records.  Elapsed time: 00:03:15s.  Time for last 1,000,000:    6s.  Last read position: chr10:30,584,243.  Last read name: SRR7624394.26063210
INFO	2024-07-03 23:06:26	CleanSam	Processed    33,000,000 records.  Elapsed time: 00:03:21s.  Time for last 1,000,000:    5s.  Last read position: chr1:7,127,403.  Last read name: SRR7624394.3176564
INFO	2024-07-03 23:06:32	CleanSam	Processed    34,000,000 records.  Elapsed time: 00:03:27s.  Time for last 1,000,000:    6s.  Last read position: chr1:63,449,851.  Last read name: SRR7624394.23211841
INFO	2024-07-03 23:06:38	CleanSam	Processed    35,000,000 records.  Elapsed time: 00:03:33s.  Time for last 1,000,000:    5s.  Last read position: chr15:80,093,358.  Last read name: SRR7624394.37892582
INFO	2024-07-03 23:06:44	CleanSam	Processed    36,000,000 records.  Elapsed time: 00:03:39s.  Time for last 1,000,000:    5s.  Last read position: chr12:109,105,357.  Last read name: SRR7624394.15015154
INFO	2024-07-03 23:06:50	CleanSam	Processed    37,000,000 records.  Elapsed time: 00:03:45s.  Time for last 1,000,000:    6s.  Last read position: chr6:30,400,814.  Last read name: SRR7624394.33078730
INFO	2024-07-03 23:06:56	CleanSam	Processed    38,000,000 records.  Elapsed time: 00:03:51s.  Time for last 1,000,000:    5s.  Last read position: chr8:70,276,628.  Last read name: SRR7624394.42211417
INFO	2024-07-03 23:07:02	CleanSam	Processed    39,000,000 records.  Elapsed time: 00:03:57s.  Time for last 1,000,000:    6s.  Last read position: chr6:96,152,518.  Last read name: SRR7624394.30965790
INFO	2024-07-03 23:07:08	CleanSam	Processed    40,000,000 records.  Elapsed time: 00:04:03s.  Time for last 1,000,000:    6s.  Last read position: chr5:86,433,058.  Last read name: SRR7624394.13237389
[Wed Jul 03 23:07:20 CEST 2024] picard.sam.CleanSam done. Elapsed time: 4.27 minutes.
Runtime.totalMemory()=1073217536
23:07:22.433 INFO  NativeLibraryLoader - Loading libgkl_compression.so from jar:file:/home/robin/bin/miniconda3/share/picard-2.26.2-0/picard.jar!/com/intel/gkl/native/libgkl_compression.so
[Wed Jul 03 23:07:22 CEST 2024] SamFormatConverter --INPUT E14_36h_H3K27ac_ChIP_Yang2019_GSM3314706_cleaned.sam --OUTPUT E14_36h_H3K27ac_ChIP_Yang2019_GSM3314706_unsorted.bam --TMP_DIR . --VERBOSITY INFO --QUIET false --VALIDATION_STRINGENCY STRICT --COMPRESSION_LEVEL 5 --MAX_RECORDS_IN_RAM 500000 --CREATE_INDEX false --CREATE_MD5_FILE false --GA4GH_CLIENT_SECRETS client_secrets.json --help false --version false --showHidden false --USE_JDK_DEFLATER false --USE_JDK_INFLATER false
[Wed Jul 03 23:07:22 CEST 2024] Executing as robin@epipax.ijm.univ-paris-diderot.priv on Linux 6.1.0-21-amd64 amd64; OpenJDK 64-Bit Server VM 1.8.0_332-b09; Deflater: Intel; Inflater: Intel; Provider GCS is not available; Picard version: Version:2.26.2
INFO	2024-07-03 23:07:24	SamFormatConverter	Seen many non-increasing record positions. Printing Read-names as well.
INFO	2024-07-03 23:07:36	SamFormatConverter	Processed     1,000,000 records.  Elapsed time: 00:00:12s.  Time for last 1,000,000:   12s.  Last read position: chr19:41,224,521.  Last read name: SRR7624394.9789496
INFO	2024-07-03 23:07:44	SamFormatConverter	Processed     2,000,000 records.  Elapsed time: 00:00:20s.  Time for last 1,000,000:    8s.  Last read position: chr9:4,130,049.  Last read name: SRR7624394.42281494
INFO	2024-07-03 23:07:53	SamFormatConverter	Processed     3,000,000 records.  Elapsed time: 00:00:29s.  Time for last 1,000,000:    8s.  Last read position: chr9:35,305,404.  Last read name: SRR7624394.45267986
INFO	2024-07-03 23:08:01	SamFormatConverter	Processed     4,000,000 records.  Elapsed time: 00:00:37s.  Time for last 1,000,000:    8s.  Last read position: chr9:106,821,186.  Last read name: SRR7624394.30662254
INFO	2024-07-03 23:08:10	SamFormatConverter	Processed     5,000,000 records.  Elapsed time: 00:00:46s.  Time for last 1,000,000:    8s.  Last read position: chr18:16,740,400.  Last read name: SRR7624394.26817168
INFO	2024-07-03 23:08:18	SamFormatConverter	Processed     6,000,000 records.  Elapsed time: 00:00:54s.  Time for last 1,000,000:    8s.  Last read position: chr10:38,638,081.  Last read name: SRR7624394.14104077
INFO	2024-07-03 23:08:26	SamFormatConverter	Processed     7,000,000 records.  Elapsed time: 00:01:03s.  Time for last 1,000,000:    8s.  Last read position: chr11:10,461,461.  Last read name: SRR7624394.40357596
INFO	2024-07-03 23:08:36	SamFormatConverter	Processed     8,000,000 records.  Elapsed time: 00:01:12s.  Time for last 1,000,000:    9s.  Last read position: chr12:72,018,899.  Last read name: SRR7624394.2608327
INFO	2024-07-03 23:08:44	SamFormatConverter	Processed     9,000,000 records.  Elapsed time: 00:01:21s.  Time for last 1,000,000:    8s.  Last read position: chr3:95,233,687.  Last read name: SRR7624394.47476054
INFO	2024-07-03 23:08:52	SamFormatConverter	Processed    10,000,000 records.  Elapsed time: 00:01:29s.  Time for last 1,000,000:    8s.  Last read position: chr13:29,770,276.  Last read name: SRR7624394.15051320
INFO	2024-07-03 23:09:01	SamFormatConverter	Processed    11,000,000 records.  Elapsed time: 00:01:37s.  Time for last 1,000,000:    8s.  Last read position: chr10:94,533,142.  Last read name: SRR7624394.8943106
INFO	2024-07-03 23:09:10	SamFormatConverter	Processed    12,000,000 records.  Elapsed time: 00:01:46s.  Time for last 1,000,000:    8s.  Last read position: chr15:55,947,750.  Last read name: SRR7624394.37867311
INFO	2024-07-03 23:09:18	SamFormatConverter	Processed    13,000,000 records.  Elapsed time: 00:01:55s.  Time for last 1,000,000:    8s.  Last read position: chr17:35,088,486.  Last read name: SRR7624394.46994440
INFO	2024-07-03 23:09:27	SamFormatConverter	Processed    14,000,000 records.  Elapsed time: 00:02:03s.  Time for last 1,000,000:    8s.  Last read position: chr18:69,958,309.  Last read name: SRR7624394.29559920
INFO	2024-07-03 23:09:36	SamFormatConverter	Processed    15,000,000 records.  Elapsed time: 00:02:12s.  Time for last 1,000,000:    8s.  Last read position: chr6:6,560,153.  Last read name: SRR7624394.35945667
INFO	2024-07-03 23:09:46	SamFormatConverter	Processed    16,000,000 records.  Elapsed time: 00:02:22s.  Time for last 1,000,000:    9s.  Last read position: chr8:12,535,546.  Last read name: SRR7624394.19477579
INFO	2024-07-03 23:09:56	SamFormatConverter	Processed    17,000,000 records.  Elapsed time: 00:02:32s.  Time for last 1,000,000:   10s.  Last read position: chr1:72,964,963.  Last read name: SRR7624394.11610160
INFO	2024-07-03 23:10:05	SamFormatConverter	Processed    18,000,000 records.  Elapsed time: 00:02:41s.  Time for last 1,000,000:    9s.  Last read position: chr12:67,023,250.  Last read name: SRR7624394.14974357
INFO	2024-07-03 23:10:14	SamFormatConverter	Processed    19,000,000 records.  Elapsed time: 00:02:50s.  Time for last 1,000,000:    9s.  Last read position: chr6:17,627,192.  Last read name: SRR7624394.16276688
INFO	2024-07-03 23:10:23	SamFormatConverter	Processed    20,000,000 records.  Elapsed time: 00:02:59s.  Time for last 1,000,000:    8s.  Last read position: chr1:146,354,405.  Last read name: SRR7624394.14613093
INFO	2024-07-03 23:10:32	SamFormatConverter	Processed    21,000,000 records.  Elapsed time: 00:03:09s.  Time for last 1,000,000:    9s.  Last read position: chr10:25,130,803.  Last read name: SRR7624394.43285188
INFO	2024-07-03 23:10:41	SamFormatConverter	Processed    22,000,000 records.  Elapsed time: 00:03:18s.  Time for last 1,000,000:    9s.  Last read position: chr17:14,997,306.  Last read name: SRR7624394.17207984
INFO	2024-07-03 23:10:50	SamFormatConverter	Processed    23,000,000 records.  Elapsed time: 00:03:26s.  Time for last 1,000,000:    8s.  Last read position: chr14:82,606,146.  Last read name: SRR7624394.21049275
INFO	2024-07-03 23:10:59	SamFormatConverter	Processed    24,000,000 records.  Elapsed time: 00:03:35s.  Time for last 1,000,000:    8s.  Last read position: chr9:51,653,466.  Last read name: SRR7624394.33488157
INFO	2024-07-03 23:11:08	SamFormatConverter	Processed    25,000,000 records.  Elapsed time: 00:03:44s.  Time for last 1,000,000:    8s.  Last read position: chr10:121,337,359.  Last read name: SRR7624394.14769820
INFO	2024-07-03 23:11:17	SamFormatConverter	Processed    26,000,000 records.  Elapsed time: 00:03:53s.  Time for last 1,000,000:    9s.  Last read position: chr17:26,581,384.  Last read name: SRR7624394.18385305
INFO	2024-07-03 23:11:26	SamFormatConverter	Processed    27,000,000 records.  Elapsed time: 00:04:02s.  Time for last 1,000,000:    8s.  Last read position: chr8:84,105,348.  Last read name: SRR7624394.48154057
INFO	2024-07-03 23:11:35	SamFormatConverter	Processed    28,000,000 records.  Elapsed time: 00:04:11s.  Time for last 1,000,000:    9s.  Last read position: chr9:100,634,976.  Last read name: SRR7624394.22510701
INFO	2024-07-03 23:11:45	SamFormatConverter	Processed    29,000,000 records.  Elapsed time: 00:04:21s.  Time for last 1,000,000:    9s.  Last read position: chr7:5,086,220.  Last read name: SRR7624394.36073426
INFO	2024-07-03 23:11:55	SamFormatConverter	Processed    30,000,000 records.  Elapsed time: 00:04:31s.  Time for last 1,000,000:    9s.  Last read position: chr13:99,607,187.  Last read name: SRR7624394.3765316
INFO	2024-07-03 23:12:03	SamFormatConverter	Processed    31,000,000 records.  Elapsed time: 00:04:40s.  Time for last 1,000,000:    8s.  Last read position: chr7:5,077,204.  Last read name: SRR7624394.10534751
INFO	2024-07-03 23:12:12	SamFormatConverter	Processed    32,000,000 records.  Elapsed time: 00:04:49s.  Time for last 1,000,000:    8s.  Last read position: chr10:30,584,243.  Last read name: SRR7624394.26063210
INFO	2024-07-03 23:12:22	SamFormatConverter	Processed    33,000,000 records.  Elapsed time: 00:04:58s.  Time for last 1,000,000:    9s.  Last read position: chr1:7,127,403.  Last read name: SRR7624394.3176564
INFO	2024-07-03 23:12:31	SamFormatConverter	Processed    34,000,000 records.  Elapsed time: 00:05:07s.  Time for last 1,000,000:    8s.  Last read position: chr1:63,449,851.  Last read name: SRR7624394.23211841
INFO	2024-07-03 23:12:40	SamFormatConverter	Processed    35,000,000 records.  Elapsed time: 00:05:16s.  Time for last 1,000,000:    9s.  Last read position: chr15:80,093,358.  Last read name: SRR7624394.37892582
INFO	2024-07-03 23:12:49	SamFormatConverter	Processed    36,000,000 records.  Elapsed time: 00:05:26s.  Time for last 1,000,000:    9s.  Last read position: chr12:109,105,357.  Last read name: SRR7624394.15015154
INFO	2024-07-03 23:12:59	SamFormatConverter	Processed    37,000,000 records.  Elapsed time: 00:05:35s.  Time for last 1,000,000:    8s.  Last read position: chr6:30,400,814.  Last read name: SRR7624394.33078730
INFO	2024-07-03 23:13:08	SamFormatConverter	Processed    38,000,000 records.  Elapsed time: 00:05:44s.  Time for last 1,000,000:    9s.  Last read position: chr8:70,276,628.  Last read name: SRR7624394.42211417
INFO	2024-07-03 23:13:17	SamFormatConverter	Processed    39,000,000 records.  Elapsed time: 00:05:53s.  Time for last 1,000,000:    8s.  Last read position: chr6:96,152,518.  Last read name: SRR7624394.30965790
INFO	2024-07-03 23:13:26	SamFormatConverter	Processed    40,000,000 records.  Elapsed time: 00:06:02s.  Time for last 1,000,000:    9s.  Last read position: chr5:86,433,058.  Last read name: SRR7624394.13237389
[Wed Jul 03 23:13:34 CEST 2024] picard.sam.SamFormatConverter done. Elapsed time: 6.20 minutes.
Runtime.totalMemory()=721944576
23:13:36.799 INFO  NativeLibraryLoader - Loading libgkl_compression.so from jar:file:/home/robin/bin/miniconda3/share/picard-2.26.2-0/picard.jar!/com/intel/gkl/native/libgkl_compression.so
[Wed Jul 03 23:13:36 CEST 2024] SortSam --INPUT E14_36h_H3K27ac_ChIP_Yang2019_GSM3314706_unsorted.bam --OUTPUT E14_36h_H3K27ac_ChIP_Yang2019_GSM3314706_sorted.bam --SORT_ORDER coordinate --TMP_DIR . --VERBOSITY INFO --QUIET false --VALIDATION_STRINGENCY STRICT --COMPRESSION_LEVEL 5 --MAX_RECORDS_IN_RAM 500000 --CREATE_INDEX false --CREATE_MD5_FILE false --GA4GH_CLIENT_SECRETS client_secrets.json --help false --version false --showHidden false --USE_JDK_DEFLATER false --USE_JDK_INFLATER false
[Wed Jul 03 23:13:36 CEST 2024] Executing as robin@epipax.ijm.univ-paris-diderot.priv on Linux 6.1.0-21-amd64 amd64; OpenJDK 64-Bit Server VM 1.8.0_332-b09; Deflater: Intel; Inflater: Intel; Provider GCS is not available; Picard version: Version:2.26.2
INFO	2024-07-03 23:13:37	SortSam	Seen many non-increasing record positions. Printing Read-names as well.
INFO	2024-07-03 23:14:44	SortSam	Read    10,000,000 records.  Elapsed time: 00:01:07s.  Time for last 10,000,000:   67s.  Last read position: chr13:29,770,276.  Last read name: SRR7624394.15051320
INFO	2024-07-03 23:15:43	SortSam	Read    20,000,000 records.  Elapsed time: 00:02:06s.  Time for last 10,000,000:   58s.  Last read position: chr1:146,354,405.  Last read name: SRR7624394.14613093
INFO	2024-07-03 23:16:40	SortSam	Read    30,000,000 records.  Elapsed time: 00:03:02s.  Time for last 10,000,000:   56s.  Last read position: chr13:99,607,187.  Last read name: SRR7624394.3765316
INFO	2024-07-03 23:17:40	SortSam	Read    40,000,000 records.  Elapsed time: 00:04:03s.  Time for last 10,000,000:   60s.  Last read position: chr5:86,433,058.  Last read name: SRR7624394.13237389
INFO	2024-07-03 23:17:43	SortSam	Finished reading inputs, merging and writing to output now.
INFO	2024-07-03 23:18:34	SortSam	Wrote    10,000,000 records from a sorting collection.  Elapsed time: 00:04:57s.  Time for last 10,000,000:   49s.  Last read position: chr4:129,916,395
INFO	2024-07-03 23:19:23	SortSam	Wrote    20,000,000 records from a sorting collection.  Elapsed time: 00:05:46s.  Time for last 10,000,000:   48s.  Last read position: chr9:23,097,220
INFO	2024-07-03 23:20:11	SortSam	Wrote    30,000,000 records from a sorting collection.  Elapsed time: 00:06:34s.  Time for last 10,000,000:   48s.  Last read position: chr14:19,416,124
INFO	2024-07-03 23:20:58	SortSam	Wrote    40,000,000 records from a sorting collection.  Elapsed time: 00:07:21s.  Time for last 10,000,000:   46s.  Last read position: chrUn_GL456389:15,793
[Wed Jul 03 23:21:05 CEST 2024] picard.sam.SortSam done. Elapsed time: 7.48 minutes.
Runtime.totalMemory()=1710751744
23:21:07.149 INFO  NativeLibraryLoader - Loading libgkl_compression.so from jar:file:/home/robin/bin/miniconda3/share/picard-2.26.2-0/picard.jar!/com/intel/gkl/native/libgkl_compression.so
[Wed Jul 03 23:21:07 CEST 2024] MarkDuplicates --INPUT E14_36h_H3K27ac_ChIP_Yang2019_GSM3314706_sorted.bam --OUTPUT E14_36h_H3K27ac_ChIP_Yang2019_GSM3314706.bam --METRICS_FILE E14_36h_H3K27ac_ChIP_Yang2019_GSM3314706_markDupeMetrics.txt --REMOVE_DUPLICATES false --TMP_DIR . --MAX_SEQUENCES_FOR_DISK_READ_ENDS_MAP 50000 --MAX_FILE_HANDLES_FOR_READ_ENDS_MAP 8000 --SORTING_COLLECTION_SIZE_RATIO 0.25 --TAG_DUPLICATE_SET_MEMBERS false --REMOVE_SEQUENCING_DUPLICATES false --TAGGING_POLICY DontTag --CLEAR_DT true --DUPLEX_UMI false --ADD_PG_TAG_TO_READS true --ASSUME_SORTED false --DUPLICATE_SCORING_STRATEGY SUM_OF_BASE_QUALITIES --PROGRAM_RECORD_ID MarkDuplicates --PROGRAM_GROUP_NAME MarkDuplicates --READ_NAME_REGEX <optimized capture of last three ':' separated fields as numeric values> --OPTICAL_DUPLICATE_PIXEL_DISTANCE 100 --MAX_OPTICAL_DUPLICATE_SET_SIZE 300000 --VERBOSITY INFO --QUIET false --VALIDATION_STRINGENCY STRICT --COMPRESSION_LEVEL 5 --MAX_RECORDS_IN_RAM 500000 --CREATE_INDEX false --CREATE_MD5_FILE false --GA4GH_CLIENT_SECRETS client_secrets.json --help false --version false --showHidden false --USE_JDK_DEFLATER false --USE_JDK_INFLATER false
[Wed Jul 03 23:21:07 CEST 2024] Executing as robin@epipax.ijm.univ-paris-diderot.priv on Linux 6.1.0-21-amd64 amd64; OpenJDK 64-Bit Server VM 1.8.0_332-b09; Deflater: Intel; Inflater: Intel; Provider GCS is not available; Picard version: Version:2.26.2
INFO	2024-07-03 23:21:07	MarkDuplicates	Start of doWork freeMemory: 501501952; totalMemory: 514850816; maxMemory: 1908932608
INFO	2024-07-03 23:21:07	MarkDuplicates	Reading input file and constructing read end information.
INFO	2024-07-03 23:21:07	MarkDuplicates	Will retain up to 6916422 data points before spilling to disk.
WARNING	2024-07-03 23:21:07	AbstractOpticalDuplicateFinderCommandLineProgram	A field field parsed out of a read name was expected to contain an integer and did not. Read name: SRR7624394.25656871. Cause: String 'SRR7624394.25656871' did not start with a parsable number.
INFO	2024-07-03 23:21:11	MarkDuplicates	Read     1,000,000 records.  Elapsed time: 00:00:04s.  Time for last 1,000,000:    4s.  Last read position: chr1:71,687,845
INFO	2024-07-03 23:21:11	MarkDuplicates	Tracking 0 as yet unmatched pairs. 0 records in RAM.
INFO	2024-07-03 23:21:16	MarkDuplicates	Read     2,000,000 records.  Elapsed time: 00:00:08s.  Time for last 1,000,000:    4s.  Last read position: chr1:139,692,518
INFO	2024-07-03 23:21:16	MarkDuplicates	Tracking 0 as yet unmatched pairs. 0 records in RAM.
INFO	2024-07-03 23:21:19	MarkDuplicates	Read     3,000,000 records.  Elapsed time: 00:00:12s.  Time for last 1,000,000:    3s.  Last read position: chr2:16,344,830
INFO	2024-07-03 23:21:19	MarkDuplicates	Tracking 0 as yet unmatched pairs. 0 records in RAM.
INFO	2024-07-03 23:21:25	MarkDuplicates	Read     4,000,000 records.  Elapsed time: 00:00:18s.  Time for last 1,000,000:    6s.  Last read position: chr2:74,543,537
INFO	2024-07-03 23:21:25	MarkDuplicates	Tracking 0 as yet unmatched pairs. 0 records in RAM.
INFO	2024-07-03 23:21:29	MarkDuplicates	Read     5,000,000 records.  Elapsed time: 00:00:22s.  Time for last 1,000,000:    3s.  Last read position: chr2:130,722,528
INFO	2024-07-03 23:21:29	MarkDuplicates	Tracking 0 as yet unmatched pairs. 0 records in RAM.
INFO	2024-07-03 23:21:33	MarkDuplicates	Read     6,000,000 records.  Elapsed time: 00:00:25s.  Time for last 1,000,000:    3s.  Last read position: chr3:6,800,493
INFO	2024-07-03 23:21:33	MarkDuplicates	Tracking 0 as yet unmatched pairs. 0 records in RAM.
INFO	2024-07-03 23:21:40	MarkDuplicates	Read     7,000,000 records.  Elapsed time: 00:00:32s.  Time for last 1,000,000:    6s.  Last read position: chr3:81,719,638
INFO	2024-07-03 23:21:40	MarkDuplicates	Tracking 0 as yet unmatched pairs. 0 records in RAM.
INFO	2024-07-03 23:21:43	MarkDuplicates	Read     8,000,000 records.  Elapsed time: 00:00:36s.  Time for last 1,000,000:    3s.  Last read position: chr3:144,946,741
INFO	2024-07-03 23:21:43	MarkDuplicates	Tracking 0 as yet unmatched pairs. 0 records in RAM.
INFO	2024-07-03 23:21:48	MarkDuplicates	Read     9,000,000 records.  Elapsed time: 00:00:40s.  Time for last 1,000,000:    4s.  Last read position: chr4:61,965,291
INFO	2024-07-03 23:21:48	MarkDuplicates	Tracking 0 as yet unmatched pairs. 0 records in RAM.
INFO	2024-07-03 23:21:51	MarkDuplicates	Read    10,000,000 records.  Elapsed time: 00:00:44s.  Time for last 1,000,000:    3s.  Last read position: chr4:129,916,395
INFO	2024-07-03 23:21:51	MarkDuplicates	Tracking 0 as yet unmatched pairs. 0 records in RAM.
INFO	2024-07-03 23:21:55	MarkDuplicates	Read    11,000,000 records.  Elapsed time: 00:00:47s.  Time for last 1,000,000:    3s.  Last read position: chr5:24,699,018
INFO	2024-07-03 23:21:55	MarkDuplicates	Tracking 0 as yet unmatched pairs. 0 records in RAM.
INFO	2024-07-03 23:21:58	MarkDuplicates	Read    12,000,000 records.  Elapsed time: 00:00:51s.  Time for last 1,000,000:    3s.  Last read position: chr5:100,506,996
INFO	2024-07-03 23:21:58	MarkDuplicates	Tracking 0 as yet unmatched pairs. 0 records in RAM.
INFO	2024-07-03 23:22:03	MarkDuplicates	Read    13,000,000 records.  Elapsed time: 00:00:55s.  Time for last 1,000,000:    4s.  Last read position: chr5:149,279,860
INFO	2024-07-03 23:22:03	MarkDuplicates	Tracking 0 as yet unmatched pairs. 0 records in RAM.
INFO	2024-07-03 23:22:09	MarkDuplicates	Read    14,000,000 records.  Elapsed time: 00:01:01s.  Time for last 1,000,000:    5s.  Last read position: chr6:69,413,276
INFO	2024-07-03 23:22:09	MarkDuplicates	Tracking 0 as yet unmatched pairs. 0 records in RAM.
INFO	2024-07-03 23:22:12	MarkDuplicates	Read    15,000,000 records.  Elapsed time: 00:01:04s.  Time for last 1,000,000:    3s.  Last read position: chr6:134,772,871
INFO	2024-07-03 23:22:12	MarkDuplicates	Tracking 0 as yet unmatched pairs. 0 records in RAM.
INFO	2024-07-03 23:22:16	MarkDuplicates	Read    16,000,000 records.  Elapsed time: 00:01:09s.  Time for last 1,000,000:    4s.  Last read position: chr7:45,466,733
INFO	2024-07-03 23:22:16	MarkDuplicates	Tracking 0 as yet unmatched pairs. 0 records in RAM.
INFO	2024-07-03 23:22:20	MarkDuplicates	Read    17,000,000 records.  Elapsed time: 00:01:12s.  Time for last 1,000,000:    3s.  Last read position: chr7:113,781,245
INFO	2024-07-03 23:22:20	MarkDuplicates	Tracking 0 as yet unmatched pairs. 0 records in RAM.
INFO	2024-07-03 23:22:23	MarkDuplicates	Read    18,000,000 records.  Elapsed time: 00:01:16s.  Time for last 1,000,000:    3s.  Last read position: chr8:29,898,856
INFO	2024-07-03 23:22:24	MarkDuplicates	Tracking 0 as yet unmatched pairs. 0 records in RAM.
INFO	2024-07-03 23:22:27	MarkDuplicates	Read    19,000,000 records.  Elapsed time: 00:01:19s.  Time for last 1,000,000:    3s.  Last read position: chr8:94,717,387
INFO	2024-07-03 23:22:27	MarkDuplicates	Tracking 0 as yet unmatched pairs. 0 records in RAM.
INFO	2024-07-03 23:22:30	MarkDuplicates	Read    20,000,000 records.  Elapsed time: 00:01:23s.  Time for last 1,000,000:    3s.  Last read position: chr9:23,097,220
INFO	2024-07-03 23:22:30	MarkDuplicates	Tracking 0 as yet unmatched pairs. 0 records in RAM.
INFO	2024-07-03 23:22:36	MarkDuplicates	Read    21,000,000 records.  Elapsed time: 00:01:29s.  Time for last 1,000,000:    5s.  Last read position: chr9:80,887,701
INFO	2024-07-03 23:22:36	MarkDuplicates	Tracking 0 as yet unmatched pairs. 0 records in RAM.
INFO	2024-07-03 23:22:40	MarkDuplicates	Read    22,000,000 records.  Elapsed time: 00:01:32s.  Time for last 1,000,000:    3s.  Last read position: chr10:21,789,706
INFO	2024-07-03 23:22:40	MarkDuplicates	Tracking 0 as yet unmatched pairs. 0 records in RAM.
INFO	2024-07-03 23:22:45	MarkDuplicates	Read    23,000,000 records.  Elapsed time: 00:01:37s.  Time for last 1,000,000:    5s.  Last read position: chr10:81,597,352
INFO	2024-07-03 23:22:45	MarkDuplicates	Tracking 0 as yet unmatched pairs. 0 records in RAM.
INFO	2024-07-03 23:22:48	MarkDuplicates	Read    24,000,000 records.  Elapsed time: 00:01:41s.  Time for last 1,000,000:    3s.  Last read position: chr11:17,891,398
INFO	2024-07-03 23:22:48	MarkDuplicates	Tracking 0 as yet unmatched pairs. 0 records in RAM.
INFO	2024-07-03 23:22:52	MarkDuplicates	Read    25,000,000 records.  Elapsed time: 00:01:44s.  Time for last 1,000,000:    3s.  Last read position: chr11:73,092,903
INFO	2024-07-03 23:22:52	MarkDuplicates	Tracking 0 as yet unmatched pairs. 0 records in RAM.
INFO	2024-07-03 23:22:56	MarkDuplicates	Read    26,000,000 records.  Elapsed time: 00:01:48s.  Time for last 1,000,000:    3s.  Last read position: chr11:119,680,997
INFO	2024-07-03 23:22:56	MarkDuplicates	Tracking 0 as yet unmatched pairs. 0 records in RAM.
INFO	2024-07-03 23:22:59	MarkDuplicates	Read    27,000,000 records.  Elapsed time: 00:01:52s.  Time for last 1,000,000:    3s.  Last read position: chr12:69,871,908
INFO	2024-07-03 23:22:59	MarkDuplicates	Tracking 0 as yet unmatched pairs. 0 records in RAM.
INFO	2024-07-03 23:23:05	MarkDuplicates	Read    28,000,000 records.  Elapsed time: 00:01:58s.  Time for last 1,000,000:    5s.  Last read position: chr13:14,630,222
INFO	2024-07-03 23:23:05	MarkDuplicates	Tracking 0 as yet unmatched pairs. 0 records in RAM.
INFO	2024-07-03 23:23:09	MarkDuplicates	Read    29,000,000 records.  Elapsed time: 00:02:01s.  Time for last 1,000,000:    3s.  Last read position: chr13:71,322,587
INFO	2024-07-03 23:23:09	MarkDuplicates	Tracking 0 as yet unmatched pairs. 0 records in RAM.
INFO	2024-07-03 23:23:12	MarkDuplicates	Read    30,000,000 records.  Elapsed time: 00:02:05s.  Time for last 1,000,000:    3s.  Last read position: chr14:19,416,124
INFO	2024-07-03 23:23:12	MarkDuplicates	Tracking 0 as yet unmatched pairs. 0 records in RAM.
INFO	2024-07-03 23:23:18	MarkDuplicates	Read    31,000,000 records.  Elapsed time: 00:02:10s.  Time for last 1,000,000:    5s.  Last read position: chr14:75,799,885
INFO	2024-07-03 23:23:18	MarkDuplicates	Tracking 0 as yet unmatched pairs. 0 records in RAM.
INFO	2024-07-03 23:23:21	MarkDuplicates	Read    32,000,000 records.  Elapsed time: 00:02:14s.  Time for last 1,000,000:    3s.  Last read position: chr15:36,331,958
INFO	2024-07-03 23:23:21	MarkDuplicates	Tracking 0 as yet unmatched pairs. 0 records in RAM.
INFO	2024-07-03 23:23:25	MarkDuplicates	Read    33,000,000 records.  Elapsed time: 00:02:17s.  Time for last 1,000,000:    3s.  Last read position: chr15:98,164,639
INFO	2024-07-03 23:23:25	MarkDuplicates	Tracking 0 as yet unmatched pairs. 0 records in RAM.
INFO	2024-07-03 23:23:28	MarkDuplicates	Read    34,000,000 records.  Elapsed time: 00:02:21s.  Time for last 1,000,000:    3s.  Last read position: chr16:48,430,929
INFO	2024-07-03 23:23:28	MarkDuplicates	Tracking 0 as yet unmatched pairs. 0 records in RAM.
INFO	2024-07-03 23:23:34	MarkDuplicates	Read    35,000,000 records.  Elapsed time: 00:02:27s.  Time for last 1,000,000:    6s.  Last read position: chr17:26,906,489
INFO	2024-07-03 23:23:34	MarkDuplicates	Tracking 0 as yet unmatched pairs. 0 records in RAM.
INFO	2024-07-03 23:23:38	MarkDuplicates	Read    36,000,000 records.  Elapsed time: 00:02:30s.  Time for last 1,000,000:    3s.  Last read position: chr17:83,488,686
INFO	2024-07-03 23:23:38	MarkDuplicates	Tracking 0 as yet unmatched pairs. 0 records in RAM.
INFO	2024-07-03 23:23:41	MarkDuplicates	Read    37,000,000 records.  Elapsed time: 00:02:34s.  Time for last 1,000,000:    3s.  Last read position: chr18:54,910,638
INFO	2024-07-03 23:23:41	MarkDuplicates	Tracking 0 as yet unmatched pairs. 0 records in RAM.
INFO	2024-07-03 23:23:45	MarkDuplicates	Read    38,000,000 records.  Elapsed time: 00:02:37s.  Time for last 1,000,000:    3s.  Last read position: chr19:29,113,269
INFO	2024-07-03 23:23:45	MarkDuplicates	Tracking 0 as yet unmatched pairs. 0 records in RAM.
INFO	2024-07-03 23:23:48	MarkDuplicates	Read    39,000,000 records.  Elapsed time: 00:02:41s.  Time for last 1,000,000:    3s.  Last read position: chrX:74,076,261
INFO	2024-07-03 23:23:48	MarkDuplicates	Tracking 0 as yet unmatched pairs. 0 records in RAM.
INFO	2024-07-03 23:23:55	MarkDuplicates	Read    40,000,000 records.  Elapsed time: 00:02:48s.  Time for last 1,000,000:    6s.  Last read position: chrUn_GL456389:15,793
INFO	2024-07-03 23:23:55	MarkDuplicates	Tracking 0 as yet unmatched pairs. 0 records in RAM.
INFO	2024-07-03 23:23:56	MarkDuplicates	Read 40149552 records. 0 pairs never matched.
INFO	2024-07-03 23:23:58	MarkDuplicates	After buildSortedReadEndLists freeMemory: 1753537768; totalMemory: 1798307840; maxMemory: 1908932608
INFO	2024-07-03 23:23:58	MarkDuplicates	Will retain up to 59654144 duplicate indices before spilling to disk.
INFO	2024-07-03 23:23:58	MarkDuplicates	Traversing read pair information and detecting duplicates.
INFO	2024-07-03 23:23:58	MarkDuplicates	Traversing fragment information and detecting duplicates.
INFO	2024-07-03 23:24:08	MarkDuplicates	Sorting list of duplicate records.
INFO	2024-07-03 23:24:08	MarkDuplicates	After generateDuplicateIndexes freeMemory: 1299802536; totalMemory: 1794113536; maxMemory: 1908932608
INFO	2024-07-03 23:24:08	MarkDuplicates	Marking 464826 records as duplicates.
INFO	2024-07-03 23:24:08	MarkDuplicates	Found 0 optical duplicate clusters.
INFO	2024-07-03 23:24:08	MarkDuplicates	Reads are assumed to be ordered by: coordinate
INFO	2024-07-03 23:25:18	MarkDuplicates	Written    10,000,000 records.  Elapsed time: 00:01:09s.  Time for last 10,000,000:   69s.  Last read position: chr4:129,916,395
INFO	2024-07-03 23:26:27	MarkDuplicates	Written    20,000,000 records.  Elapsed time: 00:02:19s.  Time for last 10,000,000:   69s.  Last read position: chr9:23,097,220
INFO	2024-07-03 23:27:38	MarkDuplicates	Written    30,000,000 records.  Elapsed time: 00:03:30s.  Time for last 10,000,000:   71s.  Last read position: chr14:19,416,124
INFO	2024-07-03 23:28:47	MarkDuplicates	Written    40,000,000 records.  Elapsed time: 00:04:38s.  Time for last 10,000,000:   68s.  Last read position: chrUn_GL456389:15,793
INFO	2024-07-03 23:28:49	MarkDuplicates	Writing complete. Closing input iterator.
INFO	2024-07-03 23:28:49	MarkDuplicates	Duplicate Index cleanup.
INFO	2024-07-03 23:28:49	MarkDuplicates	Getting Memory Stats.
INFO	2024-07-03 23:28:50	MarkDuplicates	Before output close freeMemory: 1807330408; totalMemory: 1826095104; maxMemory: 1908932608
INFO	2024-07-03 23:28:51	MarkDuplicates	Closed outputs. Getting more Memory Stats.
INFO	2024-07-03 23:28:51	MarkDuplicates	After output close freeMemory: 1807330408; totalMemory: 1826095104; maxMemory: 1908932608
[Wed Jul 03 23:28:51 CEST 2024] picard.sam.markduplicates.MarkDuplicates done. Elapsed time: 7.73 minutes.
Runtime.totalMemory()=1826095104
[sam grooming] finished successfully at [Wed Jul 3 11:29:02 PM CEST 2024]
[trueStats] Collecting alignment statistics for E14_36h_H3K27ac_ChIP_Yang2019_GSM3314706.bam at [Wed Jul 3 11:29:56 PM CEST 2024]
[bamToWigCPMsmoothKeepDup] Started with bin size: 1 and smoothing over 0 bp and KEEPING DUPLICATES at [Wed Jul 3 11:34:02 PM CEST 2024]
There are 38734193 alignments, of which 422691 are completely within a blacklist region.
Due to filtering, 90.4157078971585% of the aforementioned alignments will be used 34639615.73933403
[bamToWigCPMsmoothKeepDup] finished successfully at [Wed Jul 3 11:54:25 PM CEST 2024]
[file cleanup] started. Good job! at [Wed Jul 3 11:54:26 PM CEST 2024]
cp: cannot stat '*.pdf': No such file or directory
mv: cannot stat '*.bed': No such file or directory
mv: preserving times for '/data/bigWigs/E14_36h_H3K27ac_ChIP_Yang2019_GSM3314706_trimV5_mm10_kpDup_q10_b1_s0_CPM.bw': Operation not permitted
mv: preserving permissions for ‘/data/bigWigs/E14_36h_H3K27ac_ChIP_Yang2019_GSM3314706_trimV5_mm10_kpDup_q10_b1_s0_CPM.bw’: Operation not permitted
mv: preserving times for '/data/bams/E14_36h_H3K27ac_ChIP_Yang2019_GSM3314706_trimV5_mm10.bam': Operation not permitted
mv: preserving permissions for ‘/data/bams/E14_36h_H3K27ac_ChIP_Yang2019_GSM3314706_trimV5_mm10.bam’: Operation not permitted
mv: preserving times for '/data/bams/E14_36h_H3K27ac_ChIP_Yang2019_GSM3314706_trimV5_mm10.bam.bai': Operation not permitted
mv: preserving permissions for ‘/data/bams/E14_36h_H3K27ac_ChIP_Yang2019_GSM3314706_trimV5_mm10.bam.bai’: Operation not permitted
mv: cannot stat '*.gtf': No such file or directory
