SCRATCH: /scratch
ls: cannot access '/data/fastq/Klughammer2023/Sloth_heart_xenarthra_RRBS_Klughammer2023_GSM5852926*_R2.fastq.gz': No such file or directory
[masterDownload] Data are single-end. at [Mon Nov 18 11:25:41 AM CET 2024]
[checkDependencies] Checking Dependencies [Mon Nov 18 11:25:41 AM CET 2024] at [Mon Nov 18 11:25:41 AM CET 2024]
[setup checkDependencies] /home/robin/edirect/esearch... at [Mon Nov 18 11:25:41 AM CET 2024]
[setup checkDependencies] /home/robin/edirect/efetch... at [Mon Nov 18 11:25:41 AM CET 2024]
[setup checkDependencies] trimmomatic... at [Mon Nov 18 11:25:41 AM CET 2024]
[setup checkDependencies] STAR... at [Mon Nov 18 11:25:41 AM CET 2024]
[setup checkDependencies] bismark... at [Mon Nov 18 11:25:41 AM CET 2024]
[setup checkDependencies] bowtie2... at [Mon Nov 18 11:25:41 AM CET 2024]
[setup checkDependencies] samtools... at [Mon Nov 18 11:25:41 AM CET 2024]
[setup checkDependencies] picard... at [Mon Nov 18 11:25:41 AM CET 2024]
[setup checkDependencies] awk... at [Mon Nov 18 11:25:41 AM CET 2024]
[setup checkDependencies] bamCoverage... at [Mon Nov 18 11:25:41 AM CET 2024]
[setup checkDependencies] fastqc... at [Mon Nov 18 11:25:41 AM CET 2024]
[setup checkDependencies] fastq_screen... at [Mon Nov 18 11:25:41 AM CET 2024]
[setup checkDependencies] stringtie... at [Mon Nov 18 11:25:41 AM CET 2024]
[setup checkDependencies] clumpify.sh... at [Mon Nov 18 11:25:41 AM CET 2024]
PAIRED: false
[setUpLogFile] Script started at [Mon Nov 18 11:25:41 AM CET 2024] at [Mon Nov 18 11:25:41 AM CET 2024]
[trimReads] Started using version trimV1 parameters at [Mon Nov 18 11:25:41 AM CET 2024]
ILLUMINACLIP:/data/reference_genomes/adapters/adapters.fa:2:30:10 SLIDINGWINDOW:4:20 MINLEN:36
[trimReads] Trimming Sloth_heart_xenarthra_RRBS_Klughammer2023_GSM5852926.fastq.gz... at [Mon Nov 18 11:25:41 AM CET 2024]
cat: Sloth_heart_xenarthra_RRBS_Klughammer2023_GSM5852926_trimSummary.txt: No such file or directory
[trimReads] Finished successfully at [Mon Nov 18 11:25:42 AM CET 2024]
[fastQC] started on Sloth_heart_xenarthra_RRBS_Klughammer2023_GSM5852926.fastq.gz at [Mon Nov 18 11:25:42 AM CET 2024]
Started analysis of Sloth_heart_xenarthra_RRBS_Klughammer2023_GSM5852926.fastq.gz
Approx 5% complete for Sloth_heart_xenarthra_RRBS_Klughammer2023_GSM5852926.fastq.gz
Approx 10% complete for Sloth_heart_xenarthra_RRBS_Klughammer2023_GSM5852926.fastq.gz
Approx 15% complete for Sloth_heart_xenarthra_RRBS_Klughammer2023_GSM5852926.fastq.gz
Approx 20% complete for Sloth_heart_xenarthra_RRBS_Klughammer2023_GSM5852926.fastq.gz
Approx 25% complete for Sloth_heart_xenarthra_RRBS_Klughammer2023_GSM5852926.fastq.gz
Approx 30% complete for Sloth_heart_xenarthra_RRBS_Klughammer2023_GSM5852926.fastq.gz
Approx 35% complete for Sloth_heart_xenarthra_RRBS_Klughammer2023_GSM5852926.fastq.gz
Approx 40% complete for Sloth_heart_xenarthra_RRBS_Klughammer2023_GSM5852926.fastq.gz
Approx 45% complete for Sloth_heart_xenarthra_RRBS_Klughammer2023_GSM5852926.fastq.gz
Approx 50% complete for Sloth_heart_xenarthra_RRBS_Klughammer2023_GSM5852926.fastq.gz
Approx 55% complete for Sloth_heart_xenarthra_RRBS_Klughammer2023_GSM5852926.fastq.gz
Approx 60% complete for Sloth_heart_xenarthra_RRBS_Klughammer2023_GSM5852926.fastq.gz
Approx 65% complete for Sloth_heart_xenarthra_RRBS_Klughammer2023_GSM5852926.fastq.gz
Approx 70% complete for Sloth_heart_xenarthra_RRBS_Klughammer2023_GSM5852926.fastq.gz
Approx 75% complete for Sloth_heart_xenarthra_RRBS_Klughammer2023_GSM5852926.fastq.gz
Approx 80% complete for Sloth_heart_xenarthra_RRBS_Klughammer2023_GSM5852926.fastq.gz
Approx 85% complete for Sloth_heart_xenarthra_RRBS_Klughammer2023_GSM5852926.fastq.gz
Approx 90% complete for Sloth_heart_xenarthra_RRBS_Klughammer2023_GSM5852926.fastq.gz
Approx 95% complete for Sloth_heart_xenarthra_RRBS_Klughammer2023_GSM5852926.fastq.gz
Approx 100% complete for Sloth_heart_xenarthra_RRBS_Klughammer2023_GSM5852926.fastq.gz
Analysis complete for Sloth_heart_xenarthra_RRBS_Klughammer2023_GSM5852926.fastq.gz
[fastQC] finished succesfully at [Mon Nov 18 11:26:07 AM CET 2024]
[Bismark alignment] started with reference /data/reference_genomes/xenarthra/sloth/data/GCF_015220235.1 and arguments /data/reference_genomes/xenarthra/sloth/data/GCF_015220235.1 -p 3 --bowtie2 --bam --nucleotide_coverage at [Mon Nov 18 11:26:07 AM CET 2024]
Error: File Sloth_heart_xenarthra_RRBS_Klughammer2023_GSM5852926_trimV1.fastq.gz does not exist
