SCRATCH: /scratch
ls: cannot access '/data/fastq/oocytes/C57BL6x129_FG_oocyte_RNA_ZhangLab2020_rep1_GSM3941356*_R2.fastq.gz': No such file or directory
[masterDownload] Data are single-end. at [Fri Aug 30 07:47:23 PM CEST 2024]
[checkDependencies] Checking Dependencies [Fri Aug 30 07:47:23 PM CEST 2024] at [Fri Aug 30 07:47:23 PM CEST 2024]
[setup checkDependencies] trimmomatic... at [Fri Aug 30 07:47:23 PM CEST 2024]
[setup checkDependencies] STAR... at [Fri Aug 30 07:47:23 PM CEST 2024]
[setup checkDependencies] bismark... at [Fri Aug 30 07:47:23 PM CEST 2024]
[setup checkDependencies] bowtie2... at [Fri Aug 30 07:47:23 PM CEST 2024]
[setup checkDependencies] samtools... at [Fri Aug 30 07:47:23 PM CEST 2024]
[setup checkDependencies] picard... at [Fri Aug 30 07:47:23 PM CEST 2024]
[setup checkDependencies] awk... at [Fri Aug 30 07:47:23 PM CEST 2024]
[setup checkDependencies] bamCoverage... at [Fri Aug 30 07:47:23 PM CEST 2024]
[setup checkDependencies] fastqc... at [Fri Aug 30 07:47:23 PM CEST 2024]
[setup checkDependencies] fastq_screen... at [Fri Aug 30 07:47:23 PM CEST 2024]
[setup checkDependencies] stringtie... at [Fri Aug 30 07:47:23 PM CEST 2024]
[setup checkDependencies] clumpify.sh... at [Fri Aug 30 07:47:23 PM CEST 2024]
PAIRED: false
[setUpLogFile] Script started at [Fri Aug 30 07:47:23 PM CEST 2024] at [Fri Aug 30 07:47:24 PM CEST 2024]
[fastQC] started on raw FASTQs at [Fri Aug 30 07:47:24 PM CEST 2024]
Started analysis of C57BL6x129_FG_oocyte_RNA_ZhangLab2020_rep1_GSM3941356_raw.fastq.gz
Approx 5% complete for C57BL6x129_FG_oocyte_RNA_ZhangLab2020_rep1_GSM3941356_raw.fastq.gz
Approx 10% complete for C57BL6x129_FG_oocyte_RNA_ZhangLab2020_rep1_GSM3941356_raw.fastq.gz
Approx 15% complete for C57BL6x129_FG_oocyte_RNA_ZhangLab2020_rep1_GSM3941356_raw.fastq.gz
Approx 20% complete for C57BL6x129_FG_oocyte_RNA_ZhangLab2020_rep1_GSM3941356_raw.fastq.gz
Approx 25% complete for C57BL6x129_FG_oocyte_RNA_ZhangLab2020_rep1_GSM3941356_raw.fastq.gz
Approx 30% complete for C57BL6x129_FG_oocyte_RNA_ZhangLab2020_rep1_GSM3941356_raw.fastq.gz
Approx 35% complete for C57BL6x129_FG_oocyte_RNA_ZhangLab2020_rep1_GSM3941356_raw.fastq.gz
Approx 40% complete for C57BL6x129_FG_oocyte_RNA_ZhangLab2020_rep1_GSM3941356_raw.fastq.gz
Approx 45% complete for C57BL6x129_FG_oocyte_RNA_ZhangLab2020_rep1_GSM3941356_raw.fastq.gz
Approx 50% complete for C57BL6x129_FG_oocyte_RNA_ZhangLab2020_rep1_GSM3941356_raw.fastq.gz
Approx 55% complete for C57BL6x129_FG_oocyte_RNA_ZhangLab2020_rep1_GSM3941356_raw.fastq.gz
Approx 60% complete for C57BL6x129_FG_oocyte_RNA_ZhangLab2020_rep1_GSM3941356_raw.fastq.gz
Approx 65% complete for C57BL6x129_FG_oocyte_RNA_ZhangLab2020_rep1_GSM3941356_raw.fastq.gz
Approx 70% complete for C57BL6x129_FG_oocyte_RNA_ZhangLab2020_rep1_GSM3941356_raw.fastq.gz
Approx 75% complete for C57BL6x129_FG_oocyte_RNA_ZhangLab2020_rep1_GSM3941356_raw.fastq.gz
Approx 80% complete for C57BL6x129_FG_oocyte_RNA_ZhangLab2020_rep1_GSM3941356_raw.fastq.gz
Approx 85% complete for C57BL6x129_FG_oocyte_RNA_ZhangLab2020_rep1_GSM3941356_raw.fastq.gz
Approx 90% complete for C57BL6x129_FG_oocyte_RNA_ZhangLab2020_rep1_GSM3941356_raw.fastq.gz
Approx 95% complete for C57BL6x129_FG_oocyte_RNA_ZhangLab2020_rep1_GSM3941356_raw.fastq.gz
Analysis complete for C57BL6x129_FG_oocyte_RNA_ZhangLab2020_rep1_GSM3941356_raw.fastq.gz
[fastQC] on raw FASTQs finished succesfully. Will remove PCR duplicates now at [Fri Aug 30 07:50:58 PM CEST 2024]
Reads are length: 101 at [Fri Aug 30 07:50:58 PM CEST 2024]
Reads with same sequence 1 or fewer substitutions will be marked as PCR duplicates at [Fri Aug 30 07:50:59 PM CEST 2024]
Removal of PCR duplicates complete! at [Fri Aug 30 08:01:09 PM CEST 2024]
[trimReads] Started using version trimV5 parameters at [Fri Aug 30 08:01:09 PM CEST 2024]
ILLUMINACLIP:/data/reference_genomes/adapters/adapters.fa:2:30:10 SLIDINGWINDOW:4:20 MINLEN:24
[trimReads] Trimming C57BL6x129_FG_oocyte_RNA_ZhangLab2020_rep1_GSM3941356.fastq.gz... at [Fri Aug 30 08:01:09 PM CEST 2024]
[trimReads] Finished successfully at [Fri Aug 30 08:05:03 PM CEST 2024]
[fastQC] started on C57BL6x129_FG_oocyte_RNA_ZhangLab2020_rep1_GSM3941356.fastq.gz C57BL6x129_FG_oocyte_RNA_ZhangLab2020_rep1_GSM3941356_trimV5.fastq.gz at [Fri Aug 30 08:05:03 PM CEST 2024]
Started analysis of C57BL6x129_FG_oocyte_RNA_ZhangLab2020_rep1_GSM3941356.fastq.gz
Started analysis of C57BL6x129_FG_oocyte_RNA_ZhangLab2020_rep1_GSM3941356_trimV5.fastq.gz
Approx 5% complete for C57BL6x129_FG_oocyte_RNA_ZhangLab2020_rep1_GSM3941356_trimV5.fastq.gz
Approx 5% complete for C57BL6x129_FG_oocyte_RNA_ZhangLab2020_rep1_GSM3941356.fastq.gz
Approx 10% complete for C57BL6x129_FG_oocyte_RNA_ZhangLab2020_rep1_GSM3941356_trimV5.fastq.gz
Approx 10% complete for C57BL6x129_FG_oocyte_RNA_ZhangLab2020_rep1_GSM3941356.fastq.gz
Approx 15% complete for C57BL6x129_FG_oocyte_RNA_ZhangLab2020_rep1_GSM3941356_trimV5.fastq.gz
Approx 15% complete for C57BL6x129_FG_oocyte_RNA_ZhangLab2020_rep1_GSM3941356.fastq.gz
Approx 20% complete for C57BL6x129_FG_oocyte_RNA_ZhangLab2020_rep1_GSM3941356_trimV5.fastq.gz
Approx 20% complete for C57BL6x129_FG_oocyte_RNA_ZhangLab2020_rep1_GSM3941356.fastq.gz
Approx 25% complete for C57BL6x129_FG_oocyte_RNA_ZhangLab2020_rep1_GSM3941356_trimV5.fastq.gz
Approx 25% complete for C57BL6x129_FG_oocyte_RNA_ZhangLab2020_rep1_GSM3941356.fastq.gz
Approx 30% complete for C57BL6x129_FG_oocyte_RNA_ZhangLab2020_rep1_GSM3941356_trimV5.fastq.gz
Approx 30% complete for C57BL6x129_FG_oocyte_RNA_ZhangLab2020_rep1_GSM3941356.fastq.gz
Approx 35% complete for C57BL6x129_FG_oocyte_RNA_ZhangLab2020_rep1_GSM3941356_trimV5.fastq.gz
Approx 35% complete for C57BL6x129_FG_oocyte_RNA_ZhangLab2020_rep1_GSM3941356.fastq.gz
Approx 40% complete for C57BL6x129_FG_oocyte_RNA_ZhangLab2020_rep1_GSM3941356_trimV5.fastq.gz
Approx 40% complete for C57BL6x129_FG_oocyte_RNA_ZhangLab2020_rep1_GSM3941356.fastq.gz
Approx 45% complete for C57BL6x129_FG_oocyte_RNA_ZhangLab2020_rep1_GSM3941356_trimV5.fastq.gz
Approx 45% complete for C57BL6x129_FG_oocyte_RNA_ZhangLab2020_rep1_GSM3941356.fastq.gz
Approx 50% complete for C57BL6x129_FG_oocyte_RNA_ZhangLab2020_rep1_GSM3941356_trimV5.fastq.gz
Approx 50% complete for C57BL6x129_FG_oocyte_RNA_ZhangLab2020_rep1_GSM3941356.fastq.gz
Approx 55% complete for C57BL6x129_FG_oocyte_RNA_ZhangLab2020_rep1_GSM3941356_trimV5.fastq.gz
Approx 55% complete for C57BL6x129_FG_oocyte_RNA_ZhangLab2020_rep1_GSM3941356.fastq.gz
Approx 60% complete for C57BL6x129_FG_oocyte_RNA_ZhangLab2020_rep1_GSM3941356_trimV5.fastq.gz
Approx 60% complete for C57BL6x129_FG_oocyte_RNA_ZhangLab2020_rep1_GSM3941356.fastq.gz
Approx 65% complete for C57BL6x129_FG_oocyte_RNA_ZhangLab2020_rep1_GSM3941356_trimV5.fastq.gz
Approx 65% complete for C57BL6x129_FG_oocyte_RNA_ZhangLab2020_rep1_GSM3941356.fastq.gz
Approx 70% complete for C57BL6x129_FG_oocyte_RNA_ZhangLab2020_rep1_GSM3941356_trimV5.fastq.gz
Approx 75% complete for C57BL6x129_FG_oocyte_RNA_ZhangLab2020_rep1_GSM3941356_trimV5.fastq.gz
Approx 70% complete for C57BL6x129_FG_oocyte_RNA_ZhangLab2020_rep1_GSM3941356.fastq.gz
Approx 80% complete for C57BL6x129_FG_oocyte_RNA_ZhangLab2020_rep1_GSM3941356_trimV5.fastq.gz
Approx 75% complete for C57BL6x129_FG_oocyte_RNA_ZhangLab2020_rep1_GSM3941356.fastq.gz
Approx 85% complete for C57BL6x129_FG_oocyte_RNA_ZhangLab2020_rep1_GSM3941356_trimV5.fastq.gz
Approx 80% complete for C57BL6x129_FG_oocyte_RNA_ZhangLab2020_rep1_GSM3941356.fastq.gz
Approx 90% complete for C57BL6x129_FG_oocyte_RNA_ZhangLab2020_rep1_GSM3941356_trimV5.fastq.gz
Approx 85% complete for C57BL6x129_FG_oocyte_RNA_ZhangLab2020_rep1_GSM3941356.fastq.gz
Approx 95% complete for C57BL6x129_FG_oocyte_RNA_ZhangLab2020_rep1_GSM3941356_trimV5.fastq.gz
Approx 90% complete for C57BL6x129_FG_oocyte_RNA_ZhangLab2020_rep1_GSM3941356.fastq.gz
Analysis complete for C57BL6x129_FG_oocyte_RNA_ZhangLab2020_rep1_GSM3941356_trimV5.fastq.gz
Approx 95% complete for C57BL6x129_FG_oocyte_RNA_ZhangLab2020_rep1_GSM3941356.fastq.gz
Analysis complete for C57BL6x129_FG_oocyte_RNA_ZhangLab2020_rep1_GSM3941356.fastq.gz
[fastQC] finished succesfully at [Fri Aug 30 08:06:45 PM CEST 2024]
[fastqScreen] started on C57BL6x129_FG_oocyte_RNA_ZhangLab2020_rep1_GSM3941356_trimV5.fastq.gz at [Fri Aug 30 08:06:45 PM CEST 2024]
Using fastq_screen v0.15.1
Couldn't find fastq_screen.conf at '/home/robin/bin/miniconda3/share/fastq-screen-0.15.2-0/fastq_screen.conf'
[fastqScreen] finished successfully at [Fri Aug 30 08:06:45 PM CEST 2024]
[STAR alignment] started with reference /data/reference_genomes/mm10 at [Fri Aug 30 08:06:45 PM CEST 2024]
	STAR --runMode alignReads --genomeDir /data/reference_genomes/mm10 --runThreadN 12 --limitBAMsortRAM 4G --readFilesCommand zcat --readFilesIn C57BL6x129_FG_oocyte_RNA_ZhangLab2020_rep1_GSM3941356_trimV5.fastq.gz --outFilterType BySJout --outSAMtype SAM
	STAR version: 2.7.9a   compiled: 2021-05-04T09:43:56-0400 vega:/home/dobin/data/STAR/STARcode/STAR.master/source
Aug 30 20:06:45 ..... started STAR run
Aug 30 20:06:45 ..... loading genome
Aug 30 20:07:51 ..... started mapping
Aug 30 20:09:19 ..... finished mapping
Aug 30 20:09:20 ..... finished successfully
[STAR alignment] finished successfully at [Fri Aug 30 08:09:21 PM CEST 2024]
[sam grooming] started at [Fri Aug 30 08:09:46 PM CEST 2024]
20:09:47.196 INFO  NativeLibraryLoader - Loading libgkl_compression.so from jar:file:/home/robin/bin/miniconda3/share/picard-2.26.2-0/picard.jar!/com/intel/gkl/native/libgkl_compression.so
[Fri Aug 30 20:09:47 CEST 2024] CleanSam --INPUT C57BL6x129_FG_oocyte_RNA_ZhangLab2020_rep1_GSM3941356_raw.sam --OUTPUT C57BL6x129_FG_oocyte_RNA_ZhangLab2020_rep1_GSM3941356_cleaned.sam --TMP_DIR . --VERBOSITY INFO --QUIET false --VALIDATION_STRINGENCY STRICT --COMPRESSION_LEVEL 5 --MAX_RECORDS_IN_RAM 500000 --CREATE_INDEX false --CREATE_MD5_FILE false --GA4GH_CLIENT_SECRETS client_secrets.json --help false --version false --showHidden false --USE_JDK_DEFLATER false --USE_JDK_INFLATER false
[Fri Aug 30 20:09:47 CEST 2024] Executing as robin@epipax.ijm.univ-paris-diderot.priv on Linux 6.1.0-23-amd64 amd64; OpenJDK 64-Bit Server VM 1.8.0_332-b09; Deflater: Intel; Inflater: Intel; Provider GCS is not available; Picard version: Version:2.26.2
INFO	2024-08-30 20:09:47	CleanSam	Seen many non-increasing record positions. Printing Read-names as well.
INFO	2024-08-30 20:09:52	CleanSam	Processed     1,000,000 records.  Elapsed time: 00:00:05s.  Time for last 1,000,000:    5s.  Last read position: chr16:11,193,595.  Last read name: SRR9683660.8528448
INFO	2024-08-30 20:09:56	CleanSam	Processed     2,000,000 records.  Elapsed time: 00:00:09s.  Time for last 1,000,000:    4s.  Last read position: chr8:19,493,474.  Last read name: SRR9683660.18478677
INFO	2024-08-30 20:10:00	CleanSam	Processed     3,000,000 records.  Elapsed time: 00:00:13s.  Time for last 1,000,000:    4s.  Last read position: chr11:67,195,056.  Last read name: SRR9683660.4850941
INFO	2024-08-30 20:10:04	CleanSam	Processed     4,000,000 records.  Elapsed time: 00:00:17s.  Time for last 1,000,000:    4s.  Last read position: chr13:57,120,114.  Last read name: SRR9683660.24604743
INFO	2024-08-30 20:10:09	CleanSam	Processed     5,000,000 records.  Elapsed time: 00:00:21s.  Time for last 1,000,000:    4s.  Last read position: chr13:22,676,201.  Last read name: SRR9683660.12695688
INFO	2024-08-30 20:10:13	CleanSam	Processed     6,000,000 records.  Elapsed time: 00:00:26s.  Time for last 1,000,000:    4s.  Last read position: chr7:22,714,179.  Last read name: SRR9683660.25332550
INFO	2024-08-30 20:10:17	CleanSam	Processed     7,000,000 records.  Elapsed time: 00:00:30s.  Time for last 1,000,000:    4s.  Last read position: chr3:88,568,856.  Last read name: SRR9683660.11273961
INFO	2024-08-30 20:10:22	CleanSam	Processed     8,000,000 records.  Elapsed time: 00:00:35s.  Time for last 1,000,000:    4s.  Last read position: chr17:5,887,006.  Last read name: SRR9683660.11437197
INFO	2024-08-30 20:10:26	CleanSam	Processed     9,000,000 records.  Elapsed time: 00:00:39s.  Time for last 1,000,000:    4s.  Last read position: chr5:125,387,447.  Last read name: SRR9683660.2918934
INFO	2024-08-30 20:10:30	CleanSam	Processed    10,000,000 records.  Elapsed time: 00:00:43s.  Time for last 1,000,000:    4s.  Last read position: chr3:43,547,418.  Last read name: SRR9683660.16435708
INFO	2024-08-30 20:10:35	CleanSam	Processed    11,000,000 records.  Elapsed time: 00:00:48s.  Time for last 1,000,000:    4s.  Last read position: chr9:28,459,953.  Last read name: SRR9683660.29267382
INFO	2024-08-30 20:10:39	CleanSam	Processed    12,000,000 records.  Elapsed time: 00:00:52s.  Time for last 1,000,000:    3s.  Last read position: chr11:40,679,652.  Last read name: SRR9683660.18556938
INFO	2024-08-30 20:10:43	CleanSam	Processed    13,000,000 records.  Elapsed time: 00:00:56s.  Time for last 1,000,000:    4s.  Last read position: chrX:27,384,513.  Last read name: SRR9683660.1514922
INFO	2024-08-30 20:10:48	CleanSam	Processed    14,000,000 records.  Elapsed time: 00:01:01s.  Time for last 1,000,000:    4s.  Last read position: chr10:89,412,826.  Last read name: SRR9683660.10853553
INFO	2024-08-30 20:10:53	CleanSam	Processed    15,000,000 records.  Elapsed time: 00:01:06s.  Time for last 1,000,000:    4s.  Last read position: chr9:101,261,168.  Last read name: SRR9683660.13763153
INFO	2024-08-30 20:10:57	CleanSam	Processed    16,000,000 records.  Elapsed time: 00:01:10s.  Time for last 1,000,000:    4s.  Last read position: chr5:107,345,167.  Last read name: SRR9683660.27075121
[Fri Aug 30 20:11:09 CEST 2024] picard.sam.CleanSam done. Elapsed time: 1.37 minutes.
Runtime.totalMemory()=647495680
20:11:12.132 INFO  NativeLibraryLoader - Loading libgkl_compression.so from jar:file:/home/robin/bin/miniconda3/share/picard-2.26.2-0/picard.jar!/com/intel/gkl/native/libgkl_compression.so
[Fri Aug 30 20:11:12 CEST 2024] SamFormatConverter --INPUT C57BL6x129_FG_oocyte_RNA_ZhangLab2020_rep1_GSM3941356_cleaned.sam --OUTPUT C57BL6x129_FG_oocyte_RNA_ZhangLab2020_rep1_GSM3941356_unsorted.bam --TMP_DIR . --VERBOSITY INFO --QUIET false --VALIDATION_STRINGENCY STRICT --COMPRESSION_LEVEL 5 --MAX_RECORDS_IN_RAM 500000 --CREATE_INDEX false --CREATE_MD5_FILE false --GA4GH_CLIENT_SECRETS client_secrets.json --help false --version false --showHidden false --USE_JDK_DEFLATER false --USE_JDK_INFLATER false
[Fri Aug 30 20:11:12 CEST 2024] Executing as robin@epipax.ijm.univ-paris-diderot.priv on Linux 6.1.0-23-amd64 amd64; OpenJDK 64-Bit Server VM 1.8.0_332-b09; Deflater: Intel; Inflater: Intel; Provider GCS is not available; Picard version: Version:2.26.2
INFO	2024-08-30 20:11:12	SamFormatConverter	Seen many non-increasing record positions. Printing Read-names as well.
INFO	2024-08-30 20:11:21	SamFormatConverter	Processed     1,000,000 records.  Elapsed time: 00:00:08s.  Time for last 1,000,000:    8s.  Last read position: chr16:11,193,595.  Last read name: SRR9683660.8528448
INFO	2024-08-30 20:11:33	SamFormatConverter	Processed     2,000,000 records.  Elapsed time: 00:00:21s.  Time for last 1,000,000:   12s.  Last read position: chr8:19,493,474.  Last read name: SRR9683660.18478677
INFO	2024-08-30 20:11:45	SamFormatConverter	Processed     3,000,000 records.  Elapsed time: 00:00:32s.  Time for last 1,000,000:   11s.  Last read position: chr11:67,195,056.  Last read name: SRR9683660.4850941
INFO	2024-08-30 20:11:54	SamFormatConverter	Processed     4,000,000 records.  Elapsed time: 00:00:41s.  Time for last 1,000,000:    9s.  Last read position: chr13:57,120,114.  Last read name: SRR9683660.24604743
INFO	2024-08-30 20:12:04	SamFormatConverter	Processed     5,000,000 records.  Elapsed time: 00:00:51s.  Time for last 1,000,000:   10s.  Last read position: chr13:22,676,201.  Last read name: SRR9683660.12695688
INFO	2024-08-30 20:12:15	SamFormatConverter	Processed     6,000,000 records.  Elapsed time: 00:01:02s.  Time for last 1,000,000:   10s.  Last read position: chr7:22,714,179.  Last read name: SRR9683660.25332550
INFO	2024-08-30 20:12:24	SamFormatConverter	Processed     7,000,000 records.  Elapsed time: 00:01:11s.  Time for last 1,000,000:    8s.  Last read position: chr3:88,568,856.  Last read name: SRR9683660.11273961
INFO	2024-08-30 20:12:32	SamFormatConverter	Processed     8,000,000 records.  Elapsed time: 00:01:20s.  Time for last 1,000,000:    8s.  Last read position: chr17:5,887,006.  Last read name: SRR9683660.11437197
INFO	2024-08-30 20:12:42	SamFormatConverter	Processed     9,000,000 records.  Elapsed time: 00:01:29s.  Time for last 1,000,000:    9s.  Last read position: chr5:125,387,447.  Last read name: SRR9683660.2918934
INFO	2024-08-30 20:12:51	SamFormatConverter	Processed    10,000,000 records.  Elapsed time: 00:01:38s.  Time for last 1,000,000:    8s.  Last read position: chr3:43,547,418.  Last read name: SRR9683660.16435708
INFO	2024-08-30 20:13:00	SamFormatConverter	Processed    11,000,000 records.  Elapsed time: 00:01:47s.  Time for last 1,000,000:    9s.  Last read position: chr9:28,459,953.  Last read name: SRR9683660.29267382
INFO	2024-08-30 20:13:09	SamFormatConverter	Processed    12,000,000 records.  Elapsed time: 00:01:56s.  Time for last 1,000,000:    8s.  Last read position: chr11:40,679,652.  Last read name: SRR9683660.18556938
INFO	2024-08-30 20:13:19	SamFormatConverter	Processed    13,000,000 records.  Elapsed time: 00:02:07s.  Time for last 1,000,000:   10s.  Last read position: chrX:27,384,513.  Last read name: SRR9683660.1514922
INFO	2024-08-30 20:13:30	SamFormatConverter	Processed    14,000,000 records.  Elapsed time: 00:02:17s.  Time for last 1,000,000:   10s.  Last read position: chr10:89,412,826.  Last read name: SRR9683660.10853553
INFO	2024-08-30 20:13:52	SamFormatConverter	Processed    15,000,000 records.  Elapsed time: 00:02:39s.  Time for last 1,000,000:   21s.  Last read position: chr9:101,261,168.  Last read name: SRR9683660.13763153
INFO	2024-08-30 20:14:14	SamFormatConverter	Processed    16,000,000 records.  Elapsed time: 00:03:01s.  Time for last 1,000,000:   21s.  Last read position: chr5:107,345,167.  Last read name: SRR9683660.27075121
[Fri Aug 30 20:14:21 CEST 2024] picard.sam.SamFormatConverter done. Elapsed time: 3.16 minutes.
Runtime.totalMemory()=631767040
20:14:24.445 INFO  NativeLibraryLoader - Loading libgkl_compression.so from jar:file:/home/robin/bin/miniconda3/share/picard-2.26.2-0/picard.jar!/com/intel/gkl/native/libgkl_compression.so
[Fri Aug 30 20:14:24 CEST 2024] SortSam --INPUT C57BL6x129_FG_oocyte_RNA_ZhangLab2020_rep1_GSM3941356_unsorted.bam --OUTPUT C57BL6x129_FG_oocyte_RNA_ZhangLab2020_rep1_GSM3941356_sorted.bam --SORT_ORDER coordinate --TMP_DIR . --VERBOSITY INFO --QUIET false --VALIDATION_STRINGENCY STRICT --COMPRESSION_LEVEL 5 --MAX_RECORDS_IN_RAM 500000 --CREATE_INDEX false --CREATE_MD5_FILE false --GA4GH_CLIENT_SECRETS client_secrets.json --help false --version false --showHidden false --USE_JDK_DEFLATER false --USE_JDK_INFLATER false
[Fri Aug 30 20:14:24 CEST 2024] Executing as robin@epipax.ijm.univ-paris-diderot.priv on Linux 6.1.0-23-amd64 amd64; OpenJDK 64-Bit Server VM 1.8.0_332-b09; Deflater: Intel; Inflater: Intel; Provider GCS is not available; Picard version: Version:2.26.2
INFO	2024-08-30 20:14:24	SortSam	Seen many non-increasing record positions. Printing Read-names as well.
INFO	2024-08-30 20:16:46	SortSam	Read    10,000,000 records.  Elapsed time: 00:02:21s.  Time for last 10,000,000:  141s.  Last read position: chr3:43,547,418.  Last read name: SRR9683660.16435708
INFO	2024-08-30 20:17:40	SortSam	Finished reading inputs, merging and writing to output now.
INFO	2024-08-30 20:18:35	SortSam	Wrote    10,000,000 records from a sorting collection.  Elapsed time: 00:04:10s.  Time for last 10,000,000:   54s.  Last read position: chr4:44,126,230
[Fri Aug 30 20:19:08 CEST 2024] picard.sam.SortSam done. Elapsed time: 4.74 minutes.
Runtime.totalMemory()=1396178944
20:19:09.697 INFO  NativeLibraryLoader - Loading libgkl_compression.so from jar:file:/home/robin/bin/miniconda3/share/picard-2.26.2-0/picard.jar!/com/intel/gkl/native/libgkl_compression.so
[Fri Aug 30 20:19:09 CEST 2024] MarkDuplicates --INPUT C57BL6x129_FG_oocyte_RNA_ZhangLab2020_rep1_GSM3941356_sorted.bam --OUTPUT C57BL6x129_FG_oocyte_RNA_ZhangLab2020_rep1_GSM3941356.bam --METRICS_FILE C57BL6x129_FG_oocyte_RNA_ZhangLab2020_rep1_GSM3941356_markDupeMetrics.txt --REMOVE_DUPLICATES false --TMP_DIR . --MAX_SEQUENCES_FOR_DISK_READ_ENDS_MAP 50000 --MAX_FILE_HANDLES_FOR_READ_ENDS_MAP 8000 --SORTING_COLLECTION_SIZE_RATIO 0.25 --TAG_DUPLICATE_SET_MEMBERS false --REMOVE_SEQUENCING_DUPLICATES false --TAGGING_POLICY DontTag --CLEAR_DT true --DUPLEX_UMI false --ADD_PG_TAG_TO_READS true --ASSUME_SORTED false --DUPLICATE_SCORING_STRATEGY SUM_OF_BASE_QUALITIES --PROGRAM_RECORD_ID MarkDuplicates --PROGRAM_GROUP_NAME MarkDuplicates --READ_NAME_REGEX <optimized capture of last three ':' separated fields as numeric values> --OPTICAL_DUPLICATE_PIXEL_DISTANCE 100 --MAX_OPTICAL_DUPLICATE_SET_SIZE 300000 --VERBOSITY INFO --QUIET false --VALIDATION_STRINGENCY STRICT --COMPRESSION_LEVEL 5 --MAX_RECORDS_IN_RAM 500000 --CREATE_INDEX false --CREATE_MD5_FILE false --GA4GH_CLIENT_SECRETS client_secrets.json --help false --version false --showHidden false --USE_JDK_DEFLATER false --USE_JDK_INFLATER false
[Fri Aug 30 20:19:09 CEST 2024] Executing as robin@epipax.ijm.univ-paris-diderot.priv on Linux 6.1.0-23-amd64 amd64; OpenJDK 64-Bit Server VM 1.8.0_332-b09; Deflater: Intel; Inflater: Intel; Provider GCS is not available; Picard version: Version:2.26.2
INFO	2024-08-30 20:19:09	MarkDuplicates	Start of doWork freeMemory: 501501168; totalMemory: 514850816; maxMemory: 1908932608
INFO	2024-08-30 20:19:09	MarkDuplicates	Reading input file and constructing read end information.
INFO	2024-08-30 20:19:09	MarkDuplicates	Will retain up to 6916422 data points before spilling to disk.
WARNING	2024-08-30 20:19:10	AbstractOpticalDuplicateFinderCommandLineProgram	A field field parsed out of a read name was expected to contain an integer and did not. Read name: SRR9683660.4366207. Cause: String 'SRR9683660.4366207' did not start with a parsable number.
INFO	2024-08-30 20:19:14	MarkDuplicates	Read     1,000,000 records.  Elapsed time: 00:00:04s.  Time for last 1,000,000:    4s.  Last read position: chr11:50,300,941
INFO	2024-08-30 20:19:14	MarkDuplicates	Tracking 0 as yet unmatched pairs. 0 records in RAM.
INFO	2024-08-30 20:19:17	MarkDuplicates	Read     2,000,000 records.  Elapsed time: 00:00:07s.  Time for last 1,000,000:    3s.  Last read position: chr12:40,036,555
INFO	2024-08-30 20:19:17	MarkDuplicates	Tracking 0 as yet unmatched pairs. 0 records in RAM.
INFO	2024-08-30 20:19:21	MarkDuplicates	Read     3,000,000 records.  Elapsed time: 00:00:11s.  Time for last 1,000,000:    3s.  Last read position: chr13:64,914,262
INFO	2024-08-30 20:19:21	MarkDuplicates	Tracking 0 as yet unmatched pairs. 0 records in RAM.
INFO	2024-08-30 20:19:24	MarkDuplicates	Read     4,000,000 records.  Elapsed time: 00:00:14s.  Time for last 1,000,000:    3s.  Last read position: chr14:122,158,914
INFO	2024-08-30 20:19:24	MarkDuplicates	Tracking 0 as yet unmatched pairs. 0 records in RAM.
INFO	2024-08-30 20:19:31	MarkDuplicates	Read     5,000,000 records.  Elapsed time: 00:00:21s.  Time for last 1,000,000:    7s.  Last read position: chr16:87,719,645
INFO	2024-08-30 20:19:31	MarkDuplicates	Tracking 0 as yet unmatched pairs. 0 records in RAM.
INFO	2024-08-30 20:19:35	MarkDuplicates	Read     6,000,000 records.  Elapsed time: 00:00:25s.  Time for last 1,000,000:    3s.  Last read position: chr18:42,153,181
INFO	2024-08-30 20:19:35	MarkDuplicates	Tracking 0 as yet unmatched pairs. 0 records in RAM.
INFO	2024-08-30 20:19:38	MarkDuplicates	Read     7,000,000 records.  Elapsed time: 00:00:28s.  Time for last 1,000,000:    3s.  Last read position: chr1:51,507,090
INFO	2024-08-30 20:19:38	MarkDuplicates	Tracking 0 as yet unmatched pairs. 0 records in RAM.
INFO	2024-08-30 20:19:42	MarkDuplicates	Read     8,000,000 records.  Elapsed time: 00:00:32s.  Time for last 1,000,000:    3s.  Last read position: chr2:29,931,584
INFO	2024-08-30 20:19:42	MarkDuplicates	Tracking 0 as yet unmatched pairs. 0 records in RAM.
INFO	2024-08-30 20:19:55	MarkDuplicates	Read     9,000,000 records.  Elapsed time: 00:00:45s.  Time for last 1,000,000:   13s.  Last read position: chr2:181,569,990
INFO	2024-08-30 20:19:55	MarkDuplicates	Tracking 0 as yet unmatched pairs. 0 records in RAM.
INFO	2024-08-30 20:19:59	MarkDuplicates	Read    10,000,000 records.  Elapsed time: 00:00:49s.  Time for last 1,000,000:    3s.  Last read position: chr4:44,126,230
INFO	2024-08-30 20:19:59	MarkDuplicates	Tracking 0 as yet unmatched pairs. 0 records in RAM.
INFO	2024-08-30 20:20:02	MarkDuplicates	Read    11,000,000 records.  Elapsed time: 00:00:52s.  Time for last 1,000,000:    3s.  Last read position: chr5:24,808,381
INFO	2024-08-30 20:20:02	MarkDuplicates	Tracking 0 as yet unmatched pairs. 0 records in RAM.
INFO	2024-08-30 20:20:06	MarkDuplicates	Read    12,000,000 records.  Elapsed time: 00:00:56s.  Time for last 1,000,000:    3s.  Last read position: chr5:144,286,294
INFO	2024-08-30 20:20:06	MarkDuplicates	Tracking 0 as yet unmatched pairs. 0 records in RAM.
INFO	2024-08-30 20:20:10	MarkDuplicates	Read    13,000,000 records.  Elapsed time: 00:01:00s.  Time for last 1,000,000:    4s.  Last read position: chr6:146,313,188
INFO	2024-08-30 20:20:10	MarkDuplicates	Tracking 0 as yet unmatched pairs. 0 records in RAM.
INFO	2024-08-30 20:20:14	MarkDuplicates	Read    14,000,000 records.  Elapsed time: 00:01:04s.  Time for last 1,000,000:    4s.  Last read position: chr7:131,985,364
INFO	2024-08-30 20:20:14	MarkDuplicates	Tracking 0 as yet unmatched pairs. 0 records in RAM.
INFO	2024-08-30 20:20:23	MarkDuplicates	Read    15,000,000 records.  Elapsed time: 00:01:13s.  Time for last 1,000,000:    8s.  Last read position: chr9:22,258,894
INFO	2024-08-30 20:20:23	MarkDuplicates	Tracking 0 as yet unmatched pairs. 0 records in RAM.
INFO	2024-08-30 20:20:27	MarkDuplicates	Read    16,000,000 records.  Elapsed time: 00:01:17s.  Time for last 1,000,000:    4s.  Last read position: chrM:4,685
INFO	2024-08-30 20:20:27	MarkDuplicates	Tracking 0 as yet unmatched pairs. 0 records in RAM.
INFO	2024-08-30 20:20:30	MarkDuplicates	Read 16734121 records. 0 pairs never matched.
INFO	2024-08-30 20:20:32	MarkDuplicates	After buildSortedReadEndLists freeMemory: 1422887280; totalMemory: 1464860672; maxMemory: 1908932608
INFO	2024-08-30 20:20:32	MarkDuplicates	Will retain up to 59654144 duplicate indices before spilling to disk.
INFO	2024-08-30 20:20:32	MarkDuplicates	Traversing read pair information and detecting duplicates.
INFO	2024-08-30 20:20:32	MarkDuplicates	Traversing fragment information and detecting duplicates.
INFO	2024-08-30 20:20:35	MarkDuplicates	Sorting list of duplicate records.
INFO	2024-08-30 20:20:35	MarkDuplicates	After generateDuplicateIndexes freeMemory: 885706928; totalMemory: 1377828864; maxMemory: 1908932608
INFO	2024-08-30 20:20:35	MarkDuplicates	Marking 5189170 records as duplicates.
INFO	2024-08-30 20:20:35	MarkDuplicates	Found 0 optical duplicate clusters.
INFO	2024-08-30 20:20:35	MarkDuplicates	Reads are assumed to be ordered by: coordinate
INFO	2024-08-30 20:21:37	MarkDuplicates	Written    10,000,000 records.  Elapsed time: 00:01:01s.  Time for last 10,000,000:   61s.  Last read position: chr4:44,126,230
INFO	2024-08-30 20:22:21	MarkDuplicates	Writing complete. Closing input iterator.
INFO	2024-08-30 20:22:21	MarkDuplicates	Duplicate Index cleanup.
INFO	2024-08-30 20:22:21	MarkDuplicates	Getting Memory Stats.
INFO	2024-08-30 20:22:21	MarkDuplicates	Before output close freeMemory: 1436259608; totalMemory: 1452802048; maxMemory: 1908932608
INFO	2024-08-30 20:22:21	MarkDuplicates	Closed outputs. Getting more Memory Stats.
INFO	2024-08-30 20:22:21	MarkDuplicates	After output close freeMemory: 1429968152; totalMemory: 1446510592; maxMemory: 1908932608
[Fri Aug 30 20:22:21 CEST 2024] picard.sam.markduplicates.MarkDuplicates done. Elapsed time: 3.20 minutes.
Runtime.totalMemory()=1446510592
[sam grooming] finished successfully at [Fri Aug 30 08:22:25 PM CEST 2024]
[collecting rRNA metrics] started at [Fri Aug 30 08:22:47 PM CEST 2024]
20:22:48.169 INFO  NativeLibraryLoader - Loading libgkl_compression.so from jar:file:/home/robin/bin/miniconda3/share/picard-2.26.2-0/picard.jar!/com/intel/gkl/native/libgkl_compression.so
[Fri Aug 30 20:22:48 CEST 2024] CollectRnaSeqMetrics --REF_FLAT /data/reference_genomes/mm10/mm10_RefSeq_refFlat.bed --RIBOSOMAL_INTERVALS /data/reference_genomes/mm10/mm10_rRNA.bed --STRAND_SPECIFICITY FIRST_READ_TRANSCRIPTION_STRAND --INPUT C57BL6x129_FG_oocyte_RNA_ZhangLab2020_rep1_GSM3941356.bam --OUTPUT C57BL6x129_FG_oocyte_RNA_ZhangLab2020_rep1_GSM3941356_RNAmetrics.txt --MINIMUM_LENGTH 500 --RRNA_FRAGMENT_PERCENTAGE 0.8 --METRIC_ACCUMULATION_LEVEL ALL_READS --END_BIAS_BASES 100 --ASSUME_SORTED true --STOP_AFTER 0 --VERBOSITY INFO --QUIET false --VALIDATION_STRINGENCY STRICT --COMPRESSION_LEVEL 5 --MAX_RECORDS_IN_RAM 500000 --CREATE_INDEX false --CREATE_MD5_FILE false --GA4GH_CLIENT_SECRETS client_secrets.json --help false --version false --showHidden false --USE_JDK_DEFLATER false --USE_JDK_INFLATER false
[Fri Aug 30 20:22:48 CEST 2024] Executing as robin@epipax.ijm.univ-paris-diderot.priv on Linux 6.1.0-23-amd64 amd64; OpenJDK 64-Bit Server VM 1.8.0_332-b09; Deflater: Intel; Inflater: Intel; Provider GCS is not available; Picard version: Version:2.26.2
INFO	2024-08-30 20:22:48	CollectRnaSeqMetrics	Loaded 24105 genes.
INFO	2024-08-30 20:22:55	SinglePassSamProgram	Processed     1,000,000 records.  Elapsed time: 00:00:05s.  Time for last 1,000,000:    5s.  Last read position: chr11:50,300,941
INFO	2024-08-30 20:22:59	SinglePassSamProgram	Processed     2,000,000 records.  Elapsed time: 00:00:10s.  Time for last 1,000,000:    4s.  Last read position: chr12:40,036,555
INFO	2024-08-30 20:23:03	SinglePassSamProgram	Processed     3,000,000 records.  Elapsed time: 00:00:14s.  Time for last 1,000,000:    4s.  Last read position: chr13:64,914,262
INFO	2024-08-30 20:23:07	SinglePassSamProgram	Processed     4,000,000 records.  Elapsed time: 00:00:18s.  Time for last 1,000,000:    4s.  Last read position: chr14:122,158,914
INFO	2024-08-30 20:23:12	SinglePassSamProgram	Processed     5,000,000 records.  Elapsed time: 00:00:23s.  Time for last 1,000,000:    4s.  Last read position: chr16:87,719,645
INFO	2024-08-30 20:23:16	SinglePassSamProgram	Processed     6,000,000 records.  Elapsed time: 00:00:27s.  Time for last 1,000,000:    4s.  Last read position: chr18:42,153,181
INFO	2024-08-30 20:23:20	SinglePassSamProgram	Processed     7,000,000 records.  Elapsed time: 00:00:31s.  Time for last 1,000,000:    4s.  Last read position: chr1:51,507,090
INFO	2024-08-30 20:23:25	SinglePassSamProgram	Processed     8,000,000 records.  Elapsed time: 00:00:36s.  Time for last 1,000,000:    4s.  Last read position: chr2:29,931,584
INFO	2024-08-30 20:23:29	SinglePassSamProgram	Processed     9,000,000 records.  Elapsed time: 00:00:40s.  Time for last 1,000,000:    4s.  Last read position: chr2:181,569,990
INFO	2024-08-30 20:23:33	SinglePassSamProgram	Processed    10,000,000 records.  Elapsed time: 00:00:44s.  Time for last 1,000,000:    4s.  Last read position: chr4:44,126,230
INFO	2024-08-30 20:23:37	SinglePassSamProgram	Processed    11,000,000 records.  Elapsed time: 00:00:48s.  Time for last 1,000,000:    3s.  Last read position: chr5:24,808,381
INFO	2024-08-30 20:23:41	SinglePassSamProgram	Processed    12,000,000 records.  Elapsed time: 00:00:52s.  Time for last 1,000,000:    4s.  Last read position: chr5:144,286,294
INFO	2024-08-30 20:23:45	SinglePassSamProgram	Processed    13,000,000 records.  Elapsed time: 00:00:56s.  Time for last 1,000,000:    3s.  Last read position: chr6:146,313,188
INFO	2024-08-30 20:23:49	SinglePassSamProgram	Processed    14,000,000 records.  Elapsed time: 00:01:00s.  Time for last 1,000,000:    3s.  Last read position: chr7:131,985,364
INFO	2024-08-30 20:23:53	SinglePassSamProgram	Processed    15,000,000 records.  Elapsed time: 00:01:04s.  Time for last 1,000,000:    4s.  Last read position: chr9:22,258,894
INFO	2024-08-30 20:23:57	SinglePassSamProgram	Processed    16,000,000 records.  Elapsed time: 00:01:08s.  Time for last 1,000,000:    3s.  Last read position: chrM:4,685
[Fri Aug 30 20:24:00 CEST 2024] picard.analysis.CollectRnaSeqMetrics done. Elapsed time: 1.20 minutes.
Runtime.totalMemory()=883949568
[trueStats] Collecting alignment statistics for C57BL6x129_FG_oocyte_RNA_ZhangLab2020_rep1_GSM3941356.bam at [Fri Aug 30 08:24:22 PM CEST 2024]
[preseq] started on C57BL6x129_FG_oocyte_RNA_ZhangLab2020_rep1_GSM3941356.bam at [Fri Aug 30 08:25:28 PM CEST 2024]
[preseq] finished successfully at [Fri Aug 30 08:27:47 PM CEST 2024]
[stringTie] Performing de novo assembly of transcripts at [Fri Aug 30 08:28:10 PM CEST 2024]
Warning: gene "NM_001270423" (on chr2) has reference transcripts on both strands?
Warning: gene "NM_146265" (on chr2) has reference transcripts on both strands?
Warning: gene "NM_001097977" (on chr2) has reference transcripts on both strands?
Warning: gene "NM_031171" (on chrX) has reference transcripts on both strands?
Warning: gene "NM_010759" (on chrX) has reference transcripts on both strands?
Warning: gene "NM_177918" (on chrX) has reference transcripts on both strands?
Warning: gene "NM_001099321" (on chrX) has reference transcripts on both strands?
Warning: gene "NR_126545" (on chrY) has reference transcripts on both strands?
Warning: gene "NR_126546" (on chrY) has reference transcripts on both strands?
Warning: gene "NM_001113395" (on chrY) has reference transcripts on both strands?
Warning: gene "NM_001177569" (on chrY) has reference transcripts on both strands?
Warning: gene "NM_001166384" (on chrY) has reference transcripts on both strands?
Warning: gene "NM_001270513" (on chrY) has reference transcripts on both strands?
Warning: gene "NM_001270514" (on chrY) has reference transcripts on both strands?
Warning: gene "NM_001270515" (on chrY) has reference transcripts on both strands?
Warning: gene "NM_001270516" (on chrY) has reference transcripts on both strands?
Warning: gene "NM_011253" (on chrY) has reference transcripts on both strands?
Warning: gene "NM_001270513" (on chrY) has reference transcripts on both strands?
Warning: gene "NM_001270514" (on chrY) has reference transcripts on both strands?
Warning: gene "NM_001270515" (on chrY) has reference transcripts on both strands?
Warning: gene "NM_001166384" (on chrY) has reference transcripts on both strands?
Warning: gene "NM_001270513" (on chrY) has reference transcripts on both strands?
Warning: gene "NM_001270516" (on chrY) has reference transcripts on both strands?
Warning: gene "NM_011253" (on chrY) has reference transcripts on both strands?
Warning: gene "NM_001160143" (on chrY) has reference transcripts on both strands?
Warning: gene "NM_207162" (on chrY) has reference transcripts on both strands?
Warning: gene "NM_001160143" (on chrY) has reference transcripts on both strands?
Warning: gene "NM_207162" (on chrY) has reference transcripts on both strands?
Warning: gene "NM_001037748" (on chrY) has reference transcripts on both strands?
Warning: gene "NM_001160141" (on chrY) has reference transcripts on both strands?
Warning: gene "NM_001025241" (on chrY) has reference transcripts on both strands?
Warning: gene "NM_001037748" (on chrY) has reference transcripts on both strands?
Warning: gene "NR_038299" (on chrY) has reference transcripts on both strands?
Warning: gene "NM_001160143" (on chrY) has reference transcripts on both strands?
Warning: gene "NM_207162" (on chrY) has reference transcripts on both strands?
Warning: gene "NM_001160143" (on chrY) has reference transcripts on both strands?
Warning: gene "NM_207162" (on chrY) has reference transcripts on both strands?
Warning: gene "NM_001037748" (on chrY) has reference transcripts on both strands?
Warning: gene "NM_001160141" (on chrY) has reference transcripts on both strands?
Warning: gene "NM_023546" (on chrY) has reference transcripts on both strands?
Warning: gene "NM_001160143" (on chrY) has reference transcripts on both strands?
Warning: gene "NM_001037748" (on chrY) has reference transcripts on both strands?
Warning: gene "NM_001160143" (on chrY) has reference transcripts on both strands?
Warning: gene "NM_001037748" (on chrY) has reference transcripts on both strands?
Warning: gene "NM_001160137" (on chrY) has reference transcripts on both strands?
Warning: gene "NM_001160141" (on chrY) has reference transcripts on both strands?
Warning: gene "NM_001025241" (on chrY) has reference transcripts on both strands?
Warning: gene "NM_001037748" (on chrY) has reference transcripts on both strands?
Warning: gene "NM_001160136" (on chrY) has reference transcripts on both strands?
Warning: gene "NM_001037748" (on chrY) has reference transcripts on both strands?
Warning: gene "NM_023546" (on chrY) has reference transcripts on both strands?
Warning: gene "NM_023546" (on chrY) has reference transcripts on both strands?
Warning: gene "NM_001025241" (on chrY) has reference transcripts on both strands?
Warning: gene "NM_001011820" (on chr13) has reference transcripts on both strands?
[stringTie] De novo transcriptome assembly completed successfully at [Fri Aug 30 08:29:20 PM CEST 2024]
[bamToWigCPMsmoothKeepDup] Started with bin size: 1 and smoothing over 0 bp and KEEPING DUPLICATES at [Fri Aug 30 08:29:20 PM CEST 2024]
There are 15981759 alignments, of which 43603 are completely within a blacklist region.
Due to filtering, 71.7858164117593% of the aforementioned alignments will be used 11441335.4055798
[bamToWigCPMsmoothKeepDup] finished successfully at [Fri Aug 30 08:35:14 PM CEST 2024]
[file cleanup] started. Good job! at [Fri Aug 30 08:35:14 PM CEST 2024]
cp: cannot stat '*.pdf': No such file or directory
mv: cannot stat '*.bed': No such file or directory
mv: preserving times for '/data/bigWigs/C57BL6x129_FG_oocyte_RNA_ZhangLab2020_rep1_GSM3941356_trimV5_mm10_kpDup_q255_b1_s0_CPM.bw': Operation not permitted
mv: preserving permissions for ‘/data/bigWigs/C57BL6x129_FG_oocyte_RNA_ZhangLab2020_rep1_GSM3941356_trimV5_mm10_kpDup_q255_b1_s0_CPM.bw’: Operation not permitted
mv: preserving times for '/data/bams/C57BL6x129_FG_oocyte_RNA_ZhangLab2020_rep1_GSM3941356_trimV5_mm10.bam': Operation not permitted
mv: preserving permissions for ‘/data/bams/C57BL6x129_FG_oocyte_RNA_ZhangLab2020_rep1_GSM3941356_trimV5_mm10.bam’: Operation not permitted
mv: preserving times for '/data/bams/C57BL6x129_FG_oocyte_RNA_ZhangLab2020_rep1_GSM3941356_trimV5_mm10.bam.bai': Operation not permitted
mv: preserving permissions for ‘/data/bams/C57BL6x129_FG_oocyte_RNA_ZhangLab2020_rep1_GSM3941356_trimV5_mm10.bam.bai’: Operation not permitted
mv: preserving times for '/data/stringTie/C57BL6x129_FG_oocyte_RNA_ZhangLab2020_rep1_GSM3941356_trimV5_mm10.gtf': Operation not permitted
mv: preserving permissions for ‘/data/stringTie/C57BL6x129_FG_oocyte_RNA_ZhangLab2020_rep1_GSM3941356_trimV5_mm10.gtf’: Operation not permitted
