SCRATCH: /scratch
ls: cannot access '/data/fastq/CD1_E12.5_brain_L3mbtl3_HET_RNA_Ilnytskyy2021_rep1_GSM5416462*_R2.fastq.gz': No such file or directory
[masterDownload] Data are single-end. at [Fri Aug 30 04:59:48 PM CEST 2024]
[checkDependencies] Checking Dependencies [Fri Aug 30 04:59:48 PM CEST 2024] at [Fri Aug 30 04:59:48 PM CEST 2024]
[setup checkDependencies] trimmomatic... at [Fri Aug 30 04:59:48 PM CEST 2024]
[setup checkDependencies] STAR... at [Fri Aug 30 04:59:48 PM CEST 2024]
[setup checkDependencies] bismark... at [Fri Aug 30 04:59:48 PM CEST 2024]
[setup checkDependencies] bowtie2... at [Fri Aug 30 04:59:48 PM CEST 2024]
[setup checkDependencies] samtools... at [Fri Aug 30 04:59:48 PM CEST 2024]
[setup checkDependencies] picard... at [Fri Aug 30 04:59:48 PM CEST 2024]
[setup checkDependencies] awk... at [Fri Aug 30 04:59:48 PM CEST 2024]
[setup checkDependencies] bamCoverage... at [Fri Aug 30 04:59:48 PM CEST 2024]
[setup checkDependencies] fastqc... at [Fri Aug 30 04:59:48 PM CEST 2024]
[setup checkDependencies] fastq_screen... at [Fri Aug 30 04:59:48 PM CEST 2024]
[setup checkDependencies] stringtie... at [Fri Aug 30 04:59:48 PM CEST 2024]
[setup checkDependencies] clumpify.sh... at [Fri Aug 30 04:59:48 PM CEST 2024]
PAIRED: false
[setUpLogFile] Script started at [Fri Aug 30 04:59:48 PM CEST 2024] at [Fri Aug 30 04:59:48 PM CEST 2024]
[fastQC] started on raw FASTQs at [Fri Aug 30 04:59:48 PM CEST 2024]
Started analysis of CD1_E12.5_brain_L3mbtl3_HET_RNA_Ilnytskyy2021_rep1_GSM5416462_raw.fastq.gz
Approx 5% complete for CD1_E12.5_brain_L3mbtl3_HET_RNA_Ilnytskyy2021_rep1_GSM5416462_raw.fastq.gz
Approx 10% complete for CD1_E12.5_brain_L3mbtl3_HET_RNA_Ilnytskyy2021_rep1_GSM5416462_raw.fastq.gz
Approx 15% complete for CD1_E12.5_brain_L3mbtl3_HET_RNA_Ilnytskyy2021_rep1_GSM5416462_raw.fastq.gz
Approx 20% complete for CD1_E12.5_brain_L3mbtl3_HET_RNA_Ilnytskyy2021_rep1_GSM5416462_raw.fastq.gz
Approx 25% complete for CD1_E12.5_brain_L3mbtl3_HET_RNA_Ilnytskyy2021_rep1_GSM5416462_raw.fastq.gz
Approx 30% complete for CD1_E12.5_brain_L3mbtl3_HET_RNA_Ilnytskyy2021_rep1_GSM5416462_raw.fastq.gz
Approx 35% complete for CD1_E12.5_brain_L3mbtl3_HET_RNA_Ilnytskyy2021_rep1_GSM5416462_raw.fastq.gz
Approx 40% complete for CD1_E12.5_brain_L3mbtl3_HET_RNA_Ilnytskyy2021_rep1_GSM5416462_raw.fastq.gz
Approx 45% complete for CD1_E12.5_brain_L3mbtl3_HET_RNA_Ilnytskyy2021_rep1_GSM5416462_raw.fastq.gz
Approx 50% complete for CD1_E12.5_brain_L3mbtl3_HET_RNA_Ilnytskyy2021_rep1_GSM5416462_raw.fastq.gz
Approx 55% complete for CD1_E12.5_brain_L3mbtl3_HET_RNA_Ilnytskyy2021_rep1_GSM5416462_raw.fastq.gz
Approx 60% complete for CD1_E12.5_brain_L3mbtl3_HET_RNA_Ilnytskyy2021_rep1_GSM5416462_raw.fastq.gz
Approx 65% complete for CD1_E12.5_brain_L3mbtl3_HET_RNA_Ilnytskyy2021_rep1_GSM5416462_raw.fastq.gz
Approx 70% complete for CD1_E12.5_brain_L3mbtl3_HET_RNA_Ilnytskyy2021_rep1_GSM5416462_raw.fastq.gz
Approx 75% complete for CD1_E12.5_brain_L3mbtl3_HET_RNA_Ilnytskyy2021_rep1_GSM5416462_raw.fastq.gz
Approx 80% complete for CD1_E12.5_brain_L3mbtl3_HET_RNA_Ilnytskyy2021_rep1_GSM5416462_raw.fastq.gz
Approx 85% complete for CD1_E12.5_brain_L3mbtl3_HET_RNA_Ilnytskyy2021_rep1_GSM5416462_raw.fastq.gz
Approx 90% complete for CD1_E12.5_brain_L3mbtl3_HET_RNA_Ilnytskyy2021_rep1_GSM5416462_raw.fastq.gz
Approx 95% complete for CD1_E12.5_brain_L3mbtl3_HET_RNA_Ilnytskyy2021_rep1_GSM5416462_raw.fastq.gz
Analysis complete for CD1_E12.5_brain_L3mbtl3_HET_RNA_Ilnytskyy2021_rep1_GSM5416462_raw.fastq.gz
[fastQC] on raw FASTQs finished succesfully. Will remove PCR duplicates now at [Fri Aug 30 05:02:58 PM CEST 2024]
Reads are length: 76 at [Fri Aug 30 05:02:58 PM CEST 2024]
Reads with same sequence 1 or fewer substitutions will be marked as PCR duplicates at [Fri Aug 30 05:02:58 PM CEST 2024]
Removal of PCR duplicates complete! at [Fri Aug 30 05:18:22 PM CEST 2024]
[trimReads] Started using version trimV5 parameters at [Fri Aug 30 05:18:22 PM CEST 2024]
ILLUMINACLIP:/data/reference_genomes/adapters/adapters.fa:2:30:10 SLIDINGWINDOW:4:20 MINLEN:24
[trimReads] Trimming CD1_E12.5_brain_L3mbtl3_HET_RNA_Ilnytskyy2021_rep1_GSM5416462.fastq.gz... at [Fri Aug 30 05:18:22 PM CEST 2024]
[trimReads] Finished successfully at [Fri Aug 30 05:21:49 PM CEST 2024]
[fastQC] started on CD1_E12.5_brain_L3mbtl3_HET_RNA_Ilnytskyy2021_rep1_GSM5416462.fastq.gz CD1_E12.5_brain_L3mbtl3_HET_RNA_Ilnytskyy2021_rep1_GSM5416462_trimV5.fastq.gz at [Fri Aug 30 05:21:49 PM CEST 2024]
Started analysis of CD1_E12.5_brain_L3mbtl3_HET_RNA_Ilnytskyy2021_rep1_GSM5416462.fastq.gz
Started analysis of CD1_E12.5_brain_L3mbtl3_HET_RNA_Ilnytskyy2021_rep1_GSM5416462_trimV5.fastq.gz
Approx 5% complete for CD1_E12.5_brain_L3mbtl3_HET_RNA_Ilnytskyy2021_rep1_GSM5416462.fastq.gz
Approx 5% complete for CD1_E12.5_brain_L3mbtl3_HET_RNA_Ilnytskyy2021_rep1_GSM5416462_trimV5.fastq.gz
Approx 10% complete for CD1_E12.5_brain_L3mbtl3_HET_RNA_Ilnytskyy2021_rep1_GSM5416462.fastq.gz
Approx 10% complete for CD1_E12.5_brain_L3mbtl3_HET_RNA_Ilnytskyy2021_rep1_GSM5416462_trimV5.fastq.gz
Approx 15% complete for CD1_E12.5_brain_L3mbtl3_HET_RNA_Ilnytskyy2021_rep1_GSM5416462.fastq.gz
Approx 15% complete for CD1_E12.5_brain_L3mbtl3_HET_RNA_Ilnytskyy2021_rep1_GSM5416462_trimV5.fastq.gz
Approx 20% complete for CD1_E12.5_brain_L3mbtl3_HET_RNA_Ilnytskyy2021_rep1_GSM5416462.fastq.gz
Approx 20% complete for CD1_E12.5_brain_L3mbtl3_HET_RNA_Ilnytskyy2021_rep1_GSM5416462_trimV5.fastq.gz
Approx 25% complete for CD1_E12.5_brain_L3mbtl3_HET_RNA_Ilnytskyy2021_rep1_GSM5416462.fastq.gz
Approx 25% complete for CD1_E12.5_brain_L3mbtl3_HET_RNA_Ilnytskyy2021_rep1_GSM5416462_trimV5.fastq.gz
Approx 30% complete for CD1_E12.5_brain_L3mbtl3_HET_RNA_Ilnytskyy2021_rep1_GSM5416462.fastq.gz
Approx 30% complete for CD1_E12.5_brain_L3mbtl3_HET_RNA_Ilnytskyy2021_rep1_GSM5416462_trimV5.fastq.gz
Approx 35% complete for CD1_E12.5_brain_L3mbtl3_HET_RNA_Ilnytskyy2021_rep1_GSM5416462.fastq.gz
Approx 35% complete for CD1_E12.5_brain_L3mbtl3_HET_RNA_Ilnytskyy2021_rep1_GSM5416462_trimV5.fastq.gz
Approx 40% complete for CD1_E12.5_brain_L3mbtl3_HET_RNA_Ilnytskyy2021_rep1_GSM5416462.fastq.gz
Approx 40% complete for CD1_E12.5_brain_L3mbtl3_HET_RNA_Ilnytskyy2021_rep1_GSM5416462_trimV5.fastq.gz
Approx 45% complete for CD1_E12.5_brain_L3mbtl3_HET_RNA_Ilnytskyy2021_rep1_GSM5416462.fastq.gz
Approx 45% complete for CD1_E12.5_brain_L3mbtl3_HET_RNA_Ilnytskyy2021_rep1_GSM5416462_trimV5.fastq.gz
Approx 50% complete for CD1_E12.5_brain_L3mbtl3_HET_RNA_Ilnytskyy2021_rep1_GSM5416462.fastq.gz
Approx 50% complete for CD1_E12.5_brain_L3mbtl3_HET_RNA_Ilnytskyy2021_rep1_GSM5416462_trimV5.fastq.gz
Approx 55% complete for CD1_E12.5_brain_L3mbtl3_HET_RNA_Ilnytskyy2021_rep1_GSM5416462.fastq.gz
Approx 55% complete for CD1_E12.5_brain_L3mbtl3_HET_RNA_Ilnytskyy2021_rep1_GSM5416462_trimV5.fastq.gz
Approx 60% complete for CD1_E12.5_brain_L3mbtl3_HET_RNA_Ilnytskyy2021_rep1_GSM5416462.fastq.gz
Approx 60% complete for CD1_E12.5_brain_L3mbtl3_HET_RNA_Ilnytskyy2021_rep1_GSM5416462_trimV5.fastq.gz
Approx 65% complete for CD1_E12.5_brain_L3mbtl3_HET_RNA_Ilnytskyy2021_rep1_GSM5416462.fastq.gz
Approx 65% complete for CD1_E12.5_brain_L3mbtl3_HET_RNA_Ilnytskyy2021_rep1_GSM5416462_trimV5.fastq.gz
Approx 70% complete for CD1_E12.5_brain_L3mbtl3_HET_RNA_Ilnytskyy2021_rep1_GSM5416462.fastq.gz
Approx 70% complete for CD1_E12.5_brain_L3mbtl3_HET_RNA_Ilnytskyy2021_rep1_GSM5416462_trimV5.fastq.gz
Approx 75% complete for CD1_E12.5_brain_L3mbtl3_HET_RNA_Ilnytskyy2021_rep1_GSM5416462.fastq.gz
Approx 75% complete for CD1_E12.5_brain_L3mbtl3_HET_RNA_Ilnytskyy2021_rep1_GSM5416462_trimV5.fastq.gz
Approx 80% complete for CD1_E12.5_brain_L3mbtl3_HET_RNA_Ilnytskyy2021_rep1_GSM5416462.fastq.gz
Approx 80% complete for CD1_E12.5_brain_L3mbtl3_HET_RNA_Ilnytskyy2021_rep1_GSM5416462_trimV5.fastq.gz
Approx 85% complete for CD1_E12.5_brain_L3mbtl3_HET_RNA_Ilnytskyy2021_rep1_GSM5416462_trimV5.fastq.gz
Approx 85% complete for CD1_E12.5_brain_L3mbtl3_HET_RNA_Ilnytskyy2021_rep1_GSM5416462.fastq.gz
Approx 90% complete for CD1_E12.5_brain_L3mbtl3_HET_RNA_Ilnytskyy2021_rep1_GSM5416462_trimV5.fastq.gz
Approx 90% complete for CD1_E12.5_brain_L3mbtl3_HET_RNA_Ilnytskyy2021_rep1_GSM5416462.fastq.gz
Approx 95% complete for CD1_E12.5_brain_L3mbtl3_HET_RNA_Ilnytskyy2021_rep1_GSM5416462.fastq.gz
Approx 95% complete for CD1_E12.5_brain_L3mbtl3_HET_RNA_Ilnytskyy2021_rep1_GSM5416462_trimV5.fastq.gz
Analysis complete for CD1_E12.5_brain_L3mbtl3_HET_RNA_Ilnytskyy2021_rep1_GSM5416462.fastq.gz
Analysis complete for CD1_E12.5_brain_L3mbtl3_HET_RNA_Ilnytskyy2021_rep1_GSM5416462_trimV5.fastq.gz
[fastQC] finished succesfully at [Fri Aug 30 05:23:07 PM CEST 2024]
[fastqScreen] started on CD1_E12.5_brain_L3mbtl3_HET_RNA_Ilnytskyy2021_rep1_GSM5416462_trimV5.fastq.gz at [Fri Aug 30 05:23:07 PM CEST 2024]
Using fastq_screen v0.15.1
Couldn't find fastq_screen.conf at '/home/robin/bin/miniconda3/share/fastq-screen-0.15.2-0/fastq_screen.conf'
[fastqScreen] finished successfully at [Fri Aug 30 05:23:07 PM CEST 2024]
[STAR alignment] started with reference /data/reference_genomes/mm10 at [Fri Aug 30 05:23:07 PM CEST 2024]
	STAR --runMode alignReads --genomeDir /data/reference_genomes/mm10 --runThreadN 12 --limitBAMsortRAM 4G --readFilesCommand zcat --readFilesIn CD1_E12.5_brain_L3mbtl3_HET_RNA_Ilnytskyy2021_rep1_GSM5416462_trimV5.fastq.gz --outFilterType BySJout --outSAMtype SAM
	STAR version: 2.7.9a   compiled: 2021-05-04T09:43:56-0400 vega:/home/dobin/data/STAR/STARcode/STAR.master/source
Aug 30 17:23:07 ..... started STAR run
Aug 30 17:23:07 ..... loading genome
Aug 30 17:23:56 ..... started mapping
Aug 30 17:25:00 ..... finished mapping
Aug 30 17:25:00 ..... finished successfully
[STAR alignment] finished successfully at [Fri Aug 30 05:25:01 PM CEST 2024]
[sam grooming] started at [Fri Aug 30 05:25:29 PM CEST 2024]
17:25:30.049 INFO  NativeLibraryLoader - Loading libgkl_compression.so from jar:file:/home/robin/bin/miniconda3/share/picard-2.26.2-0/picard.jar!/com/intel/gkl/native/libgkl_compression.so
[Fri Aug 30 17:25:30 CEST 2024] CleanSam --INPUT CD1_E12.5_brain_L3mbtl3_HET_RNA_Ilnytskyy2021_rep1_GSM5416462_raw.sam --OUTPUT CD1_E12.5_brain_L3mbtl3_HET_RNA_Ilnytskyy2021_rep1_GSM5416462_cleaned.sam --TMP_DIR . --VERBOSITY INFO --QUIET false --VALIDATION_STRINGENCY STRICT --COMPRESSION_LEVEL 5 --MAX_RECORDS_IN_RAM 500000 --CREATE_INDEX false --CREATE_MD5_FILE false --GA4GH_CLIENT_SECRETS client_secrets.json --help false --version false --showHidden false --USE_JDK_DEFLATER false --USE_JDK_INFLATER false
[Fri Aug 30 17:25:30 CEST 2024] Executing as robin@epipax.ijm.univ-paris-diderot.priv on Linux 6.1.0-23-amd64 amd64; OpenJDK 64-Bit Server VM 1.8.0_332-b09; Deflater: Intel; Inflater: Intel; Provider GCS is not available; Picard version: Version:2.26.2
INFO	2024-08-30 17:25:30	CleanSam	Seen many non-increasing record positions. Printing Read-names as well.
INFO	2024-08-30 17:25:34	CleanSam	Processed     1,000,000 records.  Elapsed time: 00:00:04s.  Time for last 1,000,000:    4s.  Last read position: chr14:66,986,832.  Last read name: SRR15034343.12846446
INFO	2024-08-30 17:25:39	CleanSam	Processed     2,000,000 records.  Elapsed time: 00:00:08s.  Time for last 1,000,000:    4s.  Last read position: chr7:112,574,519.  Last read name: SRR15034343.27904884
INFO	2024-08-30 17:25:43	CleanSam	Processed     3,000,000 records.  Elapsed time: 00:00:13s.  Time for last 1,000,000:    4s.  Last read position: chr11:60,554,431.  Last read name: SRR15034343.10502868
INFO	2024-08-30 17:25:47	CleanSam	Processed     4,000,000 records.  Elapsed time: 00:00:17s.  Time for last 1,000,000:    4s.  Last read position: chr9:49,035,933.  Last read name: SRR15034343.9797106
INFO	2024-08-30 17:25:51	CleanSam	Processed     5,000,000 records.  Elapsed time: 00:00:21s.  Time for last 1,000,000:    4s.  Last read position: chr2:131,144,705.  Last read name: SRR15034343.8520149
INFO	2024-08-30 17:25:55	CleanSam	Processed     6,000,000 records.  Elapsed time: 00:00:25s.  Time for last 1,000,000:    3s.  Last read position: chr10:80,393,163.  Last read name: SRR15034343.24449073
INFO	2024-08-30 17:25:59	CleanSam	Processed     7,000,000 records.  Elapsed time: 00:00:29s.  Time for last 1,000,000:    4s.  Last read position: chr14:55,828,714.  Last read name: SRR15034343.2682236
INFO	2024-08-30 17:26:03	CleanSam	Processed     8,000,000 records.  Elapsed time: 00:00:33s.  Time for last 1,000,000:    4s.  Last read position: chr5:92,285,078.  Last read name: SRR15034343.32907882
INFO	2024-08-30 17:26:08	CleanSam	Processed     9,000,000 records.  Elapsed time: 00:00:37s.  Time for last 1,000,000:    4s.  Last read position: chr1:58,523,164.  Last read name: SRR15034343.21569728
INFO	2024-08-30 17:26:12	CleanSam	Processed    10,000,000 records.  Elapsed time: 00:00:42s.  Time for last 1,000,000:    4s.  Last read position: chr8:111,156,645.  Last read name: SRR15034343.34500566
INFO	2024-08-30 17:26:16	CleanSam	Processed    11,000,000 records.  Elapsed time: 00:00:46s.  Time for last 1,000,000:    4s.  Last read position: chr17:35,163,129.  Last read name: SRR15034343.23006459
INFO	2024-08-30 17:26:20	CleanSam	Processed    12,000,000 records.  Elapsed time: 00:00:50s.  Time for last 1,000,000:    4s.  Last read position: chr15:76,692,847.  Last read name: SRR15034343.11758834
INFO	2024-08-30 17:26:24	CleanSam	Processed    13,000,000 records.  Elapsed time: 00:00:54s.  Time for last 1,000,000:    4s.  Last read position: chr2:48,907,012.  Last read name: SRR15034343.7761763
INFO	2024-08-30 17:26:28	CleanSam	Processed    14,000,000 records.  Elapsed time: 00:00:58s.  Time for last 1,000,000:    3s.  Last read position: chr5:28,417,330.  Last read name: SRR15034343.6328999
INFO	2024-08-30 17:26:32	CleanSam	Processed    15,000,000 records.  Elapsed time: 00:01:02s.  Time for last 1,000,000:    4s.  Last read position: chr11:107,216,624.  Last read name: SRR15034343.26347814
INFO	2024-08-30 17:26:36	CleanSam	Processed    16,000,000 records.  Elapsed time: 00:01:06s.  Time for last 1,000,000:    3s.  Last read position: chr5:140,338,001.  Last read name: SRR15034343.21000856
INFO	2024-08-30 17:26:40	CleanSam	Processed    17,000,000 records.  Elapsed time: 00:01:10s.  Time for last 1,000,000:    3s.  Last read position: chr16:90,751,714.  Last read name: SRR15034343.23176706
INFO	2024-08-30 17:26:44	CleanSam	Processed    18,000,000 records.  Elapsed time: 00:01:13s.  Time for last 1,000,000:    3s.  Last read position: chr15:78,167,083.  Last read name: SRR15034343.26207170
[Fri Aug 30 17:26:49 CEST 2024] picard.sam.CleanSam done. Elapsed time: 1.33 minutes.
Runtime.totalMemory()=672661504
17:26:50.951 INFO  NativeLibraryLoader - Loading libgkl_compression.so from jar:file:/home/robin/bin/miniconda3/share/picard-2.26.2-0/picard.jar!/com/intel/gkl/native/libgkl_compression.so
[Fri Aug 30 17:26:51 CEST 2024] SamFormatConverter --INPUT CD1_E12.5_brain_L3mbtl3_HET_RNA_Ilnytskyy2021_rep1_GSM5416462_cleaned.sam --OUTPUT CD1_E12.5_brain_L3mbtl3_HET_RNA_Ilnytskyy2021_rep1_GSM5416462_unsorted.bam --TMP_DIR . --VERBOSITY INFO --QUIET false --VALIDATION_STRINGENCY STRICT --COMPRESSION_LEVEL 5 --MAX_RECORDS_IN_RAM 500000 --CREATE_INDEX false --CREATE_MD5_FILE false --GA4GH_CLIENT_SECRETS client_secrets.json --help false --version false --showHidden false --USE_JDK_DEFLATER false --USE_JDK_INFLATER false
[Fri Aug 30 17:26:51 CEST 2024] Executing as robin@epipax.ijm.univ-paris-diderot.priv on Linux 6.1.0-23-amd64 amd64; OpenJDK 64-Bit Server VM 1.8.0_332-b09; Deflater: Intel; Inflater: Intel; Provider GCS is not available; Picard version: Version:2.26.2
INFO	2024-08-30 17:26:51	SamFormatConverter	Seen many non-increasing record positions. Printing Read-names as well.
INFO	2024-08-30 17:26:58	SamFormatConverter	Processed     1,000,000 records.  Elapsed time: 00:00:07s.  Time for last 1,000,000:    7s.  Last read position: chr14:66,986,832.  Last read name: SRR15034343.12846446
INFO	2024-08-30 17:27:05	SamFormatConverter	Processed     2,000,000 records.  Elapsed time: 00:00:13s.  Time for last 1,000,000:    6s.  Last read position: chr7:112,574,519.  Last read name: SRR15034343.27904884
INFO	2024-08-30 17:27:12	SamFormatConverter	Processed     3,000,000 records.  Elapsed time: 00:00:20s.  Time for last 1,000,000:    6s.  Last read position: chr11:60,554,431.  Last read name: SRR15034343.10502868
INFO	2024-08-30 17:27:18	SamFormatConverter	Processed     4,000,000 records.  Elapsed time: 00:00:27s.  Time for last 1,000,000:    6s.  Last read position: chr9:49,035,933.  Last read name: SRR15034343.9797106
INFO	2024-08-30 17:27:26	SamFormatConverter	Processed     5,000,000 records.  Elapsed time: 00:00:34s.  Time for last 1,000,000:    7s.  Last read position: chr2:131,144,705.  Last read name: SRR15034343.8520149
INFO	2024-08-30 17:27:32	SamFormatConverter	Processed     6,000,000 records.  Elapsed time: 00:00:41s.  Time for last 1,000,000:    6s.  Last read position: chr10:80,393,163.  Last read name: SRR15034343.24449073
INFO	2024-08-30 17:27:39	SamFormatConverter	Processed     7,000,000 records.  Elapsed time: 00:00:48s.  Time for last 1,000,000:    6s.  Last read position: chr14:55,828,714.  Last read name: SRR15034343.2682236
INFO	2024-08-30 17:27:46	SamFormatConverter	Processed     8,000,000 records.  Elapsed time: 00:00:55s.  Time for last 1,000,000:    7s.  Last read position: chr5:92,285,078.  Last read name: SRR15034343.32907882
INFO	2024-08-30 17:27:54	SamFormatConverter	Processed     9,000,000 records.  Elapsed time: 00:01:02s.  Time for last 1,000,000:    7s.  Last read position: chr1:58,523,164.  Last read name: SRR15034343.21569728
INFO	2024-08-30 17:28:01	SamFormatConverter	Processed    10,000,000 records.  Elapsed time: 00:01:09s.  Time for last 1,000,000:    6s.  Last read position: chr8:111,156,645.  Last read name: SRR15034343.34500566
INFO	2024-08-30 17:28:08	SamFormatConverter	Processed    11,000,000 records.  Elapsed time: 00:01:16s.  Time for last 1,000,000:    7s.  Last read position: chr17:35,163,129.  Last read name: SRR15034343.23006459
INFO	2024-08-30 17:28:15	SamFormatConverter	Processed    12,000,000 records.  Elapsed time: 00:01:23s.  Time for last 1,000,000:    7s.  Last read position: chr15:76,692,847.  Last read name: SRR15034343.11758834
INFO	2024-08-30 17:28:22	SamFormatConverter	Processed    13,000,000 records.  Elapsed time: 00:01:30s.  Time for last 1,000,000:    7s.  Last read position: chr2:48,907,012.  Last read name: SRR15034343.7761763
INFO	2024-08-30 17:28:29	SamFormatConverter	Processed    14,000,000 records.  Elapsed time: 00:01:38s.  Time for last 1,000,000:    7s.  Last read position: chr5:28,417,330.  Last read name: SRR15034343.6328999
INFO	2024-08-30 17:28:36	SamFormatConverter	Processed    15,000,000 records.  Elapsed time: 00:01:45s.  Time for last 1,000,000:    7s.  Last read position: chr11:107,216,624.  Last read name: SRR15034343.26347814
INFO	2024-08-30 17:28:43	SamFormatConverter	Processed    16,000,000 records.  Elapsed time: 00:01:52s.  Time for last 1,000,000:    7s.  Last read position: chr5:140,338,001.  Last read name: SRR15034343.21000856
INFO	2024-08-30 17:28:50	SamFormatConverter	Processed    17,000,000 records.  Elapsed time: 00:01:59s.  Time for last 1,000,000:    6s.  Last read position: chr16:90,751,714.  Last read name: SRR15034343.23176706
INFO	2024-08-30 17:28:57	SamFormatConverter	Processed    18,000,000 records.  Elapsed time: 00:02:06s.  Time for last 1,000,000:    7s.  Last read position: chr15:78,167,083.  Last read name: SRR15034343.26207170
[Fri Aug 30 17:29:01 CEST 2024] picard.sam.SamFormatConverter done. Elapsed time: 2.17 minutes.
Runtime.totalMemory()=708837376
17:29:02.499 INFO  NativeLibraryLoader - Loading libgkl_compression.so from jar:file:/home/robin/bin/miniconda3/share/picard-2.26.2-0/picard.jar!/com/intel/gkl/native/libgkl_compression.so
[Fri Aug 30 17:29:02 CEST 2024] SortSam --INPUT CD1_E12.5_brain_L3mbtl3_HET_RNA_Ilnytskyy2021_rep1_GSM5416462_unsorted.bam --OUTPUT CD1_E12.5_brain_L3mbtl3_HET_RNA_Ilnytskyy2021_rep1_GSM5416462_sorted.bam --SORT_ORDER coordinate --TMP_DIR . --VERBOSITY INFO --QUIET false --VALIDATION_STRINGENCY STRICT --COMPRESSION_LEVEL 5 --MAX_RECORDS_IN_RAM 500000 --CREATE_INDEX false --CREATE_MD5_FILE false --GA4GH_CLIENT_SECRETS client_secrets.json --help false --version false --showHidden false --USE_JDK_DEFLATER false --USE_JDK_INFLATER false
[Fri Aug 30 17:29:02 CEST 2024] Executing as robin@epipax.ijm.univ-paris-diderot.priv on Linux 6.1.0-23-amd64 amd64; OpenJDK 64-Bit Server VM 1.8.0_332-b09; Deflater: Intel; Inflater: Intel; Provider GCS is not available; Picard version: Version:2.26.2
INFO	2024-08-30 17:29:02	SortSam	Seen many non-increasing record positions. Printing Read-names as well.
INFO	2024-08-30 17:29:46	SortSam	Read    10,000,000 records.  Elapsed time: 00:00:43s.  Time for last 10,000,000:   43s.  Last read position: chr8:111,156,645.  Last read name: SRR15034343.34500566
INFO	2024-08-30 17:30:42	SortSam	Finished reading inputs, merging and writing to output now.
INFO	2024-08-30 17:31:22	SortSam	Wrote    10,000,000 records from a sorting collection.  Elapsed time: 00:02:20s.  Time for last 10,000,000:   39s.  Last read position: chr2:155,826,419
[Fri Aug 30 17:31:57 CEST 2024] picard.sam.SortSam done. Elapsed time: 2.91 minutes.
Runtime.totalMemory()=1423441920
17:31:58.725 INFO  NativeLibraryLoader - Loading libgkl_compression.so from jar:file:/home/robin/bin/miniconda3/share/picard-2.26.2-0/picard.jar!/com/intel/gkl/native/libgkl_compression.so
[Fri Aug 30 17:31:58 CEST 2024] MarkDuplicates --INPUT CD1_E12.5_brain_L3mbtl3_HET_RNA_Ilnytskyy2021_rep1_GSM5416462_sorted.bam --OUTPUT CD1_E12.5_brain_L3mbtl3_HET_RNA_Ilnytskyy2021_rep1_GSM5416462.bam --METRICS_FILE CD1_E12.5_brain_L3mbtl3_HET_RNA_Ilnytskyy2021_rep1_GSM5416462_markDupeMetrics.txt --REMOVE_DUPLICATES false --TMP_DIR . --MAX_SEQUENCES_FOR_DISK_READ_ENDS_MAP 50000 --MAX_FILE_HANDLES_FOR_READ_ENDS_MAP 8000 --SORTING_COLLECTION_SIZE_RATIO 0.25 --TAG_DUPLICATE_SET_MEMBERS false --REMOVE_SEQUENCING_DUPLICATES false --TAGGING_POLICY DontTag --CLEAR_DT true --DUPLEX_UMI false --ADD_PG_TAG_TO_READS true --ASSUME_SORTED false --DUPLICATE_SCORING_STRATEGY SUM_OF_BASE_QUALITIES --PROGRAM_RECORD_ID MarkDuplicates --PROGRAM_GROUP_NAME MarkDuplicates --READ_NAME_REGEX <optimized capture of last three ':' separated fields as numeric values> --OPTICAL_DUPLICATE_PIXEL_DISTANCE 100 --MAX_OPTICAL_DUPLICATE_SET_SIZE 300000 --VERBOSITY INFO --QUIET false --VALIDATION_STRINGENCY STRICT --COMPRESSION_LEVEL 5 --MAX_RECORDS_IN_RAM 500000 --CREATE_INDEX false --CREATE_MD5_FILE false --GA4GH_CLIENT_SECRETS client_secrets.json --help false --version false --showHidden false --USE_JDK_DEFLATER false --USE_JDK_INFLATER false
[Fri Aug 30 17:31:58 CEST 2024] Executing as robin@epipax.ijm.univ-paris-diderot.priv on Linux 6.1.0-23-amd64 amd64; OpenJDK 64-Bit Server VM 1.8.0_332-b09; Deflater: Intel; Inflater: Intel; Provider GCS is not available; Picard version: Version:2.26.2
INFO	2024-08-30 17:31:58	MarkDuplicates	Start of doWork freeMemory: 501501104; totalMemory: 514850816; maxMemory: 1908932608
INFO	2024-08-30 17:31:58	MarkDuplicates	Reading input file and constructing read end information.
INFO	2024-08-30 17:31:58	MarkDuplicates	Will retain up to 6916422 data points before spilling to disk.
WARNING	2024-08-30 17:31:59	AbstractOpticalDuplicateFinderCommandLineProgram	A field field parsed out of a read name was expected to contain an integer and did not. Read name: SRR15034343.31600165. Cause: String 'SRR15034343.31600165' did not start with a parsable number.
INFO	2024-08-30 17:32:03	MarkDuplicates	Read     1,000,000 records.  Elapsed time: 00:00:04s.  Time for last 1,000,000:    4s.  Last read position: chr11:29,174,705
INFO	2024-08-30 17:32:03	MarkDuplicates	Tracking 0 as yet unmatched pairs. 0 records in RAM.
INFO	2024-08-30 17:32:08	MarkDuplicates	Read     2,000,000 records.  Elapsed time: 00:00:08s.  Time for last 1,000,000:    4s.  Last read position: chr11:106,781,734
INFO	2024-08-30 17:32:08	MarkDuplicates	Tracking 0 as yet unmatched pairs. 0 records in RAM.
INFO	2024-08-30 17:32:12	MarkDuplicates	Read     3,000,000 records.  Elapsed time: 00:00:13s.  Time for last 1,000,000:    4s.  Last read position: chr13:9,686,928
INFO	2024-08-30 17:32:12	MarkDuplicates	Tracking 0 as yet unmatched pairs. 0 records in RAM.
INFO	2024-08-30 17:32:16	MarkDuplicates	Read     4,000,000 records.  Elapsed time: 00:00:17s.  Time for last 1,000,000:    3s.  Last read position: chr14:52,226,624
INFO	2024-08-30 17:32:16	MarkDuplicates	Tracking 0 as yet unmatched pairs. 0 records in RAM.
INFO	2024-08-30 17:32:23	MarkDuplicates	Read     5,000,000 records.  Elapsed time: 00:00:24s.  Time for last 1,000,000:    7s.  Last read position: chr15:100,502,970
INFO	2024-08-30 17:32:23	MarkDuplicates	Tracking 0 as yet unmatched pairs. 0 records in RAM.
INFO	2024-08-30 17:32:26	MarkDuplicates	Read     6,000,000 records.  Elapsed time: 00:00:27s.  Time for last 1,000,000:    3s.  Last read position: chr17:29,041,693
INFO	2024-08-30 17:32:26	MarkDuplicates	Tracking 0 as yet unmatched pairs. 0 records in RAM.
INFO	2024-08-30 17:32:30	MarkDuplicates	Read     7,000,000 records.  Elapsed time: 00:00:31s.  Time for last 1,000,000:    3s.  Last read position: chr18:76,940,588
INFO	2024-08-30 17:32:30	MarkDuplicates	Tracking 0 as yet unmatched pairs. 0 records in RAM.
INFO	2024-08-30 17:32:37	MarkDuplicates	Read     8,000,000 records.  Elapsed time: 00:00:37s.  Time for last 1,000,000:    6s.  Last read position: chr1:71,604,851
INFO	2024-08-30 17:32:37	MarkDuplicates	Tracking 0 as yet unmatched pairs. 0 records in RAM.
INFO	2024-08-30 17:32:41	MarkDuplicates	Read     9,000,000 records.  Elapsed time: 00:00:42s.  Time for last 1,000,000:    4s.  Last read position: chr2:29,772,284
INFO	2024-08-30 17:32:41	MarkDuplicates	Tracking 0 as yet unmatched pairs. 0 records in RAM.
INFO	2024-08-30 17:32:45	MarkDuplicates	Read    10,000,000 records.  Elapsed time: 00:00:46s.  Time for last 1,000,000:    3s.  Last read position: chr2:155,826,419
INFO	2024-08-30 17:32:45	MarkDuplicates	Tracking 0 as yet unmatched pairs. 0 records in RAM.
INFO	2024-08-30 17:32:49	MarkDuplicates	Read    11,000,000 records.  Elapsed time: 00:00:50s.  Time for last 1,000,000:    3s.  Last read position: chr3:108,903,969
INFO	2024-08-30 17:32:49	MarkDuplicates	Tracking 0 as yet unmatched pairs. 0 records in RAM.
INFO	2024-08-30 17:32:52	MarkDuplicates	Read    12,000,000 records.  Elapsed time: 00:00:53s.  Time for last 1,000,000:    3s.  Last read position: chr4:126,317,354
INFO	2024-08-30 17:32:52	MarkDuplicates	Tracking 0 as yet unmatched pairs. 0 records in RAM.
INFO	2024-08-30 17:33:01	MarkDuplicates	Read    13,000,000 records.  Elapsed time: 00:01:02s.  Time for last 1,000,000:    8s.  Last read position: chr5:93,186,983
INFO	2024-08-30 17:33:01	MarkDuplicates	Tracking 0 as yet unmatched pairs. 0 records in RAM.
INFO	2024-08-30 17:33:05	MarkDuplicates	Read    14,000,000 records.  Elapsed time: 00:01:06s.  Time for last 1,000,000:    3s.  Last read position: chr6:67,284,398
INFO	2024-08-30 17:33:05	MarkDuplicates	Tracking 0 as yet unmatched pairs. 0 records in RAM.
INFO	2024-08-30 17:33:11	MarkDuplicates	Read    15,000,000 records.  Elapsed time: 00:01:12s.  Time for last 1,000,000:    5s.  Last read position: chr7:59,272,141
INFO	2024-08-30 17:33:11	MarkDuplicates	Tracking 0 as yet unmatched pairs. 0 records in RAM.
INFO	2024-08-30 17:33:14	MarkDuplicates	Read    16,000,000 records.  Elapsed time: 00:01:15s.  Time for last 1,000,000:    3s.  Last read position: chr8:47,288,705
INFO	2024-08-30 17:33:14	MarkDuplicates	Tracking 0 as yet unmatched pairs. 0 records in RAM.
INFO	2024-08-30 17:33:18	MarkDuplicates	Read    17,000,000 records.  Elapsed time: 00:01:19s.  Time for last 1,000,000:    3s.  Last read position: chr9:53,594,700
INFO	2024-08-30 17:33:18	MarkDuplicates	Tracking 0 as yet unmatched pairs. 0 records in RAM.
INFO	2024-08-30 17:33:22	MarkDuplicates	Read    18,000,000 records.  Elapsed time: 00:01:23s.  Time for last 1,000,000:    3s.  Last read position: chrX:73,862,785
INFO	2024-08-30 17:33:22	MarkDuplicates	Tracking 0 as yet unmatched pairs. 0 records in RAM.
INFO	2024-08-30 17:33:23	MarkDuplicates	Read 18456145 records. 0 pairs never matched.
INFO	2024-08-30 17:33:24	MarkDuplicates	After buildSortedReadEndLists freeMemory: 1422007568; totalMemory: 1467482112; maxMemory: 1908932608
INFO	2024-08-30 17:33:24	MarkDuplicates	Will retain up to 59654144 duplicate indices before spilling to disk.
INFO	2024-08-30 17:33:25	MarkDuplicates	Traversing read pair information and detecting duplicates.
INFO	2024-08-30 17:33:25	MarkDuplicates	Traversing fragment information and detecting duplicates.
INFO	2024-08-30 17:33:28	MarkDuplicates	Sorting list of duplicate records.
INFO	2024-08-30 17:33:29	MarkDuplicates	After generateDuplicateIndexes freeMemory: 971394368; totalMemory: 1465909248; maxMemory: 1908932608
INFO	2024-08-30 17:33:29	MarkDuplicates	Marking 1214986 records as duplicates.
INFO	2024-08-30 17:33:29	MarkDuplicates	Found 0 optical duplicate clusters.
INFO	2024-08-30 17:33:29	MarkDuplicates	Reads are assumed to be ordered by: coordinate
INFO	2024-08-30 17:34:25	MarkDuplicates	Written    10,000,000 records.  Elapsed time: 00:00:55s.  Time for last 10,000,000:   55s.  Last read position: chr2:155,826,419
INFO	2024-08-30 17:35:14	MarkDuplicates	Writing complete. Closing input iterator.
INFO	2024-08-30 17:35:14	MarkDuplicates	Duplicate Index cleanup.
INFO	2024-08-30 17:35:14	MarkDuplicates	Getting Memory Stats.
INFO	2024-08-30 17:35:14	MarkDuplicates	Before output close freeMemory: 1473194272; totalMemory: 1491599360; maxMemory: 1908932608
INFO	2024-08-30 17:35:14	MarkDuplicates	Closed outputs. Getting more Memory Stats.
INFO	2024-08-30 17:35:14	MarkDuplicates	After output close freeMemory: 1468475680; totalMemory: 1486880768; maxMemory: 1908932608
[Fri Aug 30 17:35:14 CEST 2024] picard.sam.markduplicates.MarkDuplicates done. Elapsed time: 3.27 minutes.
Runtime.totalMemory()=1486880768
[sam grooming] finished successfully at [Fri Aug 30 05:35:17 PM CEST 2024]
[collecting rRNA metrics] started at [Fri Aug 30 05:35:41 PM CEST 2024]
17:35:41.951 INFO  NativeLibraryLoader - Loading libgkl_compression.so from jar:file:/home/robin/bin/miniconda3/share/picard-2.26.2-0/picard.jar!/com/intel/gkl/native/libgkl_compression.so
[Fri Aug 30 17:35:41 CEST 2024] CollectRnaSeqMetrics --REF_FLAT /data/reference_genomes/mm10/mm10_RefSeq_refFlat.bed --RIBOSOMAL_INTERVALS /data/reference_genomes/mm10/mm10_rRNA.bed --STRAND_SPECIFICITY FIRST_READ_TRANSCRIPTION_STRAND --INPUT CD1_E12.5_brain_L3mbtl3_HET_RNA_Ilnytskyy2021_rep1_GSM5416462.bam --OUTPUT CD1_E12.5_brain_L3mbtl3_HET_RNA_Ilnytskyy2021_rep1_GSM5416462_RNAmetrics.txt --MINIMUM_LENGTH 500 --RRNA_FRAGMENT_PERCENTAGE 0.8 --METRIC_ACCUMULATION_LEVEL ALL_READS --END_BIAS_BASES 100 --ASSUME_SORTED true --STOP_AFTER 0 --VERBOSITY INFO --QUIET false --VALIDATION_STRINGENCY STRICT --COMPRESSION_LEVEL 5 --MAX_RECORDS_IN_RAM 500000 --CREATE_INDEX false --CREATE_MD5_FILE false --GA4GH_CLIENT_SECRETS client_secrets.json --help false --version false --showHidden false --USE_JDK_DEFLATER false --USE_JDK_INFLATER false
[Fri Aug 30 17:35:41 CEST 2024] Executing as robin@epipax.ijm.univ-paris-diderot.priv on Linux 6.1.0-23-amd64 amd64; OpenJDK 64-Bit Server VM 1.8.0_332-b09; Deflater: Intel; Inflater: Intel; Provider GCS is not available; Picard version: Version:2.26.2
INFO	2024-08-30 17:35:42	CollectRnaSeqMetrics	Loaded 24105 genes.
INFO	2024-08-30 17:35:49	SinglePassSamProgram	Processed     1,000,000 records.  Elapsed time: 00:00:07s.  Time for last 1,000,000:    6s.  Last read position: chr11:29,174,705
INFO	2024-08-30 17:35:54	SinglePassSamProgram	Processed     2,000,000 records.  Elapsed time: 00:00:12s.  Time for last 1,000,000:    5s.  Last read position: chr11:106,781,734
INFO	2024-08-30 17:35:59	SinglePassSamProgram	Processed     3,000,000 records.  Elapsed time: 00:00:17s.  Time for last 1,000,000:    4s.  Last read position: chr13:9,686,928
INFO	2024-08-30 17:36:05	SinglePassSamProgram	Processed     4,000,000 records.  Elapsed time: 00:00:22s.  Time for last 1,000,000:    5s.  Last read position: chr14:52,226,624
INFO	2024-08-30 17:36:10	SinglePassSamProgram	Processed     5,000,000 records.  Elapsed time: 00:00:28s.  Time for last 1,000,000:    5s.  Last read position: chr15:100,502,970
INFO	2024-08-30 17:36:16	SinglePassSamProgram	Processed     6,000,000 records.  Elapsed time: 00:00:33s.  Time for last 1,000,000:    5s.  Last read position: chr17:29,041,693
INFO	2024-08-30 17:36:22	SinglePassSamProgram	Processed     7,000,000 records.  Elapsed time: 00:00:39s.  Time for last 1,000,000:    6s.  Last read position: chr18:76,940,588
INFO	2024-08-30 17:36:29	SinglePassSamProgram	Processed     8,000,000 records.  Elapsed time: 00:00:46s.  Time for last 1,000,000:    6s.  Last read position: chr1:71,604,851
INFO	2024-08-30 17:36:35	SinglePassSamProgram	Processed     9,000,000 records.  Elapsed time: 00:00:52s.  Time for last 1,000,000:    6s.  Last read position: chr2:29,772,284
INFO	2024-08-30 17:36:41	SinglePassSamProgram	Processed    10,000,000 records.  Elapsed time: 00:00:59s.  Time for last 1,000,000:    6s.  Last read position: chr2:155,826,419
INFO	2024-08-30 17:36:49	SinglePassSamProgram	Processed    11,000,000 records.  Elapsed time: 00:01:06s.  Time for last 1,000,000:    7s.  Last read position: chr3:108,903,969
INFO	2024-08-30 17:36:55	SinglePassSamProgram	Processed    12,000,000 records.  Elapsed time: 00:01:13s.  Time for last 1,000,000:    6s.  Last read position: chr4:126,317,354
INFO	2024-08-30 17:37:03	SinglePassSamProgram	Processed    13,000,000 records.  Elapsed time: 00:01:20s.  Time for last 1,000,000:    7s.  Last read position: chr5:93,186,983
INFO	2024-08-30 17:37:11	SinglePassSamProgram	Processed    14,000,000 records.  Elapsed time: 00:01:28s.  Time for last 1,000,000:    7s.  Last read position: chr6:67,284,398
INFO	2024-08-30 17:37:16	SinglePassSamProgram	Processed    15,000,000 records.  Elapsed time: 00:01:34s.  Time for last 1,000,000:    5s.  Last read position: chr7:59,272,141
INFO	2024-08-30 17:37:24	SinglePassSamProgram	Processed    16,000,000 records.  Elapsed time: 00:01:42s.  Time for last 1,000,000:    8s.  Last read position: chr8:47,288,705
INFO	2024-08-30 17:37:30	SinglePassSamProgram	Processed    17,000,000 records.  Elapsed time: 00:01:48s.  Time for last 1,000,000:    5s.  Last read position: chr9:53,594,700
INFO	2024-08-30 17:37:36	SinglePassSamProgram	Processed    18,000,000 records.  Elapsed time: 00:01:53s.  Time for last 1,000,000:    5s.  Last read position: chrX:73,862,785
[Fri Aug 30 17:37:39 CEST 2024] picard.analysis.CollectRnaSeqMetrics done. Elapsed time: 1.96 minutes.
Runtime.totalMemory()=1134559232
[trueStats] Collecting alignment statistics for CD1_E12.5_brain_L3mbtl3_HET_RNA_Ilnytskyy2021_rep1_GSM5416462.bam at [Fri Aug 30 05:38:08 PM CEST 2024]
[preseq] started on CD1_E12.5_brain_L3mbtl3_HET_RNA_Ilnytskyy2021_rep1_GSM5416462.bam at [Fri Aug 30 05:39:34 PM CEST 2024]
[preseq] finished successfully at [Fri Aug 30 05:43:07 PM CEST 2024]
[stringTie] Performing de novo assembly of transcripts at [Fri Aug 30 05:43:29 PM CEST 2024]
Warning: gene "NM_001270423" (on chr2) has reference transcripts on both strands?
Warning: gene "NM_146265" (on chr2) has reference transcripts on both strands?
Warning: gene "NM_001097977" (on chr2) has reference transcripts on both strands?
Warning: gene "NM_001085552" (on chrX) has reference transcripts on both strands?
Warning: gene "NM_001085545" (on chrX) has reference transcripts on both strands?
Warning: gene "NM_001085551" (on chrX) has reference transcripts on both strands?
Warning: gene "NM_001099643" (on chrX) has reference transcripts on both strands?
Warning: gene "NM_001243001" (on chrX) has reference transcripts on both strands?
Warning: gene "NM_001099643" (on chrX) has reference transcripts on both strands?
Warning: gene "NM_001243001" (on chrX) has reference transcripts on both strands?
Warning: gene "NM_001102678" (on chrX) has reference transcripts on both strands?
Warning: gene "NM_001109970" (on chrX) has reference transcripts on both strands?
Warning: gene "NM_001099919" (on chrX) has reference transcripts on both strands?
Warning: gene "NM_001099347" (on chrX) has reference transcripts on both strands?
Warning: gene "NM_001100610" (on chrX) has reference transcripts on both strands?
Warning: gene "NM_001110250" (on chrX) has reference transcripts on both strands?
Warning: gene "NM_001099325" (on chrX) has reference transcripts on both strands?
Warning: gene "NM_001109969" (on chrX) has reference transcripts on both strands?
Warning: gene "NM_001100609" (on chrX) has reference transcripts on both strands?
Warning: gene "NM_009529" (on chrX) has reference transcripts on both strands?
Warning: gene "NM_001102678" (on chrX) has reference transcripts on both strands?
Warning: gene "NM_001109970" (on chrX) has reference transcripts on both strands?
Warning: gene "NM_001099919" (on chrX) has reference transcripts on both strands?
Warning: gene "NM_001099347" (on chrX) has reference transcripts on both strands?
Warning: gene "NM_001100610" (on chrX) has reference transcripts on both strands?
Warning: gene "NM_001110250" (on chrX) has reference transcripts on both strands?
Warning: gene "NM_001099325" (on chrX) has reference transcripts on both strands?
Warning: gene "NM_001109969" (on chrX) has reference transcripts on both strands?
Warning: gene "NM_001085552" (on chrX) has reference transcripts on both strands?
Warning: gene "NM_001085545" (on chrX) has reference transcripts on both strands?
Warning: gene "NM_001085551" (on chrX) has reference transcripts on both strands?
Warning: gene "NM_001085553" (on chrX) has reference transcripts on both strands?
Warning: gene "NM_001243011" (on chrX) has reference transcripts on both strands?
Warning: gene "NM_001270685" (on chrX) has reference transcripts on both strands?
Warning: gene "NM_029106" (on chrX) has reference transcripts on both strands?
Warning: gene "NM_001270685" (on chrX) has reference transcripts on both strands?
Warning: gene "NM_001100609" (on chrX) has reference transcripts on both strands?
Warning: gene "NM_009529" (on chrX) has reference transcripts on both strands?
Warning: gene "NM_001102678" (on chrX) has reference transcripts on both strands?
Warning: gene "NM_001109970" (on chrX) has reference transcripts on both strands?
Warning: gene "NM_001099919" (on chrX) has reference transcripts on both strands?
Warning: gene "NM_001099347" (on chrX) has reference transcripts on both strands?
Warning: gene "NM_001100610" (on chrX) has reference transcripts on both strands?
Warning: gene "NM_001110250" (on chrX) has reference transcripts on both strands?
Warning: gene "NM_001099325" (on chrX) has reference transcripts on both strands?
Warning: gene "NM_001109969" (on chrX) has reference transcripts on both strands?
Warning: gene "NM_001100609" (on chrX) has reference transcripts on both strands?
Warning: gene "NM_009529" (on chrX) has reference transcripts on both strands?
Warning: gene "NM_001102678" (on chrX) has reference transcripts on both strands?
Warning: gene "NM_001109970" (on chrX) has reference transcripts on both strands?
Warning: gene "NM_001099919" (on chrX) has reference transcripts on both strands?
Warning: gene "NM_001099347" (on chrX) has reference transcripts on both strands?
Warning: gene "NM_001100610" (on chrX) has reference transcripts on both strands?
Warning: gene "NM_001110250" (on chrX) has reference transcripts on both strands?
Warning: gene "NM_001099325" (on chrX) has reference transcripts on both strands?
Warning: gene "NM_001109969" (on chrX) has reference transcripts on both strands?
Warning: gene "NM_001163195" (on chrX) has reference transcripts on both strands?
Warning: gene "NM_001126317" (on chrX) has reference transcripts on both strands?
Warning: gene "NM_031171" (on chrX) has reference transcripts on both strands?
Warning: gene "NM_010759" (on chrX) has reference transcripts on both strands?
Warning: gene "NM_001310684" (on chrX) has reference transcripts on both strands?
Warning: gene "NM_001142690" (on chrX) has reference transcripts on both strands?
Warning: gene "NM_001142691" (on chrX) has reference transcripts on both strands?
Warning: gene "NM_001142750" (on chrX) has reference transcripts on both strands?
Warning: gene "NM_153109" (on chrX) has reference transcripts on both strands?
Warning: gene "NM_177918" (on chrX) has reference transcripts on both strands?
Warning: gene "NM_001099321" (on chrX) has reference transcripts on both strands?
Warning: gene "NR_126545" (on chrY) has reference transcripts on both strands?
Warning: gene "NR_126546" (on chrY) has reference transcripts on both strands?
Warning: gene "NM_001113395" (on chrY) has reference transcripts on both strands?
Warning: gene "NM_001177569" (on chrY) has reference transcripts on both strands?
Warning: gene "NM_001160143" (on chrY) has reference transcripts on both strands?
Warning: gene "NM_207162" (on chrY) has reference transcripts on both strands?
Warning: gene "NM_001160143" (on chrY) has reference transcripts on both strands?
Warning: gene "NM_207162" (on chrY) has reference transcripts on both strands?
Warning: gene "NM_001037748" (on chrY) has reference transcripts on both strands?
Warning: gene "NM_001160141" (on chrY) has reference transcripts on both strands?
Warning: gene "NM_001025241" (on chrY) has reference transcripts on both strands?
Warning: gene "NM_001037748" (on chrY) has reference transcripts on both strands?
Warning: gene "NR_038299" (on chrY) has reference transcripts on both strands?
Warning: gene "NM_001160143" (on chrY) has reference transcripts on both strands?
Warning: gene "NM_207162" (on chrY) has reference transcripts on both strands?
Warning: gene "NM_001160143" (on chrY) has reference transcripts on both strands?
Warning: gene "NM_207162" (on chrY) has reference transcripts on both strands?
Warning: gene "NM_001037748" (on chrY) has reference transcripts on both strands?
Warning: gene "NM_001160141" (on chrY) has reference transcripts on both strands?
Warning: gene "NM_023546" (on chrY) has reference transcripts on both strands?
Warning: gene "NM_001160143" (on chrY) has reference transcripts on both strands?
Warning: gene "NM_001037748" (on chrY) has reference transcripts on both strands?
Warning: gene "NM_001160143" (on chrY) has reference transcripts on both strands?
Warning: gene "NM_001037748" (on chrY) has reference transcripts on both strands?
Warning: gene "NM_001160137" (on chrY) has reference transcripts on both strands?
Warning: gene "NM_001160141" (on chrY) has reference transcripts on both strands?
Warning: gene "NM_001025241" (on chrY) has reference transcripts on both strands?
Warning: gene "NM_001037748" (on chrY) has reference transcripts on both strands?
Warning: gene "NM_001037748" (on chrY) has reference transcripts on both strands?
Warning: gene "NM_001160136" (on chrY) has reference transcripts on both strands?
Warning: gene "NM_023546" (on chrY) has reference transcripts on both strands?
Warning: gene "NM_023546" (on chrY) has reference transcripts on both strands?
Warning: gene "NM_001025241" (on chrY) has reference transcripts on both strands?
Warning: gene "NM_001166636" (on chr10) has reference transcripts on both strands?
Warning: gene "NM_001166637" (on chr10) has reference transcripts on both strands?
Warning: gene "NM_001011820" (on chr13) has reference transcripts on both strands?
Warning: gene "NR_045474" (on chr13) has reference transcripts on both strands?
[stringTie] De novo transcriptome assembly completed successfully at [Fri Aug 30 05:44:39 PM CEST 2024]
[bamToWigCPMsmoothKeepDup] Started with bin size: 1 and smoothing over 0 bp and KEEPING DUPLICATES at [Fri Aug 30 05:44:39 PM CEST 2024]
There are 17700432 alignments, of which 70509 are completely within a blacklist region.
Due to filtering, 86.9625429263865% of the aforementioned alignments will be used 15331429.356763888
[bamToWigCPMsmoothKeepDup] finished successfully at [Fri Aug 30 05:51:40 PM CEST 2024]
[file cleanup] started. Good job! at [Fri Aug 30 05:51:40 PM CEST 2024]
cp: cannot stat '*.pdf': No such file or directory
mv: cannot stat '*.bed': No such file or directory
mv: preserving times for '/data/bigWigs/CD1_E12.5_brain_L3mbtl3_HET_RNA_Ilnytskyy2021_rep1_GSM5416462_trimV5_mm10_kpDup_q255_b1_s0_CPM.bw': Operation not permitted
mv: preserving permissions for ‘/data/bigWigs/CD1_E12.5_brain_L3mbtl3_HET_RNA_Ilnytskyy2021_rep1_GSM5416462_trimV5_mm10_kpDup_q255_b1_s0_CPM.bw’: Operation not permitted
mv: preserving times for '/data/bams/CD1_E12.5_brain_L3mbtl3_HET_RNA_Ilnytskyy2021_rep1_GSM5416462_trimV5_mm10.bam': Operation not permitted
mv: preserving permissions for ‘/data/bams/CD1_E12.5_brain_L3mbtl3_HET_RNA_Ilnytskyy2021_rep1_GSM5416462_trimV5_mm10.bam’: Operation not permitted
mv: preserving times for '/data/bams/CD1_E12.5_brain_L3mbtl3_HET_RNA_Ilnytskyy2021_rep1_GSM5416462_trimV5_mm10.bam.bai': Operation not permitted
mv: preserving permissions for ‘/data/bams/CD1_E12.5_brain_L3mbtl3_HET_RNA_Ilnytskyy2021_rep1_GSM5416462_trimV5_mm10.bam.bai’: Operation not permitted
mv: preserving times for '/data/stringTie/CD1_E12.5_brain_L3mbtl3_HET_RNA_Ilnytskyy2021_rep1_GSM5416462_trimV5_mm10.gtf': Operation not permitted
mv: preserving permissions for ‘/data/stringTie/CD1_E12.5_brain_L3mbtl3_HET_RNA_Ilnytskyy2021_rep1_GSM5416462_trimV5_mm10.gtf’: Operation not permitted
