SCRATCH: /scratch
ls: cannot access '/data/fastq/E14_48h_RNApolII_ChIP_Yang2019_GSM3314731*_R2.fastq.gz': No such file or directory
[masterDownload] Data are single-end. at [Wed Jul 3 11:45:27 PM CEST 2024]
[checkDependencies] Checking Dependencies [Wed Jul 3 11:45:27 PM CEST 2024] at [Wed Jul 3 11:45:27 PM CEST 2024]
[setup checkDependencies] trimmomatic... at [Wed Jul 3 11:45:27 PM CEST 2024]
[setup checkDependencies] STAR... at [Wed Jul 3 11:45:27 PM CEST 2024]
[setup checkDependencies] bismark... at [Wed Jul 3 11:45:27 PM CEST 2024]
[setup checkDependencies] bowtie2... at [Wed Jul 3 11:45:27 PM CEST 2024]
[setup checkDependencies] samtools... at [Wed Jul 3 11:45:27 PM CEST 2024]
[setup checkDependencies] picard... at [Wed Jul 3 11:45:27 PM CEST 2024]
[setup checkDependencies] awk... at [Wed Jul 3 11:45:27 PM CEST 2024]
[setup checkDependencies] bamCoverage... at [Wed Jul 3 11:45:27 PM CEST 2024]
[setup checkDependencies] fastqc... at [Wed Jul 3 11:45:27 PM CEST 2024]
[setup checkDependencies] fastq_screen... at [Wed Jul 3 11:45:27 PM CEST 2024]
[setup checkDependencies] stringtie... at [Wed Jul 3 11:45:27 PM CEST 2024]
[setup checkDependencies] clumpify.sh... at [Wed Jul 3 11:45:27 PM CEST 2024]
PAIRED: false
[setUpLogFile] Script started at [Wed Jul 3 11:45:27 PM CEST 2024] at [Wed Jul 3 11:45:27 PM CEST 2024]
[fastQC] started on raw FASTQs at [Wed Jul 3 11:45:27 PM CEST 2024]
Started analysis of E14_48h_RNApolII_ChIP_Yang2019_GSM3314731_raw.fastq.gz
Approx 5% complete for E14_48h_RNApolII_ChIP_Yang2019_GSM3314731_raw.fastq.gz
Approx 10% complete for E14_48h_RNApolII_ChIP_Yang2019_GSM3314731_raw.fastq.gz
Approx 15% complete for E14_48h_RNApolII_ChIP_Yang2019_GSM3314731_raw.fastq.gz
Approx 20% complete for E14_48h_RNApolII_ChIP_Yang2019_GSM3314731_raw.fastq.gz
Approx 25% complete for E14_48h_RNApolII_ChIP_Yang2019_GSM3314731_raw.fastq.gz
Approx 30% complete for E14_48h_RNApolII_ChIP_Yang2019_GSM3314731_raw.fastq.gz
Approx 35% complete for E14_48h_RNApolII_ChIP_Yang2019_GSM3314731_raw.fastq.gz
Approx 40% complete for E14_48h_RNApolII_ChIP_Yang2019_GSM3314731_raw.fastq.gz
Approx 45% complete for E14_48h_RNApolII_ChIP_Yang2019_GSM3314731_raw.fastq.gz
Approx 50% complete for E14_48h_RNApolII_ChIP_Yang2019_GSM3314731_raw.fastq.gz
Approx 55% complete for E14_48h_RNApolII_ChIP_Yang2019_GSM3314731_raw.fastq.gz
Approx 60% complete for E14_48h_RNApolII_ChIP_Yang2019_GSM3314731_raw.fastq.gz
Approx 65% complete for E14_48h_RNApolII_ChIP_Yang2019_GSM3314731_raw.fastq.gz
Approx 70% complete for E14_48h_RNApolII_ChIP_Yang2019_GSM3314731_raw.fastq.gz
Approx 75% complete for E14_48h_RNApolII_ChIP_Yang2019_GSM3314731_raw.fastq.gz
Approx 80% complete for E14_48h_RNApolII_ChIP_Yang2019_GSM3314731_raw.fastq.gz
Approx 85% complete for E14_48h_RNApolII_ChIP_Yang2019_GSM3314731_raw.fastq.gz
Approx 90% complete for E14_48h_RNApolII_ChIP_Yang2019_GSM3314731_raw.fastq.gz
Approx 95% complete for E14_48h_RNApolII_ChIP_Yang2019_GSM3314731_raw.fastq.gz
Analysis complete for E14_48h_RNApolII_ChIP_Yang2019_GSM3314731_raw.fastq.gz
[fastQC] on raw FASTQs finished succesfully. Will remove PCR duplicates now at [Wed Jul 3 11:49:42 PM CEST 2024]
Reads are length: 52 at [Wed Jul 3 11:49:42 PM CEST 2024]
Reads with same sequence 1 or fewer substitutions will be marked as PCR duplicates at [Wed Jul 3 11:49:42 PM CEST 2024]
Removal of PCR duplicates complete! at [Thu Jul 4 12:16:00 AM CEST 2024]
[trimReads] Started using version trimV5 parameters at [Thu Jul 4 12:16:00 AM CEST 2024]
ILLUMINACLIP:/data/reference_genomes/adapters/adapters.fa:2:30:10 SLIDINGWINDOW:4:20 MINLEN:24
[trimReads] Trimming E14_48h_RNApolII_ChIP_Yang2019_GSM3314731.fastq.gz... at [Thu Jul 4 12:16:00 AM CEST 2024]
[trimReads] Finished successfully at [Thu Jul 4 12:26:52 AM CEST 2024]
[fastQC] started on E14_48h_RNApolII_ChIP_Yang2019_GSM3314731.fastq.gz E14_48h_RNApolII_ChIP_Yang2019_GSM3314731_trimV5.fastq.gz at [Thu Jul 4 12:26:52 AM CEST 2024]
Started analysis of E14_48h_RNApolII_ChIP_Yang2019_GSM3314731.fastq.gz
Started analysis of E14_48h_RNApolII_ChIP_Yang2019_GSM3314731_trimV5.fastq.gz
Approx 5% complete for E14_48h_RNApolII_ChIP_Yang2019_GSM3314731_trimV5.fastq.gz
Approx 5% complete for E14_48h_RNApolII_ChIP_Yang2019_GSM3314731.fastq.gz
Approx 10% complete for E14_48h_RNApolII_ChIP_Yang2019_GSM3314731.fastq.gz
Approx 10% complete for E14_48h_RNApolII_ChIP_Yang2019_GSM3314731_trimV5.fastq.gz
Approx 15% complete for E14_48h_RNApolII_ChIP_Yang2019_GSM3314731.fastq.gz
Approx 15% complete for E14_48h_RNApolII_ChIP_Yang2019_GSM3314731_trimV5.fastq.gz
Approx 20% complete for E14_48h_RNApolII_ChIP_Yang2019_GSM3314731.fastq.gz
Approx 20% complete for E14_48h_RNApolII_ChIP_Yang2019_GSM3314731_trimV5.fastq.gz
Approx 25% complete for E14_48h_RNApolII_ChIP_Yang2019_GSM3314731.fastq.gz
Approx 25% complete for E14_48h_RNApolII_ChIP_Yang2019_GSM3314731_trimV5.fastq.gz
Approx 30% complete for E14_48h_RNApolII_ChIP_Yang2019_GSM3314731.fastq.gz
Approx 30% complete for E14_48h_RNApolII_ChIP_Yang2019_GSM3314731_trimV5.fastq.gz
Approx 35% complete for E14_48h_RNApolII_ChIP_Yang2019_GSM3314731.fastq.gz
Approx 35% complete for E14_48h_RNApolII_ChIP_Yang2019_GSM3314731_trimV5.fastq.gz
Approx 40% complete for E14_48h_RNApolII_ChIP_Yang2019_GSM3314731.fastq.gz
Approx 40% complete for E14_48h_RNApolII_ChIP_Yang2019_GSM3314731_trimV5.fastq.gz
Approx 45% complete for E14_48h_RNApolII_ChIP_Yang2019_GSM3314731_trimV5.fastq.gz
Approx 45% complete for E14_48h_RNApolII_ChIP_Yang2019_GSM3314731.fastq.gz
Approx 50% complete for E14_48h_RNApolII_ChIP_Yang2019_GSM3314731_trimV5.fastq.gz
Approx 50% complete for E14_48h_RNApolII_ChIP_Yang2019_GSM3314731.fastq.gz
Approx 55% complete for E14_48h_RNApolII_ChIP_Yang2019_GSM3314731_trimV5.fastq.gz
Approx 55% complete for E14_48h_RNApolII_ChIP_Yang2019_GSM3314731.fastq.gz
Approx 60% complete for E14_48h_RNApolII_ChIP_Yang2019_GSM3314731_trimV5.fastq.gz
Approx 60% complete for E14_48h_RNApolII_ChIP_Yang2019_GSM3314731.fastq.gz
Approx 65% complete for E14_48h_RNApolII_ChIP_Yang2019_GSM3314731_trimV5.fastq.gz
Approx 65% complete for E14_48h_RNApolII_ChIP_Yang2019_GSM3314731.fastq.gz
Approx 70% complete for E14_48h_RNApolII_ChIP_Yang2019_GSM3314731_trimV5.fastq.gz
Approx 70% complete for E14_48h_RNApolII_ChIP_Yang2019_GSM3314731.fastq.gz
Approx 75% complete for E14_48h_RNApolII_ChIP_Yang2019_GSM3314731_trimV5.fastq.gz
Approx 75% complete for E14_48h_RNApolII_ChIP_Yang2019_GSM3314731.fastq.gz
Approx 80% complete for E14_48h_RNApolII_ChIP_Yang2019_GSM3314731_trimV5.fastq.gz
Approx 80% complete for E14_48h_RNApolII_ChIP_Yang2019_GSM3314731.fastq.gz
Approx 85% complete for E14_48h_RNApolII_ChIP_Yang2019_GSM3314731_trimV5.fastq.gz
Approx 85% complete for E14_48h_RNApolII_ChIP_Yang2019_GSM3314731.fastq.gz
Approx 90% complete for E14_48h_RNApolII_ChIP_Yang2019_GSM3314731_trimV5.fastq.gz
Approx 90% complete for E14_48h_RNApolII_ChIP_Yang2019_GSM3314731.fastq.gz
Approx 95% complete for E14_48h_RNApolII_ChIP_Yang2019_GSM3314731.fastq.gz
Approx 95% complete for E14_48h_RNApolII_ChIP_Yang2019_GSM3314731_trimV5.fastq.gz
Analysis complete for E14_48h_RNApolII_ChIP_Yang2019_GSM3314731.fastq.gz
Analysis complete for E14_48h_RNApolII_ChIP_Yang2019_GSM3314731_trimV5.fastq.gz
[fastQC] finished succesfully at [Thu Jul 4 12:30:07 AM CEST 2024]
[bowtie2 alignment] started with reference /data/reference_genomes/mm10/mm10 at [Thu Jul 4 12:30:07 AM CEST 2024]
[alignment] Bowtie2 alignment finished successfully at [Thu Jul 4 01:00:56 AM CEST 2024]
[sam grooming] started at [Thu Jul 4 01:02:58 AM CEST 2024]
01:02:59.463 INFO  NativeLibraryLoader - Loading libgkl_compression.so from jar:file:/home/robin/bin/miniconda3/share/picard-2.26.2-0/picard.jar!/com/intel/gkl/native/libgkl_compression.so
[Thu Jul 04 01:02:59 CEST 2024] CleanSam --INPUT E14_48h_RNApolII_ChIP_Yang2019_GSM3314731_raw.sam --OUTPUT E14_48h_RNApolII_ChIP_Yang2019_GSM3314731_cleaned.sam --TMP_DIR . --VERBOSITY INFO --QUIET false --VALIDATION_STRINGENCY STRICT --COMPRESSION_LEVEL 5 --MAX_RECORDS_IN_RAM 500000 --CREATE_INDEX false --CREATE_MD5_FILE false --GA4GH_CLIENT_SECRETS client_secrets.json --help false --version false --showHidden false --USE_JDK_DEFLATER false --USE_JDK_INFLATER false
[Thu Jul 04 01:02:59 CEST 2024] Executing as robin@epipax.ijm.univ-paris-diderot.priv on Linux 6.1.0-21-amd64 amd64; OpenJDK 64-Bit Server VM 1.8.0_332-b09; Deflater: Intel; Inflater: Intel; Provider GCS is not available; Picard version: Version:2.26.2
INFO	2024-07-04 01:02:59	CleanSam	Seen many non-increasing record positions. Printing Read-names as well.
INFO	2024-07-04 01:03:05	CleanSam	Processed     1,000,000 records.  Elapsed time: 00:00:06s.  Time for last 1,000,000:    6s.  Last read position: chr2:98,666,819.  Last read name: SRR7624419.56005919
INFO	2024-07-04 01:03:10	CleanSam	Processed     2,000,000 records.  Elapsed time: 00:00:11s.  Time for last 1,000,000:    5s.  Last read position: chr10:32,380,853.  Last read name: SRR7624419.53210621
INFO	2024-07-04 01:03:16	CleanSam	Processed     3,000,000 records.  Elapsed time: 00:00:17s.  Time for last 1,000,000:    5s.  Last read position: chr16:35,197,778.  Last read name: SRR7624419.26124164
INFO	2024-07-04 01:03:22	CleanSam	Processed     4,000,000 records.  Elapsed time: 00:00:22s.  Time for last 1,000,000:    5s.  Last read position: chr15:14,856,282.  Last read name: SRR7624419.50420583
INFO	2024-07-04 01:03:27	CleanSam	Processed     5,000,000 records.  Elapsed time: 00:00:27s.  Time for last 1,000,000:    5s.  Last read position: chr7:127,802,910.  Last read name: SRR7624419.41606705
INFO	2024-07-04 01:03:32	CleanSam	Processed     6,000,000 records.  Elapsed time: 00:00:32s.  Time for last 1,000,000:    5s.  Last read position: */*.  Last read name: SRR7624419.10105330
INFO	2024-07-04 01:03:38	CleanSam	Processed     7,000,000 records.  Elapsed time: 00:00:38s.  Time for last 1,000,000:    5s.  Last read position: chrUn_JH584304:78,047.  Last read name: SRR7624419.23248299
INFO	2024-07-04 01:03:43	CleanSam	Processed     8,000,000 records.  Elapsed time: 00:00:43s.  Time for last 1,000,000:    5s.  Last read position: chr7:126,280,991.  Last read name: SRR7624419.2392953
INFO	2024-07-04 01:03:48	CleanSam	Processed     9,000,000 records.  Elapsed time: 00:00:49s.  Time for last 1,000,000:    5s.  Last read position: chr5:43,503,680.  Last read name: SRR7624419.5486804
INFO	2024-07-04 01:03:53	CleanSam	Processed    10,000,000 records.  Elapsed time: 00:00:54s.  Time for last 1,000,000:    5s.  Last read position: chr11:45,299,784.  Last read name: SRR7624419.27195113
INFO	2024-07-04 01:03:59	CleanSam	Processed    11,000,000 records.  Elapsed time: 00:00:59s.  Time for last 1,000,000:    5s.  Last read position: chr9:3,815,193.  Last read name: SRR7624419.28921039
INFO	2024-07-04 01:04:04	CleanSam	Processed    12,000,000 records.  Elapsed time: 00:01:04s.  Time for last 1,000,000:    5s.  Last read position: */*.  Last read name: SRR7624419.9694339
INFO	2024-07-04 01:04:09	CleanSam	Processed    13,000,000 records.  Elapsed time: 00:01:10s.  Time for last 1,000,000:    5s.  Last read position: chr12:3,109,941.  Last read name: SRR7624419.52769097
INFO	2024-07-04 01:04:14	CleanSam	Processed    14,000,000 records.  Elapsed time: 00:01:15s.  Time for last 1,000,000:    5s.  Last read position: */*.  Last read name: SRR7624419.56144829
INFO	2024-07-04 01:04:20	CleanSam	Processed    15,000,000 records.  Elapsed time: 00:01:20s.  Time for last 1,000,000:    5s.  Last read position: chr8:92,819,049.  Last read name: SRR7624419.28881694
INFO	2024-07-04 01:04:25	CleanSam	Processed    16,000,000 records.  Elapsed time: 00:01:26s.  Time for last 1,000,000:    5s.  Last read position: chr7:110,972,477.  Last read name: SRR7624419.31815805
INFO	2024-07-04 01:04:31	CleanSam	Processed    17,000,000 records.  Elapsed time: 00:01:31s.  Time for last 1,000,000:    5s.  Last read position: chr15:91,046,373.  Last read name: SRR7624419.4613317
INFO	2024-07-04 01:04:37	CleanSam	Processed    18,000,000 records.  Elapsed time: 00:01:37s.  Time for last 1,000,000:    5s.  Last read position: chr11:22,435,740.  Last read name: SRR7624419.43132753
INFO	2024-07-04 01:04:43	CleanSam	Processed    19,000,000 records.  Elapsed time: 00:01:43s.  Time for last 1,000,000:    6s.  Last read position: chr3:83,461,746.  Last read name: SRR7624419.34372882
INFO	2024-07-04 01:04:49	CleanSam	Processed    20,000,000 records.  Elapsed time: 00:01:49s.  Time for last 1,000,000:    5s.  Last read position: chr2:98,666,381.  Last read name: SRR7624419.32250917
INFO	2024-07-04 01:04:54	CleanSam	Processed    21,000,000 records.  Elapsed time: 00:01:54s.  Time for last 1,000,000:    5s.  Last read position: chr19:27,892,332.  Last read name: SRR7624419.27931481
INFO	2024-07-04 01:04:59	CleanSam	Processed    22,000,000 records.  Elapsed time: 00:02:00s.  Time for last 1,000,000:    5s.  Last read position: chr11:32,533,273.  Last read name: SRR7624419.10496526
INFO	2024-07-04 01:05:05	CleanSam	Processed    23,000,000 records.  Elapsed time: 00:02:06s.  Time for last 1,000,000:    5s.  Last read position: chr16:20,681,022.  Last read name: SRR7624419.47097654
INFO	2024-07-04 01:05:11	CleanSam	Processed    24,000,000 records.  Elapsed time: 00:02:11s.  Time for last 1,000,000:    5s.  Last read position: chr8:104,533,994.  Last read name: SRR7624419.45072848
INFO	2024-07-04 01:05:16	CleanSam	Processed    25,000,000 records.  Elapsed time: 00:02:17s.  Time for last 1,000,000:    5s.  Last read position: chr7:3,249,143.  Last read name: SRR7624419.19044468
INFO	2024-07-04 01:05:22	CleanSam	Processed    26,000,000 records.  Elapsed time: 00:02:22s.  Time for last 1,000,000:    5s.  Last read position: chr8:114,098,523.  Last read name: SRR7624419.48514346
INFO	2024-07-04 01:05:27	CleanSam	Processed    27,000,000 records.  Elapsed time: 00:02:28s.  Time for last 1,000,000:    5s.  Last read position: chr4:120,967,411.  Last read name: SRR7624419.37822501
INFO	2024-07-04 01:05:33	CleanSam	Processed    28,000,000 records.  Elapsed time: 00:02:33s.  Time for last 1,000,000:    5s.  Last read position: chr9:87,136,862.  Last read name: SRR7624419.45195365
INFO	2024-07-04 01:05:38	CleanSam	Processed    29,000,000 records.  Elapsed time: 00:02:39s.  Time for last 1,000,000:    5s.  Last read position: chrX:45,202,756.  Last read name: SRR7624419.2730535
INFO	2024-07-04 01:05:44	CleanSam	Processed    30,000,000 records.  Elapsed time: 00:02:44s.  Time for last 1,000,000:    5s.  Last read position: chr13:81,193,948.  Last read name: SRR7624419.53640424
INFO	2024-07-04 01:05:49	CleanSam	Processed    31,000,000 records.  Elapsed time: 00:02:49s.  Time for last 1,000,000:    5s.  Last read position: chr12:11,392,903.  Last read name: SRR7624419.17420680
INFO	2024-07-04 01:05:54	CleanSam	Processed    32,000,000 records.  Elapsed time: 00:02:55s.  Time for last 1,000,000:    5s.  Last read position: chr3:15,835,024.  Last read name: SRR7624419.14990102
INFO	2024-07-04 01:06:00	CleanSam	Processed    33,000,000 records.  Elapsed time: 00:03:00s.  Time for last 1,000,000:    5s.  Last read position: chr3:20,880,540.  Last read name: SRR7624419.34319519
INFO	2024-07-04 01:06:05	CleanSam	Processed    34,000,000 records.  Elapsed time: 00:03:06s.  Time for last 1,000,000:    5s.  Last read position: chr17:36,302,075.  Last read name: SRR7624419.45689868
INFO	2024-07-04 01:06:11	CleanSam	Processed    35,000,000 records.  Elapsed time: 00:03:11s.  Time for last 1,000,000:    5s.  Last read position: chr1:103,447,596.  Last read name: SRR7624419.53090669
INFO	2024-07-04 01:06:16	CleanSam	Processed    36,000,000 records.  Elapsed time: 00:03:16s.  Time for last 1,000,000:    5s.  Last read position: chr1:137,394,681.  Last read name: SRR7624419.42923943
INFO	2024-07-04 01:06:21	CleanSam	Processed    37,000,000 records.  Elapsed time: 00:03:22s.  Time for last 1,000,000:    5s.  Last read position: chr8:30,921,116.  Last read name: SRR7624419.12335227
INFO	2024-07-04 01:06:27	CleanSam	Processed    38,000,000 records.  Elapsed time: 00:03:27s.  Time for last 1,000,000:    5s.  Last read position: */*.  Last read name: SRR7624419.183713
INFO	2024-07-04 01:06:32	CleanSam	Processed    39,000,000 records.  Elapsed time: 00:03:32s.  Time for last 1,000,000:    5s.  Last read position: chr2:120,253,459.  Last read name: SRR7624419.29281529
INFO	2024-07-04 01:06:37	CleanSam	Processed    40,000,000 records.  Elapsed time: 00:03:38s.  Time for last 1,000,000:    5s.  Last read position: chr1:59,492,119.  Last read name: SRR7624419.39544170
INFO	2024-07-04 01:06:43	CleanSam	Processed    41,000,000 records.  Elapsed time: 00:03:43s.  Time for last 1,000,000:    5s.  Last read position: chr4:52,702,533.  Last read name: SRR7624419.51265214
INFO	2024-07-04 01:06:48	CleanSam	Processed    42,000,000 records.  Elapsed time: 00:03:49s.  Time for last 1,000,000:    5s.  Last read position: chrX:80,834,226.  Last read name: SRR7624419.55497163
INFO	2024-07-04 01:06:54	CleanSam	Processed    43,000,000 records.  Elapsed time: 00:03:54s.  Time for last 1,000,000:    5s.  Last read position: chr4:48,436,745.  Last read name: SRR7624419.41099468
INFO	2024-07-04 01:06:59	CleanSam	Processed    44,000,000 records.  Elapsed time: 00:03:59s.  Time for last 1,000,000:    5s.  Last read position: chr14:75,251,320.  Last read name: SRR7624419.53744533
[Thu Jul 04 01:07:14 CEST 2024] picard.sam.CleanSam done. Elapsed time: 4.26 minutes.
Runtime.totalMemory()=816840704
01:07:17.214 INFO  NativeLibraryLoader - Loading libgkl_compression.so from jar:file:/home/robin/bin/miniconda3/share/picard-2.26.2-0/picard.jar!/com/intel/gkl/native/libgkl_compression.so
[Thu Jul 04 01:07:17 CEST 2024] SamFormatConverter --INPUT E14_48h_RNApolII_ChIP_Yang2019_GSM3314731_cleaned.sam --OUTPUT E14_48h_RNApolII_ChIP_Yang2019_GSM3314731_unsorted.bam --TMP_DIR . --VERBOSITY INFO --QUIET false --VALIDATION_STRINGENCY STRICT --COMPRESSION_LEVEL 5 --MAX_RECORDS_IN_RAM 500000 --CREATE_INDEX false --CREATE_MD5_FILE false --GA4GH_CLIENT_SECRETS client_secrets.json --help false --version false --showHidden false --USE_JDK_DEFLATER false --USE_JDK_INFLATER false
[Thu Jul 04 01:07:17 CEST 2024] Executing as robin@epipax.ijm.univ-paris-diderot.priv on Linux 6.1.0-21-amd64 amd64; OpenJDK 64-Bit Server VM 1.8.0_332-b09; Deflater: Intel; Inflater: Intel; Provider GCS is not available; Picard version: Version:2.26.2
INFO	2024-07-04 01:07:18	SamFormatConverter	Seen many non-increasing record positions. Printing Read-names as well.
INFO	2024-07-04 01:07:27	SamFormatConverter	Processed     1,000,000 records.  Elapsed time: 00:00:08s.  Time for last 1,000,000:    8s.  Last read position: chr2:98,666,819.  Last read name: SRR7624419.56005919
INFO	2024-07-04 01:07:35	SamFormatConverter	Processed     2,000,000 records.  Elapsed time: 00:00:17s.  Time for last 1,000,000:    8s.  Last read position: chr10:32,380,853.  Last read name: SRR7624419.53210621
INFO	2024-07-04 01:07:44	SamFormatConverter	Processed     3,000,000 records.  Elapsed time: 00:00:25s.  Time for last 1,000,000:    8s.  Last read position: chr16:35,197,778.  Last read name: SRR7624419.26124164
INFO	2024-07-04 01:07:53	SamFormatConverter	Processed     4,000,000 records.  Elapsed time: 00:00:34s.  Time for last 1,000,000:    8s.  Last read position: chr15:14,856,282.  Last read name: SRR7624419.50420583
INFO	2024-07-04 01:08:01	SamFormatConverter	Processed     5,000,000 records.  Elapsed time: 00:00:43s.  Time for last 1,000,000:    8s.  Last read position: chr7:127,802,910.  Last read name: SRR7624419.41606705
INFO	2024-07-04 01:08:10	SamFormatConverter	Processed     6,000,000 records.  Elapsed time: 00:00:51s.  Time for last 1,000,000:    8s.  Last read position: */*.  Last read name: SRR7624419.10105330
INFO	2024-07-04 01:08:18	SamFormatConverter	Processed     7,000,000 records.  Elapsed time: 00:00:59s.  Time for last 1,000,000:    8s.  Last read position: chrUn_JH584304:78,047.  Last read name: SRR7624419.23248299
INFO	2024-07-04 01:08:27	SamFormatConverter	Processed     8,000,000 records.  Elapsed time: 00:01:08s.  Time for last 1,000,000:    8s.  Last read position: chr7:126,280,991.  Last read name: SRR7624419.2392953
INFO	2024-07-04 01:08:35	SamFormatConverter	Processed     9,000,000 records.  Elapsed time: 00:01:16s.  Time for last 1,000,000:    8s.  Last read position: chr5:43,503,680.  Last read name: SRR7624419.5486804
INFO	2024-07-04 01:08:43	SamFormatConverter	Processed    10,000,000 records.  Elapsed time: 00:01:25s.  Time for last 1,000,000:    8s.  Last read position: chr11:45,299,784.  Last read name: SRR7624419.27195113
INFO	2024-07-04 01:08:52	SamFormatConverter	Processed    11,000,000 records.  Elapsed time: 00:01:33s.  Time for last 1,000,000:    8s.  Last read position: chr9:3,815,193.  Last read name: SRR7624419.28921039
INFO	2024-07-04 01:09:01	SamFormatConverter	Processed    12,000,000 records.  Elapsed time: 00:01:42s.  Time for last 1,000,000:    8s.  Last read position: */*.  Last read name: SRR7624419.9694339
INFO	2024-07-04 01:09:09	SamFormatConverter	Processed    13,000,000 records.  Elapsed time: 00:01:50s.  Time for last 1,000,000:    8s.  Last read position: chr12:3,109,941.  Last read name: SRR7624419.52769097
INFO	2024-07-04 01:09:18	SamFormatConverter	Processed    14,000,000 records.  Elapsed time: 00:01:59s.  Time for last 1,000,000:    8s.  Last read position: */*.  Last read name: SRR7624419.56144829
INFO	2024-07-04 01:09:26	SamFormatConverter	Processed    15,000,000 records.  Elapsed time: 00:02:08s.  Time for last 1,000,000:    8s.  Last read position: chr8:92,819,049.  Last read name: SRR7624419.28881694
INFO	2024-07-04 01:09:35	SamFormatConverter	Processed    16,000,000 records.  Elapsed time: 00:02:16s.  Time for last 1,000,000:    8s.  Last read position: chr7:110,972,477.  Last read name: SRR7624419.31815805
INFO	2024-07-04 01:09:43	SamFormatConverter	Processed    17,000,000 records.  Elapsed time: 00:02:25s.  Time for last 1,000,000:    8s.  Last read position: chr15:91,046,373.  Last read name: SRR7624419.4613317
INFO	2024-07-04 01:09:52	SamFormatConverter	Processed    18,000,000 records.  Elapsed time: 00:02:33s.  Time for last 1,000,000:    8s.  Last read position: chr11:22,435,740.  Last read name: SRR7624419.43132753
INFO	2024-07-04 01:10:00	SamFormatConverter	Processed    19,000,000 records.  Elapsed time: 00:02:42s.  Time for last 1,000,000:    8s.  Last read position: chr3:83,461,746.  Last read name: SRR7624419.34372882
INFO	2024-07-04 01:10:08	SamFormatConverter	Processed    20,000,000 records.  Elapsed time: 00:02:50s.  Time for last 1,000,000:    8s.  Last read position: chr2:98,666,381.  Last read name: SRR7624419.32250917
INFO	2024-07-04 01:10:17	SamFormatConverter	Processed    21,000,000 records.  Elapsed time: 00:02:58s.  Time for last 1,000,000:    8s.  Last read position: chr19:27,892,332.  Last read name: SRR7624419.27931481
INFO	2024-07-04 01:10:25	SamFormatConverter	Processed    22,000,000 records.  Elapsed time: 00:03:07s.  Time for last 1,000,000:    8s.  Last read position: chr11:32,533,273.  Last read name: SRR7624419.10496526
INFO	2024-07-04 01:10:34	SamFormatConverter	Processed    23,000,000 records.  Elapsed time: 00:03:15s.  Time for last 1,000,000:    8s.  Last read position: chr16:20,681,022.  Last read name: SRR7624419.47097654
INFO	2024-07-04 01:10:42	SamFormatConverter	Processed    24,000,000 records.  Elapsed time: 00:03:24s.  Time for last 1,000,000:    8s.  Last read position: chr8:104,533,994.  Last read name: SRR7624419.45072848
INFO	2024-07-04 01:10:51	SamFormatConverter	Processed    25,000,000 records.  Elapsed time: 00:03:33s.  Time for last 1,000,000:    8s.  Last read position: chr7:3,249,143.  Last read name: SRR7624419.19044468
INFO	2024-07-04 01:11:00	SamFormatConverter	Processed    26,000,000 records.  Elapsed time: 00:03:41s.  Time for last 1,000,000:    8s.  Last read position: chr8:114,098,523.  Last read name: SRR7624419.48514346
INFO	2024-07-04 01:11:08	SamFormatConverter	Processed    27,000,000 records.  Elapsed time: 00:03:50s.  Time for last 1,000,000:    8s.  Last read position: chr4:120,967,411.  Last read name: SRR7624419.37822501
INFO	2024-07-04 01:11:17	SamFormatConverter	Processed    28,000,000 records.  Elapsed time: 00:03:59s.  Time for last 1,000,000:    8s.  Last read position: chr9:87,136,862.  Last read name: SRR7624419.45195365
INFO	2024-07-04 01:11:26	SamFormatConverter	Processed    29,000,000 records.  Elapsed time: 00:04:07s.  Time for last 1,000,000:    8s.  Last read position: chrX:45,202,756.  Last read name: SRR7624419.2730535
INFO	2024-07-04 01:11:35	SamFormatConverter	Processed    30,000,000 records.  Elapsed time: 00:04:16s.  Time for last 1,000,000:    8s.  Last read position: chr13:81,193,948.  Last read name: SRR7624419.53640424
INFO	2024-07-04 01:11:43	SamFormatConverter	Processed    31,000,000 records.  Elapsed time: 00:04:25s.  Time for last 1,000,000:    8s.  Last read position: chr12:11,392,903.  Last read name: SRR7624419.17420680
INFO	2024-07-04 01:11:52	SamFormatConverter	Processed    32,000,000 records.  Elapsed time: 00:04:34s.  Time for last 1,000,000:    8s.  Last read position: chr3:15,835,024.  Last read name: SRR7624419.14990102
INFO	2024-07-04 01:12:01	SamFormatConverter	Processed    33,000,000 records.  Elapsed time: 00:04:42s.  Time for last 1,000,000:    8s.  Last read position: chr3:20,880,540.  Last read name: SRR7624419.34319519
INFO	2024-07-04 01:12:09	SamFormatConverter	Processed    34,000,000 records.  Elapsed time: 00:04:51s.  Time for last 1,000,000:    8s.  Last read position: chr17:36,302,075.  Last read name: SRR7624419.45689868
INFO	2024-07-04 01:12:18	SamFormatConverter	Processed    35,000,000 records.  Elapsed time: 00:04:59s.  Time for last 1,000,000:    8s.  Last read position: chr1:103,447,596.  Last read name: SRR7624419.53090669
INFO	2024-07-04 01:12:26	SamFormatConverter	Processed    36,000,000 records.  Elapsed time: 00:05:07s.  Time for last 1,000,000:    8s.  Last read position: chr1:137,394,681.  Last read name: SRR7624419.42923943
INFO	2024-07-04 01:12:34	SamFormatConverter	Processed    37,000,000 records.  Elapsed time: 00:05:15s.  Time for last 1,000,000:    8s.  Last read position: chr8:30,921,116.  Last read name: SRR7624419.12335227
INFO	2024-07-04 01:12:43	SamFormatConverter	Processed    38,000,000 records.  Elapsed time: 00:05:24s.  Time for last 1,000,000:    8s.  Last read position: */*.  Last read name: SRR7624419.183713
INFO	2024-07-04 01:12:51	SamFormatConverter	Processed    39,000,000 records.  Elapsed time: 00:05:32s.  Time for last 1,000,000:    8s.  Last read position: chr2:120,253,459.  Last read name: SRR7624419.29281529
INFO	2024-07-04 01:13:00	SamFormatConverter	Processed    40,000,000 records.  Elapsed time: 00:05:41s.  Time for last 1,000,000:    8s.  Last read position: chr1:59,492,119.  Last read name: SRR7624419.39544170
INFO	2024-07-04 01:13:08	SamFormatConverter	Processed    41,000,000 records.  Elapsed time: 00:05:49s.  Time for last 1,000,000:    8s.  Last read position: chr4:52,702,533.  Last read name: SRR7624419.51265214
INFO	2024-07-04 01:13:17	SamFormatConverter	Processed    42,000,000 records.  Elapsed time: 00:05:58s.  Time for last 1,000,000:    8s.  Last read position: chrX:80,834,226.  Last read name: SRR7624419.55497163
INFO	2024-07-04 01:13:25	SamFormatConverter	Processed    43,000,000 records.  Elapsed time: 00:06:07s.  Time for last 1,000,000:    8s.  Last read position: chr4:48,436,745.  Last read name: SRR7624419.41099468
INFO	2024-07-04 01:13:33	SamFormatConverter	Processed    44,000,000 records.  Elapsed time: 00:06:15s.  Time for last 1,000,000:    8s.  Last read position: chr14:75,251,320.  Last read name: SRR7624419.53744533
[Thu Jul 04 01:13:42 CEST 2024] picard.sam.SamFormatConverter done. Elapsed time: 6.42 minutes.
Runtime.totalMemory()=764936192
01:13:44.099 INFO  NativeLibraryLoader - Loading libgkl_compression.so from jar:file:/home/robin/bin/miniconda3/share/picard-2.26.2-0/picard.jar!/com/intel/gkl/native/libgkl_compression.so
[Thu Jul 04 01:13:44 CEST 2024] SortSam --INPUT E14_48h_RNApolII_ChIP_Yang2019_GSM3314731_unsorted.bam --OUTPUT E14_48h_RNApolII_ChIP_Yang2019_GSM3314731_sorted.bam --SORT_ORDER coordinate --TMP_DIR . --VERBOSITY INFO --QUIET false --VALIDATION_STRINGENCY STRICT --COMPRESSION_LEVEL 5 --MAX_RECORDS_IN_RAM 500000 --CREATE_INDEX false --CREATE_MD5_FILE false --GA4GH_CLIENT_SECRETS client_secrets.json --help false --version false --showHidden false --USE_JDK_DEFLATER false --USE_JDK_INFLATER false
[Thu Jul 04 01:13:44 CEST 2024] Executing as robin@epipax.ijm.univ-paris-diderot.priv on Linux 6.1.0-21-amd64 amd64; OpenJDK 64-Bit Server VM 1.8.0_332-b09; Deflater: Intel; Inflater: Intel; Provider GCS is not available; Picard version: Version:2.26.2
INFO	2024-07-04 01:13:44	SortSam	Seen many non-increasing record positions. Printing Read-names as well.
INFO	2024-07-04 01:14:43	SortSam	Read    10,000,000 records.  Elapsed time: 00:00:59s.  Time for last 10,000,000:   59s.  Last read position: chr11:45,299,784.  Last read name: SRR7624419.27195113
INFO	2024-07-04 01:15:40	SortSam	Read    20,000,000 records.  Elapsed time: 00:01:55s.  Time for last 10,000,000:   56s.  Last read position: chr2:98,666,381.  Last read name: SRR7624419.32250917
INFO	2024-07-04 01:16:47	SortSam	Read    30,000,000 records.  Elapsed time: 00:03:02s.  Time for last 10,000,000:   66s.  Last read position: chr13:81,193,948.  Last read name: SRR7624419.53640424
INFO	2024-07-04 01:17:48	SortSam	Read    40,000,000 records.  Elapsed time: 00:04:04s.  Time for last 10,000,000:   61s.  Last read position: chr1:59,492,119.  Last read name: SRR7624419.39544170
INFO	2024-07-04 01:18:18	SortSam	Finished reading inputs, merging and writing to output now.
INFO	2024-07-04 01:19:07	SortSam	Wrote    10,000,000 records from a sorting collection.  Elapsed time: 00:05:23s.  Time for last 10,000,000:   47s.  Last read position: chr4:59,063,423
INFO	2024-07-04 01:19:55	SortSam	Wrote    20,000,000 records from a sorting collection.  Elapsed time: 00:06:11s.  Time for last 10,000,000:   48s.  Last read position: chr8:48,508,055
INFO	2024-07-04 01:20:47	SortSam	Wrote    30,000,000 records from a sorting collection.  Elapsed time: 00:07:02s.  Time for last 10,000,000:   51s.  Last read position: chr12:109,948,729
INFO	2024-07-04 01:21:36	SortSam	Wrote    40,000,000 records from a sorting collection.  Elapsed time: 00:07:52s.  Time for last 10,000,000:   49s.  Last read position: chr18:42,621,291
[Thu Jul 04 01:22:08 CEST 2024] picard.sam.SortSam done. Elapsed time: 8.41 minutes.
Runtime.totalMemory()=1732247552
01:22:10.466 INFO  NativeLibraryLoader - Loading libgkl_compression.so from jar:file:/home/robin/bin/miniconda3/share/picard-2.26.2-0/picard.jar!/com/intel/gkl/native/libgkl_compression.so
[Thu Jul 04 01:22:10 CEST 2024] MarkDuplicates --INPUT E14_48h_RNApolII_ChIP_Yang2019_GSM3314731_sorted.bam --OUTPUT E14_48h_RNApolII_ChIP_Yang2019_GSM3314731.bam --METRICS_FILE E14_48h_RNApolII_ChIP_Yang2019_GSM3314731_markDupeMetrics.txt --REMOVE_DUPLICATES false --TMP_DIR . --MAX_SEQUENCES_FOR_DISK_READ_ENDS_MAP 50000 --MAX_FILE_HANDLES_FOR_READ_ENDS_MAP 8000 --SORTING_COLLECTION_SIZE_RATIO 0.25 --TAG_DUPLICATE_SET_MEMBERS false --REMOVE_SEQUENCING_DUPLICATES false --TAGGING_POLICY DontTag --CLEAR_DT true --DUPLEX_UMI false --ADD_PG_TAG_TO_READS true --ASSUME_SORTED false --DUPLICATE_SCORING_STRATEGY SUM_OF_BASE_QUALITIES --PROGRAM_RECORD_ID MarkDuplicates --PROGRAM_GROUP_NAME MarkDuplicates --READ_NAME_REGEX <optimized capture of last three ':' separated fields as numeric values> --OPTICAL_DUPLICATE_PIXEL_DISTANCE 100 --MAX_OPTICAL_DUPLICATE_SET_SIZE 300000 --VERBOSITY INFO --QUIET false --VALIDATION_STRINGENCY STRICT --COMPRESSION_LEVEL 5 --MAX_RECORDS_IN_RAM 500000 --CREATE_INDEX false --CREATE_MD5_FILE false --GA4GH_CLIENT_SECRETS client_secrets.json --help false --version false --showHidden false --USE_JDK_DEFLATER false --USE_JDK_INFLATER false
[Thu Jul 04 01:22:10 CEST 2024] Executing as robin@epipax.ijm.univ-paris-diderot.priv on Linux 6.1.0-21-amd64 amd64; OpenJDK 64-Bit Server VM 1.8.0_332-b09; Deflater: Intel; Inflater: Intel; Provider GCS is not available; Picard version: Version:2.26.2
INFO	2024-07-04 01:22:10	MarkDuplicates	Start of doWork freeMemory: 501502880; totalMemory: 514850816; maxMemory: 1908932608
INFO	2024-07-04 01:22:10	MarkDuplicates	Reading input file and constructing read end information.
INFO	2024-07-04 01:22:10	MarkDuplicates	Will retain up to 6916422 data points before spilling to disk.
WARNING	2024-07-04 01:22:10	AbstractOpticalDuplicateFinderCommandLineProgram	A field field parsed out of a read name was expected to contain an integer and did not. Read name: SRR7624419.3752872. Cause: String 'SRR7624419.3752872' did not start with a parsable number.
INFO	2024-07-04 01:22:16	MarkDuplicates	Read     1,000,000 records.  Elapsed time: 00:00:05s.  Time for last 1,000,000:    5s.  Last read position: chr1:64,639,922
INFO	2024-07-04 01:22:16	MarkDuplicates	Tracking 0 as yet unmatched pairs. 0 records in RAM.
INFO	2024-07-04 01:22:20	MarkDuplicates	Read     2,000,000 records.  Elapsed time: 00:00:09s.  Time for last 1,000,000:    3s.  Last read position: chr1:127,480,899
INFO	2024-07-04 01:22:20	MarkDuplicates	Tracking 0 as yet unmatched pairs. 0 records in RAM.
INFO	2024-07-04 01:22:24	MarkDuplicates	Read     3,000,000 records.  Elapsed time: 00:00:13s.  Time for last 1,000,000:    4s.  Last read position: chr1:185,243,176
INFO	2024-07-04 01:22:24	MarkDuplicates	Tracking 0 as yet unmatched pairs. 0 records in RAM.
INFO	2024-07-04 01:22:31	MarkDuplicates	Read     4,000,000 records.  Elapsed time: 00:00:20s.  Time for last 1,000,000:    7s.  Last read position: chr2:50,104,442
INFO	2024-07-04 01:22:31	MarkDuplicates	Tracking 0 as yet unmatched pairs. 0 records in RAM.
INFO	2024-07-04 01:22:36	MarkDuplicates	Read     5,000,000 records.  Elapsed time: 00:00:25s.  Time for last 1,000,000:    4s.  Last read position: chr2:98,667,123
INFO	2024-07-04 01:22:36	MarkDuplicates	Tracking 0 as yet unmatched pairs. 0 records in RAM.
INFO	2024-07-04 01:22:39	MarkDuplicates	Read     6,000,000 records.  Elapsed time: 00:00:28s.  Time for last 1,000,000:    3s.  Last read position: chr2:153,666,358
INFO	2024-07-04 01:22:39	MarkDuplicates	Tracking 0 as yet unmatched pairs. 0 records in RAM.
INFO	2024-07-04 01:22:47	MarkDuplicates	Read     7,000,000 records.  Elapsed time: 00:00:36s.  Time for last 1,000,000:    7s.  Last read position: chr3:32,584,874
INFO	2024-07-04 01:22:47	MarkDuplicates	Tracking 0 as yet unmatched pairs. 0 records in RAM.
INFO	2024-07-04 01:22:50	MarkDuplicates	Read     8,000,000 records.  Elapsed time: 00:00:39s.  Time for last 1,000,000:    3s.  Last read position: chr3:94,235,171
INFO	2024-07-04 01:22:50	MarkDuplicates	Tracking 0 as yet unmatched pairs. 0 records in RAM.
INFO	2024-07-04 01:22:55	MarkDuplicates	Read     9,000,000 records.  Elapsed time: 00:00:44s.  Time for last 1,000,000:    4s.  Last read position: chr3:153,275,627
INFO	2024-07-04 01:22:55	MarkDuplicates	Tracking 0 as yet unmatched pairs. 0 records in RAM.
INFO	2024-07-04 01:22:59	MarkDuplicates	Read    10,000,000 records.  Elapsed time: 00:00:48s.  Time for last 1,000,000:    3s.  Last read position: chr4:59,063,423
INFO	2024-07-04 01:22:59	MarkDuplicates	Tracking 0 as yet unmatched pairs. 0 records in RAM.
INFO	2024-07-04 01:23:03	MarkDuplicates	Read    11,000,000 records.  Elapsed time: 00:00:52s.  Time for last 1,000,000:    3s.  Last read position: chr4:122,575,222
INFO	2024-07-04 01:23:03	MarkDuplicates	Tracking 0 as yet unmatched pairs. 0 records in RAM.
INFO	2024-07-04 01:23:07	MarkDuplicates	Read    12,000,000 records.  Elapsed time: 00:00:56s.  Time for last 1,000,000:    4s.  Last read position: chr5:17,964,527
INFO	2024-07-04 01:23:07	MarkDuplicates	Tracking 0 as yet unmatched pairs. 0 records in RAM.
INFO	2024-07-04 01:23:14	MarkDuplicates	Read    13,000,000 records.  Elapsed time: 00:01:03s.  Time for last 1,000,000:    6s.  Last read position: chr5:78,604,092
INFO	2024-07-04 01:23:14	MarkDuplicates	Tracking 0 as yet unmatched pairs. 0 records in RAM.
INFO	2024-07-04 01:23:21	MarkDuplicates	Read    14,000,000 records.  Elapsed time: 00:01:10s.  Time for last 1,000,000:    7s.  Last read position: chr5:135,143,877
INFO	2024-07-04 01:23:21	MarkDuplicates	Tracking 0 as yet unmatched pairs. 0 records in RAM.
INFO	2024-07-04 01:23:26	MarkDuplicates	Read    15,000,000 records.  Elapsed time: 00:01:15s.  Time for last 1,000,000:    4s.  Last read position: chr6:44,435,135
INFO	2024-07-04 01:23:26	MarkDuplicates	Tracking 0 as yet unmatched pairs. 0 records in RAM.
INFO	2024-07-04 01:23:31	MarkDuplicates	Read    16,000,000 records.  Elapsed time: 00:01:20s.  Time for last 1,000,000:    4s.  Last read position: chr6:103,649,168
INFO	2024-07-04 01:23:31	MarkDuplicates	Tracking 0 as yet unmatched pairs. 0 records in RAM.
INFO	2024-07-04 01:23:35	MarkDuplicates	Read    17,000,000 records.  Elapsed time: 00:01:24s.  Time for last 1,000,000:    4s.  Last read position: chr7:15,167,016
INFO	2024-07-04 01:23:35	MarkDuplicates	Tracking 0 as yet unmatched pairs. 0 records in RAM.
INFO	2024-07-04 01:23:39	MarkDuplicates	Read    18,000,000 records.  Elapsed time: 00:01:28s.  Time for last 1,000,000:    3s.  Last read position: chr7:76,727,831
INFO	2024-07-04 01:23:39	MarkDuplicates	Tracking 0 as yet unmatched pairs. 0 records in RAM.
INFO	2024-07-04 01:23:45	MarkDuplicates	Read    19,000,000 records.  Elapsed time: 00:01:34s.  Time for last 1,000,000:    6s.  Last read position: chr7:133,028,184
INFO	2024-07-04 01:23:45	MarkDuplicates	Tracking 0 as yet unmatched pairs. 0 records in RAM.
INFO	2024-07-04 01:23:50	MarkDuplicates	Read    20,000,000 records.  Elapsed time: 00:01:39s.  Time for last 1,000,000:    5s.  Last read position: chr8:48,508,055
INFO	2024-07-04 01:23:50	MarkDuplicates	Tracking 0 as yet unmatched pairs. 0 records in RAM.
INFO	2024-07-04 01:23:57	MarkDuplicates	Read    21,000,000 records.  Elapsed time: 00:01:46s.  Time for last 1,000,000:    7s.  Last read position: chr8:107,270,899
INFO	2024-07-04 01:23:57	MarkDuplicates	Tracking 0 as yet unmatched pairs. 0 records in RAM.
INFO	2024-07-04 01:24:02	MarkDuplicates	Read    22,000,000 records.  Elapsed time: 00:01:51s.  Time for last 1,000,000:    4s.  Last read position: chr9:30,050,994
INFO	2024-07-04 01:24:02	MarkDuplicates	Tracking 0 as yet unmatched pairs. 0 records in RAM.
INFO	2024-07-04 01:24:07	MarkDuplicates	Read    23,000,000 records.  Elapsed time: 00:01:56s.  Time for last 1,000,000:    4s.  Last read position: chr9:83,052,840
INFO	2024-07-04 01:24:07	MarkDuplicates	Tracking 0 as yet unmatched pairs. 0 records in RAM.
INFO	2024-07-04 01:24:12	MarkDuplicates	Read    24,000,000 records.  Elapsed time: 00:02:01s.  Time for last 1,000,000:    5s.  Last read position: chr10:19,310,766
INFO	2024-07-04 01:24:12	MarkDuplicates	Tracking 0 as yet unmatched pairs. 0 records in RAM.
INFO	2024-07-04 01:24:16	MarkDuplicates	Read    25,000,000 records.  Elapsed time: 00:02:05s.  Time for last 1,000,000:    3s.  Last read position: chr10:78,068,213
INFO	2024-07-04 01:24:16	MarkDuplicates	Tracking 0 as yet unmatched pairs. 0 records in RAM.
INFO	2024-07-04 01:24:22	MarkDuplicates	Read    26,000,000 records.  Elapsed time: 00:02:11s.  Time for last 1,000,000:    6s.  Last read position: chr11:5,739,719
INFO	2024-07-04 01:24:22	MarkDuplicates	Tracking 0 as yet unmatched pairs. 0 records in RAM.
INFO	2024-07-04 01:24:26	MarkDuplicates	Read    27,000,000 records.  Elapsed time: 00:02:15s.  Time for last 1,000,000:    4s.  Last read position: chr11:62,603,897
INFO	2024-07-04 01:24:26	MarkDuplicates	Tracking 0 as yet unmatched pairs. 0 records in RAM.
INFO	2024-07-04 01:24:33	MarkDuplicates	Read    28,000,000 records.  Elapsed time: 00:02:22s.  Time for last 1,000,000:    6s.  Last read position: chr11:111,584,183
INFO	2024-07-04 01:24:33	MarkDuplicates	Tracking 0 as yet unmatched pairs. 0 records in RAM.
INFO	2024-07-04 01:24:38	MarkDuplicates	Read    29,000,000 records.  Elapsed time: 00:02:27s.  Time for last 1,000,000:    4s.  Last read position: chr12:51,768,285
INFO	2024-07-04 01:24:38	MarkDuplicates	Tracking 0 as yet unmatched pairs. 0 records in RAM.
INFO	2024-07-04 01:24:43	MarkDuplicates	Read    30,000,000 records.  Elapsed time: 00:02:32s.  Time for last 1,000,000:    5s.  Last read position: chr12:109,948,729
INFO	2024-07-04 01:24:43	MarkDuplicates	Tracking 0 as yet unmatched pairs. 0 records in RAM.
INFO	2024-07-04 01:24:47	MarkDuplicates	Read    31,000,000 records.  Elapsed time: 00:02:36s.  Time for last 1,000,000:    3s.  Last read position: chr13:49,977,100
INFO	2024-07-04 01:24:47	MarkDuplicates	Tracking 0 as yet unmatched pairs. 0 records in RAM.
INFO	2024-07-04 01:24:52	MarkDuplicates	Read    32,000,000 records.  Elapsed time: 00:02:41s.  Time for last 1,000,000:    5s.  Last read position: chr13:107,719,151
INFO	2024-07-04 01:24:52	MarkDuplicates	Tracking 0 as yet unmatched pairs. 0 records in RAM.
INFO	2024-07-04 01:24:57	MarkDuplicates	Read    33,000,000 records.  Elapsed time: 00:02:46s.  Time for last 1,000,000:    5s.  Last read position: chr14:40,297,628
INFO	2024-07-04 01:24:57	MarkDuplicates	Tracking 0 as yet unmatched pairs. 0 records in RAM.
INFO	2024-07-04 01:25:04	MarkDuplicates	Read    34,000,000 records.  Elapsed time: 00:02:53s.  Time for last 1,000,000:    6s.  Last read position: chr14:101,763,807
INFO	2024-07-04 01:25:04	MarkDuplicates	Tracking 0 as yet unmatched pairs. 0 records in RAM.
INFO	2024-07-04 01:25:11	MarkDuplicates	Read    35,000,000 records.  Elapsed time: 00:03:00s.  Time for last 1,000,000:    6s.  Last read position: chr15:44,116,868
INFO	2024-07-04 01:25:11	MarkDuplicates	Tracking 0 as yet unmatched pairs. 0 records in RAM.
INFO	2024-07-04 01:25:18	MarkDuplicates	Read    36,000,000 records.  Elapsed time: 00:03:07s.  Time for last 1,000,000:    6s.  Last read position: chr15:100,517,644
INFO	2024-07-04 01:25:18	MarkDuplicates	Tracking 0 as yet unmatched pairs. 0 records in RAM.
INFO	2024-07-04 01:25:22	MarkDuplicates	Read    37,000,000 records.  Elapsed time: 00:03:11s.  Time for last 1,000,000:    4s.  Last read position: chr16:55,663,066
INFO	2024-07-04 01:25:22	MarkDuplicates	Tracking 0 as yet unmatched pairs. 0 records in RAM.
INFO	2024-07-04 01:25:27	MarkDuplicates	Read    38,000,000 records.  Elapsed time: 00:03:16s.  Time for last 1,000,000:    4s.  Last read position: chr17:22,406,767
INFO	2024-07-04 01:25:27	MarkDuplicates	Tracking 0 as yet unmatched pairs. 0 records in RAM.
INFO	2024-07-04 01:25:31	MarkDuplicates	Read    39,000,000 records.  Elapsed time: 00:03:19s.  Time for last 1,000,000:    3s.  Last read position: chr17:74,744,427
INFO	2024-07-04 01:25:31	MarkDuplicates	Tracking 0 as yet unmatched pairs. 0 records in RAM.
INFO	2024-07-04 01:25:35	MarkDuplicates	Read    40,000,000 records.  Elapsed time: 00:03:24s.  Time for last 1,000,000:    4s.  Last read position: chr18:42,621,291
INFO	2024-07-04 01:25:35	MarkDuplicates	Tracking 0 as yet unmatched pairs. 0 records in RAM.
INFO	2024-07-04 01:25:38	MarkDuplicates	Read    41,000,000 records.  Elapsed time: 00:03:27s.  Time for last 1,000,000:    3s.  Last read position: chr19:12,611,564
INFO	2024-07-04 01:25:38	MarkDuplicates	Tracking 0 as yet unmatched pairs. 0 records in RAM.
INFO	2024-07-04 01:25:45	MarkDuplicates	Read    42,000,000 records.  Elapsed time: 00:03:34s.  Time for last 1,000,000:    6s.  Last read position: chrX:20,592,353
INFO	2024-07-04 01:25:45	MarkDuplicates	Tracking 0 as yet unmatched pairs. 0 records in RAM.
INFO	2024-07-04 01:25:51	MarkDuplicates	Read    43,000,000 records.  Elapsed time: 00:03:40s.  Time for last 1,000,000:    5s.  Last read position: chrX:143,527,227
INFO	2024-07-04 01:25:51	MarkDuplicates	Tracking 0 as yet unmatched pairs. 0 records in RAM.
INFO	2024-07-04 01:25:55	MarkDuplicates	Read    44,000,000 records.  Elapsed time: 00:03:45s.  Time for last 1,000,000:    4s.  Last read position: chrUn_JH584304:95,811
INFO	2024-07-04 01:25:55	MarkDuplicates	Tracking 0 as yet unmatched pairs. 0 records in RAM.
INFO	2024-07-04 01:25:56	MarkDuplicates	Read 44056875 records. 0 pairs never matched.
INFO	2024-07-04 01:25:57	MarkDuplicates	After buildSortedReadEndLists freeMemory: 1481880984; totalMemory: 1527250944; maxMemory: 1908932608
INFO	2024-07-04 01:25:57	MarkDuplicates	Will retain up to 59654144 duplicate indices before spilling to disk.
INFO	2024-07-04 01:25:57	MarkDuplicates	Traversing read pair information and detecting duplicates.
INFO	2024-07-04 01:25:57	MarkDuplicates	Traversing fragment information and detecting duplicates.
INFO	2024-07-04 01:26:10	MarkDuplicates	Sorting list of duplicate records.
INFO	2024-07-04 01:26:10	MarkDuplicates	After generateDuplicateIndexes freeMemory: 1000493312; totalMemory: 1494745088; maxMemory: 1908932608
INFO	2024-07-04 01:26:10	MarkDuplicates	Marking 713028 records as duplicates.
INFO	2024-07-04 01:26:10	MarkDuplicates	Found 0 optical duplicate clusters.
INFO	2024-07-04 01:26:10	MarkDuplicates	Reads are assumed to be ordered by: coordinate
INFO	2024-07-04 01:27:33	MarkDuplicates	Written    10,000,000 records.  Elapsed time: 00:01:22s.  Time for last 10,000,000:   82s.  Last read position: chr4:59,063,423
INFO	2024-07-04 01:28:49	MarkDuplicates	Written    20,000,000 records.  Elapsed time: 00:02:38s.  Time for last 10,000,000:   76s.  Last read position: chr8:48,508,055
INFO	2024-07-04 01:30:09	MarkDuplicates	Written    30,000,000 records.  Elapsed time: 00:03:58s.  Time for last 10,000,000:   79s.  Last read position: chr12:109,948,729
INFO	2024-07-04 01:31:35	MarkDuplicates	Written    40,000,000 records.  Elapsed time: 00:05:24s.  Time for last 10,000,000:   86s.  Last read position: chr18:42,621,291
INFO	2024-07-04 01:32:14	MarkDuplicates	Writing complete. Closing input iterator.
INFO	2024-07-04 01:32:14	MarkDuplicates	Duplicate Index cleanup.
INFO	2024-07-04 01:32:14	MarkDuplicates	Getting Memory Stats.
INFO	2024-07-04 01:32:14	MarkDuplicates	Before output close freeMemory: 1535863488; totalMemory: 1554513920; maxMemory: 1908932608
INFO	2024-07-04 01:32:18	MarkDuplicates	Closed outputs. Getting more Memory Stats.
INFO	2024-07-04 01:32:18	MarkDuplicates	After output close freeMemory: 1535863312; totalMemory: 1554513920; maxMemory: 1908932608
[Thu Jul 04 01:32:18 CEST 2024] picard.sam.markduplicates.MarkDuplicates done. Elapsed time: 10.14 minutes.
Runtime.totalMemory()=1554513920
[sam grooming] finished successfully at [Thu Jul 4 01:32:35 AM CEST 2024]
[trueStats] Collecting alignment statistics for E14_48h_RNApolII_ChIP_Yang2019_GSM3314731.bam at [Thu Jul 4 01:33:39 AM CEST 2024]
[bamToWigCPMsmoothKeepDup] Started with bin size: 1 and smoothing over 0 bp and KEEPING DUPLICATES at [Thu Jul 4 01:38:30 AM CEST 2024]
There are 42133836 alignments, of which 614065 are completely within a blacklist region.
Due to filtering, 88.92141853736229% of the aforementioned alignments will be used 36919969.34666437
[bamToWigCPMsmoothKeepDup] finished successfully at [Thu Jul 4 02:00:16 AM CEST 2024]
[file cleanup] started. Good job! at [Thu Jul 4 02:00:16 AM CEST 2024]
cp: cannot stat '*.pdf': No such file or directory
mv: cannot stat '*.bed': No such file or directory
mv: preserving times for '/data/bigWigs/E14_48h_RNApolII_ChIP_Yang2019_GSM3314731_trimV5_mm10_kpDup_q10_b1_s0_CPM.bw': Operation not permitted
mv: preserving permissions for ‘/data/bigWigs/E14_48h_RNApolII_ChIP_Yang2019_GSM3314731_trimV5_mm10_kpDup_q10_b1_s0_CPM.bw’: Operation not permitted
mv: preserving times for '/data/bams/E14_48h_RNApolII_ChIP_Yang2019_GSM3314731_trimV5_mm10.bam': Operation not permitted
mv: preserving permissions for ‘/data/bams/E14_48h_RNApolII_ChIP_Yang2019_GSM3314731_trimV5_mm10.bam’: Operation not permitted
mv: preserving times for '/data/bams/E14_48h_RNApolII_ChIP_Yang2019_GSM3314731_trimV5_mm10.bam.bai': Operation not permitted
mv: preserving permissions for ‘/data/bams/E14_48h_RNApolII_ChIP_Yang2019_GSM3314731_trimV5_mm10.bam.bai’: Operation not permitted
mv: cannot stat '*.gtf': No such file or directory
