SCRATCH: /scratch
ls: cannot access '/data/fastq/E14_0h_H3K4me3_ChIP_Yang2019_GSM3314693*_R2.fastq.gz': No such file or directory
[masterDownload] Data are single-end. at [Wed Jul 3 06:22:38 PM CEST 2024]
[checkDependencies] Checking Dependencies [Wed Jul 3 06:22:38 PM CEST 2024] at [Wed Jul 3 06:22:38 PM CEST 2024]
[setup checkDependencies] trimmomatic... at [Wed Jul 3 06:22:38 PM CEST 2024]
[setup checkDependencies] STAR... at [Wed Jul 3 06:22:39 PM CEST 2024]
[setup checkDependencies] bismark... at [Wed Jul 3 06:22:39 PM CEST 2024]
[setup checkDependencies] bowtie2... at [Wed Jul 3 06:22:39 PM CEST 2024]
[setup checkDependencies] samtools... at [Wed Jul 3 06:22:39 PM CEST 2024]
[setup checkDependencies] picard... at [Wed Jul 3 06:22:39 PM CEST 2024]
[setup checkDependencies] awk... at [Wed Jul 3 06:22:39 PM CEST 2024]
[setup checkDependencies] bamCoverage... at [Wed Jul 3 06:22:39 PM CEST 2024]
[setup checkDependencies] fastqc... at [Wed Jul 3 06:22:39 PM CEST 2024]
[setup checkDependencies] fastq_screen... at [Wed Jul 3 06:22:39 PM CEST 2024]
[setup checkDependencies] stringtie... at [Wed Jul 3 06:22:39 PM CEST 2024]
[setup checkDependencies] clumpify.sh... at [Wed Jul 3 06:22:39 PM CEST 2024]
PAIRED: false
[setUpLogFile] Script started at [Wed Jul 3 06:22:39 PM CEST 2024] at [Wed Jul 3 06:22:39 PM CEST 2024]
[fastQC] started on raw FASTQs at [Wed Jul 3 06:22:39 PM CEST 2024]
Started analysis of E14_0h_H3K4me3_ChIP_Yang2019_GSM3314693_raw.fastq.gz
Approx 5% complete for E14_0h_H3K4me3_ChIP_Yang2019_GSM3314693_raw.fastq.gz
Approx 10% complete for E14_0h_H3K4me3_ChIP_Yang2019_GSM3314693_raw.fastq.gz
Approx 15% complete for E14_0h_H3K4me3_ChIP_Yang2019_GSM3314693_raw.fastq.gz
Approx 20% complete for E14_0h_H3K4me3_ChIP_Yang2019_GSM3314693_raw.fastq.gz
Approx 25% complete for E14_0h_H3K4me3_ChIP_Yang2019_GSM3314693_raw.fastq.gz
Approx 30% complete for E14_0h_H3K4me3_ChIP_Yang2019_GSM3314693_raw.fastq.gz
Approx 35% complete for E14_0h_H3K4me3_ChIP_Yang2019_GSM3314693_raw.fastq.gz
Approx 40% complete for E14_0h_H3K4me3_ChIP_Yang2019_GSM3314693_raw.fastq.gz
Approx 45% complete for E14_0h_H3K4me3_ChIP_Yang2019_GSM3314693_raw.fastq.gz
Approx 50% complete for E14_0h_H3K4me3_ChIP_Yang2019_GSM3314693_raw.fastq.gz
Approx 55% complete for E14_0h_H3K4me3_ChIP_Yang2019_GSM3314693_raw.fastq.gz
Approx 60% complete for E14_0h_H3K4me3_ChIP_Yang2019_GSM3314693_raw.fastq.gz
Approx 65% complete for E14_0h_H3K4me3_ChIP_Yang2019_GSM3314693_raw.fastq.gz
Approx 70% complete for E14_0h_H3K4me3_ChIP_Yang2019_GSM3314693_raw.fastq.gz
Approx 75% complete for E14_0h_H3K4me3_ChIP_Yang2019_GSM3314693_raw.fastq.gz
Approx 80% complete for E14_0h_H3K4me3_ChIP_Yang2019_GSM3314693_raw.fastq.gz
Approx 85% complete for E14_0h_H3K4me3_ChIP_Yang2019_GSM3314693_raw.fastq.gz
Approx 90% complete for E14_0h_H3K4me3_ChIP_Yang2019_GSM3314693_raw.fastq.gz
Approx 95% complete for E14_0h_H3K4me3_ChIP_Yang2019_GSM3314693_raw.fastq.gz
Analysis complete for E14_0h_H3K4me3_ChIP_Yang2019_GSM3314693_raw.fastq.gz
[fastQC] on raw FASTQs finished succesfully. Will remove PCR duplicates now at [Wed Jul 3 06:25:44 PM CEST 2024]
Reads are length: 52 at [Wed Jul 3 06:25:44 PM CEST 2024]
Reads with same sequence 1 or fewer substitutions will be marked as PCR duplicates at [Wed Jul 3 06:25:44 PM CEST 2024]
Removal of PCR duplicates complete! at [Wed Jul 3 06:44:11 PM CEST 2024]
[trimReads] Started using version trimV5 parameters at [Wed Jul 3 06:44:11 PM CEST 2024]
ILLUMINACLIP:/data/reference_genomes/adapters/adapters.fa:2:30:10 SLIDINGWINDOW:4:20 MINLEN:24
[trimReads] Trimming E14_0h_H3K4me3_ChIP_Yang2019_GSM3314693.fastq.gz... at [Wed Jul 3 06:44:11 PM CEST 2024]
[trimReads] Finished successfully at [Wed Jul 3 06:50:24 PM CEST 2024]
[fastQC] started on E14_0h_H3K4me3_ChIP_Yang2019_GSM3314693.fastq.gz E14_0h_H3K4me3_ChIP_Yang2019_GSM3314693_trimV5.fastq.gz at [Wed Jul 3 06:50:24 PM CEST 2024]
Started analysis of E14_0h_H3K4me3_ChIP_Yang2019_GSM3314693.fastq.gz
Started analysis of E14_0h_H3K4me3_ChIP_Yang2019_GSM3314693_trimV5.fastq.gz
Approx 5% complete for E14_0h_H3K4me3_ChIP_Yang2019_GSM3314693.fastq.gz
Approx 5% complete for E14_0h_H3K4me3_ChIP_Yang2019_GSM3314693_trimV5.fastq.gz
Approx 10% complete for E14_0h_H3K4me3_ChIP_Yang2019_GSM3314693.fastq.gz
Approx 10% complete for E14_0h_H3K4me3_ChIP_Yang2019_GSM3314693_trimV5.fastq.gz
Approx 15% complete for E14_0h_H3K4me3_ChIP_Yang2019_GSM3314693.fastq.gz
Approx 15% complete for E14_0h_H3K4me3_ChIP_Yang2019_GSM3314693_trimV5.fastq.gz
Approx 20% complete for E14_0h_H3K4me3_ChIP_Yang2019_GSM3314693.fastq.gz
Approx 20% complete for E14_0h_H3K4me3_ChIP_Yang2019_GSM3314693_trimV5.fastq.gz
Approx 25% complete for E14_0h_H3K4me3_ChIP_Yang2019_GSM3314693.fastq.gz
Approx 25% complete for E14_0h_H3K4me3_ChIP_Yang2019_GSM3314693_trimV5.fastq.gz
Approx 30% complete for E14_0h_H3K4me3_ChIP_Yang2019_GSM3314693.fastq.gz
Approx 30% complete for E14_0h_H3K4me3_ChIP_Yang2019_GSM3314693_trimV5.fastq.gz
Approx 35% complete for E14_0h_H3K4me3_ChIP_Yang2019_GSM3314693.fastq.gz
Approx 35% complete for E14_0h_H3K4me3_ChIP_Yang2019_GSM3314693_trimV5.fastq.gz
Approx 40% complete for E14_0h_H3K4me3_ChIP_Yang2019_GSM3314693.fastq.gz
Approx 40% complete for E14_0h_H3K4me3_ChIP_Yang2019_GSM3314693_trimV5.fastq.gz
Approx 45% complete for E14_0h_H3K4me3_ChIP_Yang2019_GSM3314693.fastq.gz
Approx 45% complete for E14_0h_H3K4me3_ChIP_Yang2019_GSM3314693_trimV5.fastq.gz
Approx 50% complete for E14_0h_H3K4me3_ChIP_Yang2019_GSM3314693.fastq.gz
Approx 50% complete for E14_0h_H3K4me3_ChIP_Yang2019_GSM3314693_trimV5.fastq.gz
Approx 55% complete for E14_0h_H3K4me3_ChIP_Yang2019_GSM3314693.fastq.gz
Approx 55% complete for E14_0h_H3K4me3_ChIP_Yang2019_GSM3314693_trimV5.fastq.gz
Approx 60% complete for E14_0h_H3K4me3_ChIP_Yang2019_GSM3314693.fastq.gz
Approx 60% complete for E14_0h_H3K4me3_ChIP_Yang2019_GSM3314693_trimV5.fastq.gz
Approx 65% complete for E14_0h_H3K4me3_ChIP_Yang2019_GSM3314693.fastq.gz
Approx 70% complete for E14_0h_H3K4me3_ChIP_Yang2019_GSM3314693.fastq.gz
Approx 65% complete for E14_0h_H3K4me3_ChIP_Yang2019_GSM3314693_trimV5.fastq.gz
Approx 75% complete for E14_0h_H3K4me3_ChIP_Yang2019_GSM3314693.fastq.gz
Approx 70% complete for E14_0h_H3K4me3_ChIP_Yang2019_GSM3314693_trimV5.fastq.gz
Approx 80% complete for E14_0h_H3K4me3_ChIP_Yang2019_GSM3314693.fastq.gz
Approx 75% complete for E14_0h_H3K4me3_ChIP_Yang2019_GSM3314693_trimV5.fastq.gz
Approx 85% complete for E14_0h_H3K4me3_ChIP_Yang2019_GSM3314693.fastq.gz
Approx 80% complete for E14_0h_H3K4me3_ChIP_Yang2019_GSM3314693_trimV5.fastq.gz
Approx 90% complete for E14_0h_H3K4me3_ChIP_Yang2019_GSM3314693.fastq.gz
Approx 85% complete for E14_0h_H3K4me3_ChIP_Yang2019_GSM3314693_trimV5.fastq.gz
Approx 95% complete for E14_0h_H3K4me3_ChIP_Yang2019_GSM3314693.fastq.gz
Approx 90% complete for E14_0h_H3K4me3_ChIP_Yang2019_GSM3314693_trimV5.fastq.gz
Analysis complete for E14_0h_H3K4me3_ChIP_Yang2019_GSM3314693.fastq.gz
Approx 95% complete for E14_0h_H3K4me3_ChIP_Yang2019_GSM3314693_trimV5.fastq.gz
Analysis complete for E14_0h_H3K4me3_ChIP_Yang2019_GSM3314693_trimV5.fastq.gz
[fastQC] finished succesfully at [Wed Jul 3 06:52:42 PM CEST 2024]
[bowtie2 alignment] started with reference /data/reference_genomes/mm10/mm10 at [Wed Jul 3 06:52:42 PM CEST 2024]
[alignment] Bowtie2 alignment finished successfully at [Wed Jul 3 07:08:34 PM CEST 2024]
[sam grooming] started at [Wed Jul 3 07:09:35 PM CEST 2024]
19:09:36.545 INFO  NativeLibraryLoader - Loading libgkl_compression.so from jar:file:/home/robin/bin/miniconda3/share/picard-2.26.2-0/picard.jar!/com/intel/gkl/native/libgkl_compression.so
[Wed Jul 03 19:09:36 CEST 2024] CleanSam --INPUT E14_0h_H3K4me3_ChIP_Yang2019_GSM3314693_raw.sam --OUTPUT E14_0h_H3K4me3_ChIP_Yang2019_GSM3314693_cleaned.sam --TMP_DIR . --VERBOSITY INFO --QUIET false --VALIDATION_STRINGENCY STRICT --COMPRESSION_LEVEL 5 --MAX_RECORDS_IN_RAM 500000 --CREATE_INDEX false --CREATE_MD5_FILE false --GA4GH_CLIENT_SECRETS client_secrets.json --help false --version false --showHidden false --USE_JDK_DEFLATER false --USE_JDK_INFLATER false
[Wed Jul 03 19:09:36 CEST 2024] Executing as robin@epipax.ijm.univ-paris-diderot.priv on Linux 6.1.0-21-amd64 amd64; OpenJDK 64-Bit Server VM 1.8.0_332-b09; Deflater: Intel; Inflater: Intel; Provider GCS is not available; Picard version: Version:2.26.2
INFO	2024-07-03 19:09:36	CleanSam	Seen many non-increasing record positions. Printing Read-names as well.
INFO	2024-07-03 19:09:42	CleanSam	Processed     1,000,000 records.  Elapsed time: 00:00:06s.  Time for last 1,000,000:    6s.  Last read position: chr2:66,838,145.  Last read name: SRR7624381.6418967
INFO	2024-07-03 19:09:47	CleanSam	Processed     2,000,000 records.  Elapsed time: 00:00:11s.  Time for last 1,000,000:    4s.  Last read position: chr3:56,135,070.  Last read name: SRR7624381.22571998
INFO	2024-07-03 19:09:52	CleanSam	Processed     3,000,000 records.  Elapsed time: 00:00:15s.  Time for last 1,000,000:    4s.  Last read position: chr6:67,703,612.  Last read name: SRR7624381.1519194
INFO	2024-07-03 19:09:57	CleanSam	Processed     4,000,000 records.  Elapsed time: 00:00:20s.  Time for last 1,000,000:    5s.  Last read position: chr17:88,514,424.  Last read name: SRR7624381.38328499
INFO	2024-07-03 19:10:03	CleanSam	Processed     5,000,000 records.  Elapsed time: 00:00:26s.  Time for last 1,000,000:    5s.  Last read position: chr7:25,659,814.  Last read name: SRR7624381.9545613
INFO	2024-07-03 19:10:08	CleanSam	Processed     6,000,000 records.  Elapsed time: 00:00:31s.  Time for last 1,000,000:    5s.  Last read position: chr3:20,058,137.  Last read name: SRR7624381.14494843
INFO	2024-07-03 19:10:13	CleanSam	Processed     7,000,000 records.  Elapsed time: 00:00:36s.  Time for last 1,000,000:    4s.  Last read position: chr5:114,127,993.  Last read name: SRR7624381.41816814
INFO	2024-07-03 19:10:18	CleanSam	Processed     8,000,000 records.  Elapsed time: 00:00:41s.  Time for last 1,000,000:    4s.  Last read position: chr3:51,001,967.  Last read name: SRR7624381.44360288
INFO	2024-07-03 19:10:23	CleanSam	Processed     9,000,000 records.  Elapsed time: 00:00:46s.  Time for last 1,000,000:    5s.  Last read position: chr13:11,305,155.  Last read name: SRR7624381.16538992
INFO	2024-07-03 19:10:28	CleanSam	Processed    10,000,000 records.  Elapsed time: 00:00:51s.  Time for last 1,000,000:    5s.  Last read position: chr9:103,081,736.  Last read name: SRR7624381.30928393
INFO	2024-07-03 19:10:33	CleanSam	Processed    11,000,000 records.  Elapsed time: 00:00:57s.  Time for last 1,000,000:    5s.  Last read position: chr9:31,385,836.  Last read name: SRR7624381.36438458
INFO	2024-07-03 19:10:38	CleanSam	Processed    12,000,000 records.  Elapsed time: 00:01:02s.  Time for last 1,000,000:    4s.  Last read position: chr5:113,365,160.  Last read name: SRR7624381.41815634
INFO	2024-07-03 19:10:44	CleanSam	Processed    13,000,000 records.  Elapsed time: 00:01:07s.  Time for last 1,000,000:    5s.  Last read position: chrX:156,270,895.  Last read name: SRR7624381.25807941
INFO	2024-07-03 19:10:49	CleanSam	Processed    14,000,000 records.  Elapsed time: 00:01:13s.  Time for last 1,000,000:    5s.  Last read position: chr7:119,693,576.  Last read name: SRR7624381.4458593
INFO	2024-07-03 19:10:55	CleanSam	Processed    15,000,000 records.  Elapsed time: 00:01:18s.  Time for last 1,000,000:    5s.  Last read position: chr16:46,575,919.  Last read name: SRR7624381.14088333
INFO	2024-07-03 19:11:00	CleanSam	Processed    16,000,000 records.  Elapsed time: 00:01:23s.  Time for last 1,000,000:    5s.  Last read position: chr4:151,154,582.  Last read name: SRR7624381.6740079
INFO	2024-07-03 19:11:06	CleanSam	Processed    17,000,000 records.  Elapsed time: 00:01:29s.  Time for last 1,000,000:    5s.  Last read position: chr5:31,093,018.  Last read name: SRR7624381.22768599
INFO	2024-07-03 19:11:12	CleanSam	Processed    18,000,000 records.  Elapsed time: 00:01:35s.  Time for last 1,000,000:    6s.  Last read position: chr3:32,709,301.  Last read name: SRR7624381.41545672
INFO	2024-07-03 19:11:17	CleanSam	Processed    19,000,000 records.  Elapsed time: 00:01:41s.  Time for last 1,000,000:    5s.  Last read position: chr2:72,980,961.  Last read name: SRR7624381.30059112
INFO	2024-07-03 19:11:23	CleanSam	Processed    20,000,000 records.  Elapsed time: 00:01:46s.  Time for last 1,000,000:    5s.  Last read position: chr13:104,818,395.  Last read name: SRR7624381.6004494
INFO	2024-07-03 19:11:28	CleanSam	Processed    21,000,000 records.  Elapsed time: 00:01:51s.  Time for last 1,000,000:    5s.  Last read position: chr12:70,244,219.  Last read name: SRR7624381.21868080
INFO	2024-07-03 19:11:34	CleanSam	Processed    22,000,000 records.  Elapsed time: 00:01:57s.  Time for last 1,000,000:    5s.  Last read position: chr5:149,733,535.  Last read name: SRR7624381.14810094
INFO	2024-07-03 19:11:40	CleanSam	Processed    23,000,000 records.  Elapsed time: 00:02:03s.  Time for last 1,000,000:    6s.  Last read position: chr8:106,405,309.  Last read name: SRR7624381.33573982
INFO	2024-07-03 19:11:45	CleanSam	Processed    24,000,000 records.  Elapsed time: 00:02:09s.  Time for last 1,000,000:    5s.  Last read position: chr16:89,922,740.  Last read name: SRR7624381.719684
INFO	2024-07-03 19:11:50	CleanSam	Processed    25,000,000 records.  Elapsed time: 00:02:14s.  Time for last 1,000,000:    5s.  Last read position: chr2:15,192,881.  Last read name: SRR7624381.44151603
INFO	2024-07-03 19:11:56	CleanSam	Processed    26,000,000 records.  Elapsed time: 00:02:19s.  Time for last 1,000,000:    5s.  Last read position: chr4:21,879,382.  Last read name: SRR7624381.33068319
INFO	2024-07-03 19:12:02	CleanSam	Processed    27,000,000 records.  Elapsed time: 00:02:25s.  Time for last 1,000,000:    5s.  Last read position: chr3:36,802,914.  Last read name: SRR7624381.32983554
INFO	2024-07-03 19:12:07	CleanSam	Processed    28,000,000 records.  Elapsed time: 00:02:30s.  Time for last 1,000,000:    5s.  Last read position: chr3:116,595,623.  Last read name: SRR7624381.35822396
INFO	2024-07-03 19:12:12	CleanSam	Processed    29,000,000 records.  Elapsed time: 00:02:35s.  Time for last 1,000,000:    4s.  Last read position: chr10:73,358,108.  Last read name: SRR7624381.29267916
[Wed Jul 03 19:12:18 CEST 2024] picard.sam.CleanSam done. Elapsed time: 2.70 minutes.
Runtime.totalMemory()=936378368
19:12:20.187 INFO  NativeLibraryLoader - Loading libgkl_compression.so from jar:file:/home/robin/bin/miniconda3/share/picard-2.26.2-0/picard.jar!/com/intel/gkl/native/libgkl_compression.so
[Wed Jul 03 19:12:20 CEST 2024] SamFormatConverter --INPUT E14_0h_H3K4me3_ChIP_Yang2019_GSM3314693_cleaned.sam --OUTPUT E14_0h_H3K4me3_ChIP_Yang2019_GSM3314693_unsorted.bam --TMP_DIR . --VERBOSITY INFO --QUIET false --VALIDATION_STRINGENCY STRICT --COMPRESSION_LEVEL 5 --MAX_RECORDS_IN_RAM 500000 --CREATE_INDEX false --CREATE_MD5_FILE false --GA4GH_CLIENT_SECRETS client_secrets.json --help false --version false --showHidden false --USE_JDK_DEFLATER false --USE_JDK_INFLATER false
[Wed Jul 03 19:12:20 CEST 2024] Executing as robin@epipax.ijm.univ-paris-diderot.priv on Linux 6.1.0-21-amd64 amd64; OpenJDK 64-Bit Server VM 1.8.0_332-b09; Deflater: Intel; Inflater: Intel; Provider GCS is not available; Picard version: Version:2.26.2
INFO	2024-07-03 19:12:21	SamFormatConverter	Seen many non-increasing record positions. Printing Read-names as well.
INFO	2024-07-03 19:12:30	SamFormatConverter	Processed     1,000,000 records.  Elapsed time: 00:00:09s.  Time for last 1,000,000:    9s.  Last read position: chr2:66,838,145.  Last read name: SRR7624381.6418967
INFO	2024-07-03 19:12:39	SamFormatConverter	Processed     2,000,000 records.  Elapsed time: 00:00:18s.  Time for last 1,000,000:    8s.  Last read position: chr3:56,135,070.  Last read name: SRR7624381.22571998
INFO	2024-07-03 19:12:48	SamFormatConverter	Processed     3,000,000 records.  Elapsed time: 00:00:27s.  Time for last 1,000,000:    9s.  Last read position: chr6:67,703,612.  Last read name: SRR7624381.1519194
INFO	2024-07-03 19:12:57	SamFormatConverter	Processed     4,000,000 records.  Elapsed time: 00:00:36s.  Time for last 1,000,000:    9s.  Last read position: chr17:88,514,424.  Last read name: SRR7624381.38328499
INFO	2024-07-03 19:13:06	SamFormatConverter	Processed     5,000,000 records.  Elapsed time: 00:00:45s.  Time for last 1,000,000:    8s.  Last read position: chr7:25,659,814.  Last read name: SRR7624381.9545613
INFO	2024-07-03 19:13:16	SamFormatConverter	Processed     6,000,000 records.  Elapsed time: 00:00:55s.  Time for last 1,000,000:    9s.  Last read position: chr3:20,058,137.  Last read name: SRR7624381.14494843
INFO	2024-07-03 19:13:26	SamFormatConverter	Processed     7,000,000 records.  Elapsed time: 00:01:05s.  Time for last 1,000,000:   10s.  Last read position: chr5:114,127,993.  Last read name: SRR7624381.41816814
INFO	2024-07-03 19:13:36	SamFormatConverter	Processed     8,000,000 records.  Elapsed time: 00:01:15s.  Time for last 1,000,000:    9s.  Last read position: chr3:51,001,967.  Last read name: SRR7624381.44360288
INFO	2024-07-03 19:13:47	SamFormatConverter	Processed     9,000,000 records.  Elapsed time: 00:01:26s.  Time for last 1,000,000:   11s.  Last read position: chr13:11,305,155.  Last read name: SRR7624381.16538992
INFO	2024-07-03 19:13:56	SamFormatConverter	Processed    10,000,000 records.  Elapsed time: 00:01:35s.  Time for last 1,000,000:    9s.  Last read position: chr9:103,081,736.  Last read name: SRR7624381.30928393
INFO	2024-07-03 19:14:06	SamFormatConverter	Processed    11,000,000 records.  Elapsed time: 00:01:45s.  Time for last 1,000,000:   10s.  Last read position: chr9:31,385,836.  Last read name: SRR7624381.36438458
INFO	2024-07-03 19:14:15	SamFormatConverter	Processed    12,000,000 records.  Elapsed time: 00:01:54s.  Time for last 1,000,000:    8s.  Last read position: chr5:113,365,160.  Last read name: SRR7624381.41815634
INFO	2024-07-03 19:14:24	SamFormatConverter	Processed    13,000,000 records.  Elapsed time: 00:02:03s.  Time for last 1,000,000:    8s.  Last read position: chrX:156,270,895.  Last read name: SRR7624381.25807941
INFO	2024-07-03 19:14:33	SamFormatConverter	Processed    14,000,000 records.  Elapsed time: 00:02:12s.  Time for last 1,000,000:    9s.  Last read position: chr7:119,693,576.  Last read name: SRR7624381.4458593
INFO	2024-07-03 19:14:43	SamFormatConverter	Processed    15,000,000 records.  Elapsed time: 00:02:22s.  Time for last 1,000,000:    9s.  Last read position: chr16:46,575,919.  Last read name: SRR7624381.14088333
INFO	2024-07-03 19:14:53	SamFormatConverter	Processed    16,000,000 records.  Elapsed time: 00:02:33s.  Time for last 1,000,000:   10s.  Last read position: chr4:151,154,582.  Last read name: SRR7624381.6740079
INFO	2024-07-03 19:15:03	SamFormatConverter	Processed    17,000,000 records.  Elapsed time: 00:02:42s.  Time for last 1,000,000:    9s.  Last read position: chr5:31,093,018.  Last read name: SRR7624381.22768599
INFO	2024-07-03 19:15:12	SamFormatConverter	Processed    18,000,000 records.  Elapsed time: 00:02:51s.  Time for last 1,000,000:    9s.  Last read position: chr3:32,709,301.  Last read name: SRR7624381.41545672
INFO	2024-07-03 19:15:21	SamFormatConverter	Processed    19,000,000 records.  Elapsed time: 00:03:00s.  Time for last 1,000,000:    8s.  Last read position: chr2:72,980,961.  Last read name: SRR7624381.30059112
INFO	2024-07-03 19:15:29	SamFormatConverter	Processed    20,000,000 records.  Elapsed time: 00:03:08s.  Time for last 1,000,000:    8s.  Last read position: chr13:104,818,395.  Last read name: SRR7624381.6004494
INFO	2024-07-03 19:15:38	SamFormatConverter	Processed    21,000,000 records.  Elapsed time: 00:03:17s.  Time for last 1,000,000:    8s.  Last read position: chr12:70,244,219.  Last read name: SRR7624381.21868080
INFO	2024-07-03 19:15:46	SamFormatConverter	Processed    22,000,000 records.  Elapsed time: 00:03:25s.  Time for last 1,000,000:    8s.  Last read position: chr5:149,733,535.  Last read name: SRR7624381.14810094
INFO	2024-07-03 19:15:55	SamFormatConverter	Processed    23,000,000 records.  Elapsed time: 00:03:34s.  Time for last 1,000,000:    8s.  Last read position: chr8:106,405,309.  Last read name: SRR7624381.33573982
INFO	2024-07-03 19:16:03	SamFormatConverter	Processed    24,000,000 records.  Elapsed time: 00:03:42s.  Time for last 1,000,000:    8s.  Last read position: chr16:89,922,740.  Last read name: SRR7624381.719684
INFO	2024-07-03 19:16:13	SamFormatConverter	Processed    25,000,000 records.  Elapsed time: 00:03:52s.  Time for last 1,000,000:    9s.  Last read position: chr2:15,192,881.  Last read name: SRR7624381.44151603
INFO	2024-07-03 19:16:21	SamFormatConverter	Processed    26,000,000 records.  Elapsed time: 00:04:00s.  Time for last 1,000,000:    8s.  Last read position: chr4:21,879,382.  Last read name: SRR7624381.33068319
INFO	2024-07-03 19:16:30	SamFormatConverter	Processed    27,000,000 records.  Elapsed time: 00:04:09s.  Time for last 1,000,000:    8s.  Last read position: chr3:36,802,914.  Last read name: SRR7624381.32983554
INFO	2024-07-03 19:16:39	SamFormatConverter	Processed    28,000,000 records.  Elapsed time: 00:04:18s.  Time for last 1,000,000:    9s.  Last read position: chr3:116,595,623.  Last read name: SRR7624381.35822396
INFO	2024-07-03 19:16:48	SamFormatConverter	Processed    29,000,000 records.  Elapsed time: 00:04:27s.  Time for last 1,000,000:    8s.  Last read position: chr10:73,358,108.  Last read name: SRR7624381.29267916
[Wed Jul 03 19:16:56 CEST 2024] picard.sam.SamFormatConverter done. Elapsed time: 4.61 minutes.
Runtime.totalMemory()=914882560
19:16:58.435 INFO  NativeLibraryLoader - Loading libgkl_compression.so from jar:file:/home/robin/bin/miniconda3/share/picard-2.26.2-0/picard.jar!/com/intel/gkl/native/libgkl_compression.so
[Wed Jul 03 19:16:58 CEST 2024] SortSam --INPUT E14_0h_H3K4me3_ChIP_Yang2019_GSM3314693_unsorted.bam --OUTPUT E14_0h_H3K4me3_ChIP_Yang2019_GSM3314693_sorted.bam --SORT_ORDER coordinate --TMP_DIR . --VERBOSITY INFO --QUIET false --VALIDATION_STRINGENCY STRICT --COMPRESSION_LEVEL 5 --MAX_RECORDS_IN_RAM 500000 --CREATE_INDEX false --CREATE_MD5_FILE false --GA4GH_CLIENT_SECRETS client_secrets.json --help false --version false --showHidden false --USE_JDK_DEFLATER false --USE_JDK_INFLATER false
[Wed Jul 03 19:16:58 CEST 2024] Executing as robin@epipax.ijm.univ-paris-diderot.priv on Linux 6.1.0-21-amd64 amd64; OpenJDK 64-Bit Server VM 1.8.0_332-b09; Deflater: Intel; Inflater: Intel; Provider GCS is not available; Picard version: Version:2.26.2
INFO	2024-07-03 19:16:58	SortSam	Seen many non-increasing record positions. Printing Read-names as well.
INFO	2024-07-03 19:18:05	SortSam	Read    10,000,000 records.  Elapsed time: 00:01:07s.  Time for last 10,000,000:   67s.  Last read position: chr9:103,081,736.  Last read name: SRR7624381.30928393
INFO	2024-07-03 19:19:07	SortSam	Read    20,000,000 records.  Elapsed time: 00:02:08s.  Time for last 10,000,000:   61s.  Last read position: chr13:104,818,395.  Last read name: SRR7624381.6004494
INFO	2024-07-03 19:20:07	SortSam	Finished reading inputs, merging and writing to output now.
INFO	2024-07-03 19:20:57	SortSam	Wrote    10,000,000 records from a sorting collection.  Elapsed time: 00:03:58s.  Time for last 10,000,000:   48s.  Last read position: chr6:72,234,913
INFO	2024-07-03 19:21:46	SortSam	Wrote    20,000,000 records from a sorting collection.  Elapsed time: 00:04:47s.  Time for last 10,000,000:   48s.  Last read position: chr12:85,110,731
[Wed Jul 03 19:22:39 CEST 2024] picard.sam.SortSam done. Elapsed time: 5.68 minutes.
Runtime.totalMemory()=1771044864
19:22:40.777 INFO  NativeLibraryLoader - Loading libgkl_compression.so from jar:file:/home/robin/bin/miniconda3/share/picard-2.26.2-0/picard.jar!/com/intel/gkl/native/libgkl_compression.so
[Wed Jul 03 19:22:40 CEST 2024] MarkDuplicates --INPUT E14_0h_H3K4me3_ChIP_Yang2019_GSM3314693_sorted.bam --OUTPUT E14_0h_H3K4me3_ChIP_Yang2019_GSM3314693.bam --METRICS_FILE E14_0h_H3K4me3_ChIP_Yang2019_GSM3314693_markDupeMetrics.txt --REMOVE_DUPLICATES false --TMP_DIR . --MAX_SEQUENCES_FOR_DISK_READ_ENDS_MAP 50000 --MAX_FILE_HANDLES_FOR_READ_ENDS_MAP 8000 --SORTING_COLLECTION_SIZE_RATIO 0.25 --TAG_DUPLICATE_SET_MEMBERS false --REMOVE_SEQUENCING_DUPLICATES false --TAGGING_POLICY DontTag --CLEAR_DT true --DUPLEX_UMI false --ADD_PG_TAG_TO_READS true --ASSUME_SORTED false --DUPLICATE_SCORING_STRATEGY SUM_OF_BASE_QUALITIES --PROGRAM_RECORD_ID MarkDuplicates --PROGRAM_GROUP_NAME MarkDuplicates --READ_NAME_REGEX <optimized capture of last three ':' separated fields as numeric values> --OPTICAL_DUPLICATE_PIXEL_DISTANCE 100 --MAX_OPTICAL_DUPLICATE_SET_SIZE 300000 --VERBOSITY INFO --QUIET false --VALIDATION_STRINGENCY STRICT --COMPRESSION_LEVEL 5 --MAX_RECORDS_IN_RAM 500000 --CREATE_INDEX false --CREATE_MD5_FILE false --GA4GH_CLIENT_SECRETS client_secrets.json --help false --version false --showHidden false --USE_JDK_DEFLATER false --USE_JDK_INFLATER false
[Wed Jul 03 19:22:40 CEST 2024] Executing as robin@epipax.ijm.univ-paris-diderot.priv on Linux 6.1.0-21-amd64 amd64; OpenJDK 64-Bit Server VM 1.8.0_332-b09; Deflater: Intel; Inflater: Intel; Provider GCS is not available; Picard version: Version:2.26.2
INFO	2024-07-03 19:22:40	MarkDuplicates	Start of doWork freeMemory: 501502368; totalMemory: 514850816; maxMemory: 1908932608
INFO	2024-07-03 19:22:40	MarkDuplicates	Reading input file and constructing read end information.
INFO	2024-07-03 19:22:40	MarkDuplicates	Will retain up to 6916422 data points before spilling to disk.
WARNING	2024-07-03 19:22:41	AbstractOpticalDuplicateFinderCommandLineProgram	A field field parsed out of a read name was expected to contain an integer and did not. Read name: SRR7624381.21447954. Cause: String 'SRR7624381.21447954' did not start with a parsable number.
INFO	2024-07-03 19:22:46	MarkDuplicates	Read     1,000,000 records.  Elapsed time: 00:00:05s.  Time for last 1,000,000:    5s.  Last read position: chr1:116,591,891
INFO	2024-07-03 19:22:46	MarkDuplicates	Tracking 0 as yet unmatched pairs. 0 records in RAM.
INFO	2024-07-03 19:22:50	MarkDuplicates	Read     2,000,000 records.  Elapsed time: 00:00:09s.  Time for last 1,000,000:    3s.  Last read position: chr2:19,477,690
INFO	2024-07-03 19:22:50	MarkDuplicates	Tracking 0 as yet unmatched pairs. 0 records in RAM.
INFO	2024-07-03 19:22:54	MarkDuplicates	Read     3,000,000 records.  Elapsed time: 00:00:12s.  Time for last 1,000,000:    3s.  Last read position: chr2:98,666,945
INFO	2024-07-03 19:22:54	MarkDuplicates	Tracking 0 as yet unmatched pairs. 0 records in RAM.
INFO	2024-07-03 19:22:59	MarkDuplicates	Read     4,000,000 records.  Elapsed time: 00:00:18s.  Time for last 1,000,000:    5s.  Last read position: chr2:170,139,864
INFO	2024-07-03 19:22:59	MarkDuplicates	Tracking 0 as yet unmatched pairs. 0 records in RAM.
INFO	2024-07-03 19:23:04	MarkDuplicates	Read     5,000,000 records.  Elapsed time: 00:00:23s.  Time for last 1,000,000:    4s.  Last read position: chr3:92,081,138
INFO	2024-07-03 19:23:04	MarkDuplicates	Tracking 0 as yet unmatched pairs. 0 records in RAM.
INFO	2024-07-03 19:23:07	MarkDuplicates	Read     6,000,000 records.  Elapsed time: 00:00:26s.  Time for last 1,000,000:    3s.  Last read position: chr4:41,483,338
INFO	2024-07-03 19:23:07	MarkDuplicates	Tracking 0 as yet unmatched pairs. 0 records in RAM.
INFO	2024-07-03 19:23:15	MarkDuplicates	Read     7,000,000 records.  Elapsed time: 00:00:34s.  Time for last 1,000,000:    7s.  Last read position: chr4:132,994,489
INFO	2024-07-03 19:23:15	MarkDuplicates	Tracking 0 as yet unmatched pairs. 0 records in RAM.
INFO	2024-07-03 19:23:19	MarkDuplicates	Read     8,000,000 records.  Elapsed time: 00:00:38s.  Time for last 1,000,000:    3s.  Last read position: chr5:41,110,351
INFO	2024-07-03 19:23:19	MarkDuplicates	Tracking 0 as yet unmatched pairs. 0 records in RAM.
INFO	2024-07-03 19:23:23	MarkDuplicates	Read     9,000,000 records.  Elapsed time: 00:00:42s.  Time for last 1,000,000:    4s.  Last read position: chr5:129,791,795
INFO	2024-07-03 19:23:23	MarkDuplicates	Tracking 0 as yet unmatched pairs. 0 records in RAM.
INFO	2024-07-03 19:23:27	MarkDuplicates	Read    10,000,000 records.  Elapsed time: 00:00:46s.  Time for last 1,000,000:    4s.  Last read position: chr6:72,234,913
INFO	2024-07-03 19:23:27	MarkDuplicates	Tracking 0 as yet unmatched pairs. 0 records in RAM.
INFO	2024-07-03 19:23:31	MarkDuplicates	Read    11,000,000 records.  Elapsed time: 00:00:50s.  Time for last 1,000,000:    3s.  Last read position: chr7:10,771,631
INFO	2024-07-03 19:23:31	MarkDuplicates	Tracking 0 as yet unmatched pairs. 0 records in RAM.
INFO	2024-07-03 19:23:38	MarkDuplicates	Read    12,000,000 records.  Elapsed time: 00:00:57s.  Time for last 1,000,000:    7s.  Last read position: chr7:92,007,786
INFO	2024-07-03 19:23:38	MarkDuplicates	Tracking 0 as yet unmatched pairs. 0 records in RAM.
INFO	2024-07-03 19:23:42	MarkDuplicates	Read    13,000,000 records.  Elapsed time: 00:01:01s.  Time for last 1,000,000:    3s.  Last read position: chr8:32,713,871
INFO	2024-07-03 19:23:42	MarkDuplicates	Tracking 0 as yet unmatched pairs. 0 records in RAM.
INFO	2024-07-03 19:23:48	MarkDuplicates	Read    14,000,000 records.  Elapsed time: 00:01:07s.  Time for last 1,000,000:    6s.  Last read position: chr8:121,653,605
INFO	2024-07-03 19:23:48	MarkDuplicates	Tracking 0 as yet unmatched pairs. 0 records in RAM.
INFO	2024-07-03 19:23:52	MarkDuplicates	Read    15,000,000 records.  Elapsed time: 00:01:11s.  Time for last 1,000,000:    4s.  Last read position: chr9:60,137,158
INFO	2024-07-03 19:23:52	MarkDuplicates	Tracking 0 as yet unmatched pairs. 0 records in RAM.
INFO	2024-07-03 19:23:56	MarkDuplicates	Read    16,000,000 records.  Elapsed time: 00:01:15s.  Time for last 1,000,000:    4s.  Last read position: chr10:21,160,572
INFO	2024-07-03 19:23:56	MarkDuplicates	Tracking 0 as yet unmatched pairs. 0 records in RAM.
INFO	2024-07-03 19:24:02	MarkDuplicates	Read    17,000,000 records.  Elapsed time: 00:01:20s.  Time for last 1,000,000:    5s.  Last read position: chr10:113,721,162
INFO	2024-07-03 19:24:02	MarkDuplicates	Tracking 0 as yet unmatched pairs. 0 records in RAM.
INFO	2024-07-03 19:24:06	MarkDuplicates	Read    18,000,000 records.  Elapsed time: 00:01:24s.  Time for last 1,000,000:    3s.  Last read position: chr11:62,514,694
INFO	2024-07-03 19:24:06	MarkDuplicates	Tracking 0 as yet unmatched pairs. 0 records in RAM.
INFO	2024-07-03 19:24:09	MarkDuplicates	Read    19,000,000 records.  Elapsed time: 00:01:28s.  Time for last 1,000,000:    3s.  Last read position: chr11:115,153,877
INFO	2024-07-03 19:24:09	MarkDuplicates	Tracking 0 as yet unmatched pairs. 0 records in RAM.
INFO	2024-07-03 19:24:13	MarkDuplicates	Read    20,000,000 records.  Elapsed time: 00:01:32s.  Time for last 1,000,000:    3s.  Last read position: chr12:85,110,731
INFO	2024-07-03 19:24:13	MarkDuplicates	Tracking 0 as yet unmatched pairs. 0 records in RAM.
INFO	2024-07-03 19:24:20	MarkDuplicates	Read    21,000,000 records.  Elapsed time: 00:01:39s.  Time for last 1,000,000:    7s.  Last read position: chr13:57,897,218
INFO	2024-07-03 19:24:20	MarkDuplicates	Tracking 0 as yet unmatched pairs. 0 records in RAM.
INFO	2024-07-03 19:24:24	MarkDuplicates	Read    22,000,000 records.  Elapsed time: 00:01:43s.  Time for last 1,000,000:    4s.  Last read position: chr14:21,076,307
INFO	2024-07-03 19:24:24	MarkDuplicates	Tracking 0 as yet unmatched pairs. 0 records in RAM.
INFO	2024-07-03 19:24:29	MarkDuplicates	Read    23,000,000 records.  Elapsed time: 00:01:48s.  Time for last 1,000,000:    4s.  Last read position: chr15:8,819,535
INFO	2024-07-03 19:24:29	MarkDuplicates	Tracking 0 as yet unmatched pairs. 0 records in RAM.
INFO	2024-07-03 19:24:33	MarkDuplicates	Read    24,000,000 records.  Elapsed time: 00:01:52s.  Time for last 1,000,000:    3s.  Last read position: chr15:102,242,899
INFO	2024-07-03 19:24:33	MarkDuplicates	Tracking 0 as yet unmatched pairs. 0 records in RAM.
INFO	2024-07-03 19:24:37	MarkDuplicates	Read    25,000,000 records.  Elapsed time: 00:01:56s.  Time for last 1,000,000:    4s.  Last read position: chr16:98,006,403
INFO	2024-07-03 19:24:37	MarkDuplicates	Tracking 0 as yet unmatched pairs. 0 records in RAM.
INFO	2024-07-03 19:24:41	MarkDuplicates	Read    26,000,000 records.  Elapsed time: 00:02:00s.  Time for last 1,000,000:    4s.  Last read position: chr17:62,062,313
INFO	2024-07-03 19:24:41	MarkDuplicates	Tracking 0 as yet unmatched pairs. 0 records in RAM.
INFO	2024-07-03 19:24:45	MarkDuplicates	Read    27,000,000 records.  Elapsed time: 00:02:04s.  Time for last 1,000,000:    3s.  Last read position: chr18:68,302,940
INFO	2024-07-03 19:24:45	MarkDuplicates	Tracking 0 as yet unmatched pairs. 0 records in RAM.
INFO	2024-07-03 19:24:51	MarkDuplicates	Read    28,000,000 records.  Elapsed time: 00:02:10s.  Time for last 1,000,000:    5s.  Last read position: chrX:5,616,473
INFO	2024-07-03 19:24:51	MarkDuplicates	Tracking 0 as yet unmatched pairs. 0 records in RAM.
INFO	2024-07-03 19:24:55	MarkDuplicates	Read    29,000,000 records.  Elapsed time: 00:02:14s.  Time for last 1,000,000:    3s.  Last read position: chrY:78,114,715
INFO	2024-07-03 19:24:55	MarkDuplicates	Tracking 0 as yet unmatched pairs. 0 records in RAM.
INFO	2024-07-03 19:24:57	MarkDuplicates	Read 29340561 records. 0 pairs never matched.
INFO	2024-07-03 19:24:57	MarkDuplicates	After buildSortedReadEndLists freeMemory: 1337662416; totalMemory: 1383071744; maxMemory: 1908932608
INFO	2024-07-03 19:24:57	MarkDuplicates	Will retain up to 59654144 duplicate indices before spilling to disk.
INFO	2024-07-03 19:24:57	MarkDuplicates	Traversing read pair information and detecting duplicates.
INFO	2024-07-03 19:24:57	MarkDuplicates	Traversing fragment information and detecting duplicates.
INFO	2024-07-03 19:25:06	MarkDuplicates	Sorting list of duplicate records.
INFO	2024-07-03 19:25:06	MarkDuplicates	After generateDuplicateIndexes freeMemory: 902284480; totalMemory: 1396703232; maxMemory: 1908932608
INFO	2024-07-03 19:25:06	MarkDuplicates	Marking 842429 records as duplicates.
INFO	2024-07-03 19:25:06	MarkDuplicates	Found 0 optical duplicate clusters.
INFO	2024-07-03 19:25:06	MarkDuplicates	Reads are assumed to be ordered by: coordinate
INFO	2024-07-03 19:26:16	MarkDuplicates	Written    10,000,000 records.  Elapsed time: 00:01:10s.  Time for last 10,000,000:   70s.  Last read position: chr6:72,234,913
INFO	2024-07-03 19:27:28	MarkDuplicates	Written    20,000,000 records.  Elapsed time: 00:02:21s.  Time for last 10,000,000:   71s.  Last read position: chr12:85,110,731
INFO	2024-07-03 19:28:39	MarkDuplicates	Writing complete. Closing input iterator.
INFO	2024-07-03 19:28:39	MarkDuplicates	Duplicate Index cleanup.
INFO	2024-07-03 19:28:39	MarkDuplicates	Getting Memory Stats.
INFO	2024-07-03 19:28:39	MarkDuplicates	Before output close freeMemory: 1409563752; totalMemory: 1428160512; maxMemory: 1908932608
INFO	2024-07-03 19:28:39	MarkDuplicates	Closed outputs. Getting more Memory Stats.
INFO	2024-07-03 19:28:39	MarkDuplicates	After output close freeMemory: 1409563752; totalMemory: 1428160512; maxMemory: 1908932608
[Wed Jul 03 19:28:39 CEST 2024] picard.sam.markduplicates.MarkDuplicates done. Elapsed time: 5.98 minutes.
Runtime.totalMemory()=1428160512
[sam grooming] finished successfully at [Wed Jul 3 07:28:51 PM CEST 2024]
[trueStats] Collecting alignment statistics for E14_0h_H3K4me3_ChIP_Yang2019_GSM3314693.bam at [Wed Jul 3 07:29:34 PM CEST 2024]
[bamToWigCPMsmoothKeepDup] Started with bin size: 1 and smoothing over 0 bp and KEEPING DUPLICATES at [Wed Jul 3 07:32:28 PM CEST 2024]
There are 28258084 alignments, of which 664680 are completely within a blacklist region.
Due to filtering, 86.63660387189059% of the aforementioned alignments will be used 23905988.11825041
[bamToWigCPMsmoothKeepDup] finished successfully at [Wed Jul 3 07:49:39 PM CEST 2024]
[file cleanup] started. Good job! at [Wed Jul 3 07:49:39 PM CEST 2024]
cp: cannot stat '*.pdf': No such file or directory
mv: cannot stat '*.bed': No such file or directory
mv: preserving times for '/data/bigWigs/E14_0h_H3K4me3_ChIP_Yang2019_GSM3314693_trimV5_mm10_kpDup_q10_b1_s0_CPM.bw': Operation not permitted
mv: preserving permissions for ‘/data/bigWigs/E14_0h_H3K4me3_ChIP_Yang2019_GSM3314693_trimV5_mm10_kpDup_q10_b1_s0_CPM.bw’: Operation not permitted
mv: preserving times for '/data/bams/E14_0h_H3K4me3_ChIP_Yang2019_GSM3314693_trimV5_mm10.bam': Operation not permitted
mv: preserving permissions for ‘/data/bams/E14_0h_H3K4me3_ChIP_Yang2019_GSM3314693_trimV5_mm10.bam’: Operation not permitted
mv: preserving times for '/data/bams/E14_0h_H3K4me3_ChIP_Yang2019_GSM3314693_trimV5_mm10.bam.bai': Operation not permitted
mv: preserving permissions for ‘/data/bams/E14_0h_H3K4me3_ChIP_Yang2019_GSM3314693_trimV5_mm10.bam.bai’: Operation not permitted
mv: cannot stat '*.gtf': No such file or directory
