SCRATCH: /scratch
[setupVariables] Data are paired-end. at [Mon Sep 9 02:50:33 PM CEST 2024]
[checkDependencies] Checking Dependencies [Mon Sep 9 02:50:33 PM CEST 2024] at [Mon Sep 9 02:50:33 PM CEST 2024]
[setup checkDependencies] trimmomatic... at [Mon Sep 9 02:50:33 PM CEST 2024]
[setup checkDependencies] STAR... at [Mon Sep 9 02:50:33 PM CEST 2024]
[setup checkDependencies] bismark... at [Mon Sep 9 02:50:33 PM CEST 2024]
[setup checkDependencies] bowtie2... at [Mon Sep 9 02:50:33 PM CEST 2024]
[setup checkDependencies] samtools... at [Mon Sep 9 02:50:33 PM CEST 2024]
[setup checkDependencies] picard... at [Mon Sep 9 02:50:33 PM CEST 2024]
[setup checkDependencies] awk... at [Mon Sep 9 02:50:33 PM CEST 2024]
[setup checkDependencies] bamCoverage... at [Mon Sep 9 02:50:33 PM CEST 2024]
[setup checkDependencies] fastqc... at [Mon Sep 9 02:50:33 PM CEST 2024]
[setup checkDependencies] fastq_screen... at [Mon Sep 9 02:50:33 PM CEST 2024]
[setup checkDependencies] stringtie... at [Mon Sep 9 02:50:33 PM CEST 2024]
[setup checkDependencies] clumpify.sh... at [Mon Sep 9 02:50:33 PM CEST 2024]
PAIRED: true
[setUpLogFile] Script started at [Mon Sep 9 02:50:33 PM CEST 2024] at [Mon Sep 9 02:50:33 PM CEST 2024]
[fastQC] started on raw FASTQs at [Mon Sep 9 02:50:33 PM CEST 2024]
Started analysis of E14_D0_DnmtTKO_Tir_PCGF6_ChIP_TU70_R1_raw.fastq.gz
Started analysis of E14_D0_DnmtTKO_Tir_PCGF6_ChIP_TU70_R2_raw.fastq.gz
Approx 5% complete for E14_D0_DnmtTKO_Tir_PCGF6_ChIP_TU70_R2_raw.fastq.gz
Approx 5% complete for E14_D0_DnmtTKO_Tir_PCGF6_ChIP_TU70_R1_raw.fastq.gz
Approx 10% complete for E14_D0_DnmtTKO_Tir_PCGF6_ChIP_TU70_R2_raw.fastq.gz
Approx 10% complete for E14_D0_DnmtTKO_Tir_PCGF6_ChIP_TU70_R1_raw.fastq.gz
Approx 15% complete for E14_D0_DnmtTKO_Tir_PCGF6_ChIP_TU70_R2_raw.fastq.gz
Approx 15% complete for E14_D0_DnmtTKO_Tir_PCGF6_ChIP_TU70_R1_raw.fastq.gz
Approx 20% complete for E14_D0_DnmtTKO_Tir_PCGF6_ChIP_TU70_R2_raw.fastq.gz
Approx 20% complete for E14_D0_DnmtTKO_Tir_PCGF6_ChIP_TU70_R1_raw.fastq.gz
Approx 25% complete for E14_D0_DnmtTKO_Tir_PCGF6_ChIP_TU70_R2_raw.fastq.gz
Approx 25% complete for E14_D0_DnmtTKO_Tir_PCGF6_ChIP_TU70_R1_raw.fastq.gz
Approx 30% complete for E14_D0_DnmtTKO_Tir_PCGF6_ChIP_TU70_R2_raw.fastq.gz
Approx 30% complete for E14_D0_DnmtTKO_Tir_PCGF6_ChIP_TU70_R1_raw.fastq.gz
Approx 35% complete for E14_D0_DnmtTKO_Tir_PCGF6_ChIP_TU70_R2_raw.fastq.gz
Approx 35% complete for E14_D0_DnmtTKO_Tir_PCGF6_ChIP_TU70_R1_raw.fastq.gz
Approx 40% complete for E14_D0_DnmtTKO_Tir_PCGF6_ChIP_TU70_R2_raw.fastq.gz
Approx 40% complete for E14_D0_DnmtTKO_Tir_PCGF6_ChIP_TU70_R1_raw.fastq.gz
Approx 45% complete for E14_D0_DnmtTKO_Tir_PCGF6_ChIP_TU70_R2_raw.fastq.gz
Approx 45% complete for E14_D0_DnmtTKO_Tir_PCGF6_ChIP_TU70_R1_raw.fastq.gz
Approx 50% complete for E14_D0_DnmtTKO_Tir_PCGF6_ChIP_TU70_R2_raw.fastq.gz
Approx 50% complete for E14_D0_DnmtTKO_Tir_PCGF6_ChIP_TU70_R1_raw.fastq.gz
Approx 55% complete for E14_D0_DnmtTKO_Tir_PCGF6_ChIP_TU70_R2_raw.fastq.gz
Approx 55% complete for E14_D0_DnmtTKO_Tir_PCGF6_ChIP_TU70_R1_raw.fastq.gz
Approx 60% complete for E14_D0_DnmtTKO_Tir_PCGF6_ChIP_TU70_R2_raw.fastq.gz
Approx 60% complete for E14_D0_DnmtTKO_Tir_PCGF6_ChIP_TU70_R1_raw.fastq.gz
Approx 65% complete for E14_D0_DnmtTKO_Tir_PCGF6_ChIP_TU70_R2_raw.fastq.gz
Approx 65% complete for E14_D0_DnmtTKO_Tir_PCGF6_ChIP_TU70_R1_raw.fastq.gz
Approx 70% complete for E14_D0_DnmtTKO_Tir_PCGF6_ChIP_TU70_R2_raw.fastq.gz
Approx 70% complete for E14_D0_DnmtTKO_Tir_PCGF6_ChIP_TU70_R1_raw.fastq.gz
Approx 75% complete for E14_D0_DnmtTKO_Tir_PCGF6_ChIP_TU70_R2_raw.fastq.gz
Approx 75% complete for E14_D0_DnmtTKO_Tir_PCGF6_ChIP_TU70_R1_raw.fastq.gz
Approx 80% complete for E14_D0_DnmtTKO_Tir_PCGF6_ChIP_TU70_R2_raw.fastq.gz
Approx 80% complete for E14_D0_DnmtTKO_Tir_PCGF6_ChIP_TU70_R1_raw.fastq.gz
Approx 85% complete for E14_D0_DnmtTKO_Tir_PCGF6_ChIP_TU70_R2_raw.fastq.gz
Approx 85% complete for E14_D0_DnmtTKO_Tir_PCGF6_ChIP_TU70_R1_raw.fastq.gz
Approx 90% complete for E14_D0_DnmtTKO_Tir_PCGF6_ChIP_TU70_R2_raw.fastq.gz
Approx 90% complete for E14_D0_DnmtTKO_Tir_PCGF6_ChIP_TU70_R1_raw.fastq.gz
Approx 95% complete for E14_D0_DnmtTKO_Tir_PCGF6_ChIP_TU70_R2_raw.fastq.gz
Approx 95% complete for E14_D0_DnmtTKO_Tir_PCGF6_ChIP_TU70_R1_raw.fastq.gz
Analysis complete for E14_D0_DnmtTKO_Tir_PCGF6_ChIP_TU70_R2_raw.fastq.gz
Analysis complete for E14_D0_DnmtTKO_Tir_PCGF6_ChIP_TU70_R1_raw.fastq.gz
[fastQC] on raw FASTQs finished succesfully. Will remove PCR duplicates now at [Mon Sep 9 02:54:52 PM CEST 2024]
Reads are length: 151 at [Mon Sep 9 02:54:53 PM CEST 2024]
Reads with same sequence 2 or fewer substitutions will be marked as PCR duplicates at [Mon Sep 9 02:54:53 PM CEST 2024]
Removal of PCR duplicates complete! at [Mon Sep 9 03:31:03 PM CEST 2024]
[trimReads] Started using version trimV5 parameters at [Mon Sep 9 03:31:03 PM CEST 2024]
ILLUMINACLIP:/data/reference_genomes/adapters/adapters.fa:2:30:10 SLIDINGWINDOW:4:20 MINLEN:24
[trimReads] Trimming E14_D0_DnmtTKO_Tir_PCGF6_ChIP_TU70_R1.fastq.gz and E14_D0_DnmtTKO_Tir_PCGF6_ChIP_TU70_R2.fastq.gz... at [Mon Sep 9 03:31:03 PM CEST 2024]
[trimReads] Finished successfully at [Mon Sep 9 03:43:03 PM CEST 2024]
[fastQC] started on E14_D0_DnmtTKO_Tir_PCGF6_ChIP_TU70_R1.fastq.gz E14_D0_DnmtTKO_Tir_PCGF6_ChIP_TU70_R2.fastq.gz E14_D0_DnmtTKO_Tir_PCGF6_ChIP_TU70_trimV5_R1.fastq.gz E14_D0_DnmtTKO_Tir_PCGF6_ChIP_TU70_trimV5_R2.fastq.gz at [Mon Sep 9 03:43:03 PM CEST 2024]
Started analysis of E14_D0_DnmtTKO_Tir_PCGF6_ChIP_TU70_R1.fastq.gz
Started analysis of E14_D0_DnmtTKO_Tir_PCGF6_ChIP_TU70_R2.fastq.gz
Started analysis of E14_D0_DnmtTKO_Tir_PCGF6_ChIP_TU70_trimV5_R1.fastq.gz
Started analysis of E14_D0_DnmtTKO_Tir_PCGF6_ChIP_TU70_trimV5_R2.fastq.gz
Approx 5% complete for E14_D0_DnmtTKO_Tir_PCGF6_ChIP_TU70_R1.fastq.gz
Approx 5% complete for E14_D0_DnmtTKO_Tir_PCGF6_ChIP_TU70_trimV5_R2.fastq.gz
Approx 5% complete for E14_D0_DnmtTKO_Tir_PCGF6_ChIP_TU70_trimV5_R1.fastq.gz
Approx 5% complete for E14_D0_DnmtTKO_Tir_PCGF6_ChIP_TU70_R2.fastq.gz
Approx 10% complete for E14_D0_DnmtTKO_Tir_PCGF6_ChIP_TU70_trimV5_R2.fastq.gz
Approx 10% complete for E14_D0_DnmtTKO_Tir_PCGF6_ChIP_TU70_R1.fastq.gz
Approx 10% complete for E14_D0_DnmtTKO_Tir_PCGF6_ChIP_TU70_trimV5_R1.fastq.gz
Approx 10% complete for E14_D0_DnmtTKO_Tir_PCGF6_ChIP_TU70_R2.fastq.gz
Approx 15% complete for E14_D0_DnmtTKO_Tir_PCGF6_ChIP_TU70_trimV5_R2.fastq.gz
Approx 15% complete for E14_D0_DnmtTKO_Tir_PCGF6_ChIP_TU70_trimV5_R1.fastq.gz
Approx 15% complete for E14_D0_DnmtTKO_Tir_PCGF6_ChIP_TU70_R1.fastq.gz
Approx 20% complete for E14_D0_DnmtTKO_Tir_PCGF6_ChIP_TU70_trimV5_R1.fastq.gz
Approx 20% complete for E14_D0_DnmtTKO_Tir_PCGF6_ChIP_TU70_trimV5_R2.fastq.gz
Approx 20% complete for E14_D0_DnmtTKO_Tir_PCGF6_ChIP_TU70_R1.fastq.gz
Approx 15% complete for E14_D0_DnmtTKO_Tir_PCGF6_ChIP_TU70_R2.fastq.gz
Approx 25% complete for E14_D0_DnmtTKO_Tir_PCGF6_ChIP_TU70_trimV5_R1.fastq.gz
Approx 25% complete for E14_D0_DnmtTKO_Tir_PCGF6_ChIP_TU70_trimV5_R2.fastq.gz
Approx 20% complete for E14_D0_DnmtTKO_Tir_PCGF6_ChIP_TU70_R2.fastq.gz
Approx 30% complete for E14_D0_DnmtTKO_Tir_PCGF6_ChIP_TU70_trimV5_R1.fastq.gz
Approx 25% complete for E14_D0_DnmtTKO_Tir_PCGF6_ChIP_TU70_R1.fastq.gz
Approx 30% complete for E14_D0_DnmtTKO_Tir_PCGF6_ChIP_TU70_trimV5_R2.fastq.gz
Approx 25% complete for E14_D0_DnmtTKO_Tir_PCGF6_ChIP_TU70_R2.fastq.gz
Approx 35% complete for E14_D0_DnmtTKO_Tir_PCGF6_ChIP_TU70_trimV5_R1.fastq.gz
Approx 35% complete for E14_D0_DnmtTKO_Tir_PCGF6_ChIP_TU70_trimV5_R2.fastq.gz
Approx 30% complete for E14_D0_DnmtTKO_Tir_PCGF6_ChIP_TU70_R2.fastq.gz
Approx 40% complete for E14_D0_DnmtTKO_Tir_PCGF6_ChIP_TU70_trimV5_R1.fastq.gz
Approx 30% complete for E14_D0_DnmtTKO_Tir_PCGF6_ChIP_TU70_R1.fastq.gz
Approx 40% complete for E14_D0_DnmtTKO_Tir_PCGF6_ChIP_TU70_trimV5_R2.fastq.gz
Approx 45% complete for E14_D0_DnmtTKO_Tir_PCGF6_ChIP_TU70_trimV5_R1.fastq.gz
Approx 35% complete for E14_D0_DnmtTKO_Tir_PCGF6_ChIP_TU70_R2.fastq.gz
Approx 45% complete for E14_D0_DnmtTKO_Tir_PCGF6_ChIP_TU70_trimV5_R2.fastq.gz
Approx 50% complete for E14_D0_DnmtTKO_Tir_PCGF6_ChIP_TU70_trimV5_R1.fastq.gz
Approx 35% complete for E14_D0_DnmtTKO_Tir_PCGF6_ChIP_TU70_R1.fastq.gz
Approx 40% complete for E14_D0_DnmtTKO_Tir_PCGF6_ChIP_TU70_R2.fastq.gz
Approx 50% complete for E14_D0_DnmtTKO_Tir_PCGF6_ChIP_TU70_trimV5_R2.fastq.gz
Approx 55% complete for E14_D0_DnmtTKO_Tir_PCGF6_ChIP_TU70_trimV5_R1.fastq.gz
Approx 45% complete for E14_D0_DnmtTKO_Tir_PCGF6_ChIP_TU70_R2.fastq.gz
Approx 40% complete for E14_D0_DnmtTKO_Tir_PCGF6_ChIP_TU70_R1.fastq.gz
Approx 55% complete for E14_D0_DnmtTKO_Tir_PCGF6_ChIP_TU70_trimV5_R2.fastq.gz
Approx 60% complete for E14_D0_DnmtTKO_Tir_PCGF6_ChIP_TU70_trimV5_R1.fastq.gz
Approx 50% complete for E14_D0_DnmtTKO_Tir_PCGF6_ChIP_TU70_R2.fastq.gz
Approx 45% complete for E14_D0_DnmtTKO_Tir_PCGF6_ChIP_TU70_R1.fastq.gz
Approx 60% complete for E14_D0_DnmtTKO_Tir_PCGF6_ChIP_TU70_trimV5_R2.fastq.gz
Approx 65% complete for E14_D0_DnmtTKO_Tir_PCGF6_ChIP_TU70_trimV5_R1.fastq.gz
Approx 55% complete for E14_D0_DnmtTKO_Tir_PCGF6_ChIP_TU70_R2.fastq.gz
Approx 50% complete for E14_D0_DnmtTKO_Tir_PCGF6_ChIP_TU70_R1.fastq.gz
Approx 70% complete for E14_D0_DnmtTKO_Tir_PCGF6_ChIP_TU70_trimV5_R1.fastq.gz
Approx 60% complete for E14_D0_DnmtTKO_Tir_PCGF6_ChIP_TU70_R2.fastq.gz
Approx 55% complete for E14_D0_DnmtTKO_Tir_PCGF6_ChIP_TU70_R1.fastq.gz
Approx 65% complete for E14_D0_DnmtTKO_Tir_PCGF6_ChIP_TU70_trimV5_R2.fastq.gz
Approx 75% complete for E14_D0_DnmtTKO_Tir_PCGF6_ChIP_TU70_trimV5_R1.fastq.gz
Approx 65% complete for E14_D0_DnmtTKO_Tir_PCGF6_ChIP_TU70_R2.fastq.gz
Approx 60% complete for E14_D0_DnmtTKO_Tir_PCGF6_ChIP_TU70_R1.fastq.gz
Approx 80% complete for E14_D0_DnmtTKO_Tir_PCGF6_ChIP_TU70_trimV5_R1.fastq.gz
Approx 70% complete for E14_D0_DnmtTKO_Tir_PCGF6_ChIP_TU70_trimV5_R2.fastq.gz
Approx 70% complete for E14_D0_DnmtTKO_Tir_PCGF6_ChIP_TU70_R2.fastq.gz
Approx 85% complete for E14_D0_DnmtTKO_Tir_PCGF6_ChIP_TU70_trimV5_R1.fastq.gz
Approx 65% complete for E14_D0_DnmtTKO_Tir_PCGF6_ChIP_TU70_R1.fastq.gz
Approx 75% complete for E14_D0_DnmtTKO_Tir_PCGF6_ChIP_TU70_trimV5_R2.fastq.gz
Approx 75% complete for E14_D0_DnmtTKO_Tir_PCGF6_ChIP_TU70_R2.fastq.gz
Approx 70% complete for E14_D0_DnmtTKO_Tir_PCGF6_ChIP_TU70_R1.fastq.gz
Approx 90% complete for E14_D0_DnmtTKO_Tir_PCGF6_ChIP_TU70_trimV5_R1.fastq.gz
Approx 80% complete for E14_D0_DnmtTKO_Tir_PCGF6_ChIP_TU70_trimV5_R2.fastq.gz
Approx 80% complete for E14_D0_DnmtTKO_Tir_PCGF6_ChIP_TU70_R2.fastq.gz
Approx 75% complete for E14_D0_DnmtTKO_Tir_PCGF6_ChIP_TU70_R1.fastq.gz
Approx 85% complete for E14_D0_DnmtTKO_Tir_PCGF6_ChIP_TU70_trimV5_R2.fastq.gz
Approx 95% complete for E14_D0_DnmtTKO_Tir_PCGF6_ChIP_TU70_trimV5_R1.fastq.gz
Approx 85% complete for E14_D0_DnmtTKO_Tir_PCGF6_ChIP_TU70_R2.fastq.gz
Approx 80% complete for E14_D0_DnmtTKO_Tir_PCGF6_ChIP_TU70_R1.fastq.gz
Approx 90% complete for E14_D0_DnmtTKO_Tir_PCGF6_ChIP_TU70_trimV5_R2.fastq.gz
Analysis complete for E14_D0_DnmtTKO_Tir_PCGF6_ChIP_TU70_trimV5_R1.fastq.gz
Approx 90% complete for E14_D0_DnmtTKO_Tir_PCGF6_ChIP_TU70_R2.fastq.gz
Approx 85% complete for E14_D0_DnmtTKO_Tir_PCGF6_ChIP_TU70_R1.fastq.gz
Approx 95% complete for E14_D0_DnmtTKO_Tir_PCGF6_ChIP_TU70_trimV5_R2.fastq.gz
Approx 95% complete for E14_D0_DnmtTKO_Tir_PCGF6_ChIP_TU70_R2.fastq.gz
Approx 90% complete for E14_D0_DnmtTKO_Tir_PCGF6_ChIP_TU70_R1.fastq.gz
Analysis complete for E14_D0_DnmtTKO_Tir_PCGF6_ChIP_TU70_trimV5_R2.fastq.gz
Analysis complete for E14_D0_DnmtTKO_Tir_PCGF6_ChIP_TU70_R2.fastq.gz
Approx 95% complete for E14_D0_DnmtTKO_Tir_PCGF6_ChIP_TU70_R1.fastq.gz
Analysis complete for E14_D0_DnmtTKO_Tir_PCGF6_ChIP_TU70_R1.fastq.gz
[fastQC] finished succesfully at [Mon Sep 9 03:46:51 PM CEST 2024]
[bowtie2 alignment] started with reference /data/reference_genomes/mm10/mm10 at [Mon Sep 9 03:46:51 PM CEST 2024]
[alignment] Bowtie2 alignment finished successfully at [Mon Sep 9 05:57:26 PM CEST 2024]
[sam grooming] started at [Mon Sep 9 05:59:41 PM CEST 2024]
17:59:41.781 INFO  NativeLibraryLoader - Loading libgkl_compression.so from jar:file:/home/robin/bin/miniconda3/share/picard-2.26.2-0/picard.jar!/com/intel/gkl/native/libgkl_compression.so
[Mon Sep 09 17:59:41 CEST 2024] CleanSam --INPUT E14_D0_DnmtTKO_Tir_PCGF6_ChIP_TU70_raw.sam --OUTPUT E14_D0_DnmtTKO_Tir_PCGF6_ChIP_TU70_cleaned.sam --TMP_DIR . --VERBOSITY INFO --QUIET false --VALIDATION_STRINGENCY STRICT --COMPRESSION_LEVEL 5 --MAX_RECORDS_IN_RAM 500000 --CREATE_INDEX false --CREATE_MD5_FILE false --GA4GH_CLIENT_SECRETS client_secrets.json --help false --version false --showHidden false --USE_JDK_DEFLATER false --USE_JDK_INFLATER false
[Mon Sep 09 17:59:41 CEST 2024] Executing as robin@epipax.ijm.univ-paris-diderot.priv on Linux 6.1.0-25-amd64 amd64; OpenJDK 64-Bit Server VM 1.8.0_332-b09; Deflater: Intel; Inflater: Intel; Provider GCS is not available; Picard version: Version:2.26.2
INFO	2024-09-09 17:59:42	CleanSam	Seen many non-increasing record positions. Printing Read-names as well.
INFO	2024-09-09 17:59:48	CleanSam	Processed     1,000,000 records.  Elapsed time: 00:00:06s.  Time for last 1,000,000:    6s.  Last read position: chr7:34,780,465.  Last read name: LH00169:454:22GG57LT4:2:1215:49861:24057
INFO	2024-09-09 17:59:54	CleanSam	Processed     2,000,000 records.  Elapsed time: 00:00:12s.  Time for last 1,000,000:    6s.  Last read position: chr7:33,907,905.  Last read name: LH00169:454:22GG57LT4:2:1205:17557:14307
INFO	2024-09-09 18:00:00	CleanSam	Processed     3,000,000 records.  Elapsed time: 00:00:19s.  Time for last 1,000,000:    6s.  Last read position: */*.  Last read name: LH00169:454:22GG57LT4:2:1256:16246:5258
INFO	2024-09-09 18:00:07	CleanSam	Processed     4,000,000 records.  Elapsed time: 00:00:25s.  Time for last 1,000,000:    6s.  Last read position: chr6:57,535,571.  Last read name: LH00169:454:22GG57LT4:2:1166:43015:17669
INFO	2024-09-09 18:00:13	CleanSam	Processed     5,000,000 records.  Elapsed time: 00:00:31s.  Time for last 1,000,000:    6s.  Last read position: chr8:83,003,239.  Last read name: LH00169:454:22GG57LT4:2:1225:7247:1168
INFO	2024-09-09 18:00:20	CleanSam	Processed     6,000,000 records.  Elapsed time: 00:00:39s.  Time for last 1,000,000:    7s.  Last read position: */*.  Last read name: LH00169:454:22GG57LT4:2:1275:45459:11870
INFO	2024-09-09 18:00:27	CleanSam	Processed     7,000,000 records.  Elapsed time: 00:00:45s.  Time for last 1,000,000:    6s.  Last read position: chr17:41,652,321.  Last read name: LH00169:454:22GG57LT4:2:1441:41566:18160
INFO	2024-09-09 18:00:33	CleanSam	Processed     8,000,000 records.  Elapsed time: 00:00:51s.  Time for last 1,000,000:    6s.  Last read position: */*.  Last read name: LH00169:454:22GG57LT4:2:1474:6155:16142
INFO	2024-09-09 18:00:39	CleanSam	Processed     9,000,000 records.  Elapsed time: 00:00:57s.  Time for last 1,000,000:    6s.  Last read position: chr1:109,154,147.  Last read name: LH00169:454:22GG57LT4:2:1193:46414:10581
INFO	2024-09-09 18:00:45	CleanSam	Processed    10,000,000 records.  Elapsed time: 00:01:03s.  Time for last 1,000,000:    6s.  Last read position: chr8:126,217,544.  Last read name: LH00169:454:22GG57LT4:2:1394:35416:1098
INFO	2024-09-09 18:00:51	CleanSam	Processed    11,000,000 records.  Elapsed time: 00:01:10s.  Time for last 1,000,000:    6s.  Last read position: chr16:96,505,041.  Last read name: LH00169:454:22GG57LT4:2:1109:17549:14994
INFO	2024-09-09 18:00:58	CleanSam	Processed    12,000,000 records.  Elapsed time: 00:01:16s.  Time for last 1,000,000:    6s.  Last read position: chr2:98,393,807.  Last read name: LH00169:454:22GG57LT4:2:1186:18075:17193
INFO	2024-09-09 18:01:04	CleanSam	Processed    13,000,000 records.  Elapsed time: 00:01:22s.  Time for last 1,000,000:    6s.  Last read position: chr12:21,125,004.  Last read name: LH00169:454:22GG57LT4:2:2480:7895:20107
INFO	2024-09-09 18:01:10	CleanSam	Processed    14,000,000 records.  Elapsed time: 00:01:28s.  Time for last 1,000,000:    5s.  Last read position: chr17:36,338,573.  Last read name: LH00169:454:22GG57LT4:2:2139:48857:28091
INFO	2024-09-09 18:01:16	CleanSam	Processed    15,000,000 records.  Elapsed time: 00:01:34s.  Time for last 1,000,000:    6s.  Last read position: chr12:15,165,960.  Last read name: LH00169:454:22GG57LT4:2:2169:41243:3171
INFO	2024-09-09 18:01:22	CleanSam	Processed    16,000,000 records.  Elapsed time: 00:01:40s.  Time for last 1,000,000:    6s.  Last read position: */*.  Last read name: LH00169:454:22GG57LT4:2:1434:25908:9461
INFO	2024-09-09 18:01:29	CleanSam	Processed    17,000,000 records.  Elapsed time: 00:01:47s.  Time for last 1,000,000:    6s.  Last read position: chr14:119,554,157.  Last read name: LH00169:454:22GG57LT4:2:1430:24370:16437
INFO	2024-09-09 18:01:35	CleanSam	Processed    18,000,000 records.  Elapsed time: 00:01:53s.  Time for last 1,000,000:    6s.  Last read position: */*.  Last read name: LH00169:454:22GG57LT4:2:1411:21797:25850
INFO	2024-09-09 18:01:41	CleanSam	Processed    19,000,000 records.  Elapsed time: 00:01:59s.  Time for last 1,000,000:    6s.  Last read position: chr8:91,156,709.  Last read name: LH00169:454:22GG57LT4:2:1149:49942:25682
INFO	2024-09-09 18:01:47	CleanSam	Processed    20,000,000 records.  Elapsed time: 00:02:05s.  Time for last 1,000,000:    5s.  Last read position: chr2:15,470,481.  Last read name: LH00169:454:22GG57LT4:2:1168:50128:7626
INFO	2024-09-09 18:01:53	CleanSam	Processed    21,000,000 records.  Elapsed time: 00:02:11s.  Time for last 1,000,000:    5s.  Last read position: chr3:98,037,008.  Last read name: LH00169:454:22GG57LT4:2:2222:44892:2849
INFO	2024-09-09 18:01:59	CleanSam	Processed    22,000,000 records.  Elapsed time: 00:02:17s.  Time for last 1,000,000:    6s.  Last read position: chr8:125,016,364.  Last read name: LH00169:454:22GG57LT4:2:2194:17128:13089
INFO	2024-09-09 18:02:05	CleanSam	Processed    23,000,000 records.  Elapsed time: 00:02:23s.  Time for last 1,000,000:    6s.  Last read position: */*.  Last read name: LH00169:454:22GG57LT4:2:2246:9173:7444
INFO	2024-09-09 18:02:12	CleanSam	Processed    24,000,000 records.  Elapsed time: 00:02:30s.  Time for last 1,000,000:    6s.  Last read position: chr2:175,083,738.  Last read name: LH00169:454:22GG57LT4:2:2495:8097:28749
INFO	2024-09-09 18:02:18	CleanSam	Processed    25,000,000 records.  Elapsed time: 00:02:36s.  Time for last 1,000,000:    6s.  Last read position: chr3:6,047,774.  Last read name: LH00169:454:22GG57LT4:2:1394:11034:26326
INFO	2024-09-09 18:02:24	CleanSam	Processed    26,000,000 records.  Elapsed time: 00:02:42s.  Time for last 1,000,000:    5s.  Last read position: chr3:158,647,858.  Last read name: LH00169:454:22GG57LT4:2:1365:37617:11604
INFO	2024-09-09 18:02:30	CleanSam	Processed    27,000,000 records.  Elapsed time: 00:02:48s.  Time for last 1,000,000:    6s.  Last read position: chr5:117,990,158.  Last read name: LH00169:454:22GG57LT4:2:1162:22728:23847
INFO	2024-09-09 18:02:36	CleanSam	Processed    28,000,000 records.  Elapsed time: 00:02:54s.  Time for last 1,000,000:    6s.  Last read position: chr7:37,338,545.  Last read name: LH00169:454:22GG57LT4:2:1330:34235:21045
INFO	2024-09-09 18:02:42	CleanSam	Processed    29,000,000 records.  Elapsed time: 00:03:00s.  Time for last 1,000,000:    5s.  Last read position: chr2:130,419,121.  Last read name: LH00169:454:22GG57LT4:2:2416:12208:21101
INFO	2024-09-09 18:02:48	CleanSam	Processed    30,000,000 records.  Elapsed time: 00:03:06s.  Time for last 1,000,000:    5s.  Last read position: chr14:54,637,195.  Last read name: LH00169:454:22GG57LT4:2:1376:32244:2051
INFO	2024-09-09 18:02:53	CleanSam	Processed    31,000,000 records.  Elapsed time: 00:03:12s.  Time for last 1,000,000:    5s.  Last read position: chr9:66,258,391.  Last read name: LH00169:454:22GG57LT4:2:2395:5580:7275
INFO	2024-09-09 18:02:59	CleanSam	Processed    32,000,000 records.  Elapsed time: 00:03:17s.  Time for last 1,000,000:    5s.  Last read position: chr9:88,392,118.  Last read name: LH00169:454:22GG57LT4:2:1186:14465:17109
INFO	2024-09-09 18:03:05	CleanSam	Processed    33,000,000 records.  Elapsed time: 00:03:23s.  Time for last 1,000,000:    5s.  Last read position: */*.  Last read name: LH00169:454:22GG57LT4:2:1413:4884:15960
INFO	2024-09-09 18:03:11	CleanSam	Processed    34,000,000 records.  Elapsed time: 00:03:29s.  Time for last 1,000,000:    5s.  Last read position: chr9:96,142,194.  Last read name: LH00169:454:22GG57LT4:2:2287:39891:12626
INFO	2024-09-09 18:03:17	CleanSam	Processed    35,000,000 records.  Elapsed time: 00:03:35s.  Time for last 1,000,000:    5s.  Last read position: chr8:38,490,437.  Last read name: LH00169:454:22GG57LT4:2:2474:47725:12066
[Mon Sep 09 18:03:33 CEST 2024] picard.sam.CleanSam done. Elapsed time: 3.86 minutes.
Runtime.totalMemory()=689438720
18:03:35.354 INFO  NativeLibraryLoader - Loading libgkl_compression.so from jar:file:/home/robin/bin/miniconda3/share/picard-2.26.2-0/picard.jar!/com/intel/gkl/native/libgkl_compression.so
[Mon Sep 09 18:03:35 CEST 2024] SamFormatConverter --INPUT E14_D0_DnmtTKO_Tir_PCGF6_ChIP_TU70_cleaned.sam --OUTPUT E14_D0_DnmtTKO_Tir_PCGF6_ChIP_TU70_unsorted.bam --TMP_DIR . --VERBOSITY INFO --QUIET false --VALIDATION_STRINGENCY STRICT --COMPRESSION_LEVEL 5 --MAX_RECORDS_IN_RAM 500000 --CREATE_INDEX false --CREATE_MD5_FILE false --GA4GH_CLIENT_SECRETS client_secrets.json --help false --version false --showHidden false --USE_JDK_DEFLATER false --USE_JDK_INFLATER false
[Mon Sep 09 18:03:35 CEST 2024] Executing as robin@epipax.ijm.univ-paris-diderot.priv on Linux 6.1.0-25-amd64 amd64; OpenJDK 64-Bit Server VM 1.8.0_332-b09; Deflater: Intel; Inflater: Intel; Provider GCS is not available; Picard version: Version:2.26.2
INFO	2024-09-09 18:03:36	SamFormatConverter	Seen many non-increasing record positions. Printing Read-names as well.
INFO	2024-09-09 18:03:49	SamFormatConverter	Processed     1,000,000 records.  Elapsed time: 00:00:12s.  Time for last 1,000,000:   12s.  Last read position: chr7:34,780,465.  Last read name: LH00169:454:22GG57LT4:2:1215:49861:24057
INFO	2024-09-09 18:04:01	SamFormatConverter	Processed     2,000,000 records.  Elapsed time: 00:00:24s.  Time for last 1,000,000:   12s.  Last read position: chr7:33,907,905.  Last read name: LH00169:454:22GG57LT4:2:1205:17557:14307
INFO	2024-09-09 18:04:13	SamFormatConverter	Processed     3,000,000 records.  Elapsed time: 00:00:37s.  Time for last 1,000,000:   12s.  Last read position: */*.  Last read name: LH00169:454:22GG57LT4:2:1256:16246:5258
INFO	2024-09-09 18:04:25	SamFormatConverter	Processed     4,000,000 records.  Elapsed time: 00:00:48s.  Time for last 1,000,000:   11s.  Last read position: chr6:57,535,571.  Last read name: LH00169:454:22GG57LT4:2:1166:43015:17669
INFO	2024-09-09 18:04:36	SamFormatConverter	Processed     5,000,000 records.  Elapsed time: 00:00:59s.  Time for last 1,000,000:   11s.  Last read position: chr8:83,003,239.  Last read name: LH00169:454:22GG57LT4:2:1225:7247:1168
INFO	2024-09-09 18:04:48	SamFormatConverter	Processed     6,000,000 records.  Elapsed time: 00:01:11s.  Time for last 1,000,000:   11s.  Last read position: */*.  Last read name: LH00169:454:22GG57LT4:2:1275:45459:11870
INFO	2024-09-09 18:04:59	SamFormatConverter	Processed     7,000,000 records.  Elapsed time: 00:01:22s.  Time for last 1,000,000:   11s.  Last read position: chr17:41,652,321.  Last read name: LH00169:454:22GG57LT4:2:1441:41566:18160
INFO	2024-09-09 18:05:11	SamFormatConverter	Processed     8,000,000 records.  Elapsed time: 00:01:34s.  Time for last 1,000,000:   12s.  Last read position: */*.  Last read name: LH00169:454:22GG57LT4:2:1474:6155:16142
INFO	2024-09-09 18:05:23	SamFormatConverter	Processed     9,000,000 records.  Elapsed time: 00:01:47s.  Time for last 1,000,000:   12s.  Last read position: chr1:109,154,147.  Last read name: LH00169:454:22GG57LT4:2:1193:46414:10581
INFO	2024-09-09 18:05:35	SamFormatConverter	Processed    10,000,000 records.  Elapsed time: 00:01:59s.  Time for last 1,000,000:   11s.  Last read position: chr8:126,217,544.  Last read name: LH00169:454:22GG57LT4:2:1394:35416:1098
INFO	2024-09-09 18:05:47	SamFormatConverter	Processed    11,000,000 records.  Elapsed time: 00:02:11s.  Time for last 1,000,000:   12s.  Last read position: chr16:96,505,041.  Last read name: LH00169:454:22GG57LT4:2:1109:17549:14994
INFO	2024-09-09 18:06:00	SamFormatConverter	Processed    12,000,000 records.  Elapsed time: 00:02:23s.  Time for last 1,000,000:   12s.  Last read position: chr2:98,393,807.  Last read name: LH00169:454:22GG57LT4:2:1186:18075:17193
INFO	2024-09-09 18:06:12	SamFormatConverter	Processed    13,000,000 records.  Elapsed time: 00:02:35s.  Time for last 1,000,000:   12s.  Last read position: chr12:21,125,004.  Last read name: LH00169:454:22GG57LT4:2:2480:7895:20107
INFO	2024-09-09 18:06:24	SamFormatConverter	Processed    14,000,000 records.  Elapsed time: 00:02:48s.  Time for last 1,000,000:   12s.  Last read position: chr17:36,338,573.  Last read name: LH00169:454:22GG57LT4:2:2139:48857:28091
INFO	2024-09-09 18:06:37	SamFormatConverter	Processed    15,000,000 records.  Elapsed time: 00:03:00s.  Time for last 1,000,000:   12s.  Last read position: chr12:15,165,960.  Last read name: LH00169:454:22GG57LT4:2:2169:41243:3171
INFO	2024-09-09 18:06:49	SamFormatConverter	Processed    16,000,000 records.  Elapsed time: 00:03:12s.  Time for last 1,000,000:   12s.  Last read position: */*.  Last read name: LH00169:454:22GG57LT4:2:1434:25908:9461
INFO	2024-09-09 18:07:02	SamFormatConverter	Processed    17,000,000 records.  Elapsed time: 00:03:25s.  Time for last 1,000,000:   12s.  Last read position: chr14:119,554,157.  Last read name: LH00169:454:22GG57LT4:2:1430:24370:16437
INFO	2024-09-09 18:07:14	SamFormatConverter	Processed    18,000,000 records.  Elapsed time: 00:03:37s.  Time for last 1,000,000:   12s.  Last read position: */*.  Last read name: LH00169:454:22GG57LT4:2:1411:21797:25850
INFO	2024-09-09 18:07:27	SamFormatConverter	Processed    19,000,000 records.  Elapsed time: 00:03:50s.  Time for last 1,000,000:   12s.  Last read position: chr8:91,156,709.  Last read name: LH00169:454:22GG57LT4:2:1149:49942:25682
INFO	2024-09-09 18:07:39	SamFormatConverter	Processed    20,000,000 records.  Elapsed time: 00:04:02s.  Time for last 1,000,000:   12s.  Last read position: chr2:15,470,481.  Last read name: LH00169:454:22GG57LT4:2:1168:50128:7626
INFO	2024-09-09 18:07:51	SamFormatConverter	Processed    21,000,000 records.  Elapsed time: 00:04:15s.  Time for last 1,000,000:   12s.  Last read position: chr3:98,037,008.  Last read name: LH00169:454:22GG57LT4:2:2222:44892:2849
INFO	2024-09-09 18:08:03	SamFormatConverter	Processed    22,000,000 records.  Elapsed time: 00:04:26s.  Time for last 1,000,000:   11s.  Last read position: chr8:125,016,364.  Last read name: LH00169:454:22GG57LT4:2:2194:17128:13089
INFO	2024-09-09 18:08:15	SamFormatConverter	Processed    23,000,000 records.  Elapsed time: 00:04:38s.  Time for last 1,000,000:   11s.  Last read position: */*.  Last read name: LH00169:454:22GG57LT4:2:2246:9173:7444
INFO	2024-09-09 18:08:27	SamFormatConverter	Processed    24,000,000 records.  Elapsed time: 00:04:50s.  Time for last 1,000,000:   12s.  Last read position: chr2:175,083,738.  Last read name: LH00169:454:22GG57LT4:2:2495:8097:28749
INFO	2024-09-09 18:08:39	SamFormatConverter	Processed    25,000,000 records.  Elapsed time: 00:05:02s.  Time for last 1,000,000:   12s.  Last read position: chr3:6,047,774.  Last read name: LH00169:454:22GG57LT4:2:1394:11034:26326
INFO	2024-09-09 18:08:50	SamFormatConverter	Processed    26,000,000 records.  Elapsed time: 00:05:13s.  Time for last 1,000,000:   11s.  Last read position: chr3:158,647,858.  Last read name: LH00169:454:22GG57LT4:2:1365:37617:11604
INFO	2024-09-09 18:09:02	SamFormatConverter	Processed    27,000,000 records.  Elapsed time: 00:05:25s.  Time for last 1,000,000:   11s.  Last read position: chr5:117,990,158.  Last read name: LH00169:454:22GG57LT4:2:1162:22728:23847
INFO	2024-09-09 18:09:14	SamFormatConverter	Processed    28,000,000 records.  Elapsed time: 00:05:37s.  Time for last 1,000,000:   11s.  Last read position: chr7:37,338,545.  Last read name: LH00169:454:22GG57LT4:2:1330:34235:21045
INFO	2024-09-09 18:09:26	SamFormatConverter	Processed    29,000,000 records.  Elapsed time: 00:05:49s.  Time for last 1,000,000:   11s.  Last read position: chr2:130,419,121.  Last read name: LH00169:454:22GG57LT4:2:2416:12208:21101
INFO	2024-09-09 18:09:37	SamFormatConverter	Processed    30,000,000 records.  Elapsed time: 00:06:00s.  Time for last 1,000,000:   11s.  Last read position: chr14:54,637,195.  Last read name: LH00169:454:22GG57LT4:2:1376:32244:2051
INFO	2024-09-09 18:09:48	SamFormatConverter	Processed    31,000,000 records.  Elapsed time: 00:06:12s.  Time for last 1,000,000:   11s.  Last read position: chr9:66,258,391.  Last read name: LH00169:454:22GG57LT4:2:2395:5580:7275
INFO	2024-09-09 18:10:00	SamFormatConverter	Processed    32,000,000 records.  Elapsed time: 00:06:23s.  Time for last 1,000,000:   11s.  Last read position: chr9:88,392,118.  Last read name: LH00169:454:22GG57LT4:2:1186:14465:17109
INFO	2024-09-09 18:10:12	SamFormatConverter	Processed    33,000,000 records.  Elapsed time: 00:06:35s.  Time for last 1,000,000:   11s.  Last read position: */*.  Last read name: LH00169:454:22GG57LT4:2:1413:4884:15960
INFO	2024-09-09 18:10:24	SamFormatConverter	Processed    34,000,000 records.  Elapsed time: 00:06:48s.  Time for last 1,000,000:   12s.  Last read position: chr9:96,142,194.  Last read name: LH00169:454:22GG57LT4:2:2287:39891:12626
INFO	2024-09-09 18:10:36	SamFormatConverter	Processed    35,000,000 records.  Elapsed time: 00:07:00s.  Time for last 1,000,000:   12s.  Last read position: chr8:38,490,437.  Last read name: LH00169:454:22GG57LT4:2:2474:47725:12066
[Mon Sep 09 18:10:43 CEST 2024] picard.sam.SamFormatConverter done. Elapsed time: 7.13 minutes.
Runtime.totalMemory()=591396864
18:10:45.318 INFO  NativeLibraryLoader - Loading libgkl_compression.so from jar:file:/home/robin/bin/miniconda3/share/picard-2.26.2-0/picard.jar!/com/intel/gkl/native/libgkl_compression.so
[Mon Sep 09 18:10:45 CEST 2024] SortSam --INPUT E14_D0_DnmtTKO_Tir_PCGF6_ChIP_TU70_unsorted.bam --OUTPUT E14_D0_DnmtTKO_Tir_PCGF6_ChIP_TU70_sorted.bam --SORT_ORDER coordinate --TMP_DIR . --VERBOSITY INFO --QUIET false --VALIDATION_STRINGENCY STRICT --COMPRESSION_LEVEL 5 --MAX_RECORDS_IN_RAM 500000 --CREATE_INDEX false --CREATE_MD5_FILE false --GA4GH_CLIENT_SECRETS client_secrets.json --help false --version false --showHidden false --USE_JDK_DEFLATER false --USE_JDK_INFLATER false
[Mon Sep 09 18:10:45 CEST 2024] Executing as robin@epipax.ijm.univ-paris-diderot.priv on Linux 6.1.0-25-amd64 amd64; OpenJDK 64-Bit Server VM 1.8.0_332-b09; Deflater: Intel; Inflater: Intel; Provider GCS is not available; Picard version: Version:2.26.2
INFO	2024-09-09 18:10:45	SortSam	Seen many non-increasing record positions. Printing Read-names as well.
INFO	2024-09-09 18:11:56	SortSam	Read    10,000,000 records.  Elapsed time: 00:01:10s.  Time for last 10,000,000:   70s.  Last read position: chr8:126,217,544.  Last read name: LH00169:454:22GG57LT4:2:1394:35416:1098
INFO	2024-09-09 18:13:05	SortSam	Read    20,000,000 records.  Elapsed time: 00:02:19s.  Time for last 10,000,000:   68s.  Last read position: chr2:15,470,481.  Last read name: LH00169:454:22GG57LT4:2:1168:50128:7626
INFO	2024-09-09 18:14:08	SortSam	Read    30,000,000 records.  Elapsed time: 00:03:23s.  Time for last 10,000,000:   63s.  Last read position: chr14:54,637,195.  Last read name: LH00169:454:22GG57LT4:2:1376:32244:2051
INFO	2024-09-09 18:14:41	SortSam	Finished reading inputs, merging and writing to output now.
INFO	2024-09-09 18:15:42	SortSam	Wrote    10,000,000 records from a sorting collection.  Elapsed time: 00:04:57s.  Time for last 10,000,000:   60s.  Last read position: chr6:13,002,071
INFO	2024-09-09 18:16:43	SortSam	Wrote    20,000,000 records from a sorting collection.  Elapsed time: 00:05:58s.  Time for last 10,000,000:   60s.  Last read position: chr12:39,087,304
INFO	2024-09-09 18:17:43	SortSam	Wrote    30,000,000 records from a sorting collection.  Elapsed time: 00:06:58s.  Time for last 10,000,000:   60s.  Last read position: chrUn_GL456389:2,020
[Mon Sep 09 18:18:14 CEST 2024] picard.sam.SortSam done. Elapsed time: 7.49 minutes.
Runtime.totalMemory()=1718616064
18:18:15.800 INFO  NativeLibraryLoader - Loading libgkl_compression.so from jar:file:/home/robin/bin/miniconda3/share/picard-2.26.2-0/picard.jar!/com/intel/gkl/native/libgkl_compression.so
[Mon Sep 09 18:18:15 CEST 2024] MarkDuplicates --INPUT E14_D0_DnmtTKO_Tir_PCGF6_ChIP_TU70_sorted.bam --OUTPUT E14_D0_DnmtTKO_Tir_PCGF6_ChIP_TU70.bam --METRICS_FILE E14_D0_DnmtTKO_Tir_PCGF6_ChIP_TU70_markDupeMetrics.txt --REMOVE_DUPLICATES false --TMP_DIR . --MAX_SEQUENCES_FOR_DISK_READ_ENDS_MAP 50000 --MAX_FILE_HANDLES_FOR_READ_ENDS_MAP 8000 --SORTING_COLLECTION_SIZE_RATIO 0.25 --TAG_DUPLICATE_SET_MEMBERS false --REMOVE_SEQUENCING_DUPLICATES false --TAGGING_POLICY DontTag --CLEAR_DT true --DUPLEX_UMI false --ADD_PG_TAG_TO_READS true --ASSUME_SORTED false --DUPLICATE_SCORING_STRATEGY SUM_OF_BASE_QUALITIES --PROGRAM_RECORD_ID MarkDuplicates --PROGRAM_GROUP_NAME MarkDuplicates --READ_NAME_REGEX <optimized capture of last three ':' separated fields as numeric values> --OPTICAL_DUPLICATE_PIXEL_DISTANCE 100 --MAX_OPTICAL_DUPLICATE_SET_SIZE 300000 --VERBOSITY INFO --QUIET false --VALIDATION_STRINGENCY STRICT --COMPRESSION_LEVEL 5 --MAX_RECORDS_IN_RAM 500000 --CREATE_INDEX false --CREATE_MD5_FILE false --GA4GH_CLIENT_SECRETS client_secrets.json --help false --version false --showHidden false --USE_JDK_DEFLATER false --USE_JDK_INFLATER false
[Mon Sep 09 18:18:15 CEST 2024] Executing as robin@epipax.ijm.univ-paris-diderot.priv on Linux 6.1.0-25-amd64 amd64; OpenJDK 64-Bit Server VM 1.8.0_332-b09; Deflater: Intel; Inflater: Intel; Provider GCS is not available; Picard version: Version:2.26.2
INFO	2024-09-09 18:18:15	MarkDuplicates	Start of doWork freeMemory: 501502632; totalMemory: 514850816; maxMemory: 1908932608
INFO	2024-09-09 18:18:15	MarkDuplicates	Reading input file and constructing read end information.
INFO	2024-09-09 18:18:15	MarkDuplicates	Will retain up to 6916422 data points before spilling to disk.
INFO	2024-09-09 18:18:20	MarkDuplicates	Read     1,000,000 records.  Elapsed time: 00:00:03s.  Time for last 1,000,000:    3s.  Last read position: chr1:100,599,793
INFO	2024-09-09 18:18:20	MarkDuplicates	Tracking 3874 as yet unmatched pairs. 128 records in RAM.
INFO	2024-09-09 18:18:23	MarkDuplicates	Read     2,000,000 records.  Elapsed time: 00:00:07s.  Time for last 1,000,000:    3s.  Last read position: chr2:11,059,762
INFO	2024-09-09 18:18:23	MarkDuplicates	Tracking 7706 as yet unmatched pairs. 667 records in RAM.
INFO	2024-09-09 18:18:27	MarkDuplicates	Read     3,000,000 records.  Elapsed time: 00:00:11s.  Time for last 1,000,000:    4s.  Last read position: chr2:98,666,549
INFO	2024-09-09 18:18:27	MarkDuplicates	Tracking 17796 as yet unmatched pairs. 7264 records in RAM.
INFO	2024-09-09 18:18:31	MarkDuplicates	Read     4,000,000 records.  Elapsed time: 00:00:14s.  Time for last 1,000,000:    3s.  Last read position: chr2:98,667,090
INFO	2024-09-09 18:18:31	MarkDuplicates	Tracking 182760 as yet unmatched pairs. 170821 records in RAM.
INFO	2024-09-09 18:18:35	MarkDuplicates	Read     5,000,000 records.  Elapsed time: 00:00:19s.  Time for last 1,000,000:    4s.  Last read position: chr2:164,991,706
INFO	2024-09-09 18:18:35	MarkDuplicates	Tracking 15018 as yet unmatched pairs. 219 records in RAM.
INFO	2024-09-09 18:18:39	MarkDuplicates	Read     6,000,000 records.  Elapsed time: 00:00:22s.  Time for last 1,000,000:    3s.  Last read position: chr3:83,793,603
INFO	2024-09-09 18:18:39	MarkDuplicates	Tracking 18582 as yet unmatched pairs. 501 records in RAM.
INFO	2024-09-09 18:18:45	MarkDuplicates	Read     7,000,000 records.  Elapsed time: 00:00:29s.  Time for last 1,000,000:    6s.  Last read position: chr4:32,012,919
INFO	2024-09-09 18:18:45	MarkDuplicates	Tracking 21134 as yet unmatched pairs. 1225 records in RAM.
INFO	2024-09-09 18:18:51	MarkDuplicates	Read     8,000,000 records.  Elapsed time: 00:00:34s.  Time for last 1,000,000:    5s.  Last read position: chr4:132,773,304
INFO	2024-09-09 18:18:51	MarkDuplicates	Tracking 23758 as yet unmatched pairs. 358 records in RAM.
INFO	2024-09-09 18:18:54	MarkDuplicates	Read     9,000,000 records.  Elapsed time: 00:00:38s.  Time for last 1,000,000:    3s.  Last read position: chr5:68,535,219
INFO	2024-09-09 18:18:54	MarkDuplicates	Tracking 25630 as yet unmatched pairs. 1078 records in RAM.
INFO	2024-09-09 18:18:58	MarkDuplicates	Read    10,000,000 records.  Elapsed time: 00:00:42s.  Time for last 1,000,000:    3s.  Last read position: chr6:13,002,071
INFO	2024-09-09 18:18:58	MarkDuplicates	Tracking 27524 as yet unmatched pairs. 1829 records in RAM.
INFO	2024-09-09 18:19:01	MarkDuplicates	Read    11,000,000 records.  Elapsed time: 00:00:45s.  Time for last 1,000,000:    3s.  Last read position: chr6:106,904,969
INFO	2024-09-09 18:19:01	MarkDuplicates	Tracking 28732 as yet unmatched pairs. 625 records in RAM.
INFO	2024-09-09 18:19:06	MarkDuplicates	Read    12,000,000 records.  Elapsed time: 00:00:50s.  Time for last 1,000,000:    5s.  Last read position: chr7:52,612,302
INFO	2024-09-09 18:19:06	MarkDuplicates	Tracking 29844 as yet unmatched pairs. 1489 records in RAM.
INFO	2024-09-09 18:19:09	MarkDuplicates	Read    13,000,000 records.  Elapsed time: 00:00:53s.  Time for last 1,000,000:    3s.  Last read position: chr7:145,341,207
INFO	2024-09-09 18:19:09	MarkDuplicates	Tracking 30686 as yet unmatched pairs. 134 records in RAM.
INFO	2024-09-09 18:19:19	MarkDuplicates	Read    14,000,000 records.  Elapsed time: 00:01:03s.  Time for last 1,000,000:    9s.  Last read position: chr8:67,534,979
INFO	2024-09-09 18:19:19	MarkDuplicates	Tracking 31146 as yet unmatched pairs. 1659 records in RAM.
INFO	2024-09-09 18:19:22	MarkDuplicates	Read    15,000,000 records.  Elapsed time: 00:01:06s.  Time for last 1,000,000:    3s.  Last read position: chr8:128,335,097
INFO	2024-09-09 18:19:22	MarkDuplicates	Tracking 31188 as yet unmatched pairs. 29 records in RAM.
INFO	2024-09-09 18:19:26	MarkDuplicates	Read    16,000,000 records.  Elapsed time: 00:01:10s.  Time for last 1,000,000:    3s.  Last read position: chr9:67,663,888
INFO	2024-09-09 18:19:26	MarkDuplicates	Tracking 31168 as yet unmatched pairs. 1375 records in RAM.
INFO	2024-09-09 18:19:31	MarkDuplicates	Read    17,000,000 records.  Elapsed time: 00:01:15s.  Time for last 1,000,000:    4s.  Last read position: chr10:39,875,393
INFO	2024-09-09 18:19:31	MarkDuplicates	Tracking 31134 as yet unmatched pairs. 1995 records in RAM.
INFO	2024-09-09 18:19:34	MarkDuplicates	Read    18,000,000 records.  Elapsed time: 00:01:18s.  Time for last 1,000,000:    3s.  Last read position: chr11:8,625,326
INFO	2024-09-09 18:19:34	MarkDuplicates	Tracking 30752 as yet unmatched pairs. 3139 records in RAM.
INFO	2024-09-09 18:19:37	MarkDuplicates	Read    19,000,000 records.  Elapsed time: 00:01:21s.  Time for last 1,000,000:    3s.  Last read position: chr11:92,827,306
INFO	2024-09-09 18:19:37	MarkDuplicates	Tracking 30120 as yet unmatched pairs. 1083 records in RAM.
INFO	2024-09-09 18:19:41	MarkDuplicates	Read    20,000,000 records.  Elapsed time: 00:01:24s.  Time for last 1,000,000:    3s.  Last read position: chr12:39,087,304
INFO	2024-09-09 18:19:41	MarkDuplicates	Tracking 29362 as yet unmatched pairs. 2225 records in RAM.
INFO	2024-09-09 18:19:47	MarkDuplicates	Read    21,000,000 records.  Elapsed time: 00:01:30s.  Time for last 1,000,000:    5s.  Last read position: chr13:14,108,646
INFO	2024-09-09 18:19:47	MarkDuplicates	Tracking 27910 as yet unmatched pairs. 2960 records in RAM.
INFO	2024-09-09 18:19:50	MarkDuplicates	Read    22,000,000 records.  Elapsed time: 00:01:34s.  Time for last 1,000,000:    3s.  Last read position: chr13:109,903,587
INFO	2024-09-09 18:19:50	MarkDuplicates	Tracking 26440 as yet unmatched pairs. 288 records in RAM.
INFO	2024-09-09 18:19:56	MarkDuplicates	Read    23,000,000 records.  Elapsed time: 00:01:39s.  Time for last 1,000,000:    5s.  Last read position: chr14:65,607,211
INFO	2024-09-09 18:19:56	MarkDuplicates	Tracking 24566 as yet unmatched pairs. 1622 records in RAM.
INFO	2024-09-09 18:19:59	MarkDuplicates	Read    24,000,000 records.  Elapsed time: 00:01:43s.  Time for last 1,000,000:    3s.  Last read position: chr15:52,946,084
INFO	2024-09-09 18:19:59	MarkDuplicates	Tracking 22414 as yet unmatched pairs. 1983 records in RAM.
INFO	2024-09-09 18:20:02	MarkDuplicates	Read    25,000,000 records.  Elapsed time: 00:01:46s.  Time for last 1,000,000:    3s.  Last read position: chr16:28,193,765
INFO	2024-09-09 18:20:02	MarkDuplicates	Tracking 20064 as yet unmatched pairs. 2319 records in RAM.
INFO	2024-09-09 18:20:06	MarkDuplicates	Read    26,000,000 records.  Elapsed time: 00:01:50s.  Time for last 1,000,000:    3s.  Last read position: chr17:27,074,792
INFO	2024-09-09 18:20:06	MarkDuplicates	Tracking 17388 as yet unmatched pairs. 3182 records in RAM.
INFO	2024-09-09 18:20:09	MarkDuplicates	Read    27,000,000 records.  Elapsed time: 00:01:53s.  Time for last 1,000,000:    3s.  Last read position: chr18:14,268,325
INFO	2024-09-09 18:20:09	MarkDuplicates	Tracking 13526 as yet unmatched pairs. 3528 records in RAM.
INFO	2024-09-09 18:20:19	MarkDuplicates	Read    28,000,000 records.  Elapsed time: 00:02:03s.  Time for last 1,000,000:    9s.  Last read position: chr19:8,791,908
INFO	2024-09-09 18:20:19	MarkDuplicates	Tracking 9822 as yet unmatched pairs. 2532 records in RAM.
INFO	2024-09-09 18:20:22	MarkDuplicates	Read    29,000,000 records.  Elapsed time: 00:02:06s.  Time for last 1,000,000:    3s.  Last read position: chrX:54,633,112
INFO	2024-09-09 18:20:22	MarkDuplicates	Tracking 6366 as yet unmatched pairs. 3694 records in RAM.
INFO	2024-09-09 18:20:28	MarkDuplicates	Read    30,000,000 records.  Elapsed time: 00:02:11s.  Time for last 1,000,000:    5s.  Last read position: chrUn_GL456389:2,020
INFO	2024-09-09 18:20:28	MarkDuplicates	Tracking 1034 as yet unmatched pairs. 71 records in RAM.
INFO	2024-09-09 18:20:28	MarkDuplicates	Read 30145558 records. 0 pairs never matched.
INFO	2024-09-09 18:20:30	MarkDuplicates	After buildSortedReadEndLists freeMemory: 1763018424; totalMemory: 1780482048; maxMemory: 1908932608
INFO	2024-09-09 18:20:30	MarkDuplicates	Will retain up to 59654144 duplicate indices before spilling to disk.
INFO	2024-09-09 18:20:30	MarkDuplicates	Traversing read pair information and detecting duplicates.
INFO	2024-09-09 18:20:36	MarkDuplicates	Traversing fragment information and detecting duplicates.
INFO	2024-09-09 18:20:43	MarkDuplicates	Sorting list of duplicate records.
INFO	2024-09-09 18:20:43	MarkDuplicates	After generateDuplicateIndexes freeMemory: 1282608656; totalMemory: 1776812032; maxMemory: 1908932608
INFO	2024-09-09 18:20:43	MarkDuplicates	Marking 7068364 records as duplicates.
INFO	2024-09-09 18:20:43	MarkDuplicates	Found 236190 optical duplicate clusters.
INFO	2024-09-09 18:20:43	MarkDuplicates	Reads are assumed to be ordered by: coordinate
INFO	2024-09-09 18:22:12	MarkDuplicates	Written    10,000,000 records.  Elapsed time: 00:01:29s.  Time for last 10,000,000:   89s.  Last read position: chr6:13,002,071
INFO	2024-09-09 18:23:39	MarkDuplicates	Written    20,000,000 records.  Elapsed time: 00:02:56s.  Time for last 10,000,000:   87s.  Last read position: chr12:39,087,304
INFO	2024-09-09 18:25:02	MarkDuplicates	Written    30,000,000 records.  Elapsed time: 00:04:18s.  Time for last 10,000,000:   82s.  Last read position: chrUn_GL456389:2,020
INFO	2024-09-09 18:25:40	MarkDuplicates	Writing complete. Closing input iterator.
INFO	2024-09-09 18:25:40	MarkDuplicates	Duplicate Index cleanup.
INFO	2024-09-09 18:25:40	MarkDuplicates	Getting Memory Stats.
INFO	2024-09-09 18:25:40	MarkDuplicates	Before output close freeMemory: 1800038744; totalMemory: 1818755072; maxMemory: 1908932608
INFO	2024-09-09 18:25:41	MarkDuplicates	Closed outputs. Getting more Memory Stats.
INFO	2024-09-09 18:25:41	MarkDuplicates	After output close freeMemory: 1800038744; totalMemory: 1818755072; maxMemory: 1908932608
[Mon Sep 09 18:25:41 CEST 2024] picard.sam.markduplicates.MarkDuplicates done. Elapsed time: 7.42 minutes.
Runtime.totalMemory()=1818755072
[sam grooming] finished successfully at [Mon Sep 9 06:25:52 PM CEST 2024]
[trueStats] Collecting alignment statistics for E14_D0_DnmtTKO_Tir_PCGF6_ChIP_TU70.bam at [Mon Sep 9 06:26:57 PM CEST 2024]
[bamToWigCPMsmoothKeepDup] Started with bin size: 1 and smoothing over 0 bp and KEEPING DUPLICATES at [Mon Sep 9 06:30:00 PM CEST 2024]
There are 28856570 alignments, of which 2175775 are completely within a blacklist region.
Due to filtering, 91.312164028238% of the aforementioned alignments will be used 24362811.294437926
[bamToWigCPMsmoothKeepDup] finished successfully at [Mon Sep 9 06:43:40 PM CEST 2024]
[file cleanup] started. Good job! at [Mon Sep 9 06:43:40 PM CEST 2024]
cp: cannot stat '*.pdf': No such file or directory
mv: cannot stat '*.bed': No such file or directory
mv: preserving times for '/data/bigWigs/E14_D0_DnmtTKO_Tir_PCGF6_ChIP_TU70_trimV5_mm10_kpDup_q10_b1_s0_CPM.bw': Operation not permitted
mv: preserving permissions for ‘/data/bigWigs/E14_D0_DnmtTKO_Tir_PCGF6_ChIP_TU70_trimV5_mm10_kpDup_q10_b1_s0_CPM.bw’: Operation not permitted
mv: preserving times for '/data/bams/E14_D0_DnmtTKO_Tir_PCGF6_ChIP_TU70_trimV5_mm10.bam': Operation not permitted
mv: preserving permissions for ‘/data/bams/E14_D0_DnmtTKO_Tir_PCGF6_ChIP_TU70_trimV5_mm10.bam’: Operation not permitted
mv: preserving times for '/data/bams/E14_D0_DnmtTKO_Tir_PCGF6_ChIP_TU70_trimV5_mm10.bam.bai': Operation not permitted
mv: preserving permissions for ‘/data/bams/E14_D0_DnmtTKO_Tir_PCGF6_ChIP_TU70_trimV5_mm10.bam.bai’: Operation not permitted
mv: cannot stat '*.gtf': No such file or directory
