SCRATCH: /scratch
ls: cannot access '/data/fastq/E14_24h_H3K9me2_ChIP_Yang2019_GSM3314737*_R2.fastq.gz': No such file or directory
[masterDownload] Data are single-end. at [Wed Jul 3 08:59:53 PM CEST 2024]
[checkDependencies] Checking Dependencies [Wed Jul 3 08:59:53 PM CEST 2024] at [Wed Jul 3 08:59:53 PM CEST 2024]
[setup checkDependencies] trimmomatic... at [Wed Jul 3 08:59:53 PM CEST 2024]
[setup checkDependencies] STAR... at [Wed Jul 3 08:59:53 PM CEST 2024]
[setup checkDependencies] bismark... at [Wed Jul 3 08:59:53 PM CEST 2024]
[setup checkDependencies] bowtie2... at [Wed Jul 3 08:59:53 PM CEST 2024]
[setup checkDependencies] samtools... at [Wed Jul 3 08:59:53 PM CEST 2024]
[setup checkDependencies] picard... at [Wed Jul 3 08:59:55 PM CEST 2024]
[setup checkDependencies] awk... at [Wed Jul 3 08:59:55 PM CEST 2024]
[setup checkDependencies] bamCoverage... at [Wed Jul 3 08:59:55 PM CEST 2024]
[setup checkDependencies] fastqc... at [Wed Jul 3 08:59:55 PM CEST 2024]
[setup checkDependencies] fastq_screen... at [Wed Jul 3 08:59:55 PM CEST 2024]
[setup checkDependencies] stringtie... at [Wed Jul 3 08:59:55 PM CEST 2024]
[setup checkDependencies] clumpify.sh... at [Wed Jul 3 08:59:55 PM CEST 2024]
PAIRED: false
[setUpLogFile] Script started at [Wed Jul 3 08:59:55 PM CEST 2024] at [Wed Jul 3 08:59:55 PM CEST 2024]
[fastQC] started on raw FASTQs at [Wed Jul 3 08:59:55 PM CEST 2024]
Started analysis of E14_24h_H3K9me2_ChIP_Yang2019_GSM3314737_raw.fastq.gz
Approx 5% complete for E14_24h_H3K9me2_ChIP_Yang2019_GSM3314737_raw.fastq.gz
Approx 10% complete for E14_24h_H3K9me2_ChIP_Yang2019_GSM3314737_raw.fastq.gz
Approx 15% complete for E14_24h_H3K9me2_ChIP_Yang2019_GSM3314737_raw.fastq.gz
Approx 20% complete for E14_24h_H3K9me2_ChIP_Yang2019_GSM3314737_raw.fastq.gz
Approx 25% complete for E14_24h_H3K9me2_ChIP_Yang2019_GSM3314737_raw.fastq.gz
Approx 30% complete for E14_24h_H3K9me2_ChIP_Yang2019_GSM3314737_raw.fastq.gz
Approx 35% complete for E14_24h_H3K9me2_ChIP_Yang2019_GSM3314737_raw.fastq.gz
Approx 40% complete for E14_24h_H3K9me2_ChIP_Yang2019_GSM3314737_raw.fastq.gz
Approx 45% complete for E14_24h_H3K9me2_ChIP_Yang2019_GSM3314737_raw.fastq.gz
Approx 50% complete for E14_24h_H3K9me2_ChIP_Yang2019_GSM3314737_raw.fastq.gz
Approx 55% complete for E14_24h_H3K9me2_ChIP_Yang2019_GSM3314737_raw.fastq.gz
Approx 60% complete for E14_24h_H3K9me2_ChIP_Yang2019_GSM3314737_raw.fastq.gz
Approx 65% complete for E14_24h_H3K9me2_ChIP_Yang2019_GSM3314737_raw.fastq.gz
Approx 70% complete for E14_24h_H3K9me2_ChIP_Yang2019_GSM3314737_raw.fastq.gz
Approx 75% complete for E14_24h_H3K9me2_ChIP_Yang2019_GSM3314737_raw.fastq.gz
Approx 80% complete for E14_24h_H3K9me2_ChIP_Yang2019_GSM3314737_raw.fastq.gz
Approx 85% complete for E14_24h_H3K9me2_ChIP_Yang2019_GSM3314737_raw.fastq.gz
Approx 90% complete for E14_24h_H3K9me2_ChIP_Yang2019_GSM3314737_raw.fastq.gz
Approx 95% complete for E14_24h_H3K9me2_ChIP_Yang2019_GSM3314737_raw.fastq.gz
Analysis complete for E14_24h_H3K9me2_ChIP_Yang2019_GSM3314737_raw.fastq.gz
[fastQC] on raw FASTQs finished succesfully. Will remove PCR duplicates now at [Wed Jul 3 09:05:27 PM CEST 2024]
Reads are length: 52 at [Wed Jul 3 09:05:28 PM CEST 2024]
Reads with same sequence 1 or fewer substitutions will be marked as PCR duplicates at [Wed Jul 3 09:05:28 PM CEST 2024]
Removal of PCR duplicates complete! at [Wed Jul 3 09:36:10 PM CEST 2024]
[trimReads] Started using version trimV5 parameters at [Wed Jul 3 09:36:10 PM CEST 2024]
ILLUMINACLIP:/data/reference_genomes/adapters/adapters.fa:2:30:10 SLIDINGWINDOW:4:20 MINLEN:24
[trimReads] Trimming E14_24h_H3K9me2_ChIP_Yang2019_GSM3314737.fastq.gz... at [Wed Jul 3 09:36:10 PM CEST 2024]
[trimReads] Finished successfully at [Wed Jul 3 09:46:23 PM CEST 2024]
[fastQC] started on E14_24h_H3K9me2_ChIP_Yang2019_GSM3314737.fastq.gz E14_24h_H3K9me2_ChIP_Yang2019_GSM3314737_trimV5.fastq.gz at [Wed Jul 3 09:46:23 PM CEST 2024]
Started analysis of E14_24h_H3K9me2_ChIP_Yang2019_GSM3314737.fastq.gz
Started analysis of E14_24h_H3K9me2_ChIP_Yang2019_GSM3314737_trimV5.fastq.gz
Approx 5% complete for E14_24h_H3K9me2_ChIP_Yang2019_GSM3314737_trimV5.fastq.gz
Approx 5% complete for E14_24h_H3K9me2_ChIP_Yang2019_GSM3314737.fastq.gz
Approx 10% complete for E14_24h_H3K9me2_ChIP_Yang2019_GSM3314737_trimV5.fastq.gz
Approx 10% complete for E14_24h_H3K9me2_ChIP_Yang2019_GSM3314737.fastq.gz
Approx 15% complete for E14_24h_H3K9me2_ChIP_Yang2019_GSM3314737_trimV5.fastq.gz
Approx 15% complete for E14_24h_H3K9me2_ChIP_Yang2019_GSM3314737.fastq.gz
Approx 20% complete for E14_24h_H3K9me2_ChIP_Yang2019_GSM3314737_trimV5.fastq.gz
Approx 20% complete for E14_24h_H3K9me2_ChIP_Yang2019_GSM3314737.fastq.gz
Approx 25% complete for E14_24h_H3K9me2_ChIP_Yang2019_GSM3314737_trimV5.fastq.gz
Approx 25% complete for E14_24h_H3K9me2_ChIP_Yang2019_GSM3314737.fastq.gz
Approx 30% complete for E14_24h_H3K9me2_ChIP_Yang2019_GSM3314737_trimV5.fastq.gz
Approx 30% complete for E14_24h_H3K9me2_ChIP_Yang2019_GSM3314737.fastq.gz
Approx 35% complete for E14_24h_H3K9me2_ChIP_Yang2019_GSM3314737_trimV5.fastq.gz
Approx 35% complete for E14_24h_H3K9me2_ChIP_Yang2019_GSM3314737.fastq.gz
Approx 40% complete for E14_24h_H3K9me2_ChIP_Yang2019_GSM3314737_trimV5.fastq.gz
Approx 40% complete for E14_24h_H3K9me2_ChIP_Yang2019_GSM3314737.fastq.gz
Approx 45% complete for E14_24h_H3K9me2_ChIP_Yang2019_GSM3314737_trimV5.fastq.gz
Approx 45% complete for E14_24h_H3K9me2_ChIP_Yang2019_GSM3314737.fastq.gz
Approx 50% complete for E14_24h_H3K9me2_ChIP_Yang2019_GSM3314737_trimV5.fastq.gz
Approx 50% complete for E14_24h_H3K9me2_ChIP_Yang2019_GSM3314737.fastq.gz
Approx 55% complete for E14_24h_H3K9me2_ChIP_Yang2019_GSM3314737_trimV5.fastq.gz
Approx 55% complete for E14_24h_H3K9me2_ChIP_Yang2019_GSM3314737.fastq.gz
Approx 60% complete for E14_24h_H3K9me2_ChIP_Yang2019_GSM3314737_trimV5.fastq.gz
Approx 60% complete for E14_24h_H3K9me2_ChIP_Yang2019_GSM3314737.fastq.gz
Approx 65% complete for E14_24h_H3K9me2_ChIP_Yang2019_GSM3314737_trimV5.fastq.gz
Approx 65% complete for E14_24h_H3K9me2_ChIP_Yang2019_GSM3314737.fastq.gz
Approx 70% complete for E14_24h_H3K9me2_ChIP_Yang2019_GSM3314737_trimV5.fastq.gz
Approx 70% complete for E14_24h_H3K9me2_ChIP_Yang2019_GSM3314737.fastq.gz
Approx 75% complete for E14_24h_H3K9me2_ChIP_Yang2019_GSM3314737_trimV5.fastq.gz
Approx 75% complete for E14_24h_H3K9me2_ChIP_Yang2019_GSM3314737.fastq.gz
Approx 80% complete for E14_24h_H3K9me2_ChIP_Yang2019_GSM3314737_trimV5.fastq.gz
Approx 80% complete for E14_24h_H3K9me2_ChIP_Yang2019_GSM3314737.fastq.gz
Approx 85% complete for E14_24h_H3K9me2_ChIP_Yang2019_GSM3314737_trimV5.fastq.gz
Approx 90% complete for E14_24h_H3K9me2_ChIP_Yang2019_GSM3314737_trimV5.fastq.gz
Approx 85% complete for E14_24h_H3K9me2_ChIP_Yang2019_GSM3314737.fastq.gz
Approx 95% complete for E14_24h_H3K9me2_ChIP_Yang2019_GSM3314737_trimV5.fastq.gz
Approx 90% complete for E14_24h_H3K9me2_ChIP_Yang2019_GSM3314737.fastq.gz
Analysis complete for E14_24h_H3K9me2_ChIP_Yang2019_GSM3314737_trimV5.fastq.gz
Approx 95% complete for E14_24h_H3K9me2_ChIP_Yang2019_GSM3314737.fastq.gz
Analysis complete for E14_24h_H3K9me2_ChIP_Yang2019_GSM3314737.fastq.gz
[fastQC] finished succesfully at [Wed Jul 3 09:49:58 PM CEST 2024]
[bowtie2 alignment] started with reference /data/reference_genomes/mm10/mm10 at [Wed Jul 3 09:49:58 PM CEST 2024]
[alignment] Bowtie2 alignment finished successfully at [Wed Jul 3 10:19:30 PM CEST 2024]
[sam grooming] started at [Wed Jul 3 10:21:30 PM CEST 2024]
22:21:31.572 INFO  NativeLibraryLoader - Loading libgkl_compression.so from jar:file:/home/robin/bin/miniconda3/share/picard-2.26.2-0/picard.jar!/com/intel/gkl/native/libgkl_compression.so
[Wed Jul 03 22:21:31 CEST 2024] CleanSam --INPUT E14_24h_H3K9me2_ChIP_Yang2019_GSM3314737_raw.sam --OUTPUT E14_24h_H3K9me2_ChIP_Yang2019_GSM3314737_cleaned.sam --TMP_DIR . --VERBOSITY INFO --QUIET false --VALIDATION_STRINGENCY STRICT --COMPRESSION_LEVEL 5 --MAX_RECORDS_IN_RAM 500000 --CREATE_INDEX false --CREATE_MD5_FILE false --GA4GH_CLIENT_SECRETS client_secrets.json --help false --version false --showHidden false --USE_JDK_DEFLATER false --USE_JDK_INFLATER false
[Wed Jul 03 22:21:31 CEST 2024] Executing as robin@epipax.ijm.univ-paris-diderot.priv on Linux 6.1.0-21-amd64 amd64; OpenJDK 64-Bit Server VM 1.8.0_332-b09; Deflater: Intel; Inflater: Intel; Provider GCS is not available; Picard version: Version:2.26.2
INFO	2024-07-03 22:21:31	CleanSam	Seen many non-increasing record positions. Printing Read-names as well.
INFO	2024-07-03 22:21:37	CleanSam	Processed     1,000,000 records.  Elapsed time: 00:00:05s.  Time for last 1,000,000:    5s.  Last read position: chrX:102,038,875.  Last read name: SRR7624425.15742673
INFO	2024-07-03 22:21:42	CleanSam	Processed     2,000,000 records.  Elapsed time: 00:00:10s.  Time for last 1,000,000:    4s.  Last read position: chr2:122,915,686.  Last read name: SRR7624425.8890630
INFO	2024-07-03 22:21:47	CleanSam	Processed     3,000,000 records.  Elapsed time: 00:00:15s.  Time for last 1,000,000:    5s.  Last read position: chr16:19,465,697.  Last read name: SRR7624425.5808780
INFO	2024-07-03 22:21:52	CleanSam	Processed     4,000,000 records.  Elapsed time: 00:00:20s.  Time for last 1,000,000:    4s.  Last read position: chr13:103,252,478.  Last read name: SRR7624425.4192675
INFO	2024-07-03 22:21:57	CleanSam	Processed     5,000,000 records.  Elapsed time: 00:00:25s.  Time for last 1,000,000:    4s.  Last read position: chr9:3,025,518.  Last read name: SRR7624425.14688412
INFO	2024-07-03 22:22:02	CleanSam	Processed     6,000,000 records.  Elapsed time: 00:00:30s.  Time for last 1,000,000:    4s.  Last read position: chr14:111,861,202.  Last read name: SRR7624425.27165272
INFO	2024-07-03 22:22:06	CleanSam	Processed     7,000,000 records.  Elapsed time: 00:00:35s.  Time for last 1,000,000:    4s.  Last read position: chr2:54,377,620.  Last read name: SRR7624425.8163973
INFO	2024-07-03 22:22:11	CleanSam	Processed     8,000,000 records.  Elapsed time: 00:00:40s.  Time for last 1,000,000:    4s.  Last read position: chr15:62,599,881.  Last read name: SRR7624425.50253672
INFO	2024-07-03 22:22:16	CleanSam	Processed     9,000,000 records.  Elapsed time: 00:00:45s.  Time for last 1,000,000:    4s.  Last read position: chr14:17,703,810.  Last read name: SRR7624425.20248714
INFO	2024-07-03 22:22:21	CleanSam	Processed    10,000,000 records.  Elapsed time: 00:00:50s.  Time for last 1,000,000:    5s.  Last read position: chr6:112,626,474.  Last read name: SRR7624425.57848933
INFO	2024-07-03 22:22:26	CleanSam	Processed    11,000,000 records.  Elapsed time: 00:00:55s.  Time for last 1,000,000:    5s.  Last read position: chr6:109,464,619.  Last read name: SRR7624425.57824743
INFO	2024-07-03 22:22:31	CleanSam	Processed    12,000,000 records.  Elapsed time: 00:01:00s.  Time for last 1,000,000:    4s.  Last read position: chr14:28,698,949.  Last read name: SRR7624425.49198975
INFO	2024-07-03 22:22:36	CleanSam	Processed    13,000,000 records.  Elapsed time: 00:01:05s.  Time for last 1,000,000:    4s.  Last read position: chr10:10,785,067.  Last read name: SRR7624425.1334195
INFO	2024-07-03 22:22:41	CleanSam	Processed    14,000,000 records.  Elapsed time: 00:01:10s.  Time for last 1,000,000:    4s.  Last read position: chr14:11,191,937.  Last read name: SRR7624425.4341844
INFO	2024-07-03 22:22:46	CleanSam	Processed    15,000,000 records.  Elapsed time: 00:01:15s.  Time for last 1,000,000:    5s.  Last read position: chr18:78,261,825.  Last read name: SRR7624425.52262418
INFO	2024-07-03 22:22:51	CleanSam	Processed    16,000,000 records.  Elapsed time: 00:01:20s.  Time for last 1,000,000:    5s.  Last read position: chr14:33,603,290.  Last read name: SRR7624425.26663697
INFO	2024-07-03 22:22:56	CleanSam	Processed    17,000,000 records.  Elapsed time: 00:01:25s.  Time for last 1,000,000:    4s.  Last read position: chr1:177,554,050.  Last read name: SRR7624425.45801866
INFO	2024-07-03 22:23:01	CleanSam	Processed    18,000,000 records.  Elapsed time: 00:01:29s.  Time for last 1,000,000:    4s.  Last read position: chr7:15,481,381.  Last read name: SRR7624425.41538736
INFO	2024-07-03 22:23:06	CleanSam	Processed    19,000,000 records.  Elapsed time: 00:01:35s.  Time for last 1,000,000:    5s.  Last read position: chr10:37,287,879.  Last read name: SRR7624425.23649959
INFO	2024-07-03 22:23:11	CleanSam	Processed    20,000,000 records.  Elapsed time: 00:01:40s.  Time for last 1,000,000:    5s.  Last read position: chr9:124,405,168.  Last read name: SRR7624425.37817928
INFO	2024-07-03 22:23:16	CleanSam	Processed    21,000,000 records.  Elapsed time: 00:01:45s.  Time for last 1,000,000:    5s.  Last read position: chr3:77,122,171.  Last read name: SRR7624425.9745468
INFO	2024-07-03 22:23:21	CleanSam	Processed    22,000,000 records.  Elapsed time: 00:01:50s.  Time for last 1,000,000:    5s.  Last read position: chr8:92,181,881.  Last read name: SRR7624425.36756568
INFO	2024-07-03 22:23:26	CleanSam	Processed    23,000,000 records.  Elapsed time: 00:01:55s.  Time for last 1,000,000:    4s.  Last read position: chr9:38,192,739.  Last read name: SRR7624425.60057560
INFO	2024-07-03 22:23:31	CleanSam	Processed    24,000,000 records.  Elapsed time: 00:02:00s.  Time for last 1,000,000:    4s.  Last read position: chr19:42,606,950.  Last read name: SRR7624425.52592606
INFO	2024-07-03 22:23:36	CleanSam	Processed    25,000,000 records.  Elapsed time: 00:02:04s.  Time for last 1,000,000:    4s.  Last read position: chr6:136,211,277.  Last read name: SRR7624425.35257723
INFO	2024-07-03 22:23:41	CleanSam	Processed    26,000,000 records.  Elapsed time: 00:02:09s.  Time for last 1,000,000:    4s.  Last read position: chr9:112,523,723.  Last read name: SRR7624425.15395835
INFO	2024-07-03 22:23:46	CleanSam	Processed    27,000,000 records.  Elapsed time: 00:02:14s.  Time for last 1,000,000:    4s.  Last read position: chr12:26,882,222.  Last read name: SRR7624425.2940872
INFO	2024-07-03 22:23:51	CleanSam	Processed    28,000,000 records.  Elapsed time: 00:02:19s.  Time for last 1,000,000:    4s.  Last read position: chr3:76,296,944.  Last read name: SRR7624425.54677352
INFO	2024-07-03 22:23:56	CleanSam	Processed    29,000,000 records.  Elapsed time: 00:02:24s.  Time for last 1,000,000:    4s.  Last read position: chr15:67,132,989.  Last read name: SRR7624425.50290341
INFO	2024-07-03 22:24:01	CleanSam	Processed    30,000,000 records.  Elapsed time: 00:02:29s.  Time for last 1,000,000:    5s.  Last read position: chr9:87,567,643.  Last read name: SRR7624425.60365914
INFO	2024-07-03 22:24:06	CleanSam	Processed    31,000,000 records.  Elapsed time: 00:02:34s.  Time for last 1,000,000:    4s.  Last read position: chr10:102,186,508.  Last read name: SRR7624425.46591592
INFO	2024-07-03 22:24:11	CleanSam	Processed    32,000,000 records.  Elapsed time: 00:02:39s.  Time for last 1,000,000:    4s.  Last read position: chr10:73,286,297.  Last read name: SRR7624425.16975457
INFO	2024-07-03 22:24:15	CleanSam	Processed    33,000,000 records.  Elapsed time: 00:02:44s.  Time for last 1,000,000:    4s.  Last read position: chr12:29,639,519.  Last read name: SRR7624425.25120190
INFO	2024-07-03 22:24:20	CleanSam	Processed    34,000,000 records.  Elapsed time: 00:02:49s.  Time for last 1,000,000:    4s.  Last read position: chr9:111,215,039.  Last read name: SRR7624425.37735787
INFO	2024-07-03 22:24:25	CleanSam	Processed    35,000,000 records.  Elapsed time: 00:02:54s.  Time for last 1,000,000:    5s.  Last read position: chr8:95,568,985.  Last read name: SRR7624425.59541914
INFO	2024-07-03 22:24:30	CleanSam	Processed    36,000,000 records.  Elapsed time: 00:02:59s.  Time for last 1,000,000:    4s.  Last read position: chr7:89,307,960.  Last read name: SRR7624425.35807026
INFO	2024-07-03 22:24:35	CleanSam	Processed    37,000,000 records.  Elapsed time: 00:03:04s.  Time for last 1,000,000:    4s.  Last read position: chr9:6,307,044.  Last read name: SRR7624425.14709861
INFO	2024-07-03 22:24:40	CleanSam	Processed    38,000,000 records.  Elapsed time: 00:03:09s.  Time for last 1,000,000:    5s.  Last read position: chr13:81,570,036.  Last read name: SRR7624425.48785377
INFO	2024-07-03 22:24:45	CleanSam	Processed    39,000,000 records.  Elapsed time: 00:03:14s.  Time for last 1,000,000:    4s.  Last read position: chr1:189,212,183.  Last read name: SRR7624425.1242245
INFO	2024-07-03 22:24:50	CleanSam	Processed    40,000,000 records.  Elapsed time: 00:03:19s.  Time for last 1,000,000:    4s.  Last read position: chr14:71,443,632.  Last read name: SRR7624425.26866184
INFO	2024-07-03 22:24:55	CleanSam	Processed    41,000,000 records.  Elapsed time: 00:03:24s.  Time for last 1,000,000:    4s.  Last read position: chr3:130,085,893.  Last read name: SRR7624425.10074677
INFO	2024-07-03 22:25:00	CleanSam	Processed    42,000,000 records.  Elapsed time: 00:03:29s.  Time for last 1,000,000:    4s.  Last read position: chr17:89,500,287.  Last read name: SRR7624425.51704633
INFO	2024-07-03 22:25:05	CleanSam	Processed    43,000,000 records.  Elapsed time: 00:03:34s.  Time for last 1,000,000:    5s.  Last read position: chr6:10,293,852.  Last read name: SRR7624425.57149483
INFO	2024-07-03 22:25:11	CleanSam	Processed    44,000,000 records.  Elapsed time: 00:03:39s.  Time for last 1,000,000:    5s.  Last read position: chr16:91,699,673.  Last read name: SRR7624425.28517293
INFO	2024-07-03 22:25:16	CleanSam	Processed    45,000,000 records.  Elapsed time: 00:03:44s.  Time for last 1,000,000:    5s.  Last read position: chr9:18,663,808.  Last read name: SRR7624425.59902285
INFO	2024-07-03 22:25:21	CleanSam	Processed    46,000,000 records.  Elapsed time: 00:03:49s.  Time for last 1,000,000:    4s.  Last read position: chr7:72,540,272.  Last read name: SRR7624425.13371775
INFO	2024-07-03 22:25:26	CleanSam	Processed    47,000,000 records.  Elapsed time: 00:03:54s.  Time for last 1,000,000:    4s.  Last read position: chr1:103,890,913.  Last read name: SRR7624425.671620
INFO	2024-07-03 22:25:31	CleanSam	Processed    48,000,000 records.  Elapsed time: 00:03:59s.  Time for last 1,000,000:    5s.  Last read position: chr13:71,832,968.  Last read name: SRR7624425.26157782
INFO	2024-07-03 22:25:36	CleanSam	Processed    49,000,000 records.  Elapsed time: 00:04:04s.  Time for last 1,000,000:    4s.  Last read position: chr8:115,328,763.  Last read name: SRR7624425.14576264
INFO	2024-07-03 22:25:41	CleanSam	Processed    50,000,000 records.  Elapsed time: 00:04:09s.  Time for last 1,000,000:    4s.  Last read position: chr12:43,921,395.  Last read name: SRR7624425.25219945
[Wed Jul 03 22:25:53 CEST 2024] picard.sam.CleanSam done. Elapsed time: 4.36 minutes.
Runtime.totalMemory()=670040064
22:25:55.263 INFO  NativeLibraryLoader - Loading libgkl_compression.so from jar:file:/home/robin/bin/miniconda3/share/picard-2.26.2-0/picard.jar!/com/intel/gkl/native/libgkl_compression.so
[Wed Jul 03 22:25:55 CEST 2024] SamFormatConverter --INPUT E14_24h_H3K9me2_ChIP_Yang2019_GSM3314737_cleaned.sam --OUTPUT E14_24h_H3K9me2_ChIP_Yang2019_GSM3314737_unsorted.bam --TMP_DIR . --VERBOSITY INFO --QUIET false --VALIDATION_STRINGENCY STRICT --COMPRESSION_LEVEL 5 --MAX_RECORDS_IN_RAM 500000 --CREATE_INDEX false --CREATE_MD5_FILE false --GA4GH_CLIENT_SECRETS client_secrets.json --help false --version false --showHidden false --USE_JDK_DEFLATER false --USE_JDK_INFLATER false
[Wed Jul 03 22:25:55 CEST 2024] Executing as robin@epipax.ijm.univ-paris-diderot.priv on Linux 6.1.0-21-amd64 amd64; OpenJDK 64-Bit Server VM 1.8.0_332-b09; Deflater: Intel; Inflater: Intel; Provider GCS is not available; Picard version: Version:2.26.2
INFO	2024-07-03 22:25:57	SamFormatConverter	Seen many non-increasing record positions. Printing Read-names as well.
INFO	2024-07-03 22:26:06	SamFormatConverter	Processed     1,000,000 records.  Elapsed time: 00:00:09s.  Time for last 1,000,000:    9s.  Last read position: chrX:102,038,875.  Last read name: SRR7624425.15742673
INFO	2024-07-03 22:26:14	SamFormatConverter	Processed     2,000,000 records.  Elapsed time: 00:00:17s.  Time for last 1,000,000:    8s.  Last read position: chr2:122,915,686.  Last read name: SRR7624425.8890630
INFO	2024-07-03 22:26:22	SamFormatConverter	Processed     3,000,000 records.  Elapsed time: 00:00:25s.  Time for last 1,000,000:    8s.  Last read position: chr16:19,465,697.  Last read name: SRR7624425.5808780
INFO	2024-07-03 22:26:31	SamFormatConverter	Processed     4,000,000 records.  Elapsed time: 00:00:34s.  Time for last 1,000,000:    9s.  Last read position: chr13:103,252,478.  Last read name: SRR7624425.4192675
INFO	2024-07-03 22:26:40	SamFormatConverter	Processed     5,000,000 records.  Elapsed time: 00:00:43s.  Time for last 1,000,000:    8s.  Last read position: chr9:3,025,518.  Last read name: SRR7624425.14688412
INFO	2024-07-03 22:26:48	SamFormatConverter	Processed     6,000,000 records.  Elapsed time: 00:00:51s.  Time for last 1,000,000:    8s.  Last read position: chr14:111,861,202.  Last read name: SRR7624425.27165272
INFO	2024-07-03 22:26:56	SamFormatConverter	Processed     7,000,000 records.  Elapsed time: 00:00:59s.  Time for last 1,000,000:    8s.  Last read position: chr2:54,377,620.  Last read name: SRR7624425.8163973
INFO	2024-07-03 22:27:05	SamFormatConverter	Processed     8,000,000 records.  Elapsed time: 00:01:08s.  Time for last 1,000,000:    8s.  Last read position: chr15:62,599,881.  Last read name: SRR7624425.50253672
INFO	2024-07-03 22:27:13	SamFormatConverter	Processed     9,000,000 records.  Elapsed time: 00:01:16s.  Time for last 1,000,000:    8s.  Last read position: chr14:17,703,810.  Last read name: SRR7624425.20248714
INFO	2024-07-03 22:27:22	SamFormatConverter	Processed    10,000,000 records.  Elapsed time: 00:01:24s.  Time for last 1,000,000:    8s.  Last read position: chr6:112,626,474.  Last read name: SRR7624425.57848933
INFO	2024-07-03 22:27:30	SamFormatConverter	Processed    11,000,000 records.  Elapsed time: 00:01:33s.  Time for last 1,000,000:    8s.  Last read position: chr6:109,464,619.  Last read name: SRR7624425.57824743
INFO	2024-07-03 22:27:39	SamFormatConverter	Processed    12,000,000 records.  Elapsed time: 00:01:42s.  Time for last 1,000,000:    8s.  Last read position: chr14:28,698,949.  Last read name: SRR7624425.49198975
INFO	2024-07-03 22:27:48	SamFormatConverter	Processed    13,000,000 records.  Elapsed time: 00:01:51s.  Time for last 1,000,000:    8s.  Last read position: chr10:10,785,067.  Last read name: SRR7624425.1334195
INFO	2024-07-03 22:27:56	SamFormatConverter	Processed    14,000,000 records.  Elapsed time: 00:01:59s.  Time for last 1,000,000:    8s.  Last read position: chr14:11,191,937.  Last read name: SRR7624425.4341844
INFO	2024-07-03 22:28:05	SamFormatConverter	Processed    15,000,000 records.  Elapsed time: 00:02:08s.  Time for last 1,000,000:    8s.  Last read position: chr18:78,261,825.  Last read name: SRR7624425.52262418
INFO	2024-07-03 22:28:13	SamFormatConverter	Processed    16,000,000 records.  Elapsed time: 00:02:16s.  Time for last 1,000,000:    8s.  Last read position: chr14:33,603,290.  Last read name: SRR7624425.26663697
INFO	2024-07-03 22:28:23	SamFormatConverter	Processed    17,000,000 records.  Elapsed time: 00:02:26s.  Time for last 1,000,000:    9s.  Last read position: chr1:177,554,050.  Last read name: SRR7624425.45801866
INFO	2024-07-03 22:28:32	SamFormatConverter	Processed    18,000,000 records.  Elapsed time: 00:02:35s.  Time for last 1,000,000:    9s.  Last read position: chr7:15,481,381.  Last read name: SRR7624425.41538736
INFO	2024-07-03 22:28:41	SamFormatConverter	Processed    19,000,000 records.  Elapsed time: 00:02:44s.  Time for last 1,000,000:    8s.  Last read position: chr10:37,287,879.  Last read name: SRR7624425.23649959
INFO	2024-07-03 22:28:50	SamFormatConverter	Processed    20,000,000 records.  Elapsed time: 00:02:53s.  Time for last 1,000,000:    8s.  Last read position: chr9:124,405,168.  Last read name: SRR7624425.37817928
INFO	2024-07-03 22:28:58	SamFormatConverter	Processed    21,000,000 records.  Elapsed time: 00:03:01s.  Time for last 1,000,000:    8s.  Last read position: chr3:77,122,171.  Last read name: SRR7624425.9745468
INFO	2024-07-03 22:29:07	SamFormatConverter	Processed    22,000,000 records.  Elapsed time: 00:03:10s.  Time for last 1,000,000:    8s.  Last read position: chr8:92,181,881.  Last read name: SRR7624425.36756568
INFO	2024-07-03 22:29:15	SamFormatConverter	Processed    23,000,000 records.  Elapsed time: 00:03:18s.  Time for last 1,000,000:    8s.  Last read position: chr9:38,192,739.  Last read name: SRR7624425.60057560
INFO	2024-07-03 22:29:23	SamFormatConverter	Processed    24,000,000 records.  Elapsed time: 00:03:26s.  Time for last 1,000,000:    8s.  Last read position: chr19:42,606,950.  Last read name: SRR7624425.52592606
INFO	2024-07-03 22:29:32	SamFormatConverter	Processed    25,000,000 records.  Elapsed time: 00:03:35s.  Time for last 1,000,000:    8s.  Last read position: chr6:136,211,277.  Last read name: SRR7624425.35257723
INFO	2024-07-03 22:29:40	SamFormatConverter	Processed    26,000,000 records.  Elapsed time: 00:03:43s.  Time for last 1,000,000:    8s.  Last read position: chr9:112,523,723.  Last read name: SRR7624425.15395835
INFO	2024-07-03 22:29:49	SamFormatConverter	Processed    27,000,000 records.  Elapsed time: 00:03:52s.  Time for last 1,000,000:    8s.  Last read position: chr12:26,882,222.  Last read name: SRR7624425.2940872
INFO	2024-07-03 22:29:57	SamFormatConverter	Processed    28,000,000 records.  Elapsed time: 00:04:00s.  Time for last 1,000,000:    8s.  Last read position: chr3:76,296,944.  Last read name: SRR7624425.54677352
INFO	2024-07-03 22:30:05	SamFormatConverter	Processed    29,000,000 records.  Elapsed time: 00:04:08s.  Time for last 1,000,000:    8s.  Last read position: chr15:67,132,989.  Last read name: SRR7624425.50290341
INFO	2024-07-03 22:30:14	SamFormatConverter	Processed    30,000,000 records.  Elapsed time: 00:04:17s.  Time for last 1,000,000:    8s.  Last read position: chr9:87,567,643.  Last read name: SRR7624425.60365914
INFO	2024-07-03 22:30:22	SamFormatConverter	Processed    31,000,000 records.  Elapsed time: 00:04:25s.  Time for last 1,000,000:    8s.  Last read position: chr10:102,186,508.  Last read name: SRR7624425.46591592
INFO	2024-07-03 22:30:31	SamFormatConverter	Processed    32,000,000 records.  Elapsed time: 00:04:34s.  Time for last 1,000,000:    8s.  Last read position: chr10:73,286,297.  Last read name: SRR7624425.16975457
INFO	2024-07-03 22:30:40	SamFormatConverter	Processed    33,000,000 records.  Elapsed time: 00:04:43s.  Time for last 1,000,000:    8s.  Last read position: chr12:29,639,519.  Last read name: SRR7624425.25120190
INFO	2024-07-03 22:30:48	SamFormatConverter	Processed    34,000,000 records.  Elapsed time: 00:04:51s.  Time for last 1,000,000:    8s.  Last read position: chr9:111,215,039.  Last read name: SRR7624425.37735787
INFO	2024-07-03 22:30:56	SamFormatConverter	Processed    35,000,000 records.  Elapsed time: 00:04:59s.  Time for last 1,000,000:    8s.  Last read position: chr8:95,568,985.  Last read name: SRR7624425.59541914
INFO	2024-07-03 22:31:05	SamFormatConverter	Processed    36,000,000 records.  Elapsed time: 00:05:08s.  Time for last 1,000,000:    8s.  Last read position: chr7:89,307,960.  Last read name: SRR7624425.35807026
INFO	2024-07-03 22:31:13	SamFormatConverter	Processed    37,000,000 records.  Elapsed time: 00:05:16s.  Time for last 1,000,000:    8s.  Last read position: chr9:6,307,044.  Last read name: SRR7624425.14709861
INFO	2024-07-03 22:31:21	SamFormatConverter	Processed    38,000,000 records.  Elapsed time: 00:05:24s.  Time for last 1,000,000:    8s.  Last read position: chr13:81,570,036.  Last read name: SRR7624425.48785377
INFO	2024-07-03 22:31:30	SamFormatConverter	Processed    39,000,000 records.  Elapsed time: 00:05:33s.  Time for last 1,000,000:    8s.  Last read position: chr1:189,212,183.  Last read name: SRR7624425.1242245
INFO	2024-07-03 22:31:39	SamFormatConverter	Processed    40,000,000 records.  Elapsed time: 00:05:42s.  Time for last 1,000,000:    9s.  Last read position: chr14:71,443,632.  Last read name: SRR7624425.26866184
INFO	2024-07-03 22:31:48	SamFormatConverter	Processed    41,000,000 records.  Elapsed time: 00:05:51s.  Time for last 1,000,000:    9s.  Last read position: chr3:130,085,893.  Last read name: SRR7624425.10074677
INFO	2024-07-03 22:31:57	SamFormatConverter	Processed    42,000,000 records.  Elapsed time: 00:06:00s.  Time for last 1,000,000:    8s.  Last read position: chr17:89,500,287.  Last read name: SRR7624425.51704633
INFO	2024-07-03 22:32:07	SamFormatConverter	Processed    43,000,000 records.  Elapsed time: 00:06:10s.  Time for last 1,000,000:   10s.  Last read position: chr6:10,293,852.  Last read name: SRR7624425.57149483
INFO	2024-07-03 22:32:16	SamFormatConverter	Processed    44,000,000 records.  Elapsed time: 00:06:19s.  Time for last 1,000,000:    8s.  Last read position: chr16:91,699,673.  Last read name: SRR7624425.28517293
INFO	2024-07-03 22:32:24	SamFormatConverter	Processed    45,000,000 records.  Elapsed time: 00:06:27s.  Time for last 1,000,000:    8s.  Last read position: chr9:18,663,808.  Last read name: SRR7624425.59902285
INFO	2024-07-03 22:32:34	SamFormatConverter	Processed    46,000,000 records.  Elapsed time: 00:06:37s.  Time for last 1,000,000:    9s.  Last read position: chr7:72,540,272.  Last read name: SRR7624425.13371775
INFO	2024-07-03 22:32:43	SamFormatConverter	Processed    47,000,000 records.  Elapsed time: 00:06:46s.  Time for last 1,000,000:    9s.  Last read position: chr1:103,890,913.  Last read name: SRR7624425.671620
INFO	2024-07-03 22:32:52	SamFormatConverter	Processed    48,000,000 records.  Elapsed time: 00:06:55s.  Time for last 1,000,000:    8s.  Last read position: chr13:71,832,968.  Last read name: SRR7624425.26157782
INFO	2024-07-03 22:33:02	SamFormatConverter	Processed    49,000,000 records.  Elapsed time: 00:07:05s.  Time for last 1,000,000:    9s.  Last read position: chr8:115,328,763.  Last read name: SRR7624425.14576264
INFO	2024-07-03 22:33:11	SamFormatConverter	Processed    50,000,000 records.  Elapsed time: 00:07:14s.  Time for last 1,000,000:    9s.  Last read position: chr12:43,921,395.  Last read name: SRR7624425.25219945
[Wed Jul 03 22:33:16 CEST 2024] picard.sam.SamFormatConverter done. Elapsed time: 7.35 minutes.
Runtime.totalMemory()=651689984
22:33:18.452 INFO  NativeLibraryLoader - Loading libgkl_compression.so from jar:file:/home/robin/bin/miniconda3/share/picard-2.26.2-0/picard.jar!/com/intel/gkl/native/libgkl_compression.so
[Wed Jul 03 22:33:18 CEST 2024] SortSam --INPUT E14_24h_H3K9me2_ChIP_Yang2019_GSM3314737_unsorted.bam --OUTPUT E14_24h_H3K9me2_ChIP_Yang2019_GSM3314737_sorted.bam --SORT_ORDER coordinate --TMP_DIR . --VERBOSITY INFO --QUIET false --VALIDATION_STRINGENCY STRICT --COMPRESSION_LEVEL 5 --MAX_RECORDS_IN_RAM 500000 --CREATE_INDEX false --CREATE_MD5_FILE false --GA4GH_CLIENT_SECRETS client_secrets.json --help false --version false --showHidden false --USE_JDK_DEFLATER false --USE_JDK_INFLATER false
[Wed Jul 03 22:33:18 CEST 2024] Executing as robin@epipax.ijm.univ-paris-diderot.priv on Linux 6.1.0-21-amd64 amd64; OpenJDK 64-Bit Server VM 1.8.0_332-b09; Deflater: Intel; Inflater: Intel; Provider GCS is not available; Picard version: Version:2.26.2
INFO	2024-07-03 22:33:19	SortSam	Seen many non-increasing record positions. Printing Read-names as well.
INFO	2024-07-03 22:34:26	SortSam	Read    10,000,000 records.  Elapsed time: 00:01:07s.  Time for last 10,000,000:   67s.  Last read position: chr6:112,626,474.  Last read name: SRR7624425.57848933
INFO	2024-07-03 22:35:29	SortSam	Read    20,000,000 records.  Elapsed time: 00:02:10s.  Time for last 10,000,000:   63s.  Last read position: chr9:124,405,168.  Last read name: SRR7624425.37817928
INFO	2024-07-03 22:36:37	SortSam	Read    30,000,000 records.  Elapsed time: 00:03:18s.  Time for last 10,000,000:   67s.  Last read position: chr9:87,567,643.  Last read name: SRR7624425.60365914
INFO	2024-07-03 22:37:40	SortSam	Read    40,000,000 records.  Elapsed time: 00:04:21s.  Time for last 10,000,000:   63s.  Last read position: chr14:71,443,632.  Last read name: SRR7624425.26866184
INFO	2024-07-03 22:38:40	SortSam	Read    50,000,000 records.  Elapsed time: 00:05:20s.  Time for last 10,000,000:   59s.  Last read position: chr12:43,921,395.  Last read name: SRR7624425.25219945
INFO	2024-07-03 22:38:44	SortSam	Finished reading inputs, merging and writing to output now.
INFO	2024-07-03 22:39:31	SortSam	Wrote    10,000,000 records from a sorting collection.  Elapsed time: 00:06:12s.  Time for last 10,000,000:   46s.  Last read position: chr3:124,807,312
INFO	2024-07-03 22:40:17	SortSam	Wrote    20,000,000 records from a sorting collection.  Elapsed time: 00:06:58s.  Time for last 10,000,000:   45s.  Last read position: chr7:51,200,939
INFO	2024-07-03 22:41:02	SortSam	Wrote    30,000,000 records from a sorting collection.  Elapsed time: 00:07:43s.  Time for last 10,000,000:   45s.  Last read position: chr11:34,280,983
INFO	2024-07-03 22:41:47	SortSam	Wrote    40,000,000 records from a sorting collection.  Elapsed time: 00:08:28s.  Time for last 10,000,000:   45s.  Last read position: chr15:63,003,380
INFO	2024-07-03 22:42:32	SortSam	Wrote    50,000,000 records from a sorting collection.  Elapsed time: 00:09:13s.  Time for last 10,000,000:   45s.  Last read position: */*
[Wed Jul 03 22:42:40 CEST 2024] picard.sam.SortSam done. Elapsed time: 9.37 minutes.
Runtime.totalMemory()=1726480384
22:42:42.306 INFO  NativeLibraryLoader - Loading libgkl_compression.so from jar:file:/home/robin/bin/miniconda3/share/picard-2.26.2-0/picard.jar!/com/intel/gkl/native/libgkl_compression.so
[Wed Jul 03 22:42:42 CEST 2024] MarkDuplicates --INPUT E14_24h_H3K9me2_ChIP_Yang2019_GSM3314737_sorted.bam --OUTPUT E14_24h_H3K9me2_ChIP_Yang2019_GSM3314737.bam --METRICS_FILE E14_24h_H3K9me2_ChIP_Yang2019_GSM3314737_markDupeMetrics.txt --REMOVE_DUPLICATES false --TMP_DIR . --MAX_SEQUENCES_FOR_DISK_READ_ENDS_MAP 50000 --MAX_FILE_HANDLES_FOR_READ_ENDS_MAP 8000 --SORTING_COLLECTION_SIZE_RATIO 0.25 --TAG_DUPLICATE_SET_MEMBERS false --REMOVE_SEQUENCING_DUPLICATES false --TAGGING_POLICY DontTag --CLEAR_DT true --DUPLEX_UMI false --ADD_PG_TAG_TO_READS true --ASSUME_SORTED false --DUPLICATE_SCORING_STRATEGY SUM_OF_BASE_QUALITIES --PROGRAM_RECORD_ID MarkDuplicates --PROGRAM_GROUP_NAME MarkDuplicates --READ_NAME_REGEX <optimized capture of last three ':' separated fields as numeric values> --OPTICAL_DUPLICATE_PIXEL_DISTANCE 100 --MAX_OPTICAL_DUPLICATE_SET_SIZE 300000 --VERBOSITY INFO --QUIET false --VALIDATION_STRINGENCY STRICT --COMPRESSION_LEVEL 5 --MAX_RECORDS_IN_RAM 500000 --CREATE_INDEX false --CREATE_MD5_FILE false --GA4GH_CLIENT_SECRETS client_secrets.json --help false --version false --showHidden false --USE_JDK_DEFLATER false --USE_JDK_INFLATER false
[Wed Jul 03 22:42:42 CEST 2024] Executing as robin@epipax.ijm.univ-paris-diderot.priv on Linux 6.1.0-21-amd64 amd64; OpenJDK 64-Bit Server VM 1.8.0_332-b09; Deflater: Intel; Inflater: Intel; Provider GCS is not available; Picard version: Version:2.26.2
INFO	2024-07-03 22:42:42	MarkDuplicates	Start of doWork freeMemory: 501502624; totalMemory: 514850816; maxMemory: 1908932608
INFO	2024-07-03 22:42:42	MarkDuplicates	Reading input file and constructing read end information.
INFO	2024-07-03 22:42:42	MarkDuplicates	Will retain up to 6916422 data points before spilling to disk.
WARNING	2024-07-03 22:42:42	AbstractOpticalDuplicateFinderCommandLineProgram	A field field parsed out of a read name was expected to contain an integer and did not. Read name: SRR7624425.67065388. Cause: String 'SRR7624425.67065388' did not start with a parsable number.
INFO	2024-07-03 22:42:47	MarkDuplicates	Read     1,000,000 records.  Elapsed time: 00:00:04s.  Time for last 1,000,000:    4s.  Last read position: chr1:52,386,467
INFO	2024-07-03 22:42:47	MarkDuplicates	Tracking 0 as yet unmatched pairs. 0 records in RAM.
INFO	2024-07-03 22:42:51	MarkDuplicates	Read     2,000,000 records.  Elapsed time: 00:00:08s.  Time for last 1,000,000:    3s.  Last read position: chr1:101,185,588
INFO	2024-07-03 22:42:51	MarkDuplicates	Tracking 0 as yet unmatched pairs. 0 records in RAM.
INFO	2024-07-03 22:42:54	MarkDuplicates	Read     3,000,000 records.  Elapsed time: 00:00:11s.  Time for last 1,000,000:    3s.  Last read position: chr1:151,639,599
INFO	2024-07-03 22:42:54	MarkDuplicates	Tracking 0 as yet unmatched pairs. 0 records in RAM.
INFO	2024-07-03 22:42:58	MarkDuplicates	Read     4,000,000 records.  Elapsed time: 00:00:15s.  Time for last 1,000,000:    3s.  Last read position: chr2:8,421,519
INFO	2024-07-03 22:42:58	MarkDuplicates	Tracking 0 as yet unmatched pairs. 0 records in RAM.
INFO	2024-07-03 22:43:03	MarkDuplicates	Read     5,000,000 records.  Elapsed time: 00:00:20s.  Time for last 1,000,000:    5s.  Last read position: chr2:62,126,800
INFO	2024-07-03 22:43:03	MarkDuplicates	Tracking 0 as yet unmatched pairs. 0 records in RAM.
INFO	2024-07-03 22:43:07	MarkDuplicates	Read     6,000,000 records.  Elapsed time: 00:00:24s.  Time for last 1,000,000:    4s.  Last read position: chr2:98,667,177
INFO	2024-07-03 22:43:07	MarkDuplicates	Tracking 0 as yet unmatched pairs. 0 records in RAM.
INFO	2024-07-03 22:43:14	MarkDuplicates	Read     7,000,000 records.  Elapsed time: 00:00:31s.  Time for last 1,000,000:    6s.  Last read position: chr2:146,702,050
INFO	2024-07-03 22:43:14	MarkDuplicates	Tracking 0 as yet unmatched pairs. 0 records in RAM.
INFO	2024-07-03 22:43:18	MarkDuplicates	Read     8,000,000 records.  Elapsed time: 00:00:35s.  Time for last 1,000,000:    3s.  Last read position: chr3:24,028,923
INFO	2024-07-03 22:43:18	MarkDuplicates	Tracking 0 as yet unmatched pairs. 0 records in RAM.
INFO	2024-07-03 22:43:21	MarkDuplicates	Read     9,000,000 records.  Elapsed time: 00:00:38s.  Time for last 1,000,000:    3s.  Last read position: chr3:71,811,736
INFO	2024-07-03 22:43:21	MarkDuplicates	Tracking 0 as yet unmatched pairs. 0 records in RAM.
INFO	2024-07-03 22:43:25	MarkDuplicates	Read    10,000,000 records.  Elapsed time: 00:00:42s.  Time for last 1,000,000:    4s.  Last read position: chr3:124,807,312
INFO	2024-07-03 22:43:25	MarkDuplicates	Tracking 0 as yet unmatched pairs. 0 records in RAM.
INFO	2024-07-03 22:43:29	MarkDuplicates	Read    11,000,000 records.  Elapsed time: 00:00:46s.  Time for last 1,000,000:    3s.  Last read position: chr4:11,927,497
INFO	2024-07-03 22:43:29	MarkDuplicates	Tracking 0 as yet unmatched pairs. 0 records in RAM.
INFO	2024-07-03 22:43:35	MarkDuplicates	Read    12,000,000 records.  Elapsed time: 00:00:52s.  Time for last 1,000,000:    6s.  Last read position: chr4:63,113,293
INFO	2024-07-03 22:43:35	MarkDuplicates	Tracking 0 as yet unmatched pairs. 0 records in RAM.
INFO	2024-07-03 22:43:39	MarkDuplicates	Read    13,000,000 records.  Elapsed time: 00:00:56s.  Time for last 1,000,000:    3s.  Last read position: chr4:110,602,841
INFO	2024-07-03 22:43:39	MarkDuplicates	Tracking 0 as yet unmatched pairs. 0 records in RAM.
INFO	2024-07-03 22:43:45	MarkDuplicates	Read    14,000,000 records.  Elapsed time: 00:01:02s.  Time for last 1,000,000:    5s.  Last read position: chr5:21,321,266
INFO	2024-07-03 22:43:45	MarkDuplicates	Tracking 0 as yet unmatched pairs. 0 records in RAM.
INFO	2024-07-03 22:43:48	MarkDuplicates	Read    15,000,000 records.  Elapsed time: 00:01:05s.  Time for last 1,000,000:    3s.  Last read position: chr5:71,742,744
INFO	2024-07-03 22:43:48	MarkDuplicates	Tracking 0 as yet unmatched pairs. 0 records in RAM.
INFO	2024-07-03 22:43:52	MarkDuplicates	Read    16,000,000 records.  Elapsed time: 00:01:10s.  Time for last 1,000,000:    4s.  Last read position: chr5:129,653,431
INFO	2024-07-03 22:43:52	MarkDuplicates	Tracking 0 as yet unmatched pairs. 0 records in RAM.
INFO	2024-07-03 22:43:57	MarkDuplicates	Read    17,000,000 records.  Elapsed time: 00:01:14s.  Time for last 1,000,000:    4s.  Last read position: chr6:36,469,814
INFO	2024-07-03 22:43:57	MarkDuplicates	Tracking 0 as yet unmatched pairs. 0 records in RAM.
INFO	2024-07-03 22:44:00	MarkDuplicates	Read    18,000,000 records.  Elapsed time: 00:01:17s.  Time for last 1,000,000:    3s.  Last read position: chr6:89,298,728
INFO	2024-07-03 22:44:00	MarkDuplicates	Tracking 0 as yet unmatched pairs. 0 records in RAM.
INFO	2024-07-03 22:44:04	MarkDuplicates	Read    19,000,000 records.  Elapsed time: 00:01:21s.  Time for last 1,000,000:    3s.  Last read position: chr6:139,386,105
INFO	2024-07-03 22:44:04	MarkDuplicates	Tracking 0 as yet unmatched pairs. 0 records in RAM.
INFO	2024-07-03 22:44:07	MarkDuplicates	Read    20,000,000 records.  Elapsed time: 00:01:24s.  Time for last 1,000,000:    3s.  Last read position: chr7:51,200,939
INFO	2024-07-03 22:44:07	MarkDuplicates	Tracking 0 as yet unmatched pairs. 0 records in RAM.
INFO	2024-07-03 22:44:13	MarkDuplicates	Read    21,000,000 records.  Elapsed time: 00:01:30s.  Time for last 1,000,000:    5s.  Last read position: chr7:102,394,165
INFO	2024-07-03 22:44:13	MarkDuplicates	Tracking 0 as yet unmatched pairs. 0 records in RAM.
INFO	2024-07-03 22:44:16	MarkDuplicates	Read    22,000,000 records.  Elapsed time: 00:01:33s.  Time for last 1,000,000:    3s.  Last read position: chr8:11,606,559
INFO	2024-07-03 22:44:16	MarkDuplicates	Tracking 0 as yet unmatched pairs. 0 records in RAM.
INFO	2024-07-03 22:44:20	MarkDuplicates	Read    23,000,000 records.  Elapsed time: 00:01:37s.  Time for last 1,000,000:    3s.  Last read position: chr8:57,876,553
INFO	2024-07-03 22:44:20	MarkDuplicates	Tracking 0 as yet unmatched pairs. 0 records in RAM.
INFO	2024-07-03 22:44:24	MarkDuplicates	Read    24,000,000 records.  Elapsed time: 00:01:41s.  Time for last 1,000,000:    3s.  Last read position: chr8:110,034,612
INFO	2024-07-03 22:44:24	MarkDuplicates	Tracking 0 as yet unmatched pairs. 0 records in RAM.
INFO	2024-07-03 22:44:27	MarkDuplicates	Read    25,000,000 records.  Elapsed time: 00:01:44s.  Time for last 1,000,000:    3s.  Last read position: chr9:26,945,080
INFO	2024-07-03 22:44:27	MarkDuplicates	Tracking 0 as yet unmatched pairs. 0 records in RAM.
INFO	2024-07-03 22:44:30	MarkDuplicates	Read    26,000,000 records.  Elapsed time: 00:01:47s.  Time for last 1,000,000:    3s.  Last read position: chr9:79,701,771
INFO	2024-07-03 22:44:30	MarkDuplicates	Tracking 0 as yet unmatched pairs. 0 records in RAM.
INFO	2024-07-03 22:44:33	MarkDuplicates	Read    27,000,000 records.  Elapsed time: 00:01:51s.  Time for last 1,000,000:    3s.  Last read position: chr10:10,374,110
INFO	2024-07-03 22:44:33	MarkDuplicates	Tracking 0 as yet unmatched pairs. 0 records in RAM.
INFO	2024-07-03 22:44:39	MarkDuplicates	Read    28,000,000 records.  Elapsed time: 00:01:56s.  Time for last 1,000,000:    5s.  Last read position: chr10:60,756,894
INFO	2024-07-03 22:44:39	MarkDuplicates	Tracking 0 as yet unmatched pairs. 0 records in RAM.
INFO	2024-07-03 22:44:43	MarkDuplicates	Read    29,000,000 records.  Elapsed time: 00:02:00s.  Time for last 1,000,000:    3s.  Last read position: chr10:111,307,750
INFO	2024-07-03 22:44:43	MarkDuplicates	Tracking 0 as yet unmatched pairs. 0 records in RAM.
INFO	2024-07-03 22:44:48	MarkDuplicates	Read    30,000,000 records.  Elapsed time: 00:02:05s.  Time for last 1,000,000:    4s.  Last read position: chr11:34,280,983
INFO	2024-07-03 22:44:48	MarkDuplicates	Tracking 0 as yet unmatched pairs. 0 records in RAM.
INFO	2024-07-03 22:44:51	MarkDuplicates	Read    31,000,000 records.  Elapsed time: 00:02:08s.  Time for last 1,000,000:    3s.  Last read position: chr11:91,779,915
INFO	2024-07-03 22:44:51	MarkDuplicates	Tracking 0 as yet unmatched pairs. 0 records in RAM.
INFO	2024-07-03 22:44:55	MarkDuplicates	Read    32,000,000 records.  Elapsed time: 00:02:12s.  Time for last 1,000,000:    3s.  Last read position: chr12:31,579,339
INFO	2024-07-03 22:44:55	MarkDuplicates	Tracking 0 as yet unmatched pairs. 0 records in RAM.
INFO	2024-07-03 22:44:58	MarkDuplicates	Read    33,000,000 records.  Elapsed time: 00:02:15s.  Time for last 1,000,000:    3s.  Last read position: chr12:82,878,185
INFO	2024-07-03 22:44:58	MarkDuplicates	Tracking 0 as yet unmatched pairs. 0 records in RAM.
INFO	2024-07-03 22:45:01	MarkDuplicates	Read    34,000,000 records.  Elapsed time: 00:02:18s.  Time for last 1,000,000:    3s.  Last read position: chr13:15,823,614
INFO	2024-07-03 22:45:01	MarkDuplicates	Tracking 0 as yet unmatched pairs. 0 records in RAM.
INFO	2024-07-03 22:45:07	MarkDuplicates	Read    35,000,000 records.  Elapsed time: 00:02:24s.  Time for last 1,000,000:    5s.  Last read position: chr13:66,766,523
INFO	2024-07-03 22:45:07	MarkDuplicates	Tracking 0 as yet unmatched pairs. 0 records in RAM.
INFO	2024-07-03 22:45:10	MarkDuplicates	Read    36,000,000 records.  Elapsed time: 00:02:28s.  Time for last 1,000,000:    3s.  Last read position: chr13:114,605,616
INFO	2024-07-03 22:45:10	MarkDuplicates	Tracking 0 as yet unmatched pairs. 0 records in RAM.
INFO	2024-07-03 22:45:14	MarkDuplicates	Read    37,000,000 records.  Elapsed time: 00:02:31s.  Time for last 1,000,000:    3s.  Last read position: chr14:35,836,439
INFO	2024-07-03 22:45:14	MarkDuplicates	Tracking 0 as yet unmatched pairs. 0 records in RAM.
INFO	2024-07-03 22:45:19	MarkDuplicates	Read    38,000,000 records.  Elapsed time: 00:02:36s.  Time for last 1,000,000:    5s.  Last read position: chr14:88,232,048
INFO	2024-07-03 22:45:19	MarkDuplicates	Tracking 0 as yet unmatched pairs. 0 records in RAM.
INFO	2024-07-03 22:45:23	MarkDuplicates	Read    39,000,000 records.  Elapsed time: 00:02:40s.  Time for last 1,000,000:    3s.  Last read position: chr15:13,491,675
INFO	2024-07-03 22:45:23	MarkDuplicates	Tracking 0 as yet unmatched pairs. 0 records in RAM.
INFO	2024-07-03 22:45:26	MarkDuplicates	Read    40,000,000 records.  Elapsed time: 00:02:43s.  Time for last 1,000,000:    3s.  Last read position: chr15:63,003,380
INFO	2024-07-03 22:45:26	MarkDuplicates	Tracking 0 as yet unmatched pairs. 0 records in RAM.
INFO	2024-07-03 22:45:30	MarkDuplicates	Read    41,000,000 records.  Elapsed time: 00:02:47s.  Time for last 1,000,000:    3s.  Last read position: chr16:17,654,373
INFO	2024-07-03 22:45:30	MarkDuplicates	Tracking 0 as yet unmatched pairs. 0 records in RAM.
INFO	2024-07-03 22:45:35	MarkDuplicates	Read    42,000,000 records.  Elapsed time: 00:02:53s.  Time for last 1,000,000:    5s.  Last read position: chr16:69,428,890
INFO	2024-07-03 22:45:36	MarkDuplicates	Tracking 0 as yet unmatched pairs. 0 records in RAM.
INFO	2024-07-03 22:45:39	MarkDuplicates	Read    43,000,000 records.  Elapsed time: 00:02:56s.  Time for last 1,000,000:    3s.  Last read position: chr17:21,998,203
INFO	2024-07-03 22:45:39	MarkDuplicates	Tracking 0 as yet unmatched pairs. 0 records in RAM.
INFO	2024-07-03 22:45:43	MarkDuplicates	Read    44,000,000 records.  Elapsed time: 00:03:00s.  Time for last 1,000,000:    3s.  Last read position: chr17:76,709,900
INFO	2024-07-03 22:45:43	MarkDuplicates	Tracking 0 as yet unmatched pairs. 0 records in RAM.
INFO	2024-07-03 22:45:46	MarkDuplicates	Read    45,000,000 records.  Elapsed time: 00:03:03s.  Time for last 1,000,000:    3s.  Last read position: chr18:37,322,513
INFO	2024-07-03 22:45:46	MarkDuplicates	Tracking 0 as yet unmatched pairs. 0 records in RAM.
INFO	2024-07-03 22:45:50	MarkDuplicates	Read    46,000,000 records.  Elapsed time: 00:03:07s.  Time for last 1,000,000:    3s.  Last read position: chr18:83,875,015
INFO	2024-07-03 22:45:50	MarkDuplicates	Tracking 0 as yet unmatched pairs. 0 records in RAM.
INFO	2024-07-03 22:45:55	MarkDuplicates	Read    47,000,000 records.  Elapsed time: 00:03:13s.  Time for last 1,000,000:    5s.  Last read position: chr19:52,333,315
INFO	2024-07-03 22:45:55	MarkDuplicates	Tracking 0 as yet unmatched pairs. 0 records in RAM.
INFO	2024-07-03 22:45:59	MarkDuplicates	Read    48,000,000 records.  Elapsed time: 00:03:16s.  Time for last 1,000,000:    3s.  Last read position: chrX:84,278,741
INFO	2024-07-03 22:45:59	MarkDuplicates	Tracking 0 as yet unmatched pairs. 0 records in RAM.
INFO	2024-07-03 22:46:05	MarkDuplicates	Read    49,000,000 records.  Elapsed time: 00:03:23s.  Time for last 1,000,000:    6s.  Last read position: chrY:14,147,798
INFO	2024-07-03 22:46:05	MarkDuplicates	Tracking 0 as yet unmatched pairs. 0 records in RAM.
INFO	2024-07-03 22:46:10	MarkDuplicates	Read 49976482 records. 0 pairs never matched.
INFO	2024-07-03 22:46:10	MarkDuplicates	After buildSortedReadEndLists freeMemory: 1692787736; totalMemory: 1737490432; maxMemory: 1908932608
INFO	2024-07-03 22:46:10	MarkDuplicates	Will retain up to 59654144 duplicate indices before spilling to disk.
INFO	2024-07-03 22:46:10	MarkDuplicates	Traversing read pair information and detecting duplicates.
INFO	2024-07-03 22:46:10	MarkDuplicates	Traversing fragment information and detecting duplicates.
INFO	2024-07-03 22:46:24	MarkDuplicates	Sorting list of duplicate records.
INFO	2024-07-03 22:46:24	MarkDuplicates	After generateDuplicateIndexes freeMemory: 1239546608; totalMemory: 1733820416; maxMemory: 1908932608
INFO	2024-07-03 22:46:24	MarkDuplicates	Marking 893973 records as duplicates.
INFO	2024-07-03 22:46:24	MarkDuplicates	Found 0 optical duplicate clusters.
INFO	2024-07-03 22:46:24	MarkDuplicates	Reads are assumed to be ordered by: coordinate
INFO	2024-07-03 22:47:33	MarkDuplicates	Written    10,000,000 records.  Elapsed time: 00:01:08s.  Time for last 10,000,000:   68s.  Last read position: chr3:124,807,312
INFO	2024-07-03 22:48:39	MarkDuplicates	Written    20,000,000 records.  Elapsed time: 00:02:15s.  Time for last 10,000,000:   66s.  Last read position: chr7:51,200,939
INFO	2024-07-03 22:49:47	MarkDuplicates	Written    30,000,000 records.  Elapsed time: 00:03:22s.  Time for last 10,000,000:   67s.  Last read position: chr11:34,280,983
INFO	2024-07-03 22:50:53	MarkDuplicates	Written    40,000,000 records.  Elapsed time: 00:04:28s.  Time for last 10,000,000:   65s.  Last read position: chr15:63,003,380
INFO	2024-07-03 22:52:03	MarkDuplicates	Written    50,000,000 records.  Elapsed time: 00:05:39s.  Time for last 10,000,000:   70s.  Last read position: */*
INFO	2024-07-03 22:52:06	MarkDuplicates	Writing complete. Closing input iterator.
INFO	2024-07-03 22:52:06	MarkDuplicates	Duplicate Index cleanup.
INFO	2024-07-03 22:52:06	MarkDuplicates	Getting Memory Stats.
INFO	2024-07-03 22:52:06	MarkDuplicates	Before output close freeMemory: 1747561248; totalMemory: 1766326272; maxMemory: 1908932608
INFO	2024-07-03 22:52:12	MarkDuplicates	Closed outputs. Getting more Memory Stats.
INFO	2024-07-03 22:52:12	MarkDuplicates	After output close freeMemory: 1747561248; totalMemory: 1766326272; maxMemory: 1908932608
[Wed Jul 03 22:52:12 CEST 2024] picard.sam.markduplicates.MarkDuplicates done. Elapsed time: 9.50 minutes.
Runtime.totalMemory()=1766326272
[sam grooming] finished successfully at [Wed Jul 3 10:52:29 PM CEST 2024]
[trueStats] Collecting alignment statistics for E14_24h_H3K9me2_ChIP_Yang2019_GSM3314737.bam at [Wed Jul 3 10:53:36 PM CEST 2024]
[bamToWigCPMsmoothKeepDup] Started with bin size: 1 and smoothing over 0 bp and KEEPING DUPLICATES at [Wed Jul 3 10:58:02 PM CEST 2024]
There are 47544006 alignments, of which 744594 are completely within a blacklist region.
Due to filtering, 87.94643607273133% of the aforementioned alignments will be used 41158414.95699416
[bamToWigCPMsmoothKeepDup] finished successfully at [Wed Jul 3 11:20:00 PM CEST 2024]
[file cleanup] started. Good job! at [Wed Jul 3 11:20:00 PM CEST 2024]
cp: cannot stat '*.pdf': No such file or directory
mv: cannot stat '*.bed': No such file or directory
mv: preserving times for '/data/bigWigs/E14_24h_H3K9me2_ChIP_Yang2019_GSM3314737_trimV5_mm10_kpDup_q10_b1_s0_CPM.bw': Operation not permitted
mv: preserving permissions for /data/bigWigs/E14_24h_H3K9me2_ChIP_Yang2019_GSM3314737_trimV5_mm10_kpDup_q10_b1_s0_CPM.bw: Operation not permitted
mv: preserving times for '/data/bams/E14_24h_H3K9me2_ChIP_Yang2019_GSM3314737_trimV5_mm10.bam': Operation not permitted
mv: preserving permissions for /data/bams/E14_24h_H3K9me2_ChIP_Yang2019_GSM3314737_trimV5_mm10.bam: Operation not permitted
mv: preserving times for '/data/bams/E14_24h_H3K9me2_ChIP_Yang2019_GSM3314737_trimV5_mm10.bam.bai': Operation not permitted
mv: preserving permissions for /data/bams/E14_24h_H3K9me2_ChIP_Yang2019_GSM3314737_trimV5_mm10.bam.bai: Operation not permitted
mv: cannot stat '*.gtf': No such file or directory
