SCRATCH: /scratch
ls: cannot access '/data/fastq/E14_12h_H3K9me2_ChIP_Yang2019_GSM3314736*_R2.fastq.gz': No such file or directory
[masterDownload] Data are single-end. at [Wed Jul 3 06:37:25 PM CEST 2024]
[checkDependencies] Checking Dependencies [Wed Jul 3 06:37:25 PM CEST 2024] at [Wed Jul 3 06:37:25 PM CEST 2024]
[setup checkDependencies] trimmomatic... at [Wed Jul 3 06:37:25 PM CEST 2024]
[setup checkDependencies] STAR... at [Wed Jul 3 06:37:26 PM CEST 2024]
[setup checkDependencies] bismark... at [Wed Jul 3 06:37:26 PM CEST 2024]
[setup checkDependencies] bowtie2... at [Wed Jul 3 06:37:26 PM CEST 2024]
[setup checkDependencies] samtools... at [Wed Jul 3 06:37:26 PM CEST 2024]
[setup checkDependencies] picard... at [Wed Jul 3 06:37:26 PM CEST 2024]
[setup checkDependencies] awk... at [Wed Jul 3 06:37:26 PM CEST 2024]
[setup checkDependencies] bamCoverage... at [Wed Jul 3 06:37:26 PM CEST 2024]
[setup checkDependencies] fastqc... at [Wed Jul 3 06:37:26 PM CEST 2024]
[setup checkDependencies] fastq_screen... at [Wed Jul 3 06:37:26 PM CEST 2024]
[setup checkDependencies] stringtie... at [Wed Jul 3 06:37:26 PM CEST 2024]
[setup checkDependencies] clumpify.sh... at [Wed Jul 3 06:37:26 PM CEST 2024]
PAIRED: false
[setUpLogFile] Script started at [Wed Jul 3 06:37:26 PM CEST 2024] at [Wed Jul 3 06:37:26 PM CEST 2024]
[fastQC] started on raw FASTQs at [Wed Jul 3 06:37:26 PM CEST 2024]
Started analysis of E14_12h_H3K9me2_ChIP_Yang2019_GSM3314736_raw.fastq.gz
Approx 5% complete for E14_12h_H3K9me2_ChIP_Yang2019_GSM3314736_raw.fastq.gz
Approx 10% complete for E14_12h_H3K9me2_ChIP_Yang2019_GSM3314736_raw.fastq.gz
Approx 15% complete for E14_12h_H3K9me2_ChIP_Yang2019_GSM3314736_raw.fastq.gz
Approx 20% complete for E14_12h_H3K9me2_ChIP_Yang2019_GSM3314736_raw.fastq.gz
Approx 25% complete for E14_12h_H3K9me2_ChIP_Yang2019_GSM3314736_raw.fastq.gz
Approx 30% complete for E14_12h_H3K9me2_ChIP_Yang2019_GSM3314736_raw.fastq.gz
Approx 35% complete for E14_12h_H3K9me2_ChIP_Yang2019_GSM3314736_raw.fastq.gz
Approx 40% complete for E14_12h_H3K9me2_ChIP_Yang2019_GSM3314736_raw.fastq.gz
Approx 45% complete for E14_12h_H3K9me2_ChIP_Yang2019_GSM3314736_raw.fastq.gz
Approx 50% complete for E14_12h_H3K9me2_ChIP_Yang2019_GSM3314736_raw.fastq.gz
Approx 55% complete for E14_12h_H3K9me2_ChIP_Yang2019_GSM3314736_raw.fastq.gz
Approx 60% complete for E14_12h_H3K9me2_ChIP_Yang2019_GSM3314736_raw.fastq.gz
Approx 65% complete for E14_12h_H3K9me2_ChIP_Yang2019_GSM3314736_raw.fastq.gz
Approx 70% complete for E14_12h_H3K9me2_ChIP_Yang2019_GSM3314736_raw.fastq.gz
Approx 75% complete for E14_12h_H3K9me2_ChIP_Yang2019_GSM3314736_raw.fastq.gz
Approx 80% complete for E14_12h_H3K9me2_ChIP_Yang2019_GSM3314736_raw.fastq.gz
Approx 85% complete for E14_12h_H3K9me2_ChIP_Yang2019_GSM3314736_raw.fastq.gz
Approx 90% complete for E14_12h_H3K9me2_ChIP_Yang2019_GSM3314736_raw.fastq.gz
Approx 95% complete for E14_12h_H3K9me2_ChIP_Yang2019_GSM3314736_raw.fastq.gz
Analysis complete for E14_12h_H3K9me2_ChIP_Yang2019_GSM3314736_raw.fastq.gz
[fastQC] on raw FASTQs finished succesfully. Will remove PCR duplicates now at [Wed Jul 3 06:41:52 PM CEST 2024]
Reads are length: 52 at [Wed Jul 3 06:41:53 PM CEST 2024]
Reads with same sequence 1 or fewer substitutions will be marked as PCR duplicates at [Wed Jul 3 06:41:53 PM CEST 2024]
Removal of PCR duplicates complete! at [Wed Jul 3 07:11:39 PM CEST 2024]
[trimReads] Started using version trimV5 parameters at [Wed Jul 3 07:11:39 PM CEST 2024]
ILLUMINACLIP:/data/reference_genomes/adapters/adapters.fa:2:30:10 SLIDINGWINDOW:4:20 MINLEN:24
[trimReads] Trimming E14_12h_H3K9me2_ChIP_Yang2019_GSM3314736.fastq.gz... at [Wed Jul 3 07:11:39 PM CEST 2024]
[trimReads] Finished successfully at [Wed Jul 3 07:21:54 PM CEST 2024]
[fastQC] started on E14_12h_H3K9me2_ChIP_Yang2019_GSM3314736.fastq.gz E14_12h_H3K9me2_ChIP_Yang2019_GSM3314736_trimV5.fastq.gz at [Wed Jul 3 07:21:54 PM CEST 2024]
Started analysis of E14_12h_H3K9me2_ChIP_Yang2019_GSM3314736.fastq.gz
Started analysis of E14_12h_H3K9me2_ChIP_Yang2019_GSM3314736_trimV5.fastq.gz
Approx 5% complete for E14_12h_H3K9me2_ChIP_Yang2019_GSM3314736_trimV5.fastq.gz
Approx 5% complete for E14_12h_H3K9me2_ChIP_Yang2019_GSM3314736.fastq.gz
Approx 10% complete for E14_12h_H3K9me2_ChIP_Yang2019_GSM3314736_trimV5.fastq.gz
Approx 10% complete for E14_12h_H3K9me2_ChIP_Yang2019_GSM3314736.fastq.gz
Approx 15% complete for E14_12h_H3K9me2_ChIP_Yang2019_GSM3314736_trimV5.fastq.gz
Approx 15% complete for E14_12h_H3K9me2_ChIP_Yang2019_GSM3314736.fastq.gz
Approx 20% complete for E14_12h_H3K9me2_ChIP_Yang2019_GSM3314736_trimV5.fastq.gz
Approx 20% complete for E14_12h_H3K9me2_ChIP_Yang2019_GSM3314736.fastq.gz
Approx 25% complete for E14_12h_H3K9me2_ChIP_Yang2019_GSM3314736_trimV5.fastq.gz
Approx 25% complete for E14_12h_H3K9me2_ChIP_Yang2019_GSM3314736.fastq.gz
Approx 30% complete for E14_12h_H3K9me2_ChIP_Yang2019_GSM3314736_trimV5.fastq.gz
Approx 30% complete for E14_12h_H3K9me2_ChIP_Yang2019_GSM3314736.fastq.gz
Approx 35% complete for E14_12h_H3K9me2_ChIP_Yang2019_GSM3314736_trimV5.fastq.gz
Approx 35% complete for E14_12h_H3K9me2_ChIP_Yang2019_GSM3314736.fastq.gz
Approx 40% complete for E14_12h_H3K9me2_ChIP_Yang2019_GSM3314736_trimV5.fastq.gz
Approx 40% complete for E14_12h_H3K9me2_ChIP_Yang2019_GSM3314736.fastq.gz
Approx 45% complete for E14_12h_H3K9me2_ChIP_Yang2019_GSM3314736_trimV5.fastq.gz
Approx 45% complete for E14_12h_H3K9me2_ChIP_Yang2019_GSM3314736.fastq.gz
Approx 50% complete for E14_12h_H3K9me2_ChIP_Yang2019_GSM3314736_trimV5.fastq.gz
Approx 50% complete for E14_12h_H3K9me2_ChIP_Yang2019_GSM3314736.fastq.gz
Approx 55% complete for E14_12h_H3K9me2_ChIP_Yang2019_GSM3314736_trimV5.fastq.gz
Approx 55% complete for E14_12h_H3K9me2_ChIP_Yang2019_GSM3314736.fastq.gz
Approx 60% complete for E14_12h_H3K9me2_ChIP_Yang2019_GSM3314736_trimV5.fastq.gz
Approx 60% complete for E14_12h_H3K9me2_ChIP_Yang2019_GSM3314736.fastq.gz
Approx 65% complete for E14_12h_H3K9me2_ChIP_Yang2019_GSM3314736_trimV5.fastq.gz
Approx 65% complete for E14_12h_H3K9me2_ChIP_Yang2019_GSM3314736.fastq.gz
Approx 70% complete for E14_12h_H3K9me2_ChIP_Yang2019_GSM3314736_trimV5.fastq.gz
Approx 70% complete for E14_12h_H3K9me2_ChIP_Yang2019_GSM3314736.fastq.gz
Approx 75% complete for E14_12h_H3K9me2_ChIP_Yang2019_GSM3314736_trimV5.fastq.gz
Approx 80% complete for E14_12h_H3K9me2_ChIP_Yang2019_GSM3314736_trimV5.fastq.gz
Approx 75% complete for E14_12h_H3K9me2_ChIP_Yang2019_GSM3314736.fastq.gz
Approx 85% complete for E14_12h_H3K9me2_ChIP_Yang2019_GSM3314736_trimV5.fastq.gz
Approx 80% complete for E14_12h_H3K9me2_ChIP_Yang2019_GSM3314736.fastq.gz
Approx 90% complete for E14_12h_H3K9me2_ChIP_Yang2019_GSM3314736_trimV5.fastq.gz
Approx 85% complete for E14_12h_H3K9me2_ChIP_Yang2019_GSM3314736.fastq.gz
Approx 95% complete for E14_12h_H3K9me2_ChIP_Yang2019_GSM3314736_trimV5.fastq.gz
Approx 90% complete for E14_12h_H3K9me2_ChIP_Yang2019_GSM3314736.fastq.gz
Analysis complete for E14_12h_H3K9me2_ChIP_Yang2019_GSM3314736_trimV5.fastq.gz
Approx 95% complete for E14_12h_H3K9me2_ChIP_Yang2019_GSM3314736.fastq.gz
Analysis complete for E14_12h_H3K9me2_ChIP_Yang2019_GSM3314736.fastq.gz
[fastQC] finished succesfully at [Wed Jul 3 07:25:54 PM CEST 2024]
[bowtie2 alignment] started with reference /data/reference_genomes/mm10/mm10 at [Wed Jul 3 07:25:54 PM CEST 2024]
[alignment] Bowtie2 alignment finished successfully at [Wed Jul 3 08:00:32 PM CEST 2024]
[sam grooming] started at [Wed Jul 3 08:02:22 PM CEST 2024]
20:02:23.003 INFO  NativeLibraryLoader - Loading libgkl_compression.so from jar:file:/home/robin/bin/miniconda3/share/picard-2.26.2-0/picard.jar!/com/intel/gkl/native/libgkl_compression.so
[Wed Jul 03 20:02:23 CEST 2024] CleanSam --INPUT E14_12h_H3K9me2_ChIP_Yang2019_GSM3314736_raw.sam --OUTPUT E14_12h_H3K9me2_ChIP_Yang2019_GSM3314736_cleaned.sam --TMP_DIR . --VERBOSITY INFO --QUIET false --VALIDATION_STRINGENCY STRICT --COMPRESSION_LEVEL 5 --MAX_RECORDS_IN_RAM 500000 --CREATE_INDEX false --CREATE_MD5_FILE false --GA4GH_CLIENT_SECRETS client_secrets.json --help false --version false --showHidden false --USE_JDK_DEFLATER false --USE_JDK_INFLATER false
[Wed Jul 03 20:02:23 CEST 2024] Executing as robin@epipax.ijm.univ-paris-diderot.priv on Linux 6.1.0-21-amd64 amd64; OpenJDK 64-Bit Server VM 1.8.0_332-b09; Deflater: Intel; Inflater: Intel; Provider GCS is not available; Picard version: Version:2.26.2
INFO	2024-07-03 20:02:23	CleanSam	Seen many non-increasing record positions. Printing Read-names as well.
INFO	2024-07-03 20:02:29	CleanSam	Processed     1,000,000 records.  Elapsed time: 00:00:05s.  Time for last 1,000,000:    5s.  Last read position: chrY:31,187,673.  Last read name: SRR7624424.58833967
INFO	2024-07-03 20:02:34	CleanSam	Processed     2,000,000 records.  Elapsed time: 00:00:11s.  Time for last 1,000,000:    5s.  Last read position: chr12:29,006,494.  Last read name: SRR7624424.46191775
INFO	2024-07-03 20:02:39	CleanSam	Processed     3,000,000 records.  Elapsed time: 00:00:16s.  Time for last 1,000,000:    5s.  Last read position: chr4:80,601,179.  Last read name: SRR7624424.38840682
INFO	2024-07-03 20:02:45	CleanSam	Processed     4,000,000 records.  Elapsed time: 00:00:21s.  Time for last 1,000,000:    5s.  Last read position: chr3:12,273,831.  Last read name: SRR7624424.8636807
INFO	2024-07-03 20:02:50	CleanSam	Processed     5,000,000 records.  Elapsed time: 00:00:27s.  Time for last 1,000,000:    5s.  Last read position: chr2:16,752,657.  Last read name: SRR7624424.50916168
INFO	2024-07-03 20:02:55	CleanSam	Processed     6,000,000 records.  Elapsed time: 00:00:32s.  Time for last 1,000,000:    5s.  Last read position: chr12:83,168,353.  Last read name: SRR7624424.15363815
INFO	2024-07-03 20:03:00	CleanSam	Processed     7,000,000 records.  Elapsed time: 00:00:37s.  Time for last 1,000,000:    5s.  Last read position: chr14:59,959,564.  Last read name: SRR7624424.25862008
INFO	2024-07-03 20:03:05	CleanSam	Processed     8,000,000 records.  Elapsed time: 00:00:42s.  Time for last 1,000,000:    5s.  Last read position: chr3:109,222,293.  Last read name: SRR7624424.9241264
INFO	2024-07-03 20:03:10	CleanSam	Processed     9,000,000 records.  Elapsed time: 00:00:47s.  Time for last 1,000,000:    5s.  Last read position: chr13:101,018,372.  Last read name: SRR7624424.25443263
INFO	2024-07-03 20:03:15	CleanSam	Processed    10,000,000 records.  Elapsed time: 00:00:52s.  Time for last 1,000,000:    5s.  Last read position: chr5:46,271,542.  Last read name: SRR7624424.32362646
INFO	2024-07-03 20:03:20	CleanSam	Processed    11,000,000 records.  Elapsed time: 00:00:57s.  Time for last 1,000,000:    4s.  Last read position: chr13:85,027,030.  Last read name: SRR7624424.47245401
INFO	2024-07-03 20:03:26	CleanSam	Processed    12,000,000 records.  Elapsed time: 00:01:02s.  Time for last 1,000,000:    5s.  Last read position: chr17:10,940,231.  Last read name: SRR7624424.49464023
INFO	2024-07-03 20:03:31	CleanSam	Processed    13,000,000 records.  Elapsed time: 00:01:07s.  Time for last 1,000,000:    4s.  Last read position: chr6:147,850,494.  Last read name: SRR7624424.33835330
INFO	2024-07-03 20:03:36	CleanSam	Processed    14,000,000 records.  Elapsed time: 00:01:12s.  Time for last 1,000,000:    4s.  Last read position: chr7:135,087,032.  Last read name: SRR7624424.34526309
INFO	2024-07-03 20:03:41	CleanSam	Processed    15,000,000 records.  Elapsed time: 00:01:17s.  Time for last 1,000,000:    5s.  Last read position: chr1:173,202,440.  Last read name: SRR7624424.1096251
INFO	2024-07-03 20:03:46	CleanSam	Processed    16,000,000 records.  Elapsed time: 00:01:22s.  Time for last 1,000,000:    4s.  Last read position: chr3:64,179,547.  Last read name: SRR7624424.30637100
INFO	2024-07-03 20:03:51	CleanSam	Processed    17,000,000 records.  Elapsed time: 00:01:28s.  Time for last 1,000,000:    5s.  Last read position: chr17:85,541,777.  Last read name: SRR7624424.49891075
INFO	2024-07-03 20:03:56	CleanSam	Processed    18,000,000 records.  Elapsed time: 00:01:33s.  Time for last 1,000,000:    5s.  Last read position: chr5:68,890,067.  Last read name: SRR7624424.10852999
INFO	2024-07-03 20:04:01	CleanSam	Processed    19,000,000 records.  Elapsed time: 00:01:38s.  Time for last 1,000,000:    5s.  Last read position: chr16:12,521,671.  Last read name: SRR7624424.26967533
INFO	2024-07-03 20:04:06	CleanSam	Processed    20,000,000 records.  Elapsed time: 00:01:43s.  Time for last 1,000,000:    5s.  Last read position: chrX:34,469,489.  Last read name: SRR7624424.62988478
INFO	2024-07-03 20:04:11	CleanSam	Processed    21,000,000 records.  Elapsed time: 00:01:48s.  Time for last 1,000,000:    4s.  Last read position: chr5:47,425,972.  Last read name: SRR7624424.10702657
INFO	2024-07-03 20:04:16	CleanSam	Processed    22,000,000 records.  Elapsed time: 00:01:53s.  Time for last 1,000,000:    5s.  Last read position: chr13:109,805,241.  Last read name: SRR7624424.25502991
INFO	2024-07-03 20:04:21	CleanSam	Processed    23,000,000 records.  Elapsed time: 00:01:58s.  Time for last 1,000,000:    4s.  Last read position: chr14:72,141,560.  Last read name: SRR7624424.25926155
INFO	2024-07-03 20:04:27	CleanSam	Processed    24,000,000 records.  Elapsed time: 00:02:03s.  Time for last 1,000,000:    5s.  Last read position: chr3:136,892,948.  Last read name: SRR7624424.9432802
INFO	2024-07-03 20:04:32	CleanSam	Processed    25,000,000 records.  Elapsed time: 00:02:09s.  Time for last 1,000,000:    5s.  Last read position: chr2:98,667,232.  Last read name: SRR7624424.8114085
INFO	2024-07-03 20:04:37	CleanSam	Processed    26,000,000 records.  Elapsed time: 00:02:14s.  Time for last 1,000,000:    5s.  Last read position: chr4:90,957,657.  Last read name: SRR7624424.31829080
INFO	2024-07-03 20:04:42	CleanSam	Processed    27,000,000 records.  Elapsed time: 00:02:19s.  Time for last 1,000,000:    5s.  Last read position: chr14:65,766,139.  Last read name: SRR7624424.64948556
INFO	2024-07-03 20:04:47	CleanSam	Processed    28,000,000 records.  Elapsed time: 00:02:24s.  Time for last 1,000,000:    4s.  Last read position: chrX:153,675,846.  Last read name: SRR7624424.58578342
INFO	2024-07-03 20:04:52	CleanSam	Processed    29,000,000 records.  Elapsed time: 00:02:29s.  Time for last 1,000,000:    5s.  Last read position: chr6:99,217,238.  Last read name: SRR7624424.33527849
INFO	2024-07-03 20:04:58	CleanSam	Processed    30,000,000 records.  Elapsed time: 00:02:34s.  Time for last 1,000,000:    5s.  Last read position: chr4:25,011,340.  Last read name: SRR7624424.53379751
INFO	2024-07-03 20:05:03	CleanSam	Processed    31,000,000 records.  Elapsed time: 00:02:40s.  Time for last 1,000,000:    5s.  Last read position: chr8:49,437,078.  Last read name: SRR7624424.13172263
INFO	2024-07-03 20:05:09	CleanSam	Processed    32,000,000 records.  Elapsed time: 00:02:45s.  Time for last 1,000,000:    5s.  Last read position: chr13:101,066,016.  Last read name: SRR7624424.38538321
INFO	2024-07-03 20:05:14	CleanSam	Processed    33,000,000 records.  Elapsed time: 00:02:51s.  Time for last 1,000,000:    5s.  Last read position: chr15:41,242,475.  Last read name: SRR7624424.4948687
INFO	2024-07-03 20:05:19	CleanSam	Processed    34,000,000 records.  Elapsed time: 00:02:56s.  Time for last 1,000,000:    5s.  Last read position: chr11:19,597,967.  Last read name: SRR7624424.45555788
INFO	2024-07-03 20:05:24	CleanSam	Processed    35,000,000 records.  Elapsed time: 00:03:01s.  Time for last 1,000,000:    5s.  Last read position: chr19:27,685,861.  Last read name: SRR7624424.7085377
INFO	2024-07-03 20:05:30	CleanSam	Processed    36,000,000 records.  Elapsed time: 00:03:06s.  Time for last 1,000,000:    5s.  Last read position: chr3:99,653,939.  Last read name: SRR7624424.30839624
INFO	2024-07-03 20:05:35	CleanSam	Processed    37,000,000 records.  Elapsed time: 00:03:11s.  Time for last 1,000,000:    5s.  Last read position: chr10:116,640,227.  Last read name: SRR7624424.1933165
INFO	2024-07-03 20:05:40	CleanSam	Processed    38,000,000 records.  Elapsed time: 00:03:17s.  Time for last 1,000,000:    5s.  Last read position: chr3:71,902,168.  Last read name: SRR7624424.52649730
INFO	2024-07-03 20:05:45	CleanSam	Processed    39,000,000 records.  Elapsed time: 00:03:22s.  Time for last 1,000,000:    5s.  Last read position: chrX:139,270,332.  Last read name: SRR7624424.14779180
INFO	2024-07-03 20:05:51	CleanSam	Processed    40,000,000 records.  Elapsed time: 00:03:28s.  Time for last 1,000,000:    5s.  Last read position: chr11:4,540,794.  Last read name: SRR7624424.2030840
INFO	2024-07-03 20:05:56	CleanSam	Processed    41,000,000 records.  Elapsed time: 00:03:33s.  Time for last 1,000,000:    5s.  Last read position: chr1:78,561,036.  Last read name: SRR7624424.494595
INFO	2024-07-03 20:06:01	CleanSam	Processed    42,000,000 records.  Elapsed time: 00:03:38s.  Time for last 1,000,000:    5s.  Last read position: chr15:39,483,863.  Last read name: SRR7624424.41081230
INFO	2024-07-03 20:06:06	CleanSam	Processed    43,000,000 records.  Elapsed time: 00:03:43s.  Time for last 1,000,000:    5s.  Last read position: chr10:5,293,765.  Last read name: SRR7624424.22771565
INFO	2024-07-03 20:06:12	CleanSam	Processed    44,000,000 records.  Elapsed time: 00:03:48s.  Time for last 1,000,000:    5s.  Last read position: chr5:7,609,636.  Last read name: SRR7624424.54119968
INFO	2024-07-03 20:06:17	CleanSam	Processed    45,000,000 records.  Elapsed time: 00:03:54s.  Time for last 1,000,000:    5s.  Last read position: chr12:88,953,561.  Last read name: SRR7624424.24665820
INFO	2024-07-03 20:06:22	CleanSam	Processed    46,000,000 records.  Elapsed time: 00:03:59s.  Time for last 1,000,000:    5s.  Last read position: chrX:106,793,069.  Last read name: SRR7624424.7103949
INFO	2024-07-03 20:06:27	CleanSam	Processed    47,000,000 records.  Elapsed time: 00:04:04s.  Time for last 1,000,000:    5s.  Last read position: chr15:68,152,096.  Last read name: SRR7624424.26732726
INFO	2024-07-03 20:06:33	CleanSam	Processed    48,000,000 records.  Elapsed time: 00:04:10s.  Time for last 1,000,000:    5s.  Last read position: chr4:5,467,645.  Last read name: SRR7624424.9619869
[Wed Jul 03 20:06:43 CEST 2024] picard.sam.CleanSam done. Elapsed time: 4.34 minutes.
Runtime.totalMemory()=1073217536
20:06:47.964 INFO  NativeLibraryLoader - Loading libgkl_compression.so from jar:file:/home/robin/bin/miniconda3/share/picard-2.26.2-0/picard.jar!/com/intel/gkl/native/libgkl_compression.so
[Wed Jul 03 20:06:48 CEST 2024] SamFormatConverter --INPUT E14_12h_H3K9me2_ChIP_Yang2019_GSM3314736_cleaned.sam --OUTPUT E14_12h_H3K9me2_ChIP_Yang2019_GSM3314736_unsorted.bam --TMP_DIR . --VERBOSITY INFO --QUIET false --VALIDATION_STRINGENCY STRICT --COMPRESSION_LEVEL 5 --MAX_RECORDS_IN_RAM 500000 --CREATE_INDEX false --CREATE_MD5_FILE false --GA4GH_CLIENT_SECRETS client_secrets.json --help false --version false --showHidden false --USE_JDK_DEFLATER false --USE_JDK_INFLATER false
[Wed Jul 03 20:06:48 CEST 2024] Executing as robin@epipax.ijm.univ-paris-diderot.priv on Linux 6.1.0-21-amd64 amd64; OpenJDK 64-Bit Server VM 1.8.0_332-b09; Deflater: Intel; Inflater: Intel; Provider GCS is not available; Picard version: Version:2.26.2
INFO	2024-07-03 20:06:49	SamFormatConverter	Seen many non-increasing record positions. Printing Read-names as well.
INFO	2024-07-03 20:06:58	SamFormatConverter	Processed     1,000,000 records.  Elapsed time: 00:00:09s.  Time for last 1,000,000:    9s.  Last read position: chrY:31,187,673.  Last read name: SRR7624424.58833967
INFO	2024-07-03 20:07:07	SamFormatConverter	Processed     2,000,000 records.  Elapsed time: 00:00:18s.  Time for last 1,000,000:    8s.  Last read position: chr12:29,006,494.  Last read name: SRR7624424.46191775
INFO	2024-07-03 20:07:15	SamFormatConverter	Processed     3,000,000 records.  Elapsed time: 00:00:26s.  Time for last 1,000,000:    8s.  Last read position: chr4:80,601,179.  Last read name: SRR7624424.38840682
INFO	2024-07-03 20:07:24	SamFormatConverter	Processed     4,000,000 records.  Elapsed time: 00:00:35s.  Time for last 1,000,000:    8s.  Last read position: chr3:12,273,831.  Last read name: SRR7624424.8636807
INFO	2024-07-03 20:07:33	SamFormatConverter	Processed     5,000,000 records.  Elapsed time: 00:00:44s.  Time for last 1,000,000:    8s.  Last read position: chr2:16,752,657.  Last read name: SRR7624424.50916168
INFO	2024-07-03 20:07:41	SamFormatConverter	Processed     6,000,000 records.  Elapsed time: 00:00:52s.  Time for last 1,000,000:    8s.  Last read position: chr12:83,168,353.  Last read name: SRR7624424.15363815
INFO	2024-07-03 20:07:50	SamFormatConverter	Processed     7,000,000 records.  Elapsed time: 00:01:01s.  Time for last 1,000,000:    8s.  Last read position: chr14:59,959,564.  Last read name: SRR7624424.25862008
INFO	2024-07-03 20:08:00	SamFormatConverter	Processed     8,000,000 records.  Elapsed time: 00:01:11s.  Time for last 1,000,000:    9s.  Last read position: chr3:109,222,293.  Last read name: SRR7624424.9241264
INFO	2024-07-03 20:08:09	SamFormatConverter	Processed     9,000,000 records.  Elapsed time: 00:01:19s.  Time for last 1,000,000:    8s.  Last read position: chr13:101,018,372.  Last read name: SRR7624424.25443263
INFO	2024-07-03 20:08:17	SamFormatConverter	Processed    10,000,000 records.  Elapsed time: 00:01:28s.  Time for last 1,000,000:    8s.  Last read position: chr5:46,271,542.  Last read name: SRR7624424.32362646
INFO	2024-07-03 20:08:26	SamFormatConverter	Processed    11,000,000 records.  Elapsed time: 00:01:36s.  Time for last 1,000,000:    8s.  Last read position: chr13:85,027,030.  Last read name: SRR7624424.47245401
INFO	2024-07-03 20:08:33	SamFormatConverter	Processed    12,000,000 records.  Elapsed time: 00:01:44s.  Time for last 1,000,000:    7s.  Last read position: chr17:10,940,231.  Last read name: SRR7624424.49464023
INFO	2024-07-03 20:08:41	SamFormatConverter	Processed    13,000,000 records.  Elapsed time: 00:01:52s.  Time for last 1,000,000:    8s.  Last read position: chr6:147,850,494.  Last read name: SRR7624424.33835330
INFO	2024-07-03 20:08:49	SamFormatConverter	Processed    14,000,000 records.  Elapsed time: 00:02:00s.  Time for last 1,000,000:    8s.  Last read position: chr7:135,087,032.  Last read name: SRR7624424.34526309
INFO	2024-07-03 20:08:58	SamFormatConverter	Processed    15,000,000 records.  Elapsed time: 00:02:09s.  Time for last 1,000,000:    8s.  Last read position: chr1:173,202,440.  Last read name: SRR7624424.1096251
INFO	2024-07-03 20:09:07	SamFormatConverter	Processed    16,000,000 records.  Elapsed time: 00:02:18s.  Time for last 1,000,000:    9s.  Last read position: chr3:64,179,547.  Last read name: SRR7624424.30637100
INFO	2024-07-03 20:09:16	SamFormatConverter	Processed    17,000,000 records.  Elapsed time: 00:02:27s.  Time for last 1,000,000:    8s.  Last read position: chr17:85,541,777.  Last read name: SRR7624424.49891075
INFO	2024-07-03 20:09:24	SamFormatConverter	Processed    18,000,000 records.  Elapsed time: 00:02:35s.  Time for last 1,000,000:    8s.  Last read position: chr5:68,890,067.  Last read name: SRR7624424.10852999
INFO	2024-07-03 20:09:32	SamFormatConverter	Processed    19,000,000 records.  Elapsed time: 00:02:43s.  Time for last 1,000,000:    8s.  Last read position: chr16:12,521,671.  Last read name: SRR7624424.26967533
INFO	2024-07-03 20:09:41	SamFormatConverter	Processed    20,000,000 records.  Elapsed time: 00:02:52s.  Time for last 1,000,000:    8s.  Last read position: chrX:34,469,489.  Last read name: SRR7624424.62988478
INFO	2024-07-03 20:09:50	SamFormatConverter	Processed    21,000,000 records.  Elapsed time: 00:03:00s.  Time for last 1,000,000:    8s.  Last read position: chr5:47,425,972.  Last read name: SRR7624424.10702657
INFO	2024-07-03 20:09:58	SamFormatConverter	Processed    22,000,000 records.  Elapsed time: 00:03:09s.  Time for last 1,000,000:    8s.  Last read position: chr13:109,805,241.  Last read name: SRR7624424.25502991
INFO	2024-07-03 20:10:07	SamFormatConverter	Processed    23,000,000 records.  Elapsed time: 00:03:18s.  Time for last 1,000,000:    8s.  Last read position: chr14:72,141,560.  Last read name: SRR7624424.25926155
INFO	2024-07-03 20:10:15	SamFormatConverter	Processed    24,000,000 records.  Elapsed time: 00:03:26s.  Time for last 1,000,000:    8s.  Last read position: chr3:136,892,948.  Last read name: SRR7624424.9432802
INFO	2024-07-03 20:10:23	SamFormatConverter	Processed    25,000,000 records.  Elapsed time: 00:03:34s.  Time for last 1,000,000:    8s.  Last read position: chr2:98,667,232.  Last read name: SRR7624424.8114085
INFO	2024-07-03 20:10:32	SamFormatConverter	Processed    26,000,000 records.  Elapsed time: 00:03:43s.  Time for last 1,000,000:    8s.  Last read position: chr4:90,957,657.  Last read name: SRR7624424.31829080
INFO	2024-07-03 20:10:41	SamFormatConverter	Processed    27,000,000 records.  Elapsed time: 00:03:51s.  Time for last 1,000,000:    8s.  Last read position: chr14:65,766,139.  Last read name: SRR7624424.64948556
INFO	2024-07-03 20:10:50	SamFormatConverter	Processed    28,000,000 records.  Elapsed time: 00:04:00s.  Time for last 1,000,000:    9s.  Last read position: chrX:153,675,846.  Last read name: SRR7624424.58578342
INFO	2024-07-03 20:10:58	SamFormatConverter	Processed    29,000,000 records.  Elapsed time: 00:04:09s.  Time for last 1,000,000:    8s.  Last read position: chr6:99,217,238.  Last read name: SRR7624424.33527849
INFO	2024-07-03 20:11:07	SamFormatConverter	Processed    30,000,000 records.  Elapsed time: 00:04:18s.  Time for last 1,000,000:    8s.  Last read position: chr4:25,011,340.  Last read name: SRR7624424.53379751
INFO	2024-07-03 20:11:15	SamFormatConverter	Processed    31,000,000 records.  Elapsed time: 00:04:26s.  Time for last 1,000,000:    8s.  Last read position: chr8:49,437,078.  Last read name: SRR7624424.13172263
INFO	2024-07-03 20:11:24	SamFormatConverter	Processed    32,000,000 records.  Elapsed time: 00:04:35s.  Time for last 1,000,000:    8s.  Last read position: chr13:101,066,016.  Last read name: SRR7624424.38538321
INFO	2024-07-03 20:11:33	SamFormatConverter	Processed    33,000,000 records.  Elapsed time: 00:04:44s.  Time for last 1,000,000:    9s.  Last read position: chr15:41,242,475.  Last read name: SRR7624424.4948687
INFO	2024-07-03 20:11:42	SamFormatConverter	Processed    34,000,000 records.  Elapsed time: 00:04:53s.  Time for last 1,000,000:    8s.  Last read position: chr11:19,597,967.  Last read name: SRR7624424.45555788
INFO	2024-07-03 20:11:50	SamFormatConverter	Processed    35,000,000 records.  Elapsed time: 00:05:01s.  Time for last 1,000,000:    8s.  Last read position: chr19:27,685,861.  Last read name: SRR7624424.7085377
INFO	2024-07-03 20:11:59	SamFormatConverter	Processed    36,000,000 records.  Elapsed time: 00:05:10s.  Time for last 1,000,000:    8s.  Last read position: chr3:99,653,939.  Last read name: SRR7624424.30839624
INFO	2024-07-03 20:12:08	SamFormatConverter	Processed    37,000,000 records.  Elapsed time: 00:05:19s.  Time for last 1,000,000:    9s.  Last read position: chr10:116,640,227.  Last read name: SRR7624424.1933165
INFO	2024-07-03 20:12:16	SamFormatConverter	Processed    38,000,000 records.  Elapsed time: 00:05:27s.  Time for last 1,000,000:    8s.  Last read position: chr3:71,902,168.  Last read name: SRR7624424.52649730
INFO	2024-07-03 20:12:26	SamFormatConverter	Processed    39,000,000 records.  Elapsed time: 00:05:36s.  Time for last 1,000,000:    9s.  Last read position: chrX:139,270,332.  Last read name: SRR7624424.14779180
INFO	2024-07-03 20:12:35	SamFormatConverter	Processed    40,000,000 records.  Elapsed time: 00:05:45s.  Time for last 1,000,000:    9s.  Last read position: chr11:4,540,794.  Last read name: SRR7624424.2030840
INFO	2024-07-03 20:12:44	SamFormatConverter	Processed    41,000,000 records.  Elapsed time: 00:05:54s.  Time for last 1,000,000:    9s.  Last read position: chr1:78,561,036.  Last read name: SRR7624424.494595
INFO	2024-07-03 20:12:52	SamFormatConverter	Processed    42,000,000 records.  Elapsed time: 00:06:03s.  Time for last 1,000,000:    8s.  Last read position: chr15:39,483,863.  Last read name: SRR7624424.41081230
INFO	2024-07-03 20:13:01	SamFormatConverter	Processed    43,000,000 records.  Elapsed time: 00:06:11s.  Time for last 1,000,000:    8s.  Last read position: chr10:5,293,765.  Last read name: SRR7624424.22771565
INFO	2024-07-03 20:13:10	SamFormatConverter	Processed    44,000,000 records.  Elapsed time: 00:06:20s.  Time for last 1,000,000:    9s.  Last read position: chr5:7,609,636.  Last read name: SRR7624424.54119968
INFO	2024-07-03 20:13:18	SamFormatConverter	Processed    45,000,000 records.  Elapsed time: 00:06:29s.  Time for last 1,000,000:    8s.  Last read position: chr12:88,953,561.  Last read name: SRR7624424.24665820
INFO	2024-07-03 20:13:27	SamFormatConverter	Processed    46,000,000 records.  Elapsed time: 00:06:38s.  Time for last 1,000,000:    8s.  Last read position: chrX:106,793,069.  Last read name: SRR7624424.7103949
INFO	2024-07-03 20:13:37	SamFormatConverter	Processed    47,000,000 records.  Elapsed time: 00:06:48s.  Time for last 1,000,000:   10s.  Last read position: chr15:68,152,096.  Last read name: SRR7624424.26732726
INFO	2024-07-03 20:13:48	SamFormatConverter	Processed    48,000,000 records.  Elapsed time: 00:06:58s.  Time for last 1,000,000:   10s.  Last read position: chr4:5,467,645.  Last read name: SRR7624424.9619869
[Wed Jul 03 20:13:49 CEST 2024] picard.sam.SamFormatConverter done. Elapsed time: 7.02 minutes.
Runtime.totalMemory()=988282880
20:13:52.032 INFO  NativeLibraryLoader - Loading libgkl_compression.so from jar:file:/home/robin/bin/miniconda3/share/picard-2.26.2-0/picard.jar!/com/intel/gkl/native/libgkl_compression.so
[Wed Jul 03 20:13:52 CEST 2024] SortSam --INPUT E14_12h_H3K9me2_ChIP_Yang2019_GSM3314736_unsorted.bam --OUTPUT E14_12h_H3K9me2_ChIP_Yang2019_GSM3314736_sorted.bam --SORT_ORDER coordinate --TMP_DIR . --VERBOSITY INFO --QUIET false --VALIDATION_STRINGENCY STRICT --COMPRESSION_LEVEL 5 --MAX_RECORDS_IN_RAM 500000 --CREATE_INDEX false --CREATE_MD5_FILE false --GA4GH_CLIENT_SECRETS client_secrets.json --help false --version false --showHidden false --USE_JDK_DEFLATER false --USE_JDK_INFLATER false
[Wed Jul 03 20:13:52 CEST 2024] Executing as robin@epipax.ijm.univ-paris-diderot.priv on Linux 6.1.0-21-amd64 amd64; OpenJDK 64-Bit Server VM 1.8.0_332-b09; Deflater: Intel; Inflater: Intel; Provider GCS is not available; Picard version: Version:2.26.2
INFO	2024-07-03 20:13:52	SortSam	Seen many non-increasing record positions. Printing Read-names as well.
INFO	2024-07-03 20:15:13	SortSam	Read    10,000,000 records.  Elapsed time: 00:01:21s.  Time for last 10,000,000:   81s.  Last read position: chr5:46,271,542.  Last read name: SRR7624424.32362646
INFO	2024-07-03 20:16:31	SortSam	Read    20,000,000 records.  Elapsed time: 00:02:38s.  Time for last 10,000,000:   77s.  Last read position: chrX:34,469,489.  Last read name: SRR7624424.62988478
INFO	2024-07-03 20:17:46	SortSam	Read    30,000,000 records.  Elapsed time: 00:03:53s.  Time for last 10,000,000:   75s.  Last read position: chr4:25,011,340.  Last read name: SRR7624424.53379751
INFO	2024-07-03 20:18:57	SortSam	Read    40,000,000 records.  Elapsed time: 00:05:04s.  Time for last 10,000,000:   70s.  Last read position: chr11:4,540,794.  Last read name: SRR7624424.2030840
INFO	2024-07-03 20:19:52	SortSam	Finished reading inputs, merging and writing to output now.
INFO	2024-07-03 20:20:41	SortSam	Wrote    10,000,000 records from a sorting collection.  Elapsed time: 00:06:48s.  Time for last 10,000,000:   46s.  Last read position: chr3:143,963,380
INFO	2024-07-03 20:21:25	SortSam	Wrote    20,000,000 records from a sorting collection.  Elapsed time: 00:07:33s.  Time for last 10,000,000:   44s.  Last read position: chr7:95,394,846
INFO	2024-07-03 20:22:10	SortSam	Wrote    30,000,000 records from a sorting collection.  Elapsed time: 00:08:17s.  Time for last 10,000,000:   44s.  Last read position: chr12:19,492,093
INFO	2024-07-03 20:22:56	SortSam	Wrote    40,000,000 records from a sorting collection.  Elapsed time: 00:09:03s.  Time for last 10,000,000:   45s.  Last read position: chr16:83,701,062
[Wed Jul 03 20:23:34 CEST 2024] picard.sam.SortSam done. Elapsed time: 9.71 minutes.
Runtime.totalMemory()=1735917568
20:23:35.510 INFO  NativeLibraryLoader - Loading libgkl_compression.so from jar:file:/home/robin/bin/miniconda3/share/picard-2.26.2-0/picard.jar!/com/intel/gkl/native/libgkl_compression.so
[Wed Jul 03 20:23:35 CEST 2024] MarkDuplicates --INPUT E14_12h_H3K9me2_ChIP_Yang2019_GSM3314736_sorted.bam --OUTPUT E14_12h_H3K9me2_ChIP_Yang2019_GSM3314736.bam --METRICS_FILE E14_12h_H3K9me2_ChIP_Yang2019_GSM3314736_markDupeMetrics.txt --REMOVE_DUPLICATES false --TMP_DIR . --MAX_SEQUENCES_FOR_DISK_READ_ENDS_MAP 50000 --MAX_FILE_HANDLES_FOR_READ_ENDS_MAP 8000 --SORTING_COLLECTION_SIZE_RATIO 0.25 --TAG_DUPLICATE_SET_MEMBERS false --REMOVE_SEQUENCING_DUPLICATES false --TAGGING_POLICY DontTag --CLEAR_DT true --DUPLEX_UMI false --ADD_PG_TAG_TO_READS true --ASSUME_SORTED false --DUPLICATE_SCORING_STRATEGY SUM_OF_BASE_QUALITIES --PROGRAM_RECORD_ID MarkDuplicates --PROGRAM_GROUP_NAME MarkDuplicates --READ_NAME_REGEX <optimized capture of last three ':' separated fields as numeric values> --OPTICAL_DUPLICATE_PIXEL_DISTANCE 100 --MAX_OPTICAL_DUPLICATE_SET_SIZE 300000 --VERBOSITY INFO --QUIET false --VALIDATION_STRINGENCY STRICT --COMPRESSION_LEVEL 5 --MAX_RECORDS_IN_RAM 500000 --CREATE_INDEX false --CREATE_MD5_FILE false --GA4GH_CLIENT_SECRETS client_secrets.json --help false --version false --showHidden false --USE_JDK_DEFLATER false --USE_JDK_INFLATER false
[Wed Jul 03 20:23:35 CEST 2024] Executing as robin@epipax.ijm.univ-paris-diderot.priv on Linux 6.1.0-21-amd64 amd64; OpenJDK 64-Bit Server VM 1.8.0_332-b09; Deflater: Intel; Inflater: Intel; Provider GCS is not available; Picard version: Version:2.26.2
INFO	2024-07-03 20:23:35	MarkDuplicates	Start of doWork freeMemory: 501501112; totalMemory: 514850816; maxMemory: 1908932608
INFO	2024-07-03 20:23:35	MarkDuplicates	Reading input file and constructing read end information.
INFO	2024-07-03 20:23:35	MarkDuplicates	Will retain up to 6916422 data points before spilling to disk.
WARNING	2024-07-03 20:23:36	AbstractOpticalDuplicateFinderCommandLineProgram	A field field parsed out of a read name was expected to contain an integer and did not. Read name: SRR7624424.37869159. Cause: String 'SRR7624424.37869159' did not start with a parsable number.
INFO	2024-07-03 20:23:40	MarkDuplicates	Read     1,000,000 records.  Elapsed time: 00:00:04s.  Time for last 1,000,000:    4s.  Last read position: chr1:50,777,205
INFO	2024-07-03 20:23:40	MarkDuplicates	Tracking 0 as yet unmatched pairs. 0 records in RAM.
INFO	2024-07-03 20:23:44	MarkDuplicates	Read     2,000,000 records.  Elapsed time: 00:00:07s.  Time for last 1,000,000:    3s.  Last read position: chr1:102,860,661
INFO	2024-07-03 20:23:44	MarkDuplicates	Tracking 0 as yet unmatched pairs. 0 records in RAM.
INFO	2024-07-03 20:23:47	MarkDuplicates	Read     3,000,000 records.  Elapsed time: 00:00:11s.  Time for last 1,000,000:    3s.  Last read position: chr1:153,310,410
INFO	2024-07-03 20:23:47	MarkDuplicates	Tracking 0 as yet unmatched pairs. 0 records in RAM.
INFO	2024-07-03 20:23:52	MarkDuplicates	Read     4,000,000 records.  Elapsed time: 00:00:16s.  Time for last 1,000,000:    4s.  Last read position: chr2:15,419,189
INFO	2024-07-03 20:23:52	MarkDuplicates	Tracking 0 as yet unmatched pairs. 0 records in RAM.
INFO	2024-07-03 20:23:56	MarkDuplicates	Read     5,000,000 records.  Elapsed time: 00:00:20s.  Time for last 1,000,000:    4s.  Last read position: chr2:72,595,788
INFO	2024-07-03 20:23:56	MarkDuplicates	Tracking 0 as yet unmatched pairs. 0 records in RAM.
INFO	2024-07-03 20:23:59	MarkDuplicates	Read     6,000,000 records.  Elapsed time: 00:00:23s.  Time for last 1,000,000:    3s.  Last read position: chr2:109,044,001
INFO	2024-07-03 20:23:59	MarkDuplicates	Tracking 0 as yet unmatched pairs. 0 records in RAM.
INFO	2024-07-03 20:24:06	MarkDuplicates	Read     7,000,000 records.  Elapsed time: 00:00:29s.  Time for last 1,000,000:    6s.  Last read position: chr2:170,118,430
INFO	2024-07-03 20:24:06	MarkDuplicates	Tracking 0 as yet unmatched pairs. 0 records in RAM.
INFO	2024-07-03 20:24:09	MarkDuplicates	Read     8,000,000 records.  Elapsed time: 00:00:33s.  Time for last 1,000,000:    3s.  Last read position: chr3:42,171,470
INFO	2024-07-03 20:24:09	MarkDuplicates	Tracking 0 as yet unmatched pairs. 0 records in RAM.
INFO	2024-07-03 20:24:12	MarkDuplicates	Read     9,000,000 records.  Elapsed time: 00:00:36s.  Time for last 1,000,000:    3s.  Last read position: chr3:92,335,068
INFO	2024-07-03 20:24:12	MarkDuplicates	Tracking 0 as yet unmatched pairs. 0 records in RAM.
INFO	2024-07-03 20:24:16	MarkDuplicates	Read    10,000,000 records.  Elapsed time: 00:00:40s.  Time for last 1,000,000:    3s.  Last read position: chr3:143,963,380
INFO	2024-07-03 20:24:16	MarkDuplicates	Tracking 0 as yet unmatched pairs. 0 records in RAM.
INFO	2024-07-03 20:24:20	MarkDuplicates	Read    11,000,000 records.  Elapsed time: 00:00:43s.  Time for last 1,000,000:    3s.  Last read position: chr4:33,607,416
INFO	2024-07-03 20:24:20	MarkDuplicates	Tracking 0 as yet unmatched pairs. 0 records in RAM.
INFO	2024-07-03 20:24:26	MarkDuplicates	Read    12,000,000 records.  Elapsed time: 00:00:50s.  Time for last 1,000,000:    6s.  Last read position: chr4:84,239,998
INFO	2024-07-03 20:24:26	MarkDuplicates	Tracking 0 as yet unmatched pairs. 0 records in RAM.
INFO	2024-07-03 20:24:30	MarkDuplicates	Read    13,000,000 records.  Elapsed time: 00:00:54s.  Time for last 1,000,000:    3s.  Last read position: chr4:153,446,454
INFO	2024-07-03 20:24:30	MarkDuplicates	Tracking 0 as yet unmatched pairs. 0 records in RAM.
INFO	2024-07-03 20:24:36	MarkDuplicates	Read    14,000,000 records.  Elapsed time: 00:00:59s.  Time for last 1,000,000:    5s.  Last read position: chr5:52,586,342
INFO	2024-07-03 20:24:36	MarkDuplicates	Tracking 0 as yet unmatched pairs. 0 records in RAM.
INFO	2024-07-03 20:24:39	MarkDuplicates	Read    15,000,000 records.  Elapsed time: 00:01:03s.  Time for last 1,000,000:    3s.  Last read position: chr5:104,264,291
INFO	2024-07-03 20:24:39	MarkDuplicates	Tracking 0 as yet unmatched pairs. 0 records in RAM.
INFO	2024-07-03 20:24:43	MarkDuplicates	Read    16,000,000 records.  Elapsed time: 00:01:06s.  Time for last 1,000,000:    3s.  Last read position: chr6:22,165,703
INFO	2024-07-03 20:24:43	MarkDuplicates	Tracking 0 as yet unmatched pairs. 0 records in RAM.
INFO	2024-07-03 20:24:46	MarkDuplicates	Read    17,000,000 records.  Elapsed time: 00:01:10s.  Time for last 1,000,000:    3s.  Last read position: chr6:76,185,380
INFO	2024-07-03 20:24:46	MarkDuplicates	Tracking 0 as yet unmatched pairs. 0 records in RAM.
INFO	2024-07-03 20:24:51	MarkDuplicates	Read    18,000,000 records.  Elapsed time: 00:01:15s.  Time for last 1,000,000:    5s.  Last read position: chr6:131,870,534
INFO	2024-07-03 20:24:51	MarkDuplicates	Tracking 0 as yet unmatched pairs. 0 records in RAM.
INFO	2024-07-03 20:24:55	MarkDuplicates	Read    19,000,000 records.  Elapsed time: 00:01:19s.  Time for last 1,000,000:    3s.  Last read position: chr7:42,166,881
INFO	2024-07-03 20:24:55	MarkDuplicates	Tracking 0 as yet unmatched pairs. 0 records in RAM.
INFO	2024-07-03 20:24:59	MarkDuplicates	Read    20,000,000 records.  Elapsed time: 00:01:22s.  Time for last 1,000,000:    3s.  Last read position: chr7:95,394,846
INFO	2024-07-03 20:24:59	MarkDuplicates	Tracking 0 as yet unmatched pairs. 0 records in RAM.
INFO	2024-07-03 20:25:05	MarkDuplicates	Read    21,000,000 records.  Elapsed time: 00:01:29s.  Time for last 1,000,000:    6s.  Last read position: chr8:14,631,170
INFO	2024-07-03 20:25:05	MarkDuplicates	Tracking 0 as yet unmatched pairs. 0 records in RAM.
INFO	2024-07-03 20:25:09	MarkDuplicates	Read    22,000,000 records.  Elapsed time: 00:01:33s.  Time for last 1,000,000:    4s.  Last read position: chr8:62,519,681
INFO	2024-07-03 20:25:09	MarkDuplicates	Tracking 0 as yet unmatched pairs. 0 records in RAM.
INFO	2024-07-03 20:25:12	MarkDuplicates	Read    23,000,000 records.  Elapsed time: 00:01:36s.  Time for last 1,000,000:    3s.  Last read position: chr8:117,637,695
INFO	2024-07-03 20:25:12	MarkDuplicates	Tracking 0 as yet unmatched pairs. 0 records in RAM.
INFO	2024-07-03 20:25:19	MarkDuplicates	Read    24,000,000 records.  Elapsed time: 00:01:42s.  Time for last 1,000,000:    6s.  Last read position: chr9:34,923,010
INFO	2024-07-03 20:25:19	MarkDuplicates	Tracking 0 as yet unmatched pairs. 0 records in RAM.
INFO	2024-07-03 20:25:22	MarkDuplicates	Read    25,000,000 records.  Elapsed time: 00:01:46s.  Time for last 1,000,000:    3s.  Last read position: chr9:94,746,561
INFO	2024-07-03 20:25:22	MarkDuplicates	Tracking 0 as yet unmatched pairs. 0 records in RAM.
INFO	2024-07-03 20:25:25	MarkDuplicates	Read    26,000,000 records.  Elapsed time: 00:01:49s.  Time for last 1,000,000:    3s.  Last read position: chr10:31,495,241
INFO	2024-07-03 20:25:25	MarkDuplicates	Tracking 0 as yet unmatched pairs. 0 records in RAM.
INFO	2024-07-03 20:25:29	MarkDuplicates	Read    27,000,000 records.  Elapsed time: 00:01:53s.  Time for last 1,000,000:    3s.  Last read position: chr10:87,877,671
INFO	2024-07-03 20:25:29	MarkDuplicates	Tracking 0 as yet unmatched pairs. 0 records in RAM.
INFO	2024-07-03 20:25:35	MarkDuplicates	Read    28,000,000 records.  Elapsed time: 00:01:59s.  Time for last 1,000,000:    5s.  Last read position: chr11:11,123,739
INFO	2024-07-03 20:25:35	MarkDuplicates	Tracking 0 as yet unmatched pairs. 0 records in RAM.
INFO	2024-07-03 20:25:38	MarkDuplicates	Read    29,000,000 records.  Elapsed time: 00:02:02s.  Time for last 1,000,000:    3s.  Last read position: chr11:66,412,505
INFO	2024-07-03 20:25:38	MarkDuplicates	Tracking 0 as yet unmatched pairs. 0 records in RAM.
INFO	2024-07-03 20:25:42	MarkDuplicates	Read    30,000,000 records.  Elapsed time: 00:02:06s.  Time for last 1,000,000:    3s.  Last read position: chr12:19,492,093
INFO	2024-07-03 20:25:42	MarkDuplicates	Tracking 0 as yet unmatched pairs. 0 records in RAM.
INFO	2024-07-03 20:25:46	MarkDuplicates	Read    31,000,000 records.  Elapsed time: 00:02:10s.  Time for last 1,000,000:    3s.  Last read position: chr12:70,837,804
INFO	2024-07-03 20:25:46	MarkDuplicates	Tracking 0 as yet unmatched pairs. 0 records in RAM.
INFO	2024-07-03 20:25:50	MarkDuplicates	Read    32,000,000 records.  Elapsed time: 00:02:14s.  Time for last 1,000,000:    4s.  Last read position: chr13:10,904,158
INFO	2024-07-03 20:25:50	MarkDuplicates	Tracking 0 as yet unmatched pairs. 0 records in RAM.
INFO	2024-07-03 20:25:54	MarkDuplicates	Read    33,000,000 records.  Elapsed time: 00:02:18s.  Time for last 1,000,000:    3s.  Last read position: chr13:66,171,154
INFO	2024-07-03 20:25:54	MarkDuplicates	Tracking 0 as yet unmatched pairs. 0 records in RAM.
INFO	2024-07-03 20:25:57	MarkDuplicates	Read    34,000,000 records.  Elapsed time: 00:02:21s.  Time for last 1,000,000:    3s.  Last read position: chr13:117,515,971
INFO	2024-07-03 20:25:57	MarkDuplicates	Tracking 0 as yet unmatched pairs. 0 records in RAM.
INFO	2024-07-03 20:26:04	MarkDuplicates	Read    35,000,000 records.  Elapsed time: 00:02:28s.  Time for last 1,000,000:    6s.  Last read position: chr14:39,537,865
INFO	2024-07-03 20:26:04	MarkDuplicates	Tracking 0 as yet unmatched pairs. 0 records in RAM.
INFO	2024-07-03 20:26:08	MarkDuplicates	Read    36,000,000 records.  Elapsed time: 00:02:32s.  Time for last 1,000,000:    4s.  Last read position: chr14:94,647,301
INFO	2024-07-03 20:26:08	MarkDuplicates	Tracking 0 as yet unmatched pairs. 0 records in RAM.
INFO	2024-07-03 20:26:12	MarkDuplicates	Read    37,000,000 records.  Elapsed time: 00:02:36s.  Time for last 1,000,000:    3s.  Last read position: chr15:20,749,586
INFO	2024-07-03 20:26:12	MarkDuplicates	Tracking 0 as yet unmatched pairs. 0 records in RAM.
INFO	2024-07-03 20:26:15	MarkDuplicates	Read    38,000,000 records.  Elapsed time: 00:02:39s.  Time for last 1,000,000:    3s.  Last read position: chr15:70,117,876
INFO	2024-07-03 20:26:15	MarkDuplicates	Tracking 0 as yet unmatched pairs. 0 records in RAM.
INFO	2024-07-03 20:26:18	MarkDuplicates	Read    39,000,000 records.  Elapsed time: 00:02:42s.  Time for last 1,000,000:    3s.  Last read position: chr16:34,796,097
INFO	2024-07-03 20:26:18	MarkDuplicates	Tracking 0 as yet unmatched pairs. 0 records in RAM.
INFO	2024-07-03 20:26:22	MarkDuplicates	Read    40,000,000 records.  Elapsed time: 00:02:46s.  Time for last 1,000,000:    3s.  Last read position: chr16:83,701,062
INFO	2024-07-03 20:26:22	MarkDuplicates	Tracking 0 as yet unmatched pairs. 0 records in RAM.
INFO	2024-07-03 20:26:28	MarkDuplicates	Read    41,000,000 records.  Elapsed time: 00:02:51s.  Time for last 1,000,000:    5s.  Last read position: chr17:50,102,793
INFO	2024-07-03 20:26:28	MarkDuplicates	Tracking 0 as yet unmatched pairs. 0 records in RAM.
INFO	2024-07-03 20:26:34	MarkDuplicates	Read    42,000,000 records.  Elapsed time: 00:02:58s.  Time for last 1,000,000:    6s.  Last read position: chr18:9,136,905
INFO	2024-07-03 20:26:34	MarkDuplicates	Tracking 0 as yet unmatched pairs. 0 records in RAM.
INFO	2024-07-03 20:26:38	MarkDuplicates	Read    43,000,000 records.  Elapsed time: 00:03:02s.  Time for last 1,000,000:    3s.  Last read position: chr18:62,141,714
INFO	2024-07-03 20:26:38	MarkDuplicates	Tracking 0 as yet unmatched pairs. 0 records in RAM.
INFO	2024-07-03 20:26:41	MarkDuplicates	Read    44,000,000 records.  Elapsed time: 00:03:05s.  Time for last 1,000,000:    3s.  Last read position: chr19:32,191,617
INFO	2024-07-03 20:26:41	MarkDuplicates	Tracking 0 as yet unmatched pairs. 0 records in RAM.
INFO	2024-07-03 20:26:45	MarkDuplicates	Read    45,000,000 records.  Elapsed time: 00:03:09s.  Time for last 1,000,000:    3s.  Last read position: chrX:49,585,236
INFO	2024-07-03 20:26:45	MarkDuplicates	Tracking 0 as yet unmatched pairs. 0 records in RAM.
INFO	2024-07-03 20:26:49	MarkDuplicates	Read    46,000,000 records.  Elapsed time: 00:03:13s.  Time for last 1,000,000:    3s.  Last read position: chrX:143,353,440
INFO	2024-07-03 20:26:49	MarkDuplicates	Tracking 0 as yet unmatched pairs. 0 records in RAM.
INFO	2024-07-03 20:26:53	MarkDuplicates	Read    47,000,000 records.  Elapsed time: 00:03:16s.  Time for last 1,000,000:    3s.  Last read position: chrY:74,433,552
INFO	2024-07-03 20:26:53	MarkDuplicates	Tracking 0 as yet unmatched pairs. 0 records in RAM.
INFO	2024-07-03 20:26:55	MarkDuplicates	Read 47543998 records. 0 pairs never matched.
INFO	2024-07-03 20:26:57	MarkDuplicates	After buildSortedReadEndLists freeMemory: 1767104368; totalMemory: 1812463616; maxMemory: 1908932608
INFO	2024-07-03 20:26:57	MarkDuplicates	Will retain up to 59654144 duplicate indices before spilling to disk.
INFO	2024-07-03 20:26:57	MarkDuplicates	Traversing read pair information and detecting duplicates.
INFO	2024-07-03 20:26:57	MarkDuplicates	Traversing fragment information and detecting duplicates.
INFO	2024-07-03 20:27:09	MarkDuplicates	Sorting list of duplicate records.
INFO	2024-07-03 20:27:10	MarkDuplicates	After generateDuplicateIndexes freeMemory: 1312786736; totalMemory: 1807220736; maxMemory: 1908932608
INFO	2024-07-03 20:27:10	MarkDuplicates	Marking 922365 records as duplicates.
INFO	2024-07-03 20:27:10	MarkDuplicates	Found 0 optical duplicate clusters.
INFO	2024-07-03 20:27:10	MarkDuplicates	Reads are assumed to be ordered by: coordinate
INFO	2024-07-03 20:28:23	MarkDuplicates	Written    10,000,000 records.  Elapsed time: 00:01:13s.  Time for last 10,000,000:   73s.  Last read position: chr3:143,963,380
INFO	2024-07-03 20:29:34	MarkDuplicates	Written    20,000,000 records.  Elapsed time: 00:02:24s.  Time for last 10,000,000:   71s.  Last read position: chr7:95,394,846
INFO	2024-07-03 20:30:39	MarkDuplicates	Written    30,000,000 records.  Elapsed time: 00:03:29s.  Time for last 10,000,000:   64s.  Last read position: chr12:19,492,093
INFO	2024-07-03 20:31:50	MarkDuplicates	Written    40,000,000 records.  Elapsed time: 00:04:40s.  Time for last 10,000,000:   70s.  Last read position: chr16:83,701,062
INFO	2024-07-03 20:32:43	MarkDuplicates	Writing complete. Closing input iterator.
INFO	2024-07-03 20:32:43	MarkDuplicates	Duplicate Index cleanup.
INFO	2024-07-03 20:32:43	MarkDuplicates	Getting Memory Stats.
INFO	2024-07-03 20:32:43	MarkDuplicates	Before output close freeMemory: 1821485504; totalMemory: 1840250880; maxMemory: 1908932608
INFO	2024-07-03 20:32:45	MarkDuplicates	Closed outputs. Getting more Memory Stats.
INFO	2024-07-03 20:32:45	MarkDuplicates	After output close freeMemory: 1821485504; totalMemory: 1840250880; maxMemory: 1908932608
[Wed Jul 03 20:32:45 CEST 2024] picard.sam.markduplicates.MarkDuplicates done. Elapsed time: 9.17 minutes.
Runtime.totalMemory()=1840250880
[sam grooming] finished successfully at [Wed Jul 3 08:32:57 PM CEST 2024]
[trueStats] Collecting alignment statistics for E14_12h_H3K9me2_ChIP_Yang2019_GSM3314736.bam at [Wed Jul 3 08:34:01 PM CEST 2024]
[bamToWigCPMsmoothKeepDup] Started with bin size: 1 and smoothing over 0 bp and KEEPING DUPLICATES at [Wed Jul 3 08:37:48 PM CEST 2024]
There are 44837265 alignments, of which 764611 are completely within a blacklist region.
Due to filtering, 86.7388900075285% of the aforementioned alignments will be used 38228130.87645861
[bamToWigCPMsmoothKeepDup] finished successfully at [Wed Jul 3 08:58:27 PM CEST 2024]
[file cleanup] started. Good job! at [Wed Jul 3 08:58:27 PM CEST 2024]
cp: cannot stat '*.pdf': No such file or directory
mv: cannot stat '*.bed': No such file or directory
mv: preserving times for '/data/bigWigs/E14_12h_H3K9me2_ChIP_Yang2019_GSM3314736_trimV5_mm10_kpDup_q10_b1_s0_CPM.bw': Operation not permitted
mv: preserving permissions for /data/bigWigs/E14_12h_H3K9me2_ChIP_Yang2019_GSM3314736_trimV5_mm10_kpDup_q10_b1_s0_CPM.bw: Operation not permitted
mv: preserving times for '/data/bams/E14_12h_H3K9me2_ChIP_Yang2019_GSM3314736_trimV5_mm10.bam': Operation not permitted
mv: preserving permissions for /data/bams/E14_12h_H3K9me2_ChIP_Yang2019_GSM3314736_trimV5_mm10.bam: Operation not permitted
mv: preserving times for '/data/bams/E14_12h_H3K9me2_ChIP_Yang2019_GSM3314736_trimV5_mm10.bam.bai': Operation not permitted
mv: preserving permissions for /data/bams/E14_12h_H3K9me2_ChIP_Yang2019_GSM3314736_trimV5_mm10.bam.bai: Operation not permitted
mv: cannot stat '*.gtf': No such file or directory
