SCRATCH: /scratch
ls: cannot access '/data/fastq/CD1_E12.5_brain_L3mbtl3_WT_RNA_Ilnytskyy2021_GSM5416466*_R2.fastq.gz': No such file or directory
[masterDownload] Data are single-end. at [Fri Aug 30 05:25:23 PM CEST 2024]
[checkDependencies] Checking Dependencies [Fri Aug 30 05:25:23 PM CEST 2024] at [Fri Aug 30 05:25:23 PM CEST 2024]
[setup checkDependencies] trimmomatic... at [Fri Aug 30 05:25:23 PM CEST 2024]
[setup checkDependencies] STAR... at [Fri Aug 30 05:25:23 PM CEST 2024]
[setup checkDependencies] bismark... at [Fri Aug 30 05:25:23 PM CEST 2024]
[setup checkDependencies] bowtie2... at [Fri Aug 30 05:25:23 PM CEST 2024]
[setup checkDependencies] samtools... at [Fri Aug 30 05:25:23 PM CEST 2024]
[setup checkDependencies] picard... at [Fri Aug 30 05:25:23 PM CEST 2024]
[setup checkDependencies] awk... at [Fri Aug 30 05:25:23 PM CEST 2024]
[setup checkDependencies] bamCoverage... at [Fri Aug 30 05:25:23 PM CEST 2024]
[setup checkDependencies] fastqc... at [Fri Aug 30 05:25:23 PM CEST 2024]
[setup checkDependencies] fastq_screen... at [Fri Aug 30 05:25:23 PM CEST 2024]
[setup checkDependencies] stringtie... at [Fri Aug 30 05:25:23 PM CEST 2024]
[setup checkDependencies] clumpify.sh... at [Fri Aug 30 05:25:23 PM CEST 2024]
PAIRED: false
[setUpLogFile] Script started at [Fri Aug 30 05:25:23 PM CEST 2024] at [Fri Aug 30 05:25:23 PM CEST 2024]
[fastQC] started on raw FASTQs at [Fri Aug 30 05:25:23 PM CEST 2024]
Started analysis of CD1_E12.5_brain_L3mbtl3_WT_RNA_Ilnytskyy2021_GSM5416466_raw.fastq.gz
Approx 5% complete for CD1_E12.5_brain_L3mbtl3_WT_RNA_Ilnytskyy2021_GSM5416466_raw.fastq.gz
Approx 10% complete for CD1_E12.5_brain_L3mbtl3_WT_RNA_Ilnytskyy2021_GSM5416466_raw.fastq.gz
Approx 15% complete for CD1_E12.5_brain_L3mbtl3_WT_RNA_Ilnytskyy2021_GSM5416466_raw.fastq.gz
Approx 20% complete for CD1_E12.5_brain_L3mbtl3_WT_RNA_Ilnytskyy2021_GSM5416466_raw.fastq.gz
Approx 25% complete for CD1_E12.5_brain_L3mbtl3_WT_RNA_Ilnytskyy2021_GSM5416466_raw.fastq.gz
Approx 30% complete for CD1_E12.5_brain_L3mbtl3_WT_RNA_Ilnytskyy2021_GSM5416466_raw.fastq.gz
Approx 35% complete for CD1_E12.5_brain_L3mbtl3_WT_RNA_Ilnytskyy2021_GSM5416466_raw.fastq.gz
Approx 40% complete for CD1_E12.5_brain_L3mbtl3_WT_RNA_Ilnytskyy2021_GSM5416466_raw.fastq.gz
Approx 45% complete for CD1_E12.5_brain_L3mbtl3_WT_RNA_Ilnytskyy2021_GSM5416466_raw.fastq.gz
Approx 50% complete for CD1_E12.5_brain_L3mbtl3_WT_RNA_Ilnytskyy2021_GSM5416466_raw.fastq.gz
Approx 55% complete for CD1_E12.5_brain_L3mbtl3_WT_RNA_Ilnytskyy2021_GSM5416466_raw.fastq.gz
Approx 60% complete for CD1_E12.5_brain_L3mbtl3_WT_RNA_Ilnytskyy2021_GSM5416466_raw.fastq.gz
Approx 65% complete for CD1_E12.5_brain_L3mbtl3_WT_RNA_Ilnytskyy2021_GSM5416466_raw.fastq.gz
Approx 70% complete for CD1_E12.5_brain_L3mbtl3_WT_RNA_Ilnytskyy2021_GSM5416466_raw.fastq.gz
Approx 75% complete for CD1_E12.5_brain_L3mbtl3_WT_RNA_Ilnytskyy2021_GSM5416466_raw.fastq.gz
Approx 80% complete for CD1_E12.5_brain_L3mbtl3_WT_RNA_Ilnytskyy2021_GSM5416466_raw.fastq.gz
Approx 85% complete for CD1_E12.5_brain_L3mbtl3_WT_RNA_Ilnytskyy2021_GSM5416466_raw.fastq.gz
Approx 90% complete for CD1_E12.5_brain_L3mbtl3_WT_RNA_Ilnytskyy2021_GSM5416466_raw.fastq.gz
Approx 95% complete for CD1_E12.5_brain_L3mbtl3_WT_RNA_Ilnytskyy2021_GSM5416466_raw.fastq.gz
Analysis complete for CD1_E12.5_brain_L3mbtl3_WT_RNA_Ilnytskyy2021_GSM5416466_raw.fastq.gz
[fastQC] on raw FASTQs finished succesfully. Will remove PCR duplicates now at [Fri Aug 30 05:27:38 PM CEST 2024]
Reads are length: 75 at [Fri Aug 30 05:27:38 PM CEST 2024]
Reads with same sequence 1 or fewer substitutions will be marked as PCR duplicates at [Fri Aug 30 05:27:38 PM CEST 2024]
Removal of PCR duplicates complete! at [Fri Aug 30 05:34:47 PM CEST 2024]
[trimReads] Started using version trimV5 parameters at [Fri Aug 30 05:34:47 PM CEST 2024]
ILLUMINACLIP:/data/reference_genomes/adapters/adapters.fa:2:30:10 SLIDINGWINDOW:4:20 MINLEN:24
[trimReads] Trimming CD1_E12.5_brain_L3mbtl3_WT_RNA_Ilnytskyy2021_GSM5416466.fastq.gz... at [Fri Aug 30 05:34:47 PM CEST 2024]
[trimReads] Finished successfully at [Fri Aug 30 05:37:45 PM CEST 2024]
[fastQC] started on CD1_E12.5_brain_L3mbtl3_WT_RNA_Ilnytskyy2021_GSM5416466.fastq.gz CD1_E12.5_brain_L3mbtl3_WT_RNA_Ilnytskyy2021_GSM5416466_trimV5.fastq.gz at [Fri Aug 30 05:37:45 PM CEST 2024]
Started analysis of CD1_E12.5_brain_L3mbtl3_WT_RNA_Ilnytskyy2021_GSM5416466.fastq.gz
Started analysis of CD1_E12.5_brain_L3mbtl3_WT_RNA_Ilnytskyy2021_GSM5416466_trimV5.fastq.gz
Approx 5% complete for CD1_E12.5_brain_L3mbtl3_WT_RNA_Ilnytskyy2021_GSM5416466.fastq.gz
Approx 5% complete for CD1_E12.5_brain_L3mbtl3_WT_RNA_Ilnytskyy2021_GSM5416466_trimV5.fastq.gz
Approx 10% complete for CD1_E12.5_brain_L3mbtl3_WT_RNA_Ilnytskyy2021_GSM5416466_trimV5.fastq.gz
Approx 10% complete for CD1_E12.5_brain_L3mbtl3_WT_RNA_Ilnytskyy2021_GSM5416466.fastq.gz
Approx 15% complete for CD1_E12.5_brain_L3mbtl3_WT_RNA_Ilnytskyy2021_GSM5416466_trimV5.fastq.gz
Approx 15% complete for CD1_E12.5_brain_L3mbtl3_WT_RNA_Ilnytskyy2021_GSM5416466.fastq.gz
Approx 20% complete for CD1_E12.5_brain_L3mbtl3_WT_RNA_Ilnytskyy2021_GSM5416466_trimV5.fastq.gz
Approx 20% complete for CD1_E12.5_brain_L3mbtl3_WT_RNA_Ilnytskyy2021_GSM5416466.fastq.gz
Approx 25% complete for CD1_E12.5_brain_L3mbtl3_WT_RNA_Ilnytskyy2021_GSM5416466_trimV5.fastq.gz
Approx 25% complete for CD1_E12.5_brain_L3mbtl3_WT_RNA_Ilnytskyy2021_GSM5416466.fastq.gz
Approx 30% complete for CD1_E12.5_brain_L3mbtl3_WT_RNA_Ilnytskyy2021_GSM5416466_trimV5.fastq.gz
Approx 30% complete for CD1_E12.5_brain_L3mbtl3_WT_RNA_Ilnytskyy2021_GSM5416466.fastq.gz
Approx 35% complete for CD1_E12.5_brain_L3mbtl3_WT_RNA_Ilnytskyy2021_GSM5416466.fastq.gz
Approx 35% complete for CD1_E12.5_brain_L3mbtl3_WT_RNA_Ilnytskyy2021_GSM5416466_trimV5.fastq.gz
Approx 40% complete for CD1_E12.5_brain_L3mbtl3_WT_RNA_Ilnytskyy2021_GSM5416466.fastq.gz
Approx 40% complete for CD1_E12.5_brain_L3mbtl3_WT_RNA_Ilnytskyy2021_GSM5416466_trimV5.fastq.gz
Approx 45% complete for CD1_E12.5_brain_L3mbtl3_WT_RNA_Ilnytskyy2021_GSM5416466_trimV5.fastq.gz
Approx 45% complete for CD1_E12.5_brain_L3mbtl3_WT_RNA_Ilnytskyy2021_GSM5416466.fastq.gz
Approx 50% complete for CD1_E12.5_brain_L3mbtl3_WT_RNA_Ilnytskyy2021_GSM5416466.fastq.gz
Approx 50% complete for CD1_E12.5_brain_L3mbtl3_WT_RNA_Ilnytskyy2021_GSM5416466_trimV5.fastq.gz
Approx 55% complete for CD1_E12.5_brain_L3mbtl3_WT_RNA_Ilnytskyy2021_GSM5416466.fastq.gz
Approx 55% complete for CD1_E12.5_brain_L3mbtl3_WT_RNA_Ilnytskyy2021_GSM5416466_trimV5.fastq.gz
Approx 60% complete for CD1_E12.5_brain_L3mbtl3_WT_RNA_Ilnytskyy2021_GSM5416466.fastq.gz
Approx 60% complete for CD1_E12.5_brain_L3mbtl3_WT_RNA_Ilnytskyy2021_GSM5416466_trimV5.fastq.gz
Approx 65% complete for CD1_E12.5_brain_L3mbtl3_WT_RNA_Ilnytskyy2021_GSM5416466_trimV5.fastq.gz
Approx 65% complete for CD1_E12.5_brain_L3mbtl3_WT_RNA_Ilnytskyy2021_GSM5416466.fastq.gz
Approx 70% complete for CD1_E12.5_brain_L3mbtl3_WT_RNA_Ilnytskyy2021_GSM5416466_trimV5.fastq.gz
Approx 70% complete for CD1_E12.5_brain_L3mbtl3_WT_RNA_Ilnytskyy2021_GSM5416466.fastq.gz
Approx 75% complete for CD1_E12.5_brain_L3mbtl3_WT_RNA_Ilnytskyy2021_GSM5416466.fastq.gz
Approx 75% complete for CD1_E12.5_brain_L3mbtl3_WT_RNA_Ilnytskyy2021_GSM5416466_trimV5.fastq.gz
Approx 80% complete for CD1_E12.5_brain_L3mbtl3_WT_RNA_Ilnytskyy2021_GSM5416466.fastq.gz
Approx 80% complete for CD1_E12.5_brain_L3mbtl3_WT_RNA_Ilnytskyy2021_GSM5416466_trimV5.fastq.gz
Approx 85% complete for CD1_E12.5_brain_L3mbtl3_WT_RNA_Ilnytskyy2021_GSM5416466.fastq.gz
Approx 85% complete for CD1_E12.5_brain_L3mbtl3_WT_RNA_Ilnytskyy2021_GSM5416466_trimV5.fastq.gz
Approx 90% complete for CD1_E12.5_brain_L3mbtl3_WT_RNA_Ilnytskyy2021_GSM5416466.fastq.gz
Approx 90% complete for CD1_E12.5_brain_L3mbtl3_WT_RNA_Ilnytskyy2021_GSM5416466_trimV5.fastq.gz
Approx 95% complete for CD1_E12.5_brain_L3mbtl3_WT_RNA_Ilnytskyy2021_GSM5416466.fastq.gz
Approx 95% complete for CD1_E12.5_brain_L3mbtl3_WT_RNA_Ilnytskyy2021_GSM5416466_trimV5.fastq.gz
Analysis complete for CD1_E12.5_brain_L3mbtl3_WT_RNA_Ilnytskyy2021_GSM5416466.fastq.gz
Analysis complete for CD1_E12.5_brain_L3mbtl3_WT_RNA_Ilnytskyy2021_GSM5416466_trimV5.fastq.gz
[fastQC] finished succesfully at [Fri Aug 30 05:39:20 PM CEST 2024]
[fastqScreen] started on CD1_E12.5_brain_L3mbtl3_WT_RNA_Ilnytskyy2021_GSM5416466_trimV5.fastq.gz at [Fri Aug 30 05:39:20 PM CEST 2024]
Using fastq_screen v0.15.1
Couldn't find fastq_screen.conf at '/home/robin/bin/miniconda3/share/fastq-screen-0.15.2-0/fastq_screen.conf'
[fastqScreen] finished successfully at [Fri Aug 30 05:39:20 PM CEST 2024]
[STAR alignment] started with reference /data/reference_genomes/mm10 at [Fri Aug 30 05:39:20 PM CEST 2024]
	STAR --runMode alignReads --genomeDir /data/reference_genomes/mm10 --runThreadN 12 --limitBAMsortRAM 4G --readFilesCommand zcat --readFilesIn CD1_E12.5_brain_L3mbtl3_WT_RNA_Ilnytskyy2021_GSM5416466_trimV5.fastq.gz --outFilterType BySJout --outSAMtype SAM
	STAR version: 2.7.9a   compiled: 2021-05-04T09:43:56-0400 vega:/home/dobin/data/STAR/STARcode/STAR.master/source
Aug 30 17:39:20 ..... started STAR run
Aug 30 17:39:20 ..... loading genome
Aug 30 17:40:40 ..... started mapping
Aug 30 17:42:21 ..... finished mapping
Aug 30 17:42:21 ..... finished successfully
[STAR alignment] finished successfully at [Fri Aug 30 05:42:22 PM CEST 2024]
[sam grooming] started at [Fri Aug 30 05:42:47 PM CEST 2024]
17:42:48.139 INFO  NativeLibraryLoader - Loading libgkl_compression.so from jar:file:/home/robin/bin/miniconda3/share/picard-2.26.2-0/picard.jar!/com/intel/gkl/native/libgkl_compression.so
[Fri Aug 30 17:42:48 CEST 2024] CleanSam --INPUT CD1_E12.5_brain_L3mbtl3_WT_RNA_Ilnytskyy2021_GSM5416466_raw.sam --OUTPUT CD1_E12.5_brain_L3mbtl3_WT_RNA_Ilnytskyy2021_GSM5416466_cleaned.sam --TMP_DIR . --VERBOSITY INFO --QUIET false --VALIDATION_STRINGENCY STRICT --COMPRESSION_LEVEL 5 --MAX_RECORDS_IN_RAM 500000 --CREATE_INDEX false --CREATE_MD5_FILE false --GA4GH_CLIENT_SECRETS client_secrets.json --help false --version false --showHidden false --USE_JDK_DEFLATER false --USE_JDK_INFLATER false
[Fri Aug 30 17:42:48 CEST 2024] Executing as robin@epipax.ijm.univ-paris-diderot.priv on Linux 6.1.0-23-amd64 amd64; OpenJDK 64-Bit Server VM 1.8.0_332-b09; Deflater: Intel; Inflater: Intel; Provider GCS is not available; Picard version: Version:2.26.2
INFO	2024-08-30 17:42:48	CleanSam	Seen many non-increasing record positions. Printing Read-names as well.
INFO	2024-08-30 17:42:52	CleanSam	Processed     1,000,000 records.  Elapsed time: 00:00:04s.  Time for last 1,000,000:    4s.  Last read position: chr14:66,961,292.  Last read name: SRR15034347.27936387
INFO	2024-08-30 17:42:56	CleanSam	Processed     2,000,000 records.  Elapsed time: 00:00:08s.  Time for last 1,000,000:    3s.  Last read position: chr3:95,762,246.  Last read name: SRR15034347.18796072
INFO	2024-08-30 17:43:00	CleanSam	Processed     3,000,000 records.  Elapsed time: 00:00:12s.  Time for last 1,000,000:    3s.  Last read position: chr9:59,640,097.  Last read name: SRR15034347.2608769
INFO	2024-08-30 17:43:04	CleanSam	Processed     4,000,000 records.  Elapsed time: 00:00:16s.  Time for last 1,000,000:    4s.  Last read position: chr13:90,110,130.  Last read name: SRR15034347.17359628
INFO	2024-08-30 17:43:08	CleanSam	Processed     5,000,000 records.  Elapsed time: 00:00:20s.  Time for last 1,000,000:    3s.  Last read position: chr7:44,901,061.  Last read name: SRR15034347.3601542
INFO	2024-08-30 17:43:12	CleanSam	Processed     6,000,000 records.  Elapsed time: 00:00:24s.  Time for last 1,000,000:    4s.  Last read position: chr1:24,021,958.  Last read name: SRR15034347.13336295
INFO	2024-08-30 17:43:16	CleanSam	Processed     7,000,000 records.  Elapsed time: 00:00:28s.  Time for last 1,000,000:    4s.  Last read position: chr4:107,033,657.  Last read name: SRR15034347.19572900
INFO	2024-08-30 17:43:20	CleanSam	Processed     8,000,000 records.  Elapsed time: 00:00:32s.  Time for last 1,000,000:    4s.  Last read position: chrX:56,494,218.  Last read name: SRR15034347.7579687
INFO	2024-08-30 17:43:24	CleanSam	Processed     9,000,000 records.  Elapsed time: 00:00:36s.  Time for last 1,000,000:    3s.  Last read position: chr18:4,674,949.  Last read name: SRR15034347.24520480
INFO	2024-08-30 17:43:28	CleanSam	Processed    10,000,000 records.  Elapsed time: 00:00:40s.  Time for last 1,000,000:    4s.  Last read position: chr2:122,749,206.  Last read name: SRR15034347.26674990
INFO	2024-08-30 17:43:32	CleanSam	Processed    11,000,000 records.  Elapsed time: 00:00:44s.  Time for last 1,000,000:    3s.  Last read position: chr3:89,755,006.  Last read name: SRR15034347.14167899
INFO	2024-08-30 17:43:36	CleanSam	Processed    12,000,000 records.  Elapsed time: 00:00:48s.  Time for last 1,000,000:    4s.  Last read position: chr13:55,282,669.  Last read name: SRR15034347.26341291
INFO	2024-08-30 17:43:40	CleanSam	Processed    13,000,000 records.  Elapsed time: 00:00:52s.  Time for last 1,000,000:    4s.  Last read position: chr8:122,027,206.  Last read name: SRR15034347.2966017
INFO	2024-08-30 17:43:44	CleanSam	Processed    14,000,000 records.  Elapsed time: 00:00:56s.  Time for last 1,000,000:    3s.  Last read position: chr2:93,192,225.  Last read name: SRR15034347.19964539
[Fri Aug 30 17:43:53 CEST 2024] picard.sam.CleanSam done. Elapsed time: 1.09 minutes.
Runtime.totalMemory()=651165696
17:43:55.126 INFO  NativeLibraryLoader - Loading libgkl_compression.so from jar:file:/home/robin/bin/miniconda3/share/picard-2.26.2-0/picard.jar!/com/intel/gkl/native/libgkl_compression.so
[Fri Aug 30 17:43:55 CEST 2024] SamFormatConverter --INPUT CD1_E12.5_brain_L3mbtl3_WT_RNA_Ilnytskyy2021_GSM5416466_cleaned.sam --OUTPUT CD1_E12.5_brain_L3mbtl3_WT_RNA_Ilnytskyy2021_GSM5416466_unsorted.bam --TMP_DIR . --VERBOSITY INFO --QUIET false --VALIDATION_STRINGENCY STRICT --COMPRESSION_LEVEL 5 --MAX_RECORDS_IN_RAM 500000 --CREATE_INDEX false --CREATE_MD5_FILE false --GA4GH_CLIENT_SECRETS client_secrets.json --help false --version false --showHidden false --USE_JDK_DEFLATER false --USE_JDK_INFLATER false
[Fri Aug 30 17:43:55 CEST 2024] Executing as robin@epipax.ijm.univ-paris-diderot.priv on Linux 6.1.0-23-amd64 amd64; OpenJDK 64-Bit Server VM 1.8.0_332-b09; Deflater: Intel; Inflater: Intel; Provider GCS is not available; Picard version: Version:2.26.2
INFO	2024-08-30 17:43:55	SamFormatConverter	Seen many non-increasing record positions. Printing Read-names as well.
INFO	2024-08-30 17:44:02	SamFormatConverter	Processed     1,000,000 records.  Elapsed time: 00:00:07s.  Time for last 1,000,000:    7s.  Last read position: chr14:66,961,292.  Last read name: SRR15034347.27936387
INFO	2024-08-30 17:44:09	SamFormatConverter	Processed     2,000,000 records.  Elapsed time: 00:00:14s.  Time for last 1,000,000:    7s.  Last read position: chr3:95,762,246.  Last read name: SRR15034347.18796072
INFO	2024-08-30 17:44:17	SamFormatConverter	Processed     3,000,000 records.  Elapsed time: 00:00:21s.  Time for last 1,000,000:    7s.  Last read position: chr9:59,640,097.  Last read name: SRR15034347.2608769
INFO	2024-08-30 17:44:24	SamFormatConverter	Processed     4,000,000 records.  Elapsed time: 00:00:29s.  Time for last 1,000,000:    7s.  Last read position: chr13:90,110,130.  Last read name: SRR15034347.17359628
INFO	2024-08-30 17:44:33	SamFormatConverter	Processed     5,000,000 records.  Elapsed time: 00:00:37s.  Time for last 1,000,000:    8s.  Last read position: chr7:44,901,061.  Last read name: SRR15034347.3601542
INFO	2024-08-30 17:44:40	SamFormatConverter	Processed     6,000,000 records.  Elapsed time: 00:00:44s.  Time for last 1,000,000:    7s.  Last read position: chr1:24,021,958.  Last read name: SRR15034347.13336295
INFO	2024-08-30 17:44:48	SamFormatConverter	Processed     7,000,000 records.  Elapsed time: 00:00:53s.  Time for last 1,000,000:    8s.  Last read position: chr4:107,033,657.  Last read name: SRR15034347.19572900
INFO	2024-08-30 17:44:59	SamFormatConverter	Processed     8,000,000 records.  Elapsed time: 00:01:04s.  Time for last 1,000,000:   11s.  Last read position: chrX:56,494,218.  Last read name: SRR15034347.7579687
INFO	2024-08-30 17:45:08	SamFormatConverter	Processed     9,000,000 records.  Elapsed time: 00:01:13s.  Time for last 1,000,000:    8s.  Last read position: chr18:4,674,949.  Last read name: SRR15034347.24520480
INFO	2024-08-30 17:45:17	SamFormatConverter	Processed    10,000,000 records.  Elapsed time: 00:01:22s.  Time for last 1,000,000:    8s.  Last read position: chr2:122,749,206.  Last read name: SRR15034347.26674990
INFO	2024-08-30 17:45:25	SamFormatConverter	Processed    11,000,000 records.  Elapsed time: 00:01:29s.  Time for last 1,000,000:    7s.  Last read position: chr3:89,755,006.  Last read name: SRR15034347.14167899
INFO	2024-08-30 17:45:35	SamFormatConverter	Processed    12,000,000 records.  Elapsed time: 00:01:39s.  Time for last 1,000,000:   10s.  Last read position: chr13:55,282,669.  Last read name: SRR15034347.26341291
INFO	2024-08-30 17:45:43	SamFormatConverter	Processed    13,000,000 records.  Elapsed time: 00:01:47s.  Time for last 1,000,000:    7s.  Last read position: chr8:122,027,206.  Last read name: SRR15034347.2966017
INFO	2024-08-30 17:45:50	SamFormatConverter	Processed    14,000,000 records.  Elapsed time: 00:01:54s.  Time for last 1,000,000:    7s.  Last read position: chr2:93,192,225.  Last read name: SRR15034347.19964539
[Fri Aug 30 17:45:57 CEST 2024] picard.sam.SamFormatConverter done. Elapsed time: 2.04 minutes.
Runtime.totalMemory()=937951232
17:46:01.276 INFO  NativeLibraryLoader - Loading libgkl_compression.so from jar:file:/home/robin/bin/miniconda3/share/picard-2.26.2-0/picard.jar!/com/intel/gkl/native/libgkl_compression.so
[Fri Aug 30 17:46:01 CEST 2024] SortSam --INPUT CD1_E12.5_brain_L3mbtl3_WT_RNA_Ilnytskyy2021_GSM5416466_unsorted.bam --OUTPUT CD1_E12.5_brain_L3mbtl3_WT_RNA_Ilnytskyy2021_GSM5416466_sorted.bam --SORT_ORDER coordinate --TMP_DIR . --VERBOSITY INFO --QUIET false --VALIDATION_STRINGENCY STRICT --COMPRESSION_LEVEL 5 --MAX_RECORDS_IN_RAM 500000 --CREATE_INDEX false --CREATE_MD5_FILE false --GA4GH_CLIENT_SECRETS client_secrets.json --help false --version false --showHidden false --USE_JDK_DEFLATER false --USE_JDK_INFLATER false
[Fri Aug 30 17:46:01 CEST 2024] Executing as robin@epipax.ijm.univ-paris-diderot.priv on Linux 6.1.0-23-amd64 amd64; OpenJDK 64-Bit Server VM 1.8.0_332-b09; Deflater: Intel; Inflater: Intel; Provider GCS is not available; Picard version: Version:2.26.2
INFO	2024-08-30 17:46:01	SortSam	Seen many non-increasing record positions. Printing Read-names as well.
INFO	2024-08-30 17:47:03	SortSam	Read    10,000,000 records.  Elapsed time: 00:01:01s.  Time for last 10,000,000:   61s.  Last read position: chr2:122,749,206.  Last read name: SRR15034347.26674990
INFO	2024-08-30 17:47:38	SortSam	Finished reading inputs, merging and writing to output now.
INFO	2024-08-30 17:48:36	SortSam	Wrote    10,000,000 records from a sorting collection.  Elapsed time: 00:02:34s.  Time for last 10,000,000:   57s.  Last read position: chr4:155,820,407
[Fri Aug 30 17:49:01 CEST 2024] picard.sam.SortSam done. Elapsed time: 3.01 minutes.
Runtime.totalMemory()=1311768576
17:49:02.635 INFO  NativeLibraryLoader - Loading libgkl_compression.so from jar:file:/home/robin/bin/miniconda3/share/picard-2.26.2-0/picard.jar!/com/intel/gkl/native/libgkl_compression.so
[Fri Aug 30 17:49:02 CEST 2024] MarkDuplicates --INPUT CD1_E12.5_brain_L3mbtl3_WT_RNA_Ilnytskyy2021_GSM5416466_sorted.bam --OUTPUT CD1_E12.5_brain_L3mbtl3_WT_RNA_Ilnytskyy2021_GSM5416466.bam --METRICS_FILE CD1_E12.5_brain_L3mbtl3_WT_RNA_Ilnytskyy2021_GSM5416466_markDupeMetrics.txt --REMOVE_DUPLICATES false --TMP_DIR . --MAX_SEQUENCES_FOR_DISK_READ_ENDS_MAP 50000 --MAX_FILE_HANDLES_FOR_READ_ENDS_MAP 8000 --SORTING_COLLECTION_SIZE_RATIO 0.25 --TAG_DUPLICATE_SET_MEMBERS false --REMOVE_SEQUENCING_DUPLICATES false --TAGGING_POLICY DontTag --CLEAR_DT true --DUPLEX_UMI false --ADD_PG_TAG_TO_READS true --ASSUME_SORTED false --DUPLICATE_SCORING_STRATEGY SUM_OF_BASE_QUALITIES --PROGRAM_RECORD_ID MarkDuplicates --PROGRAM_GROUP_NAME MarkDuplicates --READ_NAME_REGEX <optimized capture of last three ':' separated fields as numeric values> --OPTICAL_DUPLICATE_PIXEL_DISTANCE 100 --MAX_OPTICAL_DUPLICATE_SET_SIZE 300000 --VERBOSITY INFO --QUIET false --VALIDATION_STRINGENCY STRICT --COMPRESSION_LEVEL 5 --MAX_RECORDS_IN_RAM 500000 --CREATE_INDEX false --CREATE_MD5_FILE false --GA4GH_CLIENT_SECRETS client_secrets.json --help false --version false --showHidden false --USE_JDK_DEFLATER false --USE_JDK_INFLATER false
[Fri Aug 30 17:49:02 CEST 2024] Executing as robin@epipax.ijm.univ-paris-diderot.priv on Linux 6.1.0-23-amd64 amd64; OpenJDK 64-Bit Server VM 1.8.0_332-b09; Deflater: Intel; Inflater: Intel; Provider GCS is not available; Picard version: Version:2.26.2
INFO	2024-08-30 17:49:02	MarkDuplicates	Start of doWork freeMemory: 501501728; totalMemory: 514850816; maxMemory: 1908932608
INFO	2024-08-30 17:49:02	MarkDuplicates	Reading input file and constructing read end information.
INFO	2024-08-30 17:49:02	MarkDuplicates	Will retain up to 6916422 data points before spilling to disk.
WARNING	2024-08-30 17:49:02	AbstractOpticalDuplicateFinderCommandLineProgram	A field field parsed out of a read name was expected to contain an integer and did not. Read name: SRR15034347.10926167. Cause: String 'SRR15034347.10926167' did not start with a parsable number.
INFO	2024-08-30 17:49:07	MarkDuplicates	Read     1,000,000 records.  Elapsed time: 00:00:04s.  Time for last 1,000,000:    4s.  Last read position: chr11:59,458,408
INFO	2024-08-30 17:49:07	MarkDuplicates	Tracking 0 as yet unmatched pairs. 0 records in RAM.
INFO	2024-08-30 17:49:11	MarkDuplicates	Read     2,000,000 records.  Elapsed time: 00:00:08s.  Time for last 1,000,000:    4s.  Last read position: chr12:51,737,621
INFO	2024-08-30 17:49:11	MarkDuplicates	Tracking 0 as yet unmatched pairs. 0 records in RAM.
INFO	2024-08-30 17:49:15	MarkDuplicates	Read     3,000,000 records.  Elapsed time: 00:00:13s.  Time for last 1,000,000:    4s.  Last read position: chr14:14,105,348
INFO	2024-08-30 17:49:15	MarkDuplicates	Tracking 0 as yet unmatched pairs. 0 records in RAM.
INFO	2024-08-30 17:49:21	MarkDuplicates	Read     4,000,000 records.  Elapsed time: 00:00:18s.  Time for last 1,000,000:    5s.  Last read position: chr15:99,245,517
INFO	2024-08-30 17:49:21	MarkDuplicates	Tracking 0 as yet unmatched pairs. 0 records in RAM.
INFO	2024-08-30 17:49:28	MarkDuplicates	Read     5,000,000 records.  Elapsed time: 00:00:25s.  Time for last 1,000,000:    6s.  Last read position: chr17:43,038,157
INFO	2024-08-30 17:49:28	MarkDuplicates	Tracking 0 as yet unmatched pairs. 0 records in RAM.
INFO	2024-08-30 17:49:32	MarkDuplicates	Read     6,000,000 records.  Elapsed time: 00:00:29s.  Time for last 1,000,000:    4s.  Last read position: chr19:41,767,179
INFO	2024-08-30 17:49:32	MarkDuplicates	Tracking 0 as yet unmatched pairs. 0 records in RAM.
INFO	2024-08-30 17:49:35	MarkDuplicates	Read     7,000,000 records.  Elapsed time: 00:00:32s.  Time for last 1,000,000:    3s.  Last read position: chr1:181,907,720
INFO	2024-08-30 17:49:35	MarkDuplicates	Tracking 0 as yet unmatched pairs. 0 records in RAM.
INFO	2024-08-30 17:49:43	MarkDuplicates	Read     8,000,000 records.  Elapsed time: 00:00:40s.  Time for last 1,000,000:    7s.  Last read position: chr2:152,413,939
INFO	2024-08-30 17:49:43	MarkDuplicates	Tracking 0 as yet unmatched pairs. 0 records in RAM.
INFO	2024-08-30 17:49:48	MarkDuplicates	Read     9,000,000 records.  Elapsed time: 00:00:45s.  Time for last 1,000,000:    5s.  Last read position: chr3:152,278,949
INFO	2024-08-30 17:49:48	MarkDuplicates	Tracking 0 as yet unmatched pairs. 0 records in RAM.
INFO	2024-08-30 17:49:51	MarkDuplicates	Read    10,000,000 records.  Elapsed time: 00:00:49s.  Time for last 1,000,000:    3s.  Last read position: chr4:155,820,407
INFO	2024-08-30 17:49:51	MarkDuplicates	Tracking 0 as yet unmatched pairs. 0 records in RAM.
INFO	2024-08-30 17:49:55	MarkDuplicates	Read    11,000,000 records.  Elapsed time: 00:00:52s.  Time for last 1,000,000:    3s.  Last read position: chr6:4,537,970
INFO	2024-08-30 17:49:55	MarkDuplicates	Tracking 0 as yet unmatched pairs. 0 records in RAM.
INFO	2024-08-30 17:49:59	MarkDuplicates	Read    12,000,000 records.  Elapsed time: 00:00:56s.  Time for last 1,000,000:    4s.  Last read position: chr7:44,979,409
INFO	2024-08-30 17:49:59	MarkDuplicates	Tracking 0 as yet unmatched pairs. 0 records in RAM.
INFO	2024-08-30 17:50:08	MarkDuplicates	Read    13,000,000 records.  Elapsed time: 00:01:05s.  Time for last 1,000,000:    8s.  Last read position: chr8:72,221,959
INFO	2024-08-30 17:50:08	MarkDuplicates	Tracking 0 as yet unmatched pairs. 0 records in RAM.
INFO	2024-08-30 17:50:11	MarkDuplicates	Read    14,000,000 records.  Elapsed time: 00:01:08s.  Time for last 1,000,000:    3s.  Last read position: chr9:97,093,078
INFO	2024-08-30 17:50:11	MarkDuplicates	Tracking 0 as yet unmatched pairs. 0 records in RAM.
INFO	2024-08-30 17:50:14	MarkDuplicates	Read 14863879 records. 0 pairs never matched.
INFO	2024-08-30 17:50:16	MarkDuplicates	After buildSortedReadEndLists freeMemory: 1357001032; totalMemory: 1402470400; maxMemory: 1908932608
INFO	2024-08-30 17:50:16	MarkDuplicates	Will retain up to 59654144 duplicate indices before spilling to disk.
INFO	2024-08-30 17:50:16	MarkDuplicates	Traversing read pair information and detecting duplicates.
INFO	2024-08-30 17:50:16	MarkDuplicates	Traversing fragment information and detecting duplicates.
INFO	2024-08-30 17:50:19	MarkDuplicates	Sorting list of duplicate records.
INFO	2024-08-30 17:50:19	MarkDuplicates	After generateDuplicateIndexes freeMemory: 905240872; totalMemory: 1399848960; maxMemory: 1908932608
INFO	2024-08-30 17:50:19	MarkDuplicates	Marking 907497 records as duplicates.
INFO	2024-08-30 17:50:19	MarkDuplicates	Found 0 optical duplicate clusters.
INFO	2024-08-30 17:50:19	MarkDuplicates	Reads are assumed to be ordered by: coordinate
INFO	2024-08-30 17:51:16	MarkDuplicates	Written    10,000,000 records.  Elapsed time: 00:00:57s.  Time for last 10,000,000:   57s.  Last read position: chr4:155,820,407
INFO	2024-08-30 17:51:43	MarkDuplicates	Writing complete. Closing input iterator.
INFO	2024-08-30 17:51:43	MarkDuplicates	Duplicate Index cleanup.
INFO	2024-08-30 17:51:43	MarkDuplicates	Getting Memory Stats.
INFO	2024-08-30 17:51:43	MarkDuplicates	Before output close freeMemory: 1398202392; totalMemory: 1416626176; maxMemory: 1908932608
INFO	2024-08-30 17:51:44	MarkDuplicates	Closed outputs. Getting more Memory Stats.
INFO	2024-08-30 17:51:44	MarkDuplicates	After output close freeMemory: 1391386648; totalMemory: 1409810432; maxMemory: 1908932608
[Fri Aug 30 17:51:44 CEST 2024] picard.sam.markduplicates.MarkDuplicates done. Elapsed time: 2.70 minutes.
Runtime.totalMemory()=1409810432
[sam grooming] finished successfully at [Fri Aug 30 05:51:47 PM CEST 2024]
[collecting rRNA metrics] started at [Fri Aug 30 05:52:07 PM CEST 2024]
17:52:07.967 INFO  NativeLibraryLoader - Loading libgkl_compression.so from jar:file:/home/robin/bin/miniconda3/share/picard-2.26.2-0/picard.jar!/com/intel/gkl/native/libgkl_compression.so
[Fri Aug 30 17:52:08 CEST 2024] CollectRnaSeqMetrics --REF_FLAT /data/reference_genomes/mm10/mm10_RefSeq_refFlat.bed --RIBOSOMAL_INTERVALS /data/reference_genomes/mm10/mm10_rRNA.bed --STRAND_SPECIFICITY FIRST_READ_TRANSCRIPTION_STRAND --INPUT CD1_E12.5_brain_L3mbtl3_WT_RNA_Ilnytskyy2021_GSM5416466.bam --OUTPUT CD1_E12.5_brain_L3mbtl3_WT_RNA_Ilnytskyy2021_GSM5416466_RNAmetrics.txt --MINIMUM_LENGTH 500 --RRNA_FRAGMENT_PERCENTAGE 0.8 --METRIC_ACCUMULATION_LEVEL ALL_READS --END_BIAS_BASES 100 --ASSUME_SORTED true --STOP_AFTER 0 --VERBOSITY INFO --QUIET false --VALIDATION_STRINGENCY STRICT --COMPRESSION_LEVEL 5 --MAX_RECORDS_IN_RAM 500000 --CREATE_INDEX false --CREATE_MD5_FILE false --GA4GH_CLIENT_SECRETS client_secrets.json --help false --version false --showHidden false --USE_JDK_DEFLATER false --USE_JDK_INFLATER false
[Fri Aug 30 17:52:08 CEST 2024] Executing as robin@epipax.ijm.univ-paris-diderot.priv on Linux 6.1.0-23-amd64 amd64; OpenJDK 64-Bit Server VM 1.8.0_332-b09; Deflater: Intel; Inflater: Intel; Provider GCS is not available; Picard version: Version:2.26.2
INFO	2024-08-30 17:52:08	CollectRnaSeqMetrics	Loaded 24105 genes.
INFO	2024-08-30 17:52:15	SinglePassSamProgram	Processed     1,000,000 records.  Elapsed time: 00:00:06s.  Time for last 1,000,000:    6s.  Last read position: chr11:59,458,408
INFO	2024-08-30 17:52:20	SinglePassSamProgram	Processed     2,000,000 records.  Elapsed time: 00:00:12s.  Time for last 1,000,000:    5s.  Last read position: chr12:51,737,621
INFO	2024-08-30 17:52:25	SinglePassSamProgram	Processed     3,000,000 records.  Elapsed time: 00:00:16s.  Time for last 1,000,000:    4s.  Last read position: chr14:14,105,348
INFO	2024-08-30 17:52:30	SinglePassSamProgram	Processed     4,000,000 records.  Elapsed time: 00:00:21s.  Time for last 1,000,000:    4s.  Last read position: chr15:99,245,517
INFO	2024-08-30 17:52:35	SinglePassSamProgram	Processed     5,000,000 records.  Elapsed time: 00:00:26s.  Time for last 1,000,000:    4s.  Last read position: chr17:43,038,157
INFO	2024-08-30 17:52:40	SinglePassSamProgram	Processed     6,000,000 records.  Elapsed time: 00:00:31s.  Time for last 1,000,000:    4s.  Last read position: chr19:41,767,179
INFO	2024-08-30 17:52:46	SinglePassSamProgram	Processed     7,000,000 records.  Elapsed time: 00:00:37s.  Time for last 1,000,000:    5s.  Last read position: chr1:181,907,720
INFO	2024-08-30 17:52:52	SinglePassSamProgram	Processed     8,000,000 records.  Elapsed time: 00:00:43s.  Time for last 1,000,000:    6s.  Last read position: chr2:152,413,939
INFO	2024-08-30 17:52:58	SinglePassSamProgram	Processed     9,000,000 records.  Elapsed time: 00:00:49s.  Time for last 1,000,000:    5s.  Last read position: chr3:152,278,949
INFO	2024-08-30 17:53:03	SinglePassSamProgram	Processed    10,000,000 records.  Elapsed time: 00:00:54s.  Time for last 1,000,000:    5s.  Last read position: chr4:155,820,407
INFO	2024-08-30 17:53:09	SinglePassSamProgram	Processed    11,000,000 records.  Elapsed time: 00:01:00s.  Time for last 1,000,000:    5s.  Last read position: chr6:4,537,970
INFO	2024-08-30 17:53:14	SinglePassSamProgram	Processed    12,000,000 records.  Elapsed time: 00:01:05s.  Time for last 1,000,000:    4s.  Last read position: chr7:44,979,409
INFO	2024-08-30 17:53:19	SinglePassSamProgram	Processed    13,000,000 records.  Elapsed time: 00:01:10s.  Time for last 1,000,000:    5s.  Last read position: chr8:72,221,959
INFO	2024-08-30 17:53:24	SinglePassSamProgram	Processed    14,000,000 records.  Elapsed time: 00:01:15s.  Time for last 1,000,000:    5s.  Last read position: chr9:97,093,078
[Fri Aug 30 17:53:29 CEST 2024] picard.analysis.CollectRnaSeqMetrics done. Elapsed time: 1.36 minutes.
Runtime.totalMemory()=1171783680
[trueStats] Collecting alignment statistics for CD1_E12.5_brain_L3mbtl3_WT_RNA_Ilnytskyy2021_GSM5416466.bam at [Fri Aug 30 05:53:47 PM CEST 2024]
[preseq] started on CD1_E12.5_brain_L3mbtl3_WT_RNA_Ilnytskyy2021_GSM5416466.bam at [Fri Aug 30 05:54:40 PM CEST 2024]
[preseq] finished successfully at [Fri Aug 30 05:56:44 PM CEST 2024]
[stringTie] Performing de novo assembly of transcripts at [Fri Aug 30 05:57:03 PM CEST 2024]
Warning: gene "NM_001270423" (on chr2) has reference transcripts on both strands?
Warning: gene "NM_146265" (on chr2) has reference transcripts on both strands?
Warning: gene "NM_001097977" (on chr2) has reference transcripts on both strands?
Warning: gene "NM_001085552" (on chrX) has reference transcripts on both strands?
Warning: gene "NM_001085545" (on chrX) has reference transcripts on both strands?
Warning: gene "NM_001085551" (on chrX) has reference transcripts on both strands?
Warning: gene "NM_001099643" (on chrX) has reference transcripts on both strands?
Warning: gene "NM_001243001" (on chrX) has reference transcripts on both strands?
Warning: gene "NM_001099643" (on chrX) has reference transcripts on both strands?
Warning: gene "NM_001243001" (on chrX) has reference transcripts on both strands?
Warning: gene "NM_001102678" (on chrX) has reference transcripts on both strands?
Warning: gene "NM_001109970" (on chrX) has reference transcripts on both strands?
Warning: gene "NM_001099919" (on chrX) has reference transcripts on both strands?
Warning: gene "NM_001099347" (on chrX) has reference transcripts on both strands?
Warning: gene "NM_001100610" (on chrX) has reference transcripts on both strands?
Warning: gene "NM_001110250" (on chrX) has reference transcripts on both strands?
Warning: gene "NM_001099325" (on chrX) has reference transcripts on both strands?
Warning: gene "NM_001109969" (on chrX) has reference transcripts on both strands?
Warning: gene "NM_001085552" (on chrX) has reference transcripts on both strands?
Warning: gene "NM_001085545" (on chrX) has reference transcripts on both strands?
Warning: gene "NM_001085551" (on chrX) has reference transcripts on both strands?
Warning: gene "NM_001085553" (on chrX) has reference transcripts on both strands?
Warning: gene "NM_001243011" (on chrX) has reference transcripts on both strands?
Warning: gene "NM_001270685" (on chrX) has reference transcripts on both strands?
Warning: gene "NM_029106" (on chrX) has reference transcripts on both strands?
Warning: gene "NM_001270685" (on chrX) has reference transcripts on both strands?
Warning: gene "NM_001100609" (on chrX) has reference transcripts on both strands?
Warning: gene "NM_009529" (on chrX) has reference transcripts on both strands?
Warning: gene "NM_001102678" (on chrX) has reference transcripts on both strands?
Warning: gene "NM_001109970" (on chrX) has reference transcripts on both strands?
Warning: gene "NM_001099919" (on chrX) has reference transcripts on both strands?
Warning: gene "NM_001099347" (on chrX) has reference transcripts on both strands?
Warning: gene "NM_001100610" (on chrX) has reference transcripts on both strands?
Warning: gene "NM_001110250" (on chrX) has reference transcripts on both strands?
Warning: gene "NM_001099325" (on chrX) has reference transcripts on both strands?
Warning: gene "NM_001109969" (on chrX) has reference transcripts on both strands?
Warning: gene "NM_001100609" (on chrX) has reference transcripts on both strands?
Warning: gene "NM_009529" (on chrX) has reference transcripts on both strands?
Warning: gene "NM_001102678" (on chrX) has reference transcripts on both strands?
Warning: gene "NM_001109970" (on chrX) has reference transcripts on both strands?
Warning: gene "NM_001099919" (on chrX) has reference transcripts on both strands?
Warning: gene "NM_001099347" (on chrX) has reference transcripts on both strands?
Warning: gene "NM_001100610" (on chrX) has reference transcripts on both strands?
Warning: gene "NM_001110250" (on chrX) has reference transcripts on both strands?
Warning: gene "NM_001099325" (on chrX) has reference transcripts on both strands?
Warning: gene "NM_001109969" (on chrX) has reference transcripts on both strands?
Warning: gene "NM_001310684" (on chrX) has reference transcripts on both strands?
Warning: gene "NM_001142690" (on chrX) has reference transcripts on both strands?
Warning: gene "NM_001142691" (on chrX) has reference transcripts on both strands?
Warning: gene "NM_001142750" (on chrX) has reference transcripts on both strands?
Warning: gene "NM_153109" (on chrX) has reference transcripts on both strands?
Warning: gene "NM_177918" (on chrX) has reference transcripts on both strands?
Warning: gene "NM_001099321" (on chrX) has reference transcripts on both strands?
Warning: gene "NR_126545" (on chrY) has reference transcripts on both strands?
Warning: gene "NR_126546" (on chrY) has reference transcripts on both strands?
Warning: gene "NM_001113395" (on chrY) has reference transcripts on both strands?
Warning: gene "NM_001177569" (on chrY) has reference transcripts on both strands?
Warning: gene "NM_001160143" (on chrY) has reference transcripts on both strands?
Warning: gene "NM_207162" (on chrY) has reference transcripts on both strands?
Warning: gene "NM_001160143" (on chrY) has reference transcripts on both strands?
Warning: gene "NM_207162" (on chrY) has reference transcripts on both strands?
Warning: gene "NM_001037748" (on chrY) has reference transcripts on both strands?
Warning: gene "NM_001160141" (on chrY) has reference transcripts on both strands?
Warning: gene "NM_001025241" (on chrY) has reference transcripts on both strands?
Warning: gene "NM_001037748" (on chrY) has reference transcripts on both strands?
Warning: gene "NM_001160143" (on chrY) has reference transcripts on both strands?
Warning: gene "NM_207162" (on chrY) has reference transcripts on both strands?
Warning: gene "NM_001160143" (on chrY) has reference transcripts on both strands?
Warning: gene "NM_207162" (on chrY) has reference transcripts on both strands?
Warning: gene "NM_001037748" (on chrY) has reference transcripts on both strands?
Warning: gene "NM_001160141" (on chrY) has reference transcripts on both strands?
Warning: gene "NM_023546" (on chrY) has reference transcripts on both strands?
Warning: gene "NM_001160143" (on chrY) has reference transcripts on both strands?
Warning: gene "NM_001037748" (on chrY) has reference transcripts on both strands?
Warning: gene "NM_001160143" (on chrY) has reference transcripts on both strands?
Warning: gene "NM_001037748" (on chrY) has reference transcripts on both strands?
Warning: gene "NM_001160137" (on chrY) has reference transcripts on both strands?
Warning: gene "NM_001160141" (on chrY) has reference transcripts on both strands?
Warning: gene "NM_001025241" (on chrY) has reference transcripts on both strands?
Warning: gene "NM_001160136" (on chrY) has reference transcripts on both strands?
Warning: gene "NM_023546" (on chrY) has reference transcripts on both strands?
Warning: gene "NM_023546" (on chrY) has reference transcripts on both strands?
Warning: gene "NM_001025241" (on chrY) has reference transcripts on both strands?
Warning: gene "NM_001037748" (on chrY) has reference transcripts on both strands?
Warning: gene "NM_001166636" (on chr10) has reference transcripts on both strands?
Warning: gene "NM_001166637" (on chr10) has reference transcripts on both strands?
Warning: gene "NM_001011820" (on chr13) has reference transcripts on both strands?
Warning: gene "NR_045474" (on chr13) has reference transcripts on both strands?
[stringTie] De novo transcriptome assembly completed successfully at [Fri Aug 30 05:58:16 PM CEST 2024]
[bamToWigCPMsmoothKeepDup] Started with bin size: 1 and smoothing over 0 bp and KEEPING DUPLICATES at [Fri Aug 30 05:58:16 PM CEST 2024]
There are 14248014 alignments, of which 61134 are completely within a blacklist region.
Due to filtering, 86.37464266075845% of the aforementioned alignments will be used 12253866.904710608
[bamToWigCPMsmoothKeepDup] finished successfully at [Fri Aug 30 06:04:31 PM CEST 2024]
[file cleanup] started. Good job! at [Fri Aug 30 06:04:31 PM CEST 2024]
cp: cannot stat '*.pdf': No such file or directory
mv: cannot stat '*.bed': No such file or directory
mv: preserving times for '/data/bigWigs/CD1_E12.5_brain_L3mbtl3_WT_RNA_Ilnytskyy2021_GSM5416466_trimV5_mm10_kpDup_q255_b1_s0_CPM.bw': Operation not permitted
mv: preserving permissions for ‘/data/bigWigs/CD1_E12.5_brain_L3mbtl3_WT_RNA_Ilnytskyy2021_GSM5416466_trimV5_mm10_kpDup_q255_b1_s0_CPM.bw’: Operation not permitted
mv: preserving times for '/data/bams/CD1_E12.5_brain_L3mbtl3_WT_RNA_Ilnytskyy2021_GSM5416466_trimV5_mm10.bam': Operation not permitted
mv: preserving permissions for ‘/data/bams/CD1_E12.5_brain_L3mbtl3_WT_RNA_Ilnytskyy2021_GSM5416466_trimV5_mm10.bam’: Operation not permitted
mv: preserving times for '/data/bams/CD1_E12.5_brain_L3mbtl3_WT_RNA_Ilnytskyy2021_GSM5416466_trimV5_mm10.bam.bai': Operation not permitted
mv: preserving permissions for ‘/data/bams/CD1_E12.5_brain_L3mbtl3_WT_RNA_Ilnytskyy2021_GSM5416466_trimV5_mm10.bam.bai’: Operation not permitted
mv: preserving times for '/data/stringTie/CD1_E12.5_brain_L3mbtl3_WT_RNA_Ilnytskyy2021_GSM5416466_trimV5_mm10.gtf': Operation not permitted
mv: preserving permissions for ‘/data/stringTie/CD1_E12.5_brain_L3mbtl3_WT_RNA_Ilnytskyy2021_GSM5416466_trimV5_mm10.gtf’: Operation not permitted
