SCRATCH: /scratch
ls: cannot access '/data/fastq/E14_1h_H3K27me3_ChIP_Yang2019_GSM3314710*_R2.fastq.gz': No such file or directory
[masterDownload] Data are single-end. at [Wed Jul 3 08:01:42 PM CEST 2024]
[checkDependencies] Checking Dependencies [Wed Jul 3 08:01:42 PM CEST 2024] at [Wed Jul 3 08:01:42 PM CEST 2024]
[setup checkDependencies] trimmomatic... at [Wed Jul 3 08:01:42 PM CEST 2024]
[setup checkDependencies] STAR... at [Wed Jul 3 08:01:42 PM CEST 2024]
[setup checkDependencies] bismark... at [Wed Jul 3 08:01:42 PM CEST 2024]
[setup checkDependencies] bowtie2... at [Wed Jul 3 08:01:42 PM CEST 2024]
[setup checkDependencies] samtools... at [Wed Jul 3 08:01:42 PM CEST 2024]
[setup checkDependencies] picard... at [Wed Jul 3 08:01:42 PM CEST 2024]
[setup checkDependencies] awk... at [Wed Jul 3 08:01:42 PM CEST 2024]
[setup checkDependencies] bamCoverage... at [Wed Jul 3 08:01:42 PM CEST 2024]
[setup checkDependencies] fastqc... at [Wed Jul 3 08:01:42 PM CEST 2024]
[setup checkDependencies] fastq_screen... at [Wed Jul 3 08:01:42 PM CEST 2024]
[setup checkDependencies] stringtie... at [Wed Jul 3 08:01:42 PM CEST 2024]
[setup checkDependencies] clumpify.sh... at [Wed Jul 3 08:01:42 PM CEST 2024]
PAIRED: false
[setUpLogFile] Script started at [Wed Jul 3 08:01:42 PM CEST 2024] at [Wed Jul 3 08:01:42 PM CEST 2024]
[fastQC] started on raw FASTQs at [Wed Jul 3 08:01:42 PM CEST 2024]
Started analysis of E14_1h_H3K27me3_ChIP_Yang2019_GSM3314710_raw.fastq.gz
Approx 5% complete for E14_1h_H3K27me3_ChIP_Yang2019_GSM3314710_raw.fastq.gz
Approx 10% complete for E14_1h_H3K27me3_ChIP_Yang2019_GSM3314710_raw.fastq.gz
Approx 15% complete for E14_1h_H3K27me3_ChIP_Yang2019_GSM3314710_raw.fastq.gz
Approx 20% complete for E14_1h_H3K27me3_ChIP_Yang2019_GSM3314710_raw.fastq.gz
Approx 25% complete for E14_1h_H3K27me3_ChIP_Yang2019_GSM3314710_raw.fastq.gz
Approx 30% complete for E14_1h_H3K27me3_ChIP_Yang2019_GSM3314710_raw.fastq.gz
Approx 35% complete for E14_1h_H3K27me3_ChIP_Yang2019_GSM3314710_raw.fastq.gz
Approx 40% complete for E14_1h_H3K27me3_ChIP_Yang2019_GSM3314710_raw.fastq.gz
Approx 45% complete for E14_1h_H3K27me3_ChIP_Yang2019_GSM3314710_raw.fastq.gz
Approx 50% complete for E14_1h_H3K27me3_ChIP_Yang2019_GSM3314710_raw.fastq.gz
Approx 55% complete for E14_1h_H3K27me3_ChIP_Yang2019_GSM3314710_raw.fastq.gz
Approx 60% complete for E14_1h_H3K27me3_ChIP_Yang2019_GSM3314710_raw.fastq.gz
Approx 65% complete for E14_1h_H3K27me3_ChIP_Yang2019_GSM3314710_raw.fastq.gz
Approx 70% complete for E14_1h_H3K27me3_ChIP_Yang2019_GSM3314710_raw.fastq.gz
Approx 75% complete for E14_1h_H3K27me3_ChIP_Yang2019_GSM3314710_raw.fastq.gz
Approx 80% complete for E14_1h_H3K27me3_ChIP_Yang2019_GSM3314710_raw.fastq.gz
Approx 85% complete for E14_1h_H3K27me3_ChIP_Yang2019_GSM3314710_raw.fastq.gz
Approx 90% complete for E14_1h_H3K27me3_ChIP_Yang2019_GSM3314710_raw.fastq.gz
Approx 95% complete for E14_1h_H3K27me3_ChIP_Yang2019_GSM3314710_raw.fastq.gz
Analysis complete for E14_1h_H3K27me3_ChIP_Yang2019_GSM3314710_raw.fastq.gz
[fastQC] on raw FASTQs finished succesfully. Will remove PCR duplicates now at [Wed Jul 3 08:04:44 PM CEST 2024]
Reads are length: 52 at [Wed Jul 3 08:04:45 PM CEST 2024]
Reads with same sequence 1 or fewer substitutions will be marked as PCR duplicates at [Wed Jul 3 08:04:45 PM CEST 2024]
Removal of PCR duplicates complete! at [Wed Jul 3 08:25:18 PM CEST 2024]
[trimReads] Started using version trimV5 parameters at [Wed Jul 3 08:25:18 PM CEST 2024]
ILLUMINACLIP:/data/reference_genomes/adapters/adapters.fa:2:30:10 SLIDINGWINDOW:4:20 MINLEN:24
[trimReads] Trimming E14_1h_H3K27me3_ChIP_Yang2019_GSM3314710.fastq.gz... at [Wed Jul 3 08:25:18 PM CEST 2024]
[trimReads] Finished successfully at [Wed Jul 3 08:34:28 PM CEST 2024]
[fastQC] started on E14_1h_H3K27me3_ChIP_Yang2019_GSM3314710.fastq.gz E14_1h_H3K27me3_ChIP_Yang2019_GSM3314710_trimV5.fastq.gz at [Wed Jul 3 08:34:28 PM CEST 2024]
Started analysis of E14_1h_H3K27me3_ChIP_Yang2019_GSM3314710.fastq.gz
Started analysis of E14_1h_H3K27me3_ChIP_Yang2019_GSM3314710_trimV5.fastq.gz
Approx 5% complete for E14_1h_H3K27me3_ChIP_Yang2019_GSM3314710_trimV5.fastq.gz
Approx 5% complete for E14_1h_H3K27me3_ChIP_Yang2019_GSM3314710.fastq.gz
Approx 10% complete for E14_1h_H3K27me3_ChIP_Yang2019_GSM3314710_trimV5.fastq.gz
Approx 10% complete for E14_1h_H3K27me3_ChIP_Yang2019_GSM3314710.fastq.gz
Approx 15% complete for E14_1h_H3K27me3_ChIP_Yang2019_GSM3314710_trimV5.fastq.gz
Approx 15% complete for E14_1h_H3K27me3_ChIP_Yang2019_GSM3314710.fastq.gz
Approx 20% complete for E14_1h_H3K27me3_ChIP_Yang2019_GSM3314710_trimV5.fastq.gz
Approx 20% complete for E14_1h_H3K27me3_ChIP_Yang2019_GSM3314710.fastq.gz
Approx 25% complete for E14_1h_H3K27me3_ChIP_Yang2019_GSM3314710.fastq.gz
Approx 25% complete for E14_1h_H3K27me3_ChIP_Yang2019_GSM3314710_trimV5.fastq.gz
Approx 30% complete for E14_1h_H3K27me3_ChIP_Yang2019_GSM3314710.fastq.gz
Approx 30% complete for E14_1h_H3K27me3_ChIP_Yang2019_GSM3314710_trimV5.fastq.gz
Approx 35% complete for E14_1h_H3K27me3_ChIP_Yang2019_GSM3314710.fastq.gz
Approx 35% complete for E14_1h_H3K27me3_ChIP_Yang2019_GSM3314710_trimV5.fastq.gz
Approx 40% complete for E14_1h_H3K27me3_ChIP_Yang2019_GSM3314710.fastq.gz
Approx 40% complete for E14_1h_H3K27me3_ChIP_Yang2019_GSM3314710_trimV5.fastq.gz
Approx 45% complete for E14_1h_H3K27me3_ChIP_Yang2019_GSM3314710.fastq.gz
Approx 45% complete for E14_1h_H3K27me3_ChIP_Yang2019_GSM3314710_trimV5.fastq.gz
Approx 50% complete for E14_1h_H3K27me3_ChIP_Yang2019_GSM3314710.fastq.gz
Approx 50% complete for E14_1h_H3K27me3_ChIP_Yang2019_GSM3314710_trimV5.fastq.gz
Approx 55% complete for E14_1h_H3K27me3_ChIP_Yang2019_GSM3314710.fastq.gz
Approx 55% complete for E14_1h_H3K27me3_ChIP_Yang2019_GSM3314710_trimV5.fastq.gz
Approx 60% complete for E14_1h_H3K27me3_ChIP_Yang2019_GSM3314710.fastq.gz
Approx 60% complete for E14_1h_H3K27me3_ChIP_Yang2019_GSM3314710_trimV5.fastq.gz
Approx 65% complete for E14_1h_H3K27me3_ChIP_Yang2019_GSM3314710.fastq.gz
Approx 65% complete for E14_1h_H3K27me3_ChIP_Yang2019_GSM3314710_trimV5.fastq.gz
Approx 70% complete for E14_1h_H3K27me3_ChIP_Yang2019_GSM3314710.fastq.gz
Approx 70% complete for E14_1h_H3K27me3_ChIP_Yang2019_GSM3314710_trimV5.fastq.gz
Approx 75% complete for E14_1h_H3K27me3_ChIP_Yang2019_GSM3314710.fastq.gz
Approx 75% complete for E14_1h_H3K27me3_ChIP_Yang2019_GSM3314710_trimV5.fastq.gz
Approx 80% complete for E14_1h_H3K27me3_ChIP_Yang2019_GSM3314710.fastq.gz
Approx 80% complete for E14_1h_H3K27me3_ChIP_Yang2019_GSM3314710_trimV5.fastq.gz
Approx 85% complete for E14_1h_H3K27me3_ChIP_Yang2019_GSM3314710.fastq.gz
Approx 85% complete for E14_1h_H3K27me3_ChIP_Yang2019_GSM3314710_trimV5.fastq.gz
Approx 90% complete for E14_1h_H3K27me3_ChIP_Yang2019_GSM3314710.fastq.gz
Approx 90% complete for E14_1h_H3K27me3_ChIP_Yang2019_GSM3314710_trimV5.fastq.gz
Approx 95% complete for E14_1h_H3K27me3_ChIP_Yang2019_GSM3314710.fastq.gz
Approx 95% complete for E14_1h_H3K27me3_ChIP_Yang2019_GSM3314710_trimV5.fastq.gz
Analysis complete for E14_1h_H3K27me3_ChIP_Yang2019_GSM3314710.fastq.gz
Analysis complete for E14_1h_H3K27me3_ChIP_Yang2019_GSM3314710_trimV5.fastq.gz
[fastQC] finished succesfully at [Wed Jul 3 08:37:09 PM CEST 2024]
[bowtie2 alignment] started with reference /data/reference_genomes/mm10/mm10 at [Wed Jul 3 08:37:09 PM CEST 2024]
[alignment] Bowtie2 alignment finished successfully at [Wed Jul 3 09:02:21 PM CEST 2024]
[sam grooming] started at [Wed Jul 3 09:03:58 PM CEST 2024]
21:03:59.882 INFO  NativeLibraryLoader - Loading libgkl_compression.so from jar:file:/home/robin/bin/miniconda3/share/picard-2.26.2-0/picard.jar!/com/intel/gkl/native/libgkl_compression.so
[Wed Jul 03 21:03:59 CEST 2024] CleanSam --INPUT E14_1h_H3K27me3_ChIP_Yang2019_GSM3314710_raw.sam --OUTPUT E14_1h_H3K27me3_ChIP_Yang2019_GSM3314710_cleaned.sam --TMP_DIR . --VERBOSITY INFO --QUIET false --VALIDATION_STRINGENCY STRICT --COMPRESSION_LEVEL 5 --MAX_RECORDS_IN_RAM 500000 --CREATE_INDEX false --CREATE_MD5_FILE false --GA4GH_CLIENT_SECRETS client_secrets.json --help false --version false --showHidden false --USE_JDK_DEFLATER false --USE_JDK_INFLATER false
[Wed Jul 03 21:03:59 CEST 2024] Executing as robin@epipax.ijm.univ-paris-diderot.priv on Linux 6.1.0-21-amd64 amd64; OpenJDK 64-Bit Server VM 1.8.0_332-b09; Deflater: Intel; Inflater: Intel; Provider GCS is not available; Picard version: Version:2.26.2
INFO	2024-07-03 21:04:00	CleanSam	Seen many non-increasing record positions. Printing Read-names as well.
INFO	2024-07-03 21:04:06	CleanSam	Processed     1,000,000 records.  Elapsed time: 00:00:06s.  Time for last 1,000,000:    6s.  Last read position: chr12:67,838,036.  Last read name: SRR7624398.474302
INFO	2024-07-03 21:04:13	CleanSam	Processed     2,000,000 records.  Elapsed time: 00:00:13s.  Time for last 1,000,000:    6s.  Last read position: chr19:24,040,124.  Last read name: SRR7624398.8935454
INFO	2024-07-03 21:04:20	CleanSam	Processed     3,000,000 records.  Elapsed time: 00:00:19s.  Time for last 1,000,000:    6s.  Last read position: chr15:21,992,582.  Last read name: SRR7624398.34516211
INFO	2024-07-03 21:04:27	CleanSam	Processed     4,000,000 records.  Elapsed time: 00:00:26s.  Time for last 1,000,000:    6s.  Last read position: chr17:18,647,160.  Last read name: SRR7624398.6266444
INFO	2024-07-03 21:04:34	CleanSam	Processed     5,000,000 records.  Elapsed time: 00:00:34s.  Time for last 1,000,000:    7s.  Last read position: chr17:6,496,390.  Last read name: SRR7624398.928850
INFO	2024-07-03 21:04:42	CleanSam	Processed     6,000,000 records.  Elapsed time: 00:00:42s.  Time for last 1,000,000:    8s.  Last read position: chr13:21,479,042.  Last read name: SRR7624398.5925890
INFO	2024-07-03 21:04:49	CleanSam	Processed     7,000,000 records.  Elapsed time: 00:00:49s.  Time for last 1,000,000:    6s.  Last read position: chr15:87,588,252.  Last read name: SRR7624398.37331765
INFO	2024-07-03 21:04:54	CleanSam	Processed     8,000,000 records.  Elapsed time: 00:00:54s.  Time for last 1,000,000:    5s.  Last read position: chr13:104,083,800.  Last read name: SRR7624398.26552279
INFO	2024-07-03 21:05:00	CleanSam	Processed     9,000,000 records.  Elapsed time: 00:01:00s.  Time for last 1,000,000:    6s.  Last read position: chr3:124,803,597.  Last read name: SRR7624398.12735897
INFO	2024-07-03 21:05:07	CleanSam	Processed    10,000,000 records.  Elapsed time: 00:01:07s.  Time for last 1,000,000:    7s.  Last read position: chr6:16,980,695.  Last read name: SRR7624398.4495777
INFO	2024-07-03 21:05:14	CleanSam	Processed    11,000,000 records.  Elapsed time: 00:01:14s.  Time for last 1,000,000:    6s.  Last read position: chr4:8,920,863.  Last read name: SRR7624398.17205573
INFO	2024-07-03 21:05:21	CleanSam	Processed    12,000,000 records.  Elapsed time: 00:01:21s.  Time for last 1,000,000:    6s.  Last read position: chr5:75,163,700.  Last read name: SRR7624398.38189674
INFO	2024-07-03 21:05:28	CleanSam	Processed    13,000,000 records.  Elapsed time: 00:01:28s.  Time for last 1,000,000:    6s.  Last read position: chr19:18,179,031.  Last read name: SRR7624398.24530405
INFO	2024-07-03 21:05:34	CleanSam	Processed    14,000,000 records.  Elapsed time: 00:01:34s.  Time for last 1,000,000:    6s.  Last read position: chr5:108,367,859.  Last read name: SRR7624398.12115285
INFO	2024-07-03 21:05:43	CleanSam	Processed    15,000,000 records.  Elapsed time: 00:01:42s.  Time for last 1,000,000:    8s.  Last read position: chr19:20,741,521.  Last read name: SRR7624398.34848185
INFO	2024-07-03 21:05:49	CleanSam	Processed    16,000,000 records.  Elapsed time: 00:01:49s.  Time for last 1,000,000:    6s.  Last read position: chr17:69,107,576.  Last read name: SRR7624398.3779080
INFO	2024-07-03 21:05:56	CleanSam	Processed    17,000,000 records.  Elapsed time: 00:01:56s.  Time for last 1,000,000:    6s.  Last read position: chr1:71,379,856.  Last read name: SRR7624398.23652568
INFO	2024-07-03 21:06:02	CleanSam	Processed    18,000,000 records.  Elapsed time: 00:02:02s.  Time for last 1,000,000:    6s.  Last read position: chr4:11,360,934.  Last read name: SRR7624398.4225794
INFO	2024-07-03 21:06:09	CleanSam	Processed    19,000,000 records.  Elapsed time: 00:02:08s.  Time for last 1,000,000:    6s.  Last read position: chr2:72,432,909.  Last read name: SRR7624398.37722644
INFO	2024-07-03 21:06:15	CleanSam	Processed    20,000,000 records.  Elapsed time: 00:02:15s.  Time for last 1,000,000:    6s.  Last read position: chr9:46,879,238.  Last read name: SRR7624398.9939687
INFO	2024-07-03 21:06:21	CleanSam	Processed    21,000,000 records.  Elapsed time: 00:02:21s.  Time for last 1,000,000:    5s.  Last read position: chr8:34,754,537.  Last read name: SRR7624398.7261119
INFO	2024-07-03 21:06:28	CleanSam	Processed    22,000,000 records.  Elapsed time: 00:02:28s.  Time for last 1,000,000:    6s.  Last read position: chr7:127,927,624.  Last read name: SRR7624398.15058904
INFO	2024-07-03 21:06:34	CleanSam	Processed    23,000,000 records.  Elapsed time: 00:02:34s.  Time for last 1,000,000:    6s.  Last read position: chr4:64,957,110.  Last read name: SRR7624398.38032906
INFO	2024-07-03 21:06:40	CleanSam	Processed    24,000,000 records.  Elapsed time: 00:02:40s.  Time for last 1,000,000:    5s.  Last read position: chr18:80,598,833.  Last read name: SRR7624398.43022518
INFO	2024-07-03 21:06:46	CleanSam	Processed    25,000,000 records.  Elapsed time: 00:02:46s.  Time for last 1,000,000:    6s.  Last read position: chr15:89,144,594.  Last read name: SRR7624398.6165034
INFO	2024-07-03 21:06:53	CleanSam	Processed    26,000,000 records.  Elapsed time: 00:02:53s.  Time for last 1,000,000:    6s.  Last read position: chr2:168,246,416.  Last read name: SRR7624398.29728787
INFO	2024-07-03 21:07:00	CleanSam	Processed    27,000,000 records.  Elapsed time: 00:03:00s.  Time for last 1,000,000:    6s.  Last read position: chr3:33,949,362.  Last read name: SRR7624398.29763406
INFO	2024-07-03 21:07:06	CleanSam	Processed    28,000,000 records.  Elapsed time: 00:03:06s.  Time for last 1,000,000:    6s.  Last read position: chr1:22,168,669.  Last read name: SRR7624398.26023082
INFO	2024-07-03 21:07:14	CleanSam	Processed    29,000,000 records.  Elapsed time: 00:03:14s.  Time for last 1,000,000:    7s.  Last read position: chr2:167,979,842.  Last read name: SRR7624398.29728380
INFO	2024-07-03 21:07:20	CleanSam	Processed    30,000,000 records.  Elapsed time: 00:03:20s.  Time for last 1,000,000:    6s.  Last read position: chr4:140,072,517.  Last read name: SRR7624398.4330785
INFO	2024-07-03 21:07:26	CleanSam	Processed    31,000,000 records.  Elapsed time: 00:03:26s.  Time for last 1,000,000:    6s.  Last read position: chr8:19,540,010.  Last read name: SRR7624398.9799815
INFO	2024-07-03 21:07:33	CleanSam	Processed    32,000,000 records.  Elapsed time: 00:03:33s.  Time for last 1,000,000:    7s.  Last read position: chrX:167,522,554.  Last read name: SRR7624398.10062675
INFO	2024-07-03 21:07:39	CleanSam	Processed    33,000,000 records.  Elapsed time: 00:03:39s.  Time for last 1,000,000:    5s.  Last read position: chr2:45,540,225.  Last read name: SRR7624398.43128702
INFO	2024-07-03 21:07:46	CleanSam	Processed    34,000,000 records.  Elapsed time: 00:03:46s.  Time for last 1,000,000:    6s.  Last read position: chr4:26,825,798.  Last read name: SRR7624398.23339943
INFO	2024-07-03 21:07:52	CleanSam	Processed    35,000,000 records.  Elapsed time: 00:03:52s.  Time for last 1,000,000:    6s.  Last read position: chr13:57,791,311.  Last read name: SRR7624398.11064718
INFO	2024-07-03 21:07:58	CleanSam	Processed    36,000,000 records.  Elapsed time: 00:03:58s.  Time for last 1,000,000:    6s.  Last read position: chr5:49,297,945.  Last read name: SRR7624398.1676540
INFO	2024-07-03 21:08:05	CleanSam	Processed    37,000,000 records.  Elapsed time: 00:04:05s.  Time for last 1,000,000:    6s.  Last read position: chrX:12,938,648.  Last read name: SRR7624398.23123508
INFO	2024-07-03 21:08:11	CleanSam	Processed    38,000,000 records.  Elapsed time: 00:04:11s.  Time for last 1,000,000:    6s.  Last read position: chr4:32,832,513.  Last read name: SRR7624398.29891441
[Wed Jul 03 21:08:22 CEST 2024] picard.sam.CleanSam done. Elapsed time: 4.37 minutes.
Runtime.totalMemory()=596115456
21:08:23.932 INFO  NativeLibraryLoader - Loading libgkl_compression.so from jar:file:/home/robin/bin/miniconda3/share/picard-2.26.2-0/picard.jar!/com/intel/gkl/native/libgkl_compression.so
[Wed Jul 03 21:08:23 CEST 2024] SamFormatConverter --INPUT E14_1h_H3K27me3_ChIP_Yang2019_GSM3314710_cleaned.sam --OUTPUT E14_1h_H3K27me3_ChIP_Yang2019_GSM3314710_unsorted.bam --TMP_DIR . --VERBOSITY INFO --QUIET false --VALIDATION_STRINGENCY STRICT --COMPRESSION_LEVEL 5 --MAX_RECORDS_IN_RAM 500000 --CREATE_INDEX false --CREATE_MD5_FILE false --GA4GH_CLIENT_SECRETS client_secrets.json --help false --version false --showHidden false --USE_JDK_DEFLATER false --USE_JDK_INFLATER false
[Wed Jul 03 21:08:23 CEST 2024] Executing as robin@epipax.ijm.univ-paris-diderot.priv on Linux 6.1.0-21-amd64 amd64; OpenJDK 64-Bit Server VM 1.8.0_332-b09; Deflater: Intel; Inflater: Intel; Provider GCS is not available; Picard version: Version:2.26.2
INFO	2024-07-03 21:08:25	SamFormatConverter	Seen many non-increasing record positions. Printing Read-names as well.
INFO	2024-07-03 21:08:36	SamFormatConverter	Processed     1,000,000 records.  Elapsed time: 00:00:11s.  Time for last 1,000,000:   11s.  Last read position: chr12:67,838,036.  Last read name: SRR7624398.474302
INFO	2024-07-03 21:08:46	SamFormatConverter	Processed     2,000,000 records.  Elapsed time: 00:00:21s.  Time for last 1,000,000:   10s.  Last read position: chr19:24,040,124.  Last read name: SRR7624398.8935454
INFO	2024-07-03 21:08:55	SamFormatConverter	Processed     3,000,000 records.  Elapsed time: 00:00:30s.  Time for last 1,000,000:    8s.  Last read position: chr15:21,992,582.  Last read name: SRR7624398.34516211
INFO	2024-07-03 21:09:05	SamFormatConverter	Processed     4,000,000 records.  Elapsed time: 00:00:40s.  Time for last 1,000,000:    9s.  Last read position: chr17:18,647,160.  Last read name: SRR7624398.6266444
INFO	2024-07-03 21:09:13	SamFormatConverter	Processed     5,000,000 records.  Elapsed time: 00:00:48s.  Time for last 1,000,000:    8s.  Last read position: chr17:6,496,390.  Last read name: SRR7624398.928850
INFO	2024-07-03 21:09:24	SamFormatConverter	Processed     6,000,000 records.  Elapsed time: 00:00:59s.  Time for last 1,000,000:   10s.  Last read position: chr13:21,479,042.  Last read name: SRR7624398.5925890
INFO	2024-07-03 21:09:33	SamFormatConverter	Processed     7,000,000 records.  Elapsed time: 00:01:08s.  Time for last 1,000,000:    9s.  Last read position: chr15:87,588,252.  Last read name: SRR7624398.37331765
INFO	2024-07-03 21:09:42	SamFormatConverter	Processed     8,000,000 records.  Elapsed time: 00:01:17s.  Time for last 1,000,000:    9s.  Last read position: chr13:104,083,800.  Last read name: SRR7624398.26552279
INFO	2024-07-03 21:09:52	SamFormatConverter	Processed     9,000,000 records.  Elapsed time: 00:01:27s.  Time for last 1,000,000:    9s.  Last read position: chr3:124,803,597.  Last read name: SRR7624398.12735897
INFO	2024-07-03 21:10:01	SamFormatConverter	Processed    10,000,000 records.  Elapsed time: 00:01:36s.  Time for last 1,000,000:    9s.  Last read position: chr6:16,980,695.  Last read name: SRR7624398.4495777
INFO	2024-07-03 21:10:12	SamFormatConverter	Processed    11,000,000 records.  Elapsed time: 00:01:47s.  Time for last 1,000,000:   10s.  Last read position: chr4:8,920,863.  Last read name: SRR7624398.17205573
INFO	2024-07-03 21:10:21	SamFormatConverter	Processed    12,000,000 records.  Elapsed time: 00:01:56s.  Time for last 1,000,000:    9s.  Last read position: chr5:75,163,700.  Last read name: SRR7624398.38189674
INFO	2024-07-03 21:10:33	SamFormatConverter	Processed    13,000,000 records.  Elapsed time: 00:02:08s.  Time for last 1,000,000:   11s.  Last read position: chr19:18,179,031.  Last read name: SRR7624398.24530405
INFO	2024-07-03 21:10:44	SamFormatConverter	Processed    14,000,000 records.  Elapsed time: 00:02:19s.  Time for last 1,000,000:   10s.  Last read position: chr5:108,367,859.  Last read name: SRR7624398.12115285
INFO	2024-07-03 21:10:55	SamFormatConverter	Processed    15,000,000 records.  Elapsed time: 00:02:30s.  Time for last 1,000,000:   11s.  Last read position: chr19:20,741,521.  Last read name: SRR7624398.34848185
INFO	2024-07-03 21:11:06	SamFormatConverter	Processed    16,000,000 records.  Elapsed time: 00:02:40s.  Time for last 1,000,000:   10s.  Last read position: chr17:69,107,576.  Last read name: SRR7624398.3779080
INFO	2024-07-03 21:11:16	SamFormatConverter	Processed    17,000,000 records.  Elapsed time: 00:02:51s.  Time for last 1,000,000:   11s.  Last read position: chr1:71,379,856.  Last read name: SRR7624398.23652568
INFO	2024-07-03 21:11:25	SamFormatConverter	Processed    18,000,000 records.  Elapsed time: 00:03:00s.  Time for last 1,000,000:    9s.  Last read position: chr4:11,360,934.  Last read name: SRR7624398.4225794
INFO	2024-07-03 21:11:34	SamFormatConverter	Processed    19,000,000 records.  Elapsed time: 00:03:09s.  Time for last 1,000,000:    8s.  Last read position: chr2:72,432,909.  Last read name: SRR7624398.37722644
INFO	2024-07-03 21:11:45	SamFormatConverter	Processed    20,000,000 records.  Elapsed time: 00:03:20s.  Time for last 1,000,000:   11s.  Last read position: chr9:46,879,238.  Last read name: SRR7624398.9939687
INFO	2024-07-03 21:11:56	SamFormatConverter	Processed    21,000,000 records.  Elapsed time: 00:03:31s.  Time for last 1,000,000:   11s.  Last read position: chr8:34,754,537.  Last read name: SRR7624398.7261119
INFO	2024-07-03 21:12:07	SamFormatConverter	Processed    22,000,000 records.  Elapsed time: 00:03:43s.  Time for last 1,000,000:   11s.  Last read position: chr7:127,927,624.  Last read name: SRR7624398.15058904
INFO	2024-07-03 21:12:18	SamFormatConverter	Processed    23,000,000 records.  Elapsed time: 00:03:53s.  Time for last 1,000,000:   10s.  Last read position: chr4:64,957,110.  Last read name: SRR7624398.38032906
INFO	2024-07-03 21:12:28	SamFormatConverter	Processed    24,000,000 records.  Elapsed time: 00:04:03s.  Time for last 1,000,000:   10s.  Last read position: chr18:80,598,833.  Last read name: SRR7624398.43022518
INFO	2024-07-03 21:12:39	SamFormatConverter	Processed    25,000,000 records.  Elapsed time: 00:04:14s.  Time for last 1,000,000:   10s.  Last read position: chr15:89,144,594.  Last read name: SRR7624398.6165034
INFO	2024-07-03 21:12:48	SamFormatConverter	Processed    26,000,000 records.  Elapsed time: 00:04:23s.  Time for last 1,000,000:    9s.  Last read position: chr2:168,246,416.  Last read name: SRR7624398.29728787
INFO	2024-07-03 21:12:59	SamFormatConverter	Processed    27,000,000 records.  Elapsed time: 00:04:34s.  Time for last 1,000,000:   10s.  Last read position: chr3:33,949,362.  Last read name: SRR7624398.29763406
INFO	2024-07-03 21:13:09	SamFormatConverter	Processed    28,000,000 records.  Elapsed time: 00:04:44s.  Time for last 1,000,000:    9s.  Last read position: chr1:22,168,669.  Last read name: SRR7624398.26023082
INFO	2024-07-03 21:13:18	SamFormatConverter	Processed    29,000,000 records.  Elapsed time: 00:04:53s.  Time for last 1,000,000:    9s.  Last read position: chr2:167,979,842.  Last read name: SRR7624398.29728380
INFO	2024-07-03 21:13:29	SamFormatConverter	Processed    30,000,000 records.  Elapsed time: 00:05:04s.  Time for last 1,000,000:   10s.  Last read position: chr4:140,072,517.  Last read name: SRR7624398.4330785
INFO	2024-07-03 21:13:38	SamFormatConverter	Processed    31,000,000 records.  Elapsed time: 00:05:13s.  Time for last 1,000,000:    9s.  Last read position: chr8:19,540,010.  Last read name: SRR7624398.9799815
INFO	2024-07-03 21:13:47	SamFormatConverter	Processed    32,000,000 records.  Elapsed time: 00:05:22s.  Time for last 1,000,000:    8s.  Last read position: chrX:167,522,554.  Last read name: SRR7624398.10062675
INFO	2024-07-03 21:13:56	SamFormatConverter	Processed    33,000,000 records.  Elapsed time: 00:05:31s.  Time for last 1,000,000:    9s.  Last read position: chr2:45,540,225.  Last read name: SRR7624398.43128702
INFO	2024-07-03 21:14:05	SamFormatConverter	Processed    34,000,000 records.  Elapsed time: 00:05:40s.  Time for last 1,000,000:    9s.  Last read position: chr4:26,825,798.  Last read name: SRR7624398.23339943
INFO	2024-07-03 21:14:14	SamFormatConverter	Processed    35,000,000 records.  Elapsed time: 00:05:49s.  Time for last 1,000,000:    9s.  Last read position: chr13:57,791,311.  Last read name: SRR7624398.11064718
INFO	2024-07-03 21:14:24	SamFormatConverter	Processed    36,000,000 records.  Elapsed time: 00:05:59s.  Time for last 1,000,000:    9s.  Last read position: chr5:49,297,945.  Last read name: SRR7624398.1676540
INFO	2024-07-03 21:14:32	SamFormatConverter	Processed    37,000,000 records.  Elapsed time: 00:06:07s.  Time for last 1,000,000:    8s.  Last read position: chrX:12,938,648.  Last read name: SRR7624398.23123508
INFO	2024-07-03 21:14:42	SamFormatConverter	Processed    38,000,000 records.  Elapsed time: 00:06:17s.  Time for last 1,000,000:    9s.  Last read position: chr4:32,832,513.  Last read name: SRR7624398.29891441
[Wed Jul 03 21:14:45 CEST 2024] picard.sam.SamFormatConverter done. Elapsed time: 6.36 minutes.
Runtime.totalMemory()=606601216
21:14:47.525 INFO  NativeLibraryLoader - Loading libgkl_compression.so from jar:file:/home/robin/bin/miniconda3/share/picard-2.26.2-0/picard.jar!/com/intel/gkl/native/libgkl_compression.so
[Wed Jul 03 21:14:47 CEST 2024] SortSam --INPUT E14_1h_H3K27me3_ChIP_Yang2019_GSM3314710_unsorted.bam --OUTPUT E14_1h_H3K27me3_ChIP_Yang2019_GSM3314710_sorted.bam --SORT_ORDER coordinate --TMP_DIR . --VERBOSITY INFO --QUIET false --VALIDATION_STRINGENCY STRICT --COMPRESSION_LEVEL 5 --MAX_RECORDS_IN_RAM 500000 --CREATE_INDEX false --CREATE_MD5_FILE false --GA4GH_CLIENT_SECRETS client_secrets.json --help false --version false --showHidden false --USE_JDK_DEFLATER false --USE_JDK_INFLATER false
[Wed Jul 03 21:14:47 CEST 2024] Executing as robin@epipax.ijm.univ-paris-diderot.priv on Linux 6.1.0-21-amd64 amd64; OpenJDK 64-Bit Server VM 1.8.0_332-b09; Deflater: Intel; Inflater: Intel; Provider GCS is not available; Picard version: Version:2.26.2
INFO	2024-07-03 21:14:47	SortSam	Seen many non-increasing record positions. Printing Read-names as well.
INFO	2024-07-03 21:16:03	SortSam	Read    10,000,000 records.  Elapsed time: 00:01:15s.  Time for last 10,000,000:   75s.  Last read position: chr6:16,980,695.  Last read name: SRR7624398.4495777
INFO	2024-07-03 21:17:18	SortSam	Read    20,000,000 records.  Elapsed time: 00:02:30s.  Time for last 10,000,000:   75s.  Last read position: chr9:46,879,238.  Last read name: SRR7624398.9939687
INFO	2024-07-03 21:18:33	SortSam	Read    30,000,000 records.  Elapsed time: 00:03:45s.  Time for last 10,000,000:   74s.  Last read position: chr4:140,072,517.  Last read name: SRR7624398.4330785
INFO	2024-07-03 21:19:26	SortSam	Finished reading inputs, merging and writing to output now.
INFO	2024-07-03 21:20:24	SortSam	Wrote    10,000,000 records from a sorting collection.  Elapsed time: 00:05:36s.  Time for last 10,000,000:   57s.  Last read position: chr4:154,752,416
INFO	2024-07-03 21:21:19	SortSam	Wrote    20,000,000 records from a sorting collection.  Elapsed time: 00:06:31s.  Time for last 10,000,000:   54s.  Last read position: chr9:74,849,197
INFO	2024-07-03 21:22:13	SortSam	Wrote    30,000,000 records from a sorting collection.  Elapsed time: 00:07:25s.  Time for last 10,000,000:   53s.  Last read position: chr15:3,826,760
[Wed Jul 03 21:22:53 CEST 2024] picard.sam.SortSam done. Elapsed time: 8.10 minutes.
Runtime.totalMemory()=1717567488
21:22:54.699 INFO  NativeLibraryLoader - Loading libgkl_compression.so from jar:file:/home/robin/bin/miniconda3/share/picard-2.26.2-0/picard.jar!/com/intel/gkl/native/libgkl_compression.so
[Wed Jul 03 21:22:54 CEST 2024] MarkDuplicates --INPUT E14_1h_H3K27me3_ChIP_Yang2019_GSM3314710_sorted.bam --OUTPUT E14_1h_H3K27me3_ChIP_Yang2019_GSM3314710.bam --METRICS_FILE E14_1h_H3K27me3_ChIP_Yang2019_GSM3314710_markDupeMetrics.txt --REMOVE_DUPLICATES false --TMP_DIR . --MAX_SEQUENCES_FOR_DISK_READ_ENDS_MAP 50000 --MAX_FILE_HANDLES_FOR_READ_ENDS_MAP 8000 --SORTING_COLLECTION_SIZE_RATIO 0.25 --TAG_DUPLICATE_SET_MEMBERS false --REMOVE_SEQUENCING_DUPLICATES false --TAGGING_POLICY DontTag --CLEAR_DT true --DUPLEX_UMI false --ADD_PG_TAG_TO_READS true --ASSUME_SORTED false --DUPLICATE_SCORING_STRATEGY SUM_OF_BASE_QUALITIES --PROGRAM_RECORD_ID MarkDuplicates --PROGRAM_GROUP_NAME MarkDuplicates --READ_NAME_REGEX <optimized capture of last three ':' separated fields as numeric values> --OPTICAL_DUPLICATE_PIXEL_DISTANCE 100 --MAX_OPTICAL_DUPLICATE_SET_SIZE 300000 --VERBOSITY INFO --QUIET false --VALIDATION_STRINGENCY STRICT --COMPRESSION_LEVEL 5 --MAX_RECORDS_IN_RAM 500000 --CREATE_INDEX false --CREATE_MD5_FILE false --GA4GH_CLIENT_SECRETS client_secrets.json --help false --version false --showHidden false --USE_JDK_DEFLATER false --USE_JDK_INFLATER false
[Wed Jul 03 21:22:54 CEST 2024] Executing as robin@epipax.ijm.univ-paris-diderot.priv on Linux 6.1.0-21-amd64 amd64; OpenJDK 64-Bit Server VM 1.8.0_332-b09; Deflater: Intel; Inflater: Intel; Provider GCS is not available; Picard version: Version:2.26.2
INFO	2024-07-03 21:22:54	MarkDuplicates	Start of doWork freeMemory: 501502512; totalMemory: 514850816; maxMemory: 1908932608
INFO	2024-07-03 21:22:54	MarkDuplicates	Reading input file and constructing read end information.
INFO	2024-07-03 21:22:54	MarkDuplicates	Will retain up to 6916422 data points before spilling to disk.
WARNING	2024-07-03 21:22:55	AbstractOpticalDuplicateFinderCommandLineProgram	A field field parsed out of a read name was expected to contain an integer and did not. Read name: SRR7624398.41680101. Cause: String 'SRR7624398.41680101' did not start with a parsable number.
INFO	2024-07-03 21:22:59	MarkDuplicates	Read     1,000,000 records.  Elapsed time: 00:00:04s.  Time for last 1,000,000:    4s.  Last read position: chr1:82,946,215
INFO	2024-07-03 21:22:59	MarkDuplicates	Tracking 0 as yet unmatched pairs. 0 records in RAM.
INFO	2024-07-03 21:23:03	MarkDuplicates	Read     2,000,000 records.  Elapsed time: 00:00:08s.  Time for last 1,000,000:    3s.  Last read position: chr1:159,129,716
INFO	2024-07-03 21:23:03	MarkDuplicates	Tracking 0 as yet unmatched pairs. 0 records in RAM.
INFO	2024-07-03 21:23:06	MarkDuplicates	Read     3,000,000 records.  Elapsed time: 00:00:11s.  Time for last 1,000,000:    3s.  Last read position: chr2:26,729,945
INFO	2024-07-03 21:23:06	MarkDuplicates	Tracking 0 as yet unmatched pairs. 0 records in RAM.
INFO	2024-07-03 21:23:11	MarkDuplicates	Read     4,000,000 records.  Elapsed time: 00:00:16s.  Time for last 1,000,000:    4s.  Last read position: chr2:94,064,373
INFO	2024-07-03 21:23:11	MarkDuplicates	Tracking 0 as yet unmatched pairs. 0 records in RAM.
INFO	2024-07-03 21:23:14	MarkDuplicates	Read     5,000,000 records.  Elapsed time: 00:00:19s.  Time for last 1,000,000:    3s.  Last read position: chr2:154,408,518
INFO	2024-07-03 21:23:14	MarkDuplicates	Tracking 0 as yet unmatched pairs. 0 records in RAM.
INFO	2024-07-03 21:23:18	MarkDuplicates	Read     6,000,000 records.  Elapsed time: 00:00:23s.  Time for last 1,000,000:    3s.  Last read position: chr3:40,999,024
INFO	2024-07-03 21:23:18	MarkDuplicates	Tracking 0 as yet unmatched pairs. 0 records in RAM.
INFO	2024-07-03 21:23:24	MarkDuplicates	Read     7,000,000 records.  Elapsed time: 00:00:29s.  Time for last 1,000,000:    6s.  Last read position: chr3:112,281,015
INFO	2024-07-03 21:23:24	MarkDuplicates	Tracking 0 as yet unmatched pairs. 0 records in RAM.
INFO	2024-07-03 21:23:28	MarkDuplicates	Read     8,000,000 records.  Elapsed time: 00:00:33s.  Time for last 1,000,000:    3s.  Last read position: chr4:31,395,198
INFO	2024-07-03 21:23:28	MarkDuplicates	Tracking 0 as yet unmatched pairs. 0 records in RAM.
INFO	2024-07-03 21:23:31	MarkDuplicates	Read     9,000,000 records.  Elapsed time: 00:00:36s.  Time for last 1,000,000:    3s.  Last read position: chr4:105,252,077
INFO	2024-07-03 21:23:31	MarkDuplicates	Tracking 0 as yet unmatched pairs. 0 records in RAM.
INFO	2024-07-03 21:23:35	MarkDuplicates	Read    10,000,000 records.  Elapsed time: 00:00:40s.  Time for last 1,000,000:    3s.  Last read position: chr4:154,752,416
INFO	2024-07-03 21:23:35	MarkDuplicates	Tracking 0 as yet unmatched pairs. 0 records in RAM.
INFO	2024-07-03 21:23:38	MarkDuplicates	Read    11,000,000 records.  Elapsed time: 00:00:43s.  Time for last 1,000,000:    3s.  Last read position: chr5:73,265,834
INFO	2024-07-03 21:23:38	MarkDuplicates	Tracking 0 as yet unmatched pairs. 0 records in RAM.
INFO	2024-07-03 21:23:43	MarkDuplicates	Read    12,000,000 records.  Elapsed time: 00:00:48s.  Time for last 1,000,000:    4s.  Last read position: chr5:129,181,732
INFO	2024-07-03 21:23:43	MarkDuplicates	Tracking 0 as yet unmatched pairs. 0 records in RAM.
INFO	2024-07-03 21:23:47	MarkDuplicates	Read    13,000,000 records.  Elapsed time: 00:00:51s.  Time for last 1,000,000:    3s.  Last read position: chr6:45,089,917
INFO	2024-07-03 21:23:47	MarkDuplicates	Tracking 0 as yet unmatched pairs. 0 records in RAM.
INFO	2024-07-03 21:23:52	MarkDuplicates	Read    14,000,000 records.  Elapsed time: 00:00:57s.  Time for last 1,000,000:    5s.  Last read position: chr6:113,880,964
INFO	2024-07-03 21:23:52	MarkDuplicates	Tracking 0 as yet unmatched pairs. 0 records in RAM.
INFO	2024-07-03 21:23:56	MarkDuplicates	Read    15,000,000 records.  Elapsed time: 00:01:01s.  Time for last 1,000,000:    3s.  Last read position: chr7:38,058,076
INFO	2024-07-03 21:23:56	MarkDuplicates	Tracking 0 as yet unmatched pairs. 0 records in RAM.
INFO	2024-07-03 21:24:00	MarkDuplicates	Read    16,000,000 records.  Elapsed time: 00:01:04s.  Time for last 1,000,000:    3s.  Last read position: chr7:110,850,537
INFO	2024-07-03 21:24:00	MarkDuplicates	Tracking 0 as yet unmatched pairs. 0 records in RAM.
INFO	2024-07-03 21:24:04	MarkDuplicates	Read    17,000,000 records.  Elapsed time: 00:01:09s.  Time for last 1,000,000:    4s.  Last read position: chr8:20,437,581
INFO	2024-07-03 21:24:04	MarkDuplicates	Tracking 0 as yet unmatched pairs. 0 records in RAM.
INFO	2024-07-03 21:24:08	MarkDuplicates	Read    18,000,000 records.  Elapsed time: 00:01:13s.  Time for last 1,000,000:    3s.  Last read position: chr8:91,562,684
INFO	2024-07-03 21:24:08	MarkDuplicates	Tracking 0 as yet unmatched pairs. 0 records in RAM.
INFO	2024-07-03 21:24:12	MarkDuplicates	Read    19,000,000 records.  Elapsed time: 00:01:16s.  Time for last 1,000,000:    3s.  Last read position: chr9:17,019,096
INFO	2024-07-03 21:24:12	MarkDuplicates	Tracking 0 as yet unmatched pairs. 0 records in RAM.
INFO	2024-07-03 21:24:15	MarkDuplicates	Read    20,000,000 records.  Elapsed time: 00:01:20s.  Time for last 1,000,000:    3s.  Last read position: chr9:74,849,197
INFO	2024-07-03 21:24:15	MarkDuplicates	Tracking 0 as yet unmatched pairs. 0 records in RAM.
INFO	2024-07-03 21:24:22	MarkDuplicates	Read    21,000,000 records.  Elapsed time: 00:01:27s.  Time for last 1,000,000:    6s.  Last read position: chr10:17,398,286
INFO	2024-07-03 21:24:22	MarkDuplicates	Tracking 0 as yet unmatched pairs. 0 records in RAM.
INFO	2024-07-03 21:24:26	MarkDuplicates	Read    22,000,000 records.  Elapsed time: 00:01:31s.  Time for last 1,000,000:    4s.  Last read position: chr10:86,073,597
INFO	2024-07-03 21:24:26	MarkDuplicates	Tracking 0 as yet unmatched pairs. 0 records in RAM.
INFO	2024-07-03 21:24:30	MarkDuplicates	Read    23,000,000 records.  Elapsed time: 00:01:35s.  Time for last 1,000,000:    4s.  Last read position: chr11:26,881,744
INFO	2024-07-03 21:24:30	MarkDuplicates	Tracking 0 as yet unmatched pairs. 0 records in RAM.
INFO	2024-07-03 21:24:35	MarkDuplicates	Read    24,000,000 records.  Elapsed time: 00:01:39s.  Time for last 1,000,000:    4s.  Last read position: chr11:83,612,158
INFO	2024-07-03 21:24:35	MarkDuplicates	Tracking 0 as yet unmatched pairs. 0 records in RAM.
INFO	2024-07-03 21:24:38	MarkDuplicates	Read    25,000,000 records.  Elapsed time: 00:01:43s.  Time for last 1,000,000:    3s.  Last read position: chr12:17,751,730
INFO	2024-07-03 21:24:38	MarkDuplicates	Tracking 0 as yet unmatched pairs. 0 records in RAM.
INFO	2024-07-03 21:24:42	MarkDuplicates	Read    26,000,000 records.  Elapsed time: 00:01:47s.  Time for last 1,000,000:    3s.  Last read position: chr12:95,845,220
INFO	2024-07-03 21:24:42	MarkDuplicates	Tracking 0 as yet unmatched pairs. 0 records in RAM.
INFO	2024-07-03 21:24:46	MarkDuplicates	Read    27,000,000 records.  Elapsed time: 00:01:51s.  Time for last 1,000,000:    3s.  Last read position: chr13:44,412,154
INFO	2024-07-03 21:24:46	MarkDuplicates	Tracking 0 as yet unmatched pairs. 0 records in RAM.
INFO	2024-07-03 21:24:52	MarkDuplicates	Read    28,000,000 records.  Elapsed time: 00:01:57s.  Time for last 1,000,000:    6s.  Last read position: chr13:107,908,887
INFO	2024-07-03 21:24:52	MarkDuplicates	Tracking 0 as yet unmatched pairs. 0 records in RAM.
INFO	2024-07-03 21:24:55	MarkDuplicates	Read    29,000,000 records.  Elapsed time: 00:02:00s.  Time for last 1,000,000:    3s.  Last read position: chr14:53,799,143
INFO	2024-07-03 21:24:55	MarkDuplicates	Tracking 0 as yet unmatched pairs. 0 records in RAM.
INFO	2024-07-03 21:25:00	MarkDuplicates	Read    30,000,000 records.  Elapsed time: 00:02:05s.  Time for last 1,000,000:    4s.  Last read position: chr15:3,826,760
INFO	2024-07-03 21:25:00	MarkDuplicates	Tracking 0 as yet unmatched pairs. 0 records in RAM.
INFO	2024-07-03 21:25:04	MarkDuplicates	Read    31,000,000 records.  Elapsed time: 00:02:09s.  Time for last 1,000,000:    3s.  Last read position: chr15:80,456,743
INFO	2024-07-03 21:25:04	MarkDuplicates	Tracking 0 as yet unmatched pairs. 0 records in RAM.
INFO	2024-07-03 21:25:07	MarkDuplicates	Read    32,000,000 records.  Elapsed time: 00:02:12s.  Time for last 1,000,000:    3s.  Last read position: chr16:38,510,543
INFO	2024-07-03 21:25:07	MarkDuplicates	Tracking 0 as yet unmatched pairs. 0 records in RAM.
INFO	2024-07-03 21:25:11	MarkDuplicates	Read    33,000,000 records.  Elapsed time: 00:02:16s.  Time for last 1,000,000:    3s.  Last read position: chr17:15,215,954
INFO	2024-07-03 21:25:11	MarkDuplicates	Tracking 0 as yet unmatched pairs. 0 records in RAM.
INFO	2024-07-03 21:25:15	MarkDuplicates	Read    34,000,000 records.  Elapsed time: 00:02:20s.  Time for last 1,000,000:    3s.  Last read position: chr17:83,117,654
INFO	2024-07-03 21:25:15	MarkDuplicates	Tracking 0 as yet unmatched pairs. 0 records in RAM.
INFO	2024-07-03 21:25:21	MarkDuplicates	Read    35,000,000 records.  Elapsed time: 00:02:26s.  Time for last 1,000,000:    6s.  Last read position: chr18:65,873,452
INFO	2024-07-03 21:25:21	MarkDuplicates	Tracking 0 as yet unmatched pairs. 0 records in RAM.
INFO	2024-07-03 21:25:25	MarkDuplicates	Read    36,000,000 records.  Elapsed time: 00:02:30s.  Time for last 1,000,000:    3s.  Last read position: chr19:43,619,607
INFO	2024-07-03 21:25:25	MarkDuplicates	Tracking 0 as yet unmatched pairs. 0 records in RAM.
INFO	2024-07-03 21:25:28	MarkDuplicates	Read    37,000,000 records.  Elapsed time: 00:02:33s.  Time for last 1,000,000:    3s.  Last read position: chrX:135,599,418
INFO	2024-07-03 21:25:28	MarkDuplicates	Tracking 0 as yet unmatched pairs. 0 records in RAM.
INFO	2024-07-03 21:25:31	MarkDuplicates	Read 37619819 records. 0 pairs never matched.
INFO	2024-07-03 21:25:32	MarkDuplicates	After buildSortedReadEndLists freeMemory: 1394421856; totalMemory: 1439170560; maxMemory: 1908932608
INFO	2024-07-03 21:25:32	MarkDuplicates	Will retain up to 59654144 duplicate indices before spilling to disk.
INFO	2024-07-03 21:25:32	MarkDuplicates	Traversing read pair information and detecting duplicates.
INFO	2024-07-03 21:25:32	MarkDuplicates	Traversing fragment information and detecting duplicates.
INFO	2024-07-03 21:25:42	MarkDuplicates	Sorting list of duplicate records.
INFO	2024-07-03 21:25:42	MarkDuplicates	After generateDuplicateIndexes freeMemory: 941109480; totalMemory: 1435500544; maxMemory: 1908932608
INFO	2024-07-03 21:25:42	MarkDuplicates	Marking 312583 records as duplicates.
INFO	2024-07-03 21:25:42	MarkDuplicates	Found 0 optical duplicate clusters.
INFO	2024-07-03 21:25:42	MarkDuplicates	Reads are assumed to be ordered by: coordinate
INFO	2024-07-03 21:26:50	MarkDuplicates	Written    10,000,000 records.  Elapsed time: 00:01:07s.  Time for last 10,000,000:   67s.  Last read position: chr4:154,752,416
INFO	2024-07-03 21:27:57	MarkDuplicates	Written    20,000,000 records.  Elapsed time: 00:02:14s.  Time for last 10,000,000:   66s.  Last read position: chr9:74,849,197
INFO	2024-07-03 21:29:04	MarkDuplicates	Written    30,000,000 records.  Elapsed time: 00:03:21s.  Time for last 10,000,000:   67s.  Last read position: chr15:3,826,760
INFO	2024-07-03 21:29:57	MarkDuplicates	Writing complete. Closing input iterator.
INFO	2024-07-03 21:29:57	MarkDuplicates	Duplicate Index cleanup.
INFO	2024-07-03 21:29:57	MarkDuplicates	Getting Memory Stats.
INFO	2024-07-03 21:29:57	MarkDuplicates	Before output close freeMemory: 1449242848; totalMemory: 1468006400; maxMemory: 1908932608
INFO	2024-07-03 21:29:57	MarkDuplicates	Closed outputs. Getting more Memory Stats.
INFO	2024-07-03 21:29:58	MarkDuplicates	After output close freeMemory: 1449242848; totalMemory: 1468006400; maxMemory: 1908932608
[Wed Jul 03 21:29:58 CEST 2024] picard.sam.markduplicates.MarkDuplicates done. Elapsed time: 7.06 minutes.
Runtime.totalMemory()=1468006400
[sam grooming] finished successfully at [Wed Jul 3 09:30:08 PM CEST 2024]
[trueStats] Collecting alignment statistics for E14_1h_H3K27me3_ChIP_Yang2019_GSM3314710.bam at [Wed Jul 3 09:30:56 PM CEST 2024]
[bamToWigCPMsmoothKeepDup] Started with bin size: 1 and smoothing over 0 bp and KEEPING DUPLICATES at [Wed Jul 3 09:34:24 PM CEST 2024]
There are 36493102 alignments, of which 290906 are completely within a blacklist region.
Due to filtering, 91.39402085024065% of the aforementioned alignments will be used 33086642.560484987
[bamToWigCPMsmoothKeepDup] finished successfully at [Wed Jul 3 09:52:41 PM CEST 2024]
[file cleanup] started. Good job! at [Wed Jul 3 09:52:41 PM CEST 2024]
cp: cannot stat '*.pdf': No such file or directory
mv: cannot stat '*.bed': No such file or directory
mv: preserving times for '/data/bigWigs/E14_1h_H3K27me3_ChIP_Yang2019_GSM3314710_trimV5_mm10_kpDup_q10_b1_s0_CPM.bw': Operation not permitted
mv: preserving permissions for ‘/data/bigWigs/E14_1h_H3K27me3_ChIP_Yang2019_GSM3314710_trimV5_mm10_kpDup_q10_b1_s0_CPM.bw’: Operation not permitted
mv: preserving times for '/data/bams/E14_1h_H3K27me3_ChIP_Yang2019_GSM3314710_trimV5_mm10.bam': Operation not permitted
mv: preserving permissions for ‘/data/bams/E14_1h_H3K27me3_ChIP_Yang2019_GSM3314710_trimV5_mm10.bam’: Operation not permitted
mv: preserving times for '/data/bams/E14_1h_H3K27me3_ChIP_Yang2019_GSM3314710_trimV5_mm10.bam.bai': Operation not permitted
mv: preserving permissions for ‘/data/bams/E14_1h_H3K27me3_ChIP_Yang2019_GSM3314710_trimV5_mm10.bam.bai’: Operation not permitted
mv: cannot stat '*.gtf': No such file or directory
