SCRATCH: /scratch
ls: cannot access '/data/fastq/E14_6h_H3K4me3_ChIP_Yang2019_GSM3314695*_R2.fastq.gz': No such file or directory
[masterDownload] Data are single-end. at [Thu Jul 4 12:23:50 AM CEST 2024]
[checkDependencies] Checking Dependencies [Thu Jul 4 12:23:50 AM CEST 2024] at [Thu Jul 4 12:23:50 AM CEST 2024]
[setup checkDependencies] trimmomatic... at [Thu Jul 4 12:23:50 AM CEST 2024]
[setup checkDependencies] STAR... at [Thu Jul 4 12:23:50 AM CEST 2024]
[setup checkDependencies] bismark... at [Thu Jul 4 12:23:50 AM CEST 2024]
[setup checkDependencies] bowtie2... at [Thu Jul 4 12:23:50 AM CEST 2024]
[setup checkDependencies] samtools... at [Thu Jul 4 12:23:50 AM CEST 2024]
[setup checkDependencies] picard... at [Thu Jul 4 12:23:50 AM CEST 2024]
[setup checkDependencies] awk... at [Thu Jul 4 12:23:50 AM CEST 2024]
[setup checkDependencies] bamCoverage... at [Thu Jul 4 12:23:51 AM CEST 2024]
[setup checkDependencies] fastqc... at [Thu Jul 4 12:23:51 AM CEST 2024]
[setup checkDependencies] fastq_screen... at [Thu Jul 4 12:23:51 AM CEST 2024]
[setup checkDependencies] stringtie... at [Thu Jul 4 12:23:51 AM CEST 2024]
[setup checkDependencies] clumpify.sh... at [Thu Jul 4 12:23:51 AM CEST 2024]
PAIRED: false
[setUpLogFile] Script started at [Thu Jul 4 12:23:51 AM CEST 2024] at [Thu Jul 4 12:23:51 AM CEST 2024]
[fastQC] started on raw FASTQs at [Thu Jul 4 12:23:51 AM CEST 2024]
Started analysis of E14_6h_H3K4me3_ChIP_Yang2019_GSM3314695_raw.fastq.gz
Approx 5% complete for E14_6h_H3K4me3_ChIP_Yang2019_GSM3314695_raw.fastq.gz
Approx 10% complete for E14_6h_H3K4me3_ChIP_Yang2019_GSM3314695_raw.fastq.gz
Approx 15% complete for E14_6h_H3K4me3_ChIP_Yang2019_GSM3314695_raw.fastq.gz
Approx 20% complete for E14_6h_H3K4me3_ChIP_Yang2019_GSM3314695_raw.fastq.gz
Approx 25% complete for E14_6h_H3K4me3_ChIP_Yang2019_GSM3314695_raw.fastq.gz
Approx 30% complete for E14_6h_H3K4me3_ChIP_Yang2019_GSM3314695_raw.fastq.gz
Approx 35% complete for E14_6h_H3K4me3_ChIP_Yang2019_GSM3314695_raw.fastq.gz
Approx 40% complete for E14_6h_H3K4me3_ChIP_Yang2019_GSM3314695_raw.fastq.gz
Approx 45% complete for E14_6h_H3K4me3_ChIP_Yang2019_GSM3314695_raw.fastq.gz
Approx 50% complete for E14_6h_H3K4me3_ChIP_Yang2019_GSM3314695_raw.fastq.gz
Approx 55% complete for E14_6h_H3K4me3_ChIP_Yang2019_GSM3314695_raw.fastq.gz
Approx 60% complete for E14_6h_H3K4me3_ChIP_Yang2019_GSM3314695_raw.fastq.gz
Approx 65% complete for E14_6h_H3K4me3_ChIP_Yang2019_GSM3314695_raw.fastq.gz
Approx 70% complete for E14_6h_H3K4me3_ChIP_Yang2019_GSM3314695_raw.fastq.gz
Approx 75% complete for E14_6h_H3K4me3_ChIP_Yang2019_GSM3314695_raw.fastq.gz
Approx 80% complete for E14_6h_H3K4me3_ChIP_Yang2019_GSM3314695_raw.fastq.gz
Approx 85% complete for E14_6h_H3K4me3_ChIP_Yang2019_GSM3314695_raw.fastq.gz
Approx 90% complete for E14_6h_H3K4me3_ChIP_Yang2019_GSM3314695_raw.fastq.gz
Approx 95% complete for E14_6h_H3K4me3_ChIP_Yang2019_GSM3314695_raw.fastq.gz
Analysis complete for E14_6h_H3K4me3_ChIP_Yang2019_GSM3314695_raw.fastq.gz
[fastQC] on raw FASTQs finished succesfully. Will remove PCR duplicates now at [Thu Jul 4 12:27:00 AM CEST 2024]
Reads are length: 52 at [Thu Jul 4 12:27:01 AM CEST 2024]
Reads with same sequence 1 or fewer substitutions will be marked as PCR duplicates at [Thu Jul 4 12:27:01 AM CEST 2024]
Removal of PCR duplicates complete! at [Thu Jul 4 12:46:41 AM CEST 2024]
[trimReads] Started using version trimV5 parameters at [Thu Jul 4 12:46:41 AM CEST 2024]
ILLUMINACLIP:/data/reference_genomes/adapters/adapters.fa:2:30:10 SLIDINGWINDOW:4:20 MINLEN:24
[trimReads] Trimming E14_6h_H3K4me3_ChIP_Yang2019_GSM3314695.fastq.gz... at [Thu Jul 4 12:46:42 AM CEST 2024]
[trimReads] Finished successfully at [Thu Jul 4 12:54:02 AM CEST 2024]
[fastQC] started on E14_6h_H3K4me3_ChIP_Yang2019_GSM3314695.fastq.gz E14_6h_H3K4me3_ChIP_Yang2019_GSM3314695_trimV5.fastq.gz at [Thu Jul 4 12:54:02 AM CEST 2024]
Started analysis of E14_6h_H3K4me3_ChIP_Yang2019_GSM3314695.fastq.gz
Started analysis of E14_6h_H3K4me3_ChIP_Yang2019_GSM3314695_trimV5.fastq.gz
Approx 5% complete for E14_6h_H3K4me3_ChIP_Yang2019_GSM3314695.fastq.gz
Approx 5% complete for E14_6h_H3K4me3_ChIP_Yang2019_GSM3314695_trimV5.fastq.gz
Approx 10% complete for E14_6h_H3K4me3_ChIP_Yang2019_GSM3314695.fastq.gz
Approx 10% complete for E14_6h_H3K4me3_ChIP_Yang2019_GSM3314695_trimV5.fastq.gz
Approx 15% complete for E14_6h_H3K4me3_ChIP_Yang2019_GSM3314695.fastq.gz
Approx 15% complete for E14_6h_H3K4me3_ChIP_Yang2019_GSM3314695_trimV5.fastq.gz
Approx 20% complete for E14_6h_H3K4me3_ChIP_Yang2019_GSM3314695.fastq.gz
Approx 20% complete for E14_6h_H3K4me3_ChIP_Yang2019_GSM3314695_trimV5.fastq.gz
Approx 25% complete for E14_6h_H3K4me3_ChIP_Yang2019_GSM3314695.fastq.gz
Approx 25% complete for E14_6h_H3K4me3_ChIP_Yang2019_GSM3314695_trimV5.fastq.gz
Approx 30% complete for E14_6h_H3K4me3_ChIP_Yang2019_GSM3314695.fastq.gz
Approx 30% complete for E14_6h_H3K4me3_ChIP_Yang2019_GSM3314695_trimV5.fastq.gz
Approx 35% complete for E14_6h_H3K4me3_ChIP_Yang2019_GSM3314695.fastq.gz
Approx 35% complete for E14_6h_H3K4me3_ChIP_Yang2019_GSM3314695_trimV5.fastq.gz
Approx 40% complete for E14_6h_H3K4me3_ChIP_Yang2019_GSM3314695.fastq.gz
Approx 40% complete for E14_6h_H3K4me3_ChIP_Yang2019_GSM3314695_trimV5.fastq.gz
Approx 45% complete for E14_6h_H3K4me3_ChIP_Yang2019_GSM3314695.fastq.gz
Approx 45% complete for E14_6h_H3K4me3_ChIP_Yang2019_GSM3314695_trimV5.fastq.gz
Approx 50% complete for E14_6h_H3K4me3_ChIP_Yang2019_GSM3314695.fastq.gz
Approx 50% complete for E14_6h_H3K4me3_ChIP_Yang2019_GSM3314695_trimV5.fastq.gz
Approx 55% complete for E14_6h_H3K4me3_ChIP_Yang2019_GSM3314695.fastq.gz
Approx 55% complete for E14_6h_H3K4me3_ChIP_Yang2019_GSM3314695_trimV5.fastq.gz
Approx 60% complete for E14_6h_H3K4me3_ChIP_Yang2019_GSM3314695.fastq.gz
Approx 60% complete for E14_6h_H3K4me3_ChIP_Yang2019_GSM3314695_trimV5.fastq.gz
Approx 65% complete for E14_6h_H3K4me3_ChIP_Yang2019_GSM3314695.fastq.gz
Approx 65% complete for E14_6h_H3K4me3_ChIP_Yang2019_GSM3314695_trimV5.fastq.gz
Approx 70% complete for E14_6h_H3K4me3_ChIP_Yang2019_GSM3314695.fastq.gz
Approx 70% complete for E14_6h_H3K4me3_ChIP_Yang2019_GSM3314695_trimV5.fastq.gz
Approx 75% complete for E14_6h_H3K4me3_ChIP_Yang2019_GSM3314695.fastq.gz
Approx 75% complete for E14_6h_H3K4me3_ChIP_Yang2019_GSM3314695_trimV5.fastq.gz
Approx 80% complete for E14_6h_H3K4me3_ChIP_Yang2019_GSM3314695.fastq.gz
Approx 80% complete for E14_6h_H3K4me3_ChIP_Yang2019_GSM3314695_trimV5.fastq.gz
Approx 85% complete for E14_6h_H3K4me3_ChIP_Yang2019_GSM3314695.fastq.gz
Approx 85% complete for E14_6h_H3K4me3_ChIP_Yang2019_GSM3314695_trimV5.fastq.gz
Approx 90% complete for E14_6h_H3K4me3_ChIP_Yang2019_GSM3314695.fastq.gz
Approx 90% complete for E14_6h_H3K4me3_ChIP_Yang2019_GSM3314695_trimV5.fastq.gz
Approx 95% complete for E14_6h_H3K4me3_ChIP_Yang2019_GSM3314695.fastq.gz
Approx 95% complete for E14_6h_H3K4me3_ChIP_Yang2019_GSM3314695_trimV5.fastq.gz
Analysis complete for E14_6h_H3K4me3_ChIP_Yang2019_GSM3314695.fastq.gz
Analysis complete for E14_6h_H3K4me3_ChIP_Yang2019_GSM3314695_trimV5.fastq.gz
[fastQC] finished succesfully at [Thu Jul 4 12:56:14 AM CEST 2024]
[bowtie2 alignment] started with reference /data/reference_genomes/mm10/mm10 at [Thu Jul 4 12:56:14 AM CEST 2024]
[alignment] Bowtie2 alignment finished successfully at [Thu Jul 4 01:12:08 AM CEST 2024]
[sam grooming] started at [Thu Jul 4 01:13:14 AM CEST 2024]
01:13:15.356 INFO  NativeLibraryLoader - Loading libgkl_compression.so from jar:file:/home/robin/bin/miniconda3/share/picard-2.26.2-0/picard.jar!/com/intel/gkl/native/libgkl_compression.so
[Thu Jul 04 01:13:15 CEST 2024] CleanSam --INPUT E14_6h_H3K4me3_ChIP_Yang2019_GSM3314695_raw.sam --OUTPUT E14_6h_H3K4me3_ChIP_Yang2019_GSM3314695_cleaned.sam --TMP_DIR . --VERBOSITY INFO --QUIET false --VALIDATION_STRINGENCY STRICT --COMPRESSION_LEVEL 5 --MAX_RECORDS_IN_RAM 500000 --CREATE_INDEX false --CREATE_MD5_FILE false --GA4GH_CLIENT_SECRETS client_secrets.json --help false --version false --showHidden false --USE_JDK_DEFLATER false --USE_JDK_INFLATER false
[Thu Jul 04 01:13:15 CEST 2024] Executing as robin@epipax.ijm.univ-paris-diderot.priv on Linux 6.1.0-21-amd64 amd64; OpenJDK 64-Bit Server VM 1.8.0_332-b09; Deflater: Intel; Inflater: Intel; Provider GCS is not available; Picard version: Version:2.26.2
INFO	2024-07-04 01:13:15	CleanSam	Seen many non-increasing record positions. Printing Read-names as well.
INFO	2024-07-04 01:13:21	CleanSam	Processed     1,000,000 records.  Elapsed time: 00:00:05s.  Time for last 1,000,000:    5s.  Last read position: chr2:177,245,535.  Last read name: SRR7624383.21481541
INFO	2024-07-04 01:13:26	CleanSam	Processed     2,000,000 records.  Elapsed time: 00:00:10s.  Time for last 1,000,000:    5s.  Last read position: chr3:148,806,587.  Last read name: SRR7624383.9498996
INFO	2024-07-04 01:13:31	CleanSam	Processed     3,000,000 records.  Elapsed time: 00:00:16s.  Time for last 1,000,000:    5s.  Last read position: chr1:119,526,368.  Last read name: SRR7624383.43700801
INFO	2024-07-04 01:13:36	CleanSam	Processed     4,000,000 records.  Elapsed time: 00:00:21s.  Time for last 1,000,000:    5s.  Last read position: chr8:123,318,953.  Last read name: SRR7624383.23616464
INFO	2024-07-04 01:13:41	CleanSam	Processed     5,000,000 records.  Elapsed time: 00:00:26s.  Time for last 1,000,000:    4s.  Last read position: chr9:58,547,111.  Last read name: SRR7624383.12853487
INFO	2024-07-04 01:13:46	CleanSam	Processed     6,000,000 records.  Elapsed time: 00:00:31s.  Time for last 1,000,000:    5s.  Last read position: chr15:28,216,371.  Last read name: SRR7624383.17340037
INFO	2024-07-04 01:13:52	CleanSam	Processed     7,000,000 records.  Elapsed time: 00:00:36s.  Time for last 1,000,000:    5s.  Last read position: chr17:83,631,055.  Last read name: SRR7624383.9115973
INFO	2024-07-04 01:13:57	CleanSam	Processed     8,000,000 records.  Elapsed time: 00:00:41s.  Time for last 1,000,000:    4s.  Last read position: chr5:37,516,577.  Last read name: SRR7624383.28350369
INFO	2024-07-04 01:14:02	CleanSam	Processed     9,000,000 records.  Elapsed time: 00:00:46s.  Time for last 1,000,000:    5s.  Last read position: chr12:20,744,574.  Last read name: SRR7624383.16590599
INFO	2024-07-04 01:14:07	CleanSam	Processed    10,000,000 records.  Elapsed time: 00:00:51s.  Time for last 1,000,000:    4s.  Last read position: chr18:49,833,251.  Last read name: SRR7624383.22830581
INFO	2024-07-04 01:14:12	CleanSam	Processed    11,000,000 records.  Elapsed time: 00:00:56s.  Time for last 1,000,000:    5s.  Last read position: chr16:21,158,643.  Last read name: SRR7624383.17416785
INFO	2024-07-04 01:14:17	CleanSam	Processed    12,000,000 records.  Elapsed time: 00:01:01s.  Time for last 1,000,000:    4s.  Last read position: chr12:85,139,582.  Last read name: SRR7624383.17157458
INFO	2024-07-04 01:14:22	CleanSam	Processed    13,000,000 records.  Elapsed time: 00:01:06s.  Time for last 1,000,000:    5s.  Last read position: chr11:23,306,197.  Last read name: SRR7624383.3316545
INFO	2024-07-04 01:14:27	CleanSam	Processed    14,000,000 records.  Elapsed time: 00:01:11s.  Time for last 1,000,000:    4s.  Last read position: chr1:144,967,896.  Last read name: SRR7624383.16863297
INFO	2024-07-04 01:14:32	CleanSam	Processed    15,000,000 records.  Elapsed time: 00:01:16s.  Time for last 1,000,000:    4s.  Last read position: chr7:54,166,094.  Last read name: SRR7624383.23479980
INFO	2024-07-04 01:14:37	CleanSam	Processed    16,000,000 records.  Elapsed time: 00:01:21s.  Time for last 1,000,000:    4s.  Last read position: chr9:93,041,143.  Last read name: SRR7624383.34226246
INFO	2024-07-04 01:14:42	CleanSam	Processed    17,000,000 records.  Elapsed time: 00:01:26s.  Time for last 1,000,000:    4s.  Last read position: chr4:135,714,780.  Last read name: SRR7624383.44881130
INFO	2024-07-04 01:14:47	CleanSam	Processed    18,000,000 records.  Elapsed time: 00:01:31s.  Time for last 1,000,000:    4s.  Last read position: chr3:105,959,829.  Last read name: SRR7624383.36352540
INFO	2024-07-04 01:14:52	CleanSam	Processed    19,000,000 records.  Elapsed time: 00:01:36s.  Time for last 1,000,000:    4s.  Last read position: chr8:25,706,646.  Last read name: SRR7624383.12724557
INFO	2024-07-04 01:14:57	CleanSam	Processed    20,000,000 records.  Elapsed time: 00:01:41s.  Time for last 1,000,000:    4s.  Last read position: chr6:25,095,852.  Last read name: SRR7624383.20850676
INFO	2024-07-04 01:15:02	CleanSam	Processed    21,000,000 records.  Elapsed time: 00:01:46s.  Time for last 1,000,000:    4s.  Last read position: chr14:64,594,506.  Last read name: SRR7624383.6255479
INFO	2024-07-04 01:15:07	CleanSam	Processed    22,000,000 records.  Elapsed time: 00:01:51s.  Time for last 1,000,000:    5s.  Last read position: chr2:142,764,874.  Last read name: SRR7624383.14971998
INFO	2024-07-04 01:15:12	CleanSam	Processed    23,000,000 records.  Elapsed time: 00:01:56s.  Time for last 1,000,000:    5s.  Last read position: chr7:118,696,982.  Last read name: SRR7624383.45200015
INFO	2024-07-04 01:15:17	CleanSam	Processed    24,000,000 records.  Elapsed time: 00:02:01s.  Time for last 1,000,000:    5s.  Last read position: chr6:146,634,407.  Last read name: SRR7624383.39509380
INFO	2024-07-04 01:15:22	CleanSam	Processed    25,000,000 records.  Elapsed time: 00:02:06s.  Time for last 1,000,000:    4s.  Last read position: chrUn_JH584304:74,950.  Last read name: SRR7624383.46071174
INFO	2024-07-04 01:15:27	CleanSam	Processed    26,000,000 records.  Elapsed time: 00:02:11s.  Time for last 1,000,000:    5s.  Last read position: chr14:48,464,183.  Last read name: SRR7624383.548208
INFO	2024-07-04 01:15:32	CleanSam	Processed    27,000,000 records.  Elapsed time: 00:02:16s.  Time for last 1,000,000:    4s.  Last read position: chr17:33,888,806.  Last read name: SRR7624383.3780243
INFO	2024-07-04 01:15:37	CleanSam	Processed    28,000,000 records.  Elapsed time: 00:02:21s.  Time for last 1,000,000:    5s.  Last read position: chr5:5,825,176.  Last read name: SRR7624383.1381726
INFO	2024-07-04 01:15:42	CleanSam	Processed    29,000,000 records.  Elapsed time: 00:02:26s.  Time for last 1,000,000:    5s.  Last read position: chr15:34,496,293.  Last read name: SRR7624383.38582189
INFO	2024-07-04 01:15:47	CleanSam	Processed    30,000,000 records.  Elapsed time: 00:02:32s.  Time for last 1,000,000:    5s.  Last read position: chrUn_JH584304:111,216.  Last read name: SRR7624383.46220670
[Thu Jul 04 01:15:56 CEST 2024] picard.sam.CleanSam done. Elapsed time: 2.69 minutes.
Runtime.totalMemory()=673185792
01:15:58.157 INFO  NativeLibraryLoader - Loading libgkl_compression.so from jar:file:/home/robin/bin/miniconda3/share/picard-2.26.2-0/picard.jar!/com/intel/gkl/native/libgkl_compression.so
[Thu Jul 04 01:15:58 CEST 2024] SamFormatConverter --INPUT E14_6h_H3K4me3_ChIP_Yang2019_GSM3314695_cleaned.sam --OUTPUT E14_6h_H3K4me3_ChIP_Yang2019_GSM3314695_unsorted.bam --TMP_DIR . --VERBOSITY INFO --QUIET false --VALIDATION_STRINGENCY STRICT --COMPRESSION_LEVEL 5 --MAX_RECORDS_IN_RAM 500000 --CREATE_INDEX false --CREATE_MD5_FILE false --GA4GH_CLIENT_SECRETS client_secrets.json --help false --version false --showHidden false --USE_JDK_DEFLATER false --USE_JDK_INFLATER false
[Thu Jul 04 01:15:58 CEST 2024] Executing as robin@epipax.ijm.univ-paris-diderot.priv on Linux 6.1.0-21-amd64 amd64; OpenJDK 64-Bit Server VM 1.8.0_332-b09; Deflater: Intel; Inflater: Intel; Provider GCS is not available; Picard version: Version:2.26.2
INFO	2024-07-04 01:15:59	SamFormatConverter	Seen many non-increasing record positions. Printing Read-names as well.
INFO	2024-07-04 01:16:07	SamFormatConverter	Processed     1,000,000 records.  Elapsed time: 00:00:08s.  Time for last 1,000,000:    8s.  Last read position: chr2:177,245,535.  Last read name: SRR7624383.21481541
INFO	2024-07-04 01:16:16	SamFormatConverter	Processed     2,000,000 records.  Elapsed time: 00:00:17s.  Time for last 1,000,000:    8s.  Last read position: chr3:148,806,587.  Last read name: SRR7624383.9498996
INFO	2024-07-04 01:16:25	SamFormatConverter	Processed     3,000,000 records.  Elapsed time: 00:00:26s.  Time for last 1,000,000:    9s.  Last read position: chr1:119,526,368.  Last read name: SRR7624383.43700801
INFO	2024-07-04 01:16:34	SamFormatConverter	Processed     4,000,000 records.  Elapsed time: 00:00:35s.  Time for last 1,000,000:    8s.  Last read position: chr8:123,318,953.  Last read name: SRR7624383.23616464
INFO	2024-07-04 01:16:43	SamFormatConverter	Processed     5,000,000 records.  Elapsed time: 00:00:44s.  Time for last 1,000,000:    8s.  Last read position: chr9:58,547,111.  Last read name: SRR7624383.12853487
INFO	2024-07-04 01:16:51	SamFormatConverter	Processed     6,000,000 records.  Elapsed time: 00:00:52s.  Time for last 1,000,000:    8s.  Last read position: chr15:28,216,371.  Last read name: SRR7624383.17340037
INFO	2024-07-04 01:16:59	SamFormatConverter	Processed     7,000,000 records.  Elapsed time: 00:01:00s.  Time for last 1,000,000:    8s.  Last read position: chr17:83,631,055.  Last read name: SRR7624383.9115973
INFO	2024-07-04 01:17:07	SamFormatConverter	Processed     8,000,000 records.  Elapsed time: 00:01:08s.  Time for last 1,000,000:    8s.  Last read position: chr5:37,516,577.  Last read name: SRR7624383.28350369
INFO	2024-07-04 01:17:16	SamFormatConverter	Processed     9,000,000 records.  Elapsed time: 00:01:17s.  Time for last 1,000,000:    8s.  Last read position: chr12:20,744,574.  Last read name: SRR7624383.16590599
INFO	2024-07-04 01:17:25	SamFormatConverter	Processed    10,000,000 records.  Elapsed time: 00:01:26s.  Time for last 1,000,000:    8s.  Last read position: chr18:49,833,251.  Last read name: SRR7624383.22830581
INFO	2024-07-04 01:17:34	SamFormatConverter	Processed    11,000,000 records.  Elapsed time: 00:01:35s.  Time for last 1,000,000:    9s.  Last read position: chr16:21,158,643.  Last read name: SRR7624383.17416785
INFO	2024-07-04 01:17:43	SamFormatConverter	Processed    12,000,000 records.  Elapsed time: 00:01:44s.  Time for last 1,000,000:    9s.  Last read position: chr12:85,139,582.  Last read name: SRR7624383.17157458
INFO	2024-07-04 01:17:52	SamFormatConverter	Processed    13,000,000 records.  Elapsed time: 00:01:53s.  Time for last 1,000,000:    9s.  Last read position: chr11:23,306,197.  Last read name: SRR7624383.3316545
INFO	2024-07-04 01:18:01	SamFormatConverter	Processed    14,000,000 records.  Elapsed time: 00:02:02s.  Time for last 1,000,000:    8s.  Last read position: chr1:144,967,896.  Last read name: SRR7624383.16863297
INFO	2024-07-04 01:18:10	SamFormatConverter	Processed    15,000,000 records.  Elapsed time: 00:02:11s.  Time for last 1,000,000:    9s.  Last read position: chr7:54,166,094.  Last read name: SRR7624383.23479980
INFO	2024-07-04 01:18:19	SamFormatConverter	Processed    16,000,000 records.  Elapsed time: 00:02:20s.  Time for last 1,000,000:    9s.  Last read position: chr9:93,041,143.  Last read name: SRR7624383.34226246
INFO	2024-07-04 01:18:28	SamFormatConverter	Processed    17,000,000 records.  Elapsed time: 00:02:29s.  Time for last 1,000,000:    9s.  Last read position: chr4:135,714,780.  Last read name: SRR7624383.44881130
INFO	2024-07-04 01:18:37	SamFormatConverter	Processed    18,000,000 records.  Elapsed time: 00:02:38s.  Time for last 1,000,000:    9s.  Last read position: chr3:105,959,829.  Last read name: SRR7624383.36352540
INFO	2024-07-04 01:18:46	SamFormatConverter	Processed    19,000,000 records.  Elapsed time: 00:02:48s.  Time for last 1,000,000:    9s.  Last read position: chr8:25,706,646.  Last read name: SRR7624383.12724557
INFO	2024-07-04 01:18:56	SamFormatConverter	Processed    20,000,000 records.  Elapsed time: 00:02:57s.  Time for last 1,000,000:    9s.  Last read position: chr6:25,095,852.  Last read name: SRR7624383.20850676
INFO	2024-07-04 01:19:05	SamFormatConverter	Processed    21,000,000 records.  Elapsed time: 00:03:06s.  Time for last 1,000,000:    9s.  Last read position: chr14:64,594,506.  Last read name: SRR7624383.6255479
INFO	2024-07-04 01:19:14	SamFormatConverter	Processed    22,000,000 records.  Elapsed time: 00:03:15s.  Time for last 1,000,000:    8s.  Last read position: chr2:142,764,874.  Last read name: SRR7624383.14971998
INFO	2024-07-04 01:19:22	SamFormatConverter	Processed    23,000,000 records.  Elapsed time: 00:03:23s.  Time for last 1,000,000:    7s.  Last read position: chr7:118,696,982.  Last read name: SRR7624383.45200015
INFO	2024-07-04 01:19:30	SamFormatConverter	Processed    24,000,000 records.  Elapsed time: 00:03:31s.  Time for last 1,000,000:    8s.  Last read position: chr6:146,634,407.  Last read name: SRR7624383.39509380
INFO	2024-07-04 01:19:39	SamFormatConverter	Processed    25,000,000 records.  Elapsed time: 00:03:40s.  Time for last 1,000,000:    8s.  Last read position: chrUn_JH584304:74,950.  Last read name: SRR7624383.46071174
INFO	2024-07-04 01:19:47	SamFormatConverter	Processed    26,000,000 records.  Elapsed time: 00:03:48s.  Time for last 1,000,000:    8s.  Last read position: chr14:48,464,183.  Last read name: SRR7624383.548208
INFO	2024-07-04 01:19:56	SamFormatConverter	Processed    27,000,000 records.  Elapsed time: 00:03:57s.  Time for last 1,000,000:    8s.  Last read position: chr17:33,888,806.  Last read name: SRR7624383.3780243
INFO	2024-07-04 01:20:04	SamFormatConverter	Processed    28,000,000 records.  Elapsed time: 00:04:05s.  Time for last 1,000,000:    8s.  Last read position: chr5:5,825,176.  Last read name: SRR7624383.1381726
INFO	2024-07-04 01:20:13	SamFormatConverter	Processed    29,000,000 records.  Elapsed time: 00:04:14s.  Time for last 1,000,000:    9s.  Last read position: chr15:34,496,293.  Last read name: SRR7624383.38582189
INFO	2024-07-04 01:20:22	SamFormatConverter	Processed    30,000,000 records.  Elapsed time: 00:04:23s.  Time for last 1,000,000:    8s.  Last read position: chrUn_JH584304:111,216.  Last read name: SRR7624383.46220670
[Thu Jul 04 01:20:27 CEST 2024] picard.sam.SamFormatConverter done. Elapsed time: 4.48 minutes.
Runtime.totalMemory()=710410240
01:20:28.642 INFO  NativeLibraryLoader - Loading libgkl_compression.so from jar:file:/home/robin/bin/miniconda3/share/picard-2.26.2-0/picard.jar!/com/intel/gkl/native/libgkl_compression.so
[Thu Jul 04 01:20:28 CEST 2024] SortSam --INPUT E14_6h_H3K4me3_ChIP_Yang2019_GSM3314695_unsorted.bam --OUTPUT E14_6h_H3K4me3_ChIP_Yang2019_GSM3314695_sorted.bam --SORT_ORDER coordinate --TMP_DIR . --VERBOSITY INFO --QUIET false --VALIDATION_STRINGENCY STRICT --COMPRESSION_LEVEL 5 --MAX_RECORDS_IN_RAM 500000 --CREATE_INDEX false --CREATE_MD5_FILE false --GA4GH_CLIENT_SECRETS client_secrets.json --help false --version false --showHidden false --USE_JDK_DEFLATER false --USE_JDK_INFLATER false
[Thu Jul 04 01:20:28 CEST 2024] Executing as robin@epipax.ijm.univ-paris-diderot.priv on Linux 6.1.0-21-amd64 amd64; OpenJDK 64-Bit Server VM 1.8.0_332-b09; Deflater: Intel; Inflater: Intel; Provider GCS is not available; Picard version: Version:2.26.2
INFO	2024-07-04 01:20:29	SortSam	Seen many non-increasing record positions. Printing Read-names as well.
INFO	2024-07-04 01:21:39	SortSam	Read    10,000,000 records.  Elapsed time: 00:01:11s.  Time for last 10,000,000:   70s.  Last read position: chr18:49,833,251.  Last read name: SRR7624383.22830581
INFO	2024-07-04 01:22:50	SortSam	Read    20,000,000 records.  Elapsed time: 00:02:21s.  Time for last 10,000,000:   70s.  Last read position: chr6:25,095,852.  Last read name: SRR7624383.20850676
INFO	2024-07-04 01:24:09	SortSam	Read    30,000,000 records.  Elapsed time: 00:03:40s.  Time for last 10,000,000:   78s.  Last read position: chrUn_JH584304:111,216.  Last read name: SRR7624383.46220670
INFO	2024-07-04 01:24:12	SortSam	Finished reading inputs, merging and writing to output now.
INFO	2024-07-04 01:25:15	SortSam	Wrote    10,000,000 records from a sorting collection.  Elapsed time: 00:04:46s.  Time for last 10,000,000:   61s.  Last read position: chr6:49,987,691
INFO	2024-07-04 01:26:09	SortSam	Wrote    20,000,000 records from a sorting collection.  Elapsed time: 00:05:40s.  Time for last 10,000,000:   53s.  Last read position: chr12:69,709,032
INFO	2024-07-04 01:27:04	SortSam	Wrote    30,000,000 records from a sorting collection.  Elapsed time: 00:06:36s.  Time for last 10,000,000:   55s.  Last read position: */*
[Thu Jul 04 01:27:07 CEST 2024] picard.sam.SortSam done. Elapsed time: 6.65 minutes.
Runtime.totalMemory()=1795162112
01:27:09.921 INFO  NativeLibraryLoader - Loading libgkl_compression.so from jar:file:/home/robin/bin/miniconda3/share/picard-2.26.2-0/picard.jar!/com/intel/gkl/native/libgkl_compression.so
[Thu Jul 04 01:27:09 CEST 2024] MarkDuplicates --INPUT E14_6h_H3K4me3_ChIP_Yang2019_GSM3314695_sorted.bam --OUTPUT E14_6h_H3K4me3_ChIP_Yang2019_GSM3314695.bam --METRICS_FILE E14_6h_H3K4me3_ChIP_Yang2019_GSM3314695_markDupeMetrics.txt --REMOVE_DUPLICATES false --TMP_DIR . --MAX_SEQUENCES_FOR_DISK_READ_ENDS_MAP 50000 --MAX_FILE_HANDLES_FOR_READ_ENDS_MAP 8000 --SORTING_COLLECTION_SIZE_RATIO 0.25 --TAG_DUPLICATE_SET_MEMBERS false --REMOVE_SEQUENCING_DUPLICATES false --TAGGING_POLICY DontTag --CLEAR_DT true --DUPLEX_UMI false --ADD_PG_TAG_TO_READS true --ASSUME_SORTED false --DUPLICATE_SCORING_STRATEGY SUM_OF_BASE_QUALITIES --PROGRAM_RECORD_ID MarkDuplicates --PROGRAM_GROUP_NAME MarkDuplicates --READ_NAME_REGEX <optimized capture of last three ':' separated fields as numeric values> --OPTICAL_DUPLICATE_PIXEL_DISTANCE 100 --MAX_OPTICAL_DUPLICATE_SET_SIZE 300000 --VERBOSITY INFO --QUIET false --VALIDATION_STRINGENCY STRICT --COMPRESSION_LEVEL 5 --MAX_RECORDS_IN_RAM 500000 --CREATE_INDEX false --CREATE_MD5_FILE false --GA4GH_CLIENT_SECRETS client_secrets.json --help false --version false --showHidden false --USE_JDK_DEFLATER false --USE_JDK_INFLATER false
[Thu Jul 04 01:27:09 CEST 2024] Executing as robin@epipax.ijm.univ-paris-diderot.priv on Linux 6.1.0-21-amd64 amd64; OpenJDK 64-Bit Server VM 1.8.0_332-b09; Deflater: Intel; Inflater: Intel; Provider GCS is not available; Picard version: Version:2.26.2
INFO	2024-07-04 01:27:10	MarkDuplicates	Start of doWork freeMemory: 501502344; totalMemory: 514850816; maxMemory: 1908932608
INFO	2024-07-04 01:27:10	MarkDuplicates	Reading input file and constructing read end information.
INFO	2024-07-04 01:27:10	MarkDuplicates	Will retain up to 6916422 data points before spilling to disk.
WARNING	2024-07-04 01:27:10	AbstractOpticalDuplicateFinderCommandLineProgram	A field field parsed out of a read name was expected to contain an integer and did not. Read name: SRR7624383.24370488. Cause: String 'SRR7624383.24370488' did not start with a parsable number.
INFO	2024-07-04 01:27:16	MarkDuplicates	Read     1,000,000 records.  Elapsed time: 00:00:06s.  Time for last 1,000,000:    6s.  Last read position: chr1:105,355,809
INFO	2024-07-04 01:27:16	MarkDuplicates	Tracking 0 as yet unmatched pairs. 0 records in RAM.
INFO	2024-07-04 01:27:20	MarkDuplicates	Read     2,000,000 records.  Elapsed time: 00:00:09s.  Time for last 1,000,000:    3s.  Last read position: chr2:10,371,421
INFO	2024-07-04 01:27:20	MarkDuplicates	Tracking 0 as yet unmatched pairs. 0 records in RAM.
INFO	2024-07-04 01:27:24	MarkDuplicates	Read     3,000,000 records.  Elapsed time: 00:00:14s.  Time for last 1,000,000:    4s.  Last read position: chr2:98,662,851
INFO	2024-07-04 01:27:24	MarkDuplicates	Tracking 0 as yet unmatched pairs. 0 records in RAM.
INFO	2024-07-04 01:27:28	MarkDuplicates	Read     4,000,000 records.  Elapsed time: 00:00:18s.  Time for last 1,000,000:    4s.  Last read position: chr2:165,326,834
INFO	2024-07-04 01:27:28	MarkDuplicates	Tracking 0 as yet unmatched pairs. 0 records in RAM.
INFO	2024-07-04 01:27:34	MarkDuplicates	Read     5,000,000 records.  Elapsed time: 00:00:24s.  Time for last 1,000,000:    6s.  Last read position: chr3:84,814,173
INFO	2024-07-04 01:27:34	MarkDuplicates	Tracking 0 as yet unmatched pairs. 0 records in RAM.
INFO	2024-07-04 01:27:40	MarkDuplicates	Read     6,000,000 records.  Elapsed time: 00:00:29s.  Time for last 1,000,000:    5s.  Last read position: chr4:17,193,805
INFO	2024-07-04 01:27:40	MarkDuplicates	Tracking 0 as yet unmatched pairs. 0 records in RAM.
INFO	2024-07-04 01:27:48	MarkDuplicates	Read     7,000,000 records.  Elapsed time: 00:00:37s.  Time for last 1,000,000:    7s.  Last read position: chr4:120,837,296
INFO	2024-07-04 01:27:48	MarkDuplicates	Tracking 0 as yet unmatched pairs. 0 records in RAM.
INFO	2024-07-04 01:27:52	MarkDuplicates	Read     8,000,000 records.  Elapsed time: 00:00:42s.  Time for last 1,000,000:    4s.  Last read position: chr5:26,071,121
INFO	2024-07-04 01:27:52	MarkDuplicates	Tracking 0 as yet unmatched pairs. 0 records in RAM.
INFO	2024-07-04 01:27:57	MarkDuplicates	Read     9,000,000 records.  Elapsed time: 00:00:47s.  Time for last 1,000,000:    4s.  Last read position: chr5:119,126,162
INFO	2024-07-04 01:27:57	MarkDuplicates	Tracking 0 as yet unmatched pairs. 0 records in RAM.
INFO	2024-07-04 01:28:01	MarkDuplicates	Read    10,000,000 records.  Elapsed time: 00:00:51s.  Time for last 1,000,000:    3s.  Last read position: chr6:49,987,691
INFO	2024-07-04 01:28:01	MarkDuplicates	Tracking 0 as yet unmatched pairs. 0 records in RAM.
INFO	2024-07-04 01:28:06	MarkDuplicates	Read    11,000,000 records.  Elapsed time: 00:00:55s.  Time for last 1,000,000:    4s.  Last read position: chr6:141,401,539
INFO	2024-07-04 01:28:06	MarkDuplicates	Tracking 0 as yet unmatched pairs. 0 records in RAM.
INFO	2024-07-04 01:28:13	MarkDuplicates	Read    12,000,000 records.  Elapsed time: 00:01:03s.  Time for last 1,000,000:    7s.  Last read position: chr7:71,007,968
INFO	2024-07-04 01:28:13	MarkDuplicates	Tracking 0 as yet unmatched pairs. 0 records in RAM.
INFO	2024-07-04 01:28:18	MarkDuplicates	Read    13,000,000 records.  Elapsed time: 00:01:07s.  Time for last 1,000,000:    4s.  Last read position: chr8:13,523,258
INFO	2024-07-04 01:28:18	MarkDuplicates	Tracking 0 as yet unmatched pairs. 0 records in RAM.
INFO	2024-07-04 01:28:25	MarkDuplicates	Read    14,000,000 records.  Elapsed time: 00:01:15s.  Time for last 1,000,000:    7s.  Last read position: chr8:105,326,080
INFO	2024-07-04 01:28:25	MarkDuplicates	Tracking 0 as yet unmatched pairs. 0 records in RAM.
INFO	2024-07-04 01:28:29	MarkDuplicates	Read    15,000,000 records.  Elapsed time: 00:01:19s.  Time for last 1,000,000:    4s.  Last read position: chr9:41,890,527
INFO	2024-07-04 01:28:29	MarkDuplicates	Tracking 0 as yet unmatched pairs. 0 records in RAM.
INFO	2024-07-04 01:28:33	MarkDuplicates	Read    16,000,000 records.  Elapsed time: 00:01:22s.  Time for last 1,000,000:    3s.  Last read position: chr9:119,895,764
INFO	2024-07-04 01:28:33	MarkDuplicates	Tracking 0 as yet unmatched pairs. 0 records in RAM.
INFO	2024-07-04 01:28:39	MarkDuplicates	Read    17,000,000 records.  Elapsed time: 00:01:29s.  Time for last 1,000,000:    6s.  Last read position: chr10:82,989,990
INFO	2024-07-04 01:28:39	MarkDuplicates	Tracking 0 as yet unmatched pairs. 0 records in RAM.
INFO	2024-07-04 01:28:44	MarkDuplicates	Read    18,000,000 records.  Elapsed time: 00:01:33s.  Time for last 1,000,000:    4s.  Last read position: chr11:45,870,445
INFO	2024-07-04 01:28:44	MarkDuplicates	Tracking 0 as yet unmatched pairs. 0 records in RAM.
INFO	2024-07-04 01:28:48	MarkDuplicates	Read    19,000,000 records.  Elapsed time: 00:01:38s.  Time for last 1,000,000:    4s.  Last read position: chr11:102,406,619
INFO	2024-07-04 01:28:48	MarkDuplicates	Tracking 0 as yet unmatched pairs. 0 records in RAM.
INFO	2024-07-04 01:28:54	MarkDuplicates	Read    20,000,000 records.  Elapsed time: 00:01:43s.  Time for last 1,000,000:    5s.  Last read position: chr12:69,709,032
INFO	2024-07-04 01:28:54	MarkDuplicates	Tracking 0 as yet unmatched pairs. 0 records in RAM.
INFO	2024-07-04 01:29:02	MarkDuplicates	Read    21,000,000 records.  Elapsed time: 00:01:51s.  Time for last 1,000,000:    7s.  Last read position: chr13:38,895,045
INFO	2024-07-04 01:29:02	MarkDuplicates	Tracking 0 as yet unmatched pairs. 0 records in RAM.
INFO	2024-07-04 01:29:06	MarkDuplicates	Read    22,000,000 records.  Elapsed time: 00:01:56s.  Time for last 1,000,000:    4s.  Last read position: chr14:7,818,853
INFO	2024-07-04 01:29:06	MarkDuplicates	Tracking 0 as yet unmatched pairs. 0 records in RAM.
INFO	2024-07-04 01:29:12	MarkDuplicates	Read    23,000,000 records.  Elapsed time: 00:02:02s.  Time for last 1,000,000:    5s.  Last read position: chr14:79,774,068
INFO	2024-07-04 01:29:12	MarkDuplicates	Tracking 0 as yet unmatched pairs. 0 records in RAM.
INFO	2024-07-04 01:29:16	MarkDuplicates	Read    24,000,000 records.  Elapsed time: 00:02:05s.  Time for last 1,000,000:    3s.  Last read position: chr15:79,062,559
INFO	2024-07-04 01:29:16	MarkDuplicates	Tracking 0 as yet unmatched pairs. 0 records in RAM.
INFO	2024-07-04 01:29:20	MarkDuplicates	Read    25,000,000 records.  Elapsed time: 00:02:09s.  Time for last 1,000,000:    3s.  Last read position: chr16:44,745,909
INFO	2024-07-04 01:29:20	MarkDuplicates	Tracking 0 as yet unmatched pairs. 0 records in RAM.
INFO	2024-07-04 01:29:24	MarkDuplicates	Read    26,000,000 records.  Elapsed time: 00:02:13s.  Time for last 1,000,000:    4s.  Last read position: chr17:35,001,844
INFO	2024-07-04 01:29:24	MarkDuplicates	Tracking 0 as yet unmatched pairs. 0 records in RAM.
INFO	2024-07-04 01:29:29	MarkDuplicates	Read    27,000,000 records.  Elapsed time: 00:02:18s.  Time for last 1,000,000:    4s.  Last read position: chr18:33,835,324
INFO	2024-07-04 01:29:29	MarkDuplicates	Tracking 0 as yet unmatched pairs. 0 records in RAM.
INFO	2024-07-04 01:29:36	MarkDuplicates	Read    28,000,000 records.  Elapsed time: 00:02:25s.  Time for last 1,000,000:    6s.  Last read position: chr19:28,680,143
INFO	2024-07-04 01:29:36	MarkDuplicates	Tracking 0 as yet unmatched pairs. 0 records in RAM.
INFO	2024-07-04 01:29:39	MarkDuplicates	Read    29,000,000 records.  Elapsed time: 00:02:29s.  Time for last 1,000,000:    3s.  Last read position: chrX:103,453,052
INFO	2024-07-04 01:29:39	MarkDuplicates	Tracking 0 as yet unmatched pairs. 0 records in RAM.
INFO	2024-07-04 01:29:45	MarkDuplicates	Read 29995024 records. 0 pairs never matched.
INFO	2024-07-04 01:29:47	MarkDuplicates	After buildSortedReadEndLists freeMemory: 1370728512; totalMemory: 1415577600; maxMemory: 1908932608
INFO	2024-07-04 01:29:47	MarkDuplicates	Will retain up to 59654144 duplicate indices before spilling to disk.
INFO	2024-07-04 01:29:47	MarkDuplicates	Traversing read pair information and detecting duplicates.
INFO	2024-07-04 01:29:47	MarkDuplicates	Traversing fragment information and detecting duplicates.
INFO	2024-07-04 01:29:57	MarkDuplicates	Sorting list of duplicate records.
INFO	2024-07-04 01:29:57	MarkDuplicates	After generateDuplicateIndexes freeMemory: 933815960; totalMemory: 1428160512; maxMemory: 1908932608
INFO	2024-07-04 01:29:57	MarkDuplicates	Marking 924158 records as duplicates.
INFO	2024-07-04 01:29:57	MarkDuplicates	Found 0 optical duplicate clusters.
INFO	2024-07-04 01:29:57	MarkDuplicates	Reads are assumed to be ordered by: coordinate
INFO	2024-07-04 01:31:23	MarkDuplicates	Written    10,000,000 records.  Elapsed time: 00:01:25s.  Time for last 10,000,000:   85s.  Last read position: chr6:49,987,691
INFO	2024-07-04 01:32:48	MarkDuplicates	Written    20,000,000 records.  Elapsed time: 00:02:50s.  Time for last 10,000,000:   84s.  Last read position: chr12:69,709,032
INFO	2024-07-04 01:34:06	MarkDuplicates	Written    30,000,000 records.  Elapsed time: 00:04:08s.  Time for last 10,000,000:   77s.  Last read position: */*
INFO	2024-07-04 01:34:08	MarkDuplicates	Writing complete. Closing input iterator.
INFO	2024-07-04 01:34:08	MarkDuplicates	Duplicate Index cleanup.
INFO	2024-07-04 01:34:08	MarkDuplicates	Getting Memory Stats.
INFO	2024-07-04 01:34:08	MarkDuplicates	Before output close freeMemory: 1440957152; totalMemory: 1459617792; maxMemory: 1908932608
INFO	2024-07-04 01:34:09	MarkDuplicates	Closed outputs. Getting more Memory Stats.
INFO	2024-07-04 01:34:10	MarkDuplicates	After output close freeMemory: 1440957152; totalMemory: 1459617792; maxMemory: 1908932608
[Thu Jul 04 01:34:10 CEST 2024] picard.sam.markduplicates.MarkDuplicates done. Elapsed time: 7.00 minutes.
Runtime.totalMemory()=1459617792
[sam grooming] finished successfully at [Thu Jul 4 01:34:20 AM CEST 2024]
[trueStats] Collecting alignment statistics for E14_6h_H3K4me3_ChIP_Yang2019_GSM3314695.bam at [Thu Jul 4 01:35:07 AM CEST 2024]
[bamToWigCPMsmoothKeepDup] Started with bin size: 1 and smoothing over 0 bp and KEEPING DUPLICATES at [Thu Jul 4 01:38:28 AM CEST 2024]
There are 28723748 alignments, of which 733172 are completely within a blacklist region.
Due to filtering, 85.48903637153315% of the aforementioned alignments will be used 23928873.697241627
[bamToWigCPMsmoothKeepDup] finished successfully at [Thu Jul 4 01:57:32 AM CEST 2024]
[file cleanup] started. Good job! at [Thu Jul 4 01:57:32 AM CEST 2024]
cp: cannot stat '*.pdf': No such file or directory
mv: cannot stat '*.bed': No such file or directory
mv: preserving times for '/data/bigWigs/E14_6h_H3K4me3_ChIP_Yang2019_GSM3314695_trimV5_mm10_kpDup_q10_b1_s0_CPM.bw': Operation not permitted
mv: preserving permissions for ‘/data/bigWigs/E14_6h_H3K4me3_ChIP_Yang2019_GSM3314695_trimV5_mm10_kpDup_q10_b1_s0_CPM.bw’: Operation not permitted
mv: preserving times for '/data/bams/E14_6h_H3K4me3_ChIP_Yang2019_GSM3314695_trimV5_mm10.bam': Operation not permitted
mv: preserving permissions for ‘/data/bams/E14_6h_H3K4me3_ChIP_Yang2019_GSM3314695_trimV5_mm10.bam’: Operation not permitted
mv: preserving times for '/data/bams/E14_6h_H3K4me3_ChIP_Yang2019_GSM3314695_trimV5_mm10.bam.bai': Operation not permitted
mv: preserving permissions for ‘/data/bams/E14_6h_H3K4me3_ChIP_Yang2019_GSM3314695_trimV5_mm10.bam.bai’: Operation not permitted
mv: cannot stat '*.gtf': No such file or directory
