SCRATCH: /scratch
ls: cannot access '/data/fastq/E14_48h_H3K27me3_ChIP_Yang2019_GSM3314715*_R2.fastq.gz': No such file or directory
[masterDownload] Data are single-end. at [Wed Jul 3 10:40:59 PM CEST 2024]
[checkDependencies] Checking Dependencies [Wed Jul 3 10:40:59 PM CEST 2024] at [Wed Jul 3 10:40:59 PM CEST 2024]
[setup checkDependencies] trimmomatic... at [Wed Jul 3 10:40:59 PM CEST 2024]
[setup checkDependencies] STAR... at [Wed Jul 3 10:40:59 PM CEST 2024]
[setup checkDependencies] bismark... at [Wed Jul 3 10:40:59 PM CEST 2024]
[setup checkDependencies] bowtie2... at [Wed Jul 3 10:41:00 PM CEST 2024]
[setup checkDependencies] samtools... at [Wed Jul 3 10:41:00 PM CEST 2024]
[setup checkDependencies] picard... at [Wed Jul 3 10:41:00 PM CEST 2024]
[setup checkDependencies] awk... at [Wed Jul 3 10:41:00 PM CEST 2024]
[setup checkDependencies] bamCoverage... at [Wed Jul 3 10:41:00 PM CEST 2024]
[setup checkDependencies] fastqc... at [Wed Jul 3 10:41:00 PM CEST 2024]
[setup checkDependencies] fastq_screen... at [Wed Jul 3 10:41:00 PM CEST 2024]
[setup checkDependencies] stringtie... at [Wed Jul 3 10:41:00 PM CEST 2024]
[setup checkDependencies] clumpify.sh... at [Wed Jul 3 10:41:00 PM CEST 2024]
PAIRED: false
[setUpLogFile] Script started at [Wed Jul 3 10:41:00 PM CEST 2024] at [Wed Jul 3 10:41:00 PM CEST 2024]
[fastQC] started on raw FASTQs at [Wed Jul 3 10:41:00 PM CEST 2024]
Started analysis of E14_48h_H3K27me3_ChIP_Yang2019_GSM3314715_raw.fastq.gz
Approx 5% complete for E14_48h_H3K27me3_ChIP_Yang2019_GSM3314715_raw.fastq.gz
Approx 10% complete for E14_48h_H3K27me3_ChIP_Yang2019_GSM3314715_raw.fastq.gz
Approx 15% complete for E14_48h_H3K27me3_ChIP_Yang2019_GSM3314715_raw.fastq.gz
Approx 20% complete for E14_48h_H3K27me3_ChIP_Yang2019_GSM3314715_raw.fastq.gz
Approx 25% complete for E14_48h_H3K27me3_ChIP_Yang2019_GSM3314715_raw.fastq.gz
Approx 30% complete for E14_48h_H3K27me3_ChIP_Yang2019_GSM3314715_raw.fastq.gz
Approx 35% complete for E14_48h_H3K27me3_ChIP_Yang2019_GSM3314715_raw.fastq.gz
Approx 40% complete for E14_48h_H3K27me3_ChIP_Yang2019_GSM3314715_raw.fastq.gz
Approx 45% complete for E14_48h_H3K27me3_ChIP_Yang2019_GSM3314715_raw.fastq.gz
Approx 50% complete for E14_48h_H3K27me3_ChIP_Yang2019_GSM3314715_raw.fastq.gz
Approx 55% complete for E14_48h_H3K27me3_ChIP_Yang2019_GSM3314715_raw.fastq.gz
Approx 60% complete for E14_48h_H3K27me3_ChIP_Yang2019_GSM3314715_raw.fastq.gz
Approx 65% complete for E14_48h_H3K27me3_ChIP_Yang2019_GSM3314715_raw.fastq.gz
Approx 70% complete for E14_48h_H3K27me3_ChIP_Yang2019_GSM3314715_raw.fastq.gz
Approx 75% complete for E14_48h_H3K27me3_ChIP_Yang2019_GSM3314715_raw.fastq.gz
Approx 80% complete for E14_48h_H3K27me3_ChIP_Yang2019_GSM3314715_raw.fastq.gz
Approx 85% complete for E14_48h_H3K27me3_ChIP_Yang2019_GSM3314715_raw.fastq.gz
Approx 90% complete for E14_48h_H3K27me3_ChIP_Yang2019_GSM3314715_raw.fastq.gz
Approx 95% complete for E14_48h_H3K27me3_ChIP_Yang2019_GSM3314715_raw.fastq.gz
Analysis complete for E14_48h_H3K27me3_ChIP_Yang2019_GSM3314715_raw.fastq.gz
[fastQC] on raw FASTQs finished succesfully. Will remove PCR duplicates now at [Wed Jul 3 10:45:25 PM CEST 2024]
Reads are length: 52 at [Wed Jul 3 10:45:26 PM CEST 2024]
Reads with same sequence 1 or fewer substitutions will be marked as PCR duplicates at [Wed Jul 3 10:45:26 PM CEST 2024]
Removal of PCR duplicates complete! at [Wed Jul 3 11:19:10 PM CEST 2024]
[trimReads] Started using version trimV5 parameters at [Wed Jul 3 11:19:10 PM CEST 2024]
ILLUMINACLIP:/data/reference_genomes/adapters/adapters.fa:2:30:10 SLIDINGWINDOW:4:20 MINLEN:24
[trimReads] Trimming E14_48h_H3K27me3_ChIP_Yang2019_GSM3314715.fastq.gz... at [Wed Jul 3 11:19:10 PM CEST 2024]
[trimReads] Finished successfully at [Wed Jul 3 11:31:18 PM CEST 2024]
[fastQC] started on E14_48h_H3K27me3_ChIP_Yang2019_GSM3314715.fastq.gz E14_48h_H3K27me3_ChIP_Yang2019_GSM3314715_trimV5.fastq.gz at [Wed Jul 3 11:31:18 PM CEST 2024]
Started analysis of E14_48h_H3K27me3_ChIP_Yang2019_GSM3314715.fastq.gz
Started analysis of E14_48h_H3K27me3_ChIP_Yang2019_GSM3314715_trimV5.fastq.gz
Approx 5% complete for E14_48h_H3K27me3_ChIP_Yang2019_GSM3314715_trimV5.fastq.gz
Approx 5% complete for E14_48h_H3K27me3_ChIP_Yang2019_GSM3314715.fastq.gz
Approx 10% complete for E14_48h_H3K27me3_ChIP_Yang2019_GSM3314715_trimV5.fastq.gz
Approx 10% complete for E14_48h_H3K27me3_ChIP_Yang2019_GSM3314715.fastq.gz
Approx 15% complete for E14_48h_H3K27me3_ChIP_Yang2019_GSM3314715.fastq.gz
Approx 15% complete for E14_48h_H3K27me3_ChIP_Yang2019_GSM3314715_trimV5.fastq.gz
Approx 20% complete for E14_48h_H3K27me3_ChIP_Yang2019_GSM3314715.fastq.gz
Approx 20% complete for E14_48h_H3K27me3_ChIP_Yang2019_GSM3314715_trimV5.fastq.gz
Approx 25% complete for E14_48h_H3K27me3_ChIP_Yang2019_GSM3314715.fastq.gz
Approx 25% complete for E14_48h_H3K27me3_ChIP_Yang2019_GSM3314715_trimV5.fastq.gz
Approx 30% complete for E14_48h_H3K27me3_ChIP_Yang2019_GSM3314715.fastq.gz
Approx 30% complete for E14_48h_H3K27me3_ChIP_Yang2019_GSM3314715_trimV5.fastq.gz
Approx 35% complete for E14_48h_H3K27me3_ChIP_Yang2019_GSM3314715.fastq.gz
Approx 35% complete for E14_48h_H3K27me3_ChIP_Yang2019_GSM3314715_trimV5.fastq.gz
Approx 40% complete for E14_48h_H3K27me3_ChIP_Yang2019_GSM3314715.fastq.gz
Approx 40% complete for E14_48h_H3K27me3_ChIP_Yang2019_GSM3314715_trimV5.fastq.gz
Approx 45% complete for E14_48h_H3K27me3_ChIP_Yang2019_GSM3314715.fastq.gz
Approx 45% complete for E14_48h_H3K27me3_ChIP_Yang2019_GSM3314715_trimV5.fastq.gz
Approx 50% complete for E14_48h_H3K27me3_ChIP_Yang2019_GSM3314715.fastq.gz
Approx 50% complete for E14_48h_H3K27me3_ChIP_Yang2019_GSM3314715_trimV5.fastq.gz
Approx 55% complete for E14_48h_H3K27me3_ChIP_Yang2019_GSM3314715.fastq.gz
Approx 55% complete for E14_48h_H3K27me3_ChIP_Yang2019_GSM3314715_trimV5.fastq.gz
Approx 60% complete for E14_48h_H3K27me3_ChIP_Yang2019_GSM3314715.fastq.gz
Approx 60% complete for E14_48h_H3K27me3_ChIP_Yang2019_GSM3314715_trimV5.fastq.gz
Approx 65% complete for E14_48h_H3K27me3_ChIP_Yang2019_GSM3314715.fastq.gz
Approx 65% complete for E14_48h_H3K27me3_ChIP_Yang2019_GSM3314715_trimV5.fastq.gz
Approx 70% complete for E14_48h_H3K27me3_ChIP_Yang2019_GSM3314715.fastq.gz
Approx 75% complete for E14_48h_H3K27me3_ChIP_Yang2019_GSM3314715.fastq.gz
Approx 70% complete for E14_48h_H3K27me3_ChIP_Yang2019_GSM3314715_trimV5.fastq.gz
Approx 80% complete for E14_48h_H3K27me3_ChIP_Yang2019_GSM3314715.fastq.gz
Approx 75% complete for E14_48h_H3K27me3_ChIP_Yang2019_GSM3314715_trimV5.fastq.gz
Approx 85% complete for E14_48h_H3K27me3_ChIP_Yang2019_GSM3314715.fastq.gz
Approx 80% complete for E14_48h_H3K27me3_ChIP_Yang2019_GSM3314715_trimV5.fastq.gz
Approx 90% complete for E14_48h_H3K27me3_ChIP_Yang2019_GSM3314715.fastq.gz
Approx 85% complete for E14_48h_H3K27me3_ChIP_Yang2019_GSM3314715_trimV5.fastq.gz
Approx 95% complete for E14_48h_H3K27me3_ChIP_Yang2019_GSM3314715.fastq.gz
Approx 90% complete for E14_48h_H3K27me3_ChIP_Yang2019_GSM3314715_trimV5.fastq.gz
Analysis complete for E14_48h_H3K27me3_ChIP_Yang2019_GSM3314715.fastq.gz
Approx 95% complete for E14_48h_H3K27me3_ChIP_Yang2019_GSM3314715_trimV5.fastq.gz
Analysis complete for E14_48h_H3K27me3_ChIP_Yang2019_GSM3314715_trimV5.fastq.gz
[fastQC] finished succesfully at [Wed Jul 3 11:35:54 PM CEST 2024]
[bowtie2 alignment] started with reference /data/reference_genomes/mm10/mm10 at [Wed Jul 3 11:35:54 PM CEST 2024]
[alignment] Bowtie2 alignment finished successfully at [Thu Jul 4 12:10:58 AM CEST 2024]
[sam grooming] started at [Thu Jul 4 12:13:06 AM CEST 2024]
00:13:07.222 INFO  NativeLibraryLoader - Loading libgkl_compression.so from jar:file:/home/robin/bin/miniconda3/share/picard-2.26.2-0/picard.jar!/com/intel/gkl/native/libgkl_compression.so
[Thu Jul 04 00:13:07 CEST 2024] CleanSam --INPUT E14_48h_H3K27me3_ChIP_Yang2019_GSM3314715_raw.sam --OUTPUT E14_48h_H3K27me3_ChIP_Yang2019_GSM3314715_cleaned.sam --TMP_DIR . --VERBOSITY INFO --QUIET false --VALIDATION_STRINGENCY STRICT --COMPRESSION_LEVEL 5 --MAX_RECORDS_IN_RAM 500000 --CREATE_INDEX false --CREATE_MD5_FILE false --GA4GH_CLIENT_SECRETS client_secrets.json --help false --version false --showHidden false --USE_JDK_DEFLATER false --USE_JDK_INFLATER false
[Thu Jul 04 00:13:07 CEST 2024] Executing as robin@epipax.ijm.univ-paris-diderot.priv on Linux 6.1.0-21-amd64 amd64; OpenJDK 64-Bit Server VM 1.8.0_332-b09; Deflater: Intel; Inflater: Intel; Provider GCS is not available; Picard version: Version:2.26.2
INFO	2024-07-04 00:13:07	CleanSam	Seen many non-increasing record positions. Printing Read-names as well.
INFO	2024-07-04 00:13:13	CleanSam	Processed     1,000,000 records.  Elapsed time: 00:00:06s.  Time for last 1,000,000:    6s.  Last read position: chr10:109,070,988.  Last read name: SRR7624403.30097426
INFO	2024-07-04 00:13:19	CleanSam	Processed     2,000,000 records.  Elapsed time: 00:00:11s.  Time for last 1,000,000:    5s.  Last read position: chr3:62,561,361.  Last read name: SRR7624403.16720326
INFO	2024-07-04 00:13:24	CleanSam	Processed     3,000,000 records.  Elapsed time: 00:00:16s.  Time for last 1,000,000:    5s.  Last read position: chr2:30,565,358.  Last read name: SRR7624403.20270373
INFO	2024-07-04 00:13:29	CleanSam	Processed     4,000,000 records.  Elapsed time: 00:00:22s.  Time for last 1,000,000:    5s.  Last read position: chr3:159,017,731.  Last read name: SRR7624403.41972561
INFO	2024-07-04 00:13:35	CleanSam	Processed     5,000,000 records.  Elapsed time: 00:00:27s.  Time for last 1,000,000:    5s.  Last read position: chr4:131,946,417.  Last read name: SRR7624403.60937037
INFO	2024-07-04 00:13:40	CleanSam	Processed     6,000,000 records.  Elapsed time: 00:00:33s.  Time for last 1,000,000:    5s.  Last read position: chr10:63,702,062.  Last read name: SRR7624403.4402954
INFO	2024-07-04 00:13:45	CleanSam	Processed     7,000,000 records.  Elapsed time: 00:00:38s.  Time for last 1,000,000:    5s.  Last read position: chr5:25,742,721.  Last read name: SRR7624403.13278861
INFO	2024-07-04 00:13:51	CleanSam	Processed     8,000,000 records.  Elapsed time: 00:00:43s.  Time for last 1,000,000:    5s.  Last read position: chr4:43,873,564.  Last read name: SRR7624403.31504055
INFO	2024-07-04 00:13:56	CleanSam	Processed     9,000,000 records.  Elapsed time: 00:00:49s.  Time for last 1,000,000:    5s.  Last read position: chr16:44,603,066.  Last read name: SRR7624403.1203841
INFO	2024-07-04 00:14:01	CleanSam	Processed    10,000,000 records.  Elapsed time: 00:00:54s.  Time for last 1,000,000:    5s.  Last read position: chr12:8,448,959.  Last read name: SRR7624403.33639353
INFO	2024-07-04 00:14:06	CleanSam	Processed    11,000,000 records.  Elapsed time: 00:00:59s.  Time for last 1,000,000:    4s.  Last read position: chr2:98,268,180.  Last read name: SRR7624403.27814214
INFO	2024-07-04 00:14:11	CleanSam	Processed    12,000,000 records.  Elapsed time: 00:01:04s.  Time for last 1,000,000:    5s.  Last read position: chr12:109,944,958.  Last read name: SRR7624403.716496
INFO	2024-07-04 00:14:16	CleanSam	Processed    13,000,000 records.  Elapsed time: 00:01:09s.  Time for last 1,000,000:    5s.  Last read position: chr15:62,374,944.  Last read name: SRR7624403.30677726
INFO	2024-07-04 00:14:22	CleanSam	Processed    14,000,000 records.  Elapsed time: 00:01:14s.  Time for last 1,000,000:    5s.  Last read position: chr7:81,499,508.  Last read name: SRR7624403.50039168
INFO	2024-07-04 00:14:27	CleanSam	Processed    15,000,000 records.  Elapsed time: 00:01:19s.  Time for last 1,000,000:    5s.  Last read position: chr9:96,432,306.  Last read name: SRR7624403.25480002
INFO	2024-07-04 00:14:32	CleanSam	Processed    16,000,000 records.  Elapsed time: 00:01:25s.  Time for last 1,000,000:    5s.  Last read position: chr18:78,680,215.  Last read name: SRR7624403.12567047
INFO	2024-07-04 00:14:37	CleanSam	Processed    17,000,000 records.  Elapsed time: 00:01:30s.  Time for last 1,000,000:    5s.  Last read position: chrY:62,032,709.  Last read name: SRR7624403.40083396
INFO	2024-07-04 00:14:43	CleanSam	Processed    18,000,000 records.  Elapsed time: 00:01:35s.  Time for last 1,000,000:    5s.  Last read position: chr3:124,397,124.  Last read name: SRR7624403.45653410
INFO	2024-07-04 00:14:48	CleanSam	Processed    19,000,000 records.  Elapsed time: 00:01:40s.  Time for last 1,000,000:    5s.  Last read position: chr3:119,629,562.  Last read name: SRR7624403.38288612
INFO	2024-07-04 00:14:53	CleanSam	Processed    20,000,000 records.  Elapsed time: 00:01:45s.  Time for last 1,000,000:    4s.  Last read position: chr11:18,132,528.  Last read name: SRR7624403.40475183
INFO	2024-07-04 00:14:58	CleanSam	Processed    21,000,000 records.  Elapsed time: 00:01:50s.  Time for last 1,000,000:    5s.  Last read position: chr14:49,119,382.  Last read name: SRR7624403.23449966
INFO	2024-07-04 00:15:03	CleanSam	Processed    22,000,000 records.  Elapsed time: 00:01:55s.  Time for last 1,000,000:    4s.  Last read position: chr6:29,003,025.  Last read name: SRR7624403.58250231
INFO	2024-07-04 00:15:08	CleanSam	Processed    23,000,000 records.  Elapsed time: 00:02:01s.  Time for last 1,000,000:    5s.  Last read position: chr11:109,788,830.  Last read name: SRR7624403.37057846
INFO	2024-07-04 00:15:13	CleanSam	Processed    24,000,000 records.  Elapsed time: 00:02:06s.  Time for last 1,000,000:    5s.  Last read position: chr17:8,342,190.  Last read name: SRR7624403.5251845
INFO	2024-07-04 00:15:19	CleanSam	Processed    25,000,000 records.  Elapsed time: 00:02:11s.  Time for last 1,000,000:    5s.  Last read position: chr4:66,118,060.  Last read name: SRR7624403.34916761
INFO	2024-07-04 00:15:24	CleanSam	Processed    26,000,000 records.  Elapsed time: 00:02:17s.  Time for last 1,000,000:    5s.  Last read position: chr16:64,073,194.  Last read name: SRR7624403.8767557
INFO	2024-07-04 00:15:30	CleanSam	Processed    27,000,000 records.  Elapsed time: 00:02:22s.  Time for last 1,000,000:    5s.  Last read position: chr1:14,936,198.  Last read name: SRR7624403.43867000
INFO	2024-07-04 00:15:35	CleanSam	Processed    28,000,000 records.  Elapsed time: 00:02:28s.  Time for last 1,000,000:    5s.  Last read position: chr1:75,569,370.  Last read name: SRR7624403.33212289
INFO	2024-07-04 00:15:40	CleanSam	Processed    29,000,000 records.  Elapsed time: 00:02:33s.  Time for last 1,000,000:    5s.  Last read position: chr1:93,178,791.  Last read name: SRR7624403.108312
INFO	2024-07-04 00:15:46	CleanSam	Processed    30,000,000 records.  Elapsed time: 00:02:39s.  Time for last 1,000,000:    6s.  Last read position: chr14:120,731,254.  Last read name: SRR7624403.48461678
INFO	2024-07-04 00:15:53	CleanSam	Processed    31,000,000 records.  Elapsed time: 00:02:45s.  Time for last 1,000,000:    6s.  Last read position: chr6:144,090,424.  Last read name: SRR7624403.25030363
INFO	2024-07-04 00:15:58	CleanSam	Processed    32,000,000 records.  Elapsed time: 00:02:50s.  Time for last 1,000,000:    5s.  Last read position: */*.  Last read name: SRR7624403.7569579
INFO	2024-07-04 00:16:03	CleanSam	Processed    33,000,000 records.  Elapsed time: 00:02:55s.  Time for last 1,000,000:    5s.  Last read position: chr15:52,512,260.  Last read name: SRR7624403.8631796
INFO	2024-07-04 00:16:08	CleanSam	Processed    34,000,000 records.  Elapsed time: 00:03:01s.  Time for last 1,000,000:    5s.  Last read position: chr2:124,147,272.  Last read name: SRR7624403.31242901
INFO	2024-07-04 00:16:13	CleanSam	Processed    35,000,000 records.  Elapsed time: 00:03:06s.  Time for last 1,000,000:    5s.  Last read position: chr16:57,834,989.  Last read name: SRR7624403.16064967
INFO	2024-07-04 00:16:19	CleanSam	Processed    36,000,000 records.  Elapsed time: 00:03:11s.  Time for last 1,000,000:    5s.  Last read position: chr1:128,910,394.  Last read name: SRR7624403.29915163
INFO	2024-07-04 00:16:24	CleanSam	Processed    37,000,000 records.  Elapsed time: 00:03:16s.  Time for last 1,000,000:    5s.  Last read position: chr18:7,840,040.  Last read name: SRR7624403.8910993
INFO	2024-07-04 00:16:29	CleanSam	Processed    38,000,000 records.  Elapsed time: 00:03:22s.  Time for last 1,000,000:    5s.  Last read position: chr14:77,430,724.  Last read name: SRR7624403.48419906
INFO	2024-07-04 00:16:34	CleanSam	Processed    39,000,000 records.  Elapsed time: 00:03:27s.  Time for last 1,000,000:    5s.  Last read position: chr11:100,641,278.  Last read name: SRR7624403.44346192
INFO	2024-07-04 00:16:39	CleanSam	Processed    40,000,000 records.  Elapsed time: 00:03:32s.  Time for last 1,000,000:    5s.  Last read position: chr11:96,356,169.  Last read name: SRR7624403.535318
INFO	2024-07-04 00:16:44	CleanSam	Processed    41,000,000 records.  Elapsed time: 00:03:37s.  Time for last 1,000,000:    5s.  Last read position: chr12:7,175,079.  Last read name: SRR7624403.591850
INFO	2024-07-04 00:16:50	CleanSam	Processed    42,000,000 records.  Elapsed time: 00:03:42s.  Time for last 1,000,000:    5s.  Last read position: chr11:90,243,306.  Last read name: SRR7624403.23079790
INFO	2024-07-04 00:16:55	CleanSam	Processed    43,000,000 records.  Elapsed time: 00:03:48s.  Time for last 1,000,000:    5s.  Last read position: chr11:46,712,856.  Last read name: SRR7624403.22461032
INFO	2024-07-04 00:17:00	CleanSam	Processed    44,000,000 records.  Elapsed time: 00:03:53s.  Time for last 1,000,000:    5s.  Last read position: chr1:77,975,385.  Last read name: SRR7624403.26462456
INFO	2024-07-04 00:17:06	CleanSam	Processed    45,000,000 records.  Elapsed time: 00:03:58s.  Time for last 1,000,000:    5s.  Last read position: chr6:107,669,376.  Last read name: SRR7624403.2591950
INFO	2024-07-04 00:17:11	CleanSam	Processed    46,000,000 records.  Elapsed time: 00:04:03s.  Time for last 1,000,000:    5s.  Last read position: chr15:34,473,005.  Last read name: SRR7624403.52276210
INFO	2024-07-04 00:17:16	CleanSam	Processed    47,000,000 records.  Elapsed time: 00:04:09s.  Time for last 1,000,000:    5s.  Last read position: chr16:47,709,560.  Last read name: SRR7624403.44938817
INFO	2024-07-04 00:17:21	CleanSam	Processed    48,000,000 records.  Elapsed time: 00:04:14s.  Time for last 1,000,000:    4s.  Last read position: chr3:140,738,775.  Last read name: SRR7624403.16814997
INFO	2024-07-04 00:17:26	CleanSam	Processed    49,000,000 records.  Elapsed time: 00:04:18s.  Time for last 1,000,000:    4s.  Last read position: chr17:81,011,551.  Last read name: SRR7624403.60164490
INFO	2024-07-04 00:17:31	CleanSam	Processed    50,000,000 records.  Elapsed time: 00:04:23s.  Time for last 1,000,000:    5s.  Last read position: chrX:106,937,319.  Last read name: SRR7624403.54869032
INFO	2024-07-04 00:17:36	CleanSam	Processed    51,000,000 records.  Elapsed time: 00:04:28s.  Time for last 1,000,000:    4s.  Last read position: chr1:193,223,595.  Last read name: SRR7624403.55358556
[Thu Jul 04 00:17:55 CEST 2024] picard.sam.CleanSam done. Elapsed time: 4.80 minutes.
Runtime.totalMemory()=612892672
00:17:57.460 INFO  NativeLibraryLoader - Loading libgkl_compression.so from jar:file:/home/robin/bin/miniconda3/share/picard-2.26.2-0/picard.jar!/com/intel/gkl/native/libgkl_compression.so
[Thu Jul 04 00:17:57 CEST 2024] SamFormatConverter --INPUT E14_48h_H3K27me3_ChIP_Yang2019_GSM3314715_cleaned.sam --OUTPUT E14_48h_H3K27me3_ChIP_Yang2019_GSM3314715_unsorted.bam --TMP_DIR . --VERBOSITY INFO --QUIET false --VALIDATION_STRINGENCY STRICT --COMPRESSION_LEVEL 5 --MAX_RECORDS_IN_RAM 500000 --CREATE_INDEX false --CREATE_MD5_FILE false --GA4GH_CLIENT_SECRETS client_secrets.json --help false --version false --showHidden false --USE_JDK_DEFLATER false --USE_JDK_INFLATER false
[Thu Jul 04 00:17:57 CEST 2024] Executing as robin@epipax.ijm.univ-paris-diderot.priv on Linux 6.1.0-21-amd64 amd64; OpenJDK 64-Bit Server VM 1.8.0_332-b09; Deflater: Intel; Inflater: Intel; Provider GCS is not available; Picard version: Version:2.26.2
INFO	2024-07-04 00:17:59	SamFormatConverter	Seen many non-increasing record positions. Printing Read-names as well.
INFO	2024-07-04 00:18:08	SamFormatConverter	Processed     1,000,000 records.  Elapsed time: 00:00:10s.  Time for last 1,000,000:   10s.  Last read position: chr10:109,070,988.  Last read name: SRR7624403.30097426
INFO	2024-07-04 00:18:18	SamFormatConverter	Processed     2,000,000 records.  Elapsed time: 00:00:19s.  Time for last 1,000,000:    9s.  Last read position: chr3:62,561,361.  Last read name: SRR7624403.16720326
INFO	2024-07-04 00:18:26	SamFormatConverter	Processed     3,000,000 records.  Elapsed time: 00:00:28s.  Time for last 1,000,000:    8s.  Last read position: chr2:30,565,358.  Last read name: SRR7624403.20270373
INFO	2024-07-04 00:18:35	SamFormatConverter	Processed     4,000,000 records.  Elapsed time: 00:00:37s.  Time for last 1,000,000:    8s.  Last read position: chr3:159,017,731.  Last read name: SRR7624403.41972561
INFO	2024-07-04 00:18:44	SamFormatConverter	Processed     5,000,000 records.  Elapsed time: 00:00:46s.  Time for last 1,000,000:    9s.  Last read position: chr4:131,946,417.  Last read name: SRR7624403.60937037
INFO	2024-07-04 00:18:54	SamFormatConverter	Processed     6,000,000 records.  Elapsed time: 00:00:55s.  Time for last 1,000,000:    9s.  Last read position: chr10:63,702,062.  Last read name: SRR7624403.4402954
INFO	2024-07-04 00:19:03	SamFormatConverter	Processed     7,000,000 records.  Elapsed time: 00:01:04s.  Time for last 1,000,000:    9s.  Last read position: chr5:25,742,721.  Last read name: SRR7624403.13278861
INFO	2024-07-04 00:19:12	SamFormatConverter	Processed     8,000,000 records.  Elapsed time: 00:01:13s.  Time for last 1,000,000:    9s.  Last read position: chr4:43,873,564.  Last read name: SRR7624403.31504055
INFO	2024-07-04 00:19:21	SamFormatConverter	Processed     9,000,000 records.  Elapsed time: 00:01:22s.  Time for last 1,000,000:    8s.  Last read position: chr16:44,603,066.  Last read name: SRR7624403.1203841
INFO	2024-07-04 00:19:30	SamFormatConverter	Processed    10,000,000 records.  Elapsed time: 00:01:31s.  Time for last 1,000,000:    8s.  Last read position: chr12:8,448,959.  Last read name: SRR7624403.33639353
INFO	2024-07-04 00:19:39	SamFormatConverter	Processed    11,000,000 records.  Elapsed time: 00:01:40s.  Time for last 1,000,000:    8s.  Last read position: chr2:98,268,180.  Last read name: SRR7624403.27814214
INFO	2024-07-04 00:19:47	SamFormatConverter	Processed    12,000,000 records.  Elapsed time: 00:01:48s.  Time for last 1,000,000:    8s.  Last read position: chr12:109,944,958.  Last read name: SRR7624403.716496
INFO	2024-07-04 00:19:56	SamFormatConverter	Processed    13,000,000 records.  Elapsed time: 00:01:57s.  Time for last 1,000,000:    8s.  Last read position: chr15:62,374,944.  Last read name: SRR7624403.30677726
INFO	2024-07-04 00:20:05	SamFormatConverter	Processed    14,000,000 records.  Elapsed time: 00:02:07s.  Time for last 1,000,000:    9s.  Last read position: chr7:81,499,508.  Last read name: SRR7624403.50039168
INFO	2024-07-04 00:20:14	SamFormatConverter	Processed    15,000,000 records.  Elapsed time: 00:02:16s.  Time for last 1,000,000:    8s.  Last read position: chr9:96,432,306.  Last read name: SRR7624403.25480002
INFO	2024-07-04 00:20:23	SamFormatConverter	Processed    16,000,000 records.  Elapsed time: 00:02:24s.  Time for last 1,000,000:    8s.  Last read position: chr18:78,680,215.  Last read name: SRR7624403.12567047
INFO	2024-07-04 00:20:31	SamFormatConverter	Processed    17,000,000 records.  Elapsed time: 00:02:33s.  Time for last 1,000,000:    8s.  Last read position: chrY:62,032,709.  Last read name: SRR7624403.40083396
INFO	2024-07-04 00:20:40	SamFormatConverter	Processed    18,000,000 records.  Elapsed time: 00:02:42s.  Time for last 1,000,000:    8s.  Last read position: chr3:124,397,124.  Last read name: SRR7624403.45653410
INFO	2024-07-04 00:20:49	SamFormatConverter	Processed    19,000,000 records.  Elapsed time: 00:02:50s.  Time for last 1,000,000:    8s.  Last read position: chr3:119,629,562.  Last read name: SRR7624403.38288612
INFO	2024-07-04 00:20:58	SamFormatConverter	Processed    20,000,000 records.  Elapsed time: 00:02:59s.  Time for last 1,000,000:    8s.  Last read position: chr11:18,132,528.  Last read name: SRR7624403.40475183
INFO	2024-07-04 00:21:07	SamFormatConverter	Processed    21,000,000 records.  Elapsed time: 00:03:08s.  Time for last 1,000,000:    8s.  Last read position: chr14:49,119,382.  Last read name: SRR7624403.23449966
INFO	2024-07-04 00:21:16	SamFormatConverter	Processed    22,000,000 records.  Elapsed time: 00:03:17s.  Time for last 1,000,000:    8s.  Last read position: chr6:29,003,025.  Last read name: SRR7624403.58250231
INFO	2024-07-04 00:21:24	SamFormatConverter	Processed    23,000,000 records.  Elapsed time: 00:03:26s.  Time for last 1,000,000:    8s.  Last read position: chr11:109,788,830.  Last read name: SRR7624403.37057846
INFO	2024-07-04 00:21:37	SamFormatConverter	Processed    24,000,000 records.  Elapsed time: 00:03:38s.  Time for last 1,000,000:   12s.  Last read position: chr17:8,342,190.  Last read name: SRR7624403.5251845
INFO	2024-07-04 00:21:47	SamFormatConverter	Processed    25,000,000 records.  Elapsed time: 00:03:48s.  Time for last 1,000,000:    9s.  Last read position: chr4:66,118,060.  Last read name: SRR7624403.34916761
INFO	2024-07-04 00:21:55	SamFormatConverter	Processed    26,000,000 records.  Elapsed time: 00:03:56s.  Time for last 1,000,000:    8s.  Last read position: chr16:64,073,194.  Last read name: SRR7624403.8767557
INFO	2024-07-04 00:22:04	SamFormatConverter	Processed    27,000,000 records.  Elapsed time: 00:04:05s.  Time for last 1,000,000:    8s.  Last read position: chr1:14,936,198.  Last read name: SRR7624403.43867000
INFO	2024-07-04 00:22:14	SamFormatConverter	Processed    28,000,000 records.  Elapsed time: 00:04:15s.  Time for last 1,000,000:    9s.  Last read position: chr1:75,569,370.  Last read name: SRR7624403.33212289
INFO	2024-07-04 00:22:22	SamFormatConverter	Processed    29,000,000 records.  Elapsed time: 00:04:24s.  Time for last 1,000,000:    8s.  Last read position: chr1:93,178,791.  Last read name: SRR7624403.108312
INFO	2024-07-04 00:22:32	SamFormatConverter	Processed    30,000,000 records.  Elapsed time: 00:04:33s.  Time for last 1,000,000:    9s.  Last read position: chr14:120,731,254.  Last read name: SRR7624403.48461678
INFO	2024-07-04 00:22:41	SamFormatConverter	Processed    31,000,000 records.  Elapsed time: 00:04:42s.  Time for last 1,000,000:    8s.  Last read position: chr6:144,090,424.  Last read name: SRR7624403.25030363
INFO	2024-07-04 00:22:50	SamFormatConverter	Processed    32,000,000 records.  Elapsed time: 00:04:51s.  Time for last 1,000,000:    9s.  Last read position: */*.  Last read name: SRR7624403.7569579
INFO	2024-07-04 00:22:58	SamFormatConverter	Processed    33,000,000 records.  Elapsed time: 00:05:00s.  Time for last 1,000,000:    8s.  Last read position: chr15:52,512,260.  Last read name: SRR7624403.8631796
INFO	2024-07-04 00:23:08	SamFormatConverter	Processed    34,000,000 records.  Elapsed time: 00:05:09s.  Time for last 1,000,000:    9s.  Last read position: chr2:124,147,272.  Last read name: SRR7624403.31242901
INFO	2024-07-04 00:23:17	SamFormatConverter	Processed    35,000,000 records.  Elapsed time: 00:05:18s.  Time for last 1,000,000:    8s.  Last read position: chr16:57,834,989.  Last read name: SRR7624403.16064967
INFO	2024-07-04 00:23:25	SamFormatConverter	Processed    36,000,000 records.  Elapsed time: 00:05:26s.  Time for last 1,000,000:    8s.  Last read position: chr1:128,910,394.  Last read name: SRR7624403.29915163
INFO	2024-07-04 00:23:34	SamFormatConverter	Processed    37,000,000 records.  Elapsed time: 00:05:36s.  Time for last 1,000,000:    9s.  Last read position: chr18:7,840,040.  Last read name: SRR7624403.8910993
INFO	2024-07-04 00:23:43	SamFormatConverter	Processed    38,000,000 records.  Elapsed time: 00:05:44s.  Time for last 1,000,000:    8s.  Last read position: chr14:77,430,724.  Last read name: SRR7624403.48419906
INFO	2024-07-04 00:23:52	SamFormatConverter	Processed    39,000,000 records.  Elapsed time: 00:05:53s.  Time for last 1,000,000:    8s.  Last read position: chr11:100,641,278.  Last read name: SRR7624403.44346192
INFO	2024-07-04 00:24:01	SamFormatConverter	Processed    40,000,000 records.  Elapsed time: 00:06:02s.  Time for last 1,000,000:    8s.  Last read position: chr11:96,356,169.  Last read name: SRR7624403.535318
INFO	2024-07-04 00:24:10	SamFormatConverter	Processed    41,000,000 records.  Elapsed time: 00:06:11s.  Time for last 1,000,000:    9s.  Last read position: chr12:7,175,079.  Last read name: SRR7624403.591850
INFO	2024-07-04 00:24:19	SamFormatConverter	Processed    42,000,000 records.  Elapsed time: 00:06:20s.  Time for last 1,000,000:    8s.  Last read position: chr11:90,243,306.  Last read name: SRR7624403.23079790
INFO	2024-07-04 00:24:27	SamFormatConverter	Processed    43,000,000 records.  Elapsed time: 00:06:28s.  Time for last 1,000,000:    8s.  Last read position: chr11:46,712,856.  Last read name: SRR7624403.22461032
INFO	2024-07-04 00:24:36	SamFormatConverter	Processed    44,000,000 records.  Elapsed time: 00:06:37s.  Time for last 1,000,000:    8s.  Last read position: chr1:77,975,385.  Last read name: SRR7624403.26462456
INFO	2024-07-04 00:24:45	SamFormatConverter	Processed    45,000,000 records.  Elapsed time: 00:06:46s.  Time for last 1,000,000:    8s.  Last read position: chr6:107,669,376.  Last read name: SRR7624403.2591950
INFO	2024-07-04 00:24:53	SamFormatConverter	Processed    46,000,000 records.  Elapsed time: 00:06:54s.  Time for last 1,000,000:    8s.  Last read position: chr15:34,473,005.  Last read name: SRR7624403.52276210
INFO	2024-07-04 00:25:02	SamFormatConverter	Processed    47,000,000 records.  Elapsed time: 00:07:03s.  Time for last 1,000,000:    8s.  Last read position: chr16:47,709,560.  Last read name: SRR7624403.44938817
INFO	2024-07-04 00:25:10	SamFormatConverter	Processed    48,000,000 records.  Elapsed time: 00:07:11s.  Time for last 1,000,000:    8s.  Last read position: chr3:140,738,775.  Last read name: SRR7624403.16814997
INFO	2024-07-04 00:25:19	SamFormatConverter	Processed    49,000,000 records.  Elapsed time: 00:07:20s.  Time for last 1,000,000:    8s.  Last read position: chr17:81,011,551.  Last read name: SRR7624403.60164490
INFO	2024-07-04 00:25:27	SamFormatConverter	Processed    50,000,000 records.  Elapsed time: 00:07:28s.  Time for last 1,000,000:    8s.  Last read position: chrX:106,937,319.  Last read name: SRR7624403.54869032
INFO	2024-07-04 00:25:36	SamFormatConverter	Processed    51,000,000 records.  Elapsed time: 00:07:37s.  Time for last 1,000,000:    9s.  Last read position: chr1:193,223,595.  Last read name: SRR7624403.55358556
[Thu Jul 04 00:25:50 CEST 2024] picard.sam.SamFormatConverter done. Elapsed time: 7.89 minutes.
Runtime.totalMemory()=797442048
00:25:53.055 INFO  NativeLibraryLoader - Loading libgkl_compression.so from jar:file:/home/robin/bin/miniconda3/share/picard-2.26.2-0/picard.jar!/com/intel/gkl/native/libgkl_compression.so
[Thu Jul 04 00:25:53 CEST 2024] SortSam --INPUT E14_48h_H3K27me3_ChIP_Yang2019_GSM3314715_unsorted.bam --OUTPUT E14_48h_H3K27me3_ChIP_Yang2019_GSM3314715_sorted.bam --SORT_ORDER coordinate --TMP_DIR . --VERBOSITY INFO --QUIET false --VALIDATION_STRINGENCY STRICT --COMPRESSION_LEVEL 5 --MAX_RECORDS_IN_RAM 500000 --CREATE_INDEX false --CREATE_MD5_FILE false --GA4GH_CLIENT_SECRETS client_secrets.json --help false --version false --showHidden false --USE_JDK_DEFLATER false --USE_JDK_INFLATER false
[Thu Jul 04 00:25:53 CEST 2024] Executing as robin@epipax.ijm.univ-paris-diderot.priv on Linux 6.1.0-21-amd64 amd64; OpenJDK 64-Bit Server VM 1.8.0_332-b09; Deflater: Intel; Inflater: Intel; Provider GCS is not available; Picard version: Version:2.26.2
INFO	2024-07-04 00:25:53	SortSam	Seen many non-increasing record positions. Printing Read-names as well.
INFO	2024-07-04 00:26:55	SortSam	Read    10,000,000 records.  Elapsed time: 00:01:01s.  Time for last 10,000,000:   61s.  Last read position: chr12:8,448,959.  Last read name: SRR7624403.33639353
INFO	2024-07-04 00:27:55	SortSam	Read    20,000,000 records.  Elapsed time: 00:02:01s.  Time for last 10,000,000:   60s.  Last read position: chr11:18,132,528.  Last read name: SRR7624403.40475183
INFO	2024-07-04 00:29:01	SortSam	Read    30,000,000 records.  Elapsed time: 00:03:08s.  Time for last 10,000,000:   66s.  Last read position: chr14:120,731,254.  Last read name: SRR7624403.48461678
INFO	2024-07-04 00:30:11	SortSam	Read    40,000,000 records.  Elapsed time: 00:04:17s.  Time for last 10,000,000:   69s.  Last read position: chr11:96,356,169.  Last read name: SRR7624403.535318
INFO	2024-07-04 00:31:20	SortSam	Read    50,000,000 records.  Elapsed time: 00:05:27s.  Time for last 10,000,000:   69s.  Last read position: chrX:106,937,319.  Last read name: SRR7624403.54869032
INFO	2024-07-04 00:31:33	SortSam	Finished reading inputs, merging and writing to output now.
INFO	2024-07-04 00:32:28	SortSam	Wrote    10,000,000 records from a sorting collection.  Elapsed time: 00:06:34s.  Time for last 10,000,000:   52s.  Last read position: chr3:139,413,545
INFO	2024-07-04 00:33:25	SortSam	Wrote    20,000,000 records from a sorting collection.  Elapsed time: 00:07:31s.  Time for last 10,000,000:   57s.  Last read position: chr7:26,717,802
INFO	2024-07-04 00:34:16	SortSam	Wrote    30,000,000 records from a sorting collection.  Elapsed time: 00:08:23s.  Time for last 10,000,000:   51s.  Last read position: chr10:115,076,798
INFO	2024-07-04 00:35:06	SortSam	Wrote    40,000,000 records from a sorting collection.  Elapsed time: 00:09:13s.  Time for last 10,000,000:   50s.  Last read position: chr14:114,090,418
INFO	2024-07-04 00:36:01	SortSam	Wrote    50,000,000 records from a sorting collection.  Elapsed time: 00:10:07s.  Time for last 10,000,000:   54s.  Last read position: chrX:112,983,123
[Thu Jul 04 00:36:16 CEST 2024] picard.sam.SortSam done. Elapsed time: 10.38 minutes.
Runtime.totalMemory()=1798307840
00:36:17.594 INFO  NativeLibraryLoader - Loading libgkl_compression.so from jar:file:/home/robin/bin/miniconda3/share/picard-2.26.2-0/picard.jar!/com/intel/gkl/native/libgkl_compression.so
[Thu Jul 04 00:36:17 CEST 2024] MarkDuplicates --INPUT E14_48h_H3K27me3_ChIP_Yang2019_GSM3314715_sorted.bam --OUTPUT E14_48h_H3K27me3_ChIP_Yang2019_GSM3314715.bam --METRICS_FILE E14_48h_H3K27me3_ChIP_Yang2019_GSM3314715_markDupeMetrics.txt --REMOVE_DUPLICATES false --TMP_DIR . --MAX_SEQUENCES_FOR_DISK_READ_ENDS_MAP 50000 --MAX_FILE_HANDLES_FOR_READ_ENDS_MAP 8000 --SORTING_COLLECTION_SIZE_RATIO 0.25 --TAG_DUPLICATE_SET_MEMBERS false --REMOVE_SEQUENCING_DUPLICATES false --TAGGING_POLICY DontTag --CLEAR_DT true --DUPLEX_UMI false --ADD_PG_TAG_TO_READS true --ASSUME_SORTED false --DUPLICATE_SCORING_STRATEGY SUM_OF_BASE_QUALITIES --PROGRAM_RECORD_ID MarkDuplicates --PROGRAM_GROUP_NAME MarkDuplicates --READ_NAME_REGEX <optimized capture of last three ':' separated fields as numeric values> --OPTICAL_DUPLICATE_PIXEL_DISTANCE 100 --MAX_OPTICAL_DUPLICATE_SET_SIZE 300000 --VERBOSITY INFO --QUIET false --VALIDATION_STRINGENCY STRICT --COMPRESSION_LEVEL 5 --MAX_RECORDS_IN_RAM 500000 --CREATE_INDEX false --CREATE_MD5_FILE false --GA4GH_CLIENT_SECRETS client_secrets.json --help false --version false --showHidden false --USE_JDK_DEFLATER false --USE_JDK_INFLATER false
[Thu Jul 04 00:36:17 CEST 2024] Executing as robin@epipax.ijm.univ-paris-diderot.priv on Linux 6.1.0-21-amd64 amd64; OpenJDK 64-Bit Server VM 1.8.0_332-b09; Deflater: Intel; Inflater: Intel; Provider GCS is not available; Picard version: Version:2.26.2
INFO	2024-07-04 00:36:17	MarkDuplicates	Start of doWork freeMemory: 501502712; totalMemory: 514850816; maxMemory: 1908932608
INFO	2024-07-04 00:36:17	MarkDuplicates	Reading input file and constructing read end information.
INFO	2024-07-04 00:36:17	MarkDuplicates	Will retain up to 6916422 data points before spilling to disk.
WARNING	2024-07-04 00:36:18	AbstractOpticalDuplicateFinderCommandLineProgram	A field field parsed out of a read name was expected to contain an integer and did not. Read name: SRR7624403.14264262. Cause: String 'SRR7624403.14264262' did not start with a parsable number.
INFO	2024-07-04 00:36:22	MarkDuplicates	Read     1,000,000 records.  Elapsed time: 00:00:04s.  Time for last 1,000,000:    4s.  Last read position: chr1:62,140,935
INFO	2024-07-04 00:36:22	MarkDuplicates	Tracking 0 as yet unmatched pairs. 0 records in RAM.
INFO	2024-07-04 00:36:25	MarkDuplicates	Read     2,000,000 records.  Elapsed time: 00:00:07s.  Time for last 1,000,000:    3s.  Last read position: chr1:118,256,511
INFO	2024-07-04 00:36:25	MarkDuplicates	Tracking 0 as yet unmatched pairs. 0 records in RAM.
INFO	2024-07-04 00:36:30	MarkDuplicates	Read     3,000,000 records.  Elapsed time: 00:00:12s.  Time for last 1,000,000:    4s.  Last read position: chr1:168,904,433
INFO	2024-07-04 00:36:30	MarkDuplicates	Tracking 0 as yet unmatched pairs. 0 records in RAM.
INFO	2024-07-04 00:36:34	MarkDuplicates	Read     4,000,000 records.  Elapsed time: 00:00:16s.  Time for last 1,000,000:    3s.  Last read position: chr2:24,268,221
INFO	2024-07-04 00:36:34	MarkDuplicates	Tracking 0 as yet unmatched pairs. 0 records in RAM.
INFO	2024-07-04 00:36:41	MarkDuplicates	Read     5,000,000 records.  Elapsed time: 00:00:22s.  Time for last 1,000,000:    6s.  Last read position: chr2:74,653,343
INFO	2024-07-04 00:36:41	MarkDuplicates	Tracking 0 as yet unmatched pairs. 0 records in RAM.
INFO	2024-07-04 00:36:44	MarkDuplicates	Read     6,000,000 records.  Elapsed time: 00:00:26s.  Time for last 1,000,000:    3s.  Last read position: chr2:118,397,451
INFO	2024-07-04 00:36:44	MarkDuplicates	Tracking 0 as yet unmatched pairs. 0 records in RAM.
INFO	2024-07-04 00:36:51	MarkDuplicates	Read     7,000,000 records.  Elapsed time: 00:00:33s.  Time for last 1,000,000:    6s.  Last read position: chr2:165,112,005
INFO	2024-07-04 00:36:51	MarkDuplicates	Tracking 0 as yet unmatched pairs. 0 records in RAM.
INFO	2024-07-04 00:36:55	MarkDuplicates	Read     8,000,000 records.  Elapsed time: 00:00:37s.  Time for last 1,000,000:    4s.  Last read position: chr3:38,256,480
INFO	2024-07-04 00:36:55	MarkDuplicates	Tracking 0 as yet unmatched pairs. 0 records in RAM.
INFO	2024-07-04 00:37:01	MarkDuplicates	Read     9,000,000 records.  Elapsed time: 00:00:43s.  Time for last 1,000,000:    5s.  Last read position: chr3:92,308,619
INFO	2024-07-04 00:37:01	MarkDuplicates	Tracking 0 as yet unmatched pairs. 0 records in RAM.
INFO	2024-07-04 00:37:06	MarkDuplicates	Read    10,000,000 records.  Elapsed time: 00:00:48s.  Time for last 1,000,000:    4s.  Last read position: chr3:139,413,545
INFO	2024-07-04 00:37:06	MarkDuplicates	Tracking 0 as yet unmatched pairs. 0 records in RAM.
INFO	2024-07-04 00:37:09	MarkDuplicates	Read    11,000,000 records.  Elapsed time: 00:00:51s.  Time for last 1,000,000:    3s.  Last read position: chr4:41,244,204
INFO	2024-07-04 00:37:09	MarkDuplicates	Tracking 0 as yet unmatched pairs. 0 records in RAM.
INFO	2024-07-04 00:37:14	MarkDuplicates	Read    12,000,000 records.  Elapsed time: 00:00:55s.  Time for last 1,000,000:    4s.  Last read position: chr4:95,437,642
INFO	2024-07-04 00:37:14	MarkDuplicates	Tracking 0 as yet unmatched pairs. 0 records in RAM.
INFO	2024-07-04 00:37:21	MarkDuplicates	Read    13,000,000 records.  Elapsed time: 00:01:02s.  Time for last 1,000,000:    6s.  Last read position: chr4:138,247,563
INFO	2024-07-04 00:37:21	MarkDuplicates	Tracking 0 as yet unmatched pairs. 0 records in RAM.
INFO	2024-07-04 00:37:27	MarkDuplicates	Read    14,000,000 records.  Elapsed time: 00:01:09s.  Time for last 1,000,000:    6s.  Last read position: chr5:29,411,545
INFO	2024-07-04 00:37:27	MarkDuplicates	Tracking 0 as yet unmatched pairs. 0 records in RAM.
INFO	2024-07-04 00:37:32	MarkDuplicates	Read    15,000,000 records.  Elapsed time: 00:01:14s.  Time for last 1,000,000:    4s.  Last read position: chr5:78,313,061
INFO	2024-07-04 00:37:32	MarkDuplicates	Tracking 0 as yet unmatched pairs. 0 records in RAM.
INFO	2024-07-04 00:37:36	MarkDuplicates	Read    16,000,000 records.  Elapsed time: 00:01:18s.  Time for last 1,000,000:    3s.  Last read position: chr5:122,364,738
INFO	2024-07-04 00:37:36	MarkDuplicates	Tracking 0 as yet unmatched pairs. 0 records in RAM.
INFO	2024-07-04 00:37:40	MarkDuplicates	Read    17,000,000 records.  Elapsed time: 00:01:21s.  Time for last 1,000,000:    3s.  Last read position: chr6:18,615,163
INFO	2024-07-04 00:37:40	MarkDuplicates	Tracking 0 as yet unmatched pairs. 0 records in RAM.
INFO	2024-07-04 00:37:47	MarkDuplicates	Read    18,000,000 records.  Elapsed time: 00:01:29s.  Time for last 1,000,000:    7s.  Last read position: chr6:70,302,659
INFO	2024-07-04 00:37:47	MarkDuplicates	Tracking 0 as yet unmatched pairs. 0 records in RAM.
INFO	2024-07-04 00:37:51	MarkDuplicates	Read    19,000,000 records.  Elapsed time: 00:01:33s.  Time for last 1,000,000:    4s.  Last read position: chr6:118,961,746
INFO	2024-07-04 00:37:51	MarkDuplicates	Tracking 0 as yet unmatched pairs. 0 records in RAM.
INFO	2024-07-04 00:37:55	MarkDuplicates	Read    20,000,000 records.  Elapsed time: 00:01:37s.  Time for last 1,000,000:    4s.  Last read position: chr7:26,717,802
INFO	2024-07-04 00:37:55	MarkDuplicates	Tracking 0 as yet unmatched pairs. 0 records in RAM.
INFO	2024-07-04 00:38:02	MarkDuplicates	Read    21,000,000 records.  Elapsed time: 00:01:43s.  Time for last 1,000,000:    6s.  Last read position: chr7:77,973,362
INFO	2024-07-04 00:38:02	MarkDuplicates	Tracking 0 as yet unmatched pairs. 0 records in RAM.
INFO	2024-07-04 00:38:06	MarkDuplicates	Read    22,000,000 records.  Elapsed time: 00:01:48s.  Time for last 1,000,000:    4s.  Last read position: chr7:128,224,200
INFO	2024-07-04 00:38:06	MarkDuplicates	Tracking 0 as yet unmatched pairs. 0 records in RAM.
INFO	2024-07-04 00:38:09	MarkDuplicates	Read    23,000,000 records.  Elapsed time: 00:01:51s.  Time for last 1,000,000:    3s.  Last read position: chr8:26,652,571
INFO	2024-07-04 00:38:09	MarkDuplicates	Tracking 0 as yet unmatched pairs. 0 records in RAM.
INFO	2024-07-04 00:38:14	MarkDuplicates	Read    24,000,000 records.  Elapsed time: 00:01:56s.  Time for last 1,000,000:    4s.  Last read position: chr8:82,205,718
INFO	2024-07-04 00:38:14	MarkDuplicates	Tracking 0 as yet unmatched pairs. 0 records in RAM.
INFO	2024-07-04 00:38:20	MarkDuplicates	Read    25,000,000 records.  Elapsed time: 00:02:02s.  Time for last 1,000,000:    6s.  Last read position: chr8:121,888,194
INFO	2024-07-04 00:38:20	MarkDuplicates	Tracking 0 as yet unmatched pairs. 0 records in RAM.
INFO	2024-07-04 00:38:23	MarkDuplicates	Read    26,000,000 records.  Elapsed time: 00:02:05s.  Time for last 1,000,000:    3s.  Last read position: chr9:42,640,988
INFO	2024-07-04 00:38:23	MarkDuplicates	Tracking 0 as yet unmatched pairs. 0 records in RAM.
INFO	2024-07-04 00:38:27	MarkDuplicates	Read    27,000,000 records.  Elapsed time: 00:02:09s.  Time for last 1,000,000:    3s.  Last read position: chr9:87,373,822
INFO	2024-07-04 00:38:27	MarkDuplicates	Tracking 0 as yet unmatched pairs. 0 records in RAM.
INFO	2024-07-04 00:38:33	MarkDuplicates	Read    28,000,000 records.  Elapsed time: 00:02:15s.  Time for last 1,000,000:    5s.  Last read position: chr10:11,105,080
INFO	2024-07-04 00:38:33	MarkDuplicates	Tracking 0 as yet unmatched pairs. 0 records in RAM.
INFO	2024-07-04 00:38:37	MarkDuplicates	Read    29,000,000 records.  Elapsed time: 00:02:19s.  Time for last 1,000,000:    4s.  Last read position: chr10:67,683,431
INFO	2024-07-04 00:38:37	MarkDuplicates	Tracking 0 as yet unmatched pairs. 0 records in RAM.
INFO	2024-07-04 00:38:40	MarkDuplicates	Read    30,000,000 records.  Elapsed time: 00:02:22s.  Time for last 1,000,000:    3s.  Last read position: chr10:115,076,798
INFO	2024-07-04 00:38:40	MarkDuplicates	Tracking 0 as yet unmatched pairs. 0 records in RAM.
INFO	2024-07-04 00:38:45	MarkDuplicates	Read    31,000,000 records.  Elapsed time: 00:02:27s.  Time for last 1,000,000:    5s.  Last read position: chr11:37,099,543
INFO	2024-07-04 00:38:45	MarkDuplicates	Tracking 0 as yet unmatched pairs. 0 records in RAM.
INFO	2024-07-04 00:38:51	MarkDuplicates	Read    32,000,000 records.  Elapsed time: 00:02:33s.  Time for last 1,000,000:    5s.  Last read position: chr11:81,121,187
INFO	2024-07-04 00:38:51	MarkDuplicates	Tracking 0 as yet unmatched pairs. 0 records in RAM.
INFO	2024-07-04 00:38:56	MarkDuplicates	Read    33,000,000 records.  Elapsed time: 00:02:38s.  Time for last 1,000,000:    4s.  Last read position: chr11:115,860,391
INFO	2024-07-04 00:38:56	MarkDuplicates	Tracking 0 as yet unmatched pairs. 0 records in RAM.
INFO	2024-07-04 00:39:00	MarkDuplicates	Read    34,000,000 records.  Elapsed time: 00:02:42s.  Time for last 1,000,000:    3s.  Last read position: chr12:51,060,351
INFO	2024-07-04 00:39:00	MarkDuplicates	Tracking 0 as yet unmatched pairs. 0 records in RAM.
INFO	2024-07-04 00:39:06	MarkDuplicates	Read    35,000,000 records.  Elapsed time: 00:02:48s.  Time for last 1,000,000:    6s.  Last read position: chr12:102,136,453
INFO	2024-07-04 00:39:06	MarkDuplicates	Tracking 0 as yet unmatched pairs. 0 records in RAM.
INFO	2024-07-04 00:39:10	MarkDuplicates	Read    36,000,000 records.  Elapsed time: 00:02:52s.  Time for last 1,000,000:    4s.  Last read position: chr13:35,479,938
INFO	2024-07-04 00:39:10	MarkDuplicates	Tracking 0 as yet unmatched pairs. 0 records in RAM.
INFO	2024-07-04 00:39:15	MarkDuplicates	Read    37,000,000 records.  Elapsed time: 00:02:57s.  Time for last 1,000,000:    4s.  Last read position: chr13:78,605,493
INFO	2024-07-04 00:39:15	MarkDuplicates	Tracking 0 as yet unmatched pairs. 0 records in RAM.
INFO	2024-07-04 00:39:18	MarkDuplicates	Read    38,000,000 records.  Elapsed time: 00:03:00s.  Time for last 1,000,000:    3s.  Last read position: chr14:10,646,834
INFO	2024-07-04 00:39:18	MarkDuplicates	Tracking 0 as yet unmatched pairs. 0 records in RAM.
INFO	2024-07-04 00:39:23	MarkDuplicates	Read    39,000,000 records.  Elapsed time: 00:03:05s.  Time for last 1,000,000:    4s.  Last read position: chr14:59,311,008
INFO	2024-07-04 00:39:23	MarkDuplicates	Tracking 0 as yet unmatched pairs. 0 records in RAM.
INFO	2024-07-04 00:39:27	MarkDuplicates	Read    40,000,000 records.  Elapsed time: 00:03:08s.  Time for last 1,000,000:    3s.  Last read position: chr14:114,090,418
INFO	2024-07-04 00:39:27	MarkDuplicates	Tracking 0 as yet unmatched pairs. 0 records in RAM.
INFO	2024-07-04 00:39:34	MarkDuplicates	Read    41,000,000 records.  Elapsed time: 00:03:16s.  Time for last 1,000,000:    7s.  Last read position: chr15:53,661,338
INFO	2024-07-04 00:39:34	MarkDuplicates	Tracking 0 as yet unmatched pairs. 0 records in RAM.
INFO	2024-07-04 00:39:40	MarkDuplicates	Read    42,000,000 records.  Elapsed time: 00:03:22s.  Time for last 1,000,000:    5s.  Last read position: chr15:97,165,358
INFO	2024-07-04 00:39:40	MarkDuplicates	Tracking 0 as yet unmatched pairs. 0 records in RAM.
INFO	2024-07-04 00:39:44	MarkDuplicates	Read    43,000,000 records.  Elapsed time: 00:03:26s.  Time for last 1,000,000:    4s.  Last read position: chr16:41,442,977
INFO	2024-07-04 00:39:44	MarkDuplicates	Tracking 0 as yet unmatched pairs. 0 records in RAM.
INFO	2024-07-04 00:39:47	MarkDuplicates	Read    44,000,000 records.  Elapsed time: 00:03:29s.  Time for last 1,000,000:    3s.  Last read position: chr16:95,574,897
INFO	2024-07-04 00:39:47	MarkDuplicates	Tracking 0 as yet unmatched pairs. 0 records in RAM.
INFO	2024-07-04 00:39:51	MarkDuplicates	Read    45,000,000 records.  Elapsed time: 00:03:33s.  Time for last 1,000,000:    3s.  Last read position: chr17:45,629,769
INFO	2024-07-04 00:39:51	MarkDuplicates	Tracking 0 as yet unmatched pairs. 0 records in RAM.
INFO	2024-07-04 00:39:55	MarkDuplicates	Read    46,000,000 records.  Elapsed time: 00:03:37s.  Time for last 1,000,000:    3s.  Last read position: chr18:5,458,340
INFO	2024-07-04 00:39:55	MarkDuplicates	Tracking 0 as yet unmatched pairs. 0 records in RAM.
INFO	2024-07-04 00:39:59	MarkDuplicates	Read    47,000,000 records.  Elapsed time: 00:03:41s.  Time for last 1,000,000:    4s.  Last read position: chr18:60,283,892
INFO	2024-07-04 00:39:59	MarkDuplicates	Tracking 0 as yet unmatched pairs. 0 records in RAM.
INFO	2024-07-04 00:40:05	MarkDuplicates	Read    48,000,000 records.  Elapsed time: 00:03:47s.  Time for last 1,000,000:    5s.  Last read position: chr19:20,383,340
INFO	2024-07-04 00:40:05	MarkDuplicates	Tracking 0 as yet unmatched pairs. 0 records in RAM.
INFO	2024-07-04 00:40:11	MarkDuplicates	Read    49,000,000 records.  Elapsed time: 00:03:53s.  Time for last 1,000,000:    6s.  Last read position: chrX:6,169,586
INFO	2024-07-04 00:40:11	MarkDuplicates	Tracking 0 as yet unmatched pairs. 0 records in RAM.
INFO	2024-07-04 00:40:14	MarkDuplicates	Read    50,000,000 records.  Elapsed time: 00:03:56s.  Time for last 1,000,000:    3s.  Last read position: chrX:112,983,123
INFO	2024-07-04 00:40:14	MarkDuplicates	Tracking 0 as yet unmatched pairs. 0 records in RAM.
INFO	2024-07-04 00:40:18	MarkDuplicates	Read    51,000,000 records.  Elapsed time: 00:04:00s.  Time for last 1,000,000:    3s.  Last read position: chrY:90,769,161
INFO	2024-07-04 00:40:18	MarkDuplicates	Tracking 0 as yet unmatched pairs. 0 records in RAM.
INFO	2024-07-04 00:40:21	MarkDuplicates	Read 51279090 records. 0 pairs never matched.
INFO	2024-07-04 00:40:22	MarkDuplicates	After buildSortedReadEndLists freeMemory: 1659692752; totalMemory: 1704984576; maxMemory: 1908932608
INFO	2024-07-04 00:40:22	MarkDuplicates	Will retain up to 59654144 duplicate indices before spilling to disk.
INFO	2024-07-04 00:40:22	MarkDuplicates	Traversing read pair information and detecting duplicates.
INFO	2024-07-04 00:40:22	MarkDuplicates	Traversing fragment information and detecting duplicates.
INFO	2024-07-04 00:40:37	MarkDuplicates	Sorting list of duplicate records.
INFO	2024-07-04 00:40:37	MarkDuplicates	After generateDuplicateIndexes freeMemory: 1208022368; totalMemory: 1702363136; maxMemory: 1908932608
INFO	2024-07-04 00:40:37	MarkDuplicates	Marking 542538 records as duplicates.
INFO	2024-07-04 00:40:37	MarkDuplicates	Found 0 optical duplicate clusters.
INFO	2024-07-04 00:40:37	MarkDuplicates	Reads are assumed to be ordered by: coordinate
INFO	2024-07-04 00:41:55	MarkDuplicates	Written    10,000,000 records.  Elapsed time: 00:01:17s.  Time for last 10,000,000:   77s.  Last read position: chr3:139,413,545
INFO	2024-07-04 00:43:07	MarkDuplicates	Written    20,000,000 records.  Elapsed time: 00:02:29s.  Time for last 10,000,000:   72s.  Last read position: chr7:26,717,802
INFO	2024-07-04 00:44:21	MarkDuplicates	Written    30,000,000 records.  Elapsed time: 00:03:43s.  Time for last 10,000,000:   73s.  Last read position: chr10:115,076,798
INFO	2024-07-04 00:45:38	MarkDuplicates	Written    40,000,000 records.  Elapsed time: 00:05:00s.  Time for last 10,000,000:   77s.  Last read position: chr14:114,090,418
INFO	2024-07-04 00:46:56	MarkDuplicates	Written    50,000,000 records.  Elapsed time: 00:06:18s.  Time for last 10,000,000:   77s.  Last read position: chrX:112,983,123
INFO	2024-07-04 00:47:09	MarkDuplicates	Writing complete. Closing input iterator.
INFO	2024-07-04 00:47:09	MarkDuplicates	Duplicate Index cleanup.
INFO	2024-07-04 00:47:09	MarkDuplicates	Getting Memory Stats.
INFO	2024-07-04 00:47:09	MarkDuplicates	Before output close freeMemory: 1715579800; totalMemory: 1734344704; maxMemory: 1908932608
INFO	2024-07-04 00:47:09	MarkDuplicates	Closed outputs. Getting more Memory Stats.
INFO	2024-07-04 00:47:09	MarkDuplicates	After output close freeMemory: 1715579800; totalMemory: 1734344704; maxMemory: 1908932608
[Thu Jul 04 00:47:09 CEST 2024] picard.sam.markduplicates.MarkDuplicates done. Elapsed time: 10.87 minutes.
Runtime.totalMemory()=1734344704
[sam grooming] finished successfully at [Thu Jul 4 12:47:31 AM CEST 2024]
[trueStats] Collecting alignment statistics for E14_48h_H3K27me3_ChIP_Yang2019_GSM3314715.bam at [Thu Jul 4 12:48:45 AM CEST 2024]
[bamToWigCPMsmoothKeepDup] Started with bin size: 1 and smoothing over 0 bp and KEEPING DUPLICATES at [Thu Jul 4 12:54:05 AM CEST 2024]
There are 49235014 alignments, of which 472537 are completely within a blacklist region.
Due to filtering, 90.47761156206272% of the aforementioned alignments will be used 44119124.52810018
[bamToWigCPMsmoothKeepDup] finished successfully at [Thu Jul 4 01:16:12 AM CEST 2024]
[file cleanup] started. Good job! at [Thu Jul 4 01:16:12 AM CEST 2024]
cp: cannot stat '*.pdf': No such file or directory
mv: cannot stat '*.bed': No such file or directory
mv: preserving times for '/data/bigWigs/E14_48h_H3K27me3_ChIP_Yang2019_GSM3314715_trimV5_mm10_kpDup_q10_b1_s0_CPM.bw': Operation not permitted
mv: preserving permissions for /data/bigWigs/E14_48h_H3K27me3_ChIP_Yang2019_GSM3314715_trimV5_mm10_kpDup_q10_b1_s0_CPM.bw: Operation not permitted
mv: preserving times for '/data/bams/E14_48h_H3K27me3_ChIP_Yang2019_GSM3314715_trimV5_mm10.bam': Operation not permitted
mv: preserving permissions for /data/bams/E14_48h_H3K27me3_ChIP_Yang2019_GSM3314715_trimV5_mm10.bam: Operation not permitted
mv: preserving times for '/data/bams/E14_48h_H3K27me3_ChIP_Yang2019_GSM3314715_trimV5_mm10.bam.bai': Operation not permitted
mv: preserving permissions for /data/bams/E14_48h_H3K27me3_ChIP_Yang2019_GSM3314715_trimV5_mm10.bam.bai: Operation not permitted
mv: cannot stat '*.gtf': No such file or directory
