SCRATCH: /scratch
[setupVariables] Data are paired-end. at [Fri Aug 30 05:34:51 PM CEST 2024]
[checkDependencies] Checking Dependencies [Fri Aug 30 05:34:51 PM CEST 2024] at [Fri Aug 30 05:34:51 PM CEST 2024]
[setup checkDependencies] trimmomatic... at [Fri Aug 30 05:34:51 PM CEST 2024]
[setup checkDependencies] STAR... at [Fri Aug 30 05:34:51 PM CEST 2024]
[setup checkDependencies] bismark... at [Fri Aug 30 05:34:51 PM CEST 2024]
[setup checkDependencies] bowtie2... at [Fri Aug 30 05:34:51 PM CEST 2024]
[setup checkDependencies] samtools... at [Fri Aug 30 05:34:51 PM CEST 2024]
[setup checkDependencies] picard... at [Fri Aug 30 05:34:51 PM CEST 2024]
[setup checkDependencies] awk... at [Fri Aug 30 05:34:51 PM CEST 2024]
[setup checkDependencies] bamCoverage... at [Fri Aug 30 05:34:51 PM CEST 2024]
[setup checkDependencies] fastqc... at [Fri Aug 30 05:34:51 PM CEST 2024]
[setup checkDependencies] fastq_screen... at [Fri Aug 30 05:34:51 PM CEST 2024]
[setup checkDependencies] stringtie... at [Fri Aug 30 05:34:51 PM CEST 2024]
[setup checkDependencies] clumpify.sh... at [Fri Aug 30 05:34:51 PM CEST 2024]
PAIRED: true
[setUpLogFile] Script started at [Fri Aug 30 05:34:51 PM CEST 2024] at [Fri Aug 30 05:34:51 PM CEST 2024]
[fastQC] started on raw FASTQs at [Fri Aug 30 05:34:51 PM CEST 2024]
Started analysis of C57BL6_MII_oocyte_RNA_IshiuchiLab2024_rep1_GSM7504964_R1_raw.fastq.gz
Started analysis of C57BL6_MII_oocyte_RNA_IshiuchiLab2024_rep1_GSM7504964_R2_raw.fastq.gz
Approx 5% complete for C57BL6_MII_oocyte_RNA_IshiuchiLab2024_rep1_GSM7504964_R1_raw.fastq.gz
Approx 5% complete for C57BL6_MII_oocyte_RNA_IshiuchiLab2024_rep1_GSM7504964_R2_raw.fastq.gz
Approx 10% complete for C57BL6_MII_oocyte_RNA_IshiuchiLab2024_rep1_GSM7504964_R1_raw.fastq.gz
Approx 10% complete for C57BL6_MII_oocyte_RNA_IshiuchiLab2024_rep1_GSM7504964_R2_raw.fastq.gz
Approx 15% complete for C57BL6_MII_oocyte_RNA_IshiuchiLab2024_rep1_GSM7504964_R1_raw.fastq.gz
Approx 15% complete for C57BL6_MII_oocyte_RNA_IshiuchiLab2024_rep1_GSM7504964_R2_raw.fastq.gz
Approx 20% complete for C57BL6_MII_oocyte_RNA_IshiuchiLab2024_rep1_GSM7504964_R1_raw.fastq.gz
Approx 20% complete for C57BL6_MII_oocyte_RNA_IshiuchiLab2024_rep1_GSM7504964_R2_raw.fastq.gz
Approx 25% complete for C57BL6_MII_oocyte_RNA_IshiuchiLab2024_rep1_GSM7504964_R1_raw.fastq.gz
Approx 25% complete for C57BL6_MII_oocyte_RNA_IshiuchiLab2024_rep1_GSM7504964_R2_raw.fastq.gz
Approx 30% complete for C57BL6_MII_oocyte_RNA_IshiuchiLab2024_rep1_GSM7504964_R1_raw.fastq.gz
Approx 30% complete for C57BL6_MII_oocyte_RNA_IshiuchiLab2024_rep1_GSM7504964_R2_raw.fastq.gz
Approx 35% complete for C57BL6_MII_oocyte_RNA_IshiuchiLab2024_rep1_GSM7504964_R2_raw.fastq.gz
Approx 35% complete for C57BL6_MII_oocyte_RNA_IshiuchiLab2024_rep1_GSM7504964_R1_raw.fastq.gz
Approx 40% complete for C57BL6_MII_oocyte_RNA_IshiuchiLab2024_rep1_GSM7504964_R2_raw.fastq.gz
Approx 40% complete for C57BL6_MII_oocyte_RNA_IshiuchiLab2024_rep1_GSM7504964_R1_raw.fastq.gz
Approx 45% complete for C57BL6_MII_oocyte_RNA_IshiuchiLab2024_rep1_GSM7504964_R2_raw.fastq.gz
Approx 45% complete for C57BL6_MII_oocyte_RNA_IshiuchiLab2024_rep1_GSM7504964_R1_raw.fastq.gz
Approx 50% complete for C57BL6_MII_oocyte_RNA_IshiuchiLab2024_rep1_GSM7504964_R1_raw.fastq.gz
Approx 50% complete for C57BL6_MII_oocyte_RNA_IshiuchiLab2024_rep1_GSM7504964_R2_raw.fastq.gz
Approx 55% complete for C57BL6_MII_oocyte_RNA_IshiuchiLab2024_rep1_GSM7504964_R1_raw.fastq.gz
Approx 55% complete for C57BL6_MII_oocyte_RNA_IshiuchiLab2024_rep1_GSM7504964_R2_raw.fastq.gz
Approx 60% complete for C57BL6_MII_oocyte_RNA_IshiuchiLab2024_rep1_GSM7504964_R1_raw.fastq.gz
Approx 60% complete for C57BL6_MII_oocyte_RNA_IshiuchiLab2024_rep1_GSM7504964_R2_raw.fastq.gz
Approx 65% complete for C57BL6_MII_oocyte_RNA_IshiuchiLab2024_rep1_GSM7504964_R1_raw.fastq.gz
Approx 65% complete for C57BL6_MII_oocyte_RNA_IshiuchiLab2024_rep1_GSM7504964_R2_raw.fastq.gz
Approx 70% complete for C57BL6_MII_oocyte_RNA_IshiuchiLab2024_rep1_GSM7504964_R1_raw.fastq.gz
Approx 70% complete for C57BL6_MII_oocyte_RNA_IshiuchiLab2024_rep1_GSM7504964_R2_raw.fastq.gz
Approx 75% complete for C57BL6_MII_oocyte_RNA_IshiuchiLab2024_rep1_GSM7504964_R1_raw.fastq.gz
Approx 75% complete for C57BL6_MII_oocyte_RNA_IshiuchiLab2024_rep1_GSM7504964_R2_raw.fastq.gz
Approx 80% complete for C57BL6_MII_oocyte_RNA_IshiuchiLab2024_rep1_GSM7504964_R1_raw.fastq.gz
Approx 80% complete for C57BL6_MII_oocyte_RNA_IshiuchiLab2024_rep1_GSM7504964_R2_raw.fastq.gz
Approx 85% complete for C57BL6_MII_oocyte_RNA_IshiuchiLab2024_rep1_GSM7504964_R1_raw.fastq.gz
Approx 85% complete for C57BL6_MII_oocyte_RNA_IshiuchiLab2024_rep1_GSM7504964_R2_raw.fastq.gz
Approx 90% complete for C57BL6_MII_oocyte_RNA_IshiuchiLab2024_rep1_GSM7504964_R1_raw.fastq.gz
Approx 90% complete for C57BL6_MII_oocyte_RNA_IshiuchiLab2024_rep1_GSM7504964_R2_raw.fastq.gz
Approx 95% complete for C57BL6_MII_oocyte_RNA_IshiuchiLab2024_rep1_GSM7504964_R1_raw.fastq.gz
Approx 95% complete for C57BL6_MII_oocyte_RNA_IshiuchiLab2024_rep1_GSM7504964_R2_raw.fastq.gz
Analysis complete for C57BL6_MII_oocyte_RNA_IshiuchiLab2024_rep1_GSM7504964_R1_raw.fastq.gz
Analysis complete for C57BL6_MII_oocyte_RNA_IshiuchiLab2024_rep1_GSM7504964_R2_raw.fastq.gz
[fastQC] on raw FASTQs finished succesfully. Will remove PCR duplicates now at [Fri Aug 30 05:38:47 PM CEST 2024]
Reads are length: 54 at [Fri Aug 30 05:38:47 PM CEST 2024]
Reads with same sequence 1 or fewer substitutions will be marked as PCR duplicates at [Fri Aug 30 05:38:47 PM CEST 2024]
Removal of PCR duplicates complete! at [Fri Aug 30 06:25:06 PM CEST 2024]
[trimReads] Started using version trimV5 parameters at [Fri Aug 30 06:25:06 PM CEST 2024]
ILLUMINACLIP:/data/reference_genomes/adapters/adapters.fa:2:30:10 SLIDINGWINDOW:4:20 MINLEN:24
[trimReads] Trimming C57BL6_MII_oocyte_RNA_IshiuchiLab2024_rep1_GSM7504964_R1.fastq.gz and C57BL6_MII_oocyte_RNA_IshiuchiLab2024_rep1_GSM7504964_R2.fastq.gz... at [Fri Aug 30 06:25:06 PM CEST 2024]
[trimReads] Finished successfully at [Fri Aug 30 06:28:36 PM CEST 2024]
[fastQC] started on C57BL6_MII_oocyte_RNA_IshiuchiLab2024_rep1_GSM7504964_R1.fastq.gz C57BL6_MII_oocyte_RNA_IshiuchiLab2024_rep1_GSM7504964_R2.fastq.gz C57BL6_MII_oocyte_RNA_IshiuchiLab2024_rep1_GSM7504964_trimV5_R1.fastq.gz C57BL6_MII_oocyte_RNA_IshiuchiLab2024_rep1_GSM7504964_trimV5_R2.fastq.gz at [Fri Aug 30 06:28:36 PM CEST 2024]
Started analysis of C57BL6_MII_oocyte_RNA_IshiuchiLab2024_rep1_GSM7504964_R1.fastq.gz
Started analysis of C57BL6_MII_oocyte_RNA_IshiuchiLab2024_rep1_GSM7504964_R2.fastq.gz
Started analysis of C57BL6_MII_oocyte_RNA_IshiuchiLab2024_rep1_GSM7504964_trimV5_R1.fastq.gz
Started analysis of C57BL6_MII_oocyte_RNA_IshiuchiLab2024_rep1_GSM7504964_trimV5_R2.fastq.gz
Approx 5% complete for C57BL6_MII_oocyte_RNA_IshiuchiLab2024_rep1_GSM7504964_R1.fastq.gz
Approx 5% complete for C57BL6_MII_oocyte_RNA_IshiuchiLab2024_rep1_GSM7504964_trimV5_R1.fastq.gz
Approx 5% complete for C57BL6_MII_oocyte_RNA_IshiuchiLab2024_rep1_GSM7504964_R2.fastq.gz
Approx 5% complete for C57BL6_MII_oocyte_RNA_IshiuchiLab2024_rep1_GSM7504964_trimV5_R2.fastq.gz
Approx 10% complete for C57BL6_MII_oocyte_RNA_IshiuchiLab2024_rep1_GSM7504964_R1.fastq.gz
Approx 10% complete for C57BL6_MII_oocyte_RNA_IshiuchiLab2024_rep1_GSM7504964_trimV5_R1.fastq.gz
Approx 10% complete for C57BL6_MII_oocyte_RNA_IshiuchiLab2024_rep1_GSM7504964_trimV5_R2.fastq.gz
Approx 10% complete for C57BL6_MII_oocyte_RNA_IshiuchiLab2024_rep1_GSM7504964_R2.fastq.gz
Approx 15% complete for C57BL6_MII_oocyte_RNA_IshiuchiLab2024_rep1_GSM7504964_R1.fastq.gz
Approx 15% complete for C57BL6_MII_oocyte_RNA_IshiuchiLab2024_rep1_GSM7504964_trimV5_R1.fastq.gz
Approx 15% complete for C57BL6_MII_oocyte_RNA_IshiuchiLab2024_rep1_GSM7504964_trimV5_R2.fastq.gz
Approx 20% complete for C57BL6_MII_oocyte_RNA_IshiuchiLab2024_rep1_GSM7504964_R1.fastq.gz
Approx 15% complete for C57BL6_MII_oocyte_RNA_IshiuchiLab2024_rep1_GSM7504964_R2.fastq.gz
Approx 20% complete for C57BL6_MII_oocyte_RNA_IshiuchiLab2024_rep1_GSM7504964_trimV5_R1.fastq.gz
Approx 25% complete for C57BL6_MII_oocyte_RNA_IshiuchiLab2024_rep1_GSM7504964_R1.fastq.gz
Approx 20% complete for C57BL6_MII_oocyte_RNA_IshiuchiLab2024_rep1_GSM7504964_trimV5_R2.fastq.gz
Approx 25% complete for C57BL6_MII_oocyte_RNA_IshiuchiLab2024_rep1_GSM7504964_trimV5_R1.fastq.gz
Approx 20% complete for C57BL6_MII_oocyte_RNA_IshiuchiLab2024_rep1_GSM7504964_R2.fastq.gz
Approx 30% complete for C57BL6_MII_oocyte_RNA_IshiuchiLab2024_rep1_GSM7504964_R1.fastq.gz
Approx 30% complete for C57BL6_MII_oocyte_RNA_IshiuchiLab2024_rep1_GSM7504964_trimV5_R1.fastq.gz
Approx 25% complete for C57BL6_MII_oocyte_RNA_IshiuchiLab2024_rep1_GSM7504964_trimV5_R2.fastq.gz
Approx 25% complete for C57BL6_MII_oocyte_RNA_IshiuchiLab2024_rep1_GSM7504964_R2.fastq.gz
Approx 35% complete for C57BL6_MII_oocyte_RNA_IshiuchiLab2024_rep1_GSM7504964_R1.fastq.gz
Approx 35% complete for C57BL6_MII_oocyte_RNA_IshiuchiLab2024_rep1_GSM7504964_trimV5_R1.fastq.gz
Approx 30% complete for C57BL6_MII_oocyte_RNA_IshiuchiLab2024_rep1_GSM7504964_trimV5_R2.fastq.gz
Approx 40% complete for C57BL6_MII_oocyte_RNA_IshiuchiLab2024_rep1_GSM7504964_R1.fastq.gz
Approx 40% complete for C57BL6_MII_oocyte_RNA_IshiuchiLab2024_rep1_GSM7504964_trimV5_R1.fastq.gz
Approx 30% complete for C57BL6_MII_oocyte_RNA_IshiuchiLab2024_rep1_GSM7504964_R2.fastq.gz
Approx 35% complete for C57BL6_MII_oocyte_RNA_IshiuchiLab2024_rep1_GSM7504964_trimV5_R2.fastq.gz
Approx 45% complete for C57BL6_MII_oocyte_RNA_IshiuchiLab2024_rep1_GSM7504964_R1.fastq.gz
Approx 45% complete for C57BL6_MII_oocyte_RNA_IshiuchiLab2024_rep1_GSM7504964_trimV5_R1.fastq.gz
Approx 35% complete for C57BL6_MII_oocyte_RNA_IshiuchiLab2024_rep1_GSM7504964_R2.fastq.gz
Approx 40% complete for C57BL6_MII_oocyte_RNA_IshiuchiLab2024_rep1_GSM7504964_trimV5_R2.fastq.gz
Approx 50% complete for C57BL6_MII_oocyte_RNA_IshiuchiLab2024_rep1_GSM7504964_R1.fastq.gz
Approx 50% complete for C57BL6_MII_oocyte_RNA_IshiuchiLab2024_rep1_GSM7504964_trimV5_R1.fastq.gz
Approx 55% complete for C57BL6_MII_oocyte_RNA_IshiuchiLab2024_rep1_GSM7504964_R1.fastq.gz
Approx 40% complete for C57BL6_MII_oocyte_RNA_IshiuchiLab2024_rep1_GSM7504964_R2.fastq.gz
Approx 55% complete for C57BL6_MII_oocyte_RNA_IshiuchiLab2024_rep1_GSM7504964_trimV5_R1.fastq.gz
Approx 45% complete for C57BL6_MII_oocyte_RNA_IshiuchiLab2024_rep1_GSM7504964_trimV5_R2.fastq.gz
Approx 60% complete for C57BL6_MII_oocyte_RNA_IshiuchiLab2024_rep1_GSM7504964_R1.fastq.gz
Approx 60% complete for C57BL6_MII_oocyte_RNA_IshiuchiLab2024_rep1_GSM7504964_trimV5_R1.fastq.gz
Approx 45% complete for C57BL6_MII_oocyte_RNA_IshiuchiLab2024_rep1_GSM7504964_R2.fastq.gz
Approx 50% complete for C57BL6_MII_oocyte_RNA_IshiuchiLab2024_rep1_GSM7504964_trimV5_R2.fastq.gz
Approx 65% complete for C57BL6_MII_oocyte_RNA_IshiuchiLab2024_rep1_GSM7504964_R1.fastq.gz
Approx 65% complete for C57BL6_MII_oocyte_RNA_IshiuchiLab2024_rep1_GSM7504964_trimV5_R1.fastq.gz
Approx 50% complete for C57BL6_MII_oocyte_RNA_IshiuchiLab2024_rep1_GSM7504964_R2.fastq.gz
Approx 55% complete for C57BL6_MII_oocyte_RNA_IshiuchiLab2024_rep1_GSM7504964_trimV5_R2.fastq.gz
Approx 70% complete for C57BL6_MII_oocyte_RNA_IshiuchiLab2024_rep1_GSM7504964_R1.fastq.gz
Approx 70% complete for C57BL6_MII_oocyte_RNA_IshiuchiLab2024_rep1_GSM7504964_trimV5_R1.fastq.gz
Approx 75% complete for C57BL6_MII_oocyte_RNA_IshiuchiLab2024_rep1_GSM7504964_R1.fastq.gz
Approx 75% complete for C57BL6_MII_oocyte_RNA_IshiuchiLab2024_rep1_GSM7504964_trimV5_R1.fastq.gz
Approx 60% complete for C57BL6_MII_oocyte_RNA_IshiuchiLab2024_rep1_GSM7504964_trimV5_R2.fastq.gz
Approx 55% complete for C57BL6_MII_oocyte_RNA_IshiuchiLab2024_rep1_GSM7504964_R2.fastq.gz
Approx 80% complete for C57BL6_MII_oocyte_RNA_IshiuchiLab2024_rep1_GSM7504964_R1.fastq.gz
Approx 80% complete for C57BL6_MII_oocyte_RNA_IshiuchiLab2024_rep1_GSM7504964_trimV5_R1.fastq.gz
Approx 65% complete for C57BL6_MII_oocyte_RNA_IshiuchiLab2024_rep1_GSM7504964_trimV5_R2.fastq.gz
Approx 60% complete for C57BL6_MII_oocyte_RNA_IshiuchiLab2024_rep1_GSM7504964_R2.fastq.gz
Approx 85% complete for C57BL6_MII_oocyte_RNA_IshiuchiLab2024_rep1_GSM7504964_R1.fastq.gz
Approx 85% complete for C57BL6_MII_oocyte_RNA_IshiuchiLab2024_rep1_GSM7504964_trimV5_R1.fastq.gz
Approx 70% complete for C57BL6_MII_oocyte_RNA_IshiuchiLab2024_rep1_GSM7504964_trimV5_R2.fastq.gz
Approx 90% complete for C57BL6_MII_oocyte_RNA_IshiuchiLab2024_rep1_GSM7504964_R1.fastq.gz
Approx 90% complete for C57BL6_MII_oocyte_RNA_IshiuchiLab2024_rep1_GSM7504964_trimV5_R1.fastq.gz
Approx 65% complete for C57BL6_MII_oocyte_RNA_IshiuchiLab2024_rep1_GSM7504964_R2.fastq.gz
Approx 95% complete for C57BL6_MII_oocyte_RNA_IshiuchiLab2024_rep1_GSM7504964_trimV5_R1.fastq.gz
Approx 95% complete for C57BL6_MII_oocyte_RNA_IshiuchiLab2024_rep1_GSM7504964_R1.fastq.gz
Approx 75% complete for C57BL6_MII_oocyte_RNA_IshiuchiLab2024_rep1_GSM7504964_trimV5_R2.fastq.gz
Approx 70% complete for C57BL6_MII_oocyte_RNA_IshiuchiLab2024_rep1_GSM7504964_R2.fastq.gz
Analysis complete for C57BL6_MII_oocyte_RNA_IshiuchiLab2024_rep1_GSM7504964_trimV5_R1.fastq.gz
Analysis complete for C57BL6_MII_oocyte_RNA_IshiuchiLab2024_rep1_GSM7504964_R1.fastq.gz
Approx 80% complete for C57BL6_MII_oocyte_RNA_IshiuchiLab2024_rep1_GSM7504964_trimV5_R2.fastq.gz
Approx 75% complete for C57BL6_MII_oocyte_RNA_IshiuchiLab2024_rep1_GSM7504964_R2.fastq.gz
Approx 85% complete for C57BL6_MII_oocyte_RNA_IshiuchiLab2024_rep1_GSM7504964_trimV5_R2.fastq.gz
Approx 80% complete for C57BL6_MII_oocyte_RNA_IshiuchiLab2024_rep1_GSM7504964_R2.fastq.gz
Approx 90% complete for C57BL6_MII_oocyte_RNA_IshiuchiLab2024_rep1_GSM7504964_trimV5_R2.fastq.gz
Approx 95% complete for C57BL6_MII_oocyte_RNA_IshiuchiLab2024_rep1_GSM7504964_trimV5_R2.fastq.gz
Approx 85% complete for C57BL6_MII_oocyte_RNA_IshiuchiLab2024_rep1_GSM7504964_R2.fastq.gz
Analysis complete for C57BL6_MII_oocyte_RNA_IshiuchiLab2024_rep1_GSM7504964_trimV5_R2.fastq.gz
Approx 90% complete for C57BL6_MII_oocyte_RNA_IshiuchiLab2024_rep1_GSM7504964_R2.fastq.gz
Approx 95% complete for C57BL6_MII_oocyte_RNA_IshiuchiLab2024_rep1_GSM7504964_R2.fastq.gz
Analysis complete for C57BL6_MII_oocyte_RNA_IshiuchiLab2024_rep1_GSM7504964_R2.fastq.gz
[fastQC] finished succesfully at [Fri Aug 30 06:30:57 PM CEST 2024]
[fastqScreen] started on C57BL6_MII_oocyte_RNA_IshiuchiLab2024_rep1_GSM7504964_trimV5_R1.fastq.gz at [Fri Aug 30 06:30:57 PM CEST 2024]
Using fastq_screen v0.15.1
Couldn't find fastq_screen.conf at '/home/robin/bin/miniconda3/share/fastq-screen-0.15.2-0/fastq_screen.conf'
[fastqScreen] finished successfully at [Fri Aug 30 06:30:57 PM CEST 2024]
[STAR alignment] started with reference /data/reference_genomes/mm10 at [Fri Aug 30 06:30:57 PM CEST 2024]
	STAR --runMode alignReads --genomeDir /data/reference_genomes/mm10 --runThreadN 12 --limitBAMsortRAM 4G --readFilesCommand zcat --readFilesIn C57BL6_MII_oocyte_RNA_IshiuchiLab2024_rep1_GSM7504964_trimV5_R1.fastq.gz C57BL6_MII_oocyte_RNA_IshiuchiLab2024_rep1_GSM7504964_trimV5_R2.fastq.gz --outFilterType BySJout --outSAMtype SAM
	STAR version: 2.7.9a   compiled: 2021-05-04T09:43:56-0400 vega:/home/dobin/data/STAR/STARcode/STAR.master/source
Aug 30 18:30:57 ..... started STAR run
Aug 30 18:30:57 ..... loading genome
Aug 30 18:32:02 ..... started mapping
Aug 30 18:36:01 ..... finished mapping
Aug 30 18:36:02 ..... finished successfully
[STAR alignment] finished successfully at [Fri Aug 30 06:36:03 PM CEST 2024]
[sam grooming] started at [Fri Aug 30 06:38:05 PM CEST 2024]
18:38:06.727 INFO  NativeLibraryLoader - Loading libgkl_compression.so from jar:file:/home/robin/bin/miniconda3/share/picard-2.26.2-0/picard.jar!/com/intel/gkl/native/libgkl_compression.so
[Fri Aug 30 18:38:06 CEST 2024] CleanSam --INPUT C57BL6_MII_oocyte_RNA_IshiuchiLab2024_rep1_GSM7504964_raw.sam --OUTPUT C57BL6_MII_oocyte_RNA_IshiuchiLab2024_rep1_GSM7504964_cleaned.sam --TMP_DIR . --VERBOSITY INFO --QUIET false --VALIDATION_STRINGENCY STRICT --COMPRESSION_LEVEL 5 --MAX_RECORDS_IN_RAM 500000 --CREATE_INDEX false --CREATE_MD5_FILE false --GA4GH_CLIENT_SECRETS client_secrets.json --help false --version false --showHidden false --USE_JDK_DEFLATER false --USE_JDK_INFLATER false
[Fri Aug 30 18:38:06 CEST 2024] Executing as robin@epipax.ijm.univ-paris-diderot.priv on Linux 6.1.0-23-amd64 amd64; OpenJDK 64-Bit Server VM 1.8.0_332-b09; Deflater: Intel; Inflater: Intel; Provider GCS is not available; Picard version: Version:2.26.2
INFO	2024-08-30 18:38:06	CleanSam	Seen many non-increasing record positions. Printing Read-names as well.
INFO	2024-08-30 18:38:11	CleanSam	Processed     1,000,000 records.  Elapsed time: 00:00:04s.  Time for last 1,000,000:    4s.  Last read position: chr6:72,362,607.  Last read name: SRR24991810.8740824
INFO	2024-08-30 18:38:16	CleanSam	Processed     2,000,000 records.  Elapsed time: 00:00:09s.  Time for last 1,000,000:    4s.  Last read position: chr9:110,427,568.  Last read name: SRR24991810.1919473
INFO	2024-08-30 18:38:20	CleanSam	Processed     3,000,000 records.  Elapsed time: 00:00:13s.  Time for last 1,000,000:    4s.  Last read position: chr7:54,024,454.  Last read name: SRR24991810.15422323
INFO	2024-08-30 18:38:25	CleanSam	Processed     4,000,000 records.  Elapsed time: 00:00:18s.  Time for last 1,000,000:    4s.  Last read position: chr4:56,877,952.  Last read name: SRR24991810.2624499
INFO	2024-08-30 18:38:29	CleanSam	Processed     5,000,000 records.  Elapsed time: 00:00:22s.  Time for last 1,000,000:    4s.  Last read position: chr4:112,955,174.  Last read name: SRR24991810.11678752
INFO	2024-08-30 18:38:33	CleanSam	Processed     6,000,000 records.  Elapsed time: 00:00:27s.  Time for last 1,000,000:    4s.  Last read position: chr12:110,858,613.  Last read name: SRR24991810.42354008
INFO	2024-08-30 18:38:38	CleanSam	Processed     7,000,000 records.  Elapsed time: 00:00:31s.  Time for last 1,000,000:    4s.  Last read position: chr4:118,168,392.  Last read name: SRR24991810.8709212
INFO	2024-08-30 18:38:43	CleanSam	Processed     8,000,000 records.  Elapsed time: 00:00:36s.  Time for last 1,000,000:    5s.  Last read position: chr17:6,306,783.  Last read name: SRR24991810.12086028
INFO	2024-08-30 18:38:49	CleanSam	Processed     9,000,000 records.  Elapsed time: 00:00:42s.  Time for last 1,000,000:    5s.  Last read position: chr7:101,899,478.  Last read name: SRR24991810.5646202
INFO	2024-08-30 18:38:55	CleanSam	Processed    10,000,000 records.  Elapsed time: 00:00:48s.  Time for last 1,000,000:    5s.  Last read position: chr11:106,410,068.  Last read name: SRR24991810.7213824
INFO	2024-08-30 18:38:59	CleanSam	Processed    11,000,000 records.  Elapsed time: 00:00:52s.  Time for last 1,000,000:    4s.  Last read position: chr2:103,267,082.  Last read name: SRR24991810.38041517
INFO	2024-08-30 18:39:03	CleanSam	Processed    12,000,000 records.  Elapsed time: 00:00:57s.  Time for last 1,000,000:    4s.  Last read position: chr4:144,196,156.  Last read name: SRR24991810.29292575
INFO	2024-08-30 18:39:08	CleanSam	Processed    13,000,000 records.  Elapsed time: 00:01:01s.  Time for last 1,000,000:    4s.  Last read position: chr11:88,964,971.  Last read name: SRR24991810.29583083
INFO	2024-08-30 18:39:13	CleanSam	Processed    14,000,000 records.  Elapsed time: 00:01:06s.  Time for last 1,000,000:    4s.  Last read position: chr14:25,980,448.  Last read name: SRR24991810.20881478
INFO	2024-08-30 18:39:19	CleanSam	Processed    15,000,000 records.  Elapsed time: 00:01:12s.  Time for last 1,000,000:    5s.  Last read position: chr2:118,615,494.  Last read name: SRR24991810.12558571
INFO	2024-08-30 18:39:23	CleanSam	Processed    16,000,000 records.  Elapsed time: 00:01:16s.  Time for last 1,000,000:    4s.  Last read position: chr1:178,336,132.  Last read name: SRR24991810.12409890
INFO	2024-08-30 18:39:27	CleanSam	Processed    17,000,000 records.  Elapsed time: 00:01:20s.  Time for last 1,000,000:    4s.  Last read position: chr11:43,238,882.  Last read name: SRR24991810.30765012
INFO	2024-08-30 18:39:32	CleanSam	Processed    18,000,000 records.  Elapsed time: 00:01:26s.  Time for last 1,000,000:    5s.  Last read position: chr9:78,556,316.  Last read name: SRR24991810.43070517
INFO	2024-08-30 18:39:40	CleanSam	Processed    19,000,000 records.  Elapsed time: 00:01:33s.  Time for last 1,000,000:    7s.  Last read position: chr15:98,863,013.  Last read name: SRR24991810.15172011
INFO	2024-08-30 18:39:46	CleanSam	Processed    20,000,000 records.  Elapsed time: 00:01:39s.  Time for last 1,000,000:    5s.  Last read position: chr11:52,245,050.  Last read name: SRR24991810.38301733
INFO	2024-08-30 18:39:51	CleanSam	Processed    21,000,000 records.  Elapsed time: 00:01:44s.  Time for last 1,000,000:    5s.  Last read position: chr2:73,853,848.  Last read name: SRR24991810.10027048
INFO	2024-08-30 18:39:56	CleanSam	Processed    22,000,000 records.  Elapsed time: 00:01:50s.  Time for last 1,000,000:    5s.  Last read position: chr14:26,923,051.  Last read name: SRR24991810.14014121
INFO	2024-08-30 18:40:01	CleanSam	Processed    23,000,000 records.  Elapsed time: 00:01:54s.  Time for last 1,000,000:    4s.  Last read position: chr4:84,292,482.  Last read name: SRR24991810.13019746
INFO	2024-08-30 18:40:06	CleanSam	Processed    24,000,000 records.  Elapsed time: 00:01:59s.  Time for last 1,000,000:    4s.  Last read position: chr14:31,010,387.  Last read name: SRR24991810.32805713
INFO	2024-08-30 18:40:12	CleanSam	Processed    25,000,000 records.  Elapsed time: 00:02:05s.  Time for last 1,000,000:    6s.  Last read position: chr11:106,990,701.  Last read name: SRR24991810.17739553
INFO	2024-08-30 18:40:16	CleanSam	Processed    26,000,000 records.  Elapsed time: 00:02:10s.  Time for last 1,000,000:    4s.  Last read position: chr8:107,439,200.  Last read name: SRR24991810.26515200
INFO	2024-08-30 18:40:21	CleanSam	Processed    27,000,000 records.  Elapsed time: 00:02:14s.  Time for last 1,000,000:    4s.  Last read position: chr7:79,694,667.  Last read name: SRR24991810.45294022
INFO	2024-08-30 18:40:25	CleanSam	Processed    28,000,000 records.  Elapsed time: 00:02:19s.  Time for last 1,000,000:    4s.  Last read position: chr7:63,542,925.  Last read name: SRR24991810.31180736
INFO	2024-08-30 18:40:30	CleanSam	Processed    29,000,000 records.  Elapsed time: 00:02:23s.  Time for last 1,000,000:    4s.  Last read position: chr10:116,763,041.  Last read name: SRR24991810.8021317
INFO	2024-08-30 18:40:36	CleanSam	Processed    30,000,000 records.  Elapsed time: 00:02:29s.  Time for last 1,000,000:    5s.  Last read position: chr8:94,862,622.  Last read name: SRR24991810.24038068
INFO	2024-08-30 18:40:41	CleanSam	Processed    31,000,000 records.  Elapsed time: 00:02:34s.  Time for last 1,000,000:    5s.  Last read position: chr6:94,606,339.  Last read name: SRR24991810.10354426
INFO	2024-08-30 18:40:46	CleanSam	Processed    32,000,000 records.  Elapsed time: 00:02:39s.  Time for last 1,000,000:    5s.  Last read position: chr17:78,684,261.  Last read name: SRR24991810.41642658
INFO	2024-08-30 18:40:52	CleanSam	Processed    33,000,000 records.  Elapsed time: 00:02:45s.  Time for last 1,000,000:    5s.  Last read position: chr1:153,845,146.  Last read name: SRR24991810.19453065
INFO	2024-08-30 18:40:56	CleanSam	Processed    34,000,000 records.  Elapsed time: 00:02:49s.  Time for last 1,000,000:    4s.  Last read position: chr10:71,285,130.  Last read name: SRR24991810.17158474
INFO	2024-08-30 18:41:03	CleanSam	Processed    35,000,000 records.  Elapsed time: 00:02:56s.  Time for last 1,000,000:    6s.  Last read position: chr7:5,110,314.  Last read name: SRR24991810.6862348
INFO	2024-08-30 18:41:07	CleanSam	Processed    36,000,000 records.  Elapsed time: 00:03:00s.  Time for last 1,000,000:    4s.  Last read position: chr1:78,454,756.  Last read name: SRR24991810.33986960
INFO	2024-08-30 18:41:12	CleanSam	Processed    37,000,000 records.  Elapsed time: 00:03:05s.  Time for last 1,000,000:    4s.  Last read position: chr5:77,283,165.  Last read name: SRR24991810.21161709
INFO	2024-08-30 18:41:19	CleanSam	Processed    38,000,000 records.  Elapsed time: 00:03:12s.  Time for last 1,000,000:    6s.  Last read position: chr18:9,704,162.  Last read name: SRR24991810.23261065
INFO	2024-08-30 18:41:26	CleanSam	Processed    39,000,000 records.  Elapsed time: 00:03:19s.  Time for last 1,000,000:    7s.  Last read position: chr1:74,983,937.  Last read name: SRR24991810.10170862
INFO	2024-08-30 18:41:34	CleanSam	Processed    40,000,000 records.  Elapsed time: 00:03:28s.  Time for last 1,000,000:    8s.  Last read position: chr2:95,537,702.  Last read name: SRR24991810.36226001
INFO	2024-08-30 18:41:41	CleanSam	Processed    41,000,000 records.  Elapsed time: 00:03:34s.  Time for last 1,000,000:    6s.  Last read position: chr9:56,223,790.  Last read name: SRR24991810.18968973
INFO	2024-08-30 18:41:52	CleanSam	Processed    42,000,000 records.  Elapsed time: 00:03:45s.  Time for last 1,000,000:   10s.  Last read position: chr14:67,016,568.  Last read name: SRR24991810.39703978
INFO	2024-08-30 18:41:58	CleanSam	Processed    43,000,000 records.  Elapsed time: 00:03:51s.  Time for last 1,000,000:    6s.  Last read position: chr11:117,741,751.  Last read name: SRR24991810.609384
INFO	2024-08-30 18:42:03	CleanSam	Processed    44,000,000 records.  Elapsed time: 00:03:56s.  Time for last 1,000,000:    5s.  Last read position: chr8:44,784,859.  Last read name: SRR24991810.2496179
INFO	2024-08-30 18:42:09	CleanSam	Processed    45,000,000 records.  Elapsed time: 00:04:02s.  Time for last 1,000,000:    5s.  Last read position: chr15:98,040,879.  Last read name: SRR24991810.17713900
INFO	2024-08-30 18:42:14	CleanSam	Processed    46,000,000 records.  Elapsed time: 00:04:07s.  Time for last 1,000,000:    4s.  Last read position: chr11:115,735,462.  Last read name: SRR24991810.36271135
INFO	2024-08-30 18:42:19	CleanSam	Processed    47,000,000 records.  Elapsed time: 00:04:12s.  Time for last 1,000,000:    5s.  Last read position: chr2:78,872,456.  Last read name: SRR24991810.17304083
INFO	2024-08-30 18:42:24	CleanSam	Processed    48,000,000 records.  Elapsed time: 00:04:17s.  Time for last 1,000,000:    5s.  Last read position: chr11:101,323,278.  Last read name: SRR24991810.29965380
INFO	2024-08-30 18:42:30	CleanSam	Processed    49,000,000 records.  Elapsed time: 00:04:23s.  Time for last 1,000,000:    5s.  Last read position: chr5:134,596,944.  Last read name: SRR24991810.39679603
INFO	2024-08-30 18:42:36	CleanSam	Processed    50,000,000 records.  Elapsed time: 00:04:29s.  Time for last 1,000,000:    6s.  Last read position: chr10:68,094,154.  Last read name: SRR24991810.38471425
INFO	2024-08-30 18:42:42	CleanSam	Processed    51,000,000 records.  Elapsed time: 00:04:35s.  Time for last 1,000,000:    5s.  Last read position: chr17:74,373,663.  Last read name: SRR24991810.24960447
INFO	2024-08-30 18:42:47	CleanSam	Processed    52,000,000 records.  Elapsed time: 00:04:40s.  Time for last 1,000,000:    4s.  Last read position: chr4:135,272,590.  Last read name: SRR24991810.17201343
INFO	2024-08-30 18:42:51	CleanSam	Processed    53,000,000 records.  Elapsed time: 00:04:44s.  Time for last 1,000,000:    4s.  Last read position: chr3:50,367,534.  Last read name: SRR24991810.33277521
INFO	2024-08-30 18:42:56	CleanSam	Processed    54,000,000 records.  Elapsed time: 00:04:49s.  Time for last 1,000,000:    4s.  Last read position: chr7:57,855,635.  Last read name: SRR24991810.18410848
INFO	2024-08-30 18:43:00	CleanSam	Processed    55,000,000 records.  Elapsed time: 00:04:53s.  Time for last 1,000,000:    4s.  Last read position: chr5:7,180,197.  Last read name: SRR24991810.12913849
INFO	2024-08-30 18:43:05	CleanSam	Processed    56,000,000 records.  Elapsed time: 00:04:58s.  Time for last 1,000,000:    4s.  Last read position: chr9:56,430,287.  Last read name: SRR24991810.8311232
[Fri Aug 30 18:43:11 CEST 2024] picard.sam.CleanSam done. Elapsed time: 5.07 minutes.
Runtime.totalMemory()=914882560
18:43:13.203 INFO  NativeLibraryLoader - Loading libgkl_compression.so from jar:file:/home/robin/bin/miniconda3/share/picard-2.26.2-0/picard.jar!/com/intel/gkl/native/libgkl_compression.so
[Fri Aug 30 18:43:13 CEST 2024] SamFormatConverter --INPUT C57BL6_MII_oocyte_RNA_IshiuchiLab2024_rep1_GSM7504964_cleaned.sam --OUTPUT C57BL6_MII_oocyte_RNA_IshiuchiLab2024_rep1_GSM7504964_unsorted.bam --TMP_DIR . --VERBOSITY INFO --QUIET false --VALIDATION_STRINGENCY STRICT --COMPRESSION_LEVEL 5 --MAX_RECORDS_IN_RAM 500000 --CREATE_INDEX false --CREATE_MD5_FILE false --GA4GH_CLIENT_SECRETS client_secrets.json --help false --version false --showHidden false --USE_JDK_DEFLATER false --USE_JDK_INFLATER false
[Fri Aug 30 18:43:13 CEST 2024] Executing as robin@epipax.ijm.univ-paris-diderot.priv on Linux 6.1.0-23-amd64 amd64; OpenJDK 64-Bit Server VM 1.8.0_332-b09; Deflater: Intel; Inflater: Intel; Provider GCS is not available; Picard version: Version:2.26.2
INFO	2024-08-30 18:43:14	SamFormatConverter	Seen many non-increasing record positions. Printing Read-names as well.
INFO	2024-08-30 18:43:20	SamFormatConverter	Processed     1,000,000 records.  Elapsed time: 00:00:06s.  Time for last 1,000,000:    6s.  Last read position: chr6:72,362,607.  Last read name: SRR24991810.8740824
INFO	2024-08-30 18:43:27	SamFormatConverter	Processed     2,000,000 records.  Elapsed time: 00:00:12s.  Time for last 1,000,000:    6s.  Last read position: chr9:110,427,568.  Last read name: SRR24991810.1919473
INFO	2024-08-30 18:43:33	SamFormatConverter	Processed     3,000,000 records.  Elapsed time: 00:00:19s.  Time for last 1,000,000:    6s.  Last read position: chr7:54,024,454.  Last read name: SRR24991810.15422323
INFO	2024-08-30 18:43:39	SamFormatConverter	Processed     4,000,000 records.  Elapsed time: 00:00:24s.  Time for last 1,000,000:    5s.  Last read position: chr4:56,877,952.  Last read name: SRR24991810.2624499
INFO	2024-08-30 18:43:45	SamFormatConverter	Processed     5,000,000 records.  Elapsed time: 00:00:30s.  Time for last 1,000,000:    5s.  Last read position: chr4:112,955,174.  Last read name: SRR24991810.11678752
INFO	2024-08-30 18:43:51	SamFormatConverter	Processed     6,000,000 records.  Elapsed time: 00:00:36s.  Time for last 1,000,000:    5s.  Last read position: chr12:110,858,613.  Last read name: SRR24991810.42354008
INFO	2024-08-30 18:43:56	SamFormatConverter	Processed     7,000,000 records.  Elapsed time: 00:00:42s.  Time for last 1,000,000:    5s.  Last read position: chr4:118,168,392.  Last read name: SRR24991810.8709212
INFO	2024-08-30 18:44:02	SamFormatConverter	Processed     8,000,000 records.  Elapsed time: 00:00:48s.  Time for last 1,000,000:    6s.  Last read position: chr17:6,306,783.  Last read name: SRR24991810.12086028
INFO	2024-08-30 18:44:08	SamFormatConverter	Processed     9,000,000 records.  Elapsed time: 00:00:54s.  Time for last 1,000,000:    5s.  Last read position: chr7:101,899,478.  Last read name: SRR24991810.5646202
INFO	2024-08-30 18:44:15	SamFormatConverter	Processed    10,000,000 records.  Elapsed time: 00:01:01s.  Time for last 1,000,000:    6s.  Last read position: chr11:106,410,068.  Last read name: SRR24991810.7213824
INFO	2024-08-30 18:44:22	SamFormatConverter	Processed    11,000,000 records.  Elapsed time: 00:01:08s.  Time for last 1,000,000:    6s.  Last read position: chr2:103,267,082.  Last read name: SRR24991810.38041517
INFO	2024-08-30 18:44:28	SamFormatConverter	Processed    12,000,000 records.  Elapsed time: 00:01:14s.  Time for last 1,000,000:    5s.  Last read position: chr4:144,196,156.  Last read name: SRR24991810.29292575
INFO	2024-08-30 18:44:34	SamFormatConverter	Processed    13,000,000 records.  Elapsed time: 00:01:20s.  Time for last 1,000,000:    6s.  Last read position: chr11:88,964,971.  Last read name: SRR24991810.29583083
INFO	2024-08-30 18:44:40	SamFormatConverter	Processed    14,000,000 records.  Elapsed time: 00:01:26s.  Time for last 1,000,000:    6s.  Last read position: chr14:25,980,448.  Last read name: SRR24991810.20881478
INFO	2024-08-30 18:44:46	SamFormatConverter	Processed    15,000,000 records.  Elapsed time: 00:01:32s.  Time for last 1,000,000:    5s.  Last read position: chr2:118,615,494.  Last read name: SRR24991810.12558571
INFO	2024-08-30 18:44:52	SamFormatConverter	Processed    16,000,000 records.  Elapsed time: 00:01:38s.  Time for last 1,000,000:    6s.  Last read position: chr1:178,336,132.  Last read name: SRR24991810.12409890
INFO	2024-08-30 18:44:58	SamFormatConverter	Processed    17,000,000 records.  Elapsed time: 00:01:44s.  Time for last 1,000,000:    5s.  Last read position: chr11:43,238,882.  Last read name: SRR24991810.30765012
INFO	2024-08-30 18:45:04	SamFormatConverter	Processed    18,000,000 records.  Elapsed time: 00:01:50s.  Time for last 1,000,000:    6s.  Last read position: chr9:78,556,316.  Last read name: SRR24991810.43070517
INFO	2024-08-30 18:45:10	SamFormatConverter	Processed    19,000,000 records.  Elapsed time: 00:01:55s.  Time for last 1,000,000:    5s.  Last read position: chr15:98,863,013.  Last read name: SRR24991810.15172011
INFO	2024-08-30 18:45:16	SamFormatConverter	Processed    20,000,000 records.  Elapsed time: 00:02:01s.  Time for last 1,000,000:    5s.  Last read position: chr11:52,245,050.  Last read name: SRR24991810.38301733
INFO	2024-08-30 18:45:22	SamFormatConverter	Processed    21,000,000 records.  Elapsed time: 00:02:07s.  Time for last 1,000,000:    6s.  Last read position: chr2:73,853,848.  Last read name: SRR24991810.10027048
INFO	2024-08-30 18:45:28	SamFormatConverter	Processed    22,000,000 records.  Elapsed time: 00:02:13s.  Time for last 1,000,000:    5s.  Last read position: chr14:26,923,051.  Last read name: SRR24991810.14014121
INFO	2024-08-30 18:45:34	SamFormatConverter	Processed    23,000,000 records.  Elapsed time: 00:02:19s.  Time for last 1,000,000:    6s.  Last read position: chr4:84,292,482.  Last read name: SRR24991810.13019746
INFO	2024-08-30 18:45:40	SamFormatConverter	Processed    24,000,000 records.  Elapsed time: 00:02:25s.  Time for last 1,000,000:    5s.  Last read position: chr14:31,010,387.  Last read name: SRR24991810.32805713
INFO	2024-08-30 18:45:46	SamFormatConverter	Processed    25,000,000 records.  Elapsed time: 00:02:31s.  Time for last 1,000,000:    6s.  Last read position: chr11:106,990,701.  Last read name: SRR24991810.17739553
INFO	2024-08-30 18:45:51	SamFormatConverter	Processed    26,000,000 records.  Elapsed time: 00:02:37s.  Time for last 1,000,000:    5s.  Last read position: chr8:107,439,200.  Last read name: SRR24991810.26515200
INFO	2024-08-30 18:45:57	SamFormatConverter	Processed    27,000,000 records.  Elapsed time: 00:02:42s.  Time for last 1,000,000:    5s.  Last read position: chr7:79,694,667.  Last read name: SRR24991810.45294022
INFO	2024-08-30 18:46:03	SamFormatConverter	Processed    28,000,000 records.  Elapsed time: 00:02:48s.  Time for last 1,000,000:    5s.  Last read position: chr7:63,542,925.  Last read name: SRR24991810.31180736
INFO	2024-08-30 18:46:09	SamFormatConverter	Processed    29,000,000 records.  Elapsed time: 00:02:55s.  Time for last 1,000,000:    6s.  Last read position: chr10:116,763,041.  Last read name: SRR24991810.8021317
INFO	2024-08-30 18:46:15	SamFormatConverter	Processed    30,000,000 records.  Elapsed time: 00:03:00s.  Time for last 1,000,000:    5s.  Last read position: chr8:94,862,622.  Last read name: SRR24991810.24038068
INFO	2024-08-30 18:46:23	SamFormatConverter	Processed    31,000,000 records.  Elapsed time: 00:03:08s.  Time for last 1,000,000:    7s.  Last read position: chr6:94,606,339.  Last read name: SRR24991810.10354426
INFO	2024-08-30 18:46:29	SamFormatConverter	Processed    32,000,000 records.  Elapsed time: 00:03:14s.  Time for last 1,000,000:    5s.  Last read position: chr17:78,684,261.  Last read name: SRR24991810.41642658
INFO	2024-08-30 18:46:35	SamFormatConverter	Processed    33,000,000 records.  Elapsed time: 00:03:20s.  Time for last 1,000,000:    6s.  Last read position: chr1:153,845,146.  Last read name: SRR24991810.19453065
INFO	2024-08-30 18:46:41	SamFormatConverter	Processed    34,000,000 records.  Elapsed time: 00:03:26s.  Time for last 1,000,000:    6s.  Last read position: chr10:71,285,130.  Last read name: SRR24991810.17158474
INFO	2024-08-30 18:46:48	SamFormatConverter	Processed    35,000,000 records.  Elapsed time: 00:03:33s.  Time for last 1,000,000:    6s.  Last read position: chr7:5,110,314.  Last read name: SRR24991810.6862348
INFO	2024-08-30 18:46:54	SamFormatConverter	Processed    36,000,000 records.  Elapsed time: 00:03:40s.  Time for last 1,000,000:    6s.  Last read position: chr1:78,454,756.  Last read name: SRR24991810.33986960
INFO	2024-08-30 18:47:00	SamFormatConverter	Processed    37,000,000 records.  Elapsed time: 00:03:46s.  Time for last 1,000,000:    5s.  Last read position: chr5:77,283,165.  Last read name: SRR24991810.21161709
INFO	2024-08-30 18:47:07	SamFormatConverter	Processed    38,000,000 records.  Elapsed time: 00:03:52s.  Time for last 1,000,000:    6s.  Last read position: chr18:9,704,162.  Last read name: SRR24991810.23261065
INFO	2024-08-30 18:47:14	SamFormatConverter	Processed    39,000,000 records.  Elapsed time: 00:04:00s.  Time for last 1,000,000:    7s.  Last read position: chr1:74,983,937.  Last read name: SRR24991810.10170862
INFO	2024-08-30 18:47:21	SamFormatConverter	Processed    40,000,000 records.  Elapsed time: 00:04:06s.  Time for last 1,000,000:    6s.  Last read position: chr2:95,537,702.  Last read name: SRR24991810.36226001
INFO	2024-08-30 18:47:27	SamFormatConverter	Processed    41,000,000 records.  Elapsed time: 00:04:12s.  Time for last 1,000,000:    6s.  Last read position: chr9:56,223,790.  Last read name: SRR24991810.18968973
INFO	2024-08-30 18:47:33	SamFormatConverter	Processed    42,000,000 records.  Elapsed time: 00:04:18s.  Time for last 1,000,000:    5s.  Last read position: chr14:67,016,568.  Last read name: SRR24991810.39703978
INFO	2024-08-30 18:47:39	SamFormatConverter	Processed    43,000,000 records.  Elapsed time: 00:04:24s.  Time for last 1,000,000:    6s.  Last read position: chr11:117,741,751.  Last read name: SRR24991810.609384
INFO	2024-08-30 18:47:44	SamFormatConverter	Processed    44,000,000 records.  Elapsed time: 00:04:30s.  Time for last 1,000,000:    5s.  Last read position: chr8:44,784,859.  Last read name: SRR24991810.2496179
INFO	2024-08-30 18:47:50	SamFormatConverter	Processed    45,000,000 records.  Elapsed time: 00:04:36s.  Time for last 1,000,000:    5s.  Last read position: chr15:98,040,879.  Last read name: SRR24991810.17713900
INFO	2024-08-30 18:47:58	SamFormatConverter	Processed    46,000,000 records.  Elapsed time: 00:04:43s.  Time for last 1,000,000:    7s.  Last read position: chr11:115,735,462.  Last read name: SRR24991810.36271135
INFO	2024-08-30 18:48:04	SamFormatConverter	Processed    47,000,000 records.  Elapsed time: 00:04:49s.  Time for last 1,000,000:    6s.  Last read position: chr2:78,872,456.  Last read name: SRR24991810.17304083
INFO	2024-08-30 18:48:11	SamFormatConverter	Processed    48,000,000 records.  Elapsed time: 00:04:56s.  Time for last 1,000,000:    6s.  Last read position: chr11:101,323,278.  Last read name: SRR24991810.29965380
INFO	2024-08-30 18:48:19	SamFormatConverter	Processed    49,000,000 records.  Elapsed time: 00:05:05s.  Time for last 1,000,000:    8s.  Last read position: chr5:134,596,944.  Last read name: SRR24991810.39679603
INFO	2024-08-30 18:48:26	SamFormatConverter	Processed    50,000,000 records.  Elapsed time: 00:05:11s.  Time for last 1,000,000:    6s.  Last read position: chr10:68,094,154.  Last read name: SRR24991810.38471425
INFO	2024-08-30 18:48:32	SamFormatConverter	Processed    51,000,000 records.  Elapsed time: 00:05:17s.  Time for last 1,000,000:    6s.  Last read position: chr17:74,373,663.  Last read name: SRR24991810.24960447
INFO	2024-08-30 18:48:39	SamFormatConverter	Processed    52,000,000 records.  Elapsed time: 00:05:25s.  Time for last 1,000,000:    7s.  Last read position: chr4:135,272,590.  Last read name: SRR24991810.17201343
INFO	2024-08-30 18:48:46	SamFormatConverter	Processed    53,000,000 records.  Elapsed time: 00:05:31s.  Time for last 1,000,000:    6s.  Last read position: chr3:50,367,534.  Last read name: SRR24991810.33277521
INFO	2024-08-30 18:48:52	SamFormatConverter	Processed    54,000,000 records.  Elapsed time: 00:05:38s.  Time for last 1,000,000:    6s.  Last read position: chr7:57,855,635.  Last read name: SRR24991810.18410848
INFO	2024-08-30 18:48:58	SamFormatConverter	Processed    55,000,000 records.  Elapsed time: 00:05:44s.  Time for last 1,000,000:    6s.  Last read position: chr5:7,180,197.  Last read name: SRR24991810.12913849
INFO	2024-08-30 18:49:04	SamFormatConverter	Processed    56,000,000 records.  Elapsed time: 00:05:50s.  Time for last 1,000,000:    5s.  Last read position: chr9:56,430,287.  Last read name: SRR24991810.8311232
[Fri Aug 30 18:49:07 CEST 2024] picard.sam.SamFormatConverter done. Elapsed time: 5.91 minutes.
Runtime.totalMemory()=699400192
18:49:09.652 INFO  NativeLibraryLoader - Loading libgkl_compression.so from jar:file:/home/robin/bin/miniconda3/share/picard-2.26.2-0/picard.jar!/com/intel/gkl/native/libgkl_compression.so
[Fri Aug 30 18:49:09 CEST 2024] SortSam --INPUT C57BL6_MII_oocyte_RNA_IshiuchiLab2024_rep1_GSM7504964_unsorted.bam --OUTPUT C57BL6_MII_oocyte_RNA_IshiuchiLab2024_rep1_GSM7504964_sorted.bam --SORT_ORDER coordinate --TMP_DIR . --VERBOSITY INFO --QUIET false --VALIDATION_STRINGENCY STRICT --COMPRESSION_LEVEL 5 --MAX_RECORDS_IN_RAM 500000 --CREATE_INDEX false --CREATE_MD5_FILE false --GA4GH_CLIENT_SECRETS client_secrets.json --help false --version false --showHidden false --USE_JDK_DEFLATER false --USE_JDK_INFLATER false
[Fri Aug 30 18:49:09 CEST 2024] Executing as robin@epipax.ijm.univ-paris-diderot.priv on Linux 6.1.0-23-amd64 amd64; OpenJDK 64-Bit Server VM 1.8.0_332-b09; Deflater: Intel; Inflater: Intel; Provider GCS is not available; Picard version: Version:2.26.2
INFO	2024-08-30 18:49:09	SortSam	Seen many non-increasing record positions. Printing Read-names as well.
INFO	2024-08-30 18:50:00	SortSam	Read    10,000,000 records.  Elapsed time: 00:00:50s.  Time for last 10,000,000:   50s.  Last read position: chr11:106,410,068.  Last read name: SRR24991810.7213824
INFO	2024-08-30 18:50:49	SortSam	Read    20,000,000 records.  Elapsed time: 00:01:39s.  Time for last 10,000,000:   49s.  Last read position: chr11:52,245,050.  Last read name: SRR24991810.38301733
INFO	2024-08-30 18:51:38	SortSam	Read    30,000,000 records.  Elapsed time: 00:02:28s.  Time for last 10,000,000:   49s.  Last read position: chr8:94,862,622.  Last read name: SRR24991810.24038068
INFO	2024-08-30 18:52:29	SortSam	Read    40,000,000 records.  Elapsed time: 00:03:19s.  Time for last 10,000,000:   50s.  Last read position: chr2:95,537,702.  Last read name: SRR24991810.36226001
INFO	2024-08-30 18:53:19	SortSam	Read    50,000,000 records.  Elapsed time: 00:04:09s.  Time for last 10,000,000:   49s.  Last read position: chr10:68,094,154.  Last read name: SRR24991810.38471425
INFO	2024-08-30 18:53:46	SortSam	Finished reading inputs, merging and writing to output now.
INFO	2024-08-30 18:54:19	SortSam	Wrote    10,000,000 records from a sorting collection.  Elapsed time: 00:05:09s.  Time for last 10,000,000:   31s.  Last read position: chr13:51,703,029
INFO	2024-08-30 18:54:52	SortSam	Wrote    20,000,000 records from a sorting collection.  Elapsed time: 00:05:42s.  Time for last 10,000,000:   33s.  Last read position: chr18:32,245,522
INFO	2024-08-30 18:55:26	SortSam	Wrote    30,000,000 records from a sorting collection.  Elapsed time: 00:06:17s.  Time for last 10,000,000:   34s.  Last read position: chr2:174,330,307
INFO	2024-08-30 18:56:01	SortSam	Wrote    40,000,000 records from a sorting collection.  Elapsed time: 00:06:51s.  Time for last 10,000,000:   34s.  Last read position: chr5:143,873,781
INFO	2024-08-30 18:56:35	SortSam	Wrote    50,000,000 records from a sorting collection.  Elapsed time: 00:07:25s.  Time for last 10,000,000:   34s.  Last read position: chr9:22,186,149
[Fri Aug 30 18:56:58 CEST 2024] picard.sam.SortSam done. Elapsed time: 7.82 minutes.
Runtime.totalMemory()=1621098496
18:56:59.661 INFO  NativeLibraryLoader - Loading libgkl_compression.so from jar:file:/home/robin/bin/miniconda3/share/picard-2.26.2-0/picard.jar!/com/intel/gkl/native/libgkl_compression.so
[Fri Aug 30 18:56:59 CEST 2024] MarkDuplicates --INPUT C57BL6_MII_oocyte_RNA_IshiuchiLab2024_rep1_GSM7504964_sorted.bam --OUTPUT C57BL6_MII_oocyte_RNA_IshiuchiLab2024_rep1_GSM7504964.bam --METRICS_FILE C57BL6_MII_oocyte_RNA_IshiuchiLab2024_rep1_GSM7504964_markDupeMetrics.txt --REMOVE_DUPLICATES false --TMP_DIR . --MAX_SEQUENCES_FOR_DISK_READ_ENDS_MAP 50000 --MAX_FILE_HANDLES_FOR_READ_ENDS_MAP 8000 --SORTING_COLLECTION_SIZE_RATIO 0.25 --TAG_DUPLICATE_SET_MEMBERS false --REMOVE_SEQUENCING_DUPLICATES false --TAGGING_POLICY DontTag --CLEAR_DT true --DUPLEX_UMI false --ADD_PG_TAG_TO_READS true --ASSUME_SORTED false --DUPLICATE_SCORING_STRATEGY SUM_OF_BASE_QUALITIES --PROGRAM_RECORD_ID MarkDuplicates --PROGRAM_GROUP_NAME MarkDuplicates --READ_NAME_REGEX <optimized capture of last three ':' separated fields as numeric values> --OPTICAL_DUPLICATE_PIXEL_DISTANCE 100 --MAX_OPTICAL_DUPLICATE_SET_SIZE 300000 --VERBOSITY INFO --QUIET false --VALIDATION_STRINGENCY STRICT --COMPRESSION_LEVEL 5 --MAX_RECORDS_IN_RAM 500000 --CREATE_INDEX false --CREATE_MD5_FILE false --GA4GH_CLIENT_SECRETS client_secrets.json --help false --version false --showHidden false --USE_JDK_DEFLATER false --USE_JDK_INFLATER false
[Fri Aug 30 18:56:59 CEST 2024] Executing as robin@epipax.ijm.univ-paris-diderot.priv on Linux 6.1.0-23-amd64 amd64; OpenJDK 64-Bit Server VM 1.8.0_332-b09; Deflater: Intel; Inflater: Intel; Provider GCS is not available; Picard version: Version:2.26.2
INFO	2024-08-30 18:56:59	MarkDuplicates	Start of doWork freeMemory: 501501328; totalMemory: 514850816; maxMemory: 1908932608
INFO	2024-08-30 18:56:59	MarkDuplicates	Reading input file and constructing read end information.
INFO	2024-08-30 18:56:59	MarkDuplicates	Will retain up to 6916422 data points before spilling to disk.
WARNING	2024-08-30 18:57:00	AbstractOpticalDuplicateFinderCommandLineProgram	A field field parsed out of a read name was expected to contain an integer and did not. Read name: SRR24991810.43312998. Cause: String 'SRR24991810.43312998' did not start with a parsable number.
INFO	2024-08-30 18:57:04	MarkDuplicates	Read     1,000,000 records.  Elapsed time: 00:00:04s.  Time for last 1,000,000:    4s.  Last read position: chr10:70,192,776
INFO	2024-08-30 18:57:04	MarkDuplicates	Tracking 1237 as yet unmatched pairs. 1237 records in RAM.
INFO	2024-08-30 18:57:08	MarkDuplicates	Read     2,000,000 records.  Elapsed time: 00:00:08s.  Time for last 1,000,000:    3s.  Last read position: chr10:115,212,789
INFO	2024-08-30 18:57:08	MarkDuplicates	Tracking 2970 as yet unmatched pairs. 2970 records in RAM.
INFO	2024-08-30 18:57:14	MarkDuplicates	Read     3,000,000 records.  Elapsed time: 00:00:14s.  Time for last 1,000,000:    6s.  Last read position: chr11:41,465,072
INFO	2024-08-30 18:57:14	MarkDuplicates	Tracking 285 as yet unmatched pairs. 285 records in RAM.
INFO	2024-08-30 18:57:18	MarkDuplicates	Read     4,000,000 records.  Elapsed time: 00:00:18s.  Time for last 1,000,000:    4s.  Last read position: chr11:68,902,390
INFO	2024-08-30 18:57:18	MarkDuplicates	Tracking 445 as yet unmatched pairs. 445 records in RAM.
INFO	2024-08-30 18:57:22	MarkDuplicates	Read     5,000,000 records.  Elapsed time: 00:00:22s.  Time for last 1,000,000:    3s.  Last read position: chr11:95,675,212
INFO	2024-08-30 18:57:22	MarkDuplicates	Tracking 250 as yet unmatched pairs. 250 records in RAM.
INFO	2024-08-30 18:57:30	MarkDuplicates	Read     6,000,000 records.  Elapsed time: 00:00:30s.  Time for last 1,000,000:    7s.  Last read position: chr12:4,769,463
INFO	2024-08-30 18:57:30	MarkDuplicates	Tracking 29 as yet unmatched pairs. 29 records in RAM.
INFO	2024-08-30 18:57:33	MarkDuplicates	Read     7,000,000 records.  Elapsed time: 00:00:33s.  Time for last 1,000,000:    2s.  Last read position: chr12:69,159,338
INFO	2024-08-30 18:57:33	MarkDuplicates	Tracking 22119 as yet unmatched pairs. 22119 records in RAM.
INFO	2024-08-30 18:57:37	MarkDuplicates	Read     8,000,000 records.  Elapsed time: 00:00:36s.  Time for last 1,000,000:    3s.  Last read position: chr12:87,954,470
INFO	2024-08-30 18:57:37	MarkDuplicates	Tracking 214 as yet unmatched pairs. 214 records in RAM.
INFO	2024-08-30 18:57:44	MarkDuplicates	Read     9,000,000 records.  Elapsed time: 00:00:44s.  Time for last 1,000,000:    7s.  Last read position: chr13:6,563,447
INFO	2024-08-30 18:57:44	MarkDuplicates	Tracking 125 as yet unmatched pairs. 125 records in RAM.
INFO	2024-08-30 18:57:48	MarkDuplicates	Read    10,000,000 records.  Elapsed time: 00:00:48s.  Time for last 1,000,000:    4s.  Last read position: chr13:51,703,029
INFO	2024-08-30 18:57:48	MarkDuplicates	Tracking 74 as yet unmatched pairs. 74 records in RAM.
INFO	2024-08-30 18:57:56	MarkDuplicates	Read    11,000,000 records.  Elapsed time: 00:00:56s.  Time for last 1,000,000:    8s.  Last read position: chr13:95,337,058
INFO	2024-08-30 18:57:56	MarkDuplicates	Tracking 16834 as yet unmatched pairs. 16834 records in RAM.
INFO	2024-08-30 18:58:00	MarkDuplicates	Read    12,000,000 records.  Elapsed time: 00:01:00s.  Time for last 1,000,000:    4s.  Last read position: chr14:26,095,413
INFO	2024-08-30 18:58:00	MarkDuplicates	Tracking 42 as yet unmatched pairs. 42 records in RAM.
INFO	2024-08-30 18:58:04	MarkDuplicates	Read    13,000,000 records.  Elapsed time: 00:01:04s.  Time for last 1,000,000:    3s.  Last read position: chr14:64,803,658
INFO	2024-08-30 18:58:04	MarkDuplicates	Tracking 6 as yet unmatched pairs. 6 records in RAM.
INFO	2024-08-30 18:58:08	MarkDuplicates	Read    14,000,000 records.  Elapsed time: 00:01:08s.  Time for last 1,000,000:    4s.  Last read position: chr15:23,886,104
INFO	2024-08-30 18:58:08	MarkDuplicates	Tracking 32 as yet unmatched pairs. 32 records in RAM.
INFO	2024-08-30 18:58:12	MarkDuplicates	Read    15,000,000 records.  Elapsed time: 00:01:12s.  Time for last 1,000,000:    3s.  Last read position: chr15:84,098,854
INFO	2024-08-30 18:58:12	MarkDuplicates	Tracking 6 as yet unmatched pairs. 6 records in RAM.
INFO	2024-08-30 18:58:19	MarkDuplicates	Read    16,000,000 records.  Elapsed time: 00:01:19s.  Time for last 1,000,000:    7s.  Last read position: chr16:11,144,126
INFO	2024-08-30 18:58:19	MarkDuplicates	Tracking 32824 as yet unmatched pairs. 32824 records in RAM.
INFO	2024-08-30 18:58:27	MarkDuplicates	Read    17,000,000 records.  Elapsed time: 00:01:27s.  Time for last 1,000,000:    8s.  Last read position: chr16:58,613,899
INFO	2024-08-30 18:58:27	MarkDuplicates	Tracking 3728 as yet unmatched pairs. 3728 records in RAM.
INFO	2024-08-30 18:58:31	MarkDuplicates	Read    18,000,000 records.  Elapsed time: 00:01:31s.  Time for last 1,000,000:    3s.  Last read position: chr17:24,956,033
INFO	2024-08-30 18:58:31	MarkDuplicates	Tracking 494 as yet unmatched pairs. 494 records in RAM.
INFO	2024-08-30 18:58:35	MarkDuplicates	Read    19,000,000 records.  Elapsed time: 00:01:35s.  Time for last 1,000,000:    3s.  Last read position: chr17:63,071,044
INFO	2024-08-30 18:58:35	MarkDuplicates	Tracking 16 as yet unmatched pairs. 16 records in RAM.
INFO	2024-08-30 18:58:38	MarkDuplicates	Read    20,000,000 records.  Elapsed time: 00:01:38s.  Time for last 1,000,000:    3s.  Last read position: chr18:32,245,522
INFO	2024-08-30 18:58:38	MarkDuplicates	Tracking 144 as yet unmatched pairs. 144 records in RAM.
INFO	2024-08-30 18:58:42	MarkDuplicates	Read    21,000,000 records.  Elapsed time: 00:01:42s.  Time for last 1,000,000:    3s.  Last read position: chr19:3,484,893
INFO	2024-08-30 18:58:42	MarkDuplicates	Tracking 214 as yet unmatched pairs. 214 records in RAM.
INFO	2024-08-30 18:58:49	MarkDuplicates	Read    22,000,000 records.  Elapsed time: 00:01:49s.  Time for last 1,000,000:    6s.  Last read position: chr19:41,822,062
INFO	2024-08-30 18:58:49	MarkDuplicates	Tracking 454 as yet unmatched pairs. 454 records in RAM.
INFO	2024-08-30 18:58:52	MarkDuplicates	Read    23,000,000 records.  Elapsed time: 00:01:52s.  Time for last 1,000,000:    3s.  Last read position: chr1:24,614,278
INFO	2024-08-30 18:58:52	MarkDuplicates	Tracking 19826 as yet unmatched pairs. 19826 records in RAM.
INFO	2024-08-30 18:58:56	MarkDuplicates	Read    24,000,000 records.  Elapsed time: 00:01:56s.  Time for last 1,000,000:    3s.  Last read position: chr1:75,216,344
INFO	2024-08-30 18:58:56	MarkDuplicates	Tracking 1336 as yet unmatched pairs. 1336 records in RAM.
INFO	2024-08-30 18:59:02	MarkDuplicates	Read    25,000,000 records.  Elapsed time: 00:02:02s.  Time for last 1,000,000:    5s.  Last read position: chr1:133,301,335
INFO	2024-08-30 18:59:02	MarkDuplicates	Tracking 45 as yet unmatched pairs. 45 records in RAM.
INFO	2024-08-30 18:59:05	MarkDuplicates	Read    26,000,000 records.  Elapsed time: 00:02:05s.  Time for last 1,000,000:    3s.  Last read position: chr1:182,317,920
INFO	2024-08-30 18:59:05	MarkDuplicates	Tracking 1004 as yet unmatched pairs. 1004 records in RAM.
INFO	2024-08-30 18:59:09	MarkDuplicates	Read    27,000,000 records.  Elapsed time: 00:02:09s.  Time for last 1,000,000:    3s.  Last read position: chr2:29,993,927
INFO	2024-08-30 18:59:09	MarkDuplicates	Tracking 200 as yet unmatched pairs. 200 records in RAM.
INFO	2024-08-30 18:59:12	MarkDuplicates	Read    28,000,000 records.  Elapsed time: 00:02:12s.  Time for last 1,000,000:    3s.  Last read position: chr2:92,454,361
INFO	2024-08-30 18:59:12	MarkDuplicates	Tracking 99 as yet unmatched pairs. 99 records in RAM.
INFO	2024-08-30 18:59:19	MarkDuplicates	Read    29,000,000 records.  Elapsed time: 00:02:19s.  Time for last 1,000,000:    6s.  Last read position: chr2:136,081,349
INFO	2024-08-30 18:59:19	MarkDuplicates	Tracking 68 as yet unmatched pairs. 68 records in RAM.
INFO	2024-08-30 18:59:23	MarkDuplicates	Read    30,000,000 records.  Elapsed time: 00:02:23s.  Time for last 1,000,000:    3s.  Last read position: chr2:174,330,307
INFO	2024-08-30 18:59:23	MarkDuplicates	Tracking 513 as yet unmatched pairs. 513 records in RAM.
INFO	2024-08-30 18:59:26	MarkDuplicates	Read    31,000,000 records.  Elapsed time: 00:02:26s.  Time for last 1,000,000:    3s.  Last read position: chr3:58,588,499
INFO	2024-08-30 18:59:26	MarkDuplicates	Tracking 281 as yet unmatched pairs. 281 records in RAM.
INFO	2024-08-30 18:59:30	MarkDuplicates	Read    32,000,000 records.  Elapsed time: 00:02:30s.  Time for last 1,000,000:    3s.  Last read position: chr3:98,328,293
INFO	2024-08-30 18:59:30	MarkDuplicates	Tracking 89 as yet unmatched pairs. 89 records in RAM.
INFO	2024-08-30 18:59:33	MarkDuplicates	Read    33,000,000 records.  Elapsed time: 00:02:33s.  Time for last 1,000,000:    3s.  Last read position: chr4:10,371,145
INFO	2024-08-30 18:59:33	MarkDuplicates	Tracking 67 as yet unmatched pairs. 67 records in RAM.
INFO	2024-08-30 18:59:41	MarkDuplicates	Read    34,000,000 records.  Elapsed time: 00:02:41s.  Time for last 1,000,000:    8s.  Last read position: chr4:87,834,733
INFO	2024-08-30 18:59:41	MarkDuplicates	Tracking 411 as yet unmatched pairs. 411 records in RAM.
INFO	2024-08-30 18:59:45	MarkDuplicates	Read    35,000,000 records.  Elapsed time: 00:02:45s.  Time for last 1,000,000:    3s.  Last read position: chr4:130,336,532
INFO	2024-08-30 18:59:45	MarkDuplicates	Tracking 340 as yet unmatched pairs. 340 records in RAM.
INFO	2024-08-30 18:59:48	MarkDuplicates	Read    36,000,000 records.  Elapsed time: 00:02:48s.  Time for last 1,000,000:    3s.  Last read position: chr4:147,342,704
INFO	2024-08-30 18:59:48	MarkDuplicates	Tracking 267 as yet unmatched pairs. 267 records in RAM.
INFO	2024-08-30 18:59:52	MarkDuplicates	Read    37,000,000 records.  Elapsed time: 00:02:52s.  Time for last 1,000,000:    3s.  Last read position: chr5:33,820,869
INFO	2024-08-30 18:59:52	MarkDuplicates	Tracking 93 as yet unmatched pairs. 93 records in RAM.
INFO	2024-08-30 18:59:58	MarkDuplicates	Read    38,000,000 records.  Elapsed time: 00:02:57s.  Time for last 1,000,000:    5s.  Last read position: chr5:92,166,562
INFO	2024-08-30 18:59:58	MarkDuplicates	Tracking 235 as yet unmatched pairs. 235 records in RAM.
INFO	2024-08-30 19:00:01	MarkDuplicates	Read    39,000,000 records.  Elapsed time: 00:03:01s.  Time for last 1,000,000:    3s.  Last read position: chr5:116,769,390
INFO	2024-08-30 19:00:01	MarkDuplicates	Tracking 256 as yet unmatched pairs. 256 records in RAM.
INFO	2024-08-30 19:00:05	MarkDuplicates	Read    40,000,000 records.  Elapsed time: 00:03:05s.  Time for last 1,000,000:    3s.  Last read position: chr5:143,873,781
INFO	2024-08-30 19:00:05	MarkDuplicates	Tracking 754 as yet unmatched pairs. 754 records in RAM.
INFO	2024-08-30 19:00:08	MarkDuplicates	Read    41,000,000 records.  Elapsed time: 00:03:08s.  Time for last 1,000,000:    3s.  Last read position: chr6:39,111,649
INFO	2024-08-30 19:00:08	MarkDuplicates	Tracking 1853 as yet unmatched pairs. 1853 records in RAM.
INFO	2024-08-30 19:00:13	MarkDuplicates	Read    42,000,000 records.  Elapsed time: 00:03:13s.  Time for last 1,000,000:    5s.  Last read position: chr6:86,525,168
INFO	2024-08-30 19:00:13	MarkDuplicates	Tracking 780 as yet unmatched pairs. 780 records in RAM.
INFO	2024-08-30 19:00:17	MarkDuplicates	Read    43,000,000 records.  Elapsed time: 00:03:17s.  Time for last 1,000,000:    3s.  Last read position: chr6:121,507,738
INFO	2024-08-30 19:00:17	MarkDuplicates	Tracking 11 as yet unmatched pairs. 11 records in RAM.
INFO	2024-08-30 19:00:20	MarkDuplicates	Read    44,000,000 records.  Elapsed time: 00:03:20s.  Time for last 1,000,000:    3s.  Last read position: chr7:12,797,597
INFO	2024-08-30 19:00:20	MarkDuplicates	Tracking 2 as yet unmatched pairs. 2 records in RAM.
INFO	2024-08-30 19:00:24	MarkDuplicates	Read    45,000,000 records.  Elapsed time: 00:03:24s.  Time for last 1,000,000:    3s.  Last read position: chr7:42,936,496
INFO	2024-08-30 19:00:24	MarkDuplicates	Tracking 122 as yet unmatched pairs. 122 records in RAM.
INFO	2024-08-30 19:00:27	MarkDuplicates	Read    46,000,000 records.  Elapsed time: 00:03:27s.  Time for last 1,000,000:    3s.  Last read position: chr7:104,911,243
INFO	2024-08-30 19:00:27	MarkDuplicates	Tracking 1121 as yet unmatched pairs. 1121 records in RAM.
INFO	2024-08-30 19:00:34	MarkDuplicates	Read    47,000,000 records.  Elapsed time: 00:03:34s.  Time for last 1,000,000:    6s.  Last read position: chr7:142,072,792
INFO	2024-08-30 19:00:34	MarkDuplicates	Tracking 20 as yet unmatched pairs. 20 records in RAM.
INFO	2024-08-30 19:00:37	MarkDuplicates	Read    48,000,000 records.  Elapsed time: 00:03:37s.  Time for last 1,000,000:    3s.  Last read position: chr8:55,059,806
INFO	2024-08-30 19:00:37	MarkDuplicates	Tracking 34 as yet unmatched pairs. 34 records in RAM.
INFO	2024-08-30 19:00:41	MarkDuplicates	Read    49,000,000 records.  Elapsed time: 00:03:41s.  Time for last 1,000,000:    3s.  Last read position: chr8:102,115,543
INFO	2024-08-30 19:00:41	MarkDuplicates	Tracking 35 as yet unmatched pairs. 35 records in RAM.
INFO	2024-08-30 19:00:49	MarkDuplicates	Read    50,000,000 records.  Elapsed time: 00:03:49s.  Time for last 1,000,000:    7s.  Last read position: chr9:22,186,149
INFO	2024-08-30 19:00:49	MarkDuplicates	Tracking 33 as yet unmatched pairs. 33 records in RAM.
INFO	2024-08-30 19:00:53	MarkDuplicates	Read    51,000,000 records.  Elapsed time: 00:03:53s.  Time for last 1,000,000:    4s.  Last read position: chr9:57,081,118
INFO	2024-08-30 19:00:53	MarkDuplicates	Tracking 293 as yet unmatched pairs. 293 records in RAM.
INFO	2024-08-30 19:00:56	MarkDuplicates	Read    52,000,000 records.  Elapsed time: 00:03:56s.  Time for last 1,000,000:    3s.  Last read position: chr9:98,838,848
INFO	2024-08-30 19:00:56	MarkDuplicates	Tracking 45 as yet unmatched pairs. 45 records in RAM.
INFO	2024-08-30 19:00:59	MarkDuplicates	Read    53,000,000 records.  Elapsed time: 00:03:59s.  Time for last 1,000,000:    3s.  Last read position: chr9:124,349,457
INFO	2024-08-30 19:00:59	MarkDuplicates	Tracking 1157 as yet unmatched pairs. 1157 records in RAM.
INFO	2024-08-30 19:01:03	MarkDuplicates	Read    54,000,000 records.  Elapsed time: 00:04:03s.  Time for last 1,000,000:    3s.  Last read position: chrM:7,253
INFO	2024-08-30 19:01:03	MarkDuplicates	Tracking 65 as yet unmatched pairs. 65 records in RAM.
INFO	2024-08-30 19:01:06	MarkDuplicates	Read    55,000,000 records.  Elapsed time: 00:04:06s.  Time for last 1,000,000:    2s.  Last read position: chrX:36,610,875
INFO	2024-08-30 19:01:06	MarkDuplicates	Tracking 99 as yet unmatched pairs. 99 records in RAM.
INFO	2024-08-30 19:01:09	MarkDuplicates	Read    56,000,000 records.  Elapsed time: 00:04:09s.  Time for last 1,000,000:    2s.  Last read position: chrX:145,991,101
INFO	2024-08-30 19:01:09	MarkDuplicates	Tracking 2 as yet unmatched pairs. 2 records in RAM.
INFO	2024-08-30 19:01:10	MarkDuplicates	Read 56338834 records. 0 pairs never matched.
INFO	2024-08-30 19:01:13	MarkDuplicates	After buildSortedReadEndLists freeMemory: 1809815112; totalMemory: 1827143680; maxMemory: 1908932608
INFO	2024-08-30 19:01:13	MarkDuplicates	Will retain up to 59654144 duplicate indices before spilling to disk.
INFO	2024-08-30 19:01:13	MarkDuplicates	Traversing read pair information and detecting duplicates.
INFO	2024-08-30 19:01:14	OpticalDuplicateFinder	Large duplicate set. size = 1880
INFO	2024-08-30 19:01:14	OpticalDuplicateFinder	compared         1,000 ReadEnds to others.  Elapsed time: 00:00:00s.  Time for last 1,000:    0s.  Last read position: -1:-1
INFO	2024-08-30 19:01:14	OpticalDuplicateFinder	Large duplicate set. size = 1073
INFO	2024-08-30 19:01:14	OpticalDuplicateFinder	compared         1,000 ReadEnds to others.  Elapsed time: 00:00:00s.  Time for last 1,000:    0s.  Last read position: -1:-1
INFO	2024-08-30 19:01:14	OpticalDuplicateFinder	Large duplicate set. size = 2226
INFO	2024-08-30 19:01:14	OpticalDuplicateFinder	compared         1,000 ReadEnds to others.  Elapsed time: 00:00:00s.  Time for last 1,000:    0s.  Last read position: -1:-1
INFO	2024-08-30 19:01:14	OpticalDuplicateFinder	compared         2,000 ReadEnds to others.  Elapsed time: 00:00:00s.  Time for last 1,000:    0s.  Last read position: -1:-1
INFO	2024-08-30 19:01:15	OpticalDuplicateFinder	Large duplicate set. size = 1093
INFO	2024-08-30 19:01:15	OpticalDuplicateFinder	compared         1,000 ReadEnds to others.  Elapsed time: 00:00:00s.  Time for last 1,000:    0s.  Last read position: -1:-1
INFO	2024-08-30 19:01:21	OpticalDuplicateFinder	Large duplicate set. size = 1188
INFO	2024-08-30 19:01:21	OpticalDuplicateFinder	compared         1,000 ReadEnds to others.  Elapsed time: 00:00:00s.  Time for last 1,000:    0s.  Last read position: -1:-1
INFO	2024-08-30 19:01:21	MarkDuplicates	Traversing fragment information and detecting duplicates.
INFO	2024-08-30 19:01:31	MarkDuplicates	Sorting list of duplicate records.
INFO	2024-08-30 19:01:33	MarkDuplicates	After generateDuplicateIndexes freeMemory: 1321839968; totalMemory: 1816657920; maxMemory: 1908932608
INFO	2024-08-30 19:01:33	MarkDuplicates	Marking 18627621 records as duplicates.
INFO	2024-08-30 19:01:33	MarkDuplicates	Found 0 optical duplicate clusters.
INFO	2024-08-30 19:01:33	MarkDuplicates	Reads are assumed to be ordered by: coordinate
INFO	2024-08-30 19:02:17	MarkDuplicates	Written    10,000,000 records.  Elapsed time: 00:00:43s.  Time for last 10,000,000:   43s.  Last read position: chr13:51,703,029
INFO	2024-08-30 19:03:01	MarkDuplicates	Written    20,000,000 records.  Elapsed time: 00:01:28s.  Time for last 10,000,000:   44s.  Last read position: chr18:32,245,522
INFO	2024-08-30 19:03:46	MarkDuplicates	Written    30,000,000 records.  Elapsed time: 00:02:13s.  Time for last 10,000,000:   45s.  Last read position: chr2:174,330,307
INFO	2024-08-30 19:04:31	MarkDuplicates	Written    40,000,000 records.  Elapsed time: 00:02:58s.  Time for last 10,000,000:   44s.  Last read position: chr5:143,873,781
INFO	2024-08-30 19:05:19	MarkDuplicates	Written    50,000,000 records.  Elapsed time: 00:03:46s.  Time for last 10,000,000:   48s.  Last read position: chr9:22,186,149
INFO	2024-08-30 19:05:49	MarkDuplicates	Writing complete. Closing input iterator.
INFO	2024-08-30 19:05:49	MarkDuplicates	Duplicate Index cleanup.
INFO	2024-08-30 19:05:49	MarkDuplicates	Getting Memory Stats.
INFO	2024-08-30 19:05:49	MarkDuplicates	Before output close freeMemory: 1855051640; totalMemory: 1873805312; maxMemory: 1908932608
INFO	2024-08-30 19:05:49	MarkDuplicates	Closed outputs. Getting more Memory Stats.
INFO	2024-08-30 19:05:50	MarkDuplicates	After output close freeMemory: 1855051640; totalMemory: 1873805312; maxMemory: 1908932608
[Fri Aug 30 19:05:50 CEST 2024] picard.sam.markduplicates.MarkDuplicates done. Elapsed time: 8.84 minutes.
Runtime.totalMemory()=1873805312
[sam grooming] finished successfully at [Fri Aug 30 07:05:58 PM CEST 2024]
[collecting rRNA metrics] started at [Fri Aug 30 07:06:57 PM CEST 2024]
19:06:57.929 INFO  NativeLibraryLoader - Loading libgkl_compression.so from jar:file:/home/robin/bin/miniconda3/share/picard-2.26.2-0/picard.jar!/com/intel/gkl/native/libgkl_compression.so
[Fri Aug 30 19:06:57 CEST 2024] CollectRnaSeqMetrics --REF_FLAT /data/reference_genomes/mm10/mm10_RefSeq_refFlat.bed --RIBOSOMAL_INTERVALS /data/reference_genomes/mm10/mm10_rRNA.bed --STRAND_SPECIFICITY FIRST_READ_TRANSCRIPTION_STRAND --INPUT C57BL6_MII_oocyte_RNA_IshiuchiLab2024_rep1_GSM7504964.bam --OUTPUT C57BL6_MII_oocyte_RNA_IshiuchiLab2024_rep1_GSM7504964_RNAmetrics.txt --MINIMUM_LENGTH 500 --RRNA_FRAGMENT_PERCENTAGE 0.8 --METRIC_ACCUMULATION_LEVEL ALL_READS --END_BIAS_BASES 100 --ASSUME_SORTED true --STOP_AFTER 0 --VERBOSITY INFO --QUIET false --VALIDATION_STRINGENCY STRICT --COMPRESSION_LEVEL 5 --MAX_RECORDS_IN_RAM 500000 --CREATE_INDEX false --CREATE_MD5_FILE false --GA4GH_CLIENT_SECRETS client_secrets.json --help false --version false --showHidden false --USE_JDK_DEFLATER false --USE_JDK_INFLATER false
[Fri Aug 30 19:06:57 CEST 2024] Executing as robin@epipax.ijm.univ-paris-diderot.priv on Linux 6.1.0-23-amd64 amd64; OpenJDK 64-Bit Server VM 1.8.0_332-b09; Deflater: Intel; Inflater: Intel; Provider GCS is not available; Picard version: Version:2.26.2
INFO	2024-08-30 19:06:58	CollectRnaSeqMetrics	Loaded 24105 genes.
INFO	2024-08-30 19:07:03	SinglePassSamProgram	Processed     1,000,000 records.  Elapsed time: 00:00:05s.  Time for last 1,000,000:    5s.  Last read position: chr10:70,192,776
INFO	2024-08-30 19:07:07	SinglePassSamProgram	Processed     2,000,000 records.  Elapsed time: 00:00:09s.  Time for last 1,000,000:    4s.  Last read position: chr10:115,212,789
INFO	2024-08-30 19:07:13	SinglePassSamProgram	Processed     3,000,000 records.  Elapsed time: 00:00:15s.  Time for last 1,000,000:    5s.  Last read position: chr11:41,465,072
INFO	2024-08-30 19:07:17	SinglePassSamProgram	Processed     4,000,000 records.  Elapsed time: 00:00:18s.  Time for last 1,000,000:    3s.  Last read position: chr11:68,902,390
INFO	2024-08-30 19:07:21	SinglePassSamProgram	Processed     5,000,000 records.  Elapsed time: 00:00:22s.  Time for last 1,000,000:    3s.  Last read position: chr11:95,675,212
INFO	2024-08-30 19:07:24	SinglePassSamProgram	Processed     6,000,000 records.  Elapsed time: 00:00:26s.  Time for last 1,000,000:    3s.  Last read position: chr12:4,769,463
INFO	2024-08-30 19:07:27	SinglePassSamProgram	Processed     7,000,000 records.  Elapsed time: 00:00:29s.  Time for last 1,000,000:    2s.  Last read position: chr12:69,159,338
INFO	2024-08-30 19:07:31	SinglePassSamProgram	Processed     8,000,000 records.  Elapsed time: 00:00:32s.  Time for last 1,000,000:    3s.  Last read position: chr12:87,954,470
INFO	2024-08-30 19:07:34	SinglePassSamProgram	Processed     9,000,000 records.  Elapsed time: 00:00:35s.  Time for last 1,000,000:    3s.  Last read position: chr13:6,563,447
INFO	2024-08-30 19:07:38	SinglePassSamProgram	Processed    10,000,000 records.  Elapsed time: 00:00:39s.  Time for last 1,000,000:    3s.  Last read position: chr13:51,703,029
INFO	2024-08-30 19:07:41	SinglePassSamProgram	Processed    11,000,000 records.  Elapsed time: 00:00:42s.  Time for last 1,000,000:    3s.  Last read position: chr13:95,337,058
INFO	2024-08-30 19:07:44	SinglePassSamProgram	Processed    12,000,000 records.  Elapsed time: 00:00:45s.  Time for last 1,000,000:    3s.  Last read position: chr14:26,095,413
INFO	2024-08-30 19:07:48	SinglePassSamProgram	Processed    13,000,000 records.  Elapsed time: 00:00:49s.  Time for last 1,000,000:    3s.  Last read position: chr14:64,803,658
INFO	2024-08-30 19:07:51	SinglePassSamProgram	Processed    14,000,000 records.  Elapsed time: 00:00:53s.  Time for last 1,000,000:    3s.  Last read position: chr15:23,886,104
INFO	2024-08-30 19:07:55	SinglePassSamProgram	Processed    15,000,000 records.  Elapsed time: 00:00:56s.  Time for last 1,000,000:    3s.  Last read position: chr15:84,098,854
INFO	2024-08-30 19:07:58	SinglePassSamProgram	Processed    16,000,000 records.  Elapsed time: 00:00:59s.  Time for last 1,000,000:    3s.  Last read position: chr16:11,144,126
INFO	2024-08-30 19:08:01	SinglePassSamProgram	Processed    17,000,000 records.  Elapsed time: 00:01:02s.  Time for last 1,000,000:    3s.  Last read position: chr16:58,613,899
INFO	2024-08-30 19:08:04	SinglePassSamProgram	Processed    18,000,000 records.  Elapsed time: 00:01:06s.  Time for last 1,000,000:    3s.  Last read position: chr17:24,956,033
INFO	2024-08-30 19:08:08	SinglePassSamProgram	Processed    19,000,000 records.  Elapsed time: 00:01:09s.  Time for last 1,000,000:    3s.  Last read position: chr17:63,071,044
INFO	2024-08-30 19:08:11	SinglePassSamProgram	Processed    20,000,000 records.  Elapsed time: 00:01:13s.  Time for last 1,000,000:    3s.  Last read position: chr18:32,245,522
INFO	2024-08-30 19:08:14	SinglePassSamProgram	Processed    21,000,000 records.  Elapsed time: 00:01:16s.  Time for last 1,000,000:    3s.  Last read position: chr19:3,484,893
INFO	2024-08-30 19:08:18	SinglePassSamProgram	Processed    22,000,000 records.  Elapsed time: 00:01:19s.  Time for last 1,000,000:    3s.  Last read position: chr19:41,822,062
INFO	2024-08-30 19:08:23	SinglePassSamProgram	Processed    23,000,000 records.  Elapsed time: 00:01:25s.  Time for last 1,000,000:    5s.  Last read position: chr1:24,614,278
INFO	2024-08-30 19:08:27	SinglePassSamProgram	Processed    24,000,000 records.  Elapsed time: 00:01:28s.  Time for last 1,000,000:    3s.  Last read position: chr1:75,216,344
INFO	2024-08-30 19:08:30	SinglePassSamProgram	Processed    25,000,000 records.  Elapsed time: 00:01:32s.  Time for last 1,000,000:    3s.  Last read position: chr1:133,301,335
INFO	2024-08-30 19:08:34	SinglePassSamProgram	Processed    26,000,000 records.  Elapsed time: 00:01:35s.  Time for last 1,000,000:    3s.  Last read position: chr1:182,317,920
INFO	2024-08-30 19:08:38	SinglePassSamProgram	Processed    27,000,000 records.  Elapsed time: 00:01:39s.  Time for last 1,000,000:    4s.  Last read position: chr2:29,993,927
INFO	2024-08-30 19:08:42	SinglePassSamProgram	Processed    28,000,000 records.  Elapsed time: 00:01:44s.  Time for last 1,000,000:    4s.  Last read position: chr2:92,454,361
INFO	2024-08-30 19:08:45	SinglePassSamProgram	Processed    29,000,000 records.  Elapsed time: 00:01:47s.  Time for last 1,000,000:    3s.  Last read position: chr2:136,081,349
INFO	2024-08-30 19:08:49	SinglePassSamProgram	Processed    30,000,000 records.  Elapsed time: 00:01:50s.  Time for last 1,000,000:    3s.  Last read position: chr2:174,330,307
INFO	2024-08-30 19:08:51	SinglePassSamProgram	Processed    31,000,000 records.  Elapsed time: 00:01:53s.  Time for last 1,000,000:    2s.  Last read position: chr3:58,588,499
INFO	2024-08-30 19:08:55	SinglePassSamProgram	Processed    32,000,000 records.  Elapsed time: 00:01:56s.  Time for last 1,000,000:    3s.  Last read position: chr3:98,328,293
INFO	2024-08-30 19:08:58	SinglePassSamProgram	Processed    33,000,000 records.  Elapsed time: 00:01:59s.  Time for last 1,000,000:    3s.  Last read position: chr4:10,371,145
INFO	2024-08-30 19:09:01	SinglePassSamProgram	Processed    34,000,000 records.  Elapsed time: 00:02:02s.  Time for last 1,000,000:    2s.  Last read position: chr4:87,834,733
INFO	2024-08-30 19:09:05	SinglePassSamProgram	Processed    35,000,000 records.  Elapsed time: 00:02:06s.  Time for last 1,000,000:    3s.  Last read position: chr4:130,336,532
INFO	2024-08-30 19:09:07	SinglePassSamProgram	Processed    36,000,000 records.  Elapsed time: 00:02:09s.  Time for last 1,000,000:    2s.  Last read position: chr4:147,342,704
INFO	2024-08-30 19:09:11	SinglePassSamProgram	Processed    37,000,000 records.  Elapsed time: 00:02:12s.  Time for last 1,000,000:    3s.  Last read position: chr5:33,820,869
INFO	2024-08-30 19:09:14	SinglePassSamProgram	Processed    38,000,000 records.  Elapsed time: 00:02:16s.  Time for last 1,000,000:    3s.  Last read position: chr5:92,166,562
INFO	2024-08-30 19:09:18	SinglePassSamProgram	Processed    39,000,000 records.  Elapsed time: 00:02:19s.  Time for last 1,000,000:    3s.  Last read position: chr5:116,769,390
INFO	2024-08-30 19:09:21	SinglePassSamProgram	Processed    40,000,000 records.  Elapsed time: 00:02:23s.  Time for last 1,000,000:    3s.  Last read position: chr5:143,873,781
INFO	2024-08-30 19:09:24	SinglePassSamProgram	Processed    41,000,000 records.  Elapsed time: 00:02:26s.  Time for last 1,000,000:    2s.  Last read position: chr6:39,111,649
INFO	2024-08-30 19:09:27	SinglePassSamProgram	Processed    42,000,000 records.  Elapsed time: 00:02:28s.  Time for last 1,000,000:    2s.  Last read position: chr6:86,525,168
INFO	2024-08-30 19:09:30	SinglePassSamProgram	Processed    43,000,000 records.  Elapsed time: 00:02:32s.  Time for last 1,000,000:    3s.  Last read position: chr6:121,507,738
INFO	2024-08-30 19:09:33	SinglePassSamProgram	Processed    44,000,000 records.  Elapsed time: 00:02:35s.  Time for last 1,000,000:    3s.  Last read position: chr7:12,797,597
INFO	2024-08-30 19:09:36	SinglePassSamProgram	Processed    45,000,000 records.  Elapsed time: 00:02:38s.  Time for last 1,000,000:    2s.  Last read position: chr7:42,936,496
INFO	2024-08-30 19:09:40	SinglePassSamProgram	Processed    46,000,000 records.  Elapsed time: 00:02:41s.  Time for last 1,000,000:    3s.  Last read position: chr7:104,911,243
INFO	2024-08-30 19:09:43	SinglePassSamProgram	Processed    47,000,000 records.  Elapsed time: 00:02:44s.  Time for last 1,000,000:    3s.  Last read position: chr7:142,072,792
INFO	2024-08-30 19:09:47	SinglePassSamProgram	Processed    48,000,000 records.  Elapsed time: 00:02:48s.  Time for last 1,000,000:    3s.  Last read position: chr8:55,059,806
INFO	2024-08-30 19:09:50	SinglePassSamProgram	Processed    49,000,000 records.  Elapsed time: 00:02:51s.  Time for last 1,000,000:    3s.  Last read position: chr8:102,115,543
INFO	2024-08-30 19:09:54	SinglePassSamProgram	Processed    50,000,000 records.  Elapsed time: 00:02:56s.  Time for last 1,000,000:    4s.  Last read position: chr9:22,186,149
INFO	2024-08-30 19:09:57	SinglePassSamProgram	Processed    51,000,000 records.  Elapsed time: 00:02:58s.  Time for last 1,000,000:    2s.  Last read position: chr9:57,081,118
INFO	2024-08-30 19:10:00	SinglePassSamProgram	Processed    52,000,000 records.  Elapsed time: 00:03:02s.  Time for last 1,000,000:    3s.  Last read position: chr9:98,838,848
INFO	2024-08-30 19:10:04	SinglePassSamProgram	Processed    53,000,000 records.  Elapsed time: 00:03:05s.  Time for last 1,000,000:    3s.  Last read position: chr9:124,349,457
INFO	2024-08-30 19:10:05	SinglePassSamProgram	Processed    54,000,000 records.  Elapsed time: 00:03:07s.  Time for last 1,000,000:    1s.  Last read position: chrM:7,253
INFO	2024-08-30 19:10:08	SinglePassSamProgram	Processed    55,000,000 records.  Elapsed time: 00:03:09s.  Time for last 1,000,000:    2s.  Last read position: chrX:36,610,875
INFO	2024-08-30 19:10:11	SinglePassSamProgram	Processed    56,000,000 records.  Elapsed time: 00:03:12s.  Time for last 1,000,000:    2s.  Last read position: chrX:145,991,101
[Fri Aug 30 19:10:12 CEST 2024] picard.analysis.CollectRnaSeqMetrics done. Elapsed time: 3.24 minutes.
Runtime.totalMemory()=1131937792
[trueStats] Collecting alignment statistics for C57BL6_MII_oocyte_RNA_IshiuchiLab2024_rep1_GSM7504964.bam at [Fri Aug 30 07:11:06 PM CEST 2024]
[preseq] started on C57BL6_MII_oocyte_RNA_IshiuchiLab2024_rep1_GSM7504964.bam at [Fri Aug 30 07:13:19 PM CEST 2024]
[preseq] finished successfully at [Fri Aug 30 07:19:33 PM CEST 2024]
[stringTie] Performing de novo assembly of transcripts at [Fri Aug 30 07:20:31 PM CEST 2024]
Warning: gene "NM_001270423" (on chr2) has reference transcripts on both strands?
Warning: gene "NM_146265" (on chr2) has reference transcripts on both strands?
Warning: gene "NM_001085552" (on chrX) has reference transcripts on both strands?
Warning: gene "NM_001085545" (on chrX) has reference transcripts on both strands?
Warning: gene "NM_001085551" (on chrX) has reference transcripts on both strands?
Warning: gene "NM_001099643" (on chrX) has reference transcripts on both strands?
Warning: gene "NM_001243001" (on chrX) has reference transcripts on both strands?
Warning: gene "NM_001099643" (on chrX) has reference transcripts on both strands?
Warning: gene "NM_001243001" (on chrX) has reference transcripts on both strands?
Warning: gene "NM_001277184" (on chrX) has reference transcripts on both strands?
Warning: gene "NM_001085552" (on chrX) has reference transcripts on both strands?
Warning: gene "NM_001085545" (on chrX) has reference transcripts on both strands?
Warning: gene "NM_001085551" (on chrX) has reference transcripts on both strands?
Warning: gene "NM_001085553" (on chrX) has reference transcripts on both strands?
Warning: gene "NM_001243011" (on chrX) has reference transcripts on both strands?
Warning: gene "NM_031171" (on chrX) has reference transcripts on both strands?
Warning: gene "NM_010759" (on chrX) has reference transcripts on both strands?
Warning: gene "NM_177918" (on chrX) has reference transcripts on both strands?
Warning: gene "NM_001099321" (on chrX) has reference transcripts on both strands?
Warning: gene "NR_126545" (on chrY) has reference transcripts on both strands?
Warning: gene "NR_126546" (on chrY) has reference transcripts on both strands?
Warning: gene "NM_001113395" (on chrY) has reference transcripts on both strands?
Warning: gene "NM_001177569" (on chrY) has reference transcripts on both strands?
Warning: gene "NM_001166384" (on chrY) has reference transcripts on both strands?
Warning: gene "NM_001270513" (on chrY) has reference transcripts on both strands?
Warning: gene "NM_001270514" (on chrY) has reference transcripts on both strands?
Warning: gene "NM_001270515" (on chrY) has reference transcripts on both strands?
Warning: gene "NM_001270516" (on chrY) has reference transcripts on both strands?
Warning: gene "NM_011253" (on chrY) has reference transcripts on both strands?
Warning: gene "NM_001270514" (on chrY) has reference transcripts on both strands?
Warning: gene "NM_001270513" (on chrY) has reference transcripts on both strands?
Warning: gene "NM_001270514" (on chrY) has reference transcripts on both strands?
Warning: gene "NM_001270515" (on chrY) has reference transcripts on both strands?
Warning: gene "NM_001166384" (on chrY) has reference transcripts on both strands?
Warning: gene "NM_001270513" (on chrY) has reference transcripts on both strands?
Warning: gene "NM_001270516" (on chrY) has reference transcripts on both strands?
Warning: gene "NM_011253" (on chrY) has reference transcripts on both strands?
Warning: gene "NM_001160143" (on chrY) has reference transcripts on both strands?
Warning: gene "NM_207162" (on chrY) has reference transcripts on both strands?
Warning: gene "NM_001160143" (on chrY) has reference transcripts on both strands?
Warning: gene "NM_207162" (on chrY) has reference transcripts on both strands?
Warning: gene "NM_001037748" (on chrY) has reference transcripts on both strands?
Warning: gene "NM_001160141" (on chrY) has reference transcripts on both strands?
Warning: gene "NM_001025241" (on chrY) has reference transcripts on both strands?
Warning: gene "NM_001037748" (on chrY) has reference transcripts on both strands?
Warning: gene "NR_038299" (on chrY) has reference transcripts on both strands?
Warning: gene "NM_001160143" (on chrY) has reference transcripts on both strands?
Warning: gene "NM_207162" (on chrY) has reference transcripts on both strands?
Warning: gene "NM_001160143" (on chrY) has reference transcripts on both strands?
Warning: gene "NM_207162" (on chrY) has reference transcripts on both strands?
Warning: gene "NM_001037748" (on chrY) has reference transcripts on both strands?
Warning: gene "NM_001160141" (on chrY) has reference transcripts on both strands?
Warning: gene "NM_023546" (on chrY) has reference transcripts on both strands?
Warning: gene "NM_001160143" (on chrY) has reference transcripts on both strands?
Warning: gene "NM_001037748" (on chrY) has reference transcripts on both strands?
Warning: gene "NM_001160143" (on chrY) has reference transcripts on both strands?
Warning: gene "NM_001037748" (on chrY) has reference transcripts on both strands?
Warning: gene "NM_001160137" (on chrY) has reference transcripts on both strands?
Warning: gene "NM_001160141" (on chrY) has reference transcripts on both strands?
Warning: gene "NM_001025241" (on chrY) has reference transcripts on both strands?
Warning: gene "NM_001037748" (on chrY) has reference transcripts on both strands?
Warning: gene "NM_001037748" (on chrY) has reference transcripts on both strands?
Warning: gene "NM_001160136" (on chrY) has reference transcripts on both strands?
Warning: gene "NM_001037748" (on chrY) has reference transcripts on both strands?
Warning: gene "NM_023546" (on chrY) has reference transcripts on both strands?
Warning: gene "NM_023546" (on chrY) has reference transcripts on both strands?
Warning: gene "NM_001025241" (on chrY) has reference transcripts on both strands?
Warning: gene "NM_001166636" (on chr10) has reference transcripts on both strands?
Warning: gene "NM_001166637" (on chr10) has reference transcripts on both strands?
Warning: gene "NM_001011820" (on chr13) has reference transcripts on both strands?
[stringTie] De novo transcriptome assembly completed successfully at [Fri Aug 30 07:23:45 PM CEST 2024]
[bamToWigCPMsmoothKeepDup] Started with bin size: 1 and smoothing over 0 bp and KEEPING DUPLICATES at [Fri Aug 30 07:23:45 PM CEST 2024]
There are 53027486 alignments, of which 878092 are completely within a blacklist region.
Due to filtering, 74.92707785534539% of the aforementioned alignments will be used 39074017.043470815
[bamToWigCPMsmoothKeepDup] finished successfully at [Fri Aug 30 07:29:52 PM CEST 2024]
[file cleanup] started. Good job! at [Fri Aug 30 07:29:52 PM CEST 2024]
cp: cannot stat '*.pdf': No such file or directory
mv: cannot stat '*.bed': No such file or directory
mv: preserving times for '/data/bigWigs/C57BL6_MII_oocyte_RNA_IshiuchiLab2024_rep1_GSM7504964_trimV5_mm10_kpDup_q255_b1_s0_CPM.bw': Operation not permitted
mv: preserving permissions for /data/bigWigs/C57BL6_MII_oocyte_RNA_IshiuchiLab2024_rep1_GSM7504964_trimV5_mm10_kpDup_q255_b1_s0_CPM.bw: Operation not permitted
mv: preserving times for '/data/bams/C57BL6_MII_oocyte_RNA_IshiuchiLab2024_rep1_GSM7504964_trimV5_mm10.bam': Operation not permitted
mv: preserving permissions for /data/bams/C57BL6_MII_oocyte_RNA_IshiuchiLab2024_rep1_GSM7504964_trimV5_mm10.bam: Operation not permitted
mv: preserving times for '/data/bams/C57BL6_MII_oocyte_RNA_IshiuchiLab2024_rep1_GSM7504964_trimV5_mm10.bam.bai': Operation not permitted
mv: preserving permissions for /data/bams/C57BL6_MII_oocyte_RNA_IshiuchiLab2024_rep1_GSM7504964_trimV5_mm10.bam.bai: Operation not permitted
mv: preserving times for '/data/stringTie/C57BL6_MII_oocyte_RNA_IshiuchiLab2024_rep1_GSM7504964_trimV5_mm10.gtf': Operation not permitted
mv: preserving permissions for /data/stringTie/C57BL6_MII_oocyte_RNA_IshiuchiLab2024_rep1_GSM7504964_trimV5_mm10.gtf: Operation not permitted
