SCRATCH: /scratch
[setupVariables] Data are paired-end. at [Mon Sep 9 02:50:33 PM CEST 2024]
[checkDependencies] Checking Dependencies [Mon Sep 9 02:50:33 PM CEST 2024] at [Mon Sep 9 02:50:33 PM CEST 2024]
[setup checkDependencies] trimmomatic... at [Mon Sep 9 02:50:33 PM CEST 2024]
[setup checkDependencies] STAR... at [Mon Sep 9 02:50:33 PM CEST 2024]
[setup checkDependencies] bismark... at [Mon Sep 9 02:50:33 PM CEST 2024]
[setup checkDependencies] bowtie2... at [Mon Sep 9 02:50:33 PM CEST 2024]
[setup checkDependencies] samtools... at [Mon Sep 9 02:50:33 PM CEST 2024]
[setup checkDependencies] picard... at [Mon Sep 9 02:50:33 PM CEST 2024]
[setup checkDependencies] awk... at [Mon Sep 9 02:50:33 PM CEST 2024]
[setup checkDependencies] bamCoverage... at [Mon Sep 9 02:50:33 PM CEST 2024]
[setup checkDependencies] fastqc... at [Mon Sep 9 02:50:33 PM CEST 2024]
[setup checkDependencies] fastq_screen... at [Mon Sep 9 02:50:33 PM CEST 2024]
[setup checkDependencies] stringtie... at [Mon Sep 9 02:50:33 PM CEST 2024]
[setup checkDependencies] clumpify.sh... at [Mon Sep 9 02:50:33 PM CEST 2024]
PAIRED: true
[setUpLogFile] Script started at [Mon Sep 9 02:50:33 PM CEST 2024] at [Mon Sep 9 02:50:33 PM CEST 2024]
[fastQC] started on raw FASTQs at [Mon Sep 9 02:50:33 PM CEST 2024]
Started analysis of E14_D0_DnmtTKO_Tir_input_ChIP_TU71_R1_raw.fastq.gz
Started analysis of E14_D0_DnmtTKO_Tir_input_ChIP_TU71_R2_raw.fastq.gz
Approx 5% complete for E14_D0_DnmtTKO_Tir_input_ChIP_TU71_R1_raw.fastq.gz
Approx 5% complete for E14_D0_DnmtTKO_Tir_input_ChIP_TU71_R2_raw.fastq.gz
Approx 10% complete for E14_D0_DnmtTKO_Tir_input_ChIP_TU71_R1_raw.fastq.gz
Approx 10% complete for E14_D0_DnmtTKO_Tir_input_ChIP_TU71_R2_raw.fastq.gz
Approx 15% complete for E14_D0_DnmtTKO_Tir_input_ChIP_TU71_R1_raw.fastq.gz
Approx 15% complete for E14_D0_DnmtTKO_Tir_input_ChIP_TU71_R2_raw.fastq.gz
Approx 20% complete for E14_D0_DnmtTKO_Tir_input_ChIP_TU71_R1_raw.fastq.gz
Approx 20% complete for E14_D0_DnmtTKO_Tir_input_ChIP_TU71_R2_raw.fastq.gz
Approx 25% complete for E14_D0_DnmtTKO_Tir_input_ChIP_TU71_R1_raw.fastq.gz
Approx 25% complete for E14_D0_DnmtTKO_Tir_input_ChIP_TU71_R2_raw.fastq.gz
Approx 30% complete for E14_D0_DnmtTKO_Tir_input_ChIP_TU71_R2_raw.fastq.gz
Approx 30% complete for E14_D0_DnmtTKO_Tir_input_ChIP_TU71_R1_raw.fastq.gz
Approx 35% complete for E14_D0_DnmtTKO_Tir_input_ChIP_TU71_R2_raw.fastq.gz
Approx 35% complete for E14_D0_DnmtTKO_Tir_input_ChIP_TU71_R1_raw.fastq.gz
Approx 40% complete for E14_D0_DnmtTKO_Tir_input_ChIP_TU71_R2_raw.fastq.gz
Approx 40% complete for E14_D0_DnmtTKO_Tir_input_ChIP_TU71_R1_raw.fastq.gz
Approx 45% complete for E14_D0_DnmtTKO_Tir_input_ChIP_TU71_R2_raw.fastq.gz
Approx 45% complete for E14_D0_DnmtTKO_Tir_input_ChIP_TU71_R1_raw.fastq.gz
Approx 50% complete for E14_D0_DnmtTKO_Tir_input_ChIP_TU71_R2_raw.fastq.gz
Approx 50% complete for E14_D0_DnmtTKO_Tir_input_ChIP_TU71_R1_raw.fastq.gz
Approx 55% complete for E14_D0_DnmtTKO_Tir_input_ChIP_TU71_R2_raw.fastq.gz
Approx 55% complete for E14_D0_DnmtTKO_Tir_input_ChIP_TU71_R1_raw.fastq.gz
Approx 60% complete for E14_D0_DnmtTKO_Tir_input_ChIP_TU71_R2_raw.fastq.gz
Approx 60% complete for E14_D0_DnmtTKO_Tir_input_ChIP_TU71_R1_raw.fastq.gz
Approx 65% complete for E14_D0_DnmtTKO_Tir_input_ChIP_TU71_R2_raw.fastq.gz
Approx 65% complete for E14_D0_DnmtTKO_Tir_input_ChIP_TU71_R1_raw.fastq.gz
Approx 70% complete for E14_D0_DnmtTKO_Tir_input_ChIP_TU71_R2_raw.fastq.gz
Approx 70% complete for E14_D0_DnmtTKO_Tir_input_ChIP_TU71_R1_raw.fastq.gz
Approx 75% complete for E14_D0_DnmtTKO_Tir_input_ChIP_TU71_R2_raw.fastq.gz
Approx 75% complete for E14_D0_DnmtTKO_Tir_input_ChIP_TU71_R1_raw.fastq.gz
Approx 80% complete for E14_D0_DnmtTKO_Tir_input_ChIP_TU71_R2_raw.fastq.gz
Approx 80% complete for E14_D0_DnmtTKO_Tir_input_ChIP_TU71_R1_raw.fastq.gz
Approx 85% complete for E14_D0_DnmtTKO_Tir_input_ChIP_TU71_R2_raw.fastq.gz
Approx 85% complete for E14_D0_DnmtTKO_Tir_input_ChIP_TU71_R1_raw.fastq.gz
Approx 90% complete for E14_D0_DnmtTKO_Tir_input_ChIP_TU71_R2_raw.fastq.gz
Approx 90% complete for E14_D0_DnmtTKO_Tir_input_ChIP_TU71_R1_raw.fastq.gz
Approx 95% complete for E14_D0_DnmtTKO_Tir_input_ChIP_TU71_R2_raw.fastq.gz
Analysis complete for E14_D0_DnmtTKO_Tir_input_ChIP_TU71_R2_raw.fastq.gz
Approx 95% complete for E14_D0_DnmtTKO_Tir_input_ChIP_TU71_R1_raw.fastq.gz
Analysis complete for E14_D0_DnmtTKO_Tir_input_ChIP_TU71_R1_raw.fastq.gz
[fastQC] on raw FASTQs finished succesfully. Will remove PCR duplicates now at [Mon Sep 9 02:52:59 PM CEST 2024]
Reads are length: 151 at [Mon Sep 9 02:52:59 PM CEST 2024]
Reads with same sequence 2 or fewer substitutions will be marked as PCR duplicates at [Mon Sep 9 02:52:59 PM CEST 2024]
Removal of PCR duplicates complete! at [Mon Sep 9 03:11:12 PM CEST 2024]
[trimReads] Started using version trimV5 parameters at [Mon Sep 9 03:11:12 PM CEST 2024]
ILLUMINACLIP:/data/reference_genomes/adapters/adapters.fa:2:30:10 SLIDINGWINDOW:4:20 MINLEN:24
[trimReads] Trimming E14_D0_DnmtTKO_Tir_input_ChIP_TU71_R1.fastq.gz and E14_D0_DnmtTKO_Tir_input_ChIP_TU71_R2.fastq.gz... at [Mon Sep 9 03:11:12 PM CEST 2024]
[trimReads] Finished successfully at [Mon Sep 9 03:19:13 PM CEST 2024]
[fastQC] started on E14_D0_DnmtTKO_Tir_input_ChIP_TU71_R1.fastq.gz E14_D0_DnmtTKO_Tir_input_ChIP_TU71_R2.fastq.gz E14_D0_DnmtTKO_Tir_input_ChIP_TU71_trimV5_R1.fastq.gz E14_D0_DnmtTKO_Tir_input_ChIP_TU71_trimV5_R2.fastq.gz at [Mon Sep 9 03:19:13 PM CEST 2024]
Started analysis of E14_D0_DnmtTKO_Tir_input_ChIP_TU71_R1.fastq.gz
Started analysis of E14_D0_DnmtTKO_Tir_input_ChIP_TU71_R2.fastq.gz
Started analysis of E14_D0_DnmtTKO_Tir_input_ChIP_TU71_trimV5_R1.fastq.gz
Started analysis of E14_D0_DnmtTKO_Tir_input_ChIP_TU71_trimV5_R2.fastq.gz
Approx 5% complete for E14_D0_DnmtTKO_Tir_input_ChIP_TU71_R1.fastq.gz
Approx 5% complete for E14_D0_DnmtTKO_Tir_input_ChIP_TU71_trimV5_R2.fastq.gz
Approx 5% complete for E14_D0_DnmtTKO_Tir_input_ChIP_TU71_R2.fastq.gz
Approx 5% complete for E14_D0_DnmtTKO_Tir_input_ChIP_TU71_trimV5_R1.fastq.gz
Approx 10% complete for E14_D0_DnmtTKO_Tir_input_ChIP_TU71_trimV5_R2.fastq.gz
Approx 10% complete for E14_D0_DnmtTKO_Tir_input_ChIP_TU71_R2.fastq.gz
Approx 10% complete for E14_D0_DnmtTKO_Tir_input_ChIP_TU71_trimV5_R1.fastq.gz
Approx 10% complete for E14_D0_DnmtTKO_Tir_input_ChIP_TU71_R1.fastq.gz
Approx 15% complete for E14_D0_DnmtTKO_Tir_input_ChIP_TU71_trimV5_R2.fastq.gz
Approx 15% complete for E14_D0_DnmtTKO_Tir_input_ChIP_TU71_trimV5_R1.fastq.gz
Approx 15% complete for E14_D0_DnmtTKO_Tir_input_ChIP_TU71_R2.fastq.gz
Approx 15% complete for E14_D0_DnmtTKO_Tir_input_ChIP_TU71_R1.fastq.gz
Approx 20% complete for E14_D0_DnmtTKO_Tir_input_ChIP_TU71_trimV5_R2.fastq.gz
Approx 20% complete for E14_D0_DnmtTKO_Tir_input_ChIP_TU71_trimV5_R1.fastq.gz
Approx 20% complete for E14_D0_DnmtTKO_Tir_input_ChIP_TU71_R2.fastq.gz
Approx 20% complete for E14_D0_DnmtTKO_Tir_input_ChIP_TU71_R1.fastq.gz
Approx 25% complete for E14_D0_DnmtTKO_Tir_input_ChIP_TU71_trimV5_R1.fastq.gz
Approx 25% complete for E14_D0_DnmtTKO_Tir_input_ChIP_TU71_R2.fastq.gz
Approx 25% complete for E14_D0_DnmtTKO_Tir_input_ChIP_TU71_trimV5_R2.fastq.gz
Approx 25% complete for E14_D0_DnmtTKO_Tir_input_ChIP_TU71_R1.fastq.gz
Approx 30% complete for E14_D0_DnmtTKO_Tir_input_ChIP_TU71_trimV5_R1.fastq.gz
Approx 30% complete for E14_D0_DnmtTKO_Tir_input_ChIP_TU71_R2.fastq.gz
Approx 30% complete for E14_D0_DnmtTKO_Tir_input_ChIP_TU71_R1.fastq.gz
Approx 35% complete for E14_D0_DnmtTKO_Tir_input_ChIP_TU71_trimV5_R1.fastq.gz
Approx 30% complete for E14_D0_DnmtTKO_Tir_input_ChIP_TU71_trimV5_R2.fastq.gz
Approx 40% complete for E14_D0_DnmtTKO_Tir_input_ChIP_TU71_trimV5_R1.fastq.gz
Approx 35% complete for E14_D0_DnmtTKO_Tir_input_ChIP_TU71_R1.fastq.gz
Approx 35% complete for E14_D0_DnmtTKO_Tir_input_ChIP_TU71_R2.fastq.gz
Approx 45% complete for E14_D0_DnmtTKO_Tir_input_ChIP_TU71_trimV5_R1.fastq.gz
Approx 40% complete for E14_D0_DnmtTKO_Tir_input_ChIP_TU71_R1.fastq.gz
Approx 40% complete for E14_D0_DnmtTKO_Tir_input_ChIP_TU71_R2.fastq.gz
Approx 35% complete for E14_D0_DnmtTKO_Tir_input_ChIP_TU71_trimV5_R2.fastq.gz
Approx 50% complete for E14_D0_DnmtTKO_Tir_input_ChIP_TU71_trimV5_R1.fastq.gz
Approx 45% complete for E14_D0_DnmtTKO_Tir_input_ChIP_TU71_R1.fastq.gz
Approx 45% complete for E14_D0_DnmtTKO_Tir_input_ChIP_TU71_R2.fastq.gz
Approx 55% complete for E14_D0_DnmtTKO_Tir_input_ChIP_TU71_trimV5_R1.fastq.gz
Approx 50% complete for E14_D0_DnmtTKO_Tir_input_ChIP_TU71_R1.fastq.gz
Approx 40% complete for E14_D0_DnmtTKO_Tir_input_ChIP_TU71_trimV5_R2.fastq.gz
Approx 60% complete for E14_D0_DnmtTKO_Tir_input_ChIP_TU71_trimV5_R1.fastq.gz
Approx 50% complete for E14_D0_DnmtTKO_Tir_input_ChIP_TU71_R2.fastq.gz
Approx 55% complete for E14_D0_DnmtTKO_Tir_input_ChIP_TU71_R1.fastq.gz
Approx 65% complete for E14_D0_DnmtTKO_Tir_input_ChIP_TU71_trimV5_R1.fastq.gz
Approx 55% complete for E14_D0_DnmtTKO_Tir_input_ChIP_TU71_R2.fastq.gz
Approx 60% complete for E14_D0_DnmtTKO_Tir_input_ChIP_TU71_R1.fastq.gz
Approx 45% complete for E14_D0_DnmtTKO_Tir_input_ChIP_TU71_trimV5_R2.fastq.gz
Approx 70% complete for E14_D0_DnmtTKO_Tir_input_ChIP_TU71_trimV5_R1.fastq.gz
Approx 60% complete for E14_D0_DnmtTKO_Tir_input_ChIP_TU71_R2.fastq.gz
Approx 65% complete for E14_D0_DnmtTKO_Tir_input_ChIP_TU71_R1.fastq.gz
Approx 75% complete for E14_D0_DnmtTKO_Tir_input_ChIP_TU71_trimV5_R1.fastq.gz
Approx 50% complete for E14_D0_DnmtTKO_Tir_input_ChIP_TU71_trimV5_R2.fastq.gz
Approx 65% complete for E14_D0_DnmtTKO_Tir_input_ChIP_TU71_R2.fastq.gz
Approx 70% complete for E14_D0_DnmtTKO_Tir_input_ChIP_TU71_R1.fastq.gz
Approx 80% complete for E14_D0_DnmtTKO_Tir_input_ChIP_TU71_trimV5_R1.fastq.gz
Approx 75% complete for E14_D0_DnmtTKO_Tir_input_ChIP_TU71_R1.fastq.gz
Approx 85% complete for E14_D0_DnmtTKO_Tir_input_ChIP_TU71_trimV5_R1.fastq.gz
Approx 70% complete for E14_D0_DnmtTKO_Tir_input_ChIP_TU71_R2.fastq.gz
Approx 55% complete for E14_D0_DnmtTKO_Tir_input_ChIP_TU71_trimV5_R2.fastq.gz
Approx 80% complete for E14_D0_DnmtTKO_Tir_input_ChIP_TU71_R1.fastq.gz
Approx 90% complete for E14_D0_DnmtTKO_Tir_input_ChIP_TU71_trimV5_R1.fastq.gz
Approx 75% complete for E14_D0_DnmtTKO_Tir_input_ChIP_TU71_R2.fastq.gz
Approx 85% complete for E14_D0_DnmtTKO_Tir_input_ChIP_TU71_R1.fastq.gz
Approx 60% complete for E14_D0_DnmtTKO_Tir_input_ChIP_TU71_trimV5_R2.fastq.gz
Approx 95% complete for E14_D0_DnmtTKO_Tir_input_ChIP_TU71_trimV5_R1.fastq.gz
Approx 80% complete for E14_D0_DnmtTKO_Tir_input_ChIP_TU71_R2.fastq.gz
Approx 90% complete for E14_D0_DnmtTKO_Tir_input_ChIP_TU71_R1.fastq.gz
Analysis complete for E14_D0_DnmtTKO_Tir_input_ChIP_TU71_trimV5_R1.fastq.gz
Approx 65% complete for E14_D0_DnmtTKO_Tir_input_ChIP_TU71_trimV5_R2.fastq.gz
Approx 85% complete for E14_D0_DnmtTKO_Tir_input_ChIP_TU71_R2.fastq.gz
Approx 95% complete for E14_D0_DnmtTKO_Tir_input_ChIP_TU71_R1.fastq.gz
Approx 70% complete for E14_D0_DnmtTKO_Tir_input_ChIP_TU71_trimV5_R2.fastq.gz
Approx 90% complete for E14_D0_DnmtTKO_Tir_input_ChIP_TU71_R2.fastq.gz
Analysis complete for E14_D0_DnmtTKO_Tir_input_ChIP_TU71_R1.fastq.gz
Approx 75% complete for E14_D0_DnmtTKO_Tir_input_ChIP_TU71_trimV5_R2.fastq.gz
Approx 95% complete for E14_D0_DnmtTKO_Tir_input_ChIP_TU71_R2.fastq.gz
Approx 80% complete for E14_D0_DnmtTKO_Tir_input_ChIP_TU71_trimV5_R2.fastq.gz
Analysis complete for E14_D0_DnmtTKO_Tir_input_ChIP_TU71_R2.fastq.gz
Approx 85% complete for E14_D0_DnmtTKO_Tir_input_ChIP_TU71_trimV5_R2.fastq.gz
Approx 90% complete for E14_D0_DnmtTKO_Tir_input_ChIP_TU71_trimV5_R2.fastq.gz
Approx 95% complete for E14_D0_DnmtTKO_Tir_input_ChIP_TU71_trimV5_R2.fastq.gz
Analysis complete for E14_D0_DnmtTKO_Tir_input_ChIP_TU71_trimV5_R2.fastq.gz
[fastQC] finished succesfully at [Mon Sep 9 03:21:56 PM CEST 2024]
[bowtie2 alignment] started with reference /data/reference_genomes/mm10/mm10 at [Mon Sep 9 03:21:56 PM CEST 2024]
[alignment] Bowtie2 alignment finished successfully at [Mon Sep 9 07:10:34 PM CEST 2024]
[sam grooming] started at [Mon Sep 9 07:12:43 PM CEST 2024]
19:12:43.869 INFO  NativeLibraryLoader - Loading libgkl_compression.so from jar:file:/home/robin/bin/miniconda3/share/picard-2.26.2-0/picard.jar!/com/intel/gkl/native/libgkl_compression.so
[Mon Sep 09 19:12:43 CEST 2024] CleanSam --INPUT E14_D0_DnmtTKO_Tir_input_ChIP_TU71_raw.sam --OUTPUT E14_D0_DnmtTKO_Tir_input_ChIP_TU71_cleaned.sam --TMP_DIR . --VERBOSITY INFO --QUIET false --VALIDATION_STRINGENCY STRICT --COMPRESSION_LEVEL 5 --MAX_RECORDS_IN_RAM 500000 --CREATE_INDEX false --CREATE_MD5_FILE false --GA4GH_CLIENT_SECRETS client_secrets.json --help false --version false --showHidden false --USE_JDK_DEFLATER false --USE_JDK_INFLATER false
[Mon Sep 09 19:12:43 CEST 2024] Executing as robin@epipax.ijm.univ-paris-diderot.priv on Linux 6.1.0-25-amd64 amd64; OpenJDK 64-Bit Server VM 1.8.0_332-b09; Deflater: Intel; Inflater: Intel; Provider GCS is not available; Picard version: Version:2.26.2
INFO	2024-09-09 19:12:44	CleanSam	Seen many non-increasing record positions. Printing Read-names as well.
INFO	2024-09-09 19:12:51	CleanSam	Processed     1,000,000 records.  Elapsed time: 00:00:07s.  Time for last 1,000,000:    7s.  Last read position: chr5:110,638,672.  Last read name: LH00391:302:22G72VLT4:3:1204:48437:6939
INFO	2024-09-09 19:12:58	CleanSam	Processed     2,000,000 records.  Elapsed time: 00:00:14s.  Time for last 1,000,000:    6s.  Last read position: chr14:19,417,223.  Last read name: LH00281:244:22FKKKLT4:8:2444:22218:6939
INFO	2024-09-09 19:13:06	CleanSam	Processed     3,000,000 records.  Elapsed time: 00:00:22s.  Time for last 1,000,000:    7s.  Last read position: chrX:153,896,536.  Last read name: LH00281:244:22FKKKLT4:8:2482:35797:29660
INFO	2024-09-09 19:13:13	CleanSam	Processed     4,000,000 records.  Elapsed time: 00:00:29s.  Time for last 1,000,000:    7s.  Last read position: chr16:94,035,841.  Last read name: LH00281:244:22FKKKLT4:8:2201:49116:4334
INFO	2024-09-09 19:13:21	CleanSam	Processed     5,000,000 records.  Elapsed time: 00:00:37s.  Time for last 1,000,000:    7s.  Last read position: chr9:3,016,984.  Last read name: LH00391:302:22G72VLT4:3:1263:31799:24057
INFO	2024-09-09 19:13:29	CleanSam	Processed     6,000,000 records.  Elapsed time: 00:00:45s.  Time for last 1,000,000:    7s.  Last read position: chr2:98,666,851.  Last read name: LH00281:244:22FKKKLT4:8:1343:40425:22600
INFO	2024-09-09 19:13:36	CleanSam	Processed     7,000,000 records.  Elapsed time: 00:00:52s.  Time for last 1,000,000:    7s.  Last read position: chr2:98,667,142.  Last read name: LH00281:244:22FKKKLT4:8:2160:26167:14504
INFO	2024-09-09 19:13:43	CleanSam	Processed     8,000,000 records.  Elapsed time: 00:00:59s.  Time for last 1,000,000:    6s.  Last read position: chrUn_JH584304:103,263.  Last read name: LH00391:302:22G72VLT4:3:2448:14393:15554
INFO	2024-09-09 19:13:51	CleanSam	Processed     9,000,000 records.  Elapsed time: 00:01:07s.  Time for last 1,000,000:    7s.  Last read position: chr12:3,109,932.  Last read name: LH00281:244:22FKKKLT4:8:1331:22566:13481
INFO	2024-09-09 19:13:58	CleanSam	Processed    10,000,000 records.  Elapsed time: 00:01:14s.  Time for last 1,000,000:    7s.  Last read position: chr2:98,666,763.  Last read name: LH00281:244:22FKKKLT4:8:1335:1704:26788
INFO	2024-09-09 19:14:05	CleanSam	Processed    11,000,000 records.  Elapsed time: 00:01:21s.  Time for last 1,000,000:    7s.  Last read position: chr2:98,666,801.  Last read name: LH00169:452:22G5WYLT4:8:1202:40976:17417
INFO	2024-09-09 19:14:12	CleanSam	Processed    12,000,000 records.  Elapsed time: 00:01:28s.  Time for last 1,000,000:    7s.  Last read position: chr1:33,623,136.  Last read name: LH00169:452:22G5WYLT4:8:2286:14393:28441
INFO	2024-09-09 19:14:19	CleanSam	Processed    13,000,000 records.  Elapsed time: 00:01:35s.  Time for last 1,000,000:    6s.  Last read position: chr2:98,666,572.  Last read name: LH00169:452:22G5WYLT4:8:1277:7118:5006
INFO	2024-09-09 19:14:26	CleanSam	Processed    14,000,000 records.  Elapsed time: 00:01:42s.  Time for last 1,000,000:    6s.  Last read position: chr2:98,666,684.  Last read name: LH00391:302:22G72VLT4:3:1463:41558:3774
INFO	2024-09-09 19:14:33	CleanSam	Processed    15,000,000 records.  Elapsed time: 00:01:49s.  Time for last 1,000,000:    6s.  Last read position: chr2:98,666,725.  Last read name: LH00169:452:22G5WYLT4:8:1147:49392:23833
INFO	2024-09-09 19:14:40	CleanSam	Processed    16,000,000 records.  Elapsed time: 00:01:56s.  Time for last 1,000,000:    6s.  Last read position: chr1:85,278,186.  Last read name: LH00391:302:22G72VLT4:3:2355:17791:22894
INFO	2024-09-09 19:14:47	CleanSam	Processed    17,000,000 records.  Elapsed time: 00:02:03s.  Time for last 1,000,000:    6s.  Last read position: chr2:98,667,036.  Last read name: LH00169:452:22G5WYLT4:8:1117:27907:10595
INFO	2024-09-09 19:14:54	CleanSam	Processed    18,000,000 records.  Elapsed time: 00:02:10s.  Time for last 1,000,000:    7s.  Last read position: chr2:98,666,583.  Last read name: LH00391:302:22G72VLT4:3:2443:24848:11268
INFO	2024-09-09 19:15:01	CleanSam	Processed    19,000,000 records.  Elapsed time: 00:02:17s.  Time for last 1,000,000:    6s.  Last read position: chr3:158,601,829.  Last read name: LH00169:452:22G5WYLT4:8:2137:45184:4138
INFO	2024-09-09 19:15:08	CleanSam	Processed    20,000,000 records.  Elapsed time: 00:02:24s.  Time for last 1,000,000:    7s.  Last read position: chr9:35,305,283.  Last read name: LH00391:302:22G72VLT4:3:2196:11577:10847
INFO	2024-09-09 19:15:15	CleanSam	Processed    21,000,000 records.  Elapsed time: 00:02:31s.  Time for last 1,000,000:    7s.  Last read position: chr2:98,667,155.  Last read name: LH00281:244:22FKKKLT4:8:1452:4221:24673
INFO	2024-09-09 19:15:22	CleanSam	Processed    22,000,000 records.  Elapsed time: 00:02:38s.  Time for last 1,000,000:    6s.  Last read position: chr12:3,109,879.  Last read name: LH00281:244:22FKKKLT4:8:2196:27348:9769
INFO	2024-09-09 19:15:29	CleanSam	Processed    23,000,000 records.  Elapsed time: 00:02:45s.  Time for last 1,000,000:    6s.  Last read position: chr9:103,002,228.  Last read name: LH00281:244:22FKKKLT4:8:2288:48145:10553
INFO	2024-09-09 19:15:36	CleanSam	Processed    24,000,000 records.  Elapsed time: 00:02:52s.  Time for last 1,000,000:    6s.  Last read position: chr1:127,498,179.  Last read name: LH00391:302:22G72VLT4:3:1404:12361:10021
INFO	2024-09-09 19:15:42	CleanSam	Processed    25,000,000 records.  Elapsed time: 00:02:58s.  Time for last 1,000,000:    6s.  Last read position: chr14:19,417,210.  Last read name: LH00391:302:22G72VLT4:3:2251:29736:9755
INFO	2024-09-09 19:15:49	CleanSam	Processed    26,000,000 records.  Elapsed time: 00:03:05s.  Time for last 1,000,000:    6s.  Last read position: chr2:98,667,078.  Last read name: LH00169:452:22G5WYLT4:8:1163:23197:26340
INFO	2024-09-09 19:15:56	CleanSam	Processed    27,000,000 records.  Elapsed time: 00:03:12s.  Time for last 1,000,000:    6s.  Last read position: chr9:3,020,972.  Last read name: LH00281:244:22FKKKLT4:8:1486:22274:21129
INFO	2024-09-09 19:16:03	CleanSam	Processed    28,000,000 records.  Elapsed time: 00:03:19s.  Time for last 1,000,000:    6s.  Last read position: chr6:84,371,483.  Last read name: LH00281:244:22FKKKLT4:8:1429:9885:5987
INFO	2024-09-09 19:16:10	CleanSam	Processed    29,000,000 records.  Elapsed time: 00:03:26s.  Time for last 1,000,000:    6s.  Last read position: chr9:114,011,313.  Last read name: LH00169:452:22G5WYLT4:8:2481:6802:8494
INFO	2024-09-09 19:16:17	CleanSam	Processed    30,000,000 records.  Elapsed time: 00:03:33s.  Time for last 1,000,000:    6s.  Last read position: chr17:88,302,296.  Last read name: LH00169:452:22G5WYLT4:8:1188:3581:28974
[Mon Sep 09 19:16:29 CEST 2024] picard.sam.CleanSam done. Elapsed time: 3.77 minutes.
Runtime.totalMemory()=798490624
19:16:31.729 INFO  NativeLibraryLoader - Loading libgkl_compression.so from jar:file:/home/robin/bin/miniconda3/share/picard-2.26.2-0/picard.jar!/com/intel/gkl/native/libgkl_compression.so
[Mon Sep 09 19:16:31 CEST 2024] SamFormatConverter --INPUT E14_D0_DnmtTKO_Tir_input_ChIP_TU71_cleaned.sam --OUTPUT E14_D0_DnmtTKO_Tir_input_ChIP_TU71_unsorted.bam --TMP_DIR . --VERBOSITY INFO --QUIET false --VALIDATION_STRINGENCY STRICT --COMPRESSION_LEVEL 5 --MAX_RECORDS_IN_RAM 500000 --CREATE_INDEX false --CREATE_MD5_FILE false --GA4GH_CLIENT_SECRETS client_secrets.json --help false --version false --showHidden false --USE_JDK_DEFLATER false --USE_JDK_INFLATER false
[Mon Sep 09 19:16:31 CEST 2024] Executing as robin@epipax.ijm.univ-paris-diderot.priv on Linux 6.1.0-25-amd64 amd64; OpenJDK 64-Bit Server VM 1.8.0_332-b09; Deflater: Intel; Inflater: Intel; Provider GCS is not available; Picard version: Version:2.26.2
INFO	2024-09-09 19:16:32	SamFormatConverter	Seen many non-increasing record positions. Printing Read-names as well.
INFO	2024-09-09 19:16:45	SamFormatConverter	Processed     1,000,000 records.  Elapsed time: 00:00:12s.  Time for last 1,000,000:   12s.  Last read position: chr5:110,638,672.  Last read name: LH00391:302:22G72VLT4:3:1204:48437:6939
INFO	2024-09-09 19:16:57	SamFormatConverter	Processed     2,000,000 records.  Elapsed time: 00:00:24s.  Time for last 1,000,000:   12s.  Last read position: chr14:19,417,223.  Last read name: LH00281:244:22FKKKLT4:8:2444:22218:6939
INFO	2024-09-09 19:17:10	SamFormatConverter	Processed     3,000,000 records.  Elapsed time: 00:00:37s.  Time for last 1,000,000:   12s.  Last read position: chrX:153,896,536.  Last read name: LH00281:244:22FKKKLT4:8:2482:35797:29660
INFO	2024-09-09 19:17:22	SamFormatConverter	Processed     4,000,000 records.  Elapsed time: 00:00:49s.  Time for last 1,000,000:   12s.  Last read position: chr16:94,035,841.  Last read name: LH00281:244:22FKKKLT4:8:2201:49116:4334
INFO	2024-09-09 19:17:34	SamFormatConverter	Processed     5,000,000 records.  Elapsed time: 00:01:01s.  Time for last 1,000,000:   12s.  Last read position: chr9:3,016,984.  Last read name: LH00391:302:22G72VLT4:3:1263:31799:24057
INFO	2024-09-09 19:17:46	SamFormatConverter	Processed     6,000,000 records.  Elapsed time: 00:01:13s.  Time for last 1,000,000:   12s.  Last read position: chr2:98,666,851.  Last read name: LH00281:244:22FKKKLT4:8:1343:40425:22600
INFO	2024-09-09 19:17:58	SamFormatConverter	Processed     7,000,000 records.  Elapsed time: 00:01:25s.  Time for last 1,000,000:   12s.  Last read position: chr2:98,667,142.  Last read name: LH00281:244:22FKKKLT4:8:2160:26167:14504
INFO	2024-09-09 19:18:09	SamFormatConverter	Processed     8,000,000 records.  Elapsed time: 00:01:37s.  Time for last 1,000,000:   11s.  Last read position: chrUn_JH584304:103,263.  Last read name: LH00391:302:22G72VLT4:3:2448:14393:15554
INFO	2024-09-09 19:18:21	SamFormatConverter	Processed     9,000,000 records.  Elapsed time: 00:01:48s.  Time for last 1,000,000:   11s.  Last read position: chr12:3,109,932.  Last read name: LH00281:244:22FKKKLT4:8:1331:22566:13481
INFO	2024-09-09 19:18:33	SamFormatConverter	Processed    10,000,000 records.  Elapsed time: 00:02:00s.  Time for last 1,000,000:   11s.  Last read position: chr2:98,666,763.  Last read name: LH00281:244:22FKKKLT4:8:1335:1704:26788
INFO	2024-09-09 19:18:44	SamFormatConverter	Processed    11,000,000 records.  Elapsed time: 00:02:12s.  Time for last 1,000,000:   11s.  Last read position: chr2:98,666,801.  Last read name: LH00169:452:22G5WYLT4:8:1202:40976:17417
INFO	2024-09-09 19:18:57	SamFormatConverter	Processed    12,000,000 records.  Elapsed time: 00:02:24s.  Time for last 1,000,000:   12s.  Last read position: chr1:33,623,136.  Last read name: LH00169:452:22G5WYLT4:8:2286:14393:28441
INFO	2024-09-09 19:19:09	SamFormatConverter	Processed    13,000,000 records.  Elapsed time: 00:02:36s.  Time for last 1,000,000:   12s.  Last read position: chr2:98,666,572.  Last read name: LH00169:452:22G5WYLT4:8:1277:7118:5006
INFO	2024-09-09 19:19:21	SamFormatConverter	Processed    14,000,000 records.  Elapsed time: 00:02:48s.  Time for last 1,000,000:   11s.  Last read position: chr2:98,666,684.  Last read name: LH00391:302:22G72VLT4:3:1463:41558:3774
INFO	2024-09-09 19:19:33	SamFormatConverter	Processed    15,000,000 records.  Elapsed time: 00:03:00s.  Time for last 1,000,000:   12s.  Last read position: chr2:98,666,725.  Last read name: LH00169:452:22G5WYLT4:8:1147:49392:23833
INFO	2024-09-09 19:19:45	SamFormatConverter	Processed    16,000,000 records.  Elapsed time: 00:03:12s.  Time for last 1,000,000:   12s.  Last read position: chr1:85,278,186.  Last read name: LH00391:302:22G72VLT4:3:2355:17791:22894
INFO	2024-09-09 19:19:56	SamFormatConverter	Processed    17,000,000 records.  Elapsed time: 00:03:24s.  Time for last 1,000,000:   11s.  Last read position: chr2:98,667,036.  Last read name: LH00169:452:22G5WYLT4:8:1117:27907:10595
INFO	2024-09-09 19:20:09	SamFormatConverter	Processed    18,000,000 records.  Elapsed time: 00:03:36s.  Time for last 1,000,000:   12s.  Last read position: chr2:98,666,583.  Last read name: LH00391:302:22G72VLT4:3:2443:24848:11268
INFO	2024-09-09 19:20:21	SamFormatConverter	Processed    19,000,000 records.  Elapsed time: 00:03:48s.  Time for last 1,000,000:   11s.  Last read position: chr3:158,601,829.  Last read name: LH00169:452:22G5WYLT4:8:2137:45184:4138
INFO	2024-09-09 19:20:34	SamFormatConverter	Processed    20,000,000 records.  Elapsed time: 00:04:01s.  Time for last 1,000,000:   13s.  Last read position: chr9:35,305,283.  Last read name: LH00391:302:22G72VLT4:3:2196:11577:10847
INFO	2024-09-09 19:20:46	SamFormatConverter	Processed    21,000,000 records.  Elapsed time: 00:04:13s.  Time for last 1,000,000:   12s.  Last read position: chr2:98,667,155.  Last read name: LH00281:244:22FKKKLT4:8:1452:4221:24673
INFO	2024-09-09 19:20:58	SamFormatConverter	Processed    22,000,000 records.  Elapsed time: 00:04:25s.  Time for last 1,000,000:   11s.  Last read position: chr12:3,109,879.  Last read name: LH00281:244:22FKKKLT4:8:2196:27348:9769
INFO	2024-09-09 19:21:10	SamFormatConverter	Processed    23,000,000 records.  Elapsed time: 00:04:37s.  Time for last 1,000,000:   11s.  Last read position: chr9:103,002,228.  Last read name: LH00281:244:22FKKKLT4:8:2288:48145:10553
INFO	2024-09-09 19:21:22	SamFormatConverter	Processed    24,000,000 records.  Elapsed time: 00:04:49s.  Time for last 1,000,000:   12s.  Last read position: chr1:127,498,179.  Last read name: LH00391:302:22G72VLT4:3:1404:12361:10021
INFO	2024-09-09 19:21:35	SamFormatConverter	Processed    25,000,000 records.  Elapsed time: 00:05:02s.  Time for last 1,000,000:   13s.  Last read position: chr14:19,417,210.  Last read name: LH00391:302:22G72VLT4:3:2251:29736:9755
INFO	2024-09-09 19:21:48	SamFormatConverter	Processed    26,000,000 records.  Elapsed time: 00:05:15s.  Time for last 1,000,000:   12s.  Last read position: chr2:98,667,078.  Last read name: LH00169:452:22G5WYLT4:8:1163:23197:26340
INFO	2024-09-09 19:21:59	SamFormatConverter	Processed    27,000,000 records.  Elapsed time: 00:05:26s.  Time for last 1,000,000:   11s.  Last read position: chr9:3,020,972.  Last read name: LH00281:244:22FKKKLT4:8:1486:22274:21129
INFO	2024-09-09 19:22:11	SamFormatConverter	Processed    28,000,000 records.  Elapsed time: 00:05:38s.  Time for last 1,000,000:   11s.  Last read position: chr6:84,371,483.  Last read name: LH00281:244:22FKKKLT4:8:1429:9885:5987
INFO	2024-09-09 19:22:23	SamFormatConverter	Processed    29,000,000 records.  Elapsed time: 00:05:50s.  Time for last 1,000,000:   12s.  Last read position: chr9:114,011,313.  Last read name: LH00169:452:22G5WYLT4:8:2481:6802:8494
INFO	2024-09-09 19:22:35	SamFormatConverter	Processed    30,000,000 records.  Elapsed time: 00:06:02s.  Time for last 1,000,000:   12s.  Last read position: chr17:88,302,296.  Last read name: LH00169:452:22G5WYLT4:8:1188:3581:28974
[Mon Sep 09 19:22:38 CEST 2024] picard.sam.SamFormatConverter done. Elapsed time: 6.11 minutes.
Runtime.totalMemory()=925892608
19:22:40.174 INFO  NativeLibraryLoader - Loading libgkl_compression.so from jar:file:/home/robin/bin/miniconda3/share/picard-2.26.2-0/picard.jar!/com/intel/gkl/native/libgkl_compression.so
[Mon Sep 09 19:22:40 CEST 2024] SortSam --INPUT E14_D0_DnmtTKO_Tir_input_ChIP_TU71_unsorted.bam --OUTPUT E14_D0_DnmtTKO_Tir_input_ChIP_TU71_sorted.bam --SORT_ORDER coordinate --TMP_DIR . --VERBOSITY INFO --QUIET false --VALIDATION_STRINGENCY STRICT --COMPRESSION_LEVEL 5 --MAX_RECORDS_IN_RAM 500000 --CREATE_INDEX false --CREATE_MD5_FILE false --GA4GH_CLIENT_SECRETS client_secrets.json --help false --version false --showHidden false --USE_JDK_DEFLATER false --USE_JDK_INFLATER false
[Mon Sep 09 19:22:40 CEST 2024] Executing as robin@epipax.ijm.univ-paris-diderot.priv on Linux 6.1.0-25-amd64 amd64; OpenJDK 64-Bit Server VM 1.8.0_332-b09; Deflater: Intel; Inflater: Intel; Provider GCS is not available; Picard version: Version:2.26.2
INFO	2024-09-09 19:22:40	SortSam	Seen many non-increasing record positions. Printing Read-names as well.
INFO	2024-09-09 19:23:49	SortSam	Read    10,000,000 records.  Elapsed time: 00:01:09s.  Time for last 10,000,000:   69s.  Last read position: chr2:98,666,763.  Last read name: LH00281:244:22FKKKLT4:8:1335:1704:26788
INFO	2024-09-09 19:24:56	SortSam	Read    20,000,000 records.  Elapsed time: 00:02:16s.  Time for last 10,000,000:   66s.  Last read position: chr9:35,305,283.  Last read name: LH00391:302:22G72VLT4:3:2196:11577:10847
INFO	2024-09-09 19:26:04	SortSam	Read    30,000,000 records.  Elapsed time: 00:03:24s.  Time for last 10,000,000:   68s.  Last read position: chr17:88,302,296.  Last read name: LH00169:452:22G5WYLT4:8:1188:3581:28974
INFO	2024-09-09 19:26:06	SortSam	Finished reading inputs, merging and writing to output now.
INFO	2024-09-09 19:27:09	SortSam	Wrote    10,000,000 records from a sorting collection.  Elapsed time: 00:04:28s.  Time for last 10,000,000:   61s.  Last read position: chr2:98,667,052
INFO	2024-09-09 19:28:13	SortSam	Wrote    20,000,000 records from a sorting collection.  Elapsed time: 00:05:33s.  Time for last 10,000,000:   64s.  Last read position: chr9:3,020,460
INFO	2024-09-09 19:29:17	SortSam	Wrote    30,000,000 records from a sorting collection.  Elapsed time: 00:06:36s.  Time for last 10,000,000:   63s.  Last read position: chrUn_JH584304:108,085
[Mon Sep 09 19:29:19 CEST 2024] picard.sam.SortSam done. Elapsed time: 6.65 minutes.
Runtime.totalMemory()=1695547392
19:29:20.264 INFO  NativeLibraryLoader - Loading libgkl_compression.so from jar:file:/home/robin/bin/miniconda3/share/picard-2.26.2-0/picard.jar!/com/intel/gkl/native/libgkl_compression.so
[Mon Sep 09 19:29:20 CEST 2024] MarkDuplicates --INPUT E14_D0_DnmtTKO_Tir_input_ChIP_TU71_sorted.bam --OUTPUT E14_D0_DnmtTKO_Tir_input_ChIP_TU71.bam --METRICS_FILE E14_D0_DnmtTKO_Tir_input_ChIP_TU71_markDupeMetrics.txt --REMOVE_DUPLICATES false --TMP_DIR . --MAX_SEQUENCES_FOR_DISK_READ_ENDS_MAP 50000 --MAX_FILE_HANDLES_FOR_READ_ENDS_MAP 8000 --SORTING_COLLECTION_SIZE_RATIO 0.25 --TAG_DUPLICATE_SET_MEMBERS false --REMOVE_SEQUENCING_DUPLICATES false --TAGGING_POLICY DontTag --CLEAR_DT true --DUPLEX_UMI false --ADD_PG_TAG_TO_READS true --ASSUME_SORTED false --DUPLICATE_SCORING_STRATEGY SUM_OF_BASE_QUALITIES --PROGRAM_RECORD_ID MarkDuplicates --PROGRAM_GROUP_NAME MarkDuplicates --READ_NAME_REGEX <optimized capture of last three ':' separated fields as numeric values> --OPTICAL_DUPLICATE_PIXEL_DISTANCE 100 --MAX_OPTICAL_DUPLICATE_SET_SIZE 300000 --VERBOSITY INFO --QUIET false --VALIDATION_STRINGENCY STRICT --COMPRESSION_LEVEL 5 --MAX_RECORDS_IN_RAM 500000 --CREATE_INDEX false --CREATE_MD5_FILE false --GA4GH_CLIENT_SECRETS client_secrets.json --help false --version false --showHidden false --USE_JDK_DEFLATER false --USE_JDK_INFLATER false
[Mon Sep 09 19:29:20 CEST 2024] Executing as robin@epipax.ijm.univ-paris-diderot.priv on Linux 6.1.0-25-amd64 amd64; OpenJDK 64-Bit Server VM 1.8.0_332-b09; Deflater: Intel; Inflater: Intel; Provider GCS is not available; Picard version: Version:2.26.2
INFO	2024-09-09 19:29:20	MarkDuplicates	Start of doWork freeMemory: 501502824; totalMemory: 514850816; maxMemory: 1908932608
INFO	2024-09-09 19:29:20	MarkDuplicates	Reading input file and constructing read end information.
INFO	2024-09-09 19:29:20	MarkDuplicates	Will retain up to 6916422 data points before spilling to disk.
INFO	2024-09-09 19:29:24	MarkDuplicates	Read     1,000,000 records.  Elapsed time: 00:00:04s.  Time for last 1,000,000:    4s.  Last read position: chr2:60,706,357
INFO	2024-09-09 19:29:24	MarkDuplicates	Tracking 54036 as yet unmatched pairs. 3321 records in RAM.
INFO	2024-09-09 19:29:28	MarkDuplicates	Read     2,000,000 records.  Elapsed time: 00:00:07s.  Time for last 1,000,000:    3s.  Last read position: chr2:98,666,561
INFO	2024-09-09 19:29:28	MarkDuplicates	Tracking 308301 as yet unmatched pairs. 241286 records in RAM.
INFO	2024-09-09 19:29:32	MarkDuplicates	Read     3,000,000 records.  Elapsed time: 00:00:11s.  Time for last 1,000,000:    4s.  Last read position: chr2:98,666,659
INFO	2024-09-09 19:29:32	MarkDuplicates	Tracking 1064266 as yet unmatched pairs. 992958 records in RAM.
INFO	2024-09-09 19:29:36	MarkDuplicates	Read     4,000,000 records.  Elapsed time: 00:00:16s.  Time for last 1,000,000:    4s.  Last read position: chr2:98,666,708
INFO	2024-09-09 19:29:36	MarkDuplicates	Tracking 1774133 as yet unmatched pairs. 1700206 records in RAM.
INFO	2024-09-09 19:29:41	MarkDuplicates	Read     5,000,000 records.  Elapsed time: 00:00:20s.  Time for last 1,000,000:    4s.  Last read position: chr2:98,666,737
INFO	2024-09-09 19:29:41	MarkDuplicates	Tracking 1899268 as yet unmatched pairs. 1823561 records in RAM.
INFO	2024-09-09 19:29:45	MarkDuplicates	Read     6,000,000 records.  Elapsed time: 00:00:24s.  Time for last 1,000,000:    3s.  Last read position: chr2:98,666,761
INFO	2024-09-09 19:29:45	MarkDuplicates	Tracking 1976010 as yet unmatched pairs. 1898588 records in RAM.
INFO	2024-09-09 19:29:54	MarkDuplicates	Read     7,000,000 records.  Elapsed time: 00:00:33s.  Time for last 1,000,000:    8s.  Last read position: chr2:98,666,836
INFO	2024-09-09 19:29:54	MarkDuplicates	Tracking 1725449 as yet unmatched pairs. 1645939 records in RAM.
INFO	2024-09-09 19:29:58	MarkDuplicates	Read     8,000,000 records.  Elapsed time: 00:00:37s.  Time for last 1,000,000:    3s.  Last read position: chr2:98,666,886
INFO	2024-09-09 19:29:58	MarkDuplicates	Tracking 1758778 as yet unmatched pairs. 1677056 records in RAM.
INFO	2024-09-09 19:30:04	MarkDuplicates	Read     9,000,000 records.  Elapsed time: 00:00:43s.  Time for last 1,000,000:    6s.  Last read position: chr2:98,667,034
INFO	2024-09-09 19:30:04	MarkDuplicates	Tracking 1925204 as yet unmatched pairs. 1839371 records in RAM.
INFO	2024-09-09 19:30:08	MarkDuplicates	Read    10,000,000 records.  Elapsed time: 00:00:47s.  Time for last 1,000,000:    3s.  Last read position: chr2:98,667,052
INFO	2024-09-09 19:30:08	MarkDuplicates	Tracking 1853820 as yet unmatched pairs. 1764721 records in RAM.
INFO	2024-09-09 19:30:11	MarkDuplicates	Read    11,000,000 records.  Elapsed time: 00:00:51s.  Time for last 1,000,000:    3s.  Last read position: chr2:98,667,078
INFO	2024-09-09 19:30:11	MarkDuplicates	Tracking 1939570 as yet unmatched pairs. 1845406 records in RAM.
INFO	2024-09-09 19:30:18	MarkDuplicates	Read    12,000,000 records.  Elapsed time: 00:00:57s.  Time for last 1,000,000:    6s.  Last read position: chr2:98,667,102
INFO	2024-09-09 19:30:18	MarkDuplicates	Tracking 1788988 as yet unmatched pairs. 1689059 records in RAM.
INFO	2024-09-09 19:30:21	MarkDuplicates	Read    13,000,000 records.  Elapsed time: 00:01:01s.  Time for last 1,000,000:    3s.  Last read position: chr2:98,667,133
INFO	2024-09-09 19:30:21	MarkDuplicates	Tracking 1500893 as yet unmatched pairs. 1393244 records in RAM.
INFO	2024-09-09 19:30:28	MarkDuplicates	Read    14,000,000 records.  Elapsed time: 00:01:08s.  Time for last 1,000,000:    6s.  Last read position: chr2:98,667,166
INFO	2024-09-09 19:30:28	MarkDuplicates	Tracking 768859 as yet unmatched pairs. 658012 records in RAM.
INFO	2024-09-09 19:30:37	MarkDuplicates	Read    15,000,000 records.  Elapsed time: 00:01:16s.  Time for last 1,000,000:    8s.  Last read position: chr2:167,535,771
INFO	2024-09-09 19:30:37	MarkDuplicates	Tracking 128538 as yet unmatched pairs. 578 records in RAM.
INFO	2024-09-09 19:30:41	MarkDuplicates	Read    16,000,000 records.  Elapsed time: 00:01:20s.  Time for last 1,000,000:    4s.  Last read position: chr4:87,627,855
INFO	2024-09-09 19:30:41	MarkDuplicates	Tracking 164678 as yet unmatched pairs. 4457 records in RAM.
INFO	2024-09-09 19:30:45	MarkDuplicates	Read    17,000,000 records.  Elapsed time: 00:01:24s.  Time for last 1,000,000:    3s.  Last read position: chr6:15,779,624
INFO	2024-09-09 19:30:45	MarkDuplicates	Tracking 191746 as yet unmatched pairs. 10781 records in RAM.
INFO	2024-09-09 19:30:49	MarkDuplicates	Read    18,000,000 records.  Elapsed time: 00:01:28s.  Time for last 1,000,000:    3s.  Last read position: chr7:90,762,613
INFO	2024-09-09 19:30:49	MarkDuplicates	Tracking 205274 as yet unmatched pairs. 5436 records in RAM.
INFO	2024-09-09 19:30:54	MarkDuplicates	Read    19,000,000 records.  Elapsed time: 00:01:33s.  Time for last 1,000,000:    4s.  Last read position: chr9:3,000,168
INFO	2024-09-09 19:30:54	MarkDuplicates	Tracking 220905 as yet unmatched pairs. 41695 records in RAM.
INFO	2024-09-09 19:30:57	MarkDuplicates	Read    20,000,000 records.  Elapsed time: 00:01:36s.  Time for last 1,000,000:    3s.  Last read position: chr9:3,020,460
INFO	2024-09-09 19:30:57	MarkDuplicates	Tracking 218826 as yet unmatched pairs. 35447 records in RAM.
INFO	2024-09-09 19:31:03	MarkDuplicates	Read    21,000,000 records.  Elapsed time: 00:01:42s.  Time for last 1,000,000:    5s.  Last read position: chr9:35,305,311
INFO	2024-09-09 19:31:03	MarkDuplicates	Tracking 408493 as yet unmatched pairs. 218040 records in RAM.
INFO	2024-09-09 19:31:06	MarkDuplicates	Read    22,000,000 records.  Elapsed time: 00:01:46s.  Time for last 1,000,000:    3s.  Last read position: chr10:31,863,015
INFO	2024-09-09 19:31:06	MarkDuplicates	Tracking 203418 as yet unmatched pairs. 13663 records in RAM.
INFO	2024-09-09 19:31:10	MarkDuplicates	Read    23,000,000 records.  Elapsed time: 00:01:50s.  Time for last 1,000,000:    3s.  Last read position: chr12:3,109,872
INFO	2024-09-09 19:31:10	MarkDuplicates	Tracking 223302 as yet unmatched pairs. 57572 records in RAM.
INFO	2024-09-09 19:31:16	MarkDuplicates	Read    24,000,000 records.  Elapsed time: 00:01:56s.  Time for last 1,000,000:    5s.  Last read position: chr12:3,109,973
INFO	2024-09-09 19:31:16	MarkDuplicates	Tracking 238146 as yet unmatched pairs. 69133 records in RAM.
INFO	2024-09-09 19:31:20	MarkDuplicates	Read    25,000,000 records.  Elapsed time: 00:02:00s.  Time for last 1,000,000:    4s.  Last read position: chr14:4,736,156
INFO	2024-09-09 19:31:20	MarkDuplicates	Tracking 165692 as yet unmatched pairs. 40226 records in RAM.
INFO	2024-09-09 19:31:24	MarkDuplicates	Read    26,000,000 records.  Elapsed time: 00:02:03s.  Time for last 1,000,000:    3s.  Last read position: chr14:19,417,994
INFO	2024-09-09 19:31:24	MarkDuplicates	Tracking 175768 as yet unmatched pairs. 46599 records in RAM.
INFO	2024-09-09 19:31:28	MarkDuplicates	Read    27,000,000 records.  Elapsed time: 00:02:07s.  Time for last 1,000,000:    3s.  Last read position: chr15:73,624,896
INFO	2024-09-09 19:31:28	MarkDuplicates	Tracking 127014 as yet unmatched pairs. 7454 records in RAM.
INFO	2024-09-09 19:31:38	MarkDuplicates	Read    28,000,000 records.  Elapsed time: 00:02:17s.  Time for last 1,000,000:   10s.  Last read position: chr18:15,629,495
INFO	2024-09-09 19:31:38	MarkDuplicates	Tracking 85030 as yet unmatched pairs. 15969 records in RAM.
INFO	2024-09-09 19:31:42	MarkDuplicates	Read    29,000,000 records.  Elapsed time: 00:02:22s.  Time for last 1,000,000:    4s.  Last read position: chrY:34,151,884
INFO	2024-09-09 19:31:42	MarkDuplicates	Tracking 34072 as yet unmatched pairs. 5179 records in RAM.
INFO	2024-09-09 19:31:48	MarkDuplicates	Read    30,000,000 records.  Elapsed time: 00:02:27s.  Time for last 1,000,000:    5s.  Last read position: chrUn_JH584304:108,085
INFO	2024-09-09 19:31:48	MarkDuplicates	Tracking 4390 as yet unmatched pairs. 4390 records in RAM.
INFO	2024-09-09 19:31:49	MarkDuplicates	Read 30143956 records. 0 pairs never matched.
INFO	2024-09-09 19:31:50	MarkDuplicates	After buildSortedReadEndLists freeMemory: 1662058424; totalMemory: 1674575872; maxMemory: 1908932608
INFO	2024-09-09 19:31:50	MarkDuplicates	Will retain up to 59654144 duplicate indices before spilling to disk.
INFO	2024-09-09 19:31:50	MarkDuplicates	Traversing read pair information and detecting duplicates.
INFO	2024-09-09 19:31:58	MarkDuplicates	Traversing fragment information and detecting duplicates.
INFO	2024-09-09 19:32:04	MarkDuplicates	Sorting list of duplicate records.
INFO	2024-09-09 19:32:06	MarkDuplicates	After generateDuplicateIndexes freeMemory: 1175390424; totalMemory: 1667760128; maxMemory: 1908932608
INFO	2024-09-09 19:32:06	MarkDuplicates	Marking 16495380 records as duplicates.
INFO	2024-09-09 19:32:06	MarkDuplicates	Found 283357 optical duplicate clusters.
INFO	2024-09-09 19:32:06	MarkDuplicates	Reads are assumed to be ordered by: coordinate
INFO	2024-09-09 19:33:33	MarkDuplicates	Written    10,000,000 records.  Elapsed time: 00:01:27s.  Time for last 10,000,000:   87s.  Last read position: chr2:98,667,052
INFO	2024-09-09 19:35:07	MarkDuplicates	Written    20,000,000 records.  Elapsed time: 00:03:01s.  Time for last 10,000,000:   94s.  Last read position: chr9:3,020,460
INFO	2024-09-09 19:36:38	MarkDuplicates	Written    30,000,000 records.  Elapsed time: 00:04:32s.  Time for last 10,000,000:   90s.  Last read position: chrUn_JH584304:108,085
INFO	2024-09-09 19:36:39	MarkDuplicates	Writing complete. Closing input iterator.
INFO	2024-09-09 19:36:39	MarkDuplicates	Duplicate Index cleanup.
INFO	2024-09-09 19:36:39	MarkDuplicates	Getting Memory Stats.
INFO	2024-09-09 19:36:40	MarkDuplicates	Before output close freeMemory: 1817802776; totalMemory: 1836580864; maxMemory: 1908932608
INFO	2024-09-09 19:36:40	MarkDuplicates	Closed outputs. Getting more Memory Stats.
INFO	2024-09-09 19:36:40	MarkDuplicates	After output close freeMemory: 1817802776; totalMemory: 1836580864; maxMemory: 1908932608
[Mon Sep 09 19:36:40 CEST 2024] picard.sam.markduplicates.MarkDuplicates done. Elapsed time: 7.34 minutes.
Runtime.totalMemory()=1836580864
[sam grooming] finished successfully at [Mon Sep 9 07:36:51 PM CEST 2024]
[trueStats] Collecting alignment statistics for E14_D0_DnmtTKO_Tir_input_ChIP_TU71.bam at [Mon Sep 9 07:37:52 PM CEST 2024]
[bamToWigCPMsmoothKeepDup] Started with bin size: 1 and smoothing over 0 bp and KEEPING DUPLICATES at [Mon Sep 9 07:41:12 PM CEST 2024]
There are 29492423 alignments, of which 18347271 are completely within a blacklist region.
Due to filtering, 70.26045383544349% of the aforementioned alignments will be used 7830634.375850006
[bamToWigCPMsmoothKeepDup] finished successfully at [Mon Sep 9 07:53:12 PM CEST 2024]
[file cleanup] started. Good job! at [Mon Sep 9 07:53:12 PM CEST 2024]
cp: cannot stat '*.pdf': No such file or directory
mv: cannot stat '*.bed': No such file or directory
mv: preserving times for '/data/bigWigs/E14_D0_DnmtTKO_Tir_input_ChIP_TU71_trimV5_mm10_kpDup_q10_b1_s0_CPM.bw': Operation not permitted
mv: preserving permissions for ‘/data/bigWigs/E14_D0_DnmtTKO_Tir_input_ChIP_TU71_trimV5_mm10_kpDup_q10_b1_s0_CPM.bw’: Operation not permitted
mv: preserving times for '/data/bams/E14_D0_DnmtTKO_Tir_input_ChIP_TU71_trimV5_mm10.bam': Operation not permitted
mv: preserving permissions for ‘/data/bams/E14_D0_DnmtTKO_Tir_input_ChIP_TU71_trimV5_mm10.bam’: Operation not permitted
mv: preserving times for '/data/bams/E14_D0_DnmtTKO_Tir_input_ChIP_TU71_trimV5_mm10.bam.bai': Operation not permitted
mv: preserving permissions for ‘/data/bams/E14_D0_DnmtTKO_Tir_input_ChIP_TU71_trimV5_mm10.bam.bai’: Operation not permitted
mv: cannot stat '*.gtf': No such file or directory
