SCRATCH: /scratch
ls: cannot access '/data/fastq/CD1_E12.5_brain_L3mbtl3_KO_RNA_Ilnytskyy2021_rep1_GSM5416464*_R2.fastq.gz': No such file or directory
[masterDownload] Data are single-end. at [Fri Aug 30 04:59:58 PM CEST 2024]
[checkDependencies] Checking Dependencies [Fri Aug 30 04:59:58 PM CEST 2024] at [Fri Aug 30 04:59:58 PM CEST 2024]
[setup checkDependencies] trimmomatic... at [Fri Aug 30 04:59:58 PM CEST 2024]
[setup checkDependencies] STAR... at [Fri Aug 30 04:59:58 PM CEST 2024]
[setup checkDependencies] bismark... at [Fri Aug 30 04:59:58 PM CEST 2024]
[setup checkDependencies] bowtie2... at [Fri Aug 30 04:59:58 PM CEST 2024]
[setup checkDependencies] samtools... at [Fri Aug 30 04:59:58 PM CEST 2024]
[setup checkDependencies] picard... at [Fri Aug 30 04:59:58 PM CEST 2024]
[setup checkDependencies] awk... at [Fri Aug 30 04:59:58 PM CEST 2024]
[setup checkDependencies] bamCoverage... at [Fri Aug 30 04:59:58 PM CEST 2024]
[setup checkDependencies] fastqc... at [Fri Aug 30 04:59:58 PM CEST 2024]
[setup checkDependencies] fastq_screen... at [Fri Aug 30 04:59:58 PM CEST 2024]
[setup checkDependencies] stringtie... at [Fri Aug 30 04:59:58 PM CEST 2024]
[setup checkDependencies] clumpify.sh... at [Fri Aug 30 04:59:58 PM CEST 2024]
PAIRED: false
[setUpLogFile] Script started at [Fri Aug 30 04:59:58 PM CEST 2024] at [Fri Aug 30 04:59:58 PM CEST 2024]
[fastQC] started on raw FASTQs at [Fri Aug 30 04:59:58 PM CEST 2024]
Started analysis of CD1_E12.5_brain_L3mbtl3_KO_RNA_Ilnytskyy2021_rep1_GSM5416464_raw.fastq.gz
Approx 5% complete for CD1_E12.5_brain_L3mbtl3_KO_RNA_Ilnytskyy2021_rep1_GSM5416464_raw.fastq.gz
Approx 10% complete for CD1_E12.5_brain_L3mbtl3_KO_RNA_Ilnytskyy2021_rep1_GSM5416464_raw.fastq.gz
Approx 15% complete for CD1_E12.5_brain_L3mbtl3_KO_RNA_Ilnytskyy2021_rep1_GSM5416464_raw.fastq.gz
Approx 20% complete for CD1_E12.5_brain_L3mbtl3_KO_RNA_Ilnytskyy2021_rep1_GSM5416464_raw.fastq.gz
Approx 25% complete for CD1_E12.5_brain_L3mbtl3_KO_RNA_Ilnytskyy2021_rep1_GSM5416464_raw.fastq.gz
Approx 30% complete for CD1_E12.5_brain_L3mbtl3_KO_RNA_Ilnytskyy2021_rep1_GSM5416464_raw.fastq.gz
Approx 35% complete for CD1_E12.5_brain_L3mbtl3_KO_RNA_Ilnytskyy2021_rep1_GSM5416464_raw.fastq.gz
Approx 40% complete for CD1_E12.5_brain_L3mbtl3_KO_RNA_Ilnytskyy2021_rep1_GSM5416464_raw.fastq.gz
Approx 45% complete for CD1_E12.5_brain_L3mbtl3_KO_RNA_Ilnytskyy2021_rep1_GSM5416464_raw.fastq.gz
Approx 50% complete for CD1_E12.5_brain_L3mbtl3_KO_RNA_Ilnytskyy2021_rep1_GSM5416464_raw.fastq.gz
Approx 55% complete for CD1_E12.5_brain_L3mbtl3_KO_RNA_Ilnytskyy2021_rep1_GSM5416464_raw.fastq.gz
Approx 60% complete for CD1_E12.5_brain_L3mbtl3_KO_RNA_Ilnytskyy2021_rep1_GSM5416464_raw.fastq.gz
Approx 65% complete for CD1_E12.5_brain_L3mbtl3_KO_RNA_Ilnytskyy2021_rep1_GSM5416464_raw.fastq.gz
Approx 70% complete for CD1_E12.5_brain_L3mbtl3_KO_RNA_Ilnytskyy2021_rep1_GSM5416464_raw.fastq.gz
Approx 75% complete for CD1_E12.5_brain_L3mbtl3_KO_RNA_Ilnytskyy2021_rep1_GSM5416464_raw.fastq.gz
Approx 80% complete for CD1_E12.5_brain_L3mbtl3_KO_RNA_Ilnytskyy2021_rep1_GSM5416464_raw.fastq.gz
Approx 85% complete for CD1_E12.5_brain_L3mbtl3_KO_RNA_Ilnytskyy2021_rep1_GSM5416464_raw.fastq.gz
Approx 90% complete for CD1_E12.5_brain_L3mbtl3_KO_RNA_Ilnytskyy2021_rep1_GSM5416464_raw.fastq.gz
Approx 95% complete for CD1_E12.5_brain_L3mbtl3_KO_RNA_Ilnytskyy2021_rep1_GSM5416464_raw.fastq.gz
Analysis complete for CD1_E12.5_brain_L3mbtl3_KO_RNA_Ilnytskyy2021_rep1_GSM5416464_raw.fastq.gz
[fastQC] on raw FASTQs finished succesfully. Will remove PCR duplicates now at [Fri Aug 30 05:02:24 PM CEST 2024]
Reads are length: 75 at [Fri Aug 30 05:02:24 PM CEST 2024]
Reads with same sequence 1 or fewer substitutions will be marked as PCR duplicates at [Fri Aug 30 05:02:24 PM CEST 2024]
Removal of PCR duplicates complete! at [Fri Aug 30 05:14:37 PM CEST 2024]
[trimReads] Started using version trimV5 parameters at [Fri Aug 30 05:14:37 PM CEST 2024]
ILLUMINACLIP:/data/reference_genomes/adapters/adapters.fa:2:30:10 SLIDINGWINDOW:4:20 MINLEN:24
[trimReads] Trimming CD1_E12.5_brain_L3mbtl3_KO_RNA_Ilnytskyy2021_rep1_GSM5416464.fastq.gz... at [Fri Aug 30 05:14:37 PM CEST 2024]
[trimReads] Finished successfully at [Fri Aug 30 05:17:26 PM CEST 2024]
[fastQC] started on CD1_E12.5_brain_L3mbtl3_KO_RNA_Ilnytskyy2021_rep1_GSM5416464.fastq.gz CD1_E12.5_brain_L3mbtl3_KO_RNA_Ilnytskyy2021_rep1_GSM5416464_trimV5.fastq.gz at [Fri Aug 30 05:17:26 PM CEST 2024]
Started analysis of CD1_E12.5_brain_L3mbtl3_KO_RNA_Ilnytskyy2021_rep1_GSM5416464.fastq.gz
Started analysis of CD1_E12.5_brain_L3mbtl3_KO_RNA_Ilnytskyy2021_rep1_GSM5416464_trimV5.fastq.gz
Approx 5% complete for CD1_E12.5_brain_L3mbtl3_KO_RNA_Ilnytskyy2021_rep1_GSM5416464.fastq.gz
Approx 5% complete for CD1_E12.5_brain_L3mbtl3_KO_RNA_Ilnytskyy2021_rep1_GSM5416464_trimV5.fastq.gz
Approx 10% complete for CD1_E12.5_brain_L3mbtl3_KO_RNA_Ilnytskyy2021_rep1_GSM5416464.fastq.gz
Approx 10% complete for CD1_E12.5_brain_L3mbtl3_KO_RNA_Ilnytskyy2021_rep1_GSM5416464_trimV5.fastq.gz
Approx 15% complete for CD1_E12.5_brain_L3mbtl3_KO_RNA_Ilnytskyy2021_rep1_GSM5416464_trimV5.fastq.gz
Approx 15% complete for CD1_E12.5_brain_L3mbtl3_KO_RNA_Ilnytskyy2021_rep1_GSM5416464.fastq.gz
Approx 20% complete for CD1_E12.5_brain_L3mbtl3_KO_RNA_Ilnytskyy2021_rep1_GSM5416464_trimV5.fastq.gz
Approx 20% complete for CD1_E12.5_brain_L3mbtl3_KO_RNA_Ilnytskyy2021_rep1_GSM5416464.fastq.gz
Approx 25% complete for CD1_E12.5_brain_L3mbtl3_KO_RNA_Ilnytskyy2021_rep1_GSM5416464_trimV5.fastq.gz
Approx 25% complete for CD1_E12.5_brain_L3mbtl3_KO_RNA_Ilnytskyy2021_rep1_GSM5416464.fastq.gz
Approx 30% complete for CD1_E12.5_brain_L3mbtl3_KO_RNA_Ilnytskyy2021_rep1_GSM5416464_trimV5.fastq.gz
Approx 30% complete for CD1_E12.5_brain_L3mbtl3_KO_RNA_Ilnytskyy2021_rep1_GSM5416464.fastq.gz
Approx 35% complete for CD1_E12.5_brain_L3mbtl3_KO_RNA_Ilnytskyy2021_rep1_GSM5416464_trimV5.fastq.gz
Approx 35% complete for CD1_E12.5_brain_L3mbtl3_KO_RNA_Ilnytskyy2021_rep1_GSM5416464.fastq.gz
Approx 40% complete for CD1_E12.5_brain_L3mbtl3_KO_RNA_Ilnytskyy2021_rep1_GSM5416464_trimV5.fastq.gz
Approx 40% complete for CD1_E12.5_brain_L3mbtl3_KO_RNA_Ilnytskyy2021_rep1_GSM5416464.fastq.gz
Approx 45% complete for CD1_E12.5_brain_L3mbtl3_KO_RNA_Ilnytskyy2021_rep1_GSM5416464_trimV5.fastq.gz
Approx 45% complete for CD1_E12.5_brain_L3mbtl3_KO_RNA_Ilnytskyy2021_rep1_GSM5416464.fastq.gz
Approx 50% complete for CD1_E12.5_brain_L3mbtl3_KO_RNA_Ilnytskyy2021_rep1_GSM5416464_trimV5.fastq.gz
Approx 50% complete for CD1_E12.5_brain_L3mbtl3_KO_RNA_Ilnytskyy2021_rep1_GSM5416464.fastq.gz
Approx 55% complete for CD1_E12.5_brain_L3mbtl3_KO_RNA_Ilnytskyy2021_rep1_GSM5416464_trimV5.fastq.gz
Approx 55% complete for CD1_E12.5_brain_L3mbtl3_KO_RNA_Ilnytskyy2021_rep1_GSM5416464.fastq.gz
Approx 60% complete for CD1_E12.5_brain_L3mbtl3_KO_RNA_Ilnytskyy2021_rep1_GSM5416464_trimV5.fastq.gz
Approx 60% complete for CD1_E12.5_brain_L3mbtl3_KO_RNA_Ilnytskyy2021_rep1_GSM5416464.fastq.gz
Approx 65% complete for CD1_E12.5_brain_L3mbtl3_KO_RNA_Ilnytskyy2021_rep1_GSM5416464_trimV5.fastq.gz
Approx 65% complete for CD1_E12.5_brain_L3mbtl3_KO_RNA_Ilnytskyy2021_rep1_GSM5416464.fastq.gz
Approx 70% complete for CD1_E12.5_brain_L3mbtl3_KO_RNA_Ilnytskyy2021_rep1_GSM5416464_trimV5.fastq.gz
Approx 70% complete for CD1_E12.5_brain_L3mbtl3_KO_RNA_Ilnytskyy2021_rep1_GSM5416464.fastq.gz
Approx 75% complete for CD1_E12.5_brain_L3mbtl3_KO_RNA_Ilnytskyy2021_rep1_GSM5416464_trimV5.fastq.gz
Approx 75% complete for CD1_E12.5_brain_L3mbtl3_KO_RNA_Ilnytskyy2021_rep1_GSM5416464.fastq.gz
Approx 80% complete for CD1_E12.5_brain_L3mbtl3_KO_RNA_Ilnytskyy2021_rep1_GSM5416464_trimV5.fastq.gz
Approx 80% complete for CD1_E12.5_brain_L3mbtl3_KO_RNA_Ilnytskyy2021_rep1_GSM5416464.fastq.gz
Approx 85% complete for CD1_E12.5_brain_L3mbtl3_KO_RNA_Ilnytskyy2021_rep1_GSM5416464_trimV5.fastq.gz
Approx 85% complete for CD1_E12.5_brain_L3mbtl3_KO_RNA_Ilnytskyy2021_rep1_GSM5416464.fastq.gz
Approx 90% complete for CD1_E12.5_brain_L3mbtl3_KO_RNA_Ilnytskyy2021_rep1_GSM5416464_trimV5.fastq.gz
Approx 90% complete for CD1_E12.5_brain_L3mbtl3_KO_RNA_Ilnytskyy2021_rep1_GSM5416464.fastq.gz
Approx 95% complete for CD1_E12.5_brain_L3mbtl3_KO_RNA_Ilnytskyy2021_rep1_GSM5416464_trimV5.fastq.gz
Approx 95% complete for CD1_E12.5_brain_L3mbtl3_KO_RNA_Ilnytskyy2021_rep1_GSM5416464.fastq.gz
Analysis complete for CD1_E12.5_brain_L3mbtl3_KO_RNA_Ilnytskyy2021_rep1_GSM5416464_trimV5.fastq.gz
Analysis complete for CD1_E12.5_brain_L3mbtl3_KO_RNA_Ilnytskyy2021_rep1_GSM5416464.fastq.gz
[fastQC] finished succesfully at [Fri Aug 30 05:18:35 PM CEST 2024]
[fastqScreen] started on CD1_E12.5_brain_L3mbtl3_KO_RNA_Ilnytskyy2021_rep1_GSM5416464_trimV5.fastq.gz at [Fri Aug 30 05:18:35 PM CEST 2024]
Using fastq_screen v0.15.1
Couldn't find fastq_screen.conf at '/home/robin/bin/miniconda3/share/fastq-screen-0.15.2-0/fastq_screen.conf'
[fastqScreen] finished successfully at [Fri Aug 30 05:18:35 PM CEST 2024]
[STAR alignment] started with reference /data/reference_genomes/mm10 at [Fri Aug 30 05:18:35 PM CEST 2024]
	STAR --runMode alignReads --genomeDir /data/reference_genomes/mm10 --runThreadN 12 --limitBAMsortRAM 4G --readFilesCommand zcat --readFilesIn CD1_E12.5_brain_L3mbtl3_KO_RNA_Ilnytskyy2021_rep1_GSM5416464_trimV5.fastq.gz --outFilterType BySJout --outSAMtype SAM
	STAR version: 2.7.9a   compiled: 2021-05-04T09:43:56-0400 vega:/home/dobin/data/STAR/STARcode/STAR.master/source
Aug 30 17:18:36 ..... started STAR run
Aug 30 17:18:36 ..... loading genome
Aug 30 17:19:34 ..... started mapping
Aug 30 17:20:58 ..... finished mapping
Aug 30 17:20:58 ..... finished successfully
[STAR alignment] finished successfully at [Fri Aug 30 05:21:00 PM CEST 2024]
[sam grooming] started at [Fri Aug 30 05:21:23 PM CEST 2024]
17:21:24.595 INFO  NativeLibraryLoader - Loading libgkl_compression.so from jar:file:/home/robin/bin/miniconda3/share/picard-2.26.2-0/picard.jar!/com/intel/gkl/native/libgkl_compression.so
[Fri Aug 30 17:21:24 CEST 2024] CleanSam --INPUT CD1_E12.5_brain_L3mbtl3_KO_RNA_Ilnytskyy2021_rep1_GSM5416464_raw.sam --OUTPUT CD1_E12.5_brain_L3mbtl3_KO_RNA_Ilnytskyy2021_rep1_GSM5416464_cleaned.sam --TMP_DIR . --VERBOSITY INFO --QUIET false --VALIDATION_STRINGENCY STRICT --COMPRESSION_LEVEL 5 --MAX_RECORDS_IN_RAM 500000 --CREATE_INDEX false --CREATE_MD5_FILE false --GA4GH_CLIENT_SECRETS client_secrets.json --help false --version false --showHidden false --USE_JDK_DEFLATER false --USE_JDK_INFLATER false
[Fri Aug 30 17:21:24 CEST 2024] Executing as robin@epipax.ijm.univ-paris-diderot.priv on Linux 6.1.0-23-amd64 amd64; OpenJDK 64-Bit Server VM 1.8.0_332-b09; Deflater: Intel; Inflater: Intel; Provider GCS is not available; Picard version: Version:2.26.2
INFO	2024-08-30 17:21:24	CleanSam	Seen many non-increasing record positions. Printing Read-names as well.
INFO	2024-08-30 17:21:29	CleanSam	Processed     1,000,000 records.  Elapsed time: 00:00:04s.  Time for last 1,000,000:    4s.  Last read position: chr7:25,404,943.  Last read name: SRR15034345.15461044
INFO	2024-08-30 17:21:33	CleanSam	Processed     2,000,000 records.  Elapsed time: 00:00:08s.  Time for last 1,000,000:    4s.  Last read position: chr11:119,427,511.  Last read name: SRR15034345.9470500
INFO	2024-08-30 17:21:37	CleanSam	Processed     3,000,000 records.  Elapsed time: 00:00:12s.  Time for last 1,000,000:    3s.  Last read position: chr17:24,234,433.  Last read name: SRR15034345.26045042
INFO	2024-08-30 17:21:41	CleanSam	Processed     4,000,000 records.  Elapsed time: 00:00:16s.  Time for last 1,000,000:    3s.  Last read position: chr17:56,064,010.  Last read name: SRR15034345.17654205
INFO	2024-08-30 17:21:45	CleanSam	Processed     5,000,000 records.  Elapsed time: 00:00:20s.  Time for last 1,000,000:    4s.  Last read position: chr5:131,307,039.  Last read name: SRR15034345.23665288
INFO	2024-08-30 17:21:49	CleanSam	Processed     6,000,000 records.  Elapsed time: 00:00:24s.  Time for last 1,000,000:    3s.  Last read position: chr4:32,645,388.  Last read name: SRR15034345.23317806
INFO	2024-08-30 17:21:53	CleanSam	Processed     7,000,000 records.  Elapsed time: 00:00:28s.  Time for last 1,000,000:    4s.  Last read position: chrX:134,606,083.  Last read name: SRR15034345.21418973
INFO	2024-08-30 17:21:57	CleanSam	Processed     8,000,000 records.  Elapsed time: 00:00:32s.  Time for last 1,000,000:    4s.  Last read position: chr10:128,327,124.  Last read name: SRR15034345.5693312
INFO	2024-08-30 17:22:01	CleanSam	Processed     9,000,000 records.  Elapsed time: 00:00:36s.  Time for last 1,000,000:    3s.  Last read position: chr6:87,999,189.  Last read name: SRR15034345.22168181
INFO	2024-08-30 17:22:05	CleanSam	Processed    10,000,000 records.  Elapsed time: 00:00:40s.  Time for last 1,000,000:    4s.  Last read position: chr10:41,251,760.  Last read name: SRR15034345.14507332
INFO	2024-08-30 17:22:09	CleanSam	Processed    11,000,000 records.  Elapsed time: 00:00:44s.  Time for last 1,000,000:    4s.  Last read position: chr8:52,018,148.  Last read name: SRR15034345.28031306
INFO	2024-08-30 17:22:13	CleanSam	Processed    12,000,000 records.  Elapsed time: 00:00:48s.  Time for last 1,000,000:    3s.  Last read position: chr11:93,880,077.  Last read name: SRR15034345.5737960
INFO	2024-08-30 17:22:17	CleanSam	Processed    13,000,000 records.  Elapsed time: 00:00:52s.  Time for last 1,000,000:    3s.  Last read position: chr4:82,488,478.  Last read name: SRR15034345.25769422
INFO	2024-08-30 17:22:21	CleanSam	Processed    14,000,000 records.  Elapsed time: 00:00:56s.  Time for last 1,000,000:    3s.  Last read position: chr18:80,222,776.  Last read name: SRR15034345.2692633
INFO	2024-08-30 17:22:25	CleanSam	Processed    15,000,000 records.  Elapsed time: 00:01:00s.  Time for last 1,000,000:    3s.  Last read position: chr8:123,073,872.  Last read name: SRR15034345.17692904
[Fri Aug 30 17:22:30 CEST 2024] picard.sam.CleanSam done. Elapsed time: 1.09 minutes.
Runtime.totalMemory()=616038400
17:22:31.605 INFO  NativeLibraryLoader - Loading libgkl_compression.so from jar:file:/home/robin/bin/miniconda3/share/picard-2.26.2-0/picard.jar!/com/intel/gkl/native/libgkl_compression.so
[Fri Aug 30 17:22:31 CEST 2024] SamFormatConverter --INPUT CD1_E12.5_brain_L3mbtl3_KO_RNA_Ilnytskyy2021_rep1_GSM5416464_cleaned.sam --OUTPUT CD1_E12.5_brain_L3mbtl3_KO_RNA_Ilnytskyy2021_rep1_GSM5416464_unsorted.bam --TMP_DIR . --VERBOSITY INFO --QUIET false --VALIDATION_STRINGENCY STRICT --COMPRESSION_LEVEL 5 --MAX_RECORDS_IN_RAM 500000 --CREATE_INDEX false --CREATE_MD5_FILE false --GA4GH_CLIENT_SECRETS client_secrets.json --help false --version false --showHidden false --USE_JDK_DEFLATER false --USE_JDK_INFLATER false
[Fri Aug 30 17:22:31 CEST 2024] Executing as robin@epipax.ijm.univ-paris-diderot.priv on Linux 6.1.0-23-amd64 amd64; OpenJDK 64-Bit Server VM 1.8.0_332-b09; Deflater: Intel; Inflater: Intel; Provider GCS is not available; Picard version: Version:2.26.2
INFO	2024-08-30 17:22:32	SamFormatConverter	Seen many non-increasing record positions. Printing Read-names as well.
INFO	2024-08-30 17:22:39	SamFormatConverter	Processed     1,000,000 records.  Elapsed time: 00:00:07s.  Time for last 1,000,000:    7s.  Last read position: chr7:25,404,943.  Last read name: SRR15034345.15461044
INFO	2024-08-30 17:22:47	SamFormatConverter	Processed     2,000,000 records.  Elapsed time: 00:00:15s.  Time for last 1,000,000:    7s.  Last read position: chr11:119,427,511.  Last read name: SRR15034345.9470500
INFO	2024-08-30 17:22:54	SamFormatConverter	Processed     3,000,000 records.  Elapsed time: 00:00:21s.  Time for last 1,000,000:    6s.  Last read position: chr17:24,234,433.  Last read name: SRR15034345.26045042
INFO	2024-08-30 17:23:00	SamFormatConverter	Processed     4,000,000 records.  Elapsed time: 00:00:28s.  Time for last 1,000,000:    6s.  Last read position: chr17:56,064,010.  Last read name: SRR15034345.17654205
INFO	2024-08-30 17:23:07	SamFormatConverter	Processed     5,000,000 records.  Elapsed time: 00:00:35s.  Time for last 1,000,000:    7s.  Last read position: chr5:131,307,039.  Last read name: SRR15034345.23665288
INFO	2024-08-30 17:23:14	SamFormatConverter	Processed     6,000,000 records.  Elapsed time: 00:00:42s.  Time for last 1,000,000:    6s.  Last read position: chr4:32,645,388.  Last read name: SRR15034345.23317806
INFO	2024-08-30 17:23:21	SamFormatConverter	Processed     7,000,000 records.  Elapsed time: 00:00:49s.  Time for last 1,000,000:    6s.  Last read position: chrX:134,606,083.  Last read name: SRR15034345.21418973
INFO	2024-08-30 17:23:28	SamFormatConverter	Processed     8,000,000 records.  Elapsed time: 00:00:56s.  Time for last 1,000,000:    6s.  Last read position: chr10:128,327,124.  Last read name: SRR15034345.5693312
INFO	2024-08-30 17:23:34	SamFormatConverter	Processed     9,000,000 records.  Elapsed time: 00:01:02s.  Time for last 1,000,000:    6s.  Last read position: chr6:87,999,189.  Last read name: SRR15034345.22168181
INFO	2024-08-30 17:23:41	SamFormatConverter	Processed    10,000,000 records.  Elapsed time: 00:01:09s.  Time for last 1,000,000:    6s.  Last read position: chr10:41,251,760.  Last read name: SRR15034345.14507332
INFO	2024-08-30 17:23:48	SamFormatConverter	Processed    11,000,000 records.  Elapsed time: 00:01:16s.  Time for last 1,000,000:    6s.  Last read position: chr8:52,018,148.  Last read name: SRR15034345.28031306
INFO	2024-08-30 17:23:54	SamFormatConverter	Processed    12,000,000 records.  Elapsed time: 00:01:22s.  Time for last 1,000,000:    6s.  Last read position: chr11:93,880,077.  Last read name: SRR15034345.5737960
INFO	2024-08-30 17:24:02	SamFormatConverter	Processed    13,000,000 records.  Elapsed time: 00:01:30s.  Time for last 1,000,000:    7s.  Last read position: chr4:82,488,478.  Last read name: SRR15034345.25769422
INFO	2024-08-30 17:24:09	SamFormatConverter	Processed    14,000,000 records.  Elapsed time: 00:01:37s.  Time for last 1,000,000:    7s.  Last read position: chr18:80,222,776.  Last read name: SRR15034345.2692633
INFO	2024-08-30 17:24:17	SamFormatConverter	Processed    15,000,000 records.  Elapsed time: 00:01:45s.  Time for last 1,000,000:    7s.  Last read position: chr8:123,073,872.  Last read name: SRR15034345.17692904
[Fri Aug 30 17:24:19 CEST 2024] picard.sam.SamFormatConverter done. Elapsed time: 1.80 minutes.
Runtime.totalMemory()=713555968
17:24:20.950 INFO  NativeLibraryLoader - Loading libgkl_compression.so from jar:file:/home/robin/bin/miniconda3/share/picard-2.26.2-0/picard.jar!/com/intel/gkl/native/libgkl_compression.so
[Fri Aug 30 17:24:21 CEST 2024] SortSam --INPUT CD1_E12.5_brain_L3mbtl3_KO_RNA_Ilnytskyy2021_rep1_GSM5416464_unsorted.bam --OUTPUT CD1_E12.5_brain_L3mbtl3_KO_RNA_Ilnytskyy2021_rep1_GSM5416464_sorted.bam --SORT_ORDER coordinate --TMP_DIR . --VERBOSITY INFO --QUIET false --VALIDATION_STRINGENCY STRICT --COMPRESSION_LEVEL 5 --MAX_RECORDS_IN_RAM 500000 --CREATE_INDEX false --CREATE_MD5_FILE false --GA4GH_CLIENT_SECRETS client_secrets.json --help false --version false --showHidden false --USE_JDK_DEFLATER false --USE_JDK_INFLATER false
[Fri Aug 30 17:24:21 CEST 2024] Executing as robin@epipax.ijm.univ-paris-diderot.priv on Linux 6.1.0-23-amd64 amd64; OpenJDK 64-Bit Server VM 1.8.0_332-b09; Deflater: Intel; Inflater: Intel; Provider GCS is not available; Picard version: Version:2.26.2
INFO	2024-08-30 17:24:21	SortSam	Seen many non-increasing record positions. Printing Read-names as well.
INFO	2024-08-30 17:25:06	SortSam	Read    10,000,000 records.  Elapsed time: 00:00:45s.  Time for last 10,000,000:   45s.  Last read position: chr10:41,251,760.  Last read name: SRR15034345.14507332
INFO	2024-08-30 17:25:45	SortSam	Finished reading inputs, merging and writing to output now.
INFO	2024-08-30 17:26:25	SortSam	Wrote    10,000,000 records from a sorting collection.  Elapsed time: 00:02:04s.  Time for last 10,000,000:   39s.  Last read position: chr4:132,909,643
[Fri Aug 30 17:26:46 CEST 2024] picard.sam.SortSam done. Elapsed time: 2.42 minutes.
Runtime.totalMemory()=1439694848
17:26:47.291 INFO  NativeLibraryLoader - Loading libgkl_compression.so from jar:file:/home/robin/bin/miniconda3/share/picard-2.26.2-0/picard.jar!/com/intel/gkl/native/libgkl_compression.so
[Fri Aug 30 17:26:47 CEST 2024] MarkDuplicates --INPUT CD1_E12.5_brain_L3mbtl3_KO_RNA_Ilnytskyy2021_rep1_GSM5416464_sorted.bam --OUTPUT CD1_E12.5_brain_L3mbtl3_KO_RNA_Ilnytskyy2021_rep1_GSM5416464.bam --METRICS_FILE CD1_E12.5_brain_L3mbtl3_KO_RNA_Ilnytskyy2021_rep1_GSM5416464_markDupeMetrics.txt --REMOVE_DUPLICATES false --TMP_DIR . --MAX_SEQUENCES_FOR_DISK_READ_ENDS_MAP 50000 --MAX_FILE_HANDLES_FOR_READ_ENDS_MAP 8000 --SORTING_COLLECTION_SIZE_RATIO 0.25 --TAG_DUPLICATE_SET_MEMBERS false --REMOVE_SEQUENCING_DUPLICATES false --TAGGING_POLICY DontTag --CLEAR_DT true --DUPLEX_UMI false --ADD_PG_TAG_TO_READS true --ASSUME_SORTED false --DUPLICATE_SCORING_STRATEGY SUM_OF_BASE_QUALITIES --PROGRAM_RECORD_ID MarkDuplicates --PROGRAM_GROUP_NAME MarkDuplicates --READ_NAME_REGEX <optimized capture of last three ':' separated fields as numeric values> --OPTICAL_DUPLICATE_PIXEL_DISTANCE 100 --MAX_OPTICAL_DUPLICATE_SET_SIZE 300000 --VERBOSITY INFO --QUIET false --VALIDATION_STRINGENCY STRICT --COMPRESSION_LEVEL 5 --MAX_RECORDS_IN_RAM 500000 --CREATE_INDEX false --CREATE_MD5_FILE false --GA4GH_CLIENT_SECRETS client_secrets.json --help false --version false --showHidden false --USE_JDK_DEFLATER false --USE_JDK_INFLATER false
[Fri Aug 30 17:26:47 CEST 2024] Executing as robin@epipax.ijm.univ-paris-diderot.priv on Linux 6.1.0-23-amd64 amd64; OpenJDK 64-Bit Server VM 1.8.0_332-b09; Deflater: Intel; Inflater: Intel; Provider GCS is not available; Picard version: Version:2.26.2
INFO	2024-08-30 17:26:47	MarkDuplicates	Start of doWork freeMemory: 501501760; totalMemory: 514850816; maxMemory: 1908932608
INFO	2024-08-30 17:26:47	MarkDuplicates	Reading input file and constructing read end information.
INFO	2024-08-30 17:26:47	MarkDuplicates	Will retain up to 6916422 data points before spilling to disk.
WARNING	2024-08-30 17:26:47	AbstractOpticalDuplicateFinderCommandLineProgram	A field field parsed out of a read name was expected to contain an integer and did not. Read name: SRR15034345.12344236. Cause: String 'SRR15034345.12344236' did not start with a parsable number.
INFO	2024-08-30 17:26:51	MarkDuplicates	Read     1,000,000 records.  Elapsed time: 00:00:04s.  Time for last 1,000,000:    4s.  Last read position: chr11:55,500,059
INFO	2024-08-30 17:26:51	MarkDuplicates	Tracking 0 as yet unmatched pairs. 0 records in RAM.
INFO	2024-08-30 17:26:55	MarkDuplicates	Read     2,000,000 records.  Elapsed time: 00:00:07s.  Time for last 1,000,000:    3s.  Last read position: chr12:28,697,216
INFO	2024-08-30 17:26:55	MarkDuplicates	Tracking 0 as yet unmatched pairs. 0 records in RAM.
INFO	2024-08-30 17:26:59	MarkDuplicates	Read     3,000,000 records.  Elapsed time: 00:00:11s.  Time for last 1,000,000:    3s.  Last read position: chr13:111,715,193
INFO	2024-08-30 17:26:59	MarkDuplicates	Tracking 0 as yet unmatched pairs. 0 records in RAM.
INFO	2024-08-30 17:27:02	MarkDuplicates	Read     4,000,000 records.  Elapsed time: 00:00:14s.  Time for last 1,000,000:    3s.  Last read position: chr15:88,700,203
INFO	2024-08-30 17:27:02	MarkDuplicates	Tracking 0 as yet unmatched pairs. 0 records in RAM.
INFO	2024-08-30 17:27:09	MarkDuplicates	Read     5,000,000 records.  Elapsed time: 00:00:21s.  Time for last 1,000,000:    6s.  Last read position: chr17:32,359,263
INFO	2024-08-30 17:27:09	MarkDuplicates	Tracking 0 as yet unmatched pairs. 0 records in RAM.
INFO	2024-08-30 17:27:13	MarkDuplicates	Read     6,000,000 records.  Elapsed time: 00:00:25s.  Time for last 1,000,000:    3s.  Last read position: chr19:10,533,436
INFO	2024-08-30 17:27:13	MarkDuplicates	Tracking 0 as yet unmatched pairs. 0 records in RAM.
INFO	2024-08-30 17:27:16	MarkDuplicates	Read     7,000,000 records.  Elapsed time: 00:00:28s.  Time for last 1,000,000:    3s.  Last read position: chr1:157,257,480
INFO	2024-08-30 17:27:16	MarkDuplicates	Tracking 0 as yet unmatched pairs. 0 records in RAM.
INFO	2024-08-30 17:27:22	MarkDuplicates	Read     8,000,000 records.  Elapsed time: 00:00:34s.  Time for last 1,000,000:    5s.  Last read position: chr2:121,576,409
INFO	2024-08-30 17:27:22	MarkDuplicates	Tracking 0 as yet unmatched pairs. 0 records in RAM.
INFO	2024-08-30 17:27:27	MarkDuplicates	Read     9,000,000 records.  Elapsed time: 00:00:39s.  Time for last 1,000,000:    4s.  Last read position: chr3:102,013,058
INFO	2024-08-30 17:27:27	MarkDuplicates	Tracking 0 as yet unmatched pairs. 0 records in RAM.
INFO	2024-08-30 17:27:30	MarkDuplicates	Read    10,000,000 records.  Elapsed time: 00:00:42s.  Time for last 1,000,000:    3s.  Last read position: chr4:132,909,643
INFO	2024-08-30 17:27:30	MarkDuplicates	Tracking 0 as yet unmatched pairs. 0 records in RAM.
INFO	2024-08-30 17:27:34	MarkDuplicates	Read    11,000,000 records.  Elapsed time: 00:00:46s.  Time for last 1,000,000:    3s.  Last read position: chr5:124,493,460
INFO	2024-08-30 17:27:34	MarkDuplicates	Tracking 0 as yet unmatched pairs. 0 records in RAM.
INFO	2024-08-30 17:27:37	MarkDuplicates	Read    12,000,000 records.  Elapsed time: 00:00:49s.  Time for last 1,000,000:    3s.  Last read position: chr7:3,705,741
INFO	2024-08-30 17:27:37	MarkDuplicates	Tracking 0 as yet unmatched pairs. 0 records in RAM.
INFO	2024-08-30 17:27:41	MarkDuplicates	Read    13,000,000 records.  Elapsed time: 00:00:53s.  Time for last 1,000,000:    3s.  Last read position: chr8:11,423,591
INFO	2024-08-30 17:27:41	MarkDuplicates	Tracking 0 as yet unmatched pairs. 0 records in RAM.
INFO	2024-08-30 17:27:49	MarkDuplicates	Read    14,000,000 records.  Elapsed time: 00:01:02s.  Time for last 1,000,000:    8s.  Last read position: chr9:45,946,506
INFO	2024-08-30 17:27:49	MarkDuplicates	Tracking 0 as yet unmatched pairs. 0 records in RAM.
INFO	2024-08-30 17:27:55	MarkDuplicates	Read    15,000,000 records.  Elapsed time: 00:01:07s.  Time for last 1,000,000:    5s.  Last read position: chrX:103,461,274
INFO	2024-08-30 17:27:55	MarkDuplicates	Tracking 0 as yet unmatched pairs. 0 records in RAM.
INFO	2024-08-30 17:27:56	MarkDuplicates	Read 15250786 records. 0 pairs never matched.
INFO	2024-08-30 17:27:56	MarkDuplicates	After buildSortedReadEndLists freeMemory: 1397633264; totalMemory: 1441792000; maxMemory: 1908932608
INFO	2024-08-30 17:27:56	MarkDuplicates	Will retain up to 59654144 duplicate indices before spilling to disk.
INFO	2024-08-30 17:27:56	MarkDuplicates	Traversing read pair information and detecting duplicates.
INFO	2024-08-30 17:27:56	MarkDuplicates	Traversing fragment information and detecting duplicates.
INFO	2024-08-30 17:27:59	MarkDuplicates	Sorting list of duplicate records.
INFO	2024-08-30 17:27:59	MarkDuplicates	After generateDuplicateIndexes freeMemory: 973322912; totalMemory: 1467482112; maxMemory: 1908932608
INFO	2024-08-30 17:27:59	MarkDuplicates	Marking 886050 records as duplicates.
INFO	2024-08-30 17:27:59	MarkDuplicates	Found 0 optical duplicate clusters.
INFO	2024-08-30 17:27:59	MarkDuplicates	Reads are assumed to be ordered by: coordinate
INFO	2024-08-30 17:28:57	MarkDuplicates	Written    10,000,000 records.  Elapsed time: 00:00:57s.  Time for last 10,000,000:   57s.  Last read position: chr4:132,909,643
INFO	2024-08-30 17:29:28	MarkDuplicates	Writing complete. Closing input iterator.
INFO	2024-08-30 17:29:28	MarkDuplicates	Duplicate Index cleanup.
INFO	2024-08-30 17:29:28	MarkDuplicates	Getting Memory Stats.
INFO	2024-08-30 17:29:28	MarkDuplicates	Before output close freeMemory: 1461295168; totalMemory: 1479540736; maxMemory: 1908932608
INFO	2024-08-30 17:29:28	MarkDuplicates	Closed outputs. Getting more Memory Stats.
INFO	2024-08-30 17:29:28	MarkDuplicates	After output close freeMemory: 1455003712; totalMemory: 1473249280; maxMemory: 1908932608
[Fri Aug 30 17:29:28 CEST 2024] picard.sam.markduplicates.MarkDuplicates done. Elapsed time: 2.69 minutes.
Runtime.totalMemory()=1473249280
[sam grooming] finished successfully at [Fri Aug 30 05:29:31 PM CEST 2024]
[collecting rRNA metrics] started at [Fri Aug 30 05:29:50 PM CEST 2024]
17:29:51.631 INFO  NativeLibraryLoader - Loading libgkl_compression.so from jar:file:/home/robin/bin/miniconda3/share/picard-2.26.2-0/picard.jar!/com/intel/gkl/native/libgkl_compression.so
[Fri Aug 30 17:29:51 CEST 2024] CollectRnaSeqMetrics --REF_FLAT /data/reference_genomes/mm10/mm10_RefSeq_refFlat.bed --RIBOSOMAL_INTERVALS /data/reference_genomes/mm10/mm10_rRNA.bed --STRAND_SPECIFICITY FIRST_READ_TRANSCRIPTION_STRAND --INPUT CD1_E12.5_brain_L3mbtl3_KO_RNA_Ilnytskyy2021_rep1_GSM5416464.bam --OUTPUT CD1_E12.5_brain_L3mbtl3_KO_RNA_Ilnytskyy2021_rep1_GSM5416464_RNAmetrics.txt --MINIMUM_LENGTH 500 --RRNA_FRAGMENT_PERCENTAGE 0.8 --METRIC_ACCUMULATION_LEVEL ALL_READS --END_BIAS_BASES 100 --ASSUME_SORTED true --STOP_AFTER 0 --VERBOSITY INFO --QUIET false --VALIDATION_STRINGENCY STRICT --COMPRESSION_LEVEL 5 --MAX_RECORDS_IN_RAM 500000 --CREATE_INDEX false --CREATE_MD5_FILE false --GA4GH_CLIENT_SECRETS client_secrets.json --help false --version false --showHidden false --USE_JDK_DEFLATER false --USE_JDK_INFLATER false
[Fri Aug 30 17:29:51 CEST 2024] Executing as robin@epipax.ijm.univ-paris-diderot.priv on Linux 6.1.0-23-amd64 amd64; OpenJDK 64-Bit Server VM 1.8.0_332-b09; Deflater: Intel; Inflater: Intel; Provider GCS is not available; Picard version: Version:2.26.2
INFO	2024-08-30 17:29:52	CollectRnaSeqMetrics	Loaded 24105 genes.
INFO	2024-08-30 17:29:58	SinglePassSamProgram	Processed     1,000,000 records.  Elapsed time: 00:00:06s.  Time for last 1,000,000:    6s.  Last read position: chr11:55,500,059
INFO	2024-08-30 17:30:04	SinglePassSamProgram	Processed     2,000,000 records.  Elapsed time: 00:00:11s.  Time for last 1,000,000:    5s.  Last read position: chr12:28,697,216
INFO	2024-08-30 17:30:09	SinglePassSamProgram	Processed     3,000,000 records.  Elapsed time: 00:00:17s.  Time for last 1,000,000:    5s.  Last read position: chr13:111,715,193
INFO	2024-08-30 17:30:14	SinglePassSamProgram	Processed     4,000,000 records.  Elapsed time: 00:00:22s.  Time for last 1,000,000:    5s.  Last read position: chr15:88,700,203
INFO	2024-08-30 17:30:20	SinglePassSamProgram	Processed     5,000,000 records.  Elapsed time: 00:00:28s.  Time for last 1,000,000:    5s.  Last read position: chr17:32,359,263
INFO	2024-08-30 17:30:26	SinglePassSamProgram	Processed     6,000,000 records.  Elapsed time: 00:00:33s.  Time for last 1,000,000:    5s.  Last read position: chr19:10,533,436
INFO	2024-08-30 17:30:31	SinglePassSamProgram	Processed     7,000,000 records.  Elapsed time: 00:00:39s.  Time for last 1,000,000:    5s.  Last read position: chr1:157,257,480
INFO	2024-08-30 17:30:38	SinglePassSamProgram	Processed     8,000,000 records.  Elapsed time: 00:00:46s.  Time for last 1,000,000:    6s.  Last read position: chr2:121,576,409
INFO	2024-08-30 17:30:43	SinglePassSamProgram	Processed     9,000,000 records.  Elapsed time: 00:00:51s.  Time for last 1,000,000:    5s.  Last read position: chr3:102,013,058
INFO	2024-08-30 17:30:49	SinglePassSamProgram	Processed    10,000,000 records.  Elapsed time: 00:00:56s.  Time for last 1,000,000:    5s.  Last read position: chr4:132,909,643
INFO	2024-08-30 17:30:55	SinglePassSamProgram	Processed    11,000,000 records.  Elapsed time: 00:01:02s.  Time for last 1,000,000:    6s.  Last read position: chr5:124,493,460
INFO	2024-08-30 17:31:01	SinglePassSamProgram	Processed    12,000,000 records.  Elapsed time: 00:01:08s.  Time for last 1,000,000:    5s.  Last read position: chr7:3,705,741
INFO	2024-08-30 17:31:06	SinglePassSamProgram	Processed    13,000,000 records.  Elapsed time: 00:01:14s.  Time for last 1,000,000:    5s.  Last read position: chr8:11,423,591
INFO	2024-08-30 17:31:12	SinglePassSamProgram	Processed    14,000,000 records.  Elapsed time: 00:01:19s.  Time for last 1,000,000:    5s.  Last read position: chr9:45,946,506
INFO	2024-08-30 17:31:17	SinglePassSamProgram	Processed    15,000,000 records.  Elapsed time: 00:01:25s.  Time for last 1,000,000:    5s.  Last read position: chrX:103,461,274
[Fri Aug 30 17:31:19 CEST 2024] picard.analysis.CollectRnaSeqMetrics done. Elapsed time: 1.46 minutes.
Runtime.totalMemory()=734527488
[trueStats] Collecting alignment statistics for CD1_E12.5_brain_L3mbtl3_KO_RNA_Ilnytskyy2021_rep1_GSM5416464.bam at [Fri Aug 30 05:31:38 PM CEST 2024]
[preseq] started on CD1_E12.5_brain_L3mbtl3_KO_RNA_Ilnytskyy2021_rep1_GSM5416464.bam at [Fri Aug 30 05:32:30 PM CEST 2024]
[preseq] finished successfully at [Fri Aug 30 05:34:31 PM CEST 2024]
[stringTie] Performing de novo assembly of transcripts at [Fri Aug 30 05:34:49 PM CEST 2024]
Warning: gene "NM_001270423" (on chr2) has reference transcripts on both strands?
Warning: gene "NM_146265" (on chr2) has reference transcripts on both strands?
Warning: gene "NM_001097977" (on chr2) has reference transcripts on both strands?
Warning: gene "NM_001085552" (on chrX) has reference transcripts on both strands?
Warning: gene "NM_001085545" (on chrX) has reference transcripts on both strands?
Warning: gene "NM_001085551" (on chrX) has reference transcripts on both strands?
Warning: gene "NM_001099643" (on chrX) has reference transcripts on both strands?
Warning: gene "NM_001243001" (on chrX) has reference transcripts on both strands?
Warning: gene "NM_001099643" (on chrX) has reference transcripts on both strands?
Warning: gene "NM_001243001" (on chrX) has reference transcripts on both strands?
Warning: gene "NM_001102678" (on chrX) has reference transcripts on both strands?
Warning: gene "NM_001109970" (on chrX) has reference transcripts on both strands?
Warning: gene "NM_001099919" (on chrX) has reference transcripts on both strands?
Warning: gene "NM_001099347" (on chrX) has reference transcripts on both strands?
Warning: gene "NM_001100610" (on chrX) has reference transcripts on both strands?
Warning: gene "NM_001110250" (on chrX) has reference transcripts on both strands?
Warning: gene "NM_001099325" (on chrX) has reference transcripts on both strands?
Warning: gene "NM_001109969" (on chrX) has reference transcripts on both strands?
Warning: gene "NM_001100609" (on chrX) has reference transcripts on both strands?
Warning: gene "NM_009529" (on chrX) has reference transcripts on both strands?
Warning: gene "NM_001102678" (on chrX) has reference transcripts on both strands?
Warning: gene "NM_001109970" (on chrX) has reference transcripts on both strands?
Warning: gene "NM_001099919" (on chrX) has reference transcripts on both strands?
Warning: gene "NM_001099347" (on chrX) has reference transcripts on both strands?
Warning: gene "NM_001100610" (on chrX) has reference transcripts on both strands?
Warning: gene "NM_001110250" (on chrX) has reference transcripts on both strands?
Warning: gene "NM_001099325" (on chrX) has reference transcripts on both strands?
Warning: gene "NM_001109969" (on chrX) has reference transcripts on both strands?
Warning: gene "NM_001085552" (on chrX) has reference transcripts on both strands?
Warning: gene "NM_001085545" (on chrX) has reference transcripts on both strands?
Warning: gene "NM_001085551" (on chrX) has reference transcripts on both strands?
Warning: gene "NM_001085553" (on chrX) has reference transcripts on both strands?
Warning: gene "NM_001243011" (on chrX) has reference transcripts on both strands?
Warning: gene "NM_001270685" (on chrX) has reference transcripts on both strands?
Warning: gene "NM_029106" (on chrX) has reference transcripts on both strands?
Warning: gene "NM_001270685" (on chrX) has reference transcripts on both strands?
Warning: gene "NM_001100609" (on chrX) has reference transcripts on both strands?
Warning: gene "NM_009529" (on chrX) has reference transcripts on both strands?
Warning: gene "NM_001102678" (on chrX) has reference transcripts on both strands?
Warning: gene "NM_001109970" (on chrX) has reference transcripts on both strands?
Warning: gene "NM_001099919" (on chrX) has reference transcripts on both strands?
Warning: gene "NM_001099347" (on chrX) has reference transcripts on both strands?
Warning: gene "NM_001100610" (on chrX) has reference transcripts on both strands?
Warning: gene "NM_001110250" (on chrX) has reference transcripts on both strands?
Warning: gene "NM_001099325" (on chrX) has reference transcripts on both strands?
Warning: gene "NM_001109969" (on chrX) has reference transcripts on both strands?
Warning: gene "NM_001100609" (on chrX) has reference transcripts on both strands?
Warning: gene "NM_009529" (on chrX) has reference transcripts on both strands?
Warning: gene "NM_001102678" (on chrX) has reference transcripts on both strands?
Warning: gene "NM_001109970" (on chrX) has reference transcripts on both strands?
Warning: gene "NM_001099919" (on chrX) has reference transcripts on both strands?
Warning: gene "NM_001099347" (on chrX) has reference transcripts on both strands?
Warning: gene "NM_001100610" (on chrX) has reference transcripts on both strands?
Warning: gene "NM_001110250" (on chrX) has reference transcripts on both strands?
Warning: gene "NM_001099325" (on chrX) has reference transcripts on both strands?
Warning: gene "NM_001109969" (on chrX) has reference transcripts on both strands?
Warning: gene "NM_001163195" (on chrX) has reference transcripts on both strands?
Warning: gene "NM_001126317" (on chrX) has reference transcripts on both strands?
Warning: gene "NM_001310684" (on chrX) has reference transcripts on both strands?
Warning: gene "NM_001142690" (on chrX) has reference transcripts on both strands?
Warning: gene "NM_001142691" (on chrX) has reference transcripts on both strands?
Warning: gene "NM_001142750" (on chrX) has reference transcripts on both strands?
Warning: gene "NM_153109" (on chrX) has reference transcripts on both strands?
Warning: gene "NR_126545" (on chrY) has reference transcripts on both strands?
Warning: gene "NR_126546" (on chrY) has reference transcripts on both strands?
Warning: gene "NM_001113395" (on chrY) has reference transcripts on both strands?
Warning: gene "NM_001177569" (on chrY) has reference transcripts on both strands?
Warning: gene "NM_001160143" (on chrY) has reference transcripts on both strands?
Warning: gene "NM_207162" (on chrY) has reference transcripts on both strands?
Warning: gene "NM_001160143" (on chrY) has reference transcripts on both strands?
Warning: gene "NM_207162" (on chrY) has reference transcripts on both strands?
Warning: gene "NM_001037748" (on chrY) has reference transcripts on both strands?
Warning: gene "NM_001160141" (on chrY) has reference transcripts on both strands?
Warning: gene "NM_001025241" (on chrY) has reference transcripts on both strands?
Warning: gene "NR_038299" (on chrY) has reference transcripts on both strands?
Warning: gene "NM_001160143" (on chrY) has reference transcripts on both strands?
Warning: gene "NM_207162" (on chrY) has reference transcripts on both strands?
Warning: gene "NM_001160143" (on chrY) has reference transcripts on both strands?
Warning: gene "NM_207162" (on chrY) has reference transcripts on both strands?
Warning: gene "NM_001037748" (on chrY) has reference transcripts on both strands?
Warning: gene "NM_001160141" (on chrY) has reference transcripts on both strands?
Warning: gene "NM_023546" (on chrY) has reference transcripts on both strands?
Warning: gene "NM_001160143" (on chrY) has reference transcripts on both strands?
Warning: gene "NM_001160143" (on chrY) has reference transcripts on both strands?
Warning: gene "NM_001160137" (on chrY) has reference transcripts on both strands?
Warning: gene "NM_001160141" (on chrY) has reference transcripts on both strands?
Warning: gene "NM_001025241" (on chrY) has reference transcripts on both strands?
Warning: gene "NM_001037748" (on chrY) has reference transcripts on both strands?
Warning: gene "NM_001037748" (on chrY) has reference transcripts on both strands?
Warning: gene "NM_001160136" (on chrY) has reference transcripts on both strands?
Warning: gene "NM_001037748" (on chrY) has reference transcripts on both strands?
Warning: gene "NM_023546" (on chrY) has reference transcripts on both strands?
Warning: gene "NM_023546" (on chrY) has reference transcripts on both strands?
Warning: gene "NM_001025241" (on chrY) has reference transcripts on both strands?
Warning: gene "NM_001166636" (on chr10) has reference transcripts on both strands?
Warning: gene "NM_001166637" (on chr10) has reference transcripts on both strands?
Warning: gene "NM_001011820" (on chr13) has reference transcripts on both strands?
[stringTie] De novo transcriptome assembly completed successfully at [Fri Aug 30 05:35:57 PM CEST 2024]
[bamToWigCPMsmoothKeepDup] Started with bin size: 1 and smoothing over 0 bp and KEEPING DUPLICATES at [Fri Aug 30 05:35:57 PM CEST 2024]
There are 14624054 alignments, of which 44682 are completely within a blacklist region.
Due to filtering, 86.56096823071586% of the aforementioned alignments will be used 12620045.565157885
[bamToWigCPMsmoothKeepDup] finished successfully at [Fri Aug 30 05:43:49 PM CEST 2024]
[file cleanup] started. Good job! at [Fri Aug 30 05:43:49 PM CEST 2024]
cp: cannot stat '*.pdf': No such file or directory
mv: cannot stat '*.bed': No such file or directory
mv: preserving times for '/data/bigWigs/CD1_E12.5_brain_L3mbtl3_KO_RNA_Ilnytskyy2021_rep1_GSM5416464_trimV5_mm10_kpDup_q255_b1_s0_CPM.bw': Operation not permitted
mv: preserving permissions for ‘/data/bigWigs/CD1_E12.5_brain_L3mbtl3_KO_RNA_Ilnytskyy2021_rep1_GSM5416464_trimV5_mm10_kpDup_q255_b1_s0_CPM.bw’: Operation not permitted
mv: preserving times for '/data/bams/CD1_E12.5_brain_L3mbtl3_KO_RNA_Ilnytskyy2021_rep1_GSM5416464_trimV5_mm10.bam': Operation not permitted
mv: preserving permissions for ‘/data/bams/CD1_E12.5_brain_L3mbtl3_KO_RNA_Ilnytskyy2021_rep1_GSM5416464_trimV5_mm10.bam’: Operation not permitted
mv: preserving times for '/data/bams/CD1_E12.5_brain_L3mbtl3_KO_RNA_Ilnytskyy2021_rep1_GSM5416464_trimV5_mm10.bam.bai': Operation not permitted
mv: preserving permissions for ‘/data/bams/CD1_E12.5_brain_L3mbtl3_KO_RNA_Ilnytskyy2021_rep1_GSM5416464_trimV5_mm10.bam.bai’: Operation not permitted
mv: preserving times for '/data/stringTie/CD1_E12.5_brain_L3mbtl3_KO_RNA_Ilnytskyy2021_rep1_GSM5416464_trimV5_mm10.gtf': Operation not permitted
mv: preserving permissions for ‘/data/stringTie/CD1_E12.5_brain_L3mbtl3_KO_RNA_Ilnytskyy2021_rep1_GSM5416464_trimV5_mm10.gtf’: Operation not permitted
