SCRATCH: /scratch
ls: cannot access '/data/fastq/E14_0h_RNApolII_ChIP_Yang2019_GSM3314725*_R2.fastq.gz': No such file or directory
[masterDownload] Data are single-end. at [Wed Jul 3 06:22:38 PM CEST 2024]
[checkDependencies] Checking Dependencies [Wed Jul 3 06:22:38 PM CEST 2024] at [Wed Jul 3 06:22:38 PM CEST 2024]
[setup checkDependencies] trimmomatic... at [Wed Jul 3 06:22:38 PM CEST 2024]
[setup checkDependencies] STAR... at [Wed Jul 3 06:22:39 PM CEST 2024]
[setup checkDependencies] bismark... at [Wed Jul 3 06:22:39 PM CEST 2024]
[setup checkDependencies] bowtie2... at [Wed Jul 3 06:22:39 PM CEST 2024]
[setup checkDependencies] samtools... at [Wed Jul 3 06:22:39 PM CEST 2024]
[setup checkDependencies] picard... at [Wed Jul 3 06:22:39 PM CEST 2024]
[setup checkDependencies] awk... at [Wed Jul 3 06:22:39 PM CEST 2024]
[setup checkDependencies] bamCoverage... at [Wed Jul 3 06:22:39 PM CEST 2024]
[setup checkDependencies] fastqc... at [Wed Jul 3 06:22:39 PM CEST 2024]
[setup checkDependencies] fastq_screen... at [Wed Jul 3 06:22:39 PM CEST 2024]
[setup checkDependencies] stringtie... at [Wed Jul 3 06:22:39 PM CEST 2024]
[setup checkDependencies] clumpify.sh... at [Wed Jul 3 06:22:39 PM CEST 2024]
PAIRED: false
[setUpLogFile] Script started at [Wed Jul 3 06:22:39 PM CEST 2024] at [Wed Jul 3 06:22:39 PM CEST 2024]
[fastQC] started on raw FASTQs at [Wed Jul 3 06:22:39 PM CEST 2024]
Started analysis of E14_0h_RNApolII_ChIP_Yang2019_GSM3314725_raw.fastq.gz
Approx 5% complete for E14_0h_RNApolII_ChIP_Yang2019_GSM3314725_raw.fastq.gz
Approx 10% complete for E14_0h_RNApolII_ChIP_Yang2019_GSM3314725_raw.fastq.gz
Approx 15% complete for E14_0h_RNApolII_ChIP_Yang2019_GSM3314725_raw.fastq.gz
Approx 20% complete for E14_0h_RNApolII_ChIP_Yang2019_GSM3314725_raw.fastq.gz
Approx 25% complete for E14_0h_RNApolII_ChIP_Yang2019_GSM3314725_raw.fastq.gz
Approx 30% complete for E14_0h_RNApolII_ChIP_Yang2019_GSM3314725_raw.fastq.gz
Approx 35% complete for E14_0h_RNApolII_ChIP_Yang2019_GSM3314725_raw.fastq.gz
Approx 40% complete for E14_0h_RNApolII_ChIP_Yang2019_GSM3314725_raw.fastq.gz
Approx 45% complete for E14_0h_RNApolII_ChIP_Yang2019_GSM3314725_raw.fastq.gz
Approx 50% complete for E14_0h_RNApolII_ChIP_Yang2019_GSM3314725_raw.fastq.gz
Approx 55% complete for E14_0h_RNApolII_ChIP_Yang2019_GSM3314725_raw.fastq.gz
Approx 60% complete for E14_0h_RNApolII_ChIP_Yang2019_GSM3314725_raw.fastq.gz
Approx 65% complete for E14_0h_RNApolII_ChIP_Yang2019_GSM3314725_raw.fastq.gz
Approx 70% complete for E14_0h_RNApolII_ChIP_Yang2019_GSM3314725_raw.fastq.gz
Approx 75% complete for E14_0h_RNApolII_ChIP_Yang2019_GSM3314725_raw.fastq.gz
Approx 80% complete for E14_0h_RNApolII_ChIP_Yang2019_GSM3314725_raw.fastq.gz
Approx 85% complete for E14_0h_RNApolII_ChIP_Yang2019_GSM3314725_raw.fastq.gz
Approx 90% complete for E14_0h_RNApolII_ChIP_Yang2019_GSM3314725_raw.fastq.gz
Approx 95% complete for E14_0h_RNApolII_ChIP_Yang2019_GSM3314725_raw.fastq.gz
Analysis complete for E14_0h_RNApolII_ChIP_Yang2019_GSM3314725_raw.fastq.gz
[fastQC] on raw FASTQs finished succesfully. Will remove PCR duplicates now at [Wed Jul 3 06:26:20 PM CEST 2024]
Reads are length: 52 at [Wed Jul 3 06:26:20 PM CEST 2024]
Reads with same sequence 1 or fewer substitutions will be marked as PCR duplicates at [Wed Jul 3 06:26:20 PM CEST 2024]
Removal of PCR duplicates complete! at [Wed Jul 3 06:55:13 PM CEST 2024]
[trimReads] Started using version trimV5 parameters at [Wed Jul 3 06:55:13 PM CEST 2024]
ILLUMINACLIP:/data/reference_genomes/adapters/adapters.fa:2:30:10 SLIDINGWINDOW:4:20 MINLEN:24
[trimReads] Trimming E14_0h_RNApolII_ChIP_Yang2019_GSM3314725.fastq.gz... at [Wed Jul 3 06:55:13 PM CEST 2024]
[trimReads] Finished successfully at [Wed Jul 3 07:06:04 PM CEST 2024]
[fastQC] started on E14_0h_RNApolII_ChIP_Yang2019_GSM3314725.fastq.gz E14_0h_RNApolII_ChIP_Yang2019_GSM3314725_trimV5.fastq.gz at [Wed Jul 3 07:06:04 PM CEST 2024]
Started analysis of E14_0h_RNApolII_ChIP_Yang2019_GSM3314725.fastq.gz
Started analysis of E14_0h_RNApolII_ChIP_Yang2019_GSM3314725_trimV5.fastq.gz
Approx 5% complete for E14_0h_RNApolII_ChIP_Yang2019_GSM3314725.fastq.gz
Approx 5% complete for E14_0h_RNApolII_ChIP_Yang2019_GSM3314725_trimV5.fastq.gz
Approx 10% complete for E14_0h_RNApolII_ChIP_Yang2019_GSM3314725.fastq.gz
Approx 10% complete for E14_0h_RNApolII_ChIP_Yang2019_GSM3314725_trimV5.fastq.gz
Approx 15% complete for E14_0h_RNApolII_ChIP_Yang2019_GSM3314725.fastq.gz
Approx 15% complete for E14_0h_RNApolII_ChIP_Yang2019_GSM3314725_trimV5.fastq.gz
Approx 20% complete for E14_0h_RNApolII_ChIP_Yang2019_GSM3314725.fastq.gz
Approx 20% complete for E14_0h_RNApolII_ChIP_Yang2019_GSM3314725_trimV5.fastq.gz
Approx 25% complete for E14_0h_RNApolII_ChIP_Yang2019_GSM3314725.fastq.gz
Approx 25% complete for E14_0h_RNApolII_ChIP_Yang2019_GSM3314725_trimV5.fastq.gz
Approx 30% complete for E14_0h_RNApolII_ChIP_Yang2019_GSM3314725.fastq.gz
Approx 30% complete for E14_0h_RNApolII_ChIP_Yang2019_GSM3314725_trimV5.fastq.gz
Approx 35% complete for E14_0h_RNApolII_ChIP_Yang2019_GSM3314725.fastq.gz
Approx 35% complete for E14_0h_RNApolII_ChIP_Yang2019_GSM3314725_trimV5.fastq.gz
Approx 40% complete for E14_0h_RNApolII_ChIP_Yang2019_GSM3314725.fastq.gz
Approx 40% complete for E14_0h_RNApolII_ChIP_Yang2019_GSM3314725_trimV5.fastq.gz
Approx 45% complete for E14_0h_RNApolII_ChIP_Yang2019_GSM3314725.fastq.gz
Approx 45% complete for E14_0h_RNApolII_ChIP_Yang2019_GSM3314725_trimV5.fastq.gz
Approx 50% complete for E14_0h_RNApolII_ChIP_Yang2019_GSM3314725.fastq.gz
Approx 50% complete for E14_0h_RNApolII_ChIP_Yang2019_GSM3314725_trimV5.fastq.gz
Approx 55% complete for E14_0h_RNApolII_ChIP_Yang2019_GSM3314725.fastq.gz
Approx 55% complete for E14_0h_RNApolII_ChIP_Yang2019_GSM3314725_trimV5.fastq.gz
Approx 60% complete for E14_0h_RNApolII_ChIP_Yang2019_GSM3314725.fastq.gz
Approx 60% complete for E14_0h_RNApolII_ChIP_Yang2019_GSM3314725_trimV5.fastq.gz
Approx 65% complete for E14_0h_RNApolII_ChIP_Yang2019_GSM3314725.fastq.gz
Approx 65% complete for E14_0h_RNApolII_ChIP_Yang2019_GSM3314725_trimV5.fastq.gz
Approx 70% complete for E14_0h_RNApolII_ChIP_Yang2019_GSM3314725.fastq.gz
Approx 70% complete for E14_0h_RNApolII_ChIP_Yang2019_GSM3314725_trimV5.fastq.gz
Approx 75% complete for E14_0h_RNApolII_ChIP_Yang2019_GSM3314725.fastq.gz
Approx 75% complete for E14_0h_RNApolII_ChIP_Yang2019_GSM3314725_trimV5.fastq.gz
Approx 80% complete for E14_0h_RNApolII_ChIP_Yang2019_GSM3314725.fastq.gz
Approx 80% complete for E14_0h_RNApolII_ChIP_Yang2019_GSM3314725_trimV5.fastq.gz
Approx 85% complete for E14_0h_RNApolII_ChIP_Yang2019_GSM3314725.fastq.gz
Approx 85% complete for E14_0h_RNApolII_ChIP_Yang2019_GSM3314725_trimV5.fastq.gz
Approx 90% complete for E14_0h_RNApolII_ChIP_Yang2019_GSM3314725.fastq.gz
Approx 90% complete for E14_0h_RNApolII_ChIP_Yang2019_GSM3314725_trimV5.fastq.gz
Approx 95% complete for E14_0h_RNApolII_ChIP_Yang2019_GSM3314725.fastq.gz
Approx 95% complete for E14_0h_RNApolII_ChIP_Yang2019_GSM3314725_trimV5.fastq.gz
Analysis complete for E14_0h_RNApolII_ChIP_Yang2019_GSM3314725.fastq.gz
Analysis complete for E14_0h_RNApolII_ChIP_Yang2019_GSM3314725_trimV5.fastq.gz
[fastQC] finished succesfully at [Wed Jul 3 07:09:14 PM CEST 2024]
[bowtie2 alignment] started with reference /data/reference_genomes/mm10/mm10 at [Wed Jul 3 07:09:14 PM CEST 2024]
[alignment] Bowtie2 alignment finished successfully at [Wed Jul 3 07:40:08 PM CEST 2024]
[sam grooming] started at [Wed Jul 3 07:41:48 PM CEST 2024]
19:41:49.767 INFO  NativeLibraryLoader - Loading libgkl_compression.so from jar:file:/home/robin/bin/miniconda3/share/picard-2.26.2-0/picard.jar!/com/intel/gkl/native/libgkl_compression.so
[Wed Jul 03 19:41:49 CEST 2024] CleanSam --INPUT E14_0h_RNApolII_ChIP_Yang2019_GSM3314725_raw.sam --OUTPUT E14_0h_RNApolII_ChIP_Yang2019_GSM3314725_cleaned.sam --TMP_DIR . --VERBOSITY INFO --QUIET false --VALIDATION_STRINGENCY STRICT --COMPRESSION_LEVEL 5 --MAX_RECORDS_IN_RAM 500000 --CREATE_INDEX false --CREATE_MD5_FILE false --GA4GH_CLIENT_SECRETS client_secrets.json --help false --version false --showHidden false --USE_JDK_DEFLATER false --USE_JDK_INFLATER false
[Wed Jul 03 19:41:49 CEST 2024] Executing as robin@epipax.ijm.univ-paris-diderot.priv on Linux 6.1.0-21-amd64 amd64; OpenJDK 64-Bit Server VM 1.8.0_332-b09; Deflater: Intel; Inflater: Intel; Provider GCS is not available; Picard version: Version:2.26.2
INFO	2024-07-03 19:41:50	CleanSam	Seen many non-increasing record positions. Printing Read-names as well.
INFO	2024-07-03 19:41:55	CleanSam	Processed     1,000,000 records.  Elapsed time: 00:00:05s.  Time for last 1,000,000:    5s.  Last read position: chr12:90,584,603.  Last read name: SRR7624413.4236528
INFO	2024-07-03 19:42:00	CleanSam	Processed     2,000,000 records.  Elapsed time: 00:00:10s.  Time for last 1,000,000:    5s.  Last read position: */*.  Last read name: SRR7624413.13216149
INFO	2024-07-03 19:42:05	CleanSam	Processed     3,000,000 records.  Elapsed time: 00:00:16s.  Time for last 1,000,000:    5s.  Last read position: chr6:79,678,760.  Last read name: SRR7624413.32182551
INFO	2024-07-03 19:42:11	CleanSam	Processed     4,000,000 records.  Elapsed time: 00:00:21s.  Time for last 1,000,000:    5s.  Last read position: chr14:42,143,495.  Last read name: SRR7624413.19412592
INFO	2024-07-03 19:42:16	CleanSam	Processed     5,000,000 records.  Elapsed time: 00:00:26s.  Time for last 1,000,000:    5s.  Last read position: chr14:62,998,988.  Last read name: SRR7624413.51553866
INFO	2024-07-03 19:42:21	CleanSam	Processed     6,000,000 records.  Elapsed time: 00:00:32s.  Time for last 1,000,000:    5s.  Last read position: chrUn_JH584304:86,326.  Last read name: SRR7624413.16109605
INFO	2024-07-03 19:42:27	CleanSam	Processed     7,000,000 records.  Elapsed time: 00:00:37s.  Time for last 1,000,000:    5s.  Last read position: chrX:105,590,831.  Last read name: SRR7624413.29695280
INFO	2024-07-03 19:42:32	CleanSam	Processed     8,000,000 records.  Elapsed time: 00:00:42s.  Time for last 1,000,000:    5s.  Last read position: chr13:9,441,959.  Last read name: SRR7624413.24173705
INFO	2024-07-03 19:42:37	CleanSam	Processed     9,000,000 records.  Elapsed time: 00:00:47s.  Time for last 1,000,000:    5s.  Last read position: chr16:66,279,817.  Last read name: SRR7624413.4639363
INFO	2024-07-03 19:42:42	CleanSam	Processed    10,000,000 records.  Elapsed time: 00:00:52s.  Time for last 1,000,000:    5s.  Last read position: chr9:36,699,108.  Last read name: SRR7624413.53191538
INFO	2024-07-03 19:42:47	CleanSam	Processed    11,000,000 records.  Elapsed time: 00:00:57s.  Time for last 1,000,000:    5s.  Last read position: chr19:53,785,126.  Last read name: SRR7624413.21442464
INFO	2024-07-03 19:42:53	CleanSam	Processed    12,000,000 records.  Elapsed time: 00:01:03s.  Time for last 1,000,000:    5s.  Last read position: chr13:92,675,783.  Last read name: SRR7624413.4347308
INFO	2024-07-03 19:42:58	CleanSam	Processed    13,000,000 records.  Elapsed time: 00:01:08s.  Time for last 1,000,000:    5s.  Last read position: chr14:19,415,732.  Last read name: SRR7624413.16597395
INFO	2024-07-03 19:43:03	CleanSam	Processed    14,000,000 records.  Elapsed time: 00:01:13s.  Time for last 1,000,000:    5s.  Last read position: */*.  Last read name: SRR7624413.19430189
INFO	2024-07-03 19:43:08	CleanSam	Processed    15,000,000 records.  Elapsed time: 00:01:18s.  Time for last 1,000,000:    5s.  Last read position: chr2:138,999,007.  Last read name: SRR7624413.18256168
INFO	2024-07-03 19:43:13	CleanSam	Processed    16,000,000 records.  Elapsed time: 00:01:23s.  Time for last 1,000,000:    5s.  Last read position: chr7:113,189,836.  Last read name: SRR7624413.18991274
INFO	2024-07-03 19:43:18	CleanSam	Processed    17,000,000 records.  Elapsed time: 00:01:29s.  Time for last 1,000,000:    5s.  Last read position: chr15:49,546,275.  Last read name: SRR7624413.4528612
INFO	2024-07-03 19:43:23	CleanSam	Processed    18,000,000 records.  Elapsed time: 00:01:34s.  Time for last 1,000,000:    5s.  Last read position: chr19:29,216,067.  Last read name: SRR7624413.4863550
INFO	2024-07-03 19:43:29	CleanSam	Processed    19,000,000 records.  Elapsed time: 00:01:39s.  Time for last 1,000,000:    5s.  Last read position: chr12:98,986,760.  Last read name: SRR7624413.584123
INFO	2024-07-03 19:43:34	CleanSam	Processed    20,000,000 records.  Elapsed time: 00:01:44s.  Time for last 1,000,000:    5s.  Last read position: chr15:100,301,311.  Last read name: SRR7624413.27917868
INFO	2024-07-03 19:43:39	CleanSam	Processed    21,000,000 records.  Elapsed time: 00:01:49s.  Time for last 1,000,000:    5s.  Last read position: chr5:145,459,686.  Last read name: SRR7624413.29813784
INFO	2024-07-03 19:43:44	CleanSam	Processed    22,000,000 records.  Elapsed time: 00:01:54s.  Time for last 1,000,000:    5s.  Last read position: chr15:82,749,248.  Last read name: SRR7624413.22904457
INFO	2024-07-03 19:43:49	CleanSam	Processed    23,000,000 records.  Elapsed time: 00:02:00s.  Time for last 1,000,000:    5s.  Last read position: chr3:134,361,333.  Last read name: SRR7624413.45193945
INFO	2024-07-03 19:43:55	CleanSam	Processed    24,000,000 records.  Elapsed time: 00:02:05s.  Time for last 1,000,000:    5s.  Last read position: chr3:73,345,739.  Last read name: SRR7624413.11629747
INFO	2024-07-03 19:43:59	CleanSam	Processed    25,000,000 records.  Elapsed time: 00:02:10s.  Time for last 1,000,000:    4s.  Last read position: chr9:62,350,338.  Last read name: SRR7624413.15815417
INFO	2024-07-03 19:44:05	CleanSam	Processed    26,000,000 records.  Elapsed time: 00:02:15s.  Time for last 1,000,000:    5s.  Last read position: chr14:19,710,060.  Last read name: SRR7624413.17541184
INFO	2024-07-03 19:44:10	CleanSam	Processed    27,000,000 records.  Elapsed time: 00:02:20s.  Time for last 1,000,000:    5s.  Last read position: chrX:69,874,852.  Last read name: SRR7624413.42581370
INFO	2024-07-03 19:44:15	CleanSam	Processed    28,000,000 records.  Elapsed time: 00:02:25s.  Time for last 1,000,000:    5s.  Last read position: chrY:140,958.  Last read name: SRR7624413.57274977
INFO	2024-07-03 19:44:20	CleanSam	Processed    29,000,000 records.  Elapsed time: 00:02:30s.  Time for last 1,000,000:    5s.  Last read position: chr14:68,845,834.  Last read name: SRR7624413.10875307
INFO	2024-07-03 19:44:25	CleanSam	Processed    30,000,000 records.  Elapsed time: 00:02:35s.  Time for last 1,000,000:    5s.  Last read position: chr1:181,675,716.  Last read name: SRR7624413.7154739
INFO	2024-07-03 19:44:30	CleanSam	Processed    31,000,000 records.  Elapsed time: 00:02:40s.  Time for last 1,000,000:    5s.  Last read position: chr12:82,275,793.  Last read name: SRR7624413.17378768
INFO	2024-07-03 19:44:35	CleanSam	Processed    32,000,000 records.  Elapsed time: 00:02:46s.  Time for last 1,000,000:    5s.  Last read position: chr1:89,484,518.  Last read name: SRR7624413.3811930
INFO	2024-07-03 19:44:41	CleanSam	Processed    33,000,000 records.  Elapsed time: 00:02:51s.  Time for last 1,000,000:    5s.  Last read position: chr8:4,468,900.  Last read name: SRR7624413.9017479
INFO	2024-07-03 19:44:46	CleanSam	Processed    34,000,000 records.  Elapsed time: 00:02:56s.  Time for last 1,000,000:    5s.  Last read position: chr18:16,353,453.  Last read name: SRR7624413.11219650
INFO	2024-07-03 19:44:51	CleanSam	Processed    35,000,000 records.  Elapsed time: 00:03:01s.  Time for last 1,000,000:    5s.  Last read position: chr1:27,829,474.  Last read name: SRR7624413.30429543
INFO	2024-07-03 19:44:56	CleanSam	Processed    36,000,000 records.  Elapsed time: 00:03:07s.  Time for last 1,000,000:    5s.  Last read position: chr9:25,943,689.  Last read name: SRR7624413.19173446
INFO	2024-07-03 19:45:02	CleanSam	Processed    37,000,000 records.  Elapsed time: 00:03:12s.  Time for last 1,000,000:    5s.  Last read position: chrUn_JH584304:78,367.  Last read name: SRR7624413.54041054
INFO	2024-07-03 19:45:07	CleanSam	Processed    38,000,000 records.  Elapsed time: 00:03:17s.  Time for last 1,000,000:    5s.  Last read position: chr8:4,317,655.  Last read name: SRR7624413.45823532
INFO	2024-07-03 19:45:12	CleanSam	Processed    39,000,000 records.  Elapsed time: 00:03:23s.  Time for last 1,000,000:    5s.  Last read position: chr4:23,927,553.  Last read name: SRR7624413.15082001
INFO	2024-07-03 19:45:18	CleanSam	Processed    40,000,000 records.  Elapsed time: 00:03:28s.  Time for last 1,000,000:    5s.  Last read position: chr18:8,794,134.  Last read name: SRR7624413.4764142
INFO	2024-07-03 19:45:23	CleanSam	Processed    41,000,000 records.  Elapsed time: 00:03:33s.  Time for last 1,000,000:    5s.  Last read position: chr4:144,399,560.  Last read name: SRR7624413.15197236
INFO	2024-07-03 19:45:28	CleanSam	Processed    42,000,000 records.  Elapsed time: 00:03:38s.  Time for last 1,000,000:    5s.  Last read position: chr9:70,187,484.  Last read name: SRR7624413.5997019
INFO	2024-07-03 19:45:33	CleanSam	Processed    43,000,000 records.  Elapsed time: 00:03:43s.  Time for last 1,000,000:    5s.  Last read position: chr8:103,243,641.  Last read name: SRR7624413.25901723
[Wed Jul 03 19:45:47 CEST 2024] picard.sam.CleanSam done. Elapsed time: 3.96 minutes.
Runtime.totalMemory()=564658176
19:45:49.315 INFO  NativeLibraryLoader - Loading libgkl_compression.so from jar:file:/home/robin/bin/miniconda3/share/picard-2.26.2-0/picard.jar!/com/intel/gkl/native/libgkl_compression.so
[Wed Jul 03 19:45:49 CEST 2024] SamFormatConverter --INPUT E14_0h_RNApolII_ChIP_Yang2019_GSM3314725_cleaned.sam --OUTPUT E14_0h_RNApolII_ChIP_Yang2019_GSM3314725_unsorted.bam --TMP_DIR . --VERBOSITY INFO --QUIET false --VALIDATION_STRINGENCY STRICT --COMPRESSION_LEVEL 5 --MAX_RECORDS_IN_RAM 500000 --CREATE_INDEX false --CREATE_MD5_FILE false --GA4GH_CLIENT_SECRETS client_secrets.json --help false --version false --showHidden false --USE_JDK_DEFLATER false --USE_JDK_INFLATER false
[Wed Jul 03 19:45:49 CEST 2024] Executing as robin@epipax.ijm.univ-paris-diderot.priv on Linux 6.1.0-21-amd64 amd64; OpenJDK 64-Bit Server VM 1.8.0_332-b09; Deflater: Intel; Inflater: Intel; Provider GCS is not available; Picard version: Version:2.26.2
INFO	2024-07-03 19:45:50	SamFormatConverter	Seen many non-increasing record positions. Printing Read-names as well.
INFO	2024-07-03 19:45:59	SamFormatConverter	Processed     1,000,000 records.  Elapsed time: 00:00:08s.  Time for last 1,000,000:    8s.  Last read position: chr12:90,584,603.  Last read name: SRR7624413.4236528
INFO	2024-07-03 19:46:08	SamFormatConverter	Processed     2,000,000 records.  Elapsed time: 00:00:17s.  Time for last 1,000,000:    8s.  Last read position: */*.  Last read name: SRR7624413.13216149
INFO	2024-07-03 19:46:16	SamFormatConverter	Processed     3,000,000 records.  Elapsed time: 00:00:25s.  Time for last 1,000,000:    8s.  Last read position: chr6:79,678,760.  Last read name: SRR7624413.32182551
INFO	2024-07-03 19:46:25	SamFormatConverter	Processed     4,000,000 records.  Elapsed time: 00:00:34s.  Time for last 1,000,000:    8s.  Last read position: chr14:42,143,495.  Last read name: SRR7624413.19412592
INFO	2024-07-03 19:46:33	SamFormatConverter	Processed     5,000,000 records.  Elapsed time: 00:00:43s.  Time for last 1,000,000:    8s.  Last read position: chr14:62,998,988.  Last read name: SRR7624413.51553866
INFO	2024-07-03 19:46:41	SamFormatConverter	Processed     6,000,000 records.  Elapsed time: 00:00:51s.  Time for last 1,000,000:    8s.  Last read position: chrUn_JH584304:86,326.  Last read name: SRR7624413.16109605
INFO	2024-07-03 19:46:50	SamFormatConverter	Processed     7,000,000 records.  Elapsed time: 00:00:59s.  Time for last 1,000,000:    8s.  Last read position: chrX:105,590,831.  Last read name: SRR7624413.29695280
INFO	2024-07-03 19:46:58	SamFormatConverter	Processed     8,000,000 records.  Elapsed time: 00:01:08s.  Time for last 1,000,000:    8s.  Last read position: chr13:9,441,959.  Last read name: SRR7624413.24173705
INFO	2024-07-03 19:47:07	SamFormatConverter	Processed     9,000,000 records.  Elapsed time: 00:01:16s.  Time for last 1,000,000:    8s.  Last read position: chr16:66,279,817.  Last read name: SRR7624413.4639363
INFO	2024-07-03 19:47:15	SamFormatConverter	Processed    10,000,000 records.  Elapsed time: 00:01:24s.  Time for last 1,000,000:    8s.  Last read position: chr9:36,699,108.  Last read name: SRR7624413.53191538
INFO	2024-07-03 19:47:23	SamFormatConverter	Processed    11,000,000 records.  Elapsed time: 00:01:33s.  Time for last 1,000,000:    8s.  Last read position: chr19:53,785,126.  Last read name: SRR7624413.21442464
INFO	2024-07-03 19:47:32	SamFormatConverter	Processed    12,000,000 records.  Elapsed time: 00:01:41s.  Time for last 1,000,000:    8s.  Last read position: chr13:92,675,783.  Last read name: SRR7624413.4347308
INFO	2024-07-03 19:47:40	SamFormatConverter	Processed    13,000,000 records.  Elapsed time: 00:01:49s.  Time for last 1,000,000:    8s.  Last read position: chr14:19,415,732.  Last read name: SRR7624413.16597395
INFO	2024-07-03 19:47:48	SamFormatConverter	Processed    14,000,000 records.  Elapsed time: 00:01:58s.  Time for last 1,000,000:    8s.  Last read position: */*.  Last read name: SRR7624413.19430189
INFO	2024-07-03 19:47:57	SamFormatConverter	Processed    15,000,000 records.  Elapsed time: 00:02:07s.  Time for last 1,000,000:    8s.  Last read position: chr2:138,999,007.  Last read name: SRR7624413.18256168
INFO	2024-07-03 19:48:06	SamFormatConverter	Processed    16,000,000 records.  Elapsed time: 00:02:15s.  Time for last 1,000,000:    8s.  Last read position: chr7:113,189,836.  Last read name: SRR7624413.18991274
INFO	2024-07-03 19:48:14	SamFormatConverter	Processed    17,000,000 records.  Elapsed time: 00:02:24s.  Time for last 1,000,000:    8s.  Last read position: chr15:49,546,275.  Last read name: SRR7624413.4528612
INFO	2024-07-03 19:48:22	SamFormatConverter	Processed    18,000,000 records.  Elapsed time: 00:02:32s.  Time for last 1,000,000:    8s.  Last read position: chr19:29,216,067.  Last read name: SRR7624413.4863550
INFO	2024-07-03 19:48:31	SamFormatConverter	Processed    19,000,000 records.  Elapsed time: 00:02:40s.  Time for last 1,000,000:    8s.  Last read position: chr12:98,986,760.  Last read name: SRR7624413.584123
INFO	2024-07-03 19:48:39	SamFormatConverter	Processed    20,000,000 records.  Elapsed time: 00:02:49s.  Time for last 1,000,000:    8s.  Last read position: chr15:100,301,311.  Last read name: SRR7624413.27917868
INFO	2024-07-03 19:48:48	SamFormatConverter	Processed    21,000,000 records.  Elapsed time: 00:02:57s.  Time for last 1,000,000:    8s.  Last read position: chr5:145,459,686.  Last read name: SRR7624413.29813784
INFO	2024-07-03 19:48:56	SamFormatConverter	Processed    22,000,000 records.  Elapsed time: 00:03:06s.  Time for last 1,000,000:    8s.  Last read position: chr15:82,749,248.  Last read name: SRR7624413.22904457
INFO	2024-07-03 19:49:05	SamFormatConverter	Processed    23,000,000 records.  Elapsed time: 00:03:14s.  Time for last 1,000,000:    8s.  Last read position: chr3:134,361,333.  Last read name: SRR7624413.45193945
INFO	2024-07-03 19:49:13	SamFormatConverter	Processed    24,000,000 records.  Elapsed time: 00:03:22s.  Time for last 1,000,000:    8s.  Last read position: chr3:73,345,739.  Last read name: SRR7624413.11629747
INFO	2024-07-03 19:49:21	SamFormatConverter	Processed    25,000,000 records.  Elapsed time: 00:03:30s.  Time for last 1,000,000:    8s.  Last read position: chr9:62,350,338.  Last read name: SRR7624413.15815417
INFO	2024-07-03 19:49:29	SamFormatConverter	Processed    26,000,000 records.  Elapsed time: 00:03:39s.  Time for last 1,000,000:    8s.  Last read position: chr14:19,710,060.  Last read name: SRR7624413.17541184
INFO	2024-07-03 19:49:37	SamFormatConverter	Processed    27,000,000 records.  Elapsed time: 00:03:47s.  Time for last 1,000,000:    8s.  Last read position: chrX:69,874,852.  Last read name: SRR7624413.42581370
INFO	2024-07-03 19:49:45	SamFormatConverter	Processed    28,000,000 records.  Elapsed time: 00:03:55s.  Time for last 1,000,000:    8s.  Last read position: chrY:140,958.  Last read name: SRR7624413.57274977
INFO	2024-07-03 19:49:54	SamFormatConverter	Processed    29,000,000 records.  Elapsed time: 00:04:03s.  Time for last 1,000,000:    8s.  Last read position: chr14:68,845,834.  Last read name: SRR7624413.10875307
INFO	2024-07-03 19:50:02	SamFormatConverter	Processed    30,000,000 records.  Elapsed time: 00:04:12s.  Time for last 1,000,000:    8s.  Last read position: chr1:181,675,716.  Last read name: SRR7624413.7154739
INFO	2024-07-03 19:50:10	SamFormatConverter	Processed    31,000,000 records.  Elapsed time: 00:04:20s.  Time for last 1,000,000:    8s.  Last read position: chr12:82,275,793.  Last read name: SRR7624413.17378768
INFO	2024-07-03 19:50:19	SamFormatConverter	Processed    32,000,000 records.  Elapsed time: 00:04:28s.  Time for last 1,000,000:    8s.  Last read position: chr1:89,484,518.  Last read name: SRR7624413.3811930
INFO	2024-07-03 19:50:27	SamFormatConverter	Processed    33,000,000 records.  Elapsed time: 00:04:37s.  Time for last 1,000,000:    8s.  Last read position: chr8:4,468,900.  Last read name: SRR7624413.9017479
INFO	2024-07-03 19:50:35	SamFormatConverter	Processed    34,000,000 records.  Elapsed time: 00:04:45s.  Time for last 1,000,000:    8s.  Last read position: chr18:16,353,453.  Last read name: SRR7624413.11219650
INFO	2024-07-03 19:50:44	SamFormatConverter	Processed    35,000,000 records.  Elapsed time: 00:04:53s.  Time for last 1,000,000:    8s.  Last read position: chr1:27,829,474.  Last read name: SRR7624413.30429543
INFO	2024-07-03 19:50:52	SamFormatConverter	Processed    36,000,000 records.  Elapsed time: 00:05:02s.  Time for last 1,000,000:    8s.  Last read position: chr9:25,943,689.  Last read name: SRR7624413.19173446
INFO	2024-07-03 19:51:01	SamFormatConverter	Processed    37,000,000 records.  Elapsed time: 00:05:10s.  Time for last 1,000,000:    8s.  Last read position: chrUn_JH584304:78,367.  Last read name: SRR7624413.54041054
INFO	2024-07-03 19:51:09	SamFormatConverter	Processed    38,000,000 records.  Elapsed time: 00:05:18s.  Time for last 1,000,000:    8s.  Last read position: chr8:4,317,655.  Last read name: SRR7624413.45823532
INFO	2024-07-03 19:51:17	SamFormatConverter	Processed    39,000,000 records.  Elapsed time: 00:05:27s.  Time for last 1,000,000:    8s.  Last read position: chr4:23,927,553.  Last read name: SRR7624413.15082001
INFO	2024-07-03 19:51:26	SamFormatConverter	Processed    40,000,000 records.  Elapsed time: 00:05:36s.  Time for last 1,000,000:    9s.  Last read position: chr18:8,794,134.  Last read name: SRR7624413.4764142
INFO	2024-07-03 19:51:35	SamFormatConverter	Processed    41,000,000 records.  Elapsed time: 00:05:45s.  Time for last 1,000,000:    8s.  Last read position: chr4:144,399,560.  Last read name: SRR7624413.15197236
INFO	2024-07-03 19:51:44	SamFormatConverter	Processed    42,000,000 records.  Elapsed time: 00:05:53s.  Time for last 1,000,000:    8s.  Last read position: chr9:70,187,484.  Last read name: SRR7624413.5997019
INFO	2024-07-03 19:51:52	SamFormatConverter	Processed    43,000,000 records.  Elapsed time: 00:06:02s.  Time for last 1,000,000:    8s.  Last read position: chr8:103,243,641.  Last read name: SRR7624413.25901723
[Wed Jul 03 19:51:55 CEST 2024] picard.sam.SamFormatConverter done. Elapsed time: 6.11 minutes.
Runtime.totalMemory()=637534208
19:51:57.745 INFO  NativeLibraryLoader - Loading libgkl_compression.so from jar:file:/home/robin/bin/miniconda3/share/picard-2.26.2-0/picard.jar!/com/intel/gkl/native/libgkl_compression.so
[Wed Jul 03 19:51:57 CEST 2024] SortSam --INPUT E14_0h_RNApolII_ChIP_Yang2019_GSM3314725_unsorted.bam --OUTPUT E14_0h_RNApolII_ChIP_Yang2019_GSM3314725_sorted.bam --SORT_ORDER coordinate --TMP_DIR . --VERBOSITY INFO --QUIET false --VALIDATION_STRINGENCY STRICT --COMPRESSION_LEVEL 5 --MAX_RECORDS_IN_RAM 500000 --CREATE_INDEX false --CREATE_MD5_FILE false --GA4GH_CLIENT_SECRETS client_secrets.json --help false --version false --showHidden false --USE_JDK_DEFLATER false --USE_JDK_INFLATER false
[Wed Jul 03 19:51:57 CEST 2024] Executing as robin@epipax.ijm.univ-paris-diderot.priv on Linux 6.1.0-21-amd64 amd64; OpenJDK 64-Bit Server VM 1.8.0_332-b09; Deflater: Intel; Inflater: Intel; Provider GCS is not available; Picard version: Version:2.26.2
INFO	2024-07-03 19:51:58	SortSam	Seen many non-increasing record positions. Printing Read-names as well.
INFO	2024-07-03 19:53:04	SortSam	Read    10,000,000 records.  Elapsed time: 00:01:06s.  Time for last 10,000,000:   66s.  Last read position: chr9:36,699,108.  Last read name: SRR7624413.53191538
INFO	2024-07-03 19:54:05	SortSam	Read    20,000,000 records.  Elapsed time: 00:02:07s.  Time for last 10,000,000:   60s.  Last read position: chr15:100,301,311.  Last read name: SRR7624413.27917868
INFO	2024-07-03 19:55:07	SortSam	Read    30,000,000 records.  Elapsed time: 00:03:08s.  Time for last 10,000,000:   61s.  Last read position: chr1:181,675,716.  Last read name: SRR7624413.7154739
INFO	2024-07-03 19:56:09	SortSam	Read    40,000,000 records.  Elapsed time: 00:04:11s.  Time for last 10,000,000:   62s.  Last read position: chr18:8,794,134.  Last read name: SRR7624413.4764142
INFO	2024-07-03 19:56:29	SortSam	Finished reading inputs, merging and writing to output now.
INFO	2024-07-03 19:57:18	SortSam	Wrote    10,000,000 records from a sorting collection.  Elapsed time: 00:05:20s.  Time for last 10,000,000:   47s.  Last read position: chr4:58,335,078
INFO	2024-07-03 19:58:05	SortSam	Wrote    20,000,000 records from a sorting collection.  Elapsed time: 00:06:07s.  Time for last 10,000,000:   46s.  Last read position: chr8:80,984,412
INFO	2024-07-03 19:58:51	SortSam	Wrote    30,000,000 records from a sorting collection.  Elapsed time: 00:06:53s.  Time for last 10,000,000:   46s.  Last read position: chr13:63,814,358
INFO	2024-07-03 19:59:38	SortSam	Wrote    40,000,000 records from a sorting collection.  Elapsed time: 00:07:39s.  Time for last 10,000,000:   46s.  Last read position: chr19:47,741,808
[Wed Jul 03 19:59:55 CEST 2024] picard.sam.SortSam done. Elapsed time: 7.96 minutes.
Runtime.totalMemory()=1715470336
19:59:56.536 INFO  NativeLibraryLoader - Loading libgkl_compression.so from jar:file:/home/robin/bin/miniconda3/share/picard-2.26.2-0/picard.jar!/com/intel/gkl/native/libgkl_compression.so
[Wed Jul 03 19:59:56 CEST 2024] MarkDuplicates --INPUT E14_0h_RNApolII_ChIP_Yang2019_GSM3314725_sorted.bam --OUTPUT E14_0h_RNApolII_ChIP_Yang2019_GSM3314725.bam --METRICS_FILE E14_0h_RNApolII_ChIP_Yang2019_GSM3314725_markDupeMetrics.txt --REMOVE_DUPLICATES false --TMP_DIR . --MAX_SEQUENCES_FOR_DISK_READ_ENDS_MAP 50000 --MAX_FILE_HANDLES_FOR_READ_ENDS_MAP 8000 --SORTING_COLLECTION_SIZE_RATIO 0.25 --TAG_DUPLICATE_SET_MEMBERS false --REMOVE_SEQUENCING_DUPLICATES false --TAGGING_POLICY DontTag --CLEAR_DT true --DUPLEX_UMI false --ADD_PG_TAG_TO_READS true --ASSUME_SORTED false --DUPLICATE_SCORING_STRATEGY SUM_OF_BASE_QUALITIES --PROGRAM_RECORD_ID MarkDuplicates --PROGRAM_GROUP_NAME MarkDuplicates --READ_NAME_REGEX <optimized capture of last three ':' separated fields as numeric values> --OPTICAL_DUPLICATE_PIXEL_DISTANCE 100 --MAX_OPTICAL_DUPLICATE_SET_SIZE 300000 --VERBOSITY INFO --QUIET false --VALIDATION_STRINGENCY STRICT --COMPRESSION_LEVEL 5 --MAX_RECORDS_IN_RAM 500000 --CREATE_INDEX false --CREATE_MD5_FILE false --GA4GH_CLIENT_SECRETS client_secrets.json --help false --version false --showHidden false --USE_JDK_DEFLATER false --USE_JDK_INFLATER false
[Wed Jul 03 19:59:56 CEST 2024] Executing as robin@epipax.ijm.univ-paris-diderot.priv on Linux 6.1.0-21-amd64 amd64; OpenJDK 64-Bit Server VM 1.8.0_332-b09; Deflater: Intel; Inflater: Intel; Provider GCS is not available; Picard version: Version:2.26.2
INFO	2024-07-03 19:59:56	MarkDuplicates	Start of doWork freeMemory: 501502040; totalMemory: 514850816; maxMemory: 1908932608
INFO	2024-07-03 19:59:56	MarkDuplicates	Reading input file and constructing read end information.
INFO	2024-07-03 19:59:56	MarkDuplicates	Will retain up to 6916422 data points before spilling to disk.
WARNING	2024-07-03 19:59:56	AbstractOpticalDuplicateFinderCommandLineProgram	A field field parsed out of a read name was expected to contain an integer and did not. Read name: SRR7624413.36464201. Cause: String 'SRR7624413.36464201' did not start with a parsable number.
INFO	2024-07-03 20:00:00	MarkDuplicates	Read     1,000,000 records.  Elapsed time: 00:00:03s.  Time for last 1,000,000:    3s.  Last read position: chr1:61,882,133
INFO	2024-07-03 20:00:00	MarkDuplicates	Tracking 0 as yet unmatched pairs. 0 records in RAM.
INFO	2024-07-03 20:00:04	MarkDuplicates	Read     2,000,000 records.  Elapsed time: 00:00:07s.  Time for last 1,000,000:    3s.  Last read position: chr1:122,842,938
INFO	2024-07-03 20:00:04	MarkDuplicates	Tracking 0 as yet unmatched pairs. 0 records in RAM.
INFO	2024-07-03 20:00:07	MarkDuplicates	Read     3,000,000 records.  Elapsed time: 00:00:10s.  Time for last 1,000,000:    3s.  Last read position: chr1:182,112,369
INFO	2024-07-03 20:00:07	MarkDuplicates	Tracking 0 as yet unmatched pairs. 0 records in RAM.
INFO	2024-07-03 20:00:11	MarkDuplicates	Read     4,000,000 records.  Elapsed time: 00:00:14s.  Time for last 1,000,000:    3s.  Last read position: chr2:50,952,497
INFO	2024-07-03 20:00:11	MarkDuplicates	Tracking 0 as yet unmatched pairs. 0 records in RAM.
INFO	2024-07-03 20:00:15	MarkDuplicates	Read     5,000,000 records.  Elapsed time: 00:00:18s.  Time for last 1,000,000:    4s.  Last read position: chr2:98,667,093
INFO	2024-07-03 20:00:15	MarkDuplicates	Tracking 0 as yet unmatched pairs. 0 records in RAM.
INFO	2024-07-03 20:00:19	MarkDuplicates	Read     6,000,000 records.  Elapsed time: 00:00:22s.  Time for last 1,000,000:    3s.  Last read position: chr2:154,336,109
INFO	2024-07-03 20:00:19	MarkDuplicates	Tracking 0 as yet unmatched pairs. 0 records in RAM.
INFO	2024-07-03 20:00:25	MarkDuplicates	Read     7,000,000 records.  Elapsed time: 00:00:28s.  Time for last 1,000,000:    5s.  Last read position: chr3:36,819,196
INFO	2024-07-03 20:00:25	MarkDuplicates	Tracking 0 as yet unmatched pairs. 0 records in RAM.
INFO	2024-07-03 20:00:28	MarkDuplicates	Read     8,000,000 records.  Elapsed time: 00:00:31s.  Time for last 1,000,000:    3s.  Last read position: chr3:96,072,349
INFO	2024-07-03 20:00:28	MarkDuplicates	Tracking 0 as yet unmatched pairs. 0 records in RAM.
INFO	2024-07-03 20:00:32	MarkDuplicates	Read     9,000,000 records.  Elapsed time: 00:00:35s.  Time for last 1,000,000:    3s.  Last read position: chr3:155,468,652
INFO	2024-07-03 20:00:32	MarkDuplicates	Tracking 0 as yet unmatched pairs. 0 records in RAM.
INFO	2024-07-03 20:00:35	MarkDuplicates	Read    10,000,000 records.  Elapsed time: 00:00:38s.  Time for last 1,000,000:    3s.  Last read position: chr4:58,335,078
INFO	2024-07-03 20:00:35	MarkDuplicates	Tracking 0 as yet unmatched pairs. 0 records in RAM.
INFO	2024-07-03 20:00:38	MarkDuplicates	Read    11,000,000 records.  Elapsed time: 00:00:41s.  Time for last 1,000,000:    3s.  Last read position: chr4:121,559,396
INFO	2024-07-03 20:00:38	MarkDuplicates	Tracking 0 as yet unmatched pairs. 0 records in RAM.
INFO	2024-07-03 20:00:45	MarkDuplicates	Read    12,000,000 records.  Elapsed time: 00:00:48s.  Time for last 1,000,000:    6s.  Last read position: chr5:25,481,811
INFO	2024-07-03 20:00:45	MarkDuplicates	Tracking 0 as yet unmatched pairs. 0 records in RAM.
INFO	2024-07-03 20:00:48	MarkDuplicates	Read    13,000,000 records.  Elapsed time: 00:00:51s.  Time for last 1,000,000:    3s.  Last read position: chr5:85,940,624
INFO	2024-07-03 20:00:48	MarkDuplicates	Tracking 0 as yet unmatched pairs. 0 records in RAM.
INFO	2024-07-03 20:00:54	MarkDuplicates	Read    14,000,000 records.  Elapsed time: 00:00:57s.  Time for last 1,000,000:    5s.  Last read position: chr5:149,533,421
INFO	2024-07-03 20:00:54	MarkDuplicates	Tracking 0 as yet unmatched pairs. 0 records in RAM.
INFO	2024-07-03 20:00:57	MarkDuplicates	Read    15,000,000 records.  Elapsed time: 00:01:00s.  Time for last 1,000,000:    3s.  Last read position: chr6:60,501,674
INFO	2024-07-03 20:00:57	MarkDuplicates	Tracking 0 as yet unmatched pairs. 0 records in RAM.
INFO	2024-07-03 20:01:01	MarkDuplicates	Read    16,000,000 records.  Elapsed time: 00:01:04s.  Time for last 1,000,000:    3s.  Last read position: chr6:120,809,644
INFO	2024-07-03 20:01:01	MarkDuplicates	Tracking 0 as yet unmatched pairs. 0 records in RAM.
INFO	2024-07-03 20:01:06	MarkDuplicates	Read    17,000,000 records.  Elapsed time: 00:01:09s.  Time for last 1,000,000:    5s.  Last read position: chr7:38,217,895
INFO	2024-07-03 20:01:06	MarkDuplicates	Tracking 0 as yet unmatched pairs. 0 records in RAM.
INFO	2024-07-03 20:01:09	MarkDuplicates	Read    18,000,000 records.  Elapsed time: 00:01:12s.  Time for last 1,000,000:    3s.  Last read position: chr7:102,154,645
INFO	2024-07-03 20:01:09	MarkDuplicates	Tracking 0 as yet unmatched pairs. 0 records in RAM.
INFO	2024-07-03 20:01:13	MarkDuplicates	Read    19,000,000 records.  Elapsed time: 00:01:16s.  Time for last 1,000,000:    3s.  Last read position: chr8:22,062,111
INFO	2024-07-03 20:01:13	MarkDuplicates	Tracking 0 as yet unmatched pairs. 0 records in RAM.
INFO	2024-07-03 20:01:16	MarkDuplicates	Read    20,000,000 records.  Elapsed time: 00:01:19s.  Time for last 1,000,000:    3s.  Last read position: chr8:80,984,412
INFO	2024-07-03 20:01:16	MarkDuplicates	Tracking 0 as yet unmatched pairs. 0 records in RAM.
INFO	2024-07-03 20:01:22	MarkDuplicates	Read    21,000,000 records.  Elapsed time: 00:01:25s.  Time for last 1,000,000:    5s.  Last read position: chr9:8,137,494
INFO	2024-07-03 20:01:22	MarkDuplicates	Tracking 0 as yet unmatched pairs. 0 records in RAM.
INFO	2024-07-03 20:01:25	MarkDuplicates	Read    22,000,000 records.  Elapsed time: 00:01:28s.  Time for last 1,000,000:    3s.  Last read position: chr9:66,580,272
INFO	2024-07-03 20:01:25	MarkDuplicates	Tracking 0 as yet unmatched pairs. 0 records in RAM.
INFO	2024-07-03 20:01:30	MarkDuplicates	Read    23,000,000 records.  Elapsed time: 00:01:33s.  Time for last 1,000,000:    4s.  Last read position: chr10:6,027,558
INFO	2024-07-03 20:01:30	MarkDuplicates	Tracking 0 as yet unmatched pairs. 0 records in RAM.
INFO	2024-07-03 20:01:33	MarkDuplicates	Read    24,000,000 records.  Elapsed time: 00:01:36s.  Time for last 1,000,000:    3s.  Last read position: chr10:64,609,844
INFO	2024-07-03 20:01:33	MarkDuplicates	Tracking 0 as yet unmatched pairs. 0 records in RAM.
INFO	2024-07-03 20:01:37	MarkDuplicates	Read    25,000,000 records.  Elapsed time: 00:01:40s.  Time for last 1,000,000:    3s.  Last read position: chr10:124,294,964
INFO	2024-07-03 20:01:37	MarkDuplicates	Tracking 0 as yet unmatched pairs. 0 records in RAM.
INFO	2024-07-03 20:01:41	MarkDuplicates	Read    26,000,000 records.  Elapsed time: 00:01:44s.  Time for last 1,000,000:    3s.  Last read position: chr11:54,308,957
INFO	2024-07-03 20:01:41	MarkDuplicates	Tracking 0 as yet unmatched pairs. 0 records in RAM.
INFO	2024-07-03 20:01:44	MarkDuplicates	Read    27,000,000 records.  Elapsed time: 00:01:47s.  Time for last 1,000,000:    3s.  Last read position: chr11:113,751,995
INFO	2024-07-03 20:01:44	MarkDuplicates	Tracking 0 as yet unmatched pairs. 0 records in RAM.
INFO	2024-07-03 20:01:50	MarkDuplicates	Read    28,000,000 records.  Elapsed time: 00:01:53s.  Time for last 1,000,000:    5s.  Last read position: chr12:59,251,293
INFO	2024-07-03 20:01:50	MarkDuplicates	Tracking 0 as yet unmatched pairs. 0 records in RAM.
INFO	2024-07-03 20:01:53	MarkDuplicates	Read    29,000,000 records.  Elapsed time: 00:01:57s.  Time for last 1,000,000:    3s.  Last read position: chr13:3,549,382
INFO	2024-07-03 20:01:53	MarkDuplicates	Tracking 0 as yet unmatched pairs. 0 records in RAM.
INFO	2024-07-03 20:01:59	MarkDuplicates	Read    30,000,000 records.  Elapsed time: 00:02:02s.  Time for last 1,000,000:    5s.  Last read position: chr13:63,814,358
INFO	2024-07-03 20:01:59	MarkDuplicates	Tracking 0 as yet unmatched pairs. 0 records in RAM.
INFO	2024-07-03 20:02:02	MarkDuplicates	Read    31,000,000 records.  Elapsed time: 00:02:05s.  Time for last 1,000,000:    3s.  Last read position: chr14:4,104,051
INFO	2024-07-03 20:02:02	MarkDuplicates	Tracking 0 as yet unmatched pairs. 0 records in RAM.
INFO	2024-07-03 20:02:05	MarkDuplicates	Read    32,000,000 records.  Elapsed time: 00:02:09s.  Time for last 1,000,000:    3s.  Last read position: chr14:56,351,849
INFO	2024-07-03 20:02:05	MarkDuplicates	Tracking 0 as yet unmatched pairs. 0 records in RAM.
INFO	2024-07-03 20:02:09	MarkDuplicates	Read    33,000,000 records.  Elapsed time: 00:02:12s.  Time for last 1,000,000:    3s.  Last read position: chr14:115,871,841
INFO	2024-07-03 20:02:09	MarkDuplicates	Tracking 0 as yet unmatched pairs. 0 records in RAM.
INFO	2024-07-03 20:02:13	MarkDuplicates	Read    34,000,000 records.  Elapsed time: 00:02:16s.  Time for last 1,000,000:    3s.  Last read position: chr15:54,329,502
INFO	2024-07-03 20:02:13	MarkDuplicates	Tracking 0 as yet unmatched pairs. 0 records in RAM.
INFO	2024-07-03 20:02:18	MarkDuplicates	Read    35,000,000 records.  Elapsed time: 00:02:21s.  Time for last 1,000,000:    5s.  Last read position: chr16:17,342,177
INFO	2024-07-03 20:02:18	MarkDuplicates	Tracking 0 as yet unmatched pairs. 0 records in RAM.
INFO	2024-07-03 20:02:22	MarkDuplicates	Read    36,000,000 records.  Elapsed time: 00:02:25s.  Time for last 1,000,000:    3s.  Last read position: chr16:77,300,191
INFO	2024-07-03 20:02:22	MarkDuplicates	Tracking 0 as yet unmatched pairs. 0 records in RAM.
INFO	2024-07-03 20:02:26	MarkDuplicates	Read    37,000,000 records.  Elapsed time: 00:02:29s.  Time for last 1,000,000:    3s.  Last read position: chr17:39,624,907
INFO	2024-07-03 20:02:26	MarkDuplicates	Tracking 0 as yet unmatched pairs. 0 records in RAM.
INFO	2024-07-03 20:02:31	MarkDuplicates	Read    38,000,000 records.  Elapsed time: 00:02:34s.  Time for last 1,000,000:    5s.  Last read position: chr18:8,409,105
INFO	2024-07-03 20:02:31	MarkDuplicates	Tracking 0 as yet unmatched pairs. 0 records in RAM.
INFO	2024-07-03 20:02:34	MarkDuplicates	Read    39,000,000 records.  Elapsed time: 00:02:37s.  Time for last 1,000,000:    3s.  Last read position: chr18:71,595,830
INFO	2024-07-03 20:02:34	MarkDuplicates	Tracking 0 as yet unmatched pairs. 0 records in RAM.
INFO	2024-07-03 20:02:37	MarkDuplicates	Read    40,000,000 records.  Elapsed time: 00:02:40s.  Time for last 1,000,000:    3s.  Last read position: chr19:47,741,808
INFO	2024-07-03 20:02:37	MarkDuplicates	Tracking 0 as yet unmatched pairs. 0 records in RAM.
INFO	2024-07-03 20:02:41	MarkDuplicates	Read    41,000,000 records.  Elapsed time: 00:02:44s.  Time for last 1,000,000:    3s.  Last read position: chrX:94,891,121
INFO	2024-07-03 20:02:41	MarkDuplicates	Tracking 0 as yet unmatched pairs. 0 records in RAM.
INFO	2024-07-03 20:02:46	MarkDuplicates	Read    42,000,000 records.  Elapsed time: 00:02:49s.  Time for last 1,000,000:    5s.  Last read position: chrY:52,845,702
INFO	2024-07-03 20:02:46	MarkDuplicates	Tracking 0 as yet unmatched pairs. 0 records in RAM.
INFO	2024-07-03 20:02:48	MarkDuplicates	Read 42548418 records. 0 pairs never matched.
INFO	2024-07-03 20:02:49	MarkDuplicates	After buildSortedReadEndLists freeMemory: 1534748744; totalMemory: 1579679744; maxMemory: 1908932608
INFO	2024-07-03 20:02:49	MarkDuplicates	Will retain up to 59654144 duplicate indices before spilling to disk.
INFO	2024-07-03 20:02:49	MarkDuplicates	Traversing read pair information and detecting duplicates.
INFO	2024-07-03 20:02:49	MarkDuplicates	Traversing fragment information and detecting duplicates.
INFO	2024-07-03 20:03:00	MarkDuplicates	Sorting list of duplicate records.
INFO	2024-07-03 20:03:00	MarkDuplicates	After generateDuplicateIndexes freeMemory: 1100992608; totalMemory: 1595408384; maxMemory: 1908932608
INFO	2024-07-03 20:03:00	MarkDuplicates	Marking 777245 records as duplicates.
INFO	2024-07-03 20:03:00	MarkDuplicates	Found 0 optical duplicate clusters.
INFO	2024-07-03 20:03:00	MarkDuplicates	Reads are assumed to be ordered by: coordinate
INFO	2024-07-03 20:04:08	MarkDuplicates	Written    10,000,000 records.  Elapsed time: 00:01:07s.  Time for last 10,000,000:   67s.  Last read position: chr4:58,335,078
INFO	2024-07-03 20:05:15	MarkDuplicates	Written    20,000,000 records.  Elapsed time: 00:02:14s.  Time for last 10,000,000:   67s.  Last read position: chr8:80,984,412
INFO	2024-07-03 20:06:24	MarkDuplicates	Written    30,000,000 records.  Elapsed time: 00:03:23s.  Time for last 10,000,000:   68s.  Last read position: chr13:63,814,358
INFO	2024-07-03 20:07:32	MarkDuplicates	Written    40,000,000 records.  Elapsed time: 00:04:31s.  Time for last 10,000,000:   67s.  Last read position: chr19:47,741,808
INFO	2024-07-03 20:07:54	MarkDuplicates	Writing complete. Closing input iterator.
INFO	2024-07-03 20:07:54	MarkDuplicates	Duplicate Index cleanup.
INFO	2024-07-03 20:07:54	MarkDuplicates	Getting Memory Stats.
INFO	2024-07-03 20:07:54	MarkDuplicates	Before output close freeMemory: 1609302112; totalMemory: 1627914240; maxMemory: 1908932608
INFO	2024-07-03 20:07:55	MarkDuplicates	Closed outputs. Getting more Memory Stats.
INFO	2024-07-03 20:07:55	MarkDuplicates	After output close freeMemory: 1609302112; totalMemory: 1627914240; maxMemory: 1908932608
[Wed Jul 03 20:07:55 CEST 2024] picard.sam.markduplicates.MarkDuplicates done. Elapsed time: 7.98 minutes.
Runtime.totalMemory()=1627914240
[sam grooming] finished successfully at [Wed Jul 3 08:08:07 PM CEST 2024]
[trueStats] Collecting alignment statistics for E14_0h_RNApolII_ChIP_Yang2019_GSM3314725.bam at [Wed Jul 3 08:09:05 PM CEST 2024]
[bamToWigCPMsmoothKeepDup] Started with bin size: 1 and smoothing over 0 bp and KEEPING DUPLICATES at [Wed Jul 3 08:12:58 PM CEST 2024]
There are 40493759 alignments, of which 641640 are completely within a blacklist region.
Due to filtering, 88.59887713403887% of the aforementioned alignments will be used 35308529.94812096
[bamToWigCPMsmoothKeepDup] finished successfully at [Wed Jul 3 08:32:33 PM CEST 2024]
[file cleanup] started. Good job! at [Wed Jul 3 08:32:33 PM CEST 2024]
cp: cannot stat '*.pdf': No such file or directory
mv: cannot stat '*.bed': No such file or directory
mv: preserving times for '/data/bigWigs/E14_0h_RNApolII_ChIP_Yang2019_GSM3314725_trimV5_mm10_kpDup_q10_b1_s0_CPM.bw': Operation not permitted
mv: preserving permissions for ‘/data/bigWigs/E14_0h_RNApolII_ChIP_Yang2019_GSM3314725_trimV5_mm10_kpDup_q10_b1_s0_CPM.bw’: Operation not permitted
mv: preserving times for '/data/bams/E14_0h_RNApolII_ChIP_Yang2019_GSM3314725_trimV5_mm10.bam': Operation not permitted
mv: preserving permissions for ‘/data/bams/E14_0h_RNApolII_ChIP_Yang2019_GSM3314725_trimV5_mm10.bam’: Operation not permitted
mv: preserving times for '/data/bams/E14_0h_RNApolII_ChIP_Yang2019_GSM3314725_trimV5_mm10.bam.bai': Operation not permitted
mv: preserving permissions for ‘/data/bams/E14_0h_RNApolII_ChIP_Yang2019_GSM3314725_trimV5_mm10.bam.bai’: Operation not permitted
mv: cannot stat '*.gtf': No such file or directory
