SCRATCH: /scratch
[setupVariables] Data are paired-end. at [Mon Sep 9 02:50:33 PM CEST 2024]
[checkDependencies] Checking Dependencies [Mon Sep 9 02:50:33 PM CEST 2024] at [Mon Sep 9 02:50:33 PM CEST 2024]
[setup checkDependencies] trimmomatic... at [Mon Sep 9 02:50:33 PM CEST 2024]
[setup checkDependencies] STAR... at [Mon Sep 9 02:50:33 PM CEST 2024]
[setup checkDependencies] bismark... at [Mon Sep 9 02:50:33 PM CEST 2024]
[setup checkDependencies] bowtie2... at [Mon Sep 9 02:50:33 PM CEST 2024]
[setup checkDependencies] samtools... at [Mon Sep 9 02:50:33 PM CEST 2024]
[setup checkDependencies] picard... at [Mon Sep 9 02:50:33 PM CEST 2024]
[setup checkDependencies] awk... at [Mon Sep 9 02:50:33 PM CEST 2024]
[setup checkDependencies] bamCoverage... at [Mon Sep 9 02:50:33 PM CEST 2024]
[setup checkDependencies] fastqc... at [Mon Sep 9 02:50:33 PM CEST 2024]
[setup checkDependencies] fastq_screen... at [Mon Sep 9 02:50:33 PM CEST 2024]
[setup checkDependencies] stringtie... at [Mon Sep 9 02:50:33 PM CEST 2024]
[setup checkDependencies] clumpify.sh... at [Mon Sep 9 02:50:33 PM CEST 2024]
PAIRED: true
[setUpLogFile] Script started at [Mon Sep 9 02:50:33 PM CEST 2024] at [Mon Sep 9 02:50:33 PM CEST 2024]
[fastQC] started on raw FASTQs at [Mon Sep 9 02:50:33 PM CEST 2024]
Started analysis of E14_D0_DnmtWT_Tir_input_ChIP_TU69_R1_raw.fastq.gz
Started analysis of E14_D0_DnmtWT_Tir_input_ChIP_TU69_R2_raw.fastq.gz
Approx 5% complete for E14_D0_DnmtWT_Tir_input_ChIP_TU69_R2_raw.fastq.gz
Approx 5% complete for E14_D0_DnmtWT_Tir_input_ChIP_TU69_R1_raw.fastq.gz
Approx 10% complete for E14_D0_DnmtWT_Tir_input_ChIP_TU69_R2_raw.fastq.gz
Approx 10% complete for E14_D0_DnmtWT_Tir_input_ChIP_TU69_R1_raw.fastq.gz
Approx 15% complete for E14_D0_DnmtWT_Tir_input_ChIP_TU69_R2_raw.fastq.gz
Approx 15% complete for E14_D0_DnmtWT_Tir_input_ChIP_TU69_R1_raw.fastq.gz
Approx 20% complete for E14_D0_DnmtWT_Tir_input_ChIP_TU69_R2_raw.fastq.gz
Approx 20% complete for E14_D0_DnmtWT_Tir_input_ChIP_TU69_R1_raw.fastq.gz
Approx 25% complete for E14_D0_DnmtWT_Tir_input_ChIP_TU69_R2_raw.fastq.gz
Approx 25% complete for E14_D0_DnmtWT_Tir_input_ChIP_TU69_R1_raw.fastq.gz
Approx 30% complete for E14_D0_DnmtWT_Tir_input_ChIP_TU69_R2_raw.fastq.gz
Approx 30% complete for E14_D0_DnmtWT_Tir_input_ChIP_TU69_R1_raw.fastq.gz
Approx 35% complete for E14_D0_DnmtWT_Tir_input_ChIP_TU69_R2_raw.fastq.gz
Approx 35% complete for E14_D0_DnmtWT_Tir_input_ChIP_TU69_R1_raw.fastq.gz
Approx 40% complete for E14_D0_DnmtWT_Tir_input_ChIP_TU69_R2_raw.fastq.gz
Approx 40% complete for E14_D0_DnmtWT_Tir_input_ChIP_TU69_R1_raw.fastq.gz
Approx 45% complete for E14_D0_DnmtWT_Tir_input_ChIP_TU69_R2_raw.fastq.gz
Approx 50% complete for E14_D0_DnmtWT_Tir_input_ChIP_TU69_R2_raw.fastq.gz
Approx 45% complete for E14_D0_DnmtWT_Tir_input_ChIP_TU69_R1_raw.fastq.gz
Approx 55% complete for E14_D0_DnmtWT_Tir_input_ChIP_TU69_R2_raw.fastq.gz
Approx 50% complete for E14_D0_DnmtWT_Tir_input_ChIP_TU69_R1_raw.fastq.gz
Approx 60% complete for E14_D0_DnmtWT_Tir_input_ChIP_TU69_R2_raw.fastq.gz
Approx 55% complete for E14_D0_DnmtWT_Tir_input_ChIP_TU69_R1_raw.fastq.gz
Approx 65% complete for E14_D0_DnmtWT_Tir_input_ChIP_TU69_R2_raw.fastq.gz
Approx 60% complete for E14_D0_DnmtWT_Tir_input_ChIP_TU69_R1_raw.fastq.gz
Approx 70% complete for E14_D0_DnmtWT_Tir_input_ChIP_TU69_R2_raw.fastq.gz
Approx 65% complete for E14_D0_DnmtWT_Tir_input_ChIP_TU69_R1_raw.fastq.gz
Approx 75% complete for E14_D0_DnmtWT_Tir_input_ChIP_TU69_R2_raw.fastq.gz
Approx 70% complete for E14_D0_DnmtWT_Tir_input_ChIP_TU69_R1_raw.fastq.gz
Approx 80% complete for E14_D0_DnmtWT_Tir_input_ChIP_TU69_R2_raw.fastq.gz
Approx 75% complete for E14_D0_DnmtWT_Tir_input_ChIP_TU69_R1_raw.fastq.gz
Approx 85% complete for E14_D0_DnmtWT_Tir_input_ChIP_TU69_R2_raw.fastq.gz
Approx 80% complete for E14_D0_DnmtWT_Tir_input_ChIP_TU69_R1_raw.fastq.gz
Approx 90% complete for E14_D0_DnmtWT_Tir_input_ChIP_TU69_R2_raw.fastq.gz
Approx 85% complete for E14_D0_DnmtWT_Tir_input_ChIP_TU69_R1_raw.fastq.gz
Approx 95% complete for E14_D0_DnmtWT_Tir_input_ChIP_TU69_R2_raw.fastq.gz
Approx 90% complete for E14_D0_DnmtWT_Tir_input_ChIP_TU69_R1_raw.fastq.gz
Analysis complete for E14_D0_DnmtWT_Tir_input_ChIP_TU69_R2_raw.fastq.gz
Approx 95% complete for E14_D0_DnmtWT_Tir_input_ChIP_TU69_R1_raw.fastq.gz
Analysis complete for E14_D0_DnmtWT_Tir_input_ChIP_TU69_R1_raw.fastq.gz
[fastQC] on raw FASTQs finished succesfully. Will remove PCR duplicates now at [Mon Sep 9 02:52:00 PM CEST 2024]
Reads are length: 151 at [Mon Sep 9 02:52:00 PM CEST 2024]
Reads with same sequence 2 or fewer substitutions will be marked as PCR duplicates at [Mon Sep 9 02:52:00 PM CEST 2024]
Removal of PCR duplicates complete! at [Mon Sep 9 03:02:07 PM CEST 2024]
[trimReads] Started using version trimV5 parameters at [Mon Sep 9 03:02:07 PM CEST 2024]
ILLUMINACLIP:/data/reference_genomes/adapters/adapters.fa:2:30:10 SLIDINGWINDOW:4:20 MINLEN:24
[trimReads] Trimming E14_D0_DnmtWT_Tir_input_ChIP_TU69_R1.fastq.gz and E14_D0_DnmtWT_Tir_input_ChIP_TU69_R2.fastq.gz... at [Mon Sep 9 03:02:07 PM CEST 2024]
[trimReads] Finished successfully at [Mon Sep 9 03:06:59 PM CEST 2024]
[fastQC] started on E14_D0_DnmtWT_Tir_input_ChIP_TU69_R1.fastq.gz E14_D0_DnmtWT_Tir_input_ChIP_TU69_R2.fastq.gz E14_D0_DnmtWT_Tir_input_ChIP_TU69_trimV5_R1.fastq.gz E14_D0_DnmtWT_Tir_input_ChIP_TU69_trimV5_R2.fastq.gz at [Mon Sep 9 03:06:59 PM CEST 2024]
Started analysis of E14_D0_DnmtWT_Tir_input_ChIP_TU69_R1.fastq.gz
Started analysis of E14_D0_DnmtWT_Tir_input_ChIP_TU69_R2.fastq.gz
Started analysis of E14_D0_DnmtWT_Tir_input_ChIP_TU69_trimV5_R1.fastq.gz
Started analysis of E14_D0_DnmtWT_Tir_input_ChIP_TU69_trimV5_R2.fastq.gz
Approx 5% complete for E14_D0_DnmtWT_Tir_input_ChIP_TU69_trimV5_R1.fastq.gz
Approx 5% complete for E14_D0_DnmtWT_Tir_input_ChIP_TU69_trimV5_R2.fastq.gz
Approx 5% complete for E14_D0_DnmtWT_Tir_input_ChIP_TU69_R2.fastq.gz
Approx 5% complete for E14_D0_DnmtWT_Tir_input_ChIP_TU69_R1.fastq.gz
Approx 10% complete for E14_D0_DnmtWT_Tir_input_ChIP_TU69_trimV5_R1.fastq.gz
Approx 10% complete for E14_D0_DnmtWT_Tir_input_ChIP_TU69_trimV5_R2.fastq.gz
Approx 10% complete for E14_D0_DnmtWT_Tir_input_ChIP_TU69_R2.fastq.gz
Approx 10% complete for E14_D0_DnmtWT_Tir_input_ChIP_TU69_R1.fastq.gz
Approx 15% complete for E14_D0_DnmtWT_Tir_input_ChIP_TU69_trimV5_R1.fastq.gz
Approx 15% complete for E14_D0_DnmtWT_Tir_input_ChIP_TU69_trimV5_R2.fastq.gz
Approx 15% complete for E14_D0_DnmtWT_Tir_input_ChIP_TU69_R2.fastq.gz
Approx 20% complete for E14_D0_DnmtWT_Tir_input_ChIP_TU69_trimV5_R1.fastq.gz
Approx 15% complete for E14_D0_DnmtWT_Tir_input_ChIP_TU69_R1.fastq.gz
Approx 20% complete for E14_D0_DnmtWT_Tir_input_ChIP_TU69_trimV5_R2.fastq.gz
Approx 20% complete for E14_D0_DnmtWT_Tir_input_ChIP_TU69_R2.fastq.gz
Approx 25% complete for E14_D0_DnmtWT_Tir_input_ChIP_TU69_trimV5_R1.fastq.gz
Approx 25% complete for E14_D0_DnmtWT_Tir_input_ChIP_TU69_trimV5_R2.fastq.gz
Approx 20% complete for E14_D0_DnmtWT_Tir_input_ChIP_TU69_R1.fastq.gz
Approx 30% complete for E14_D0_DnmtWT_Tir_input_ChIP_TU69_trimV5_R1.fastq.gz
Approx 25% complete for E14_D0_DnmtWT_Tir_input_ChIP_TU69_R2.fastq.gz
Approx 30% complete for E14_D0_DnmtWT_Tir_input_ChIP_TU69_trimV5_R2.fastq.gz
Approx 35% complete for E14_D0_DnmtWT_Tir_input_ChIP_TU69_trimV5_R1.fastq.gz
Approx 25% complete for E14_D0_DnmtWT_Tir_input_ChIP_TU69_R1.fastq.gz
Approx 30% complete for E14_D0_DnmtWT_Tir_input_ChIP_TU69_R2.fastq.gz
Approx 35% complete for E14_D0_DnmtWT_Tir_input_ChIP_TU69_trimV5_R2.fastq.gz
Approx 40% complete for E14_D0_DnmtWT_Tir_input_ChIP_TU69_trimV5_R1.fastq.gz
Approx 35% complete for E14_D0_DnmtWT_Tir_input_ChIP_TU69_R2.fastq.gz
Approx 40% complete for E14_D0_DnmtWT_Tir_input_ChIP_TU69_trimV5_R2.fastq.gz
Approx 30% complete for E14_D0_DnmtWT_Tir_input_ChIP_TU69_R1.fastq.gz
Approx 45% complete for E14_D0_DnmtWT_Tir_input_ChIP_TU69_trimV5_R1.fastq.gz
Approx 40% complete for E14_D0_DnmtWT_Tir_input_ChIP_TU69_R2.fastq.gz
Approx 45% complete for E14_D0_DnmtWT_Tir_input_ChIP_TU69_trimV5_R2.fastq.gz
Approx 35% complete for E14_D0_DnmtWT_Tir_input_ChIP_TU69_R1.fastq.gz
Approx 50% complete for E14_D0_DnmtWT_Tir_input_ChIP_TU69_trimV5_R1.fastq.gz
Approx 50% complete for E14_D0_DnmtWT_Tir_input_ChIP_TU69_trimV5_R2.fastq.gz
Approx 40% complete for E14_D0_DnmtWT_Tir_input_ChIP_TU69_R1.fastq.gz
Approx 45% complete for E14_D0_DnmtWT_Tir_input_ChIP_TU69_R2.fastq.gz
Approx 55% complete for E14_D0_DnmtWT_Tir_input_ChIP_TU69_trimV5_R2.fastq.gz
Approx 45% complete for E14_D0_DnmtWT_Tir_input_ChIP_TU69_R1.fastq.gz
Approx 55% complete for E14_D0_DnmtWT_Tir_input_ChIP_TU69_trimV5_R1.fastq.gz
Approx 50% complete for E14_D0_DnmtWT_Tir_input_ChIP_TU69_R2.fastq.gz
Approx 60% complete for E14_D0_DnmtWT_Tir_input_ChIP_TU69_trimV5_R2.fastq.gz
Approx 50% complete for E14_D0_DnmtWT_Tir_input_ChIP_TU69_R1.fastq.gz
Approx 55% complete for E14_D0_DnmtWT_Tir_input_ChIP_TU69_R2.fastq.gz
Approx 65% complete for E14_D0_DnmtWT_Tir_input_ChIP_TU69_trimV5_R2.fastq.gz
Approx 60% complete for E14_D0_DnmtWT_Tir_input_ChIP_TU69_trimV5_R1.fastq.gz
Approx 55% complete for E14_D0_DnmtWT_Tir_input_ChIP_TU69_R1.fastq.gz
Approx 60% complete for E14_D0_DnmtWT_Tir_input_ChIP_TU69_R2.fastq.gz
Approx 70% complete for E14_D0_DnmtWT_Tir_input_ChIP_TU69_trimV5_R2.fastq.gz
Approx 60% complete for E14_D0_DnmtWT_Tir_input_ChIP_TU69_R1.fastq.gz
Approx 65% complete for E14_D0_DnmtWT_Tir_input_ChIP_TU69_trimV5_R1.fastq.gz
Approx 65% complete for E14_D0_DnmtWT_Tir_input_ChIP_TU69_R2.fastq.gz
Approx 75% complete for E14_D0_DnmtWT_Tir_input_ChIP_TU69_trimV5_R2.fastq.gz
Approx 65% complete for E14_D0_DnmtWT_Tir_input_ChIP_TU69_R1.fastq.gz
Approx 80% complete for E14_D0_DnmtWT_Tir_input_ChIP_TU69_trimV5_R2.fastq.gz
Approx 70% complete for E14_D0_DnmtWT_Tir_input_ChIP_TU69_R1.fastq.gz
Approx 70% complete for E14_D0_DnmtWT_Tir_input_ChIP_TU69_trimV5_R1.fastq.gz
Approx 70% complete for E14_D0_DnmtWT_Tir_input_ChIP_TU69_R2.fastq.gz
Approx 85% complete for E14_D0_DnmtWT_Tir_input_ChIP_TU69_trimV5_R2.fastq.gz
Approx 75% complete for E14_D0_DnmtWT_Tir_input_ChIP_TU69_R1.fastq.gz
Approx 75% complete for E14_D0_DnmtWT_Tir_input_ChIP_TU69_R2.fastq.gz
Approx 90% complete for E14_D0_DnmtWT_Tir_input_ChIP_TU69_trimV5_R2.fastq.gz
Approx 75% complete for E14_D0_DnmtWT_Tir_input_ChIP_TU69_trimV5_R1.fastq.gz
Approx 80% complete for E14_D0_DnmtWT_Tir_input_ChIP_TU69_R1.fastq.gz
Approx 80% complete for E14_D0_DnmtWT_Tir_input_ChIP_TU69_R2.fastq.gz
Approx 80% complete for E14_D0_DnmtWT_Tir_input_ChIP_TU69_trimV5_R1.fastq.gz
Approx 85% complete for E14_D0_DnmtWT_Tir_input_ChIP_TU69_R1.fastq.gz
Approx 95% complete for E14_D0_DnmtWT_Tir_input_ChIP_TU69_trimV5_R2.fastq.gz
Approx 90% complete for E14_D0_DnmtWT_Tir_input_ChIP_TU69_R1.fastq.gz
Approx 85% complete for E14_D0_DnmtWT_Tir_input_ChIP_TU69_trimV5_R1.fastq.gz
Approx 85% complete for E14_D0_DnmtWT_Tir_input_ChIP_TU69_R2.fastq.gz
Approx 90% complete for E14_D0_DnmtWT_Tir_input_ChIP_TU69_trimV5_R1.fastq.gz
Analysis complete for E14_D0_DnmtWT_Tir_input_ChIP_TU69_trimV5_R2.fastq.gz
Approx 95% complete for E14_D0_DnmtWT_Tir_input_ChIP_TU69_R1.fastq.gz
Approx 90% complete for E14_D0_DnmtWT_Tir_input_ChIP_TU69_R2.fastq.gz
Approx 95% complete for E14_D0_DnmtWT_Tir_input_ChIP_TU69_trimV5_R1.fastq.gz
Analysis complete for E14_D0_DnmtWT_Tir_input_ChIP_TU69_R1.fastq.gz
Approx 95% complete for E14_D0_DnmtWT_Tir_input_ChIP_TU69_R2.fastq.gz
Analysis complete for E14_D0_DnmtWT_Tir_input_ChIP_TU69_trimV5_R1.fastq.gz
Analysis complete for E14_D0_DnmtWT_Tir_input_ChIP_TU69_R2.fastq.gz
[fastQC] finished succesfully at [Mon Sep 9 03:08:31 PM CEST 2024]
[bowtie2 alignment] started with reference /data/reference_genomes/mm10/mm10 at [Mon Sep 9 03:08:31 PM CEST 2024]
[alignment] Bowtie2 alignment finished successfully at [Mon Sep 9 05:47:34 PM CEST 2024]
[sam grooming] started at [Mon Sep 9 05:48:54 PM CEST 2024]
17:48:55.707 INFO  NativeLibraryLoader - Loading libgkl_compression.so from jar:file:/home/robin/bin/miniconda3/share/picard-2.26.2-0/picard.jar!/com/intel/gkl/native/libgkl_compression.so
[Mon Sep 09 17:48:55 CEST 2024] CleanSam --INPUT E14_D0_DnmtWT_Tir_input_ChIP_TU69_raw.sam --OUTPUT E14_D0_DnmtWT_Tir_input_ChIP_TU69_cleaned.sam --TMP_DIR . --VERBOSITY INFO --QUIET false --VALIDATION_STRINGENCY STRICT --COMPRESSION_LEVEL 5 --MAX_RECORDS_IN_RAM 500000 --CREATE_INDEX false --CREATE_MD5_FILE false --GA4GH_CLIENT_SECRETS client_secrets.json --help false --version false --showHidden false --USE_JDK_DEFLATER false --USE_JDK_INFLATER false
[Mon Sep 09 17:48:55 CEST 2024] Executing as robin@epipax.ijm.univ-paris-diderot.priv on Linux 6.1.0-25-amd64 amd64; OpenJDK 64-Bit Server VM 1.8.0_332-b09; Deflater: Intel; Inflater: Intel; Provider GCS is not available; Picard version: Version:2.26.2
INFO	2024-09-09 17:48:55	CleanSam	Seen many non-increasing record positions. Printing Read-names as well.
INFO	2024-09-09 17:49:03	CleanSam	Processed     1,000,000 records.  Elapsed time: 00:00:07s.  Time for last 1,000,000:    7s.  Last read position: chrUn_JH584304:85,740.  Last read name: LH00190:539:22FG7VLT4:7:1429:41121:6379
INFO	2024-09-09 17:49:09	CleanSam	Processed     2,000,000 records.  Elapsed time: 00:00:14s.  Time for last 1,000,000:    6s.  Last read position: chr9:3,031,674.  Last read name: LH00190:539:22FG7VLT4:7:1338:30181:2401
INFO	2024-09-09 17:49:16	CleanSam	Processed     3,000,000 records.  Elapsed time: 00:00:20s.  Time for last 1,000,000:    6s.  Last read position: chr2:98,666,715.  Last read name: LH00190:539:22FG7VLT4:7:2165:43638:9951
INFO	2024-09-09 17:49:23	CleanSam	Processed     4,000,000 records.  Elapsed time: 00:00:27s.  Time for last 1,000,000:    6s.  Last read position: chr13:79,422,258.  Last read name: LH00190:539:22FG7VLT4:7:1381:25285:1182
INFO	2024-09-09 17:49:30	CleanSam	Processed     5,000,000 records.  Elapsed time: 00:00:34s.  Time for last 1,000,000:    7s.  Last read position: chr6:57,953,333.  Last read name: LH00190:539:22FG7VLT4:7:2444:44965:28469
INFO	2024-09-09 17:49:40	CleanSam	Processed     6,000,000 records.  Elapsed time: 00:00:44s.  Time for last 1,000,000:    9s.  Last read position: chr2:98,666,686.  Last read name: LH00190:539:22FG7VLT4:7:2243:6681:17445
INFO	2024-09-09 17:49:49	CleanSam	Processed     7,000,000 records.  Elapsed time: 00:00:54s.  Time for last 1,000,000:    9s.  Last read position: chr2:98,667,120.  Last read name: LH00169:443:22FM2KLT4:8:1459:8291:2751
INFO	2024-09-09 17:50:00	CleanSam	Processed     8,000,000 records.  Elapsed time: 00:01:04s.  Time for last 1,000,000:   10s.  Last read position: chr2:98,666,714.  Last read name: LH00169:443:22FM2KLT4:8:1406:50516:10091
INFO	2024-09-09 17:50:11	CleanSam	Processed     9,000,000 records.  Elapsed time: 00:01:15s.  Time for last 1,000,000:   10s.  Last read position: chr1:16,746,993.  Last read name: LH00190:539:22FG7VLT4:7:2155:14514:3746
INFO	2024-09-09 17:50:22	CleanSam	Processed    10,000,000 records.  Elapsed time: 00:01:26s.  Time for last 1,000,000:   10s.  Last read position: chr2:98,667,135.  Last read name: LH00190:539:22FG7VLT4:7:1391:46090:29408
INFO	2024-09-09 17:50:32	CleanSam	Processed    11,000,000 records.  Elapsed time: 00:01:36s.  Time for last 1,000,000:   10s.  Last read position: chr3:67,639,889.  Last read name: LH00190:539:22FG7VLT4:7:1396:6948:10791
INFO	2024-09-09 17:50:42	CleanSam	Processed    12,000,000 records.  Elapsed time: 00:01:46s.  Time for last 1,000,000:   10s.  Last read position: chr9:3,020,419.  Last read name: LH00190:539:22FG7VLT4:7:1424:49651:10861
INFO	2024-09-09 17:50:52	CleanSam	Processed    13,000,000 records.  Elapsed time: 00:01:56s.  Time for last 1,000,000:    9s.  Last read position: chr9:3,038,169.  Last read name: LH00190:539:22FG7VLT4:7:1258:41631:10791
INFO	2024-09-09 17:51:00	CleanSam	Processed    14,000,000 records.  Elapsed time: 00:02:05s.  Time for last 1,000,000:    8s.  Last read position: chr2:98,666,891.  Last read name: LH00190:539:22FG7VLT4:7:2444:36614:16955
INFO	2024-09-09 17:51:09	CleanSam	Processed    15,000,000 records.  Elapsed time: 00:02:13s.  Time for last 1,000,000:    8s.  Last read position: chr2:98,666,937.  Last read name: LH00190:539:22FG7VLT4:7:1452:8922:11688
INFO	2024-09-09 17:51:17	CleanSam	Processed    16,000,000 records.  Elapsed time: 00:02:21s.  Time for last 1,000,000:    8s.  Last read position: chr13:53,943,681.  Last read name: LH00190:539:22FG7VLT4:7:2335:18665:23735
INFO	2024-09-09 17:51:26	CleanSam	Processed    17,000,000 records.  Elapsed time: 00:02:30s.  Time for last 1,000,000:    8s.  Last read position: chr2:98,666,723.  Last read name: LH00190:539:22FG7VLT4:7:2285:18228:23679
INFO	2024-09-09 17:51:35	CleanSam	Processed    18,000,000 records.  Elapsed time: 00:02:39s.  Time for last 1,000,000:    8s.  Last read position: chr3:85,392,016.  Last read name: LH00190:539:22FG7VLT4:7:1155:34720:11240
INFO	2024-09-09 17:51:44	CleanSam	Processed    19,000,000 records.  Elapsed time: 00:02:48s.  Time for last 1,000,000:    8s.  Last read position: chr9:35,305,438.  Last read name: LH00190:539:22FG7VLT4:7:2311:15687:26984
[Mon Sep 09 17:51:54 CEST 2024] picard.sam.CleanSam done. Elapsed time: 2.98 minutes.
Runtime.totalMemory()=987758592
17:51:55.994 INFO  NativeLibraryLoader - Loading libgkl_compression.so from jar:file:/home/robin/bin/miniconda3/share/picard-2.26.2-0/picard.jar!/com/intel/gkl/native/libgkl_compression.so
[Mon Sep 09 17:51:56 CEST 2024] SamFormatConverter --INPUT E14_D0_DnmtWT_Tir_input_ChIP_TU69_cleaned.sam --OUTPUT E14_D0_DnmtWT_Tir_input_ChIP_TU69_unsorted.bam --TMP_DIR . --VERBOSITY INFO --QUIET false --VALIDATION_STRINGENCY STRICT --COMPRESSION_LEVEL 5 --MAX_RECORDS_IN_RAM 500000 --CREATE_INDEX false --CREATE_MD5_FILE false --GA4GH_CLIENT_SECRETS client_secrets.json --help false --version false --showHidden false --USE_JDK_DEFLATER false --USE_JDK_INFLATER false
[Mon Sep 09 17:51:56 CEST 2024] Executing as robin@epipax.ijm.univ-paris-diderot.priv on Linux 6.1.0-25-amd64 amd64; OpenJDK 64-Bit Server VM 1.8.0_332-b09; Deflater: Intel; Inflater: Intel; Provider GCS is not available; Picard version: Version:2.26.2
INFO	2024-09-09 17:51:56	SamFormatConverter	Seen many non-increasing record positions. Printing Read-names as well.
INFO	2024-09-09 17:52:09	SamFormatConverter	Processed     1,000,000 records.  Elapsed time: 00:00:12s.  Time for last 1,000,000:   12s.  Last read position: chrUn_JH584304:85,740.  Last read name: LH00190:539:22FG7VLT4:7:1429:41121:6379
INFO	2024-09-09 17:52:22	SamFormatConverter	Processed     2,000,000 records.  Elapsed time: 00:00:25s.  Time for last 1,000,000:   12s.  Last read position: chr9:3,031,674.  Last read name: LH00190:539:22FG7VLT4:7:1338:30181:2401
INFO	2024-09-09 17:52:35	SamFormatConverter	Processed     3,000,000 records.  Elapsed time: 00:00:38s.  Time for last 1,000,000:   13s.  Last read position: chr2:98,666,715.  Last read name: LH00190:539:22FG7VLT4:7:2165:43638:9951
INFO	2024-09-09 17:52:47	SamFormatConverter	Processed     4,000,000 records.  Elapsed time: 00:00:51s.  Time for last 1,000,000:   12s.  Last read position: chr13:79,422,258.  Last read name: LH00190:539:22FG7VLT4:7:1381:25285:1182
INFO	2024-09-09 17:53:00	SamFormatConverter	Processed     5,000,000 records.  Elapsed time: 00:01:03s.  Time for last 1,000,000:   12s.  Last read position: chr6:57,953,333.  Last read name: LH00190:539:22FG7VLT4:7:2444:44965:28469
INFO	2024-09-09 17:53:13	SamFormatConverter	Processed     6,000,000 records.  Elapsed time: 00:01:16s.  Time for last 1,000,000:   12s.  Last read position: chr2:98,666,686.  Last read name: LH00190:539:22FG7VLT4:7:2243:6681:17445
INFO	2024-09-09 17:53:25	SamFormatConverter	Processed     7,000,000 records.  Elapsed time: 00:01:28s.  Time for last 1,000,000:   12s.  Last read position: chr2:98,667,120.  Last read name: LH00169:443:22FM2KLT4:8:1459:8291:2751
INFO	2024-09-09 17:53:38	SamFormatConverter	Processed     8,000,000 records.  Elapsed time: 00:01:41s.  Time for last 1,000,000:   12s.  Last read position: chr2:98,666,714.  Last read name: LH00169:443:22FM2KLT4:8:1406:50516:10091
INFO	2024-09-09 17:53:50	SamFormatConverter	Processed     9,000,000 records.  Elapsed time: 00:01:53s.  Time for last 1,000,000:   12s.  Last read position: chr1:16,746,993.  Last read name: LH00190:539:22FG7VLT4:7:2155:14514:3746
INFO	2024-09-09 17:54:03	SamFormatConverter	Processed    10,000,000 records.  Elapsed time: 00:02:06s.  Time for last 1,000,000:   12s.  Last read position: chr2:98,667,135.  Last read name: LH00190:539:22FG7VLT4:7:1391:46090:29408
INFO	2024-09-09 17:54:16	SamFormatConverter	Processed    11,000,000 records.  Elapsed time: 00:02:19s.  Time for last 1,000,000:   12s.  Last read position: chr3:67,639,889.  Last read name: LH00190:539:22FG7VLT4:7:1396:6948:10791
INFO	2024-09-09 17:54:28	SamFormatConverter	Processed    12,000,000 records.  Elapsed time: 00:02:32s.  Time for last 1,000,000:   12s.  Last read position: chr9:3,020,419.  Last read name: LH00190:539:22FG7VLT4:7:1424:49651:10861
INFO	2024-09-09 17:54:41	SamFormatConverter	Processed    13,000,000 records.  Elapsed time: 00:02:45s.  Time for last 1,000,000:   12s.  Last read position: chr9:3,038,169.  Last read name: LH00190:539:22FG7VLT4:7:1258:41631:10791
INFO	2024-09-09 17:54:53	SamFormatConverter	Processed    14,000,000 records.  Elapsed time: 00:02:57s.  Time for last 1,000,000:   11s.  Last read position: chr2:98,666,891.  Last read name: LH00190:539:22FG7VLT4:7:2444:36614:16955
INFO	2024-09-09 17:55:06	SamFormatConverter	Processed    15,000,000 records.  Elapsed time: 00:03:09s.  Time for last 1,000,000:   12s.  Last read position: chr2:98,666,937.  Last read name: LH00190:539:22FG7VLT4:7:1452:8922:11688
INFO	2024-09-09 17:55:18	SamFormatConverter	Processed    16,000,000 records.  Elapsed time: 00:03:21s.  Time for last 1,000,000:   12s.  Last read position: chr13:53,943,681.  Last read name: LH00190:539:22FG7VLT4:7:2335:18665:23735
INFO	2024-09-09 17:55:31	SamFormatConverter	Processed    17,000,000 records.  Elapsed time: 00:03:34s.  Time for last 1,000,000:   12s.  Last read position: chr2:98,666,723.  Last read name: LH00190:539:22FG7VLT4:7:2285:18228:23679
INFO	2024-09-09 17:55:44	SamFormatConverter	Processed    18,000,000 records.  Elapsed time: 00:03:47s.  Time for last 1,000,000:   12s.  Last read position: chr3:85,392,016.  Last read name: LH00190:539:22FG7VLT4:7:1155:34720:11240
INFO	2024-09-09 17:55:56	SamFormatConverter	Processed    19,000,000 records.  Elapsed time: 00:04:00s.  Time for last 1,000,000:   12s.  Last read position: chr9:35,305,438.  Last read name: LH00190:539:22FG7VLT4:7:2311:15687:26984
[Mon Sep 09 17:55:59 CEST 2024] picard.sam.SamFormatConverter done. Elapsed time: 4.06 minutes.
Runtime.totalMemory()=914358272
17:56:01.056 INFO  NativeLibraryLoader - Loading libgkl_compression.so from jar:file:/home/robin/bin/miniconda3/share/picard-2.26.2-0/picard.jar!/com/intel/gkl/native/libgkl_compression.so
[Mon Sep 09 17:56:01 CEST 2024] SortSam --INPUT E14_D0_DnmtWT_Tir_input_ChIP_TU69_unsorted.bam --OUTPUT E14_D0_DnmtWT_Tir_input_ChIP_TU69_sorted.bam --SORT_ORDER coordinate --TMP_DIR . --VERBOSITY INFO --QUIET false --VALIDATION_STRINGENCY STRICT --COMPRESSION_LEVEL 5 --MAX_RECORDS_IN_RAM 500000 --CREATE_INDEX false --CREATE_MD5_FILE false --GA4GH_CLIENT_SECRETS client_secrets.json --help false --version false --showHidden false --USE_JDK_DEFLATER false --USE_JDK_INFLATER false
[Mon Sep 09 17:56:01 CEST 2024] Executing as robin@epipax.ijm.univ-paris-diderot.priv on Linux 6.1.0-25-amd64 amd64; OpenJDK 64-Bit Server VM 1.8.0_332-b09; Deflater: Intel; Inflater: Intel; Provider GCS is not available; Picard version: Version:2.26.2
INFO	2024-09-09 17:56:01	SortSam	Seen many non-increasing record positions. Printing Read-names as well.
INFO	2024-09-09 17:57:17	SortSam	Read    10,000,000 records.  Elapsed time: 00:01:16s.  Time for last 10,000,000:   76s.  Last read position: chr2:98,667,135.  Last read name: LH00190:539:22FG7VLT4:7:1391:46090:29408
INFO	2024-09-09 17:58:30	SortSam	Finished reading inputs, merging and writing to output now.
INFO	2024-09-09 17:59:37	SortSam	Wrote    10,000,000 records from a sorting collection.  Elapsed time: 00:03:36s.  Time for last 10,000,000:   66s.  Last read position: chr2:98,667,179
[Mon Sep 09 18:00:42 CEST 2024] picard.sam.SortSam done. Elapsed time: 4.68 minutes.
Runtime.totalMemory()=1689255936
18:00:43.110 INFO  NativeLibraryLoader - Loading libgkl_compression.so from jar:file:/home/robin/bin/miniconda3/share/picard-2.26.2-0/picard.jar!/com/intel/gkl/native/libgkl_compression.so
[Mon Sep 09 18:00:43 CEST 2024] MarkDuplicates --INPUT E14_D0_DnmtWT_Tir_input_ChIP_TU69_sorted.bam --OUTPUT E14_D0_DnmtWT_Tir_input_ChIP_TU69.bam --METRICS_FILE E14_D0_DnmtWT_Tir_input_ChIP_TU69_markDupeMetrics.txt --REMOVE_DUPLICATES false --TMP_DIR . --MAX_SEQUENCES_FOR_DISK_READ_ENDS_MAP 50000 --MAX_FILE_HANDLES_FOR_READ_ENDS_MAP 8000 --SORTING_COLLECTION_SIZE_RATIO 0.25 --TAG_DUPLICATE_SET_MEMBERS false --REMOVE_SEQUENCING_DUPLICATES false --TAGGING_POLICY DontTag --CLEAR_DT true --DUPLEX_UMI false --ADD_PG_TAG_TO_READS true --ASSUME_SORTED false --DUPLICATE_SCORING_STRATEGY SUM_OF_BASE_QUALITIES --PROGRAM_RECORD_ID MarkDuplicates --PROGRAM_GROUP_NAME MarkDuplicates --READ_NAME_REGEX <optimized capture of last three ':' separated fields as numeric values> --OPTICAL_DUPLICATE_PIXEL_DISTANCE 100 --MAX_OPTICAL_DUPLICATE_SET_SIZE 300000 --VERBOSITY INFO --QUIET false --VALIDATION_STRINGENCY STRICT --COMPRESSION_LEVEL 5 --MAX_RECORDS_IN_RAM 500000 --CREATE_INDEX false --CREATE_MD5_FILE false --GA4GH_CLIENT_SECRETS client_secrets.json --help false --version false --showHidden false --USE_JDK_DEFLATER false --USE_JDK_INFLATER false
[Mon Sep 09 18:00:43 CEST 2024] Executing as robin@epipax.ijm.univ-paris-diderot.priv on Linux 6.1.0-25-amd64 amd64; OpenJDK 64-Bit Server VM 1.8.0_332-b09; Deflater: Intel; Inflater: Intel; Provider GCS is not available; Picard version: Version:2.26.2
INFO	2024-09-09 18:00:43	MarkDuplicates	Start of doWork freeMemory: 501502368; totalMemory: 514850816; maxMemory: 1908932608
INFO	2024-09-09 18:00:43	MarkDuplicates	Reading input file and constructing read end information.
INFO	2024-09-09 18:00:43	MarkDuplicates	Will retain up to 6916422 data points before spilling to disk.
INFO	2024-09-09 18:00:48	MarkDuplicates	Read     1,000,000 records.  Elapsed time: 00:00:04s.  Time for last 1,000,000:    4s.  Last read position: chr2:98,666,549
INFO	2024-09-09 18:00:48	MarkDuplicates	Tracking 111575 as yet unmatched pairs. 56263 records in RAM.
INFO	2024-09-09 18:00:53	MarkDuplicates	Read     2,000,000 records.  Elapsed time: 00:00:09s.  Time for last 1,000,000:    5s.  Last read position: chr2:98,666,669
INFO	2024-09-09 18:00:53	MarkDuplicates	Tracking 898102 as yet unmatched pairs. 837977 records in RAM.
INFO	2024-09-09 18:00:57	MarkDuplicates	Read     3,000,000 records.  Elapsed time: 00:00:14s.  Time for last 1,000,000:    4s.  Last read position: chr2:98,666,724
INFO	2024-09-09 18:00:57	MarkDuplicates	Tracking 1374683 as yet unmatched pairs. 1312024 records in RAM.
INFO	2024-09-09 18:01:01	MarkDuplicates	Read     4,000,000 records.  Elapsed time: 00:00:18s.  Time for last 1,000,000:    3s.  Last read position: chr2:98,666,760
INFO	2024-09-09 18:01:01	MarkDuplicates	Tracking 1465802 as yet unmatched pairs. 1401296 records in RAM.
INFO	2024-09-09 18:01:06	MarkDuplicates	Read     5,000,000 records.  Elapsed time: 00:00:22s.  Time for last 1,000,000:    4s.  Last read position: chr2:98,666,853
INFO	2024-09-09 18:01:06	MarkDuplicates	Tracking 1284134 as yet unmatched pairs. 1217615 records in RAM.
INFO	2024-09-09 18:01:09	MarkDuplicates	Read     6,000,000 records.  Elapsed time: 00:00:26s.  Time for last 1,000,000:    3s.  Last read position: chr2:98,667,034
INFO	2024-09-09 18:01:09	MarkDuplicates	Tracking 1362004 as yet unmatched pairs. 1291530 records in RAM.
INFO	2024-09-09 18:01:19	MarkDuplicates	Read     7,000,000 records.  Elapsed time: 00:00:35s.  Time for last 1,000,000:    9s.  Last read position: chr2:98,667,054
INFO	2024-09-09 18:01:19	MarkDuplicates	Tracking 1362237 as yet unmatched pairs. 1288131 records in RAM.
INFO	2024-09-09 18:01:23	MarkDuplicates	Read     8,000,000 records.  Elapsed time: 00:00:39s.  Time for last 1,000,000:    3s.  Last read position: chr2:98,667,088
INFO	2024-09-09 18:01:23	MarkDuplicates	Tracking 1323740 as yet unmatched pairs. 1244115 records in RAM.
INFO	2024-09-09 18:01:29	MarkDuplicates	Read     9,000,000 records.  Elapsed time: 00:00:45s.  Time for last 1,000,000:    5s.  Last read position: chr2:98,667,127
INFO	2024-09-09 18:01:29	MarkDuplicates	Tracking 1122987 as yet unmatched pairs. 1036105 records in RAM.
INFO	2024-09-09 18:01:32	MarkDuplicates	Read    10,000,000 records.  Elapsed time: 00:00:49s.  Time for last 1,000,000:    3s.  Last read position: chr2:98,667,179
INFO	2024-09-09 18:01:32	MarkDuplicates	Tracking 385185 as yet unmatched pairs. 293712 records in RAM.
INFO	2024-09-09 18:01:36	MarkDuplicates	Read    11,000,000 records.  Elapsed time: 00:00:53s.  Time for last 1,000,000:    4s.  Last read position: chr4:96,154,457
INFO	2024-09-09 18:01:36	MarkDuplicates	Tracking 137218 as yet unmatched pairs. 3606 records in RAM.
INFO	2024-09-09 18:01:40	MarkDuplicates	Read    12,000,000 records.  Elapsed time: 00:00:57s.  Time for last 1,000,000:    4s.  Last read position: chr7:84,414,437
INFO	2024-09-09 18:01:40	MarkDuplicates	Tracking 168892 as yet unmatched pairs. 5091 records in RAM.
INFO	2024-09-09 18:01:45	MarkDuplicates	Read    13,000,000 records.  Elapsed time: 00:01:01s.  Time for last 1,000,000:    4s.  Last read position: chr9:3,017,040
INFO	2024-09-09 18:01:45	MarkDuplicates	Tracking 175606 as yet unmatched pairs. 25667 records in RAM.
INFO	2024-09-09 18:01:51	MarkDuplicates	Read    14,000,000 records.  Elapsed time: 00:01:07s.  Time for last 1,000,000:    6s.  Last read position: chr9:35,305,420
INFO	2024-09-09 18:01:51	MarkDuplicates	Tracking 256782 as yet unmatched pairs. 99631 records in RAM.
INFO	2024-09-09 18:02:00	MarkDuplicates	Read    15,000,000 records.  Elapsed time: 00:01:17s.  Time for last 1,000,000:    9s.  Last read position: chr12:3,109,877
INFO	2024-09-09 18:02:00	MarkDuplicates	Tracking 282395 as yet unmatched pairs. 145898 records in RAM.
INFO	2024-09-09 18:02:05	MarkDuplicates	Read    16,000,000 records.  Elapsed time: 00:01:21s.  Time for last 1,000,000:    4s.  Last read position: chr13:84,262,485
INFO	2024-09-09 18:02:05	MarkDuplicates	Tracking 139566 as yet unmatched pairs. 5336 records in RAM.
INFO	2024-09-09 18:02:09	MarkDuplicates	Read    17,000,000 records.  Elapsed time: 00:01:25s.  Time for last 1,000,000:    4s.  Last read position: chr14:22,000,443
INFO	2024-09-09 18:02:09	MarkDuplicates	Tracking 122272 as yet unmatched pairs. 14953 records in RAM.
INFO	2024-09-09 18:02:13	MarkDuplicates	Read    18,000,000 records.  Elapsed time: 00:01:30s.  Time for last 1,000,000:    4s.  Last read position: chr18:83,431,665
INFO	2024-09-09 18:02:13	MarkDuplicates	Tracking 57138 as yet unmatched pairs. 1173 records in RAM.
INFO	2024-09-09 18:02:18	MarkDuplicates	Read    19,000,000 records.  Elapsed time: 00:01:35s.  Time for last 1,000,000:    5s.  Last read position: chrUn_JH584304:103,737
INFO	2024-09-09 18:02:18	MarkDuplicates	Tracking 6766 as yet unmatched pairs. 6766 records in RAM.
INFO	2024-09-09 18:02:19	MarkDuplicates	Read 19154060 records. 0 pairs never matched.
INFO	2024-09-09 18:02:23	MarkDuplicates	After buildSortedReadEndLists freeMemory: 1504184760; totalMemory: 1517813760; maxMemory: 1908932608
INFO	2024-09-09 18:02:23	MarkDuplicates	Will retain up to 59654144 duplicate indices before spilling to disk.
INFO	2024-09-09 18:02:23	MarkDuplicates	Traversing read pair information and detecting duplicates.
INFO	2024-09-09 18:02:28	MarkDuplicates	Traversing fragment information and detecting duplicates.
INFO	2024-09-09 18:02:32	MarkDuplicates	Sorting list of duplicate records.
INFO	2024-09-09 18:02:33	MarkDuplicates	After generateDuplicateIndexes freeMemory: 1037257816; totalMemory: 1529348096; maxMemory: 1908932608
INFO	2024-09-09 18:02:33	MarkDuplicates	Marking 11296975 records as duplicates.
INFO	2024-09-09 18:02:33	MarkDuplicates	Found 108753 optical duplicate clusters.
INFO	2024-09-09 18:02:33	MarkDuplicates	Reads are assumed to be ordered by: coordinate
INFO	2024-09-09 18:04:03	MarkDuplicates	Written    10,000,000 records.  Elapsed time: 00:01:29s.  Time for last 10,000,000:   89s.  Last read position: chr2:98,667,179
INFO	2024-09-09 18:05:34	MarkDuplicates	Writing complete. Closing input iterator.
INFO	2024-09-09 18:05:34	MarkDuplicates	Duplicate Index cleanup.
INFO	2024-09-09 18:05:34	MarkDuplicates	Getting Memory Stats.
INFO	2024-09-09 18:05:34	MarkDuplicates	Before output close freeMemory: 1570835672; totalMemory: 1588592640; maxMemory: 1908932608
INFO	2024-09-09 18:05:34	MarkDuplicates	Closed outputs. Getting more Memory Stats.
INFO	2024-09-09 18:05:34	MarkDuplicates	After output close freeMemory: 1571117248; totalMemory: 1588592640; maxMemory: 1908932608
[Mon Sep 09 18:05:34 CEST 2024] picard.sam.markduplicates.MarkDuplicates done. Elapsed time: 4.86 minutes.
Runtime.totalMemory()=1588592640
[sam grooming] finished successfully at [Mon Sep 9 06:05:41 PM CEST 2024]
[trueStats] Collecting alignment statistics for E14_D0_DnmtWT_Tir_input_ChIP_TU69.bam at [Mon Sep 9 06:06:24 PM CEST 2024]
[bamToWigCPMsmoothKeepDup] Started with bin size: 1 and smoothing over 0 bp and KEEPING DUPLICATES at [Mon Sep 9 06:08:40 PM CEST 2024]
There are 18799874 alignments, of which 12953340 are completely within a blacklist region.
Due to filtering, 69.19098698377637% of the aforementioned alignments will be used 4045274.57894206
[bamToWigCPMsmoothKeepDup] finished successfully at [Mon Sep 9 06:20:52 PM CEST 2024]
[file cleanup] started. Good job! at [Mon Sep 9 06:20:52 PM CEST 2024]
cp: cannot stat '*.pdf': No such file or directory
mv: cannot stat '*.bed': No such file or directory
mv: preserving times for '/data/bigWigs/E14_D0_DnmtWT_Tir_input_ChIP_TU69_trimV5_mm10_kpDup_q10_b1_s0_CPM.bw': Operation not permitted
mv: preserving permissions for ‘/data/bigWigs/E14_D0_DnmtWT_Tir_input_ChIP_TU69_trimV5_mm10_kpDup_q10_b1_s0_CPM.bw’: Operation not permitted
mv: preserving times for '/data/bams/E14_D0_DnmtWT_Tir_input_ChIP_TU69_trimV5_mm10.bam': Operation not permitted
mv: preserving permissions for ‘/data/bams/E14_D0_DnmtWT_Tir_input_ChIP_TU69_trimV5_mm10.bam’: Operation not permitted
mv: preserving times for '/data/bams/E14_D0_DnmtWT_Tir_input_ChIP_TU69_trimV5_mm10.bam.bai': Operation not permitted
mv: preserving permissions for ‘/data/bams/E14_D0_DnmtWT_Tir_input_ChIP_TU69_trimV5_mm10.bam.bai’: Operation not permitted
mv: cannot stat '*.gtf': No such file or directory
