SCRATCH: /scratch
ls: cannot access '/data/fastq/E14_48h_H3K27ac_ChIP_Yang2019_GSM3314707*_R2.fastq.gz': No such file or directory
[masterDownload] Data are single-end. at [Wed Jul 3 10:38:59 PM CEST 2024]
[checkDependencies] Checking Dependencies [Wed Jul 3 10:38:59 PM CEST 2024] at [Wed Jul 3 10:38:59 PM CEST 2024]
[setup checkDependencies] trimmomatic... at [Wed Jul 3 10:38:59 PM CEST 2024]
[setup checkDependencies] STAR... at [Wed Jul 3 10:38:59 PM CEST 2024]
[setup checkDependencies] bismark... at [Wed Jul 3 10:38:59 PM CEST 2024]
[setup checkDependencies] bowtie2... at [Wed Jul 3 10:38:59 PM CEST 2024]
[setup checkDependencies] samtools... at [Wed Jul 3 10:38:59 PM CEST 2024]
[setup checkDependencies] picard... at [Wed Jul 3 10:38:59 PM CEST 2024]
[setup checkDependencies] awk... at [Wed Jul 3 10:38:59 PM CEST 2024]
[setup checkDependencies] bamCoverage... at [Wed Jul 3 10:38:59 PM CEST 2024]
[setup checkDependencies] fastqc... at [Wed Jul 3 10:38:59 PM CEST 2024]
[setup checkDependencies] fastq_screen... at [Wed Jul 3 10:38:59 PM CEST 2024]
[setup checkDependencies] stringtie... at [Wed Jul 3 10:38:59 PM CEST 2024]
[setup checkDependencies] clumpify.sh... at [Wed Jul 3 10:38:59 PM CEST 2024]
PAIRED: false
[setUpLogFile] Script started at [Wed Jul 3 10:38:59 PM CEST 2024] at [Wed Jul 3 10:38:59 PM CEST 2024]
[fastQC] started on raw FASTQs at [Wed Jul 3 10:38:59 PM CEST 2024]
Started analysis of E14_48h_H3K27ac_ChIP_Yang2019_GSM3314707_raw.fastq.gz
Approx 5% complete for E14_48h_H3K27ac_ChIP_Yang2019_GSM3314707_raw.fastq.gz
Approx 10% complete for E14_48h_H3K27ac_ChIP_Yang2019_GSM3314707_raw.fastq.gz
Approx 15% complete for E14_48h_H3K27ac_ChIP_Yang2019_GSM3314707_raw.fastq.gz
Approx 20% complete for E14_48h_H3K27ac_ChIP_Yang2019_GSM3314707_raw.fastq.gz
Approx 25% complete for E14_48h_H3K27ac_ChIP_Yang2019_GSM3314707_raw.fastq.gz
Approx 30% complete for E14_48h_H3K27ac_ChIP_Yang2019_GSM3314707_raw.fastq.gz
Approx 35% complete for E14_48h_H3K27ac_ChIP_Yang2019_GSM3314707_raw.fastq.gz
Approx 40% complete for E14_48h_H3K27ac_ChIP_Yang2019_GSM3314707_raw.fastq.gz
Approx 45% complete for E14_48h_H3K27ac_ChIP_Yang2019_GSM3314707_raw.fastq.gz
Approx 50% complete for E14_48h_H3K27ac_ChIP_Yang2019_GSM3314707_raw.fastq.gz
Approx 55% complete for E14_48h_H3K27ac_ChIP_Yang2019_GSM3314707_raw.fastq.gz
Approx 60% complete for E14_48h_H3K27ac_ChIP_Yang2019_GSM3314707_raw.fastq.gz
Approx 65% complete for E14_48h_H3K27ac_ChIP_Yang2019_GSM3314707_raw.fastq.gz
Approx 70% complete for E14_48h_H3K27ac_ChIP_Yang2019_GSM3314707_raw.fastq.gz
Approx 75% complete for E14_48h_H3K27ac_ChIP_Yang2019_GSM3314707_raw.fastq.gz
Approx 80% complete for E14_48h_H3K27ac_ChIP_Yang2019_GSM3314707_raw.fastq.gz
Approx 85% complete for E14_48h_H3K27ac_ChIP_Yang2019_GSM3314707_raw.fastq.gz
Approx 90% complete for E14_48h_H3K27ac_ChIP_Yang2019_GSM3314707_raw.fastq.gz
Approx 95% complete for E14_48h_H3K27ac_ChIP_Yang2019_GSM3314707_raw.fastq.gz
Analysis complete for E14_48h_H3K27ac_ChIP_Yang2019_GSM3314707_raw.fastq.gz
[fastQC] on raw FASTQs finished succesfully. Will remove PCR duplicates now at [Wed Jul 3 10:41:55 PM CEST 2024]
Reads are length: 52 at [Wed Jul 3 10:41:56 PM CEST 2024]
Reads with same sequence 1 or fewer substitutions will be marked as PCR duplicates at [Wed Jul 3 10:41:56 PM CEST 2024]
Removal of PCR duplicates complete! at [Wed Jul 3 11:01:03 PM CEST 2024]
[trimReads] Started using version trimV5 parameters at [Wed Jul 3 11:01:03 PM CEST 2024]
ILLUMINACLIP:/data/reference_genomes/adapters/adapters.fa:2:30:10 SLIDINGWINDOW:4:20 MINLEN:24
[trimReads] Trimming E14_48h_H3K27ac_ChIP_Yang2019_GSM3314707.fastq.gz... at [Wed Jul 3 11:01:03 PM CEST 2024]
[trimReads] Finished successfully at [Wed Jul 3 11:10:00 PM CEST 2024]
[fastQC] started on E14_48h_H3K27ac_ChIP_Yang2019_GSM3314707.fastq.gz E14_48h_H3K27ac_ChIP_Yang2019_GSM3314707_trimV5.fastq.gz at [Wed Jul 3 11:10:00 PM CEST 2024]
Started analysis of E14_48h_H3K27ac_ChIP_Yang2019_GSM3314707.fastq.gz
Started analysis of E14_48h_H3K27ac_ChIP_Yang2019_GSM3314707_trimV5.fastq.gz
Approx 5% complete for E14_48h_H3K27ac_ChIP_Yang2019_GSM3314707_trimV5.fastq.gz
Approx 5% complete for E14_48h_H3K27ac_ChIP_Yang2019_GSM3314707.fastq.gz
Approx 10% complete for E14_48h_H3K27ac_ChIP_Yang2019_GSM3314707_trimV5.fastq.gz
Approx 10% complete for E14_48h_H3K27ac_ChIP_Yang2019_GSM3314707.fastq.gz
Approx 15% complete for E14_48h_H3K27ac_ChIP_Yang2019_GSM3314707_trimV5.fastq.gz
Approx 15% complete for E14_48h_H3K27ac_ChIP_Yang2019_GSM3314707.fastq.gz
Approx 20% complete for E14_48h_H3K27ac_ChIP_Yang2019_GSM3314707_trimV5.fastq.gz
Approx 20% complete for E14_48h_H3K27ac_ChIP_Yang2019_GSM3314707.fastq.gz
Approx 25% complete for E14_48h_H3K27ac_ChIP_Yang2019_GSM3314707_trimV5.fastq.gz
Approx 25% complete for E14_48h_H3K27ac_ChIP_Yang2019_GSM3314707.fastq.gz
Approx 30% complete for E14_48h_H3K27ac_ChIP_Yang2019_GSM3314707_trimV5.fastq.gz
Approx 30% complete for E14_48h_H3K27ac_ChIP_Yang2019_GSM3314707.fastq.gz
Approx 35% complete for E14_48h_H3K27ac_ChIP_Yang2019_GSM3314707_trimV5.fastq.gz
Approx 35% complete for E14_48h_H3K27ac_ChIP_Yang2019_GSM3314707.fastq.gz
Approx 40% complete for E14_48h_H3K27ac_ChIP_Yang2019_GSM3314707_trimV5.fastq.gz
Approx 40% complete for E14_48h_H3K27ac_ChIP_Yang2019_GSM3314707.fastq.gz
Approx 45% complete for E14_48h_H3K27ac_ChIP_Yang2019_GSM3314707_trimV5.fastq.gz
Approx 45% complete for E14_48h_H3K27ac_ChIP_Yang2019_GSM3314707.fastq.gz
Approx 50% complete for E14_48h_H3K27ac_ChIP_Yang2019_GSM3314707_trimV5.fastq.gz
Approx 50% complete for E14_48h_H3K27ac_ChIP_Yang2019_GSM3314707.fastq.gz
Approx 55% complete for E14_48h_H3K27ac_ChIP_Yang2019_GSM3314707_trimV5.fastq.gz
Approx 55% complete for E14_48h_H3K27ac_ChIP_Yang2019_GSM3314707.fastq.gz
Approx 60% complete for E14_48h_H3K27ac_ChIP_Yang2019_GSM3314707.fastq.gz
Approx 60% complete for E14_48h_H3K27ac_ChIP_Yang2019_GSM3314707_trimV5.fastq.gz
Approx 65% complete for E14_48h_H3K27ac_ChIP_Yang2019_GSM3314707.fastq.gz
Approx 65% complete for E14_48h_H3K27ac_ChIP_Yang2019_GSM3314707_trimV5.fastq.gz
Approx 70% complete for E14_48h_H3K27ac_ChIP_Yang2019_GSM3314707.fastq.gz
Approx 70% complete for E14_48h_H3K27ac_ChIP_Yang2019_GSM3314707_trimV5.fastq.gz
Approx 75% complete for E14_48h_H3K27ac_ChIP_Yang2019_GSM3314707.fastq.gz
Approx 75% complete for E14_48h_H3K27ac_ChIP_Yang2019_GSM3314707_trimV5.fastq.gz
Approx 80% complete for E14_48h_H3K27ac_ChIP_Yang2019_GSM3314707.fastq.gz
Approx 80% complete for E14_48h_H3K27ac_ChIP_Yang2019_GSM3314707_trimV5.fastq.gz
Approx 85% complete for E14_48h_H3K27ac_ChIP_Yang2019_GSM3314707.fastq.gz
Approx 85% complete for E14_48h_H3K27ac_ChIP_Yang2019_GSM3314707_trimV5.fastq.gz
Approx 90% complete for E14_48h_H3K27ac_ChIP_Yang2019_GSM3314707.fastq.gz
Approx 90% complete for E14_48h_H3K27ac_ChIP_Yang2019_GSM3314707_trimV5.fastq.gz
Approx 95% complete for E14_48h_H3K27ac_ChIP_Yang2019_GSM3314707.fastq.gz
Approx 95% complete for E14_48h_H3K27ac_ChIP_Yang2019_GSM3314707_trimV5.fastq.gz
Analysis complete for E14_48h_H3K27ac_ChIP_Yang2019_GSM3314707.fastq.gz
Analysis complete for E14_48h_H3K27ac_ChIP_Yang2019_GSM3314707_trimV5.fastq.gz
[fastQC] finished succesfully at [Wed Jul 3 11:12:38 PM CEST 2024]
[bowtie2 alignment] started with reference /data/reference_genomes/mm10/mm10 at [Wed Jul 3 11:12:38 PM CEST 2024]
[alignment] Bowtie2 alignment finished successfully at [Wed Jul 3 11:37:48 PM CEST 2024]
[sam grooming] started at [Wed Jul 3 11:39:03 PM CEST 2024]
23:39:04.905 INFO  NativeLibraryLoader - Loading libgkl_compression.so from jar:file:/home/robin/bin/miniconda3/share/picard-2.26.2-0/picard.jar!/com/intel/gkl/native/libgkl_compression.so
[Wed Jul 03 23:39:04 CEST 2024] CleanSam --INPUT E14_48h_H3K27ac_ChIP_Yang2019_GSM3314707_raw.sam --OUTPUT E14_48h_H3K27ac_ChIP_Yang2019_GSM3314707_cleaned.sam --TMP_DIR . --VERBOSITY INFO --QUIET false --VALIDATION_STRINGENCY STRICT --COMPRESSION_LEVEL 5 --MAX_RECORDS_IN_RAM 500000 --CREATE_INDEX false --CREATE_MD5_FILE false --GA4GH_CLIENT_SECRETS client_secrets.json --help false --version false --showHidden false --USE_JDK_DEFLATER false --USE_JDK_INFLATER false
[Wed Jul 03 23:39:04 CEST 2024] Executing as robin@epipax.ijm.univ-paris-diderot.priv on Linux 6.1.0-21-amd64 amd64; OpenJDK 64-Bit Server VM 1.8.0_332-b09; Deflater: Intel; Inflater: Intel; Provider GCS is not available; Picard version: Version:2.26.2
INFO	2024-07-03 23:39:05	CleanSam	Seen many non-increasing record positions. Printing Read-names as well.
INFO	2024-07-03 23:39:12	CleanSam	Processed     1,000,000 records.  Elapsed time: 00:00:07s.  Time for last 1,000,000:    7s.  Last read position: chr1:192,125,291.  Last read name: SRR7624395.24394894
INFO	2024-07-03 23:39:18	CleanSam	Processed     2,000,000 records.  Elapsed time: 00:00:13s.  Time for last 1,000,000:    6s.  Last read position: chr10:105,085,662.  Last read name: SRR7624395.2943352
INFO	2024-07-03 23:39:24	CleanSam	Processed     3,000,000 records.  Elapsed time: 00:00:19s.  Time for last 1,000,000:    5s.  Last read position: chr6:89,331,408.  Last read name: SRR7624395.1700194
INFO	2024-07-03 23:39:31	CleanSam	Processed     4,000,000 records.  Elapsed time: 00:00:26s.  Time for last 1,000,000:    6s.  Last read position: chr4:73,759,608.  Last read name: SRR7624395.16202057
INFO	2024-07-03 23:39:37	CleanSam	Processed     5,000,000 records.  Elapsed time: 00:00:32s.  Time for last 1,000,000:    5s.  Last read position: chr19:54,903,226.  Last read name: SRR7624395.20613206
INFO	2024-07-03 23:39:43	CleanSam	Processed     6,000,000 records.  Elapsed time: 00:00:38s.  Time for last 1,000,000:    6s.  Last read position: chr17:16,728,020.  Last read name: SRR7624395.24997861
INFO	2024-07-03 23:39:49	CleanSam	Processed     7,000,000 records.  Elapsed time: 00:00:44s.  Time for last 1,000,000:    5s.  Last read position: chr11:57,951,311.  Last read name: SRR7624395.17671544
INFO	2024-07-03 23:39:57	CleanSam	Processed     8,000,000 records.  Elapsed time: 00:00:52s.  Time for last 1,000,000:    7s.  Last read position: chr8:125,735,885.  Last read name: SRR7624395.16723031
INFO	2024-07-03 23:40:03	CleanSam	Processed     9,000,000 records.  Elapsed time: 00:00:58s.  Time for last 1,000,000:    6s.  Last read position: chr9:84,253,069.  Last read name: SRR7624395.9248303
INFO	2024-07-03 23:40:09	CleanSam	Processed    10,000,000 records.  Elapsed time: 00:01:04s.  Time for last 1,000,000:    6s.  Last read position: chr14:50,797,296.  Last read name: SRR7624395.15466478
INFO	2024-07-03 23:40:15	CleanSam	Processed    11,000,000 records.  Elapsed time: 00:01:10s.  Time for last 1,000,000:    5s.  Last read position: chr15:37,778,624.  Last read name: SRR7624395.3342130
INFO	2024-07-03 23:40:20	CleanSam	Processed    12,000,000 records.  Elapsed time: 00:01:15s.  Time for last 1,000,000:    5s.  Last read position: chr10:38,346,609.  Last read name: SRR7624395.5233754
INFO	2024-07-03 23:40:26	CleanSam	Processed    13,000,000 records.  Elapsed time: 00:01:21s.  Time for last 1,000,000:    5s.  Last read position: chr6:48,600,229.  Last read name: SRR7624395.33077686
INFO	2024-07-03 23:40:32	CleanSam	Processed    14,000,000 records.  Elapsed time: 00:01:27s.  Time for last 1,000,000:    6s.  Last read position: chr1:50,677,257.  Last read name: SRR7624395.2397144
INFO	2024-07-03 23:40:38	CleanSam	Processed    15,000,000 records.  Elapsed time: 00:01:33s.  Time for last 1,000,000:    5s.  Last read position: chr8:126,402,734.  Last read name: SRR7624395.6762052
INFO	2024-07-03 23:40:44	CleanSam	Processed    16,000,000 records.  Elapsed time: 00:01:39s.  Time for last 1,000,000:    5s.  Last read position: chr5:93,002,253.  Last read name: SRR7624395.25609556
INFO	2024-07-03 23:40:50	CleanSam	Processed    17,000,000 records.  Elapsed time: 00:01:45s.  Time for last 1,000,000:    6s.  Last read position: chr15:91,838,281.  Last read name: SRR7624395.3384350
INFO	2024-07-03 23:40:56	CleanSam	Processed    18,000,000 records.  Elapsed time: 00:01:51s.  Time for last 1,000,000:    5s.  Last read position: chr4:46,426,684.  Last read name: SRR7624395.6267604
INFO	2024-07-03 23:41:02	CleanSam	Processed    19,000,000 records.  Elapsed time: 00:01:57s.  Time for last 1,000,000:    5s.  Last read position: chr18:31,883,527.  Last read name: SRR7624395.32412932
INFO	2024-07-03 23:41:07	CleanSam	Processed    20,000,000 records.  Elapsed time: 00:02:02s.  Time for last 1,000,000:    5s.  Last read position: chr3:103,348,817.  Last read name: SRR7624395.13596763
INFO	2024-07-03 23:41:13	CleanSam	Processed    21,000,000 records.  Elapsed time: 00:02:08s.  Time for last 1,000,000:    5s.  Last read position: chr14:65,168,523.  Last read name: SRR7624395.26430530
INFO	2024-07-03 23:41:19	CleanSam	Processed    22,000,000 records.  Elapsed time: 00:02:14s.  Time for last 1,000,000:    5s.  Last read position: chr2:155,072,336.  Last read name: SRR7624395.6113438
INFO	2024-07-03 23:41:25	CleanSam	Processed    23,000,000 records.  Elapsed time: 00:02:20s.  Time for last 1,000,000:    6s.  Last read position: chr11:106,249,404.  Last read name: SRR7624395.3061476
INFO	2024-07-03 23:41:31	CleanSam	Processed    24,000,000 records.  Elapsed time: 00:02:26s.  Time for last 1,000,000:    6s.  Last read position: chr1:98,919,442.  Last read name: SRR7624395.17464220
INFO	2024-07-03 23:41:37	CleanSam	Processed    25,000,000 records.  Elapsed time: 00:02:32s.  Time for last 1,000,000:    5s.  Last read position: chr15:90,067,629.  Last read name: SRR7624395.5715149
INFO	2024-07-03 23:41:43	CleanSam	Processed    26,000,000 records.  Elapsed time: 00:02:37s.  Time for last 1,000,000:    5s.  Last read position: chr5:5,594,989.  Last read name: SRR7624395.35487515
INFO	2024-07-03 23:41:48	CleanSam	Processed    27,000,000 records.  Elapsed time: 00:02:43s.  Time for last 1,000,000:    5s.  Last read position: chr12:73,381,404.  Last read name: SRR7624395.34475875
INFO	2024-07-03 23:41:54	CleanSam	Processed    28,000,000 records.  Elapsed time: 00:02:49s.  Time for last 1,000,000:    5s.  Last read position: chr7:18,699,609.  Last read name: SRR7624395.17199575
INFO	2024-07-03 23:41:59	CleanSam	Processed    29,000,000 records.  Elapsed time: 00:02:54s.  Time for last 1,000,000:    5s.  Last read position: chr16:89,756,801.  Last read name: SRR7624395.28854341
INFO	2024-07-03 23:42:06	CleanSam	Processed    30,000,000 records.  Elapsed time: 00:03:01s.  Time for last 1,000,000:    6s.  Last read position: chr10:33,516,552.  Last read name: SRR7624395.17552772
INFO	2024-07-03 23:42:12	CleanSam	Processed    31,000,000 records.  Elapsed time: 00:03:07s.  Time for last 1,000,000:    6s.  Last read position: chr10:117,930,677.  Last read name: SRR7624395.34288411
INFO	2024-07-03 23:42:18	CleanSam	Processed    32,000,000 records.  Elapsed time: 00:03:13s.  Time for last 1,000,000:    5s.  Last read position: chr14:5,763,145.  Last read name: SRR7624395.31323281
INFO	2024-07-03 23:42:23	CleanSam	Processed    33,000,000 records.  Elapsed time: 00:03:18s.  Time for last 1,000,000:    5s.  Last read position: chr17:33,830,718.  Last read name: SRR7624395.5821879
INFO	2024-07-03 23:42:29	CleanSam	Processed    34,000,000 records.  Elapsed time: 00:03:24s.  Time for last 1,000,000:    5s.  Last read position: chr1:93,801,698.  Last read name: SRR7624395.34117970
[Wed Jul 03 23:42:41 CEST 2024] picard.sam.CleanSam done. Elapsed time: 3.62 minutes.
Runtime.totalMemory()=914882560
23:42:44.311 INFO  NativeLibraryLoader - Loading libgkl_compression.so from jar:file:/home/robin/bin/miniconda3/share/picard-2.26.2-0/picard.jar!/com/intel/gkl/native/libgkl_compression.so
[Wed Jul 03 23:42:44 CEST 2024] SamFormatConverter --INPUT E14_48h_H3K27ac_ChIP_Yang2019_GSM3314707_cleaned.sam --OUTPUT E14_48h_H3K27ac_ChIP_Yang2019_GSM3314707_unsorted.bam --TMP_DIR . --VERBOSITY INFO --QUIET false --VALIDATION_STRINGENCY STRICT --COMPRESSION_LEVEL 5 --MAX_RECORDS_IN_RAM 500000 --CREATE_INDEX false --CREATE_MD5_FILE false --GA4GH_CLIENT_SECRETS client_secrets.json --help false --version false --showHidden false --USE_JDK_DEFLATER false --USE_JDK_INFLATER false
[Wed Jul 03 23:42:44 CEST 2024] Executing as robin@epipax.ijm.univ-paris-diderot.priv on Linux 6.1.0-21-amd64 amd64; OpenJDK 64-Bit Server VM 1.8.0_332-b09; Deflater: Intel; Inflater: Intel; Provider GCS is not available; Picard version: Version:2.26.2
INFO	2024-07-03 23:42:45	SamFormatConverter	Seen many non-increasing record positions. Printing Read-names as well.
INFO	2024-07-03 23:42:54	SamFormatConverter	Processed     1,000,000 records.  Elapsed time: 00:00:09s.  Time for last 1,000,000:    9s.  Last read position: chr1:192,125,291.  Last read name: SRR7624395.24394894
INFO	2024-07-03 23:43:03	SamFormatConverter	Processed     2,000,000 records.  Elapsed time: 00:00:18s.  Time for last 1,000,000:    9s.  Last read position: chr10:105,085,662.  Last read name: SRR7624395.2943352
INFO	2024-07-03 23:43:12	SamFormatConverter	Processed     3,000,000 records.  Elapsed time: 00:00:27s.  Time for last 1,000,000:    8s.  Last read position: chr6:89,331,408.  Last read name: SRR7624395.1700194
INFO	2024-07-03 23:43:21	SamFormatConverter	Processed     4,000,000 records.  Elapsed time: 00:00:35s.  Time for last 1,000,000:    8s.  Last read position: chr4:73,759,608.  Last read name: SRR7624395.16202057
INFO	2024-07-03 23:43:29	SamFormatConverter	Processed     5,000,000 records.  Elapsed time: 00:00:44s.  Time for last 1,000,000:    8s.  Last read position: chr19:54,903,226.  Last read name: SRR7624395.20613206
INFO	2024-07-03 23:43:38	SamFormatConverter	Processed     6,000,000 records.  Elapsed time: 00:00:53s.  Time for last 1,000,000:    9s.  Last read position: chr17:16,728,020.  Last read name: SRR7624395.24997861
INFO	2024-07-03 23:43:47	SamFormatConverter	Processed     7,000,000 records.  Elapsed time: 00:01:02s.  Time for last 1,000,000:    9s.  Last read position: chr11:57,951,311.  Last read name: SRR7624395.17671544
INFO	2024-07-03 23:43:57	SamFormatConverter	Processed     8,000,000 records.  Elapsed time: 00:01:11s.  Time for last 1,000,000:    9s.  Last read position: chr8:125,735,885.  Last read name: SRR7624395.16723031
INFO	2024-07-03 23:44:05	SamFormatConverter	Processed     9,000,000 records.  Elapsed time: 00:01:20s.  Time for last 1,000,000:    8s.  Last read position: chr9:84,253,069.  Last read name: SRR7624395.9248303
INFO	2024-07-03 23:44:13	SamFormatConverter	Processed    10,000,000 records.  Elapsed time: 00:01:28s.  Time for last 1,000,000:    8s.  Last read position: chr14:50,797,296.  Last read name: SRR7624395.15466478
INFO	2024-07-03 23:44:22	SamFormatConverter	Processed    11,000,000 records.  Elapsed time: 00:01:37s.  Time for last 1,000,000:    8s.  Last read position: chr15:37,778,624.  Last read name: SRR7624395.3342130
INFO	2024-07-03 23:44:30	SamFormatConverter	Processed    12,000,000 records.  Elapsed time: 00:01:45s.  Time for last 1,000,000:    8s.  Last read position: chr10:38,346,609.  Last read name: SRR7624395.5233754
INFO	2024-07-03 23:44:39	SamFormatConverter	Processed    13,000,000 records.  Elapsed time: 00:01:54s.  Time for last 1,000,000:    8s.  Last read position: chr6:48,600,229.  Last read name: SRR7624395.33077686
INFO	2024-07-03 23:44:48	SamFormatConverter	Processed    14,000,000 records.  Elapsed time: 00:02:03s.  Time for last 1,000,000:    8s.  Last read position: chr1:50,677,257.  Last read name: SRR7624395.2397144
INFO	2024-07-03 23:44:57	SamFormatConverter	Processed    15,000,000 records.  Elapsed time: 00:02:12s.  Time for last 1,000,000:    9s.  Last read position: chr8:126,402,734.  Last read name: SRR7624395.6762052
INFO	2024-07-03 23:45:06	SamFormatConverter	Processed    16,000,000 records.  Elapsed time: 00:02:21s.  Time for last 1,000,000:    8s.  Last read position: chr5:93,002,253.  Last read name: SRR7624395.25609556
INFO	2024-07-03 23:45:14	SamFormatConverter	Processed    17,000,000 records.  Elapsed time: 00:02:29s.  Time for last 1,000,000:    8s.  Last read position: chr15:91,838,281.  Last read name: SRR7624395.3384350
INFO	2024-07-03 23:45:24	SamFormatConverter	Processed    18,000,000 records.  Elapsed time: 00:02:39s.  Time for last 1,000,000:    9s.  Last read position: chr4:46,426,684.  Last read name: SRR7624395.6267604
INFO	2024-07-03 23:45:33	SamFormatConverter	Processed    19,000,000 records.  Elapsed time: 00:02:47s.  Time for last 1,000,000:    8s.  Last read position: chr18:31,883,527.  Last read name: SRR7624395.32412932
INFO	2024-07-03 23:45:42	SamFormatConverter	Processed    20,000,000 records.  Elapsed time: 00:02:57s.  Time for last 1,000,000:    9s.  Last read position: chr3:103,348,817.  Last read name: SRR7624395.13596763
INFO	2024-07-03 23:45:51	SamFormatConverter	Processed    21,000,000 records.  Elapsed time: 00:03:06s.  Time for last 1,000,000:    9s.  Last read position: chr14:65,168,523.  Last read name: SRR7624395.26430530
INFO	2024-07-03 23:46:01	SamFormatConverter	Processed    22,000,000 records.  Elapsed time: 00:03:16s.  Time for last 1,000,000:   10s.  Last read position: chr2:155,072,336.  Last read name: SRR7624395.6113438
INFO	2024-07-03 23:46:11	SamFormatConverter	Processed    23,000,000 records.  Elapsed time: 00:03:25s.  Time for last 1,000,000:    9s.  Last read position: chr11:106,249,404.  Last read name: SRR7624395.3061476
INFO	2024-07-03 23:46:20	SamFormatConverter	Processed    24,000,000 records.  Elapsed time: 00:03:34s.  Time for last 1,000,000:    9s.  Last read position: chr1:98,919,442.  Last read name: SRR7624395.17464220
INFO	2024-07-03 23:46:28	SamFormatConverter	Processed    25,000,000 records.  Elapsed time: 00:03:43s.  Time for last 1,000,000:    8s.  Last read position: chr15:90,067,629.  Last read name: SRR7624395.5715149
INFO	2024-07-03 23:46:36	SamFormatConverter	Processed    26,000,000 records.  Elapsed time: 00:03:51s.  Time for last 1,000,000:    8s.  Last read position: chr5:5,594,989.  Last read name: SRR7624395.35487515
INFO	2024-07-03 23:46:46	SamFormatConverter	Processed    27,000,000 records.  Elapsed time: 00:04:01s.  Time for last 1,000,000:    9s.  Last read position: chr12:73,381,404.  Last read name: SRR7624395.34475875
INFO	2024-07-03 23:46:55	SamFormatConverter	Processed    28,000,000 records.  Elapsed time: 00:04:10s.  Time for last 1,000,000:    8s.  Last read position: chr7:18,699,609.  Last read name: SRR7624395.17199575
INFO	2024-07-03 23:47:03	SamFormatConverter	Processed    29,000,000 records.  Elapsed time: 00:04:18s.  Time for last 1,000,000:    8s.  Last read position: chr16:89,756,801.  Last read name: SRR7624395.28854341
INFO	2024-07-03 23:47:12	SamFormatConverter	Processed    30,000,000 records.  Elapsed time: 00:04:27s.  Time for last 1,000,000:    8s.  Last read position: chr10:33,516,552.  Last read name: SRR7624395.17552772
INFO	2024-07-03 23:47:21	SamFormatConverter	Processed    31,000,000 records.  Elapsed time: 00:04:35s.  Time for last 1,000,000:    8s.  Last read position: chr10:117,930,677.  Last read name: SRR7624395.34288411
INFO	2024-07-03 23:47:29	SamFormatConverter	Processed    32,000,000 records.  Elapsed time: 00:04:44s.  Time for last 1,000,000:    8s.  Last read position: chr14:5,763,145.  Last read name: SRR7624395.31323281
INFO	2024-07-03 23:47:38	SamFormatConverter	Processed    33,000,000 records.  Elapsed time: 00:04:53s.  Time for last 1,000,000:    8s.  Last read position: chr17:33,830,718.  Last read name: SRR7624395.5821879
INFO	2024-07-03 23:47:47	SamFormatConverter	Processed    34,000,000 records.  Elapsed time: 00:05:02s.  Time for last 1,000,000:    8s.  Last read position: chr1:93,801,698.  Last read name: SRR7624395.34117970
[Wed Jul 03 23:47:56 CEST 2024] picard.sam.SamFormatConverter done. Elapsed time: 5.20 minutes.
Runtime.totalMemory()=962592768
23:47:58.476 INFO  NativeLibraryLoader - Loading libgkl_compression.so from jar:file:/home/robin/bin/miniconda3/share/picard-2.26.2-0/picard.jar!/com/intel/gkl/native/libgkl_compression.so
[Wed Jul 03 23:47:58 CEST 2024] SortSam --INPUT E14_48h_H3K27ac_ChIP_Yang2019_GSM3314707_unsorted.bam --OUTPUT E14_48h_H3K27ac_ChIP_Yang2019_GSM3314707_sorted.bam --SORT_ORDER coordinate --TMP_DIR . --VERBOSITY INFO --QUIET false --VALIDATION_STRINGENCY STRICT --COMPRESSION_LEVEL 5 --MAX_RECORDS_IN_RAM 500000 --CREATE_INDEX false --CREATE_MD5_FILE false --GA4GH_CLIENT_SECRETS client_secrets.json --help false --version false --showHidden false --USE_JDK_DEFLATER false --USE_JDK_INFLATER false
[Wed Jul 03 23:47:58 CEST 2024] Executing as robin@epipax.ijm.univ-paris-diderot.priv on Linux 6.1.0-21-amd64 amd64; OpenJDK 64-Bit Server VM 1.8.0_332-b09; Deflater: Intel; Inflater: Intel; Provider GCS is not available; Picard version: Version:2.26.2
INFO	2024-07-03 23:47:58	SortSam	Seen many non-increasing record positions. Printing Read-names as well.
INFO	2024-07-03 23:48:59	SortSam	Read    10,000,000 records.  Elapsed time: 00:01:00s.  Time for last 10,000,000:   60s.  Last read position: chr14:50,797,296.  Last read name: SRR7624395.15466478
INFO	2024-07-03 23:49:56	SortSam	Read    20,000,000 records.  Elapsed time: 00:01:58s.  Time for last 10,000,000:   57s.  Last read position: chr3:103,348,817.  Last read name: SRR7624395.13596763
INFO	2024-07-03 23:50:54	SortSam	Read    30,000,000 records.  Elapsed time: 00:02:55s.  Time for last 10,000,000:   57s.  Last read position: chr10:33,516,552.  Last read name: SRR7624395.17552772
INFO	2024-07-03 23:51:27	SortSam	Finished reading inputs, merging and writing to output now.
INFO	2024-07-03 23:52:19	SortSam	Wrote    10,000,000 records from a sorting collection.  Elapsed time: 00:04:20s.  Time for last 10,000,000:   50s.  Last read position: chr5:64,676,239
INFO	2024-07-03 23:53:09	SortSam	Wrote    20,000,000 records from a sorting collection.  Elapsed time: 00:05:10s.  Time for last 10,000,000:   50s.  Last read position: chr10:88,221,653
INFO	2024-07-03 23:53:59	SortSam	Wrote    30,000,000 records from a sorting collection.  Elapsed time: 00:06:00s.  Time for last 10,000,000:   50s.  Last read position: chr17:13,782,444
[Wed Jul 03 23:54:24 CEST 2024] picard.sam.SortSam done. Elapsed time: 6.43 minutes.
Runtime.totalMemory()=1710227456
23:54:25.531 INFO  NativeLibraryLoader - Loading libgkl_compression.so from jar:file:/home/robin/bin/miniconda3/share/picard-2.26.2-0/picard.jar!/com/intel/gkl/native/libgkl_compression.so
[Wed Jul 03 23:54:25 CEST 2024] MarkDuplicates --INPUT E14_48h_H3K27ac_ChIP_Yang2019_GSM3314707_sorted.bam --OUTPUT E14_48h_H3K27ac_ChIP_Yang2019_GSM3314707.bam --METRICS_FILE E14_48h_H3K27ac_ChIP_Yang2019_GSM3314707_markDupeMetrics.txt --REMOVE_DUPLICATES false --TMP_DIR . --MAX_SEQUENCES_FOR_DISK_READ_ENDS_MAP 50000 --MAX_FILE_HANDLES_FOR_READ_ENDS_MAP 8000 --SORTING_COLLECTION_SIZE_RATIO 0.25 --TAG_DUPLICATE_SET_MEMBERS false --REMOVE_SEQUENCING_DUPLICATES false --TAGGING_POLICY DontTag --CLEAR_DT true --DUPLEX_UMI false --ADD_PG_TAG_TO_READS true --ASSUME_SORTED false --DUPLICATE_SCORING_STRATEGY SUM_OF_BASE_QUALITIES --PROGRAM_RECORD_ID MarkDuplicates --PROGRAM_GROUP_NAME MarkDuplicates --READ_NAME_REGEX <optimized capture of last three ':' separated fields as numeric values> --OPTICAL_DUPLICATE_PIXEL_DISTANCE 100 --MAX_OPTICAL_DUPLICATE_SET_SIZE 300000 --VERBOSITY INFO --QUIET false --VALIDATION_STRINGENCY STRICT --COMPRESSION_LEVEL 5 --MAX_RECORDS_IN_RAM 500000 --CREATE_INDEX false --CREATE_MD5_FILE false --GA4GH_CLIENT_SECRETS client_secrets.json --help false --version false --showHidden false --USE_JDK_DEFLATER false --USE_JDK_INFLATER false
[Wed Jul 03 23:54:25 CEST 2024] Executing as robin@epipax.ijm.univ-paris-diderot.priv on Linux 6.1.0-21-amd64 amd64; OpenJDK 64-Bit Server VM 1.8.0_332-b09; Deflater: Intel; Inflater: Intel; Provider GCS is not available; Picard version: Version:2.26.2
INFO	2024-07-03 23:54:25	MarkDuplicates	Start of doWork freeMemory: 501501832; totalMemory: 514850816; maxMemory: 1908932608
INFO	2024-07-03 23:54:25	MarkDuplicates	Reading input file and constructing read end information.
INFO	2024-07-03 23:54:25	MarkDuplicates	Will retain up to 6916422 data points before spilling to disk.
WARNING	2024-07-03 23:54:26	AbstractOpticalDuplicateFinderCommandLineProgram	A field field parsed out of a read name was expected to contain an integer and did not. Read name: SRR7624395.4605914. Cause: String 'SRR7624395.4605914' did not start with a parsable number.
INFO	2024-07-03 23:54:30	MarkDuplicates	Read     1,000,000 records.  Elapsed time: 00:00:04s.  Time for last 1,000,000:    4s.  Last read position: chr1:84,225,054
INFO	2024-07-03 23:54:30	MarkDuplicates	Tracking 0 as yet unmatched pairs. 0 records in RAM.
INFO	2024-07-03 23:54:34	MarkDuplicates	Read     2,000,000 records.  Elapsed time: 00:00:08s.  Time for last 1,000,000:    3s.  Last read position: chr1:164,545,950
INFO	2024-07-03 23:54:34	MarkDuplicates	Tracking 0 as yet unmatched pairs. 0 records in RAM.
INFO	2024-07-03 23:54:38	MarkDuplicates	Read     3,000,000 records.  Elapsed time: 00:00:12s.  Time for last 1,000,000:    3s.  Last read position: chr2:38,465,163
INFO	2024-07-03 23:54:38	MarkDuplicates	Tracking 0 as yet unmatched pairs. 0 records in RAM.
INFO	2024-07-03 23:54:42	MarkDuplicates	Read     4,000,000 records.  Elapsed time: 00:00:16s.  Time for last 1,000,000:    3s.  Last read position: chr2:107,381,775
INFO	2024-07-03 23:54:42	MarkDuplicates	Tracking 0 as yet unmatched pairs. 0 records in RAM.
INFO	2024-07-03 23:54:49	MarkDuplicates	Read     5,000,000 records.  Elapsed time: 00:00:23s.  Time for last 1,000,000:    6s.  Last read position: chr2:171,986,647
INFO	2024-07-03 23:54:49	MarkDuplicates	Tracking 0 as yet unmatched pairs. 0 records in RAM.
INFO	2024-07-03 23:54:53	MarkDuplicates	Read     6,000,000 records.  Elapsed time: 00:00:27s.  Time for last 1,000,000:    4s.  Last read position: chr3:76,271,182
INFO	2024-07-03 23:54:53	MarkDuplicates	Tracking 0 as yet unmatched pairs. 0 records in RAM.
INFO	2024-07-03 23:55:00	MarkDuplicates	Read     7,000,000 records.  Elapsed time: 00:00:34s.  Time for last 1,000,000:    6s.  Last read position: chr3:153,270,944
INFO	2024-07-03 23:55:00	MarkDuplicates	Tracking 0 as yet unmatched pairs. 0 records in RAM.
INFO	2024-07-03 23:55:04	MarkDuplicates	Read     8,000,000 records.  Elapsed time: 00:00:38s.  Time for last 1,000,000:    4s.  Last read position: chr4:84,011,707
INFO	2024-07-03 23:55:04	MarkDuplicates	Tracking 0 as yet unmatched pairs. 0 records in RAM.
INFO	2024-07-03 23:55:08	MarkDuplicates	Read     9,000,000 records.  Elapsed time: 00:00:42s.  Time for last 1,000,000:    4s.  Last read position: chr4:146,107,173
INFO	2024-07-03 23:55:08	MarkDuplicates	Tracking 0 as yet unmatched pairs. 0 records in RAM.
INFO	2024-07-03 23:55:12	MarkDuplicates	Read    10,000,000 records.  Elapsed time: 00:00:46s.  Time for last 1,000,000:    4s.  Last read position: chr5:64,676,239
INFO	2024-07-03 23:55:12	MarkDuplicates	Tracking 0 as yet unmatched pairs. 0 records in RAM.
INFO	2024-07-03 23:55:16	MarkDuplicates	Read    11,000,000 records.  Elapsed time: 00:00:50s.  Time for last 1,000,000:    3s.  Last read position: chr5:135,679,027
INFO	2024-07-03 23:55:16	MarkDuplicates	Tracking 0 as yet unmatched pairs. 0 records in RAM.
INFO	2024-07-03 23:55:20	MarkDuplicates	Read    12,000,000 records.  Elapsed time: 00:00:54s.  Time for last 1,000,000:    4s.  Last read position: chr6:60,267,242
INFO	2024-07-03 23:55:20	MarkDuplicates	Tracking 0 as yet unmatched pairs. 0 records in RAM.
INFO	2024-07-03 23:55:27	MarkDuplicates	Read    13,000,000 records.  Elapsed time: 00:01:01s.  Time for last 1,000,000:    7s.  Last read position: chr6:135,976,140
INFO	2024-07-03 23:55:27	MarkDuplicates	Tracking 0 as yet unmatched pairs. 0 records in RAM.
INFO	2024-07-03 23:55:33	MarkDuplicates	Read    14,000,000 records.  Elapsed time: 00:01:07s.  Time for last 1,000,000:    6s.  Last read position: chr7:61,087,552
INFO	2024-07-03 23:55:33	MarkDuplicates	Tracking 0 as yet unmatched pairs. 0 records in RAM.
INFO	2024-07-03 23:55:37	MarkDuplicates	Read    15,000,000 records.  Elapsed time: 00:01:11s.  Time for last 1,000,000:    3s.  Last read position: chr7:132,819,198
INFO	2024-07-03 23:55:37	MarkDuplicates	Tracking 0 as yet unmatched pairs. 0 records in RAM.
INFO	2024-07-03 23:55:40	MarkDuplicates	Read    16,000,000 records.  Elapsed time: 00:01:14s.  Time for last 1,000,000:    3s.  Last read position: chr8:69,848,025
INFO	2024-07-03 23:55:40	MarkDuplicates	Tracking 0 as yet unmatched pairs. 0 records in RAM.
INFO	2024-07-03 23:55:44	MarkDuplicates	Read    17,000,000 records.  Elapsed time: 00:01:18s.  Time for last 1,000,000:    3s.  Last read position: chr9:3,025,504
INFO	2024-07-03 23:55:44	MarkDuplicates	Tracking 0 as yet unmatched pairs. 0 records in RAM.
INFO	2024-07-03 23:55:48	MarkDuplicates	Read    18,000,000 records.  Elapsed time: 00:01:22s.  Time for last 1,000,000:    3s.  Last read position: chr9:67,529,397
INFO	2024-07-03 23:55:48	MarkDuplicates	Tracking 0 as yet unmatched pairs. 0 records in RAM.
INFO	2024-07-03 23:55:55	MarkDuplicates	Read    19,000,000 records.  Elapsed time: 00:01:29s.  Time for last 1,000,000:    7s.  Last read position: chr10:19,211,273
INFO	2024-07-03 23:55:55	MarkDuplicates	Tracking 0 as yet unmatched pairs. 0 records in RAM.
INFO	2024-07-03 23:55:58	MarkDuplicates	Read    20,000,000 records.  Elapsed time: 00:01:32s.  Time for last 1,000,000:    3s.  Last read position: chr10:88,221,653
INFO	2024-07-03 23:55:58	MarkDuplicates	Tracking 0 as yet unmatched pairs. 0 records in RAM.
INFO	2024-07-03 23:56:04	MarkDuplicates	Read    21,000,000 records.  Elapsed time: 00:01:38s.  Time for last 1,000,000:    6s.  Last read position: chr11:33,261,700
INFO	2024-07-03 23:56:04	MarkDuplicates	Tracking 0 as yet unmatched pairs. 0 records in RAM.
INFO	2024-07-03 23:56:08	MarkDuplicates	Read    22,000,000 records.  Elapsed time: 00:01:42s.  Time for last 1,000,000:    3s.  Last read position: chr11:95,263,488
INFO	2024-07-03 23:56:08	MarkDuplicates	Tracking 0 as yet unmatched pairs. 0 records in RAM.
INFO	2024-07-03 23:56:12	MarkDuplicates	Read    23,000,000 records.  Elapsed time: 00:01:46s.  Time for last 1,000,000:    3s.  Last read position: chr12:37,019,818
INFO	2024-07-03 23:56:12	MarkDuplicates	Tracking 0 as yet unmatched pairs. 0 records in RAM.
INFO	2024-07-03 23:56:15	MarkDuplicates	Read    24,000,000 records.  Elapsed time: 00:01:49s.  Time for last 1,000,000:    3s.  Last read position: chr12:114,105,813
INFO	2024-07-03 23:56:15	MarkDuplicates	Tracking 0 as yet unmatched pairs. 0 records in RAM.
INFO	2024-07-03 23:56:24	MarkDuplicates	Read    25,000,000 records.  Elapsed time: 00:01:58s.  Time for last 1,000,000:    8s.  Last read position: chr13:67,547,421
INFO	2024-07-03 23:56:24	MarkDuplicates	Tracking 0 as yet unmatched pairs. 0 records in RAM.
INFO	2024-07-03 23:56:28	MarkDuplicates	Read    26,000,000 records.  Elapsed time: 00:02:02s.  Time for last 1,000,000:    4s.  Last read position: chr14:21,224,084
INFO	2024-07-03 23:56:28	MarkDuplicates	Tracking 0 as yet unmatched pairs. 0 records in RAM.
INFO	2024-07-03 23:56:32	MarkDuplicates	Read    27,000,000 records.  Elapsed time: 00:02:06s.  Time for last 1,000,000:    4s.  Last read position: chr14:101,757,442
INFO	2024-07-03 23:56:32	MarkDuplicates	Tracking 0 as yet unmatched pairs. 0 records in RAM.
INFO	2024-07-03 23:56:38	MarkDuplicates	Read    28,000,000 records.  Elapsed time: 00:02:12s.  Time for last 1,000,000:    5s.  Last read position: chr15:66,311,252
INFO	2024-07-03 23:56:38	MarkDuplicates	Tracking 0 as yet unmatched pairs. 0 records in RAM.
INFO	2024-07-03 23:56:41	MarkDuplicates	Read    29,000,000 records.  Elapsed time: 00:02:15s.  Time for last 1,000,000:    3s.  Last read position: chr16:22,598,404
INFO	2024-07-03 23:56:41	MarkDuplicates	Tracking 0 as yet unmatched pairs. 0 records in RAM.
INFO	2024-07-03 23:56:45	MarkDuplicates	Read    30,000,000 records.  Elapsed time: 00:02:19s.  Time for last 1,000,000:    4s.  Last read position: chr17:13,782,444
INFO	2024-07-03 23:56:45	MarkDuplicates	Tracking 0 as yet unmatched pairs. 0 records in RAM.
INFO	2024-07-03 23:56:50	MarkDuplicates	Read    31,000,000 records.  Elapsed time: 00:02:24s.  Time for last 1,000,000:    4s.  Last read position: chr17:77,630,846
INFO	2024-07-03 23:56:50	MarkDuplicates	Tracking 0 as yet unmatched pairs. 0 records in RAM.
INFO	2024-07-03 23:56:53	MarkDuplicates	Read    32,000,000 records.  Elapsed time: 00:02:27s.  Time for last 1,000,000:    3s.  Last read position: chr18:60,563,923
INFO	2024-07-03 23:56:53	MarkDuplicates	Tracking 0 as yet unmatched pairs. 0 records in RAM.
INFO	2024-07-03 23:56:58	MarkDuplicates	Read    33,000,000 records.  Elapsed time: 00:02:32s.  Time for last 1,000,000:    5s.  Last read position: chr19:42,170,673
INFO	2024-07-03 23:56:58	MarkDuplicates	Tracking 0 as yet unmatched pairs. 0 records in RAM.
INFO	2024-07-03 23:57:02	MarkDuplicates	Read    34,000,000 records.  Elapsed time: 00:02:36s.  Time for last 1,000,000:    3s.  Last read position: chrX:136,202,979
INFO	2024-07-03 23:57:02	MarkDuplicates	Tracking 0 as yet unmatched pairs. 0 records in RAM.
INFO	2024-07-03 23:57:07	MarkDuplicates	Read 34637981 records. 0 pairs never matched.
INFO	2024-07-03 23:57:08	MarkDuplicates	After buildSortedReadEndLists freeMemory: 1676786488; totalMemory: 1721237504; maxMemory: 1908932608
INFO	2024-07-03 23:57:08	MarkDuplicates	Will retain up to 59654144 duplicate indices before spilling to disk.
INFO	2024-07-03 23:57:08	MarkDuplicates	Traversing read pair information and detecting duplicates.
INFO	2024-07-03 23:57:08	MarkDuplicates	Traversing fragment information and detecting duplicates.
INFO	2024-07-03 23:57:17	MarkDuplicates	Sorting list of duplicate records.
INFO	2024-07-03 23:57:17	MarkDuplicates	After generateDuplicateIndexes freeMemory: 1223383928; totalMemory: 1717567488; maxMemory: 1908932608
INFO	2024-07-03 23:57:17	MarkDuplicates	Marking 423330 records as duplicates.
INFO	2024-07-03 23:57:17	MarkDuplicates	Found 0 optical duplicate clusters.
INFO	2024-07-03 23:57:17	MarkDuplicates	Reads are assumed to be ordered by: coordinate
INFO	2024-07-03 23:58:31	MarkDuplicates	Written    10,000,000 records.  Elapsed time: 00:01:13s.  Time for last 10,000,000:   73s.  Last read position: chr5:64,676,239
INFO	2024-07-03 23:59:44	MarkDuplicates	Written    20,000,000 records.  Elapsed time: 00:02:26s.  Time for last 10,000,000:   72s.  Last read position: chr10:88,221,653
INFO	2024-07-04 00:00:54	MarkDuplicates	Written    30,000,000 records.  Elapsed time: 00:03:36s.  Time for last 10,000,000:   70s.  Last read position: chr17:13,782,444
INFO	2024-07-04 00:01:27	MarkDuplicates	Writing complete. Closing input iterator.
INFO	2024-07-04 00:01:27	MarkDuplicates	Duplicate Index cleanup.
INFO	2024-07-04 00:01:27	MarkDuplicates	Getting Memory Stats.
INFO	2024-07-04 00:01:27	MarkDuplicates	Before output close freeMemory: 1738124216; totalMemory: 1756889088; maxMemory: 1908932608
INFO	2024-07-04 00:01:29	MarkDuplicates	Closed outputs. Getting more Memory Stats.
INFO	2024-07-04 00:01:29	MarkDuplicates	After output close freeMemory: 1738124216; totalMemory: 1756889088; maxMemory: 1908932608
[Thu Jul 04 00:01:29 CEST 2024] picard.sam.markduplicates.MarkDuplicates done. Elapsed time: 7.06 minutes.
Runtime.totalMemory()=1756889088
[sam grooming] finished successfully at [Thu Jul 4 12:01:40 AM CEST 2024]
[trueStats] Collecting alignment statistics for E14_48h_H3K27ac_ChIP_Yang2019_GSM3314707.bam at [Thu Jul 4 12:02:26 AM CEST 2024]
[bamToWigCPMsmoothKeepDup] Started with bin size: 1 and smoothing over 0 bp and KEEPING DUPLICATES at [Thu Jul 4 12:05:51 AM CEST 2024]
There are 33449827 alignments, of which 392495 are completely within a blacklist region.
Due to filtering, 90.470723654318% of the aforementioned alignments will be used 29907207.481210433
[bamToWigCPMsmoothKeepDup] finished successfully at [Thu Jul 4 12:23:40 AM CEST 2024]
[file cleanup] started. Good job! at [Thu Jul 4 12:23:40 AM CEST 2024]
cp: cannot stat '*.pdf': No such file or directory
mv: cannot stat '*.bed': No such file or directory
mv: preserving times for '/data/bigWigs/E14_48h_H3K27ac_ChIP_Yang2019_GSM3314707_trimV5_mm10_kpDup_q10_b1_s0_CPM.bw': Operation not permitted
mv: preserving permissions for ‘/data/bigWigs/E14_48h_H3K27ac_ChIP_Yang2019_GSM3314707_trimV5_mm10_kpDup_q10_b1_s0_CPM.bw’: Operation not permitted
mv: preserving times for '/data/bams/E14_48h_H3K27ac_ChIP_Yang2019_GSM3314707_trimV5_mm10.bam': Operation not permitted
mv: preserving permissions for ‘/data/bams/E14_48h_H3K27ac_ChIP_Yang2019_GSM3314707_trimV5_mm10.bam’: Operation not permitted
mv: preserving times for '/data/bams/E14_48h_H3K27ac_ChIP_Yang2019_GSM3314707_trimV5_mm10.bam.bai': Operation not permitted
mv: preserving permissions for ‘/data/bams/E14_48h_H3K27ac_ChIP_Yang2019_GSM3314707_trimV5_mm10.bam.bai’: Operation not permitted
mv: cannot stat '*.gtf': No such file or directory
