SCRATCH: /scratch
[setupVariables] Data are paired-end. at [Fri Jul 5 06:03:21 PM CEST 2024]
[checkDependencies] Checking Dependencies [Fri Jul 5 06:03:21 PM CEST 2024] at [Fri Jul 5 06:03:21 PM CEST 2024]
[setup checkDependencies] trimmomatic... at [Fri Jul 5 06:03:21 PM CEST 2024]
[setup checkDependencies] STAR... at [Fri Jul 5 06:03:21 PM CEST 2024]
[setup checkDependencies] bismark... at [Fri Jul 5 06:03:21 PM CEST 2024]
[setup checkDependencies] bowtie2... at [Fri Jul 5 06:03:21 PM CEST 2024]
[setup checkDependencies] samtools... at [Fri Jul 5 06:03:21 PM CEST 2024]
[setup checkDependencies] picard... at [Fri Jul 5 06:03:21 PM CEST 2024]
[setup checkDependencies] awk... at [Fri Jul 5 06:03:21 PM CEST 2024]
[setup checkDependencies] bamCoverage... at [Fri Jul 5 06:03:21 PM CEST 2024]
[setup checkDependencies] fastqc... at [Fri Jul 5 06:03:21 PM CEST 2024]
[setup checkDependencies] fastq_screen... at [Fri Jul 5 06:03:21 PM CEST 2024]
[setup checkDependencies] stringtie... at [Fri Jul 5 06:03:21 PM CEST 2024]
[setup checkDependencies] clumpify.sh... at [Fri Jul 5 06:03:21 PM CEST 2024]
PAIRED: true
[setUpLogFile] Script started at [Fri Jul 5 06:03:21 PM CEST 2024] at [Fri Jul 5 06:03:21 PM CEST 2024]
[fastQC] started on raw FASTQs at [Fri Jul 5 06:03:21 PM CEST 2024]
Started analysis of E14_0h_RNA_Yang2019_rep1_GSM3314677_R1_raw.fastq.gz
Started analysis of E14_0h_RNA_Yang2019_rep1_GSM3314677_R2_raw.fastq.gz
Approx 5% complete for E14_0h_RNA_Yang2019_rep1_GSM3314677_R1_raw.fastq.gz
Approx 5% complete for E14_0h_RNA_Yang2019_rep1_GSM3314677_R2_raw.fastq.gz
Approx 10% complete for E14_0h_RNA_Yang2019_rep1_GSM3314677_R1_raw.fastq.gz
Approx 10% complete for E14_0h_RNA_Yang2019_rep1_GSM3314677_R2_raw.fastq.gz
Approx 15% complete for E14_0h_RNA_Yang2019_rep1_GSM3314677_R1_raw.fastq.gz
Approx 15% complete for E14_0h_RNA_Yang2019_rep1_GSM3314677_R2_raw.fastq.gz
Approx 20% complete for E14_0h_RNA_Yang2019_rep1_GSM3314677_R1_raw.fastq.gz
Approx 20% complete for E14_0h_RNA_Yang2019_rep1_GSM3314677_R2_raw.fastq.gz
Approx 25% complete for E14_0h_RNA_Yang2019_rep1_GSM3314677_R1_raw.fastq.gz
Approx 25% complete for E14_0h_RNA_Yang2019_rep1_GSM3314677_R2_raw.fastq.gz
Approx 30% complete for E14_0h_RNA_Yang2019_rep1_GSM3314677_R1_raw.fastq.gz
Approx 30% complete for E14_0h_RNA_Yang2019_rep1_GSM3314677_R2_raw.fastq.gz
Approx 35% complete for E14_0h_RNA_Yang2019_rep1_GSM3314677_R1_raw.fastq.gz
Approx 35% complete for E14_0h_RNA_Yang2019_rep1_GSM3314677_R2_raw.fastq.gz
Approx 40% complete for E14_0h_RNA_Yang2019_rep1_GSM3314677_R1_raw.fastq.gz
Approx 40% complete for E14_0h_RNA_Yang2019_rep1_GSM3314677_R2_raw.fastq.gz
Approx 45% complete for E14_0h_RNA_Yang2019_rep1_GSM3314677_R1_raw.fastq.gz
Approx 45% complete for E14_0h_RNA_Yang2019_rep1_GSM3314677_R2_raw.fastq.gz
Approx 50% complete for E14_0h_RNA_Yang2019_rep1_GSM3314677_R1_raw.fastq.gz
Approx 50% complete for E14_0h_RNA_Yang2019_rep1_GSM3314677_R2_raw.fastq.gz
Approx 55% complete for E14_0h_RNA_Yang2019_rep1_GSM3314677_R1_raw.fastq.gz
Approx 55% complete for E14_0h_RNA_Yang2019_rep1_GSM3314677_R2_raw.fastq.gz
Approx 60% complete for E14_0h_RNA_Yang2019_rep1_GSM3314677_R1_raw.fastq.gz
Approx 60% complete for E14_0h_RNA_Yang2019_rep1_GSM3314677_R2_raw.fastq.gz
Approx 65% complete for E14_0h_RNA_Yang2019_rep1_GSM3314677_R1_raw.fastq.gz
Approx 65% complete for E14_0h_RNA_Yang2019_rep1_GSM3314677_R2_raw.fastq.gz
Approx 70% complete for E14_0h_RNA_Yang2019_rep1_GSM3314677_R1_raw.fastq.gz
Approx 70% complete for E14_0h_RNA_Yang2019_rep1_GSM3314677_R2_raw.fastq.gz
Approx 75% complete for E14_0h_RNA_Yang2019_rep1_GSM3314677_R1_raw.fastq.gz
Approx 75% complete for E14_0h_RNA_Yang2019_rep1_GSM3314677_R2_raw.fastq.gz
Approx 80% complete for E14_0h_RNA_Yang2019_rep1_GSM3314677_R1_raw.fastq.gz
Approx 80% complete for E14_0h_RNA_Yang2019_rep1_GSM3314677_R2_raw.fastq.gz
Approx 85% complete for E14_0h_RNA_Yang2019_rep1_GSM3314677_R1_raw.fastq.gz
Approx 85% complete for E14_0h_RNA_Yang2019_rep1_GSM3314677_R2_raw.fastq.gz
Approx 90% complete for E14_0h_RNA_Yang2019_rep1_GSM3314677_R1_raw.fastq.gz
Approx 90% complete for E14_0h_RNA_Yang2019_rep1_GSM3314677_R2_raw.fastq.gz
Approx 95% complete for E14_0h_RNA_Yang2019_rep1_GSM3314677_R1_raw.fastq.gz
Approx 95% complete for E14_0h_RNA_Yang2019_rep1_GSM3314677_R2_raw.fastq.gz
Analysis complete for E14_0h_RNA_Yang2019_rep1_GSM3314677_R1_raw.fastq.gz
Analysis complete for E14_0h_RNA_Yang2019_rep1_GSM3314677_R2_raw.fastq.gz
[fastQC] on raw FASTQs finished succesfully. Will remove PCR duplicates now at [Fri Jul 5 06:07:41 PM CEST 2024]
Reads are length: 52 at [Fri Jul 5 06:07:41 PM CEST 2024]
Reads with same sequence 1 or fewer substitutions will be marked as PCR duplicates at [Fri Jul 5 06:07:41 PM CEST 2024]
Removal of PCR duplicates complete! at [Fri Jul 5 06:56:53 PM CEST 2024]
[trimReads] Started using version trimV5 parameters at [Fri Jul 5 06:56:53 PM CEST 2024]
ILLUMINACLIP:/data/reference_genomes/adapters/adapters.fa:2:30:10 SLIDINGWINDOW:4:20 MINLEN:24
[trimReads] Trimming E14_0h_RNA_Yang2019_rep1_GSM3314677_R1.fastq.gz and E14_0h_RNA_Yang2019_rep1_GSM3314677_R2.fastq.gz... at [Fri Jul 5 06:56:53 PM CEST 2024]
[trimReads] Finished successfully at [Fri Jul 5 07:03:06 PM CEST 2024]
[fastQC] started on E14_0h_RNA_Yang2019_rep1_GSM3314677_R1.fastq.gz E14_0h_RNA_Yang2019_rep1_GSM3314677_R2.fastq.gz E14_0h_RNA_Yang2019_rep1_GSM3314677_trimV5_R1.fastq.gz E14_0h_RNA_Yang2019_rep1_GSM3314677_trimV5_R2.fastq.gz at [Fri Jul 5 07:03:06 PM CEST 2024]
Started analysis of E14_0h_RNA_Yang2019_rep1_GSM3314677_R1.fastq.gz
Started analysis of E14_0h_RNA_Yang2019_rep1_GSM3314677_R2.fastq.gz
Started analysis of E14_0h_RNA_Yang2019_rep1_GSM3314677_trimV5_R1.fastq.gz
Started analysis of E14_0h_RNA_Yang2019_rep1_GSM3314677_trimV5_R2.fastq.gz
Approx 5% complete for E14_0h_RNA_Yang2019_rep1_GSM3314677_R1.fastq.gz
Approx 5% complete for E14_0h_RNA_Yang2019_rep1_GSM3314677_trimV5_R1.fastq.gz
Approx 5% complete for E14_0h_RNA_Yang2019_rep1_GSM3314677_trimV5_R2.fastq.gz
Approx 5% complete for E14_0h_RNA_Yang2019_rep1_GSM3314677_R2.fastq.gz
Approx 10% complete for E14_0h_RNA_Yang2019_rep1_GSM3314677_R1.fastq.gz
Approx 10% complete for E14_0h_RNA_Yang2019_rep1_GSM3314677_trimV5_R1.fastq.gz
Approx 10% complete for E14_0h_RNA_Yang2019_rep1_GSM3314677_trimV5_R2.fastq.gz
Approx 10% complete for E14_0h_RNA_Yang2019_rep1_GSM3314677_R2.fastq.gz
Approx 15% complete for E14_0h_RNA_Yang2019_rep1_GSM3314677_R1.fastq.gz
Approx 15% complete for E14_0h_RNA_Yang2019_rep1_GSM3314677_trimV5_R1.fastq.gz
Approx 15% complete for E14_0h_RNA_Yang2019_rep1_GSM3314677_trimV5_R2.fastq.gz
Approx 20% complete for E14_0h_RNA_Yang2019_rep1_GSM3314677_R1.fastq.gz
Approx 15% complete for E14_0h_RNA_Yang2019_rep1_GSM3314677_R2.fastq.gz
Approx 20% complete for E14_0h_RNA_Yang2019_rep1_GSM3314677_trimV5_R1.fastq.gz
Approx 20% complete for E14_0h_RNA_Yang2019_rep1_GSM3314677_trimV5_R2.fastq.gz
Approx 25% complete for E14_0h_RNA_Yang2019_rep1_GSM3314677_R1.fastq.gz
Approx 25% complete for E14_0h_RNA_Yang2019_rep1_GSM3314677_trimV5_R1.fastq.gz
Approx 20% complete for E14_0h_RNA_Yang2019_rep1_GSM3314677_R2.fastq.gz
Approx 30% complete for E14_0h_RNA_Yang2019_rep1_GSM3314677_R1.fastq.gz
Approx 25% complete for E14_0h_RNA_Yang2019_rep1_GSM3314677_trimV5_R2.fastq.gz
Approx 30% complete for E14_0h_RNA_Yang2019_rep1_GSM3314677_trimV5_R1.fastq.gz
Approx 25% complete for E14_0h_RNA_Yang2019_rep1_GSM3314677_R2.fastq.gz
Approx 35% complete for E14_0h_RNA_Yang2019_rep1_GSM3314677_R1.fastq.gz
Approx 35% complete for E14_0h_RNA_Yang2019_rep1_GSM3314677_trimV5_R1.fastq.gz
Approx 30% complete for E14_0h_RNA_Yang2019_rep1_GSM3314677_trimV5_R2.fastq.gz
Approx 30% complete for E14_0h_RNA_Yang2019_rep1_GSM3314677_R2.fastq.gz
Approx 40% complete for E14_0h_RNA_Yang2019_rep1_GSM3314677_R1.fastq.gz
Approx 40% complete for E14_0h_RNA_Yang2019_rep1_GSM3314677_trimV5_R1.fastq.gz
Approx 35% complete for E14_0h_RNA_Yang2019_rep1_GSM3314677_trimV5_R2.fastq.gz
Approx 45% complete for E14_0h_RNA_Yang2019_rep1_GSM3314677_R1.fastq.gz
Approx 45% complete for E14_0h_RNA_Yang2019_rep1_GSM3314677_trimV5_R1.fastq.gz
Approx 35% complete for E14_0h_RNA_Yang2019_rep1_GSM3314677_R2.fastq.gz
Approx 40% complete for E14_0h_RNA_Yang2019_rep1_GSM3314677_trimV5_R2.fastq.gz
Approx 50% complete for E14_0h_RNA_Yang2019_rep1_GSM3314677_R1.fastq.gz
Approx 50% complete for E14_0h_RNA_Yang2019_rep1_GSM3314677_trimV5_R1.fastq.gz
Approx 40% complete for E14_0h_RNA_Yang2019_rep1_GSM3314677_R2.fastq.gz
Approx 45% complete for E14_0h_RNA_Yang2019_rep1_GSM3314677_trimV5_R2.fastq.gz
Approx 55% complete for E14_0h_RNA_Yang2019_rep1_GSM3314677_R1.fastq.gz
Approx 55% complete for E14_0h_RNA_Yang2019_rep1_GSM3314677_trimV5_R1.fastq.gz
Approx 50% complete for E14_0h_RNA_Yang2019_rep1_GSM3314677_trimV5_R2.fastq.gz
Approx 60% complete for E14_0h_RNA_Yang2019_rep1_GSM3314677_trimV5_R1.fastq.gz
Approx 60% complete for E14_0h_RNA_Yang2019_rep1_GSM3314677_R1.fastq.gz
Approx 45% complete for E14_0h_RNA_Yang2019_rep1_GSM3314677_R2.fastq.gz
Approx 65% complete for E14_0h_RNA_Yang2019_rep1_GSM3314677_trimV5_R1.fastq.gz
Approx 65% complete for E14_0h_RNA_Yang2019_rep1_GSM3314677_R1.fastq.gz
Approx 55% complete for E14_0h_RNA_Yang2019_rep1_GSM3314677_trimV5_R2.fastq.gz
Approx 50% complete for E14_0h_RNA_Yang2019_rep1_GSM3314677_R2.fastq.gz
Approx 70% complete for E14_0h_RNA_Yang2019_rep1_GSM3314677_trimV5_R1.fastq.gz
Approx 70% complete for E14_0h_RNA_Yang2019_rep1_GSM3314677_R1.fastq.gz
Approx 60% complete for E14_0h_RNA_Yang2019_rep1_GSM3314677_trimV5_R2.fastq.gz
Approx 55% complete for E14_0h_RNA_Yang2019_rep1_GSM3314677_R2.fastq.gz
Approx 75% complete for E14_0h_RNA_Yang2019_rep1_GSM3314677_trimV5_R1.fastq.gz
Approx 75% complete for E14_0h_RNA_Yang2019_rep1_GSM3314677_R1.fastq.gz
Approx 65% complete for E14_0h_RNA_Yang2019_rep1_GSM3314677_trimV5_R2.fastq.gz
Approx 80% complete for E14_0h_RNA_Yang2019_rep1_GSM3314677_trimV5_R1.fastq.gz
Approx 60% complete for E14_0h_RNA_Yang2019_rep1_GSM3314677_R2.fastq.gz
Approx 80% complete for E14_0h_RNA_Yang2019_rep1_GSM3314677_R1.fastq.gz
Approx 70% complete for E14_0h_RNA_Yang2019_rep1_GSM3314677_trimV5_R2.fastq.gz
Approx 85% complete for E14_0h_RNA_Yang2019_rep1_GSM3314677_trimV5_R1.fastq.gz
Approx 85% complete for E14_0h_RNA_Yang2019_rep1_GSM3314677_R1.fastq.gz
Approx 65% complete for E14_0h_RNA_Yang2019_rep1_GSM3314677_R2.fastq.gz
Approx 75% complete for E14_0h_RNA_Yang2019_rep1_GSM3314677_trimV5_R2.fastq.gz
Approx 90% complete for E14_0h_RNA_Yang2019_rep1_GSM3314677_trimV5_R1.fastq.gz
Approx 90% complete for E14_0h_RNA_Yang2019_rep1_GSM3314677_R1.fastq.gz
Approx 70% complete for E14_0h_RNA_Yang2019_rep1_GSM3314677_R2.fastq.gz
Approx 95% complete for E14_0h_RNA_Yang2019_rep1_GSM3314677_trimV5_R1.fastq.gz
Approx 80% complete for E14_0h_RNA_Yang2019_rep1_GSM3314677_trimV5_R2.fastq.gz
Approx 95% complete for E14_0h_RNA_Yang2019_rep1_GSM3314677_R1.fastq.gz
Analysis complete for E14_0h_RNA_Yang2019_rep1_GSM3314677_trimV5_R1.fastq.gz
Approx 75% complete for E14_0h_RNA_Yang2019_rep1_GSM3314677_R2.fastq.gz
Approx 85% complete for E14_0h_RNA_Yang2019_rep1_GSM3314677_trimV5_R2.fastq.gz
Analysis complete for E14_0h_RNA_Yang2019_rep1_GSM3314677_R1.fastq.gz
Approx 80% complete for E14_0h_RNA_Yang2019_rep1_GSM3314677_R2.fastq.gz
Approx 90% complete for E14_0h_RNA_Yang2019_rep1_GSM3314677_trimV5_R2.fastq.gz
Approx 85% complete for E14_0h_RNA_Yang2019_rep1_GSM3314677_R2.fastq.gz
Approx 95% complete for E14_0h_RNA_Yang2019_rep1_GSM3314677_trimV5_R2.fastq.gz
Approx 90% complete for E14_0h_RNA_Yang2019_rep1_GSM3314677_R2.fastq.gz
Analysis complete for E14_0h_RNA_Yang2019_rep1_GSM3314677_trimV5_R2.fastq.gz
Approx 95% complete for E14_0h_RNA_Yang2019_rep1_GSM3314677_R2.fastq.gz
Analysis complete for E14_0h_RNA_Yang2019_rep1_GSM3314677_R2.fastq.gz
[fastQC] finished succesfully at [Fri Jul 5 07:05:15 PM CEST 2024]
[fastqScreen] started on E14_0h_RNA_Yang2019_rep1_GSM3314677_trimV5_R1.fastq.gz at [Fri Jul 5 07:05:15 PM CEST 2024]
Using fastq_screen v0.15.1
Couldn't find fastq_screen.conf at '/home/robin/bin/miniconda3/share/fastq-screen-0.15.2-0/fastq_screen.conf'
[fastqScreen] finished successfully at [Fri Jul 5 07:05:15 PM CEST 2024]
[STAR alignment] started with reference /data/reference_genomes/GRCm39 at [Fri Jul 5 07:05:15 PM CEST 2024]
	STAR --runMode alignReads --genomeDir /data/reference_genomes/GRCm39 --runThreadN 12 --limitBAMsortRAM 4G --readFilesCommand zcat --readFilesIn E14_0h_RNA_Yang2019_rep1_GSM3314677_trimV5_R1.fastq.gz E14_0h_RNA_Yang2019_rep1_GSM3314677_trimV5_R2.fastq.gz --outFilterType BySJout --outSAMtype SAM
	STAR version: 2.7.9a   compiled: 2021-05-04T09:43:56-0400 vega:/home/dobin/data/STAR/STARcode/STAR.master/source
Jul 05 19:05:15 ..... started STAR run
Jul 05 19:05:15 ..... loading genome
Jul 05 19:06:03 ..... started mapping
Jul 05 19:10:37 ..... finished mapping
Jul 05 19:10:37 ..... finished successfully
[STAR alignment] finished successfully at [Fri Jul 5 07:10:43 PM CEST 2024]
[sam grooming] started at [Fri Jul 5 07:13:50 PM CEST 2024]
19:13:51.104 INFO  NativeLibraryLoader - Loading libgkl_compression.so from jar:file:/home/robin/bin/miniconda3/share/picard-2.26.2-0/picard.jar!/com/intel/gkl/native/libgkl_compression.so
[Fri Jul 05 19:13:51 CEST 2024] CleanSam --INPUT E14_0h_RNA_Yang2019_rep1_GSM3314677_raw.sam --OUTPUT E14_0h_RNA_Yang2019_rep1_GSM3314677_cleaned.sam --TMP_DIR . --VERBOSITY INFO --QUIET false --VALIDATION_STRINGENCY STRICT --COMPRESSION_LEVEL 5 --MAX_RECORDS_IN_RAM 500000 --CREATE_INDEX false --CREATE_MD5_FILE false --GA4GH_CLIENT_SECRETS client_secrets.json --help false --version false --showHidden false --USE_JDK_DEFLATER false --USE_JDK_INFLATER false
[Fri Jul 05 19:13:51 CEST 2024] Executing as robin@epipax.ijm.univ-paris-diderot.priv on Linux 6.1.0-21-amd64 amd64; OpenJDK 64-Bit Server VM 1.8.0_332-b09; Deflater: Intel; Inflater: Intel; Provider GCS is not available; Picard version: Version:2.26.2
INFO	2024-07-05 19:13:51	CleanSam	Seen many non-increasing record positions. Printing Read-names as well.
INFO	2024-07-05 19:13:54	CleanSam	Processed     1,000,000 records.  Elapsed time: 00:00:03s.  Time for last 1,000,000:    3s.  Last read position: 7:102,100,106.  Last read name: SRR7624365.10498239
INFO	2024-07-05 19:13:58	CleanSam	Processed     2,000,000 records.  Elapsed time: 00:00:06s.  Time for last 1,000,000:    3s.  Last read position: 9:71,968,599.  Last read name: SRR7624365.72560917
INFO	2024-07-05 19:14:01	CleanSam	Processed     3,000,000 records.  Elapsed time: 00:00:09s.  Time for last 1,000,000:    3s.  Last read position: 13:91,071,267.  Last read name: SRR7624365.71719031
INFO	2024-07-05 19:14:04	CleanSam	Processed     4,000,000 records.  Elapsed time: 00:00:13s.  Time for last 1,000,000:    3s.  Last read position: 12:54,907,447.  Last read name: SRR7624365.60853710
INFO	2024-07-05 19:14:07	CleanSam	Processed     5,000,000 records.  Elapsed time: 00:00:16s.  Time for last 1,000,000:    3s.  Last read position: 7:109,742,431.  Last read name: SRR7624365.32182315
INFO	2024-07-05 19:14:10	CleanSam	Processed     6,000,000 records.  Elapsed time: 00:00:19s.  Time for last 1,000,000:    3s.  Last read position: 17:83,785,384.  Last read name: SRR7624365.14011104
INFO	2024-07-05 19:14:13	CleanSam	Processed     7,000,000 records.  Elapsed time: 00:00:22s.  Time for last 1,000,000:    3s.  Last read position: 19:6,302,859.  Last read name: SRR7624365.70082061
INFO	2024-07-05 19:14:17	CleanSam	Processed     8,000,000 records.  Elapsed time: 00:00:25s.  Time for last 1,000,000:    3s.  Last read position: 11:87,339,549.  Last read name: SRR7624365.70789724
INFO	2024-07-05 19:14:20	CleanSam	Processed     9,000,000 records.  Elapsed time: 00:00:29s.  Time for last 1,000,000:    3s.  Last read position: 3:32,566,864.  Last read name: SRR7624365.40897856
INFO	2024-07-05 19:14:23	CleanSam	Processed    10,000,000 records.  Elapsed time: 00:00:32s.  Time for last 1,000,000:    3s.  Last read position: 13:120,765,953.  Last read name: SRR7624365.30222854
INFO	2024-07-05 19:14:26	CleanSam	Processed    11,000,000 records.  Elapsed time: 00:00:35s.  Time for last 1,000,000:    3s.  Last read position: 9:7,752,066.  Last read name: SRR7624365.70652383
INFO	2024-07-05 19:14:29	CleanSam	Processed    12,000,000 records.  Elapsed time: 00:00:38s.  Time for last 1,000,000:    3s.  Last read position: 1:72,635,076.  Last read name: SRR7624365.73131712
INFO	2024-07-05 19:14:33	CleanSam	Processed    13,000,000 records.  Elapsed time: 00:00:41s.  Time for last 1,000,000:    3s.  Last read position: 13:19,322,517.  Last read name: SRR7624365.6058701
INFO	2024-07-05 19:14:36	CleanSam	Processed    14,000,000 records.  Elapsed time: 00:00:44s.  Time for last 1,000,000:    3s.  Last read position: 14:76,067,592.  Last read name: SRR7624365.4792214
INFO	2024-07-05 19:14:39	CleanSam	Processed    15,000,000 records.  Elapsed time: 00:00:48s.  Time for last 1,000,000:    3s.  Last read position: 1:180,428,288.  Last read name: SRR7624365.1999524
INFO	2024-07-05 19:14:42	CleanSam	Processed    16,000,000 records.  Elapsed time: 00:00:51s.  Time for last 1,000,000:    3s.  Last read position: 15:36,771,413.  Last read name: SRR7624365.9445147
INFO	2024-07-05 19:14:46	CleanSam	Processed    17,000,000 records.  Elapsed time: 00:00:54s.  Time for last 1,000,000:    3s.  Last read position: 12:69,407,979.  Last read name: SRR7624365.66843751
INFO	2024-07-05 19:14:49	CleanSam	Processed    18,000,000 records.  Elapsed time: 00:00:58s.  Time for last 1,000,000:    3s.  Last read position: X:13,047,717.  Last read name: SRR7624365.48018965
INFO	2024-07-05 19:14:52	CleanSam	Processed    19,000,000 records.  Elapsed time: 00:01:01s.  Time for last 1,000,000:    3s.  Last read position: 14:88,361,029.  Last read name: SRR7624365.27795314
INFO	2024-07-05 19:14:55	CleanSam	Processed    20,000,000 records.  Elapsed time: 00:01:04s.  Time for last 1,000,000:    3s.  Last read position: 12:51,578,244.  Last read name: SRR7624365.35360326
INFO	2024-07-05 19:14:58	CleanSam	Processed    21,000,000 records.  Elapsed time: 00:01:07s.  Time for last 1,000,000:    3s.  Last read position: 2:164,348,589.  Last read name: SRR7624365.51016032
INFO	2024-07-05 19:15:02	CleanSam	Processed    22,000,000 records.  Elapsed time: 00:01:10s.  Time for last 1,000,000:    3s.  Last read position: 8:19,543,345.  Last read name: SRR7624365.62791237
INFO	2024-07-05 19:15:05	CleanSam	Processed    23,000,000 records.  Elapsed time: 00:01:14s.  Time for last 1,000,000:    3s.  Last read position: 16:45,974,711.  Last read name: SRR7624365.42345690
INFO	2024-07-05 19:15:08	CleanSam	Processed    24,000,000 records.  Elapsed time: 00:01:17s.  Time for last 1,000,000:    3s.  Last read position: 15:93,577,120.  Last read name: SRR7624365.42645609
INFO	2024-07-05 19:15:11	CleanSam	Processed    25,000,000 records.  Elapsed time: 00:01:20s.  Time for last 1,000,000:    3s.  Last read position: 8:3,587,316.  Last read name: SRR7624365.21051676
INFO	2024-07-05 19:15:14	CleanSam	Processed    26,000,000 records.  Elapsed time: 00:01:23s.  Time for last 1,000,000:    3s.  Last read position: 13:23,947,855.  Last read name: SRR7624365.10273693
INFO	2024-07-05 19:15:18	CleanSam	Processed    27,000,000 records.  Elapsed time: 00:01:26s.  Time for last 1,000,000:    3s.  Last read position: 6:100,838,397.  Last read name: SRR7624365.45916505
INFO	2024-07-05 19:15:21	CleanSam	Processed    28,000,000 records.  Elapsed time: 00:01:30s.  Time for last 1,000,000:    3s.  Last read position: 9:31,089,226.  Last read name: SRR7624365.49547420
INFO	2024-07-05 19:15:24	CleanSam	Processed    29,000,000 records.  Elapsed time: 00:01:33s.  Time for last 1,000,000:    3s.  Last read position: 4:63,498,170.  Last read name: SRR7624365.61233709
INFO	2024-07-05 19:15:27	CleanSam	Processed    30,000,000 records.  Elapsed time: 00:01:36s.  Time for last 1,000,000:    3s.  Last read position: X:148,582,648.  Last read name: SRR7624365.44928671
INFO	2024-07-05 19:15:30	CleanSam	Processed    31,000,000 records.  Elapsed time: 00:01:39s.  Time for last 1,000,000:    3s.  Last read position: 10:59,002,467.  Last read name: SRR7624365.9732817
INFO	2024-07-05 19:15:33	CleanSam	Processed    32,000,000 records.  Elapsed time: 00:01:42s.  Time for last 1,000,000:    3s.  Last read position: 3:88,858,054.  Last read name: SRR7624365.34240692
INFO	2024-07-05 19:15:37	CleanSam	Processed    33,000,000 records.  Elapsed time: 00:01:45s.  Time for last 1,000,000:    3s.  Last read position: 5:143,405,259.  Last read name: SRR7624365.51884728
INFO	2024-07-05 19:15:40	CleanSam	Processed    34,000,000 records.  Elapsed time: 00:01:49s.  Time for last 1,000,000:    3s.  Last read position: 10:14,622,482.  Last read name: SRR7624365.70192371
INFO	2024-07-05 19:15:43	CleanSam	Processed    35,000,000 records.  Elapsed time: 00:01:52s.  Time for last 1,000,000:    3s.  Last read position: 12:86,336,469.  Last read name: SRR7624365.60143761
INFO	2024-07-05 19:15:46	CleanSam	Processed    36,000,000 records.  Elapsed time: 00:01:55s.  Time for last 1,000,000:    3s.  Last read position: 11:107,101,203.  Last read name: SRR7624365.751044
INFO	2024-07-05 19:15:49	CleanSam	Processed    37,000,000 records.  Elapsed time: 00:01:58s.  Time for last 1,000,000:    3s.  Last read position: 4:155,239,943.  Last read name: SRR7624365.19488214
INFO	2024-07-05 19:15:53	CleanSam	Processed    38,000,000 records.  Elapsed time: 00:02:01s.  Time for last 1,000,000:    3s.  Last read position: 5:136,041,171.  Last read name: SRR7624365.58397344
INFO	2024-07-05 19:15:56	CleanSam	Processed    39,000,000 records.  Elapsed time: 00:02:04s.  Time for last 1,000,000:    3s.  Last read position: 11:106,676,002.  Last read name: SRR7624365.48301210
INFO	2024-07-05 19:15:59	CleanSam	Processed    40,000,000 records.  Elapsed time: 00:02:08s.  Time for last 1,000,000:    3s.  Last read position: 4:57,371,953.  Last read name: SRR7624365.33939565
INFO	2024-07-05 19:16:02	CleanSam	Processed    41,000,000 records.  Elapsed time: 00:02:11s.  Time for last 1,000,000:    3s.  Last read position: MT:7,413.  Last read name: SRR7624365.36784329
INFO	2024-07-05 19:16:05	CleanSam	Processed    42,000,000 records.  Elapsed time: 00:02:14s.  Time for last 1,000,000:    3s.  Last read position: 14:4,199,299.  Last read name: SRR7624365.19789307
INFO	2024-07-05 19:16:08	CleanSam	Processed    43,000,000 records.  Elapsed time: 00:02:17s.  Time for last 1,000,000:    3s.  Last read position: 13:66,846,248.  Last read name: SRR7624365.12899813
INFO	2024-07-05 19:16:11	CleanSam	Processed    44,000,000 records.  Elapsed time: 00:02:20s.  Time for last 1,000,000:    3s.  Last read position: 18:6,789,392.  Last read name: SRR7624365.56132311
INFO	2024-07-05 19:16:15	CleanSam	Processed    45,000,000 records.  Elapsed time: 00:02:23s.  Time for last 1,000,000:    3s.  Last read position: X:18,135,445.  Last read name: SRR7624365.39058806
INFO	2024-07-05 19:16:18	CleanSam	Processed    46,000,000 records.  Elapsed time: 00:02:27s.  Time for last 1,000,000:    3s.  Last read position: 3:96,561,405.  Last read name: SRR7624365.35714387
INFO	2024-07-05 19:16:21	CleanSam	Processed    47,000,000 records.  Elapsed time: 00:02:30s.  Time for last 1,000,000:    3s.  Last read position: 5:58,884,064.  Last read name: SRR7624365.25792906
INFO	2024-07-05 19:16:24	CleanSam	Processed    48,000,000 records.  Elapsed time: 00:02:33s.  Time for last 1,000,000:    3s.  Last read position: 1:92,391,933.  Last read name: SRR7624365.36033804
INFO	2024-07-05 19:16:27	CleanSam	Processed    49,000,000 records.  Elapsed time: 00:02:36s.  Time for last 1,000,000:    3s.  Last read position: 2:40,446,937.  Last read name: SRR7624365.22601362
INFO	2024-07-05 19:16:30	CleanSam	Processed    50,000,000 records.  Elapsed time: 00:02:39s.  Time for last 1,000,000:    3s.  Last read position: 2:32,292,605.  Last read name: SRR7624365.43474992
INFO	2024-07-05 19:16:34	CleanSam	Processed    51,000,000 records.  Elapsed time: 00:02:42s.  Time for last 1,000,000:    3s.  Last read position: 12:87,740,335.  Last read name: SRR7624365.33759712
INFO	2024-07-05 19:16:37	CleanSam	Processed    52,000,000 records.  Elapsed time: 00:02:45s.  Time for last 1,000,000:    3s.  Last read position: 16:22,869,371.  Last read name: SRR7624365.22485369
INFO	2024-07-05 19:16:40	CleanSam	Processed    53,000,000 records.  Elapsed time: 00:02:49s.  Time for last 1,000,000:    3s.  Last read position: 2:31,506,381.  Last read name: SRR7624365.7679725
INFO	2024-07-05 19:16:43	CleanSam	Processed    54,000,000 records.  Elapsed time: 00:02:52s.  Time for last 1,000,000:    3s.  Last read position: 19:6,390,211.  Last read name: SRR7624365.62480709
INFO	2024-07-05 19:16:46	CleanSam	Processed    55,000,000 records.  Elapsed time: 00:02:55s.  Time for last 1,000,000:    3s.  Last read position: 10:84,955,505.  Last read name: SRR7624365.21285022
INFO	2024-07-05 19:16:49	CleanSam	Processed    56,000,000 records.  Elapsed time: 00:02:58s.  Time for last 1,000,000:    3s.  Last read position: 1:16,712,749.  Last read name: SRR7624365.69521326
INFO	2024-07-05 19:16:52	CleanSam	Processed    57,000,000 records.  Elapsed time: 00:03:01s.  Time for last 1,000,000:    3s.  Last read position: 4:55,391,349.  Last read name: SRR7624365.29055867
INFO	2024-07-05 19:16:56	CleanSam	Processed    58,000,000 records.  Elapsed time: 00:03:04s.  Time for last 1,000,000:    3s.  Last read position: 5:24,323,479.  Last read name: SRR7624365.13364367
INFO	2024-07-05 19:16:59	CleanSam	Processed    59,000,000 records.  Elapsed time: 00:03:08s.  Time for last 1,000,000:    3s.  Last read position: 19:6,134,040.  Last read name: SRR7624365.3573494
INFO	2024-07-05 19:17:02	CleanSam	Processed    60,000,000 records.  Elapsed time: 00:03:11s.  Time for last 1,000,000:    3s.  Last read position: 9:44,057,239.  Last read name: SRR7624365.67776523
INFO	2024-07-05 19:17:05	CleanSam	Processed    61,000,000 records.  Elapsed time: 00:03:14s.  Time for last 1,000,000:    3s.  Last read position: 7:5,070,556.  Last read name: SRR7624365.25823073
INFO	2024-07-05 19:17:08	CleanSam	Processed    62,000,000 records.  Elapsed time: 00:03:17s.  Time for last 1,000,000:    3s.  Last read position: 9:115,869,691.  Last read name: SRR7624365.8023479
INFO	2024-07-05 19:17:11	CleanSam	Processed    63,000,000 records.  Elapsed time: 00:03:20s.  Time for last 1,000,000:    3s.  Last read position: 10:81,500,466.  Last read name: SRR7624365.14180088
INFO	2024-07-05 19:17:14	CleanSam	Processed    64,000,000 records.  Elapsed time: 00:03:23s.  Time for last 1,000,000:    3s.  Last read position: 11:3,597,768.  Last read name: SRR7624365.13822695
INFO	2024-07-05 19:17:18	CleanSam	Processed    65,000,000 records.  Elapsed time: 00:03:26s.  Time for last 1,000,000:    3s.  Last read position: 8:85,396,094.  Last read name: SRR7624365.42990114
INFO	2024-07-05 19:17:21	CleanSam	Processed    66,000,000 records.  Elapsed time: 00:03:30s.  Time for last 1,000,000:    3s.  Last read position: 2:24,681,577.  Last read name: SRR7624365.14863356
INFO	2024-07-05 19:17:24	CleanSam	Processed    67,000,000 records.  Elapsed time: 00:03:33s.  Time for last 1,000,000:    3s.  Last read position: X:168,803,804.  Last read name: SRR7624365.71719018
INFO	2024-07-05 19:17:27	CleanSam	Processed    68,000,000 records.  Elapsed time: 00:03:36s.  Time for last 1,000,000:    3s.  Last read position: 17:34,043,406.  Last read name: SRR7624365.42487201
INFO	2024-07-05 19:17:30	CleanSam	Processed    69,000,000 records.  Elapsed time: 00:03:39s.  Time for last 1,000,000:    3s.  Last read position: 11:67,865,588.  Last read name: SRR7624365.6336185
INFO	2024-07-05 19:17:33	CleanSam	Processed    70,000,000 records.  Elapsed time: 00:03:42s.  Time for last 1,000,000:    3s.  Last read position: 5:140,413,205.  Last read name: SRR7624365.52226920
INFO	2024-07-05 19:17:36	CleanSam	Processed    71,000,000 records.  Elapsed time: 00:03:45s.  Time for last 1,000,000:    3s.  Last read position: 1:79,755,237.  Last read name: SRR7624365.19787049
INFO	2024-07-05 19:17:40	CleanSam	Processed    72,000,000 records.  Elapsed time: 00:03:48s.  Time for last 1,000,000:    3s.  Last read position: 9:78,387,891.  Last read name: SRR7624365.35431257
INFO	2024-07-05 19:17:43	CleanSam	Processed    73,000,000 records.  Elapsed time: 00:03:52s.  Time for last 1,000,000:    3s.  Last read position: 8:45,484,411.  Last read name: SRR7624365.56828824
INFO	2024-07-05 19:17:46	CleanSam	Processed    74,000,000 records.  Elapsed time: 00:03:55s.  Time for last 1,000,000:    3s.  Last read position: 4:126,058,561.  Last read name: SRR7624365.49652718
INFO	2024-07-05 19:17:49	CleanSam	Processed    75,000,000 records.  Elapsed time: 00:03:58s.  Time for last 1,000,000:    3s.  Last read position: 19:3,434,357.  Last read name: SRR7624365.49688337
INFO	2024-07-05 19:17:52	CleanSam	Processed    76,000,000 records.  Elapsed time: 00:04:01s.  Time for last 1,000,000:    3s.  Last read position: 9:88,273,189.  Last read name: SRR7624365.7249397
INFO	2024-07-05 19:17:56	CleanSam	Processed    77,000,000 records.  Elapsed time: 00:04:04s.  Time for last 1,000,000:    3s.  Last read position: 10:80,226,661.  Last read name: SRR7624365.16047152
INFO	2024-07-05 19:17:59	CleanSam	Processed    78,000,000 records.  Elapsed time: 00:04:08s.  Time for last 1,000,000:    3s.  Last read position: 11:48,694,256.  Last read name: SRR7624365.57644235
INFO	2024-07-05 19:18:02	CleanSam	Processed    79,000,000 records.  Elapsed time: 00:04:11s.  Time for last 1,000,000:    3s.  Last read position: 15:88,572,258.  Last read name: SRR7624365.52550983
INFO	2024-07-05 19:18:05	CleanSam	Processed    80,000,000 records.  Elapsed time: 00:04:14s.  Time for last 1,000,000:    3s.  Last read position: 11:30,089,033.  Last read name: SRR7624365.13042603
INFO	2024-07-05 19:18:08	CleanSam	Processed    81,000,000 records.  Elapsed time: 00:04:17s.  Time for last 1,000,000:    3s.  Last read position: 1:105,384,051.  Last read name: SRR7624365.74400554
INFO	2024-07-05 19:18:11	CleanSam	Processed    82,000,000 records.  Elapsed time: 00:04:20s.  Time for last 1,000,000:    3s.  Last read position: 19:57,022,703.  Last read name: SRR7624365.59482744
INFO	2024-07-05 19:18:14	CleanSam	Processed    83,000,000 records.  Elapsed time: 00:04:23s.  Time for last 1,000,000:    3s.  Last read position: 14:59,131,268.  Last read name: SRR7624365.12634404
INFO	2024-07-05 19:18:18	CleanSam	Processed    84,000,000 records.  Elapsed time: 00:04:26s.  Time for last 1,000,000:    3s.  Last read position: 16:57,211,846.  Last read name: SRR7624365.72896854
INFO	2024-07-05 19:18:21	CleanSam	Processed    85,000,000 records.  Elapsed time: 00:04:30s.  Time for last 1,000,000:    3s.  Last read position: 9:35,479,775.  Last read name: SRR7624365.69680289
INFO	2024-07-05 19:18:24	CleanSam	Processed    86,000,000 records.  Elapsed time: 00:04:33s.  Time for last 1,000,000:    3s.  Last read position: 17:46,987,467.  Last read name: SRR7624365.48587626
INFO	2024-07-05 19:18:27	CleanSam	Processed    87,000,000 records.  Elapsed time: 00:04:36s.  Time for last 1,000,000:    3s.  Last read position: 2:90,885,429.  Last read name: SRR7624365.21751612
INFO	2024-07-05 19:18:31	CleanSam	Processed    88,000,000 records.  Elapsed time: 00:04:39s.  Time for last 1,000,000:    3s.  Last read position: 1:191,278,710.  Last read name: SRR7624365.46920097
INFO	2024-07-05 19:18:34	CleanSam	Processed    89,000,000 records.  Elapsed time: 00:04:43s.  Time for last 1,000,000:    3s.  Last read position: 14:59,764,229.  Last read name: SRR7624365.53745412
INFO	2024-07-05 19:18:37	CleanSam	Processed    90,000,000 records.  Elapsed time: 00:04:46s.  Time for last 1,000,000:    3s.  Last read position: 11:69,193,969.  Last read name: SRR7624365.50535080
INFO	2024-07-05 19:18:40	CleanSam	Processed    91,000,000 records.  Elapsed time: 00:04:49s.  Time for last 1,000,000:    3s.  Last read position: 2:150,427,761.  Last read name: SRR7624365.50447432
INFO	2024-07-05 19:18:43	CleanSam	Processed    92,000,000 records.  Elapsed time: 00:04:52s.  Time for last 1,000,000:    3s.  Last read position: 8:71,348,617.  Last read name: SRR7624365.64755431
INFO	2024-07-05 19:18:47	CleanSam	Processed    93,000,000 records.  Elapsed time: 00:04:56s.  Time for last 1,000,000:    3s.  Last read position: 9:98,874,777.  Last read name: SRR7624365.47526015
INFO	2024-07-05 19:18:50	CleanSam	Processed    94,000,000 records.  Elapsed time: 00:04:59s.  Time for last 1,000,000:    3s.  Last read position: 5:73,460,952.  Last read name: SRR7624365.31012244
INFO	2024-07-05 19:18:53	CleanSam	Processed    95,000,000 records.  Elapsed time: 00:05:02s.  Time for last 1,000,000:    3s.  Last read position: 11:53,301,759.  Last read name: SRR7624365.30494440
INFO	2024-07-05 19:18:57	CleanSam	Processed    96,000,000 records.  Elapsed time: 00:05:05s.  Time for last 1,000,000:    3s.  Last read position: 18:77,217,801.  Last read name: SRR7624365.54878777
INFO	2024-07-05 19:19:00	CleanSam	Processed    97,000,000 records.  Elapsed time: 00:05:09s.  Time for last 1,000,000:    3s.  Last read position: 15:38,687,064.  Last read name: SRR7624365.31108821
INFO	2024-07-05 19:19:03	CleanSam	Processed    98,000,000 records.  Elapsed time: 00:05:12s.  Time for last 1,000,000:    3s.  Last read position: 1:71,648,739.  Last read name: SRR7624365.15446211
[Fri Jul 05 19:19:16 CEST 2024] picard.sam.CleanSam done. Elapsed time: 5.42 minutes.
Runtime.totalMemory()=702021632
19:19:17.838 INFO  NativeLibraryLoader - Loading libgkl_compression.so from jar:file:/home/robin/bin/miniconda3/share/picard-2.26.2-0/picard.jar!/com/intel/gkl/native/libgkl_compression.so
[Fri Jul 05 19:19:17 CEST 2024] SamFormatConverter --INPUT E14_0h_RNA_Yang2019_rep1_GSM3314677_cleaned.sam --OUTPUT E14_0h_RNA_Yang2019_rep1_GSM3314677_unsorted.bam --TMP_DIR . --VERBOSITY INFO --QUIET false --VALIDATION_STRINGENCY STRICT --COMPRESSION_LEVEL 5 --MAX_RECORDS_IN_RAM 500000 --CREATE_INDEX false --CREATE_MD5_FILE false --GA4GH_CLIENT_SECRETS client_secrets.json --help false --version false --showHidden false --USE_JDK_DEFLATER false --USE_JDK_INFLATER false
[Fri Jul 05 19:19:17 CEST 2024] Executing as robin@epipax.ijm.univ-paris-diderot.priv on Linux 6.1.0-21-amd64 amd64; OpenJDK 64-Bit Server VM 1.8.0_332-b09; Deflater: Intel; Inflater: Intel; Provider GCS is not available; Picard version: Version:2.26.2
INFO	2024-07-05 19:19:19	SamFormatConverter	Seen many non-increasing record positions. Printing Read-names as well.
INFO	2024-07-05 19:19:25	SamFormatConverter	Processed     1,000,000 records.  Elapsed time: 00:00:05s.  Time for last 1,000,000:    5s.  Last read position: 7:102,100,106.  Last read name: SRR7624365.10498239
INFO	2024-07-05 19:19:30	SamFormatConverter	Processed     2,000,000 records.  Elapsed time: 00:00:11s.  Time for last 1,000,000:    5s.  Last read position: 9:71,968,599.  Last read name: SRR7624365.72560917
INFO	2024-07-05 19:19:36	SamFormatConverter	Processed     3,000,000 records.  Elapsed time: 00:00:17s.  Time for last 1,000,000:    5s.  Last read position: 13:91,071,267.  Last read name: SRR7624365.71719031
INFO	2024-07-05 19:19:41	SamFormatConverter	Processed     4,000,000 records.  Elapsed time: 00:00:22s.  Time for last 1,000,000:    5s.  Last read position: 12:54,907,447.  Last read name: SRR7624365.60853710
INFO	2024-07-05 19:19:47	SamFormatConverter	Processed     5,000,000 records.  Elapsed time: 00:00:28s.  Time for last 1,000,000:    5s.  Last read position: 7:109,742,431.  Last read name: SRR7624365.32182315
INFO	2024-07-05 19:19:53	SamFormatConverter	Processed     6,000,000 records.  Elapsed time: 00:00:34s.  Time for last 1,000,000:    5s.  Last read position: 17:83,785,384.  Last read name: SRR7624365.14011104
INFO	2024-07-05 19:19:59	SamFormatConverter	Processed     7,000,000 records.  Elapsed time: 00:00:39s.  Time for last 1,000,000:    5s.  Last read position: 19:6,302,859.  Last read name: SRR7624365.70082061
INFO	2024-07-05 19:20:04	SamFormatConverter	Processed     8,000,000 records.  Elapsed time: 00:00:45s.  Time for last 1,000,000:    5s.  Last read position: 11:87,339,549.  Last read name: SRR7624365.70789724
INFO	2024-07-05 19:20:10	SamFormatConverter	Processed     9,000,000 records.  Elapsed time: 00:00:51s.  Time for last 1,000,000:    5s.  Last read position: 3:32,566,864.  Last read name: SRR7624365.40897856
INFO	2024-07-05 19:20:16	SamFormatConverter	Processed    10,000,000 records.  Elapsed time: 00:00:57s.  Time for last 1,000,000:    5s.  Last read position: 13:120,765,953.  Last read name: SRR7624365.30222854
INFO	2024-07-05 19:20:21	SamFormatConverter	Processed    11,000,000 records.  Elapsed time: 00:01:02s.  Time for last 1,000,000:    5s.  Last read position: 9:7,752,066.  Last read name: SRR7624365.70652383
INFO	2024-07-05 19:20:27	SamFormatConverter	Processed    12,000,000 records.  Elapsed time: 00:01:08s.  Time for last 1,000,000:    5s.  Last read position: 1:72,635,076.  Last read name: SRR7624365.73131712
INFO	2024-07-05 19:20:33	SamFormatConverter	Processed    13,000,000 records.  Elapsed time: 00:01:14s.  Time for last 1,000,000:    5s.  Last read position: 13:19,322,517.  Last read name: SRR7624365.6058701
INFO	2024-07-05 19:20:38	SamFormatConverter	Processed    14,000,000 records.  Elapsed time: 00:01:19s.  Time for last 1,000,000:    5s.  Last read position: 14:76,067,592.  Last read name: SRR7624365.4792214
INFO	2024-07-05 19:20:44	SamFormatConverter	Processed    15,000,000 records.  Elapsed time: 00:01:25s.  Time for last 1,000,000:    5s.  Last read position: 1:180,428,288.  Last read name: SRR7624365.1999524
INFO	2024-07-05 19:20:50	SamFormatConverter	Processed    16,000,000 records.  Elapsed time: 00:01:31s.  Time for last 1,000,000:    5s.  Last read position: 15:36,771,413.  Last read name: SRR7624365.9445147
INFO	2024-07-05 19:20:55	SamFormatConverter	Processed    17,000,000 records.  Elapsed time: 00:01:36s.  Time for last 1,000,000:    5s.  Last read position: 12:69,407,979.  Last read name: SRR7624365.66843751
INFO	2024-07-05 19:21:01	SamFormatConverter	Processed    18,000,000 records.  Elapsed time: 00:01:42s.  Time for last 1,000,000:    5s.  Last read position: X:13,047,717.  Last read name: SRR7624365.48018965
INFO	2024-07-05 19:21:07	SamFormatConverter	Processed    19,000,000 records.  Elapsed time: 00:01:48s.  Time for last 1,000,000:    5s.  Last read position: 14:88,361,029.  Last read name: SRR7624365.27795314
INFO	2024-07-05 19:21:12	SamFormatConverter	Processed    20,000,000 records.  Elapsed time: 00:01:53s.  Time for last 1,000,000:    5s.  Last read position: 12:51,578,244.  Last read name: SRR7624365.35360326
INFO	2024-07-05 19:21:18	SamFormatConverter	Processed    21,000,000 records.  Elapsed time: 00:01:59s.  Time for last 1,000,000:    5s.  Last read position: 2:164,348,589.  Last read name: SRR7624365.51016032
INFO	2024-07-05 19:21:24	SamFormatConverter	Processed    22,000,000 records.  Elapsed time: 00:02:04s.  Time for last 1,000,000:    5s.  Last read position: 8:19,543,345.  Last read name: SRR7624365.62791237
INFO	2024-07-05 19:21:29	SamFormatConverter	Processed    23,000,000 records.  Elapsed time: 00:02:10s.  Time for last 1,000,000:    5s.  Last read position: 16:45,974,711.  Last read name: SRR7624365.42345690
INFO	2024-07-05 19:21:35	SamFormatConverter	Processed    24,000,000 records.  Elapsed time: 00:02:16s.  Time for last 1,000,000:    5s.  Last read position: 15:93,577,120.  Last read name: SRR7624365.42645609
INFO	2024-07-05 19:21:41	SamFormatConverter	Processed    25,000,000 records.  Elapsed time: 00:02:22s.  Time for last 1,000,000:    5s.  Last read position: 8:3,587,316.  Last read name: SRR7624365.21051676
INFO	2024-07-05 19:21:47	SamFormatConverter	Processed    26,000,000 records.  Elapsed time: 00:02:27s.  Time for last 1,000,000:    5s.  Last read position: 13:23,947,855.  Last read name: SRR7624365.10273693
INFO	2024-07-05 19:21:52	SamFormatConverter	Processed    27,000,000 records.  Elapsed time: 00:02:33s.  Time for last 1,000,000:    5s.  Last read position: 6:100,838,397.  Last read name: SRR7624365.45916505
INFO	2024-07-05 19:21:58	SamFormatConverter	Processed    28,000,000 records.  Elapsed time: 00:02:39s.  Time for last 1,000,000:    5s.  Last read position: 9:31,089,226.  Last read name: SRR7624365.49547420
INFO	2024-07-05 19:22:03	SamFormatConverter	Processed    29,000,000 records.  Elapsed time: 00:02:44s.  Time for last 1,000,000:    5s.  Last read position: 4:63,498,170.  Last read name: SRR7624365.61233709
INFO	2024-07-05 19:22:09	SamFormatConverter	Processed    30,000,000 records.  Elapsed time: 00:02:50s.  Time for last 1,000,000:    5s.  Last read position: X:148,582,648.  Last read name: SRR7624365.44928671
INFO	2024-07-05 19:22:15	SamFormatConverter	Processed    31,000,000 records.  Elapsed time: 00:02:56s.  Time for last 1,000,000:    5s.  Last read position: 10:59,002,467.  Last read name: SRR7624365.9732817
INFO	2024-07-05 19:22:21	SamFormatConverter	Processed    32,000,000 records.  Elapsed time: 00:03:02s.  Time for last 1,000,000:    5s.  Last read position: 3:88,858,054.  Last read name: SRR7624365.34240692
INFO	2024-07-05 19:22:26	SamFormatConverter	Processed    33,000,000 records.  Elapsed time: 00:03:07s.  Time for last 1,000,000:    5s.  Last read position: 5:143,405,259.  Last read name: SRR7624365.51884728
INFO	2024-07-05 19:22:32	SamFormatConverter	Processed    34,000,000 records.  Elapsed time: 00:03:13s.  Time for last 1,000,000:    5s.  Last read position: 10:14,622,482.  Last read name: SRR7624365.70192371
INFO	2024-07-05 19:22:38	SamFormatConverter	Processed    35,000,000 records.  Elapsed time: 00:03:19s.  Time for last 1,000,000:    5s.  Last read position: 12:86,336,469.  Last read name: SRR7624365.60143761
INFO	2024-07-05 19:22:44	SamFormatConverter	Processed    36,000,000 records.  Elapsed time: 00:03:24s.  Time for last 1,000,000:    5s.  Last read position: 11:107,101,203.  Last read name: SRR7624365.751044
INFO	2024-07-05 19:22:49	SamFormatConverter	Processed    37,000,000 records.  Elapsed time: 00:03:30s.  Time for last 1,000,000:    5s.  Last read position: 4:155,239,943.  Last read name: SRR7624365.19488214
INFO	2024-07-05 19:22:55	SamFormatConverter	Processed    38,000,000 records.  Elapsed time: 00:03:36s.  Time for last 1,000,000:    5s.  Last read position: 5:136,041,171.  Last read name: SRR7624365.58397344
INFO	2024-07-05 19:23:01	SamFormatConverter	Processed    39,000,000 records.  Elapsed time: 00:03:41s.  Time for last 1,000,000:    5s.  Last read position: 11:106,676,002.  Last read name: SRR7624365.48301210
INFO	2024-07-05 19:23:06	SamFormatConverter	Processed    40,000,000 records.  Elapsed time: 00:03:47s.  Time for last 1,000,000:    5s.  Last read position: 4:57,371,953.  Last read name: SRR7624365.33939565
INFO	2024-07-05 19:23:12	SamFormatConverter	Processed    41,000,000 records.  Elapsed time: 00:03:53s.  Time for last 1,000,000:    5s.  Last read position: MT:7,413.  Last read name: SRR7624365.36784329
INFO	2024-07-05 19:23:18	SamFormatConverter	Processed    42,000,000 records.  Elapsed time: 00:03:58s.  Time for last 1,000,000:    5s.  Last read position: 14:4,199,299.  Last read name: SRR7624365.19789307
INFO	2024-07-05 19:23:23	SamFormatConverter	Processed    43,000,000 records.  Elapsed time: 00:04:04s.  Time for last 1,000,000:    5s.  Last read position: 13:66,846,248.  Last read name: SRR7624365.12899813
INFO	2024-07-05 19:23:29	SamFormatConverter	Processed    44,000,000 records.  Elapsed time: 00:04:10s.  Time for last 1,000,000:    5s.  Last read position: 18:6,789,392.  Last read name: SRR7624365.56132311
INFO	2024-07-05 19:23:35	SamFormatConverter	Processed    45,000,000 records.  Elapsed time: 00:04:15s.  Time for last 1,000,000:    5s.  Last read position: X:18,135,445.  Last read name: SRR7624365.39058806
INFO	2024-07-05 19:23:40	SamFormatConverter	Processed    46,000,000 records.  Elapsed time: 00:04:21s.  Time for last 1,000,000:    5s.  Last read position: 3:96,561,405.  Last read name: SRR7624365.35714387
INFO	2024-07-05 19:23:46	SamFormatConverter	Processed    47,000,000 records.  Elapsed time: 00:04:27s.  Time for last 1,000,000:    5s.  Last read position: 5:58,884,064.  Last read name: SRR7624365.25792906
INFO	2024-07-05 19:23:51	SamFormatConverter	Processed    48,000,000 records.  Elapsed time: 00:04:32s.  Time for last 1,000,000:    5s.  Last read position: 1:92,391,933.  Last read name: SRR7624365.36033804
INFO	2024-07-05 19:23:57	SamFormatConverter	Processed    49,000,000 records.  Elapsed time: 00:04:38s.  Time for last 1,000,000:    5s.  Last read position: 2:40,446,937.  Last read name: SRR7624365.22601362
INFO	2024-07-05 19:24:03	SamFormatConverter	Processed    50,000,000 records.  Elapsed time: 00:04:44s.  Time for last 1,000,000:    5s.  Last read position: 2:32,292,605.  Last read name: SRR7624365.43474992
INFO	2024-07-05 19:24:09	SamFormatConverter	Processed    51,000,000 records.  Elapsed time: 00:04:50s.  Time for last 1,000,000:    5s.  Last read position: 12:87,740,335.  Last read name: SRR7624365.33759712
INFO	2024-07-05 19:24:14	SamFormatConverter	Processed    52,000,000 records.  Elapsed time: 00:04:55s.  Time for last 1,000,000:    5s.  Last read position: 16:22,869,371.  Last read name: SRR7624365.22485369
INFO	2024-07-05 19:24:20	SamFormatConverter	Processed    53,000,000 records.  Elapsed time: 00:05:01s.  Time for last 1,000,000:    5s.  Last read position: 2:31,506,381.  Last read name: SRR7624365.7679725
INFO	2024-07-05 19:24:26	SamFormatConverter	Processed    54,000,000 records.  Elapsed time: 00:05:07s.  Time for last 1,000,000:    5s.  Last read position: 19:6,390,211.  Last read name: SRR7624365.62480709
INFO	2024-07-05 19:24:31	SamFormatConverter	Processed    55,000,000 records.  Elapsed time: 00:05:12s.  Time for last 1,000,000:    5s.  Last read position: 10:84,955,505.  Last read name: SRR7624365.21285022
INFO	2024-07-05 19:24:37	SamFormatConverter	Processed    56,000,000 records.  Elapsed time: 00:05:18s.  Time for last 1,000,000:    5s.  Last read position: 1:16,712,749.  Last read name: SRR7624365.69521326
INFO	2024-07-05 19:24:43	SamFormatConverter	Processed    57,000,000 records.  Elapsed time: 00:05:24s.  Time for last 1,000,000:    5s.  Last read position: 4:55,391,349.  Last read name: SRR7624365.29055867
INFO	2024-07-05 19:24:49	SamFormatConverter	Processed    58,000,000 records.  Elapsed time: 00:05:30s.  Time for last 1,000,000:    5s.  Last read position: 5:24,323,479.  Last read name: SRR7624365.13364367
INFO	2024-07-05 19:24:54	SamFormatConverter	Processed    59,000,000 records.  Elapsed time: 00:05:35s.  Time for last 1,000,000:    5s.  Last read position: 19:6,134,040.  Last read name: SRR7624365.3573494
INFO	2024-07-05 19:25:00	SamFormatConverter	Processed    60,000,000 records.  Elapsed time: 00:05:41s.  Time for last 1,000,000:    5s.  Last read position: 9:44,057,239.  Last read name: SRR7624365.67776523
INFO	2024-07-05 19:25:06	SamFormatConverter	Processed    61,000,000 records.  Elapsed time: 00:05:47s.  Time for last 1,000,000:    5s.  Last read position: 7:5,070,556.  Last read name: SRR7624365.25823073
INFO	2024-07-05 19:25:11	SamFormatConverter	Processed    62,000,000 records.  Elapsed time: 00:05:52s.  Time for last 1,000,000:    5s.  Last read position: 9:115,869,691.  Last read name: SRR7624365.8023479
INFO	2024-07-05 19:25:17	SamFormatConverter	Processed    63,000,000 records.  Elapsed time: 00:05:58s.  Time for last 1,000,000:    5s.  Last read position: 10:81,500,466.  Last read name: SRR7624365.14180088
INFO	2024-07-05 19:25:23	SamFormatConverter	Processed    64,000,000 records.  Elapsed time: 00:06:03s.  Time for last 1,000,000:    5s.  Last read position: 11:3,597,768.  Last read name: SRR7624365.13822695
INFO	2024-07-05 19:25:28	SamFormatConverter	Processed    65,000,000 records.  Elapsed time: 00:06:09s.  Time for last 1,000,000:    5s.  Last read position: 8:85,396,094.  Last read name: SRR7624365.42990114
INFO	2024-07-05 19:25:34	SamFormatConverter	Processed    66,000,000 records.  Elapsed time: 00:06:15s.  Time for last 1,000,000:    5s.  Last read position: 2:24,681,577.  Last read name: SRR7624365.14863356
INFO	2024-07-05 19:25:39	SamFormatConverter	Processed    67,000,000 records.  Elapsed time: 00:06:20s.  Time for last 1,000,000:    5s.  Last read position: X:168,803,804.  Last read name: SRR7624365.71719018
INFO	2024-07-05 19:25:45	SamFormatConverter	Processed    68,000,000 records.  Elapsed time: 00:06:26s.  Time for last 1,000,000:    5s.  Last read position: 17:34,043,406.  Last read name: SRR7624365.42487201
INFO	2024-07-05 19:25:51	SamFormatConverter	Processed    69,000,000 records.  Elapsed time: 00:06:31s.  Time for last 1,000,000:    5s.  Last read position: 11:67,865,588.  Last read name: SRR7624365.6336185
INFO	2024-07-05 19:25:56	SamFormatConverter	Processed    70,000,000 records.  Elapsed time: 00:06:37s.  Time for last 1,000,000:    5s.  Last read position: 5:140,413,205.  Last read name: SRR7624365.52226920
INFO	2024-07-05 19:26:02	SamFormatConverter	Processed    71,000,000 records.  Elapsed time: 00:06:43s.  Time for last 1,000,000:    5s.  Last read position: 1:79,755,237.  Last read name: SRR7624365.19787049
INFO	2024-07-05 19:26:08	SamFormatConverter	Processed    72,000,000 records.  Elapsed time: 00:06:49s.  Time for last 1,000,000:    5s.  Last read position: 9:78,387,891.  Last read name: SRR7624365.35431257
INFO	2024-07-05 19:26:14	SamFormatConverter	Processed    73,000,000 records.  Elapsed time: 00:06:54s.  Time for last 1,000,000:    5s.  Last read position: 8:45,484,411.  Last read name: SRR7624365.56828824
INFO	2024-07-05 19:26:19	SamFormatConverter	Processed    74,000,000 records.  Elapsed time: 00:07:00s.  Time for last 1,000,000:    5s.  Last read position: 4:126,058,561.  Last read name: SRR7624365.49652718
INFO	2024-07-05 19:26:25	SamFormatConverter	Processed    75,000,000 records.  Elapsed time: 00:07:06s.  Time for last 1,000,000:    5s.  Last read position: 19:3,434,357.  Last read name: SRR7624365.49688337
INFO	2024-07-05 19:26:31	SamFormatConverter	Processed    76,000,000 records.  Elapsed time: 00:07:11s.  Time for last 1,000,000:    5s.  Last read position: 9:88,273,189.  Last read name: SRR7624365.7249397
INFO	2024-07-05 19:26:36	SamFormatConverter	Processed    77,000,000 records.  Elapsed time: 00:07:17s.  Time for last 1,000,000:    5s.  Last read position: 10:80,226,661.  Last read name: SRR7624365.16047152
INFO	2024-07-05 19:26:42	SamFormatConverter	Processed    78,000,000 records.  Elapsed time: 00:07:23s.  Time for last 1,000,000:    5s.  Last read position: 11:48,694,256.  Last read name: SRR7624365.57644235
INFO	2024-07-05 19:26:48	SamFormatConverter	Processed    79,000,000 records.  Elapsed time: 00:07:28s.  Time for last 1,000,000:    5s.  Last read position: 15:88,572,258.  Last read name: SRR7624365.52550983
INFO	2024-07-05 19:26:53	SamFormatConverter	Processed    80,000,000 records.  Elapsed time: 00:07:34s.  Time for last 1,000,000:    5s.  Last read position: 11:30,089,033.  Last read name: SRR7624365.13042603
INFO	2024-07-05 19:26:59	SamFormatConverter	Processed    81,000,000 records.  Elapsed time: 00:07:40s.  Time for last 1,000,000:    5s.  Last read position: 1:105,384,051.  Last read name: SRR7624365.74400554
INFO	2024-07-05 19:27:04	SamFormatConverter	Processed    82,000,000 records.  Elapsed time: 00:07:45s.  Time for last 1,000,000:    5s.  Last read position: 19:57,022,703.  Last read name: SRR7624365.59482744
INFO	2024-07-05 19:27:10	SamFormatConverter	Processed    83,000,000 records.  Elapsed time: 00:07:51s.  Time for last 1,000,000:    5s.  Last read position: 14:59,131,268.  Last read name: SRR7624365.12634404
INFO	2024-07-05 19:27:16	SamFormatConverter	Processed    84,000,000 records.  Elapsed time: 00:07:57s.  Time for last 1,000,000:    5s.  Last read position: 16:57,211,846.  Last read name: SRR7624365.72896854
INFO	2024-07-05 19:27:21	SamFormatConverter	Processed    85,000,000 records.  Elapsed time: 00:08:02s.  Time for last 1,000,000:    5s.  Last read position: 9:35,479,775.  Last read name: SRR7624365.69680289
INFO	2024-07-05 19:27:27	SamFormatConverter	Processed    86,000,000 records.  Elapsed time: 00:08:08s.  Time for last 1,000,000:    5s.  Last read position: 17:46,987,467.  Last read name: SRR7624365.48587626
INFO	2024-07-05 19:27:33	SamFormatConverter	Processed    87,000,000 records.  Elapsed time: 00:08:14s.  Time for last 1,000,000:    6s.  Last read position: 2:90,885,429.  Last read name: SRR7624365.21751612
INFO	2024-07-05 19:27:39	SamFormatConverter	Processed    88,000,000 records.  Elapsed time: 00:08:20s.  Time for last 1,000,000:    5s.  Last read position: 1:191,278,710.  Last read name: SRR7624365.46920097
INFO	2024-07-05 19:27:45	SamFormatConverter	Processed    89,000,000 records.  Elapsed time: 00:08:26s.  Time for last 1,000,000:    5s.  Last read position: 14:59,764,229.  Last read name: SRR7624365.53745412
INFO	2024-07-05 19:27:51	SamFormatConverter	Processed    90,000,000 records.  Elapsed time: 00:08:32s.  Time for last 1,000,000:    5s.  Last read position: 11:69,193,969.  Last read name: SRR7624365.50535080
INFO	2024-07-05 19:27:57	SamFormatConverter	Processed    91,000,000 records.  Elapsed time: 00:08:38s.  Time for last 1,000,000:    6s.  Last read position: 2:150,427,761.  Last read name: SRR7624365.50447432
INFO	2024-07-05 19:28:03	SamFormatConverter	Processed    92,000,000 records.  Elapsed time: 00:08:44s.  Time for last 1,000,000:    5s.  Last read position: 8:71,348,617.  Last read name: SRR7624365.64755431
INFO	2024-07-05 19:28:09	SamFormatConverter	Processed    93,000,000 records.  Elapsed time: 00:08:50s.  Time for last 1,000,000:    5s.  Last read position: 9:98,874,777.  Last read name: SRR7624365.47526015
INFO	2024-07-05 19:28:15	SamFormatConverter	Processed    94,000,000 records.  Elapsed time: 00:08:56s.  Time for last 1,000,000:    5s.  Last read position: 5:73,460,952.  Last read name: SRR7624365.31012244
INFO	2024-07-05 19:28:21	SamFormatConverter	Processed    95,000,000 records.  Elapsed time: 00:09:02s.  Time for last 1,000,000:    6s.  Last read position: 11:53,301,759.  Last read name: SRR7624365.30494440
INFO	2024-07-05 19:28:27	SamFormatConverter	Processed    96,000,000 records.  Elapsed time: 00:09:08s.  Time for last 1,000,000:    5s.  Last read position: 18:77,217,801.  Last read name: SRR7624365.54878777
INFO	2024-07-05 19:28:33	SamFormatConverter	Processed    97,000,000 records.  Elapsed time: 00:09:14s.  Time for last 1,000,000:    5s.  Last read position: 15:38,687,064.  Last read name: SRR7624365.31108821
INFO	2024-07-05 19:28:39	SamFormatConverter	Processed    98,000,000 records.  Elapsed time: 00:09:20s.  Time for last 1,000,000:    5s.  Last read position: 1:71,648,739.  Last read name: SRR7624365.15446211
[Fri Jul 05 19:28:41 CEST 2024] picard.sam.SamFormatConverter done. Elapsed time: 9.40 minutes.
Runtime.totalMemory()=627572736
19:28:43.549 INFO  NativeLibraryLoader - Loading libgkl_compression.so from jar:file:/home/robin/bin/miniconda3/share/picard-2.26.2-0/picard.jar!/com/intel/gkl/native/libgkl_compression.so
[Fri Jul 05 19:28:43 CEST 2024] SortSam --INPUT E14_0h_RNA_Yang2019_rep1_GSM3314677_unsorted.bam --OUTPUT E14_0h_RNA_Yang2019_rep1_GSM3314677_sorted.bam --SORT_ORDER coordinate --TMP_DIR . --VERBOSITY INFO --QUIET false --VALIDATION_STRINGENCY STRICT --COMPRESSION_LEVEL 5 --MAX_RECORDS_IN_RAM 500000 --CREATE_INDEX false --CREATE_MD5_FILE false --GA4GH_CLIENT_SECRETS client_secrets.json --help false --version false --showHidden false --USE_JDK_DEFLATER false --USE_JDK_INFLATER false
[Fri Jul 05 19:28:43 CEST 2024] Executing as robin@epipax.ijm.univ-paris-diderot.priv on Linux 6.1.0-21-amd64 amd64; OpenJDK 64-Bit Server VM 1.8.0_332-b09; Deflater: Intel; Inflater: Intel; Provider GCS is not available; Picard version: Version:2.26.2
INFO	2024-07-05 19:28:44	SortSam	Seen many non-increasing record positions. Printing Read-names as well.
INFO	2024-07-05 19:29:30	SortSam	Read    10,000,000 records.  Elapsed time: 00:00:46s.  Time for last 10,000,000:   46s.  Last read position: 13:120,765,953.  Last read name: SRR7624365.30222854
INFO	2024-07-05 19:30:16	SortSam	Read    20,000,000 records.  Elapsed time: 00:01:32s.  Time for last 10,000,000:   45s.  Last read position: 12:51,578,244.  Last read name: SRR7624365.35360326
INFO	2024-07-05 19:31:01	SortSam	Read    30,000,000 records.  Elapsed time: 00:02:17s.  Time for last 10,000,000:   45s.  Last read position: X:148,582,648.  Last read name: SRR7624365.44928671
INFO	2024-07-05 19:31:50	SortSam	Read    40,000,000 records.  Elapsed time: 00:03:06s.  Time for last 10,000,000:   48s.  Last read position: 4:57,371,953.  Last read name: SRR7624365.33939565
INFO	2024-07-05 19:32:33	SortSam	Read    50,000,000 records.  Elapsed time: 00:03:49s.  Time for last 10,000,000:   42s.  Last read position: 2:32,292,605.  Last read name: SRR7624365.43474992
INFO	2024-07-05 19:33:18	SortSam	Read    60,000,000 records.  Elapsed time: 00:04:34s.  Time for last 10,000,000:   45s.  Last read position: 9:44,057,239.  Last read name: SRR7624365.67776523
INFO	2024-07-05 19:34:04	SortSam	Read    70,000,000 records.  Elapsed time: 00:05:20s.  Time for last 10,000,000:   45s.  Last read position: 5:140,413,205.  Last read name: SRR7624365.52226920
INFO	2024-07-05 19:34:51	SortSam	Read    80,000,000 records.  Elapsed time: 00:06:07s.  Time for last 10,000,000:   46s.  Last read position: 11:30,089,033.  Last read name: SRR7624365.13042603
INFO	2024-07-05 19:35:41	SortSam	Read    90,000,000 records.  Elapsed time: 00:06:57s.  Time for last 10,000,000:   50s.  Last read position: 11:69,193,969.  Last read name: SRR7624365.50535080
INFO	2024-07-05 19:36:20	SortSam	Finished reading inputs, merging and writing to output now.
INFO	2024-07-05 19:36:59	SortSam	Wrote    10,000,000 records from a sorting collection.  Elapsed time: 00:08:15s.  Time for last 10,000,000:   36s.  Last read position: 10:127,133,347
INFO	2024-07-05 19:37:35	SortSam	Wrote    20,000,000 records from a sorting collection.  Elapsed time: 00:08:51s.  Time for last 10,000,000:   36s.  Last read position: 12:69,206,107
INFO	2024-07-05 19:38:11	SortSam	Wrote    30,000,000 records from a sorting collection.  Elapsed time: 00:09:27s.  Time for last 10,000,000:   36s.  Last read position: 14:76,083,663
INFO	2024-07-05 19:38:48	SortSam	Wrote    40,000,000 records from a sorting collection.  Elapsed time: 00:10:04s.  Time for last 10,000,000:   37s.  Last read position: 17:36,146,808
INFO	2024-07-05 19:39:24	SortSam	Wrote    50,000,000 records from a sorting collection.  Elapsed time: 00:10:40s.  Time for last 10,000,000:   35s.  Last read position: 2:26,810,963
INFO	2024-07-05 19:40:01	SortSam	Wrote    60,000,000 records from a sorting collection.  Elapsed time: 00:11:17s.  Time for last 10,000,000:   36s.  Last read position: 3:122,415,967
INFO	2024-07-05 19:40:38	SortSam	Wrote    70,000,000 records from a sorting collection.  Elapsed time: 00:11:54s.  Time for last 10,000,000:   37s.  Last read position: 5:108,051,178
INFO	2024-07-05 19:41:14	SortSam	Wrote    80,000,000 records from a sorting collection.  Elapsed time: 00:12:30s.  Time for last 10,000,000:   36s.  Last read position: 7:46,457,953
INFO	2024-07-05 19:41:51	SortSam	Wrote    90,000,000 records from a sorting collection.  Elapsed time: 00:13:07s.  Time for last 10,000,000:   37s.  Last read position: 9:56,870,297
[Fri Jul 05 19:42:23 CEST 2024] picard.sam.SortSam done. Elapsed time: 13.66 minutes.
Runtime.totalMemory()=1833959424
19:42:24.003 INFO  NativeLibraryLoader - Loading libgkl_compression.so from jar:file:/home/robin/bin/miniconda3/share/picard-2.26.2-0/picard.jar!/com/intel/gkl/native/libgkl_compression.so
[Fri Jul 05 19:42:24 CEST 2024] MarkDuplicates --INPUT E14_0h_RNA_Yang2019_rep1_GSM3314677_sorted.bam --OUTPUT E14_0h_RNA_Yang2019_rep1_GSM3314677.bam --METRICS_FILE E14_0h_RNA_Yang2019_rep1_GSM3314677_markDupeMetrics.txt --REMOVE_DUPLICATES false --TMP_DIR . --MAX_SEQUENCES_FOR_DISK_READ_ENDS_MAP 50000 --MAX_FILE_HANDLES_FOR_READ_ENDS_MAP 8000 --SORTING_COLLECTION_SIZE_RATIO 0.25 --TAG_DUPLICATE_SET_MEMBERS false --REMOVE_SEQUENCING_DUPLICATES false --TAGGING_POLICY DontTag --CLEAR_DT true --DUPLEX_UMI false --ADD_PG_TAG_TO_READS true --ASSUME_SORTED false --DUPLICATE_SCORING_STRATEGY SUM_OF_BASE_QUALITIES --PROGRAM_RECORD_ID MarkDuplicates --PROGRAM_GROUP_NAME MarkDuplicates --READ_NAME_REGEX <optimized capture of last three ':' separated fields as numeric values> --OPTICAL_DUPLICATE_PIXEL_DISTANCE 100 --MAX_OPTICAL_DUPLICATE_SET_SIZE 300000 --VERBOSITY INFO --QUIET false --VALIDATION_STRINGENCY STRICT --COMPRESSION_LEVEL 5 --MAX_RECORDS_IN_RAM 500000 --CREATE_INDEX false --CREATE_MD5_FILE false --GA4GH_CLIENT_SECRETS client_secrets.json --help false --version false --showHidden false --USE_JDK_DEFLATER false --USE_JDK_INFLATER false
[Fri Jul 05 19:42:24 CEST 2024] Executing as robin@epipax.ijm.univ-paris-diderot.priv on Linux 6.1.0-21-amd64 amd64; OpenJDK 64-Bit Server VM 1.8.0_332-b09; Deflater: Intel; Inflater: Intel; Provider GCS is not available; Picard version: Version:2.26.2
INFO	2024-07-05 19:42:24	MarkDuplicates	Start of doWork freeMemory: 501502056; totalMemory: 514850816; maxMemory: 1908932608
INFO	2024-07-05 19:42:24	MarkDuplicates	Reading input file and constructing read end information.
INFO	2024-07-05 19:42:24	MarkDuplicates	Will retain up to 6916422 data points before spilling to disk.
WARNING	2024-07-05 19:42:24	AbstractOpticalDuplicateFinderCommandLineProgram	A field field parsed out of a read name was expected to contain an integer and did not. Read name: SRR7624365.6982991. Cause: String 'SRR7624365.6982991' did not start with a parsable number.
INFO	2024-07-05 19:42:27	MarkDuplicates	Read     1,000,000 records.  Elapsed time: 00:00:03s.  Time for last 1,000,000:    3s.  Last read position: 1:36,997,099
INFO	2024-07-05 19:42:27	MarkDuplicates	Tracking 29 as yet unmatched pairs. 29 records in RAM.
INFO	2024-07-05 19:42:31	MarkDuplicates	Read     2,000,000 records.  Elapsed time: 00:00:06s.  Time for last 1,000,000:    3s.  Last read position: 1:67,254,637
INFO	2024-07-05 19:42:31	MarkDuplicates	Tracking 4 as yet unmatched pairs. 4 records in RAM.
INFO	2024-07-05 19:42:34	MarkDuplicates	Read     3,000,000 records.  Elapsed time: 00:00:09s.  Time for last 1,000,000:    3s.  Last read position: 1:87,153,622
INFO	2024-07-05 19:42:34	MarkDuplicates	Tracking 428 as yet unmatched pairs. 428 records in RAM.
INFO	2024-07-05 19:42:39	MarkDuplicates	Read     4,000,000 records.  Elapsed time: 00:00:14s.  Time for last 1,000,000:    5s.  Last read position: 1:131,774,669
INFO	2024-07-05 19:42:39	MarkDuplicates	Tracking 45 as yet unmatched pairs. 45 records in RAM.
INFO	2024-07-05 19:42:42	MarkDuplicates	Read     5,000,000 records.  Elapsed time: 00:00:18s.  Time for last 1,000,000:    3s.  Last read position: 1:162,597,760
INFO	2024-07-05 19:42:42	MarkDuplicates	Tracking 35 as yet unmatched pairs. 35 records in RAM.
INFO	2024-07-05 19:42:49	MarkDuplicates	Read     6,000,000 records.  Elapsed time: 00:00:25s.  Time for last 1,000,000:    6s.  Last read position: 1:191,083,666
INFO	2024-07-05 19:42:49	MarkDuplicates	Tracking 5 as yet unmatched pairs. 5 records in RAM.
INFO	2024-07-05 19:42:52	MarkDuplicates	Read     7,000,000 records.  Elapsed time: 00:00:28s.  Time for last 1,000,000:    3s.  Last read position: 10:40,763,095
INFO	2024-07-05 19:42:52	MarkDuplicates	Tracking 52 as yet unmatched pairs. 52 records in RAM.
INFO	2024-07-05 19:42:56	MarkDuplicates	Read     8,000,000 records.  Elapsed time: 00:00:31s.  Time for last 1,000,000:    3s.  Last read position: 10:75,772,186
INFO	2024-07-05 19:42:56	MarkDuplicates	Tracking 1624 as yet unmatched pairs. 1624 records in RAM.
INFO	2024-07-05 19:43:02	MarkDuplicates	Read     9,000,000 records.  Elapsed time: 00:00:37s.  Time for last 1,000,000:    6s.  Last read position: 10:84,362,279
INFO	2024-07-05 19:43:02	MarkDuplicates	Tracking 124 as yet unmatched pairs. 124 records in RAM.
INFO	2024-07-05 19:43:08	MarkDuplicates	Read    10,000,000 records.  Elapsed time: 00:00:44s.  Time for last 1,000,000:    6s.  Last read position: 10:127,133,347
INFO	2024-07-05 19:43:08	MarkDuplicates	Tracking 464 as yet unmatched pairs. 464 records in RAM.
INFO	2024-07-05 19:43:12	MarkDuplicates	Read    11,000,000 records.  Elapsed time: 00:00:47s.  Time for last 1,000,000:    3s.  Last read position: 11:6,389,440
INFO	2024-07-05 19:43:12	MarkDuplicates	Tracking 127 as yet unmatched pairs. 127 records in RAM.
INFO	2024-07-05 19:43:15	MarkDuplicates	Read    12,000,000 records.  Elapsed time: 00:00:50s.  Time for last 1,000,000:    3s.  Last read position: 11:43,336,251
INFO	2024-07-05 19:43:15	MarkDuplicates	Tracking 102 as yet unmatched pairs. 102 records in RAM.
INFO	2024-07-05 19:43:18	MarkDuplicates	Read    13,000,000 records.  Elapsed time: 00:00:53s.  Time for last 1,000,000:    3s.  Last read position: 11:58,399,754
INFO	2024-07-05 19:43:18	MarkDuplicates	Tracking 1986 as yet unmatched pairs. 1986 records in RAM.
INFO	2024-07-05 19:43:21	MarkDuplicates	Read    14,000,000 records.  Elapsed time: 00:00:56s.  Time for last 1,000,000:    2s.  Last read position: 11:70,873,030
INFO	2024-07-05 19:43:21	MarkDuplicates	Tracking 764 as yet unmatched pairs. 764 records in RAM.
INFO	2024-07-05 19:43:27	MarkDuplicates	Read    15,000,000 records.  Elapsed time: 00:01:03s.  Time for last 1,000,000:    6s.  Last read position: 11:82,918,803
INFO	2024-07-05 19:43:27	MarkDuplicates	Tracking 78 as yet unmatched pairs. 78 records in RAM.
INFO	2024-07-05 19:43:30	MarkDuplicates	Read    16,000,000 records.  Elapsed time: 00:01:06s.  Time for last 1,000,000:    2s.  Last read position: 11:95,857,556
INFO	2024-07-05 19:43:30	MarkDuplicates	Tracking 530 as yet unmatched pairs. 530 records in RAM.
INFO	2024-07-05 19:43:38	MarkDuplicates	Read    17,000,000 records.  Elapsed time: 00:01:13s.  Time for last 1,000,000:    7s.  Last read position: 11:102,182,721
INFO	2024-07-05 19:43:38	MarkDuplicates	Tracking 162 as yet unmatched pairs. 162 records in RAM.
INFO	2024-07-05 19:43:41	MarkDuplicates	Read    18,000,000 records.  Elapsed time: 00:01:17s.  Time for last 1,000,000:    3s.  Last read position: 11:118,178,573
INFO	2024-07-05 19:43:41	MarkDuplicates	Tracking 33 as yet unmatched pairs. 33 records in RAM.
INFO	2024-07-05 19:43:44	MarkDuplicates	Read    19,000,000 records.  Elapsed time: 00:01:20s.  Time for last 1,000,000:    2s.  Last read position: 12:19,441,707
INFO	2024-07-05 19:43:44	MarkDuplicates	Tracking 277 as yet unmatched pairs. 277 records in RAM.
INFO	2024-07-05 19:43:47	MarkDuplicates	Read    20,000,000 records.  Elapsed time: 00:01:22s.  Time for last 1,000,000:    2s.  Last read position: 12:69,206,107
INFO	2024-07-05 19:43:47	MarkDuplicates	Tracking 22171 as yet unmatched pairs. 22171 records in RAM.
INFO	2024-07-05 19:43:50	MarkDuplicates	Read    21,000,000 records.  Elapsed time: 00:01:25s.  Time for last 1,000,000:    2s.  Last read position: 12:80,385,469
INFO	2024-07-05 19:43:50	MarkDuplicates	Tracking 30 as yet unmatched pairs. 30 records in RAM.
INFO	2024-07-05 19:43:55	MarkDuplicates	Read    22,000,000 records.  Elapsed time: 00:01:31s.  Time for last 1,000,000:    5s.  Last read position: 12:110,591,888
INFO	2024-07-05 19:43:55	MarkDuplicates	Tracking 275 as yet unmatched pairs. 275 records in RAM.
INFO	2024-07-05 19:43:58	MarkDuplicates	Read    23,000,000 records.  Elapsed time: 00:01:34s.  Time for last 1,000,000:    3s.  Last read position: 13:19,579,895
INFO	2024-07-05 19:43:58	MarkDuplicates	Tracking 36 as yet unmatched pairs. 36 records in RAM.
INFO	2024-07-05 19:44:01	MarkDuplicates	Read    24,000,000 records.  Elapsed time: 00:01:36s.  Time for last 1,000,000:    2s.  Last read position: 13:23,769,896
INFO	2024-07-05 19:44:01	MarkDuplicates	Tracking 1162 as yet unmatched pairs. 1162 records in RAM.
INFO	2024-07-05 19:44:04	MarkDuplicates	Read    25,000,000 records.  Elapsed time: 00:01:39s.  Time for last 1,000,000:    2s.  Last read position: 13:54,647,700
INFO	2024-07-05 19:44:04	MarkDuplicates	Tracking 58 as yet unmatched pairs. 58 records in RAM.
INFO	2024-07-05 19:44:08	MarkDuplicates	Read    26,000,000 records.  Elapsed time: 00:01:44s.  Time for last 1,000,000:    4s.  Last read position: 13:74,330,207
INFO	2024-07-05 19:44:08	MarkDuplicates	Tracking 122 as yet unmatched pairs. 122 records in RAM.
INFO	2024-07-05 19:44:11	MarkDuplicates	Read    27,000,000 records.  Elapsed time: 00:01:47s.  Time for last 1,000,000:    2s.  Last read position: 13:107,028,219
INFO	2024-07-05 19:44:11	MarkDuplicates	Tracking 140 as yet unmatched pairs. 140 records in RAM.
INFO	2024-07-05 19:44:14	MarkDuplicates	Read    28,000,000 records.  Elapsed time: 00:01:49s.  Time for last 1,000,000:    2s.  Last read position: 14:24,545,498
INFO	2024-07-05 19:44:14	MarkDuplicates	Tracking 2063 as yet unmatched pairs. 2063 records in RAM.
INFO	2024-07-05 19:44:17	MarkDuplicates	Read    29,000,000 records.  Elapsed time: 00:01:53s.  Time for last 1,000,000:    3s.  Last read position: 14:51,163,633
INFO	2024-07-05 19:44:17	MarkDuplicates	Tracking 750 as yet unmatched pairs. 750 records in RAM.
INFO	2024-07-05 19:44:23	MarkDuplicates	Read    30,000,000 records.  Elapsed time: 00:01:59s.  Time for last 1,000,000:    6s.  Last read position: 14:76,083,663
INFO	2024-07-05 19:44:23	MarkDuplicates	Tracking 681 as yet unmatched pairs. 681 records in RAM.
INFO	2024-07-05 19:44:26	MarkDuplicates	Read    31,000,000 records.  Elapsed time: 00:02:02s.  Time for last 1,000,000:    2s.  Last read position: 15:12,824,562
INFO	2024-07-05 19:44:26	MarkDuplicates	Tracking 80 as yet unmatched pairs. 80 records in RAM.
INFO	2024-07-05 19:44:29	MarkDuplicates	Read    32,000,000 records.  Elapsed time: 00:02:05s.  Time for last 1,000,000:    3s.  Last read position: 15:68,181,942
INFO	2024-07-05 19:44:29	MarkDuplicates	Tracking 25 as yet unmatched pairs. 25 records in RAM.
INFO	2024-07-05 19:44:32	MarkDuplicates	Read    33,000,000 records.  Elapsed time: 00:02:08s.  Time for last 1,000,000:    3s.  Last read position: 15:81,840,586
INFO	2024-07-05 19:44:32	MarkDuplicates	Tracking 950 as yet unmatched pairs. 950 records in RAM.
INFO	2024-07-05 19:44:35	MarkDuplicates	Read    34,000,000 records.  Elapsed time: 00:02:11s.  Time for last 1,000,000:    3s.  Last read position: 15:99,601,161
INFO	2024-07-05 19:44:35	MarkDuplicates	Tracking 235 as yet unmatched pairs. 235 records in RAM.
INFO	2024-07-05 19:44:43	MarkDuplicates	Read    35,000,000 records.  Elapsed time: 00:02:19s.  Time for last 1,000,000:    8s.  Last read position: 16:16,302,056
INFO	2024-07-05 19:44:43	MarkDuplicates	Tracking 41 as yet unmatched pairs. 41 records in RAM.
INFO	2024-07-05 19:44:47	MarkDuplicates	Read    36,000,000 records.  Elapsed time: 00:02:22s.  Time for last 1,000,000:    3s.  Last read position: 16:33,119,833
INFO	2024-07-05 19:44:47	MarkDuplicates	Tracking 44 as yet unmatched pairs. 44 records in RAM.
INFO	2024-07-05 19:44:50	MarkDuplicates	Read    37,000,000 records.  Elapsed time: 00:02:25s.  Time for last 1,000,000:    3s.  Last read position: 16:87,268,984
INFO	2024-07-05 19:44:50	MarkDuplicates	Tracking 92 as yet unmatched pairs. 92 records in RAM.
INFO	2024-07-05 19:44:52	MarkDuplicates	Read    38,000,000 records.  Elapsed time: 00:02:28s.  Time for last 1,000,000:    2s.  Last read position: 17:13,225,633
INFO	2024-07-05 19:44:52	MarkDuplicates	Tracking 3 as yet unmatched pairs. 3 records in RAM.
INFO	2024-07-05 19:44:58	MarkDuplicates	Read    39,000,000 records.  Elapsed time: 00:02:33s.  Time for last 1,000,000:    5s.  Last read position: 17:28,545,233
INFO	2024-07-05 19:44:58	MarkDuplicates	Tracking 87 as yet unmatched pairs. 87 records in RAM.
INFO	2024-07-05 19:45:01	MarkDuplicates	Read    40,000,000 records.  Elapsed time: 00:02:36s.  Time for last 1,000,000:    3s.  Last read position: 17:36,146,808
INFO	2024-07-05 19:45:01	MarkDuplicates	Tracking 3267 as yet unmatched pairs. 3267 records in RAM.
INFO	2024-07-05 19:45:04	MarkDuplicates	Read    41,000,000 records.  Elapsed time: 00:02:40s.  Time for last 1,000,000:    3s.  Last read position: 17:40,155,484
INFO	2024-07-05 19:45:04	MarkDuplicates	Tracking 22134 as yet unmatched pairs. 22134 records in RAM.
INFO	2024-07-05 19:45:07	MarkDuplicates	Read    42,000,000 records.  Elapsed time: 00:02:43s.  Time for last 1,000,000:    3s.  Last read position: 17:45,882,354
INFO	2024-07-05 19:45:07	MarkDuplicates	Tracking 6100 as yet unmatched pairs. 6100 records in RAM.
INFO	2024-07-05 19:45:12	MarkDuplicates	Read    43,000,000 records.  Elapsed time: 00:02:48s.  Time for last 1,000,000:    4s.  Last read position: 17:79,158,777
INFO	2024-07-05 19:45:12	MarkDuplicates	Tracking 2383 as yet unmatched pairs. 2383 records in RAM.
INFO	2024-07-05 19:45:15	MarkDuplicates	Read    44,000,000 records.  Elapsed time: 00:02:51s.  Time for last 1,000,000:    3s.  Last read position: 18:24,387,583
INFO	2024-07-05 19:45:15	MarkDuplicates	Tracking 245 as yet unmatched pairs. 245 records in RAM.
INFO	2024-07-05 19:45:19	MarkDuplicates	Read    45,000,000 records.  Elapsed time: 00:02:54s.  Time for last 1,000,000:    3s.  Last read position: 18:50,353,141
INFO	2024-07-05 19:45:19	MarkDuplicates	Tracking 3 as yet unmatched pairs. 3 records in RAM.
INFO	2024-07-05 19:45:22	MarkDuplicates	Read    46,000,000 records.  Elapsed time: 00:02:57s.  Time for last 1,000,000:    3s.  Last read position: 18:84,999,307
INFO	2024-07-05 19:45:22	MarkDuplicates	Tracking 947 as yet unmatched pairs. 947 records in RAM.
INFO	2024-07-05 19:45:25	MarkDuplicates	Read    47,000,000 records.  Elapsed time: 00:03:00s.  Time for last 1,000,000:    3s.  Last read position: 19:8,947,207
INFO	2024-07-05 19:45:25	MarkDuplicates	Tracking 302 as yet unmatched pairs. 302 records in RAM.
INFO	2024-07-05 19:45:31	MarkDuplicates	Read    48,000,000 records.  Elapsed time: 00:03:06s.  Time for last 1,000,000:    6s.  Last read position: 19:36,852,688
INFO	2024-07-05 19:45:31	MarkDuplicates	Tracking 438 as yet unmatched pairs. 438 records in RAM.
INFO	2024-07-05 19:45:34	MarkDuplicates	Read    49,000,000 records.  Elapsed time: 00:03:09s.  Time for last 1,000,000:    3s.  Last read position: 19:57,671,618
INFO	2024-07-05 19:45:34	MarkDuplicates	Tracking 8 as yet unmatched pairs. 8 records in RAM.
INFO	2024-07-05 19:45:37	MarkDuplicates	Read    50,000,000 records.  Elapsed time: 00:03:12s.  Time for last 1,000,000:    2s.  Last read position: 2:26,810,963
INFO	2024-07-05 19:45:37	MarkDuplicates	Tracking 213 as yet unmatched pairs. 213 records in RAM.
INFO	2024-07-05 19:45:44	MarkDuplicates	Read    51,000,000 records.  Elapsed time: 00:03:20s.  Time for last 1,000,000:    7s.  Last read position: 2:40,017,640
INFO	2024-07-05 19:45:44	MarkDuplicates	Tracking 487 as yet unmatched pairs. 487 records in RAM.
INFO	2024-07-05 19:45:47	MarkDuplicates	Read    52,000,000 records.  Elapsed time: 00:03:23s.  Time for last 1,000,000:    2s.  Last read position: 2:75,759,614
INFO	2024-07-05 19:45:47	MarkDuplicates	Tracking 92 as yet unmatched pairs. 92 records in RAM.
INFO	2024-07-05 19:45:50	MarkDuplicates	Read    53,000,000 records.  Elapsed time: 00:03:26s.  Time for last 1,000,000:    2s.  Last read position: 2:111,830,721
INFO	2024-07-05 19:45:50	MarkDuplicates	Tracking 991 as yet unmatched pairs. 991 records in RAM.
INFO	2024-07-05 19:45:53	MarkDuplicates	Read    54,000,000 records.  Elapsed time: 00:03:29s.  Time for last 1,000,000:    3s.  Last read position: 2:132,094,852
INFO	2024-07-05 19:45:53	MarkDuplicates	Tracking 1113 as yet unmatched pairs. 1113 records in RAM.
INFO	2024-07-05 19:45:57	MarkDuplicates	Read    55,000,000 records.  Elapsed time: 00:03:32s.  Time for last 1,000,000:    3s.  Last read position: 2:157,132,482
INFO	2024-07-05 19:45:57	MarkDuplicates	Tracking 623 as yet unmatched pairs. 623 records in RAM.
INFO	2024-07-05 19:46:02	MarkDuplicates	Read    56,000,000 records.  Elapsed time: 00:03:38s.  Time for last 1,000,000:    5s.  Last read position: 2:176,223,914
INFO	2024-07-05 19:46:02	MarkDuplicates	Tracking 22 as yet unmatched pairs. 22 records in RAM.
INFO	2024-07-05 19:46:05	MarkDuplicates	Read    57,000,000 records.  Elapsed time: 00:03:41s.  Time for last 1,000,000:    2s.  Last read position: 3:32,390,895
INFO	2024-07-05 19:46:05	MarkDuplicates	Tracking 97 as yet unmatched pairs. 97 records in RAM.
INFO	2024-07-05 19:46:08	MarkDuplicates	Read    58,000,000 records.  Elapsed time: 00:03:44s.  Time for last 1,000,000:    3s.  Last read position: 3:86,001,015
INFO	2024-07-05 19:46:08	MarkDuplicates	Tracking 134 as yet unmatched pairs. 134 records in RAM.
INFO	2024-07-05 19:46:12	MarkDuplicates	Read    59,000,000 records.  Elapsed time: 00:03:47s.  Time for last 1,000,000:    3s.  Last read position: 3:96,153,081
INFO	2024-07-05 19:46:12	MarkDuplicates	Tracking 296 as yet unmatched pairs. 296 records in RAM.
INFO	2024-07-05 19:46:16	MarkDuplicates	Read    60,000,000 records.  Elapsed time: 00:03:52s.  Time for last 1,000,000:    4s.  Last read position: 3:122,415,967
INFO	2024-07-05 19:46:16	MarkDuplicates	Tracking 15 as yet unmatched pairs. 15 records in RAM.
INFO	2024-07-05 19:46:19	MarkDuplicates	Read    61,000,000 records.  Elapsed time: 00:03:55s.  Time for last 1,000,000:    2s.  Last read position: 4:11,171,590
INFO	2024-07-05 19:46:19	MarkDuplicates	Tracking 328 as yet unmatched pairs. 328 records in RAM.
INFO	2024-07-05 19:46:22	MarkDuplicates	Read    62,000,000 records.  Elapsed time: 00:03:58s.  Time for last 1,000,000:    3s.  Last read position: 4:48,345,059
INFO	2024-07-05 19:46:22	MarkDuplicates	Tracking 8 as yet unmatched pairs. 8 records in RAM.
INFO	2024-07-05 19:46:25	MarkDuplicates	Read    63,000,000 records.  Elapsed time: 00:04:01s.  Time for last 1,000,000:    2s.  Last read position: 4:103,421,163
INFO	2024-07-05 19:46:25	MarkDuplicates	Tracking 3832 as yet unmatched pairs. 3832 records in RAM.
INFO	2024-07-05 19:46:28	MarkDuplicates	Read    64,000,000 records.  Elapsed time: 00:04:04s.  Time for last 1,000,000:    2s.  Last read position: 4:125,398,078
INFO	2024-07-05 19:46:28	MarkDuplicates	Tracking 147 as yet unmatched pairs. 147 records in RAM.
INFO	2024-07-05 19:46:31	MarkDuplicates	Read    65,000,000 records.  Elapsed time: 00:04:07s.  Time for last 1,000,000:    3s.  Last read position: 4:135,594,789
INFO	2024-07-05 19:46:31	MarkDuplicates	Tracking 114 as yet unmatched pairs. 114 records in RAM.
INFO	2024-07-05 19:46:37	MarkDuplicates	Read    66,000,000 records.  Elapsed time: 00:04:13s.  Time for last 1,000,000:    6s.  Last read position: 4:146,336,046
INFO	2024-07-05 19:46:37	MarkDuplicates	Tracking 1269 as yet unmatched pairs. 1269 records in RAM.
INFO	2024-07-05 19:46:40	MarkDuplicates	Read    67,000,000 records.  Elapsed time: 00:04:16s.  Time for last 1,000,000:    2s.  Last read position: 4:154,236,084
INFO	2024-07-05 19:46:40	MarkDuplicates	Tracking 88 as yet unmatched pairs. 88 records in RAM.
INFO	2024-07-05 19:46:43	MarkDuplicates	Read    68,000,000 records.  Elapsed time: 00:04:18s.  Time for last 1,000,000:    2s.  Last read position: 5:29,807,324
INFO	2024-07-05 19:46:43	MarkDuplicates	Tracking 143 as yet unmatched pairs. 143 records in RAM.
INFO	2024-07-05 19:46:51	MarkDuplicates	Read    69,000,000 records.  Elapsed time: 00:04:26s.  Time for last 1,000,000:    7s.  Last read position: 5:73,112,726
INFO	2024-07-05 19:46:51	MarkDuplicates	Tracking 38 as yet unmatched pairs. 38 records in RAM.
INFO	2024-07-05 19:46:54	MarkDuplicates	Read    70,000,000 records.  Elapsed time: 00:04:29s.  Time for last 1,000,000:    3s.  Last read position: 5:108,051,178
INFO	2024-07-05 19:46:54	MarkDuplicates	Tracking 118 as yet unmatched pairs. 118 records in RAM.
INFO	2024-07-05 19:46:57	MarkDuplicates	Read    71,000,000 records.  Elapsed time: 00:04:32s.  Time for last 1,000,000:    3s.  Last read position: 5:121,706,030
INFO	2024-07-05 19:46:57	MarkDuplicates	Tracking 629 as yet unmatched pairs. 629 records in RAM.
INFO	2024-07-05 19:47:00	MarkDuplicates	Read    72,000,000 records.  Elapsed time: 00:04:36s.  Time for last 1,000,000:    3s.  Last read position: 5:137,527,887
INFO	2024-07-05 19:47:00	MarkDuplicates	Tracking 552 as yet unmatched pairs. 552 records in RAM.
INFO	2024-07-05 19:47:06	MarkDuplicates	Read    73,000,000 records.  Elapsed time: 00:04:42s.  Time for last 1,000,000:    5s.  Last read position: 6:7,676,072
INFO	2024-07-05 19:47:06	MarkDuplicates	Tracking 2085 as yet unmatched pairs. 2085 records in RAM.
INFO	2024-07-05 19:47:09	MarkDuplicates	Read    74,000,000 records.  Elapsed time: 00:04:45s.  Time for last 1,000,000:    3s.  Last read position: 6:56,850,392
INFO	2024-07-05 19:47:09	MarkDuplicates	Tracking 456 as yet unmatched pairs. 456 records in RAM.
INFO	2024-07-05 19:47:12	MarkDuplicates	Read    75,000,000 records.  Elapsed time: 00:04:48s.  Time for last 1,000,000:    3s.  Last read position: 6:87,068,729
INFO	2024-07-05 19:47:12	MarkDuplicates	Tracking 9 as yet unmatched pairs. 9 records in RAM.
INFO	2024-07-05 19:47:15	MarkDuplicates	Read    76,000,000 records.  Elapsed time: 00:04:51s.  Time for last 1,000,000:    3s.  Last read position: 6:119,334,195
INFO	2024-07-05 19:47:15	MarkDuplicates	Tracking 356 as yet unmatched pairs. 356 records in RAM.
INFO	2024-07-05 19:47:20	MarkDuplicates	Read    77,000,000 records.  Elapsed time: 00:04:56s.  Time for last 1,000,000:    4s.  Last read position: 6:136,537,811
INFO	2024-07-05 19:47:20	MarkDuplicates	Tracking 148 as yet unmatched pairs. 148 records in RAM.
INFO	2024-07-05 19:47:23	MarkDuplicates	Read    78,000,000 records.  Elapsed time: 00:04:59s.  Time for last 1,000,000:    3s.  Last read position: 7:13,067,006
INFO	2024-07-05 19:47:23	MarkDuplicates	Tracking 215 as yet unmatched pairs. 215 records in RAM.
INFO	2024-07-05 19:47:27	MarkDuplicates	Read    79,000,000 records.  Elapsed time: 00:05:02s.  Time for last 1,000,000:    3s.  Last read position: 7:29,727,477
INFO	2024-07-05 19:47:27	MarkDuplicates	Tracking 169 as yet unmatched pairs. 169 records in RAM.
INFO	2024-07-05 19:47:30	MarkDuplicates	Read    80,000,000 records.  Elapsed time: 00:05:05s.  Time for last 1,000,000:    3s.  Last read position: 7:46,457,953
INFO	2024-07-05 19:47:30	MarkDuplicates	Tracking 341 as yet unmatched pairs. 341 records in RAM.
INFO	2024-07-05 19:47:33	MarkDuplicates	Read    81,000,000 records.  Elapsed time: 00:05:08s.  Time for last 1,000,000:    3s.  Last read position: 7:96,127,527
INFO	2024-07-05 19:47:33	MarkDuplicates	Tracking 42 as yet unmatched pairs. 42 records in RAM.
INFO	2024-07-05 19:47:36	MarkDuplicates	Read    82,000,000 records.  Elapsed time: 00:05:12s.  Time for last 1,000,000:    3s.  Last read position: 7:116,424,936
INFO	2024-07-05 19:47:36	MarkDuplicates	Tracking 2465 as yet unmatched pairs. 2465 records in RAM.
INFO	2024-07-05 19:47:43	MarkDuplicates	Read    83,000,000 records.  Elapsed time: 00:05:18s.  Time for last 1,000,000:    6s.  Last read position: 7:132,315,994
INFO	2024-07-05 19:47:43	MarkDuplicates	Tracking 78 as yet unmatched pairs. 78 records in RAM.
INFO	2024-07-05 19:47:46	MarkDuplicates	Read    84,000,000 records.  Elapsed time: 00:05:21s.  Time for last 1,000,000:    3s.  Last read position: 8:15,809,780
INFO	2024-07-05 19:47:46	MarkDuplicates	Tracking 14 as yet unmatched pairs. 14 records in RAM.
INFO	2024-07-05 19:47:53	MarkDuplicates	Read    85,000,000 records.  Elapsed time: 00:05:29s.  Time for last 1,000,000:    7s.  Last read position: 8:52,648,874
INFO	2024-07-05 19:47:53	MarkDuplicates	Tracking 430 as yet unmatched pairs. 430 records in RAM.
INFO	2024-07-05 19:47:57	MarkDuplicates	Read    86,000,000 records.  Elapsed time: 00:05:32s.  Time for last 1,000,000:    3s.  Last read position: 8:85,276,415
INFO	2024-07-05 19:47:57	MarkDuplicates	Tracking 27 as yet unmatched pairs. 27 records in RAM.
INFO	2024-07-05 19:48:00	MarkDuplicates	Read    87,000,000 records.  Elapsed time: 00:05:35s.  Time for last 1,000,000:    3s.  Last read position: 8:107,611,234
INFO	2024-07-05 19:48:00	MarkDuplicates	Tracking 227 as yet unmatched pairs. 227 records in RAM.
INFO	2024-07-05 19:48:03	MarkDuplicates	Read    88,000,000 records.  Elapsed time: 00:05:38s.  Time for last 1,000,000:    3s.  Last read position: 8:125,622,787
INFO	2024-07-05 19:48:03	MarkDuplicates	Tracking 53 as yet unmatched pairs. 53 records in RAM.
INFO	2024-07-05 19:48:08	MarkDuplicates	Read    89,000,000 records.  Elapsed time: 00:05:44s.  Time for last 1,000,000:    5s.  Last read position: 9:31,847,823
INFO	2024-07-05 19:48:08	MarkDuplicates	Tracking 321 as yet unmatched pairs. 321 records in RAM.
INFO	2024-07-05 19:48:11	MarkDuplicates	Read    90,000,000 records.  Elapsed time: 00:05:47s.  Time for last 1,000,000:    2s.  Last read position: 9:56,870,297
INFO	2024-07-05 19:48:11	MarkDuplicates	Tracking 61 as yet unmatched pairs. 61 records in RAM.
INFO	2024-07-05 19:48:14	MarkDuplicates	Read    91,000,000 records.  Elapsed time: 00:05:50s.  Time for last 1,000,000:    3s.  Last read position: 9:72,655,037
INFO	2024-07-05 19:48:14	MarkDuplicates	Tracking 1228 as yet unmatched pairs. 1228 records in RAM.
INFO	2024-07-05 19:48:17	MarkDuplicates	Read    92,000,000 records.  Elapsed time: 00:05:53s.  Time for last 1,000,000:    2s.  Last read position: 9:88,272,857
INFO	2024-07-05 19:48:17	MarkDuplicates	Tracking 80 as yet unmatched pairs. 80 records in RAM.
INFO	2024-07-05 19:48:22	MarkDuplicates	Read    93,000,000 records.  Elapsed time: 00:05:57s.  Time for last 1,000,000:    4s.  Last read position: 9:108,661,038
INFO	2024-07-05 19:48:22	MarkDuplicates	Tracking 19 as yet unmatched pairs. 19 records in RAM.
INFO	2024-07-05 19:48:25	MarkDuplicates	Read    94,000,000 records.  Elapsed time: 00:06:00s.  Time for last 1,000,000:    3s.  Last read position: MT:1,640
INFO	2024-07-05 19:48:25	MarkDuplicates	Tracking 6813 as yet unmatched pairs. 6813 records in RAM.
INFO	2024-07-05 19:48:27	MarkDuplicates	Read    95,000,000 records.  Elapsed time: 00:06:03s.  Time for last 1,000,000:    2s.  Last read position: X:13,069,516
INFO	2024-07-05 19:48:27	MarkDuplicates	Tracking 5113 as yet unmatched pairs. 5113 records in RAM.
INFO	2024-07-05 19:48:30	MarkDuplicates	Read    96,000,000 records.  Elapsed time: 00:06:06s.  Time for last 1,000,000:    2s.  Last read position: X:73,214,883
INFO	2024-07-05 19:48:30	MarkDuplicates	Tracking 683 as yet unmatched pairs. 683 records in RAM.
INFO	2024-07-05 19:48:33	MarkDuplicates	Read    97,000,000 records.  Elapsed time: 00:06:08s.  Time for last 1,000,000:    2s.  Last read position: X:116,230,758
INFO	2024-07-05 19:48:33	MarkDuplicates	Tracking 29 as yet unmatched pairs. 29 records in RAM.
INFO	2024-07-05 19:48:36	MarkDuplicates	Read    98,000,000 records.  Elapsed time: 00:06:11s.  Time for last 1,000,000:    2s.  Last read position: Y:15,715,787
INFO	2024-07-05 19:48:36	MarkDuplicates	Tracking 1 as yet unmatched pairs. 1 records in RAM.
INFO	2024-07-05 19:48:36	MarkDuplicates	Read 98313933 records. 0 pairs never matched.
INFO	2024-07-05 19:48:40	MarkDuplicates	After buildSortedReadEndLists freeMemory: 1985136008; totalMemory: 2002255872; maxMemory: 2002255872
INFO	2024-07-05 19:48:40	MarkDuplicates	Will retain up to 62570496 duplicate indices before spilling to disk.
INFO	2024-07-05 19:48:40	MarkDuplicates	Traversing read pair information and detecting duplicates.
INFO	2024-07-05 19:48:52	MarkDuplicates	Traversing fragment information and detecting duplicates.
INFO	2024-07-05 19:49:07	MarkDuplicates	Sorting list of duplicate records.
INFO	2024-07-05 19:49:08	MarkDuplicates	After generateDuplicateIndexes freeMemory: 1513166912; totalMemory: 2031616000; maxMemory: 2031616000
INFO	2024-07-05 19:49:08	MarkDuplicates	Marking 4087112 records as duplicates.
INFO	2024-07-05 19:49:08	MarkDuplicates	Found 0 optical duplicate clusters.
INFO	2024-07-05 19:49:08	MarkDuplicates	Reads are assumed to be ordered by: coordinate
INFO	2024-07-05 19:49:53	MarkDuplicates	Written    10,000,000 records.  Elapsed time: 00:00:45s.  Time for last 10,000,000:   45s.  Last read position: 10:127,133,347
INFO	2024-07-05 19:50:39	MarkDuplicates	Written    20,000,000 records.  Elapsed time: 00:01:31s.  Time for last 10,000,000:   45s.  Last read position: 12:69,206,107
INFO	2024-07-05 19:51:24	MarkDuplicates	Written    30,000,000 records.  Elapsed time: 00:02:16s.  Time for last 10,000,000:   45s.  Last read position: 14:76,083,663
INFO	2024-07-05 19:52:11	MarkDuplicates	Written    40,000,000 records.  Elapsed time: 00:03:03s.  Time for last 10,000,000:   46s.  Last read position: 17:36,146,808
INFO	2024-07-05 19:52:56	MarkDuplicates	Written    50,000,000 records.  Elapsed time: 00:03:48s.  Time for last 10,000,000:   45s.  Last read position: 2:26,810,963
INFO	2024-07-05 19:53:42	MarkDuplicates	Written    60,000,000 records.  Elapsed time: 00:04:34s.  Time for last 10,000,000:   45s.  Last read position: 3:122,415,967
INFO	2024-07-05 19:54:29	MarkDuplicates	Written    70,000,000 records.  Elapsed time: 00:05:20s.  Time for last 10,000,000:   46s.  Last read position: 5:108,051,178
INFO	2024-07-05 19:55:15	MarkDuplicates	Written    80,000,000 records.  Elapsed time: 00:06:07s.  Time for last 10,000,000:   46s.  Last read position: 7:46,457,953
INFO	2024-07-05 19:56:01	MarkDuplicates	Written    90,000,000 records.  Elapsed time: 00:06:53s.  Time for last 10,000,000:   46s.  Last read position: 9:56,870,297
INFO	2024-07-05 19:56:39	MarkDuplicates	Writing complete. Closing input iterator.
INFO	2024-07-05 19:56:39	MarkDuplicates	Duplicate Index cleanup.
INFO	2024-07-05 19:56:39	MarkDuplicates	Getting Memory Stats.
INFO	2024-07-05 19:56:39	MarkDuplicates	Before output close freeMemory: 2044762640; totalMemory: 2063597568; maxMemory: 2063597568
INFO	2024-07-05 19:56:40	MarkDuplicates	Closed outputs. Getting more Memory Stats.
INFO	2024-07-05 19:56:40	MarkDuplicates	After output close freeMemory: 2044762640; totalMemory: 2063597568; maxMemory: 2063597568
[Fri Jul 05 19:56:40 CEST 2024] picard.sam.markduplicates.MarkDuplicates done. Elapsed time: 14.27 minutes.
Runtime.totalMemory()=2063597568
[sam grooming] finished successfully at [Fri Jul 5 07:56:56 PM CEST 2024]
[stringTie] Performing de novo assembly of transcripts at [Fri Jul 5 07:58:33 PM CEST 2024]
[stringTie] De novo transcriptome assembly completed successfully at [Fri Jul 5 08:03:34 PM CEST 2024]
[bamToWigCPMsmoothKeepDup] Started with bin size: 1 and smoothing over 0 bp and KEEPING DUPLICATES at [Fri Jul 5 08:03:34 PM CEST 2024]
[bamToWigCPMsmoothKeepDup] finished successfully at [Fri Jul 5 08:03:35 PM CEST 2024]
[file cleanup] started. Good job! at [Fri Jul 5 08:03:35 PM CEST 2024]
cp: cannot stat '*.pdf': No such file or directory
mv: cannot stat '*.bed': No such file or directory
mv: cannot stat '*.bw': No such file or directory
mv: preserving times for '/data/bams/E14_0h_RNA_Yang2019_rep1_GSM3314677_trimV5_GRCm39.bam': Operation not permitted
mv: preserving permissions for /data/bams/E14_0h_RNA_Yang2019_rep1_GSM3314677_trimV5_GRCm39.bam: Operation not permitted
mv: preserving times for '/data/bams/E14_0h_RNA_Yang2019_rep1_GSM3314677_trimV5_GRCm39.bam.bai': Operation not permitted
mv: preserving permissions for /data/bams/E14_0h_RNA_Yang2019_rep1_GSM3314677_trimV5_GRCm39.bam.bai: Operation not permitted
mv: preserving times for '/data/stringTie/E14_0h_RNA_Yang2019_rep1_GSM3314677_trimV5_GRCm39.gtf': Operation not permitted
mv: preserving permissions for /data/stringTie/E14_0h_RNA_Yang2019_rep1_GSM3314677_trimV5_GRCm39.gtf: Operation not permitted
