SCRATCH: /scratch
ls: cannot access '/data/fastq/E14_48h_H3K4me3_ChIP_Yang2019_GSM3314699*_R2.fastq.gz': No such file or directory
[masterDownload] Data are single-end. at [Wed Jul 3 10:49:41 PM CEST 2024]
[checkDependencies] Checking Dependencies [Wed Jul 3 10:49:41 PM CEST 2024] at [Wed Jul 3 10:49:41 PM CEST 2024]
[setup checkDependencies] trimmomatic... at [Wed Jul 3 10:49:41 PM CEST 2024]
[setup checkDependencies] STAR... at [Wed Jul 3 10:49:41 PM CEST 2024]
[setup checkDependencies] bismark... at [Wed Jul 3 10:49:41 PM CEST 2024]
[setup checkDependencies] bowtie2... at [Wed Jul 3 10:49:41 PM CEST 2024]
[setup checkDependencies] samtools... at [Wed Jul 3 10:49:41 PM CEST 2024]
[setup checkDependencies] picard... at [Wed Jul 3 10:49:41 PM CEST 2024]
[setup checkDependencies] awk... at [Wed Jul 3 10:49:41 PM CEST 2024]
[setup checkDependencies] bamCoverage... at [Wed Jul 3 10:49:41 PM CEST 2024]
[setup checkDependencies] fastqc... at [Wed Jul 3 10:49:41 PM CEST 2024]
[setup checkDependencies] fastq_screen... at [Wed Jul 3 10:49:42 PM CEST 2024]
[setup checkDependencies] stringtie... at [Wed Jul 3 10:49:42 PM CEST 2024]
[setup checkDependencies] clumpify.sh... at [Wed Jul 3 10:49:42 PM CEST 2024]
PAIRED: false
[setUpLogFile] Script started at [Wed Jul 3 10:49:42 PM CEST 2024] at [Wed Jul 3 10:49:42 PM CEST 2024]
[fastQC] started on raw FASTQs at [Wed Jul 3 10:49:42 PM CEST 2024]
Started analysis of E14_48h_H3K4me3_ChIP_Yang2019_GSM3314699_raw.fastq.gz
Approx 5% complete for E14_48h_H3K4me3_ChIP_Yang2019_GSM3314699_raw.fastq.gz
Approx 10% complete for E14_48h_H3K4me3_ChIP_Yang2019_GSM3314699_raw.fastq.gz
Approx 15% complete for E14_48h_H3K4me3_ChIP_Yang2019_GSM3314699_raw.fastq.gz
Approx 20% complete for E14_48h_H3K4me3_ChIP_Yang2019_GSM3314699_raw.fastq.gz
Approx 25% complete for E14_48h_H3K4me3_ChIP_Yang2019_GSM3314699_raw.fastq.gz
Approx 30% complete for E14_48h_H3K4me3_ChIP_Yang2019_GSM3314699_raw.fastq.gz
Approx 35% complete for E14_48h_H3K4me3_ChIP_Yang2019_GSM3314699_raw.fastq.gz
Approx 40% complete for E14_48h_H3K4me3_ChIP_Yang2019_GSM3314699_raw.fastq.gz
Approx 45% complete for E14_48h_H3K4me3_ChIP_Yang2019_GSM3314699_raw.fastq.gz
Approx 50% complete for E14_48h_H3K4me3_ChIP_Yang2019_GSM3314699_raw.fastq.gz
Approx 55% complete for E14_48h_H3K4me3_ChIP_Yang2019_GSM3314699_raw.fastq.gz
Approx 60% complete for E14_48h_H3K4me3_ChIP_Yang2019_GSM3314699_raw.fastq.gz
Approx 65% complete for E14_48h_H3K4me3_ChIP_Yang2019_GSM3314699_raw.fastq.gz
Approx 70% complete for E14_48h_H3K4me3_ChIP_Yang2019_GSM3314699_raw.fastq.gz
Approx 75% complete for E14_48h_H3K4me3_ChIP_Yang2019_GSM3314699_raw.fastq.gz
Approx 80% complete for E14_48h_H3K4me3_ChIP_Yang2019_GSM3314699_raw.fastq.gz
Approx 85% complete for E14_48h_H3K4me3_ChIP_Yang2019_GSM3314699_raw.fastq.gz
Approx 90% complete for E14_48h_H3K4me3_ChIP_Yang2019_GSM3314699_raw.fastq.gz
Approx 95% complete for E14_48h_H3K4me3_ChIP_Yang2019_GSM3314699_raw.fastq.gz
Analysis complete for E14_48h_H3K4me3_ChIP_Yang2019_GSM3314699_raw.fastq.gz
[fastQC] on raw FASTQs finished succesfully. Will remove PCR duplicates now at [Wed Jul 3 10:53:44 PM CEST 2024]
Reads are length: 52 at [Wed Jul 3 10:53:44 PM CEST 2024]
Reads with same sequence 1 or fewer substitutions will be marked as PCR duplicates at [Wed Jul 3 10:53:44 PM CEST 2024]
Removal of PCR duplicates complete! at [Wed Jul 3 11:14:51 PM CEST 2024]
[trimReads] Started using version trimV5 parameters at [Wed Jul 3 11:14:51 PM CEST 2024]
ILLUMINACLIP:/data/reference_genomes/adapters/adapters.fa:2:30:10 SLIDINGWINDOW:4:20 MINLEN:24
[trimReads] Trimming E14_48h_H3K4me3_ChIP_Yang2019_GSM3314699.fastq.gz... at [Wed Jul 3 11:14:51 PM CEST 2024]
[trimReads] Finished successfully at [Wed Jul 3 11:22:02 PM CEST 2024]
[fastQC] started on E14_48h_H3K4me3_ChIP_Yang2019_GSM3314699.fastq.gz E14_48h_H3K4me3_ChIP_Yang2019_GSM3314699_trimV5.fastq.gz at [Wed Jul 3 11:22:03 PM CEST 2024]
Started analysis of E14_48h_H3K4me3_ChIP_Yang2019_GSM3314699.fastq.gz
Started analysis of E14_48h_H3K4me3_ChIP_Yang2019_GSM3314699_trimV5.fastq.gz
Approx 5% complete for E14_48h_H3K4me3_ChIP_Yang2019_GSM3314699.fastq.gz
Approx 5% complete for E14_48h_H3K4me3_ChIP_Yang2019_GSM3314699_trimV5.fastq.gz
Approx 10% complete for E14_48h_H3K4me3_ChIP_Yang2019_GSM3314699.fastq.gz
Approx 10% complete for E14_48h_H3K4me3_ChIP_Yang2019_GSM3314699_trimV5.fastq.gz
Approx 15% complete for E14_48h_H3K4me3_ChIP_Yang2019_GSM3314699_trimV5.fastq.gz
Approx 15% complete for E14_48h_H3K4me3_ChIP_Yang2019_GSM3314699.fastq.gz
Approx 20% complete for E14_48h_H3K4me3_ChIP_Yang2019_GSM3314699_trimV5.fastq.gz
Approx 20% complete for E14_48h_H3K4me3_ChIP_Yang2019_GSM3314699.fastq.gz
Approx 25% complete for E14_48h_H3K4me3_ChIP_Yang2019_GSM3314699_trimV5.fastq.gz
Approx 25% complete for E14_48h_H3K4me3_ChIP_Yang2019_GSM3314699.fastq.gz
Approx 30% complete for E14_48h_H3K4me3_ChIP_Yang2019_GSM3314699_trimV5.fastq.gz
Approx 30% complete for E14_48h_H3K4me3_ChIP_Yang2019_GSM3314699.fastq.gz
Approx 35% complete for E14_48h_H3K4me3_ChIP_Yang2019_GSM3314699_trimV5.fastq.gz
Approx 35% complete for E14_48h_H3K4me3_ChIP_Yang2019_GSM3314699.fastq.gz
Approx 40% complete for E14_48h_H3K4me3_ChIP_Yang2019_GSM3314699_trimV5.fastq.gz
Approx 40% complete for E14_48h_H3K4me3_ChIP_Yang2019_GSM3314699.fastq.gz
Approx 45% complete for E14_48h_H3K4me3_ChIP_Yang2019_GSM3314699_trimV5.fastq.gz
Approx 45% complete for E14_48h_H3K4me3_ChIP_Yang2019_GSM3314699.fastq.gz
Approx 50% complete for E14_48h_H3K4me3_ChIP_Yang2019_GSM3314699_trimV5.fastq.gz
Approx 50% complete for E14_48h_H3K4me3_ChIP_Yang2019_GSM3314699.fastq.gz
Approx 55% complete for E14_48h_H3K4me3_ChIP_Yang2019_GSM3314699_trimV5.fastq.gz
Approx 55% complete for E14_48h_H3K4me3_ChIP_Yang2019_GSM3314699.fastq.gz
Approx 60% complete for E14_48h_H3K4me3_ChIP_Yang2019_GSM3314699_trimV5.fastq.gz
Approx 60% complete for E14_48h_H3K4me3_ChIP_Yang2019_GSM3314699.fastq.gz
Approx 65% complete for E14_48h_H3K4me3_ChIP_Yang2019_GSM3314699_trimV5.fastq.gz
Approx 65% complete for E14_48h_H3K4me3_ChIP_Yang2019_GSM3314699.fastq.gz
Approx 70% complete for E14_48h_H3K4me3_ChIP_Yang2019_GSM3314699_trimV5.fastq.gz
Approx 70% complete for E14_48h_H3K4me3_ChIP_Yang2019_GSM3314699.fastq.gz
Approx 75% complete for E14_48h_H3K4me3_ChIP_Yang2019_GSM3314699_trimV5.fastq.gz
Approx 75% complete for E14_48h_H3K4me3_ChIP_Yang2019_GSM3314699.fastq.gz
Approx 80% complete for E14_48h_H3K4me3_ChIP_Yang2019_GSM3314699_trimV5.fastq.gz
Approx 80% complete for E14_48h_H3K4me3_ChIP_Yang2019_GSM3314699.fastq.gz
Approx 85% complete for E14_48h_H3K4me3_ChIP_Yang2019_GSM3314699_trimV5.fastq.gz
Approx 85% complete for E14_48h_H3K4me3_ChIP_Yang2019_GSM3314699.fastq.gz
Approx 90% complete for E14_48h_H3K4me3_ChIP_Yang2019_GSM3314699_trimV5.fastq.gz
Approx 90% complete for E14_48h_H3K4me3_ChIP_Yang2019_GSM3314699.fastq.gz
Approx 95% complete for E14_48h_H3K4me3_ChIP_Yang2019_GSM3314699_trimV5.fastq.gz
Approx 95% complete for E14_48h_H3K4me3_ChIP_Yang2019_GSM3314699.fastq.gz
Analysis complete for E14_48h_H3K4me3_ChIP_Yang2019_GSM3314699_trimV5.fastq.gz
Analysis complete for E14_48h_H3K4me3_ChIP_Yang2019_GSM3314699.fastq.gz
[fastQC] finished succesfully at [Wed Jul 3 11:24:29 PM CEST 2024]
[bowtie2 alignment] started with reference /data/reference_genomes/mm10/mm10 at [Wed Jul 3 11:24:29 PM CEST 2024]
[alignment] Bowtie2 alignment finished successfully at [Wed Jul 3 11:41:10 PM CEST 2024]
[sam grooming] started at [Wed Jul 3 11:42:33 PM CEST 2024]
23:42:34.298 INFO  NativeLibraryLoader - Loading libgkl_compression.so from jar:file:/home/robin/bin/miniconda3/share/picard-2.26.2-0/picard.jar!/com/intel/gkl/native/libgkl_compression.so
[Wed Jul 03 23:42:34 CEST 2024] CleanSam --INPUT E14_48h_H3K4me3_ChIP_Yang2019_GSM3314699_raw.sam --OUTPUT E14_48h_H3K4me3_ChIP_Yang2019_GSM3314699_cleaned.sam --TMP_DIR . --VERBOSITY INFO --QUIET false --VALIDATION_STRINGENCY STRICT --COMPRESSION_LEVEL 5 --MAX_RECORDS_IN_RAM 500000 --CREATE_INDEX false --CREATE_MD5_FILE false --GA4GH_CLIENT_SECRETS client_secrets.json --help false --version false --showHidden false --USE_JDK_DEFLATER false --USE_JDK_INFLATER false
[Wed Jul 03 23:42:34 CEST 2024] Executing as robin@epipax.ijm.univ-paris-diderot.priv on Linux 6.1.0-21-amd64 amd64; OpenJDK 64-Bit Server VM 1.8.0_332-b09; Deflater: Intel; Inflater: Intel; Provider GCS is not available; Picard version: Version:2.26.2
INFO	2024-07-03 23:42:34	CleanSam	Seen many non-increasing record positions. Printing Read-names as well.
INFO	2024-07-03 23:42:40	CleanSam	Processed     1,000,000 records.  Elapsed time: 00:00:06s.  Time for last 1,000,000:    6s.  Last read position: chr2:91,975,735.  Last read name: SRR7624387.30114041
INFO	2024-07-03 23:42:46	CleanSam	Processed     2,000,000 records.  Elapsed time: 00:00:11s.  Time for last 1,000,000:    5s.  Last read position: chr16:94,057,319.  Last read name: SRR7624387.5474177
INFO	2024-07-03 23:42:51	CleanSam	Processed     3,000,000 records.  Elapsed time: 00:00:16s.  Time for last 1,000,000:    5s.  Last read position: chr10:120,226,952.  Last read name: SRR7624387.40909052
INFO	2024-07-03 23:42:56	CleanSam	Processed     4,000,000 records.  Elapsed time: 00:00:22s.  Time for last 1,000,000:    5s.  Last read position: chr8:11,712,174.  Last read name: SRR7624387.16760882
INFO	2024-07-03 23:43:01	CleanSam	Processed     5,000,000 records.  Elapsed time: 00:00:27s.  Time for last 1,000,000:    5s.  Last read position: chr1:147,520,682.  Last read name: SRR7624387.11845570
INFO	2024-07-03 23:43:07	CleanSam	Processed     6,000,000 records.  Elapsed time: 00:00:33s.  Time for last 1,000,000:    5s.  Last read position: chr1:74,892,977.  Last read name: SRR7624387.14789114
INFO	2024-07-03 23:43:12	CleanSam	Processed     7,000,000 records.  Elapsed time: 00:00:38s.  Time for last 1,000,000:    5s.  Last read position: chr5:24,351,352.  Last read name: SRR7624387.42307903
INFO	2024-07-03 23:43:18	CleanSam	Processed     8,000,000 records.  Elapsed time: 00:00:43s.  Time for last 1,000,000:    5s.  Last read position: chr6:51,432,845.  Last read name: SRR7624387.10558910
INFO	2024-07-03 23:43:23	CleanSam	Processed     9,000,000 records.  Elapsed time: 00:00:48s.  Time for last 1,000,000:    5s.  Last read position: chr7:13,044,090.  Last read name: SRR7624387.33624011
INFO	2024-07-03 23:43:28	CleanSam	Processed    10,000,000 records.  Elapsed time: 00:00:54s.  Time for last 1,000,000:    5s.  Last read position: chr11:101,087,283.  Last read name: SRR7624387.44134509
INFO	2024-07-03 23:43:34	CleanSam	Processed    11,000,000 records.  Elapsed time: 00:00:59s.  Time for last 1,000,000:    5s.  Last read position: chr4:96,564,028.  Last read name: SRR7624387.13236816
INFO	2024-07-03 23:43:39	CleanSam	Processed    12,000,000 records.  Elapsed time: 00:01:05s.  Time for last 1,000,000:    5s.  Last read position: chr10:33,905,256.  Last read name: SRR7624387.34909783
INFO	2024-07-03 23:43:44	CleanSam	Processed    13,000,000 records.  Elapsed time: 00:01:10s.  Time for last 1,000,000:    5s.  Last read position: chr9:34,486,658.  Last read name: SRR7624387.10932090
INFO	2024-07-03 23:43:50	CleanSam	Processed    14,000,000 records.  Elapsed time: 00:01:15s.  Time for last 1,000,000:    5s.  Last read position: chr13:48,662,741.  Last read name: SRR7624387.6597850
INFO	2024-07-03 23:43:55	CleanSam	Processed    15,000,000 records.  Elapsed time: 00:01:21s.  Time for last 1,000,000:    5s.  Last read position: chr8:109,705,949.  Last read name: SRR7624387.8021793
INFO	2024-07-03 23:44:00	CleanSam	Processed    16,000,000 records.  Elapsed time: 00:01:26s.  Time for last 1,000,000:    5s.  Last read position: chr5:36,582,211.  Last read name: SRR7624387.22243708
INFO	2024-07-03 23:44:05	CleanSam	Processed    17,000,000 records.  Elapsed time: 00:01:31s.  Time for last 1,000,000:    5s.  Last read position: chr10:95,414,681.  Last read name: SRR7624387.26510654
INFO	2024-07-03 23:44:10	CleanSam	Processed    18,000,000 records.  Elapsed time: 00:01:36s.  Time for last 1,000,000:    5s.  Last read position: chr9:58,199,468.  Last read name: SRR7624387.42911628
INFO	2024-07-03 23:44:16	CleanSam	Processed    19,000,000 records.  Elapsed time: 00:01:41s.  Time for last 1,000,000:    5s.  Last read position: chr19:4,331,201.  Last read name: SRR7624387.9865803
INFO	2024-07-03 23:44:21	CleanSam	Processed    20,000,000 records.  Elapsed time: 00:01:46s.  Time for last 1,000,000:    5s.  Last read position: chr12:81,807,618.  Last read name: SRR7624387.18232563
INFO	2024-07-03 23:44:26	CleanSam	Processed    21,000,000 records.  Elapsed time: 00:01:52s.  Time for last 1,000,000:    5s.  Last read position: chr15:88,863,481.  Last read name: SRR7624387.44512376
INFO	2024-07-03 23:44:32	CleanSam	Processed    22,000,000 records.  Elapsed time: 00:01:57s.  Time for last 1,000,000:    5s.  Last read position: chr11:98,067,345.  Last read name: SRR7624387.41054465
INFO	2024-07-03 23:44:37	CleanSam	Processed    23,000,000 records.  Elapsed time: 00:02:03s.  Time for last 1,000,000:    5s.  Last read position: chr12:8,640,701.  Last read name: SRR7624387.28754341
INFO	2024-07-03 23:44:43	CleanSam	Processed    24,000,000 records.  Elapsed time: 00:02:08s.  Time for last 1,000,000:    5s.  Last read position: chr14:18,371,534.  Last read name: SRR7624387.668024
INFO	2024-07-03 23:44:48	CleanSam	Processed    25,000,000 records.  Elapsed time: 00:02:14s.  Time for last 1,000,000:    5s.  Last read position: chr11:71,004,049.  Last read name: SRR7624387.23850988
INFO	2024-07-03 23:44:54	CleanSam	Processed    26,000,000 records.  Elapsed time: 00:02:19s.  Time for last 1,000,000:    5s.  Last read position: chr1:119,121,893.  Last read name: SRR7624387.6148811
INFO	2024-07-03 23:44:59	CleanSam	Processed    27,000,000 records.  Elapsed time: 00:02:25s.  Time for last 1,000,000:    5s.  Last read position: chr9:35,136,882.  Last read name: SRR7624387.13901181
INFO	2024-07-03 23:45:05	CleanSam	Processed    28,000,000 records.  Elapsed time: 00:02:30s.  Time for last 1,000,000:    5s.  Last read position: chr9:110,732,654.  Last read name: SRR7624387.45962933
INFO	2024-07-03 23:45:10	CleanSam	Processed    29,000,000 records.  Elapsed time: 00:02:35s.  Time for last 1,000,000:    5s.  Last read position: chr3:159,565,213.  Last read name: SRR7624387.5880411
INFO	2024-07-03 23:45:15	CleanSam	Processed    30,000,000 records.  Elapsed time: 00:02:41s.  Time for last 1,000,000:    5s.  Last read position: chr8:71,469,457.  Last read name: SRR7624387.39721990
INFO	2024-07-03 23:45:20	CleanSam	Processed    31,000,000 records.  Elapsed time: 00:02:46s.  Time for last 1,000,000:    5s.  Last read position: chr16:59,477,241.  Last read name: SRR7624387.12598027
INFO	2024-07-03 23:45:26	CleanSam	Processed    32,000,000 records.  Elapsed time: 00:02:51s.  Time for last 1,000,000:    5s.  Last read position: chrX:30,813,680.  Last read name: SRR7624387.23321924
INFO	2024-07-03 23:45:31	CleanSam	Processed    33,000,000 records.  Elapsed time: 00:02:57s.  Time for last 1,000,000:    5s.  Last read position: chr6:83,317,114.  Last read name: SRR7624387.33554379
INFO	2024-07-03 23:45:36	CleanSam	Processed    34,000,000 records.  Elapsed time: 00:03:02s.  Time for last 1,000,000:    4s.  Last read position: chr2:105,127,595.  Last read name: SRR7624387.38893052
[Wed Jul 03 23:45:51 CEST 2024] picard.sam.CleanSam done. Elapsed time: 3.28 minutes.
Runtime.totalMemory()=632291328
23:45:53.053 INFO  NativeLibraryLoader - Loading libgkl_compression.so from jar:file:/home/robin/bin/miniconda3/share/picard-2.26.2-0/picard.jar!/com/intel/gkl/native/libgkl_compression.so
[Wed Jul 03 23:45:53 CEST 2024] SamFormatConverter --INPUT E14_48h_H3K4me3_ChIP_Yang2019_GSM3314699_cleaned.sam --OUTPUT E14_48h_H3K4me3_ChIP_Yang2019_GSM3314699_unsorted.bam --TMP_DIR . --VERBOSITY INFO --QUIET false --VALIDATION_STRINGENCY STRICT --COMPRESSION_LEVEL 5 --MAX_RECORDS_IN_RAM 500000 --CREATE_INDEX false --CREATE_MD5_FILE false --GA4GH_CLIENT_SECRETS client_secrets.json --help false --version false --showHidden false --USE_JDK_DEFLATER false --USE_JDK_INFLATER false
[Wed Jul 03 23:45:53 CEST 2024] Executing as robin@epipax.ijm.univ-paris-diderot.priv on Linux 6.1.0-21-amd64 amd64; OpenJDK 64-Bit Server VM 1.8.0_332-b09; Deflater: Intel; Inflater: Intel; Provider GCS is not available; Picard version: Version:2.26.2
INFO	2024-07-03 23:45:54	SamFormatConverter	Seen many non-increasing record positions. Printing Read-names as well.
INFO	2024-07-03 23:46:04	SamFormatConverter	Processed     1,000,000 records.  Elapsed time: 00:00:10s.  Time for last 1,000,000:   10s.  Last read position: chr2:91,975,735.  Last read name: SRR7624387.30114041
INFO	2024-07-03 23:46:13	SamFormatConverter	Processed     2,000,000 records.  Elapsed time: 00:00:19s.  Time for last 1,000,000:    8s.  Last read position: chr16:94,057,319.  Last read name: SRR7624387.5474177
INFO	2024-07-03 23:46:22	SamFormatConverter	Processed     3,000,000 records.  Elapsed time: 00:00:28s.  Time for last 1,000,000:    8s.  Last read position: chr10:120,226,952.  Last read name: SRR7624387.40909052
INFO	2024-07-03 23:46:30	SamFormatConverter	Processed     4,000,000 records.  Elapsed time: 00:00:36s.  Time for last 1,000,000:    8s.  Last read position: chr8:11,712,174.  Last read name: SRR7624387.16760882
INFO	2024-07-03 23:46:39	SamFormatConverter	Processed     5,000,000 records.  Elapsed time: 00:00:45s.  Time for last 1,000,000:    9s.  Last read position: chr1:147,520,682.  Last read name: SRR7624387.11845570
INFO	2024-07-03 23:46:48	SamFormatConverter	Processed     6,000,000 records.  Elapsed time: 00:00:53s.  Time for last 1,000,000:    8s.  Last read position: chr1:74,892,977.  Last read name: SRR7624387.14789114
INFO	2024-07-03 23:46:56	SamFormatConverter	Processed     7,000,000 records.  Elapsed time: 00:01:02s.  Time for last 1,000,000:    8s.  Last read position: chr5:24,351,352.  Last read name: SRR7624387.42307903
INFO	2024-07-03 23:47:04	SamFormatConverter	Processed     8,000,000 records.  Elapsed time: 00:01:10s.  Time for last 1,000,000:    7s.  Last read position: chr6:51,432,845.  Last read name: SRR7624387.10558910
INFO	2024-07-03 23:47:12	SamFormatConverter	Processed     9,000,000 records.  Elapsed time: 00:01:18s.  Time for last 1,000,000:    8s.  Last read position: chr7:13,044,090.  Last read name: SRR7624387.33624011
INFO	2024-07-03 23:47:21	SamFormatConverter	Processed    10,000,000 records.  Elapsed time: 00:01:27s.  Time for last 1,000,000:    9s.  Last read position: chr11:101,087,283.  Last read name: SRR7624387.44134509
INFO	2024-07-03 23:47:29	SamFormatConverter	Processed    11,000,000 records.  Elapsed time: 00:01:35s.  Time for last 1,000,000:    7s.  Last read position: chr4:96,564,028.  Last read name: SRR7624387.13236816
INFO	2024-07-03 23:47:37	SamFormatConverter	Processed    12,000,000 records.  Elapsed time: 00:01:43s.  Time for last 1,000,000:    8s.  Last read position: chr10:33,905,256.  Last read name: SRR7624387.34909783
INFO	2024-07-03 23:47:46	SamFormatConverter	Processed    13,000,000 records.  Elapsed time: 00:01:52s.  Time for last 1,000,000:    8s.  Last read position: chr9:34,486,658.  Last read name: SRR7624387.10932090
INFO	2024-07-03 23:47:54	SamFormatConverter	Processed    14,000,000 records.  Elapsed time: 00:02:00s.  Time for last 1,000,000:    8s.  Last read position: chr13:48,662,741.  Last read name: SRR7624387.6597850
INFO	2024-07-03 23:48:03	SamFormatConverter	Processed    15,000,000 records.  Elapsed time: 00:02:09s.  Time for last 1,000,000:    8s.  Last read position: chr8:109,705,949.  Last read name: SRR7624387.8021793
INFO	2024-07-03 23:48:12	SamFormatConverter	Processed    16,000,000 records.  Elapsed time: 00:02:18s.  Time for last 1,000,000:    9s.  Last read position: chr5:36,582,211.  Last read name: SRR7624387.22243708
INFO	2024-07-03 23:48:20	SamFormatConverter	Processed    17,000,000 records.  Elapsed time: 00:02:26s.  Time for last 1,000,000:    8s.  Last read position: chr10:95,414,681.  Last read name: SRR7624387.26510654
INFO	2024-07-03 23:48:29	SamFormatConverter	Processed    18,000,000 records.  Elapsed time: 00:02:34s.  Time for last 1,000,000:    8s.  Last read position: chr9:58,199,468.  Last read name: SRR7624387.42911628
INFO	2024-07-03 23:48:37	SamFormatConverter	Processed    19,000,000 records.  Elapsed time: 00:02:43s.  Time for last 1,000,000:    8s.  Last read position: chr19:4,331,201.  Last read name: SRR7624387.9865803
INFO	2024-07-03 23:48:45	SamFormatConverter	Processed    20,000,000 records.  Elapsed time: 00:02:51s.  Time for last 1,000,000:    7s.  Last read position: chr12:81,807,618.  Last read name: SRR7624387.18232563
INFO	2024-07-03 23:48:53	SamFormatConverter	Processed    21,000,000 records.  Elapsed time: 00:02:59s.  Time for last 1,000,000:    7s.  Last read position: chr15:88,863,481.  Last read name: SRR7624387.44512376
INFO	2024-07-03 23:49:01	SamFormatConverter	Processed    22,000,000 records.  Elapsed time: 00:03:07s.  Time for last 1,000,000:    7s.  Last read position: chr11:98,067,345.  Last read name: SRR7624387.41054465
INFO	2024-07-03 23:49:10	SamFormatConverter	Processed    23,000,000 records.  Elapsed time: 00:03:16s.  Time for last 1,000,000:    8s.  Last read position: chr12:8,640,701.  Last read name: SRR7624387.28754341
INFO	2024-07-03 23:49:18	SamFormatConverter	Processed    24,000,000 records.  Elapsed time: 00:03:24s.  Time for last 1,000,000:    8s.  Last read position: chr14:18,371,534.  Last read name: SRR7624387.668024
INFO	2024-07-03 23:49:26	SamFormatConverter	Processed    25,000,000 records.  Elapsed time: 00:03:32s.  Time for last 1,000,000:    8s.  Last read position: chr11:71,004,049.  Last read name: SRR7624387.23850988
INFO	2024-07-03 23:49:35	SamFormatConverter	Processed    26,000,000 records.  Elapsed time: 00:03:41s.  Time for last 1,000,000:    8s.  Last read position: chr1:119,121,893.  Last read name: SRR7624387.6148811
INFO	2024-07-03 23:49:43	SamFormatConverter	Processed    27,000,000 records.  Elapsed time: 00:03:49s.  Time for last 1,000,000:    8s.  Last read position: chr9:35,136,882.  Last read name: SRR7624387.13901181
INFO	2024-07-03 23:49:51	SamFormatConverter	Processed    28,000,000 records.  Elapsed time: 00:03:57s.  Time for last 1,000,000:    8s.  Last read position: chr9:110,732,654.  Last read name: SRR7624387.45962933
INFO	2024-07-03 23:50:00	SamFormatConverter	Processed    29,000,000 records.  Elapsed time: 00:04:05s.  Time for last 1,000,000:    8s.  Last read position: chr3:159,565,213.  Last read name: SRR7624387.5880411
INFO	2024-07-03 23:50:08	SamFormatConverter	Processed    30,000,000 records.  Elapsed time: 00:04:14s.  Time for last 1,000,000:    8s.  Last read position: chr8:71,469,457.  Last read name: SRR7624387.39721990
INFO	2024-07-03 23:50:17	SamFormatConverter	Processed    31,000,000 records.  Elapsed time: 00:04:22s.  Time for last 1,000,000:    8s.  Last read position: chr16:59,477,241.  Last read name: SRR7624387.12598027
INFO	2024-07-03 23:50:25	SamFormatConverter	Processed    32,000,000 records.  Elapsed time: 00:04:31s.  Time for last 1,000,000:    8s.  Last read position: chrX:30,813,680.  Last read name: SRR7624387.23321924
INFO	2024-07-03 23:50:33	SamFormatConverter	Processed    33,000,000 records.  Elapsed time: 00:04:39s.  Time for last 1,000,000:    7s.  Last read position: chr6:83,317,114.  Last read name: SRR7624387.33554379
INFO	2024-07-03 23:50:41	SamFormatConverter	Processed    34,000,000 records.  Elapsed time: 00:04:47s.  Time for last 1,000,000:    8s.  Last read position: chr2:105,127,595.  Last read name: SRR7624387.38893052
[Wed Jul 03 23:50:48 CEST 2024] picard.sam.SamFormatConverter done. Elapsed time: 4.93 minutes.
Runtime.totalMemory()=662175744
23:50:50.553 INFO  NativeLibraryLoader - Loading libgkl_compression.so from jar:file:/home/robin/bin/miniconda3/share/picard-2.26.2-0/picard.jar!/com/intel/gkl/native/libgkl_compression.so
[Wed Jul 03 23:50:50 CEST 2024] SortSam --INPUT E14_48h_H3K4me3_ChIP_Yang2019_GSM3314699_unsorted.bam --OUTPUT E14_48h_H3K4me3_ChIP_Yang2019_GSM3314699_sorted.bam --SORT_ORDER coordinate --TMP_DIR . --VERBOSITY INFO --QUIET false --VALIDATION_STRINGENCY STRICT --COMPRESSION_LEVEL 5 --MAX_RECORDS_IN_RAM 500000 --CREATE_INDEX false --CREATE_MD5_FILE false --GA4GH_CLIENT_SECRETS client_secrets.json --help false --version false --showHidden false --USE_JDK_DEFLATER false --USE_JDK_INFLATER false
[Wed Jul 03 23:50:50 CEST 2024] Executing as robin@epipax.ijm.univ-paris-diderot.priv on Linux 6.1.0-21-amd64 amd64; OpenJDK 64-Bit Server VM 1.8.0_332-b09; Deflater: Intel; Inflater: Intel; Provider GCS is not available; Picard version: Version:2.26.2
INFO	2024-07-03 23:50:50	SortSam	Seen many non-increasing record positions. Printing Read-names as well.
INFO	2024-07-03 23:51:51	SortSam	Read    10,000,000 records.  Elapsed time: 00:01:00s.  Time for last 10,000,000:   60s.  Last read position: chr11:101,087,283.  Last read name: SRR7624387.44134509
INFO	2024-07-03 23:52:52	SortSam	Read    20,000,000 records.  Elapsed time: 00:02:01s.  Time for last 10,000,000:   60s.  Last read position: chr12:81,807,618.  Last read name: SRR7624387.18232563
INFO	2024-07-03 23:53:51	SortSam	Read    30,000,000 records.  Elapsed time: 00:03:01s.  Time for last 10,000,000:   59s.  Last read position: chr8:71,469,457.  Last read name: SRR7624387.39721990
INFO	2024-07-03 23:54:19	SortSam	Finished reading inputs, merging and writing to output now.
INFO	2024-07-03 23:55:07	SortSam	Wrote    10,000,000 records from a sorting collection.  Elapsed time: 00:04:16s.  Time for last 10,000,000:   46s.  Last read position: chr5:112,356,072
INFO	2024-07-03 23:55:55	SortSam	Wrote    20,000,000 records from a sorting collection.  Elapsed time: 00:05:04s.  Time for last 10,000,000:   47s.  Last read position: chr10:117,148,045
INFO	2024-07-03 23:56:42	SortSam	Wrote    30,000,000 records from a sorting collection.  Elapsed time: 00:05:51s.  Time for last 10,000,000:   46s.  Last read position: chr17:31,386,989
[Wed Jul 03 23:57:06 CEST 2024] picard.sam.SortSam done. Elapsed time: 6.27 minutes.
Runtime.totalMemory()=1696071680
23:57:08.688 INFO  NativeLibraryLoader - Loading libgkl_compression.so from jar:file:/home/robin/bin/miniconda3/share/picard-2.26.2-0/picard.jar!/com/intel/gkl/native/libgkl_compression.so
[Wed Jul 03 23:57:08 CEST 2024] MarkDuplicates --INPUT E14_48h_H3K4me3_ChIP_Yang2019_GSM3314699_sorted.bam --OUTPUT E14_48h_H3K4me3_ChIP_Yang2019_GSM3314699.bam --METRICS_FILE E14_48h_H3K4me3_ChIP_Yang2019_GSM3314699_markDupeMetrics.txt --REMOVE_DUPLICATES false --TMP_DIR . --MAX_SEQUENCES_FOR_DISK_READ_ENDS_MAP 50000 --MAX_FILE_HANDLES_FOR_READ_ENDS_MAP 8000 --SORTING_COLLECTION_SIZE_RATIO 0.25 --TAG_DUPLICATE_SET_MEMBERS false --REMOVE_SEQUENCING_DUPLICATES false --TAGGING_POLICY DontTag --CLEAR_DT true --DUPLEX_UMI false --ADD_PG_TAG_TO_READS true --ASSUME_SORTED false --DUPLICATE_SCORING_STRATEGY SUM_OF_BASE_QUALITIES --PROGRAM_RECORD_ID MarkDuplicates --PROGRAM_GROUP_NAME MarkDuplicates --READ_NAME_REGEX <optimized capture of last three ':' separated fields as numeric values> --OPTICAL_DUPLICATE_PIXEL_DISTANCE 100 --MAX_OPTICAL_DUPLICATE_SET_SIZE 300000 --VERBOSITY INFO --QUIET false --VALIDATION_STRINGENCY STRICT --COMPRESSION_LEVEL 5 --MAX_RECORDS_IN_RAM 500000 --CREATE_INDEX false --CREATE_MD5_FILE false --GA4GH_CLIENT_SECRETS client_secrets.json --help false --version false --showHidden false --USE_JDK_DEFLATER false --USE_JDK_INFLATER false
[Wed Jul 03 23:57:08 CEST 2024] Executing as robin@epipax.ijm.univ-paris-diderot.priv on Linux 6.1.0-21-amd64 amd64; OpenJDK 64-Bit Server VM 1.8.0_332-b09; Deflater: Intel; Inflater: Intel; Provider GCS is not available; Picard version: Version:2.26.2
INFO	2024-07-03 23:57:08	MarkDuplicates	Start of doWork freeMemory: 501501952; totalMemory: 514850816; maxMemory: 1908932608
INFO	2024-07-03 23:57:08	MarkDuplicates	Reading input file and constructing read end information.
INFO	2024-07-03 23:57:08	MarkDuplicates	Will retain up to 6916422 data points before spilling to disk.
WARNING	2024-07-03 23:57:09	AbstractOpticalDuplicateFinderCommandLineProgram	A field field parsed out of a read name was expected to contain an integer and did not. Read name: SRR7624387.3080567. Cause: String 'SRR7624387.3080567' did not start with a parsable number.
INFO	2024-07-03 23:57:13	MarkDuplicates	Read     1,000,000 records.  Elapsed time: 00:00:04s.  Time for last 1,000,000:    4s.  Last read position: chr1:93,687,427
INFO	2024-07-03 23:57:13	MarkDuplicates	Tracking 0 as yet unmatched pairs. 0 records in RAM.
INFO	2024-07-03 23:57:17	MarkDuplicates	Read     2,000,000 records.  Elapsed time: 00:00:08s.  Time for last 1,000,000:    4s.  Last read position: chr1:187,430,225
INFO	2024-07-03 23:57:17	MarkDuplicates	Tracking 0 as yet unmatched pairs. 0 records in RAM.
INFO	2024-07-03 23:57:21	MarkDuplicates	Read     3,000,000 records.  Elapsed time: 00:00:12s.  Time for last 1,000,000:    4s.  Last read position: chr2:71,788,369
INFO	2024-07-03 23:57:21	MarkDuplicates	Tracking 0 as yet unmatched pairs. 0 records in RAM.
INFO	2024-07-03 23:57:25	MarkDuplicates	Read     4,000,000 records.  Elapsed time: 00:00:16s.  Time for last 1,000,000:    3s.  Last read position: chr2:142,491,534
INFO	2024-07-03 23:57:25	MarkDuplicates	Tracking 0 as yet unmatched pairs. 0 records in RAM.
INFO	2024-07-03 23:57:30	MarkDuplicates	Read     5,000,000 records.  Elapsed time: 00:00:21s.  Time for last 1,000,000:    5s.  Last read position: chr3:30,855,945
INFO	2024-07-03 23:57:30	MarkDuplicates	Tracking 0 as yet unmatched pairs. 0 records in RAM.
INFO	2024-07-03 23:57:34	MarkDuplicates	Read     6,000,000 records.  Elapsed time: 00:00:25s.  Time for last 1,000,000:    3s.  Last read position: chr3:108,145,107
INFO	2024-07-03 23:57:34	MarkDuplicates	Tracking 0 as yet unmatched pairs. 0 records in RAM.
INFO	2024-07-03 23:57:40	MarkDuplicates	Read     7,000,000 records.  Elapsed time: 00:00:31s.  Time for last 1,000,000:    6s.  Last read position: chr4:49,466,622
INFO	2024-07-03 23:57:40	MarkDuplicates	Tracking 0 as yet unmatched pairs. 0 records in RAM.
INFO	2024-07-03 23:57:45	MarkDuplicates	Read     8,000,000 records.  Elapsed time: 00:00:36s.  Time for last 1,000,000:    4s.  Last read position: chr4:131,227,377
INFO	2024-07-03 23:57:45	MarkDuplicates	Tracking 0 as yet unmatched pairs. 0 records in RAM.
INFO	2024-07-03 23:57:48	MarkDuplicates	Read     9,000,000 records.  Elapsed time: 00:00:39s.  Time for last 1,000,000:    3s.  Last read position: chr5:25,497,956
INFO	2024-07-03 23:57:48	MarkDuplicates	Tracking 0 as yet unmatched pairs. 0 records in RAM.
INFO	2024-07-03 23:57:52	MarkDuplicates	Read    10,000,000 records.  Elapsed time: 00:00:43s.  Time for last 1,000,000:    3s.  Last read position: chr5:112,356,072
INFO	2024-07-03 23:57:52	MarkDuplicates	Tracking 0 as yet unmatched pairs. 0 records in RAM.
INFO	2024-07-03 23:57:55	MarkDuplicates	Read    11,000,000 records.  Elapsed time: 00:00:46s.  Time for last 1,000,000:    3s.  Last read position: chr6:8,570,222
INFO	2024-07-03 23:57:55	MarkDuplicates	Tracking 0 as yet unmatched pairs. 0 records in RAM.
INFO	2024-07-03 23:58:00	MarkDuplicates	Read    12,000,000 records.  Elapsed time: 00:00:50s.  Time for last 1,000,000:    4s.  Last read position: chr6:99,357,242
INFO	2024-07-03 23:58:00	MarkDuplicates	Tracking 0 as yet unmatched pairs. 0 records in RAM.
INFO	2024-07-03 23:58:06	MarkDuplicates	Read    13,000,000 records.  Elapsed time: 00:00:57s.  Time for last 1,000,000:    6s.  Last read position: chr7:19,867,552
INFO	2024-07-03 23:58:06	MarkDuplicates	Tracking 0 as yet unmatched pairs. 0 records in RAM.
INFO	2024-07-03 23:58:12	MarkDuplicates	Read    14,000,000 records.  Elapsed time: 00:01:03s.  Time for last 1,000,000:    5s.  Last read position: chr7:82,887,949
INFO	2024-07-03 23:58:12	MarkDuplicates	Tracking 0 as yet unmatched pairs. 0 records in RAM.
INFO	2024-07-03 23:58:16	MarkDuplicates	Read    15,000,000 records.  Elapsed time: 00:01:07s.  Time for last 1,000,000:    3s.  Last read position: chr8:11,312,641
INFO	2024-07-03 23:58:16	MarkDuplicates	Tracking 0 as yet unmatched pairs. 0 records in RAM.
INFO	2024-07-03 23:58:19	MarkDuplicates	Read    16,000,000 records.  Elapsed time: 00:01:10s.  Time for last 1,000,000:    3s.  Last read position: chr8:86,745,701
INFO	2024-07-03 23:58:19	MarkDuplicates	Tracking 0 as yet unmatched pairs. 0 records in RAM.
INFO	2024-07-03 23:58:23	MarkDuplicates	Read    17,000,000 records.  Elapsed time: 00:01:14s.  Time for last 1,000,000:    3s.  Last read position: chr9:21,497,264
INFO	2024-07-03 23:58:23	MarkDuplicates	Tracking 0 as yet unmatched pairs. 0 records in RAM.
INFO	2024-07-03 23:58:28	MarkDuplicates	Read    18,000,000 records.  Elapsed time: 00:01:19s.  Time for last 1,000,000:    5s.  Last read position: chr9:91,378,583
INFO	2024-07-03 23:58:28	MarkDuplicates	Tracking 0 as yet unmatched pairs. 0 records in RAM.
INFO	2024-07-03 23:58:32	MarkDuplicates	Read    19,000,000 records.  Elapsed time: 00:01:23s.  Time for last 1,000,000:    3s.  Last read position: chr10:42,762,616
INFO	2024-07-03 23:58:32	MarkDuplicates	Tracking 0 as yet unmatched pairs. 0 records in RAM.
INFO	2024-07-03 23:58:36	MarkDuplicates	Read    20,000,000 records.  Elapsed time: 00:01:27s.  Time for last 1,000,000:    3s.  Last read position: chr10:117,148,045
INFO	2024-07-03 23:58:36	MarkDuplicates	Tracking 0 as yet unmatched pairs. 0 records in RAM.
INFO	2024-07-03 23:58:42	MarkDuplicates	Read    21,000,000 records.  Elapsed time: 00:01:33s.  Time for last 1,000,000:    6s.  Last read position: chr11:58,307,955
INFO	2024-07-03 23:58:42	MarkDuplicates	Tracking 0 as yet unmatched pairs. 0 records in RAM.
INFO	2024-07-03 23:58:45	MarkDuplicates	Read    22,000,000 records.  Elapsed time: 00:01:36s.  Time for last 1,000,000:    3s.  Last read position: chr11:98,458,441
INFO	2024-07-03 23:58:45	MarkDuplicates	Tracking 0 as yet unmatched pairs. 0 records in RAM.
INFO	2024-07-03 23:58:50	MarkDuplicates	Read    23,000,000 records.  Elapsed time: 00:01:41s.  Time for last 1,000,000:    4s.  Last read position: chr12:30,603,024
INFO	2024-07-03 23:58:50	MarkDuplicates	Tracking 0 as yet unmatched pairs. 0 records in RAM.
INFO	2024-07-03 23:58:56	MarkDuplicates	Read    24,000,000 records.  Elapsed time: 00:01:46s.  Time for last 1,000,000:    5s.  Last read position: chr12:114,043,579
INFO	2024-07-03 23:58:56	MarkDuplicates	Tracking 0 as yet unmatched pairs. 0 records in RAM.
INFO	2024-07-03 23:59:00	MarkDuplicates	Read    25,000,000 records.  Elapsed time: 00:01:51s.  Time for last 1,000,000:    4s.  Last read position: chr13:68,606,176
INFO	2024-07-03 23:59:00	MarkDuplicates	Tracking 0 as yet unmatched pairs. 0 records in RAM.
INFO	2024-07-03 23:59:04	MarkDuplicates	Read    26,000,000 records.  Elapsed time: 00:01:55s.  Time for last 1,000,000:    3s.  Last read position: chr14:32,628,253
INFO	2024-07-03 23:59:04	MarkDuplicates	Tracking 0 as yet unmatched pairs. 0 records in RAM.
INFO	2024-07-03 23:59:09	MarkDuplicates	Read    27,000,000 records.  Elapsed time: 00:02:00s.  Time for last 1,000,000:    5s.  Last read position: chr15:8,109,831
INFO	2024-07-03 23:59:09	MarkDuplicates	Tracking 0 as yet unmatched pairs. 0 records in RAM.
INFO	2024-07-03 23:59:14	MarkDuplicates	Read    28,000,000 records.  Elapsed time: 00:02:05s.  Time for last 1,000,000:    5s.  Last read position: chr15:89,592,323
INFO	2024-07-03 23:59:14	MarkDuplicates	Tracking 0 as yet unmatched pairs. 0 records in RAM.
INFO	2024-07-03 23:59:18	MarkDuplicates	Read    29,000,000 records.  Elapsed time: 00:02:09s.  Time for last 1,000,000:    3s.  Last read position: chr16:49,699,878
INFO	2024-07-03 23:59:18	MarkDuplicates	Tracking 0 as yet unmatched pairs. 0 records in RAM.
INFO	2024-07-03 23:59:21	MarkDuplicates	Read    30,000,000 records.  Elapsed time: 00:02:12s.  Time for last 1,000,000:    3s.  Last read position: chr17:31,386,989
INFO	2024-07-03 23:59:21	MarkDuplicates	Tracking 0 as yet unmatched pairs. 0 records in RAM.
INFO	2024-07-03 23:59:25	MarkDuplicates	Read    31,000,000 records.  Elapsed time: 00:02:16s.  Time for last 1,000,000:    3s.  Last read position: chr18:4,940,299
INFO	2024-07-03 23:59:25	MarkDuplicates	Tracking 0 as yet unmatched pairs. 0 records in RAM.
INFO	2024-07-03 23:59:31	MarkDuplicates	Read    32,000,000 records.  Elapsed time: 00:02:22s.  Time for last 1,000,000:    5s.  Last read position: chr19:3,768,376
INFO	2024-07-03 23:59:31	MarkDuplicates	Tracking 0 as yet unmatched pairs. 0 records in RAM.
INFO	2024-07-03 23:59:34	MarkDuplicates	Read    33,000,000 records.  Elapsed time: 00:02:25s.  Time for last 1,000,000:    3s.  Last read position: chrX:4,424,843
INFO	2024-07-03 23:59:34	MarkDuplicates	Tracking 0 as yet unmatched pairs. 0 records in RAM.
INFO	2024-07-03 23:59:38	MarkDuplicates	Read    34,000,000 records.  Elapsed time: 00:02:29s.  Time for last 1,000,000:    4s.  Last read position: chrY:11,815,136
INFO	2024-07-03 23:59:38	MarkDuplicates	Tracking 0 as yet unmatched pairs. 0 records in RAM.
INFO	2024-07-03 23:59:40	MarkDuplicates	Read 34456186 records. 0 pairs never matched.
INFO	2024-07-03 23:59:42	MarkDuplicates	After buildSortedReadEndLists freeMemory: 1545658432; totalMemory: 1590689792; maxMemory: 1908932608
INFO	2024-07-03 23:59:42	MarkDuplicates	Will retain up to 59654144 duplicate indices before spilling to disk.
INFO	2024-07-03 23:59:42	MarkDuplicates	Traversing read pair information and detecting duplicates.
INFO	2024-07-03 23:59:42	MarkDuplicates	Traversing fragment information and detecting duplicates.
INFO	2024-07-03 23:59:51	MarkDuplicates	Sorting list of duplicate records.
INFO	2024-07-03 23:59:52	MarkDuplicates	After generateDuplicateIndexes freeMemory: 1108955760; totalMemory: 1603272704; maxMemory: 1908932608
INFO	2024-07-03 23:59:52	MarkDuplicates	Marking 511676 records as duplicates.
INFO	2024-07-03 23:59:52	MarkDuplicates	Found 0 optical duplicate clusters.
INFO	2024-07-03 23:59:52	MarkDuplicates	Reads are assumed to be ordered by: coordinate
INFO	2024-07-04 00:00:58	MarkDuplicates	Written    10,000,000 records.  Elapsed time: 00:01:06s.  Time for last 10,000,000:   66s.  Last read position: chr5:112,356,072
INFO	2024-07-04 00:02:03	MarkDuplicates	Written    20,000,000 records.  Elapsed time: 00:02:11s.  Time for last 10,000,000:   64s.  Last read position: chr10:117,148,045
INFO	2024-07-04 00:03:12	MarkDuplicates	Written    30,000,000 records.  Elapsed time: 00:03:20s.  Time for last 10,000,000:   68s.  Last read position: chr17:31,386,989
INFO	2024-07-04 00:03:44	MarkDuplicates	Writing complete. Closing input iterator.
INFO	2024-07-04 00:03:44	MarkDuplicates	Duplicate Index cleanup.
INFO	2024-07-04 00:03:44	MarkDuplicates	Getting Memory Stats.
INFO	2024-07-04 00:03:44	MarkDuplicates	Before output close freeMemory: 1615024504; totalMemory: 1633681408; maxMemory: 1908932608
INFO	2024-07-04 00:03:45	MarkDuplicates	Closed outputs. Getting more Memory Stats.
INFO	2024-07-04 00:03:45	MarkDuplicates	After output close freeMemory: 1615024504; totalMemory: 1633681408; maxMemory: 1908932608
[Thu Jul 04 00:03:45 CEST 2024] picard.sam.markduplicates.MarkDuplicates done. Elapsed time: 6.62 minutes.
Runtime.totalMemory()=1633681408
[sam grooming] finished successfully at [Thu Jul 4 12:03:56 AM CEST 2024]
[trueStats] Collecting alignment statistics for E14_48h_H3K4me3_ChIP_Yang2019_GSM3314699.bam at [Thu Jul 4 12:04:45 AM CEST 2024]
[bamToWigCPMsmoothKeepDup] Started with bin size: 1 and smoothing over 0 bp and KEEPING DUPLICATES at [Thu Jul 4 12:07:50 AM CEST 2024]
There are 33170150 alignments, of which 382811 are completely within a blacklist region.
Due to filtering, 90.26774854376225% of the aforementioned alignments will be used 29596392.722710893
[bamToWigCPMsmoothKeepDup] finished successfully at [Thu Jul 4 12:25:08 AM CEST 2024]
[file cleanup] started. Good job! at [Thu Jul 4 12:25:08 AM CEST 2024]
cp: cannot stat '*.pdf': No such file or directory
mv: cannot stat '*.bed': No such file or directory
mv: preserving times for '/data/bigWigs/E14_48h_H3K4me3_ChIP_Yang2019_GSM3314699_trimV5_mm10_kpDup_q10_b1_s0_CPM.bw': Operation not permitted
mv: preserving permissions for ‘/data/bigWigs/E14_48h_H3K4me3_ChIP_Yang2019_GSM3314699_trimV5_mm10_kpDup_q10_b1_s0_CPM.bw’: Operation not permitted
mv: preserving times for '/data/bams/E14_48h_H3K4me3_ChIP_Yang2019_GSM3314699_trimV5_mm10.bam': Operation not permitted
mv: preserving permissions for ‘/data/bams/E14_48h_H3K4me3_ChIP_Yang2019_GSM3314699_trimV5_mm10.bam’: Operation not permitted
mv: preserving times for '/data/bams/E14_48h_H3K4me3_ChIP_Yang2019_GSM3314699_trimV5_mm10.bam.bai': Operation not permitted
mv: preserving permissions for ‘/data/bams/E14_48h_H3K4me3_ChIP_Yang2019_GSM3314699_trimV5_mm10.bam.bai’: Operation not permitted
mv: cannot stat '*.gtf': No such file or directory
