SCRATCH: /scratch
ls: cannot access '/data/fastq/E14_72h_H3K4me3_ChIP_Yang2019_GSM3314700*_R2.fastq.gz': No such file or directory
[masterDownload] Data are single-end. at [Thu Jul 4 01:16:26 AM CEST 2024]
[checkDependencies] Checking Dependencies [Thu Jul 4 01:16:26 AM CEST 2024] at [Thu Jul 4 01:16:26 AM CEST 2024]
[setup checkDependencies] trimmomatic... at [Thu Jul 4 01:16:26 AM CEST 2024]
[setup checkDependencies] STAR... at [Thu Jul 4 01:16:26 AM CEST 2024]
[setup checkDependencies] bismark... at [Thu Jul 4 01:16:26 AM CEST 2024]
[setup checkDependencies] bowtie2... at [Thu Jul 4 01:16:26 AM CEST 2024]
[setup checkDependencies] samtools... at [Thu Jul 4 01:16:26 AM CEST 2024]
[setup checkDependencies] picard... at [Thu Jul 4 01:16:26 AM CEST 2024]
[setup checkDependencies] awk... at [Thu Jul 4 01:16:26 AM CEST 2024]
[setup checkDependencies] bamCoverage... at [Thu Jul 4 01:16:26 AM CEST 2024]
[setup checkDependencies] fastqc... at [Thu Jul 4 01:16:26 AM CEST 2024]
[setup checkDependencies] fastq_screen... at [Thu Jul 4 01:16:27 AM CEST 2024]
[setup checkDependencies] stringtie... at [Thu Jul 4 01:16:27 AM CEST 2024]
[setup checkDependencies] clumpify.sh... at [Thu Jul 4 01:16:27 AM CEST 2024]
PAIRED: false
[setUpLogFile] Script started at [Thu Jul 4 01:16:27 AM CEST 2024] at [Thu Jul 4 01:16:27 AM CEST 2024]
[fastQC] started on raw FASTQs at [Thu Jul 4 01:16:27 AM CEST 2024]
Started analysis of E14_72h_H3K4me3_ChIP_Yang2019_GSM3314700_raw.fastq.gz
Approx 5% complete for E14_72h_H3K4me3_ChIP_Yang2019_GSM3314700_raw.fastq.gz
Approx 10% complete for E14_72h_H3K4me3_ChIP_Yang2019_GSM3314700_raw.fastq.gz
Approx 15% complete for E14_72h_H3K4me3_ChIP_Yang2019_GSM3314700_raw.fastq.gz
Approx 20% complete for E14_72h_H3K4me3_ChIP_Yang2019_GSM3314700_raw.fastq.gz
Approx 25% complete for E14_72h_H3K4me3_ChIP_Yang2019_GSM3314700_raw.fastq.gz
Approx 30% complete for E14_72h_H3K4me3_ChIP_Yang2019_GSM3314700_raw.fastq.gz
Approx 35% complete for E14_72h_H3K4me3_ChIP_Yang2019_GSM3314700_raw.fastq.gz
Approx 40% complete for E14_72h_H3K4me3_ChIP_Yang2019_GSM3314700_raw.fastq.gz
Approx 45% complete for E14_72h_H3K4me3_ChIP_Yang2019_GSM3314700_raw.fastq.gz
Approx 50% complete for E14_72h_H3K4me3_ChIP_Yang2019_GSM3314700_raw.fastq.gz
Approx 55% complete for E14_72h_H3K4me3_ChIP_Yang2019_GSM3314700_raw.fastq.gz
Approx 60% complete for E14_72h_H3K4me3_ChIP_Yang2019_GSM3314700_raw.fastq.gz
Approx 65% complete for E14_72h_H3K4me3_ChIP_Yang2019_GSM3314700_raw.fastq.gz
Approx 70% complete for E14_72h_H3K4me3_ChIP_Yang2019_GSM3314700_raw.fastq.gz
Approx 75% complete for E14_72h_H3K4me3_ChIP_Yang2019_GSM3314700_raw.fastq.gz
Approx 80% complete for E14_72h_H3K4me3_ChIP_Yang2019_GSM3314700_raw.fastq.gz
Approx 85% complete for E14_72h_H3K4me3_ChIP_Yang2019_GSM3314700_raw.fastq.gz
Approx 90% complete for E14_72h_H3K4me3_ChIP_Yang2019_GSM3314700_raw.fastq.gz
Approx 95% complete for E14_72h_H3K4me3_ChIP_Yang2019_GSM3314700_raw.fastq.gz
Analysis complete for E14_72h_H3K4me3_ChIP_Yang2019_GSM3314700_raw.fastq.gz
[fastQC] on raw FASTQs finished succesfully. Will remove PCR duplicates now at [Thu Jul 4 01:19:47 AM CEST 2024]
Reads are length: 52 at [Thu Jul 4 01:19:47 AM CEST 2024]
Reads with same sequence 1 or fewer substitutions will be marked as PCR duplicates at [Thu Jul 4 01:19:47 AM CEST 2024]
Removal of PCR duplicates complete! at [Thu Jul 4 01:38:12 AM CEST 2024]
[trimReads] Started using version trimV5 parameters at [Thu Jul 4 01:38:12 AM CEST 2024]
ILLUMINACLIP:/data/reference_genomes/adapters/adapters.fa:2:30:10 SLIDINGWINDOW:4:20 MINLEN:24
[trimReads] Trimming E14_72h_H3K4me3_ChIP_Yang2019_GSM3314700.fastq.gz... at [Thu Jul 4 01:38:12 AM CEST 2024]
[trimReads] Finished successfully at [Thu Jul 4 01:45:54 AM CEST 2024]
[fastQC] started on E14_72h_H3K4me3_ChIP_Yang2019_GSM3314700.fastq.gz E14_72h_H3K4me3_ChIP_Yang2019_GSM3314700_trimV5.fastq.gz at [Thu Jul 4 01:45:54 AM CEST 2024]
Started analysis of E14_72h_H3K4me3_ChIP_Yang2019_GSM3314700.fastq.gz
Started analysis of E14_72h_H3K4me3_ChIP_Yang2019_GSM3314700_trimV5.fastq.gz
Approx 5% complete for E14_72h_H3K4me3_ChIP_Yang2019_GSM3314700.fastq.gz
Approx 5% complete for E14_72h_H3K4me3_ChIP_Yang2019_GSM3314700_trimV5.fastq.gz
Approx 10% complete for E14_72h_H3K4me3_ChIP_Yang2019_GSM3314700_trimV5.fastq.gz
Approx 10% complete for E14_72h_H3K4me3_ChIP_Yang2019_GSM3314700.fastq.gz
Approx 15% complete for E14_72h_H3K4me3_ChIP_Yang2019_GSM3314700_trimV5.fastq.gz
Approx 15% complete for E14_72h_H3K4me3_ChIP_Yang2019_GSM3314700.fastq.gz
Approx 20% complete for E14_72h_H3K4me3_ChIP_Yang2019_GSM3314700_trimV5.fastq.gz
Approx 20% complete for E14_72h_H3K4me3_ChIP_Yang2019_GSM3314700.fastq.gz
Approx 25% complete for E14_72h_H3K4me3_ChIP_Yang2019_GSM3314700.fastq.gz
Approx 25% complete for E14_72h_H3K4me3_ChIP_Yang2019_GSM3314700_trimV5.fastq.gz
Approx 30% complete for E14_72h_H3K4me3_ChIP_Yang2019_GSM3314700_trimV5.fastq.gz
Approx 30% complete for E14_72h_H3K4me3_ChIP_Yang2019_GSM3314700.fastq.gz
Approx 35% complete for E14_72h_H3K4me3_ChIP_Yang2019_GSM3314700_trimV5.fastq.gz
Approx 35% complete for E14_72h_H3K4me3_ChIP_Yang2019_GSM3314700.fastq.gz
Approx 40% complete for E14_72h_H3K4me3_ChIP_Yang2019_GSM3314700_trimV5.fastq.gz
Approx 40% complete for E14_72h_H3K4me3_ChIP_Yang2019_GSM3314700.fastq.gz
Approx 45% complete for E14_72h_H3K4me3_ChIP_Yang2019_GSM3314700_trimV5.fastq.gz
Approx 45% complete for E14_72h_H3K4me3_ChIP_Yang2019_GSM3314700.fastq.gz
Approx 50% complete for E14_72h_H3K4me3_ChIP_Yang2019_GSM3314700_trimV5.fastq.gz
Approx 50% complete for E14_72h_H3K4me3_ChIP_Yang2019_GSM3314700.fastq.gz
Approx 55% complete for E14_72h_H3K4me3_ChIP_Yang2019_GSM3314700_trimV5.fastq.gz
Approx 55% complete for E14_72h_H3K4me3_ChIP_Yang2019_GSM3314700.fastq.gz
Approx 60% complete for E14_72h_H3K4me3_ChIP_Yang2019_GSM3314700_trimV5.fastq.gz
Approx 60% complete for E14_72h_H3K4me3_ChIP_Yang2019_GSM3314700.fastq.gz
Approx 65% complete for E14_72h_H3K4me3_ChIP_Yang2019_GSM3314700_trimV5.fastq.gz
Approx 65% complete for E14_72h_H3K4me3_ChIP_Yang2019_GSM3314700.fastq.gz
Approx 70% complete for E14_72h_H3K4me3_ChIP_Yang2019_GSM3314700_trimV5.fastq.gz
Approx 70% complete for E14_72h_H3K4me3_ChIP_Yang2019_GSM3314700.fastq.gz
Approx 75% complete for E14_72h_H3K4me3_ChIP_Yang2019_GSM3314700_trimV5.fastq.gz
Approx 75% complete for E14_72h_H3K4me3_ChIP_Yang2019_GSM3314700.fastq.gz
Approx 80% complete for E14_72h_H3K4me3_ChIP_Yang2019_GSM3314700_trimV5.fastq.gz
Approx 80% complete for E14_72h_H3K4me3_ChIP_Yang2019_GSM3314700.fastq.gz
Approx 85% complete for E14_72h_H3K4me3_ChIP_Yang2019_GSM3314700_trimV5.fastq.gz
Approx 85% complete for E14_72h_H3K4me3_ChIP_Yang2019_GSM3314700.fastq.gz
Approx 90% complete for E14_72h_H3K4me3_ChIP_Yang2019_GSM3314700_trimV5.fastq.gz
Approx 90% complete for E14_72h_H3K4me3_ChIP_Yang2019_GSM3314700.fastq.gz
Approx 95% complete for E14_72h_H3K4me3_ChIP_Yang2019_GSM3314700_trimV5.fastq.gz
Approx 95% complete for E14_72h_H3K4me3_ChIP_Yang2019_GSM3314700.fastq.gz
Analysis complete for E14_72h_H3K4me3_ChIP_Yang2019_GSM3314700_trimV5.fastq.gz
Analysis complete for E14_72h_H3K4me3_ChIP_Yang2019_GSM3314700.fastq.gz
[fastQC] finished succesfully at [Thu Jul 4 01:48:10 AM CEST 2024]
[bowtie2 alignment] started with reference /data/reference_genomes/mm10/mm10 at [Thu Jul 4 01:48:10 AM CEST 2024]
[alignment] Bowtie2 alignment finished successfully at [Thu Jul 4 02:01:57 AM CEST 2024]
[sam grooming] started at [Thu Jul 4 02:03:07 AM CEST 2024]
02:03:07.877 INFO  NativeLibraryLoader - Loading libgkl_compression.so from jar:file:/home/robin/bin/miniconda3/share/picard-2.26.2-0/picard.jar!/com/intel/gkl/native/libgkl_compression.so
[Thu Jul 04 02:03:08 CEST 2024] CleanSam --INPUT E14_72h_H3K4me3_ChIP_Yang2019_GSM3314700_raw.sam --OUTPUT E14_72h_H3K4me3_ChIP_Yang2019_GSM3314700_cleaned.sam --TMP_DIR . --VERBOSITY INFO --QUIET false --VALIDATION_STRINGENCY STRICT --COMPRESSION_LEVEL 5 --MAX_RECORDS_IN_RAM 500000 --CREATE_INDEX false --CREATE_MD5_FILE false --GA4GH_CLIENT_SECRETS client_secrets.json --help false --version false --showHidden false --USE_JDK_DEFLATER false --USE_JDK_INFLATER false
[Thu Jul 04 02:03:08 CEST 2024] Executing as robin@epipax.ijm.univ-paris-diderot.priv on Linux 6.1.0-21-amd64 amd64; OpenJDK 64-Bit Server VM 1.8.0_332-b09; Deflater: Intel; Inflater: Intel; Provider GCS is not available; Picard version: Version:2.26.2
INFO	2024-07-04 02:03:08	CleanSam	Seen many non-increasing record positions. Printing Read-names as well.
INFO	2024-07-04 02:03:13	CleanSam	Processed     1,000,000 records.  Elapsed time: 00:00:05s.  Time for last 1,000,000:    5s.  Last read position: chr17:24,489,027.  Last read name: SRR7624388.39530504
INFO	2024-07-04 02:03:18	CleanSam	Processed     2,000,000 records.  Elapsed time: 00:00:10s.  Time for last 1,000,000:    5s.  Last read position: chr18:37,954,521.  Last read name: SRR7624388.31728883
INFO	2024-07-04 02:03:24	CleanSam	Processed     3,000,000 records.  Elapsed time: 00:00:15s.  Time for last 1,000,000:    5s.  Last read position: chr3:89,430,081.  Last read name: SRR7624388.24437480
INFO	2024-07-04 02:03:29	CleanSam	Processed     4,000,000 records.  Elapsed time: 00:00:20s.  Time for last 1,000,000:    5s.  Last read position: chr2:151,632,707.  Last read name: SRR7624388.29366608
INFO	2024-07-04 02:03:34	CleanSam	Processed     5,000,000 records.  Elapsed time: 00:00:25s.  Time for last 1,000,000:    5s.  Last read position: chr19:23,143,872.  Last read name: SRR7624388.29187613
INFO	2024-07-04 02:03:39	CleanSam	Processed     6,000,000 records.  Elapsed time: 00:00:30s.  Time for last 1,000,000:    4s.  Last read position: chr4:108,459,336.  Last read name: SRR7624388.14566261
INFO	2024-07-04 02:03:43	CleanSam	Processed     7,000,000 records.  Elapsed time: 00:00:35s.  Time for last 1,000,000:    4s.  Last read position: chr6:120,579,874.  Last read name: SRR7624388.29841848
INFO	2024-07-04 02:03:48	CleanSam	Processed     8,000,000 records.  Elapsed time: 00:00:40s.  Time for last 1,000,000:    4s.  Last read position: chr11:58,949,518.  Last read name: SRR7624388.28519355
INFO	2024-07-04 02:03:53	CleanSam	Processed     9,000,000 records.  Elapsed time: 00:00:45s.  Time for last 1,000,000:    4s.  Last read position: chr4:155,784,419.  Last read name: SRR7624388.40141041
INFO	2024-07-04 02:03:58	CleanSam	Processed    10,000,000 records.  Elapsed time: 00:00:50s.  Time for last 1,000,000:    4s.  Last read position: chr3:19,095,954.  Last read name: SRR7624388.17120874
INFO	2024-07-04 02:04:03	CleanSam	Processed    11,000,000 records.  Elapsed time: 00:00:55s.  Time for last 1,000,000:    4s.  Last read position: chr2:105,224,064.  Last read name: SRR7624388.14321739
INFO	2024-07-04 02:04:08	CleanSam	Processed    12,000,000 records.  Elapsed time: 00:01:00s.  Time for last 1,000,000:    4s.  Last read position: chr15:80,978,144.  Last read name: SRR7624388.717139
INFO	2024-07-04 02:04:13	CleanSam	Processed    13,000,000 records.  Elapsed time: 00:01:04s.  Time for last 1,000,000:    4s.  Last read position: chr19:8,954,116.  Last read name: SRR7624388.16880662
INFO	2024-07-04 02:04:18	CleanSam	Processed    14,000,000 records.  Elapsed time: 00:01:09s.  Time for last 1,000,000:    4s.  Last read position: chr12:17,324,474.  Last read name: SRR7624388.39141859
INFO	2024-07-04 02:04:23	CleanSam	Processed    15,000,000 records.  Elapsed time: 00:01:14s.  Time for last 1,000,000:    4s.  Last read position: chr2:10,080,208.  Last read name: SRR7624388.6311472
INFO	2024-07-04 02:04:27	CleanSam	Processed    16,000,000 records.  Elapsed time: 00:01:19s.  Time for last 1,000,000:    4s.  Last read position: chr3:4,162,225.  Last read name: SRR7624388.38312881
INFO	2024-07-04 02:04:32	CleanSam	Processed    17,000,000 records.  Elapsed time: 00:01:24s.  Time for last 1,000,000:    4s.  Last read position: */*.  Last read name: SRR7624388.10238195
INFO	2024-07-04 02:04:37	CleanSam	Processed    18,000,000 records.  Elapsed time: 00:01:29s.  Time for last 1,000,000:    4s.  Last read position: chr5:147,308,997.  Last read name: SRR7624388.34954962
INFO	2024-07-04 02:04:42	CleanSam	Processed    19,000,000 records.  Elapsed time: 00:01:34s.  Time for last 1,000,000:    4s.  Last read position: chr18:57,554,206.  Last read name: SRR7624388.11408877
INFO	2024-07-04 02:04:47	CleanSam	Processed    20,000,000 records.  Elapsed time: 00:01:39s.  Time for last 1,000,000:    4s.  Last read position: chr4:120,731,266.  Last read name: SRR7624388.42731918
INFO	2024-07-04 02:04:52	CleanSam	Processed    21,000,000 records.  Elapsed time: 00:01:44s.  Time for last 1,000,000:    4s.  Last read position: chr2:94,010,825.  Last read name: SRR7624388.31895252
INFO	2024-07-04 02:04:57	CleanSam	Processed    22,000,000 records.  Elapsed time: 00:01:49s.  Time for last 1,000,000:    4s.  Last read position: chr7:118,855,900.  Last read name: SRR7624388.4528274
INFO	2024-07-04 02:05:02	CleanSam	Processed    23,000,000 records.  Elapsed time: 00:01:54s.  Time for last 1,000,000:    5s.  Last read position: chr13:44,731,343.  Last read name: SRR7624388.13705829
INFO	2024-07-04 02:05:07	CleanSam	Processed    24,000,000 records.  Elapsed time: 00:01:58s.  Time for last 1,000,000:    4s.  Last read position: chr15:99,771,907.  Last read name: SRR7624388.11200441
INFO	2024-07-04 02:05:11	CleanSam	Processed    25,000,000 records.  Elapsed time: 00:02:03s.  Time for last 1,000,000:    4s.  Last read position: chr17:35,240,686.  Last read name: SRR7624388.870256
INFO	2024-07-04 02:05:16	CleanSam	Processed    26,000,000 records.  Elapsed time: 00:02:08s.  Time for last 1,000,000:    4s.  Last read position: chr5:60,234,897.  Last read name: SRR7624388.6730231
INFO	2024-07-04 02:05:21	CleanSam	Processed    27,000,000 records.  Elapsed time: 00:02:13s.  Time for last 1,000,000:    4s.  Last read position: chr4:86,875,381.  Last read name: SRR7624388.19807557
INFO	2024-07-04 02:05:26	CleanSam	Processed    28,000,000 records.  Elapsed time: 00:02:18s.  Time for last 1,000,000:    5s.  Last read position: chr10:108,161,765.  Last read name: SRR7624388.10700861
INFO	2024-07-04 02:05:31	CleanSam	Processed    29,000,000 records.  Elapsed time: 00:02:23s.  Time for last 1,000,000:    5s.  Last read position: chr9:100,545,884.  Last read name: SRR7624388.27603951
INFO	2024-07-04 02:05:36	CleanSam	Processed    30,000,000 records.  Elapsed time: 00:02:28s.  Time for last 1,000,000:    4s.  Last read position: chr19:44,069,334.  Last read name: SRR7624388.42352531
[Thu Jul 04 02:05:44 CEST 2024] picard.sam.CleanSam done. Elapsed time: 2.62 minutes.
Runtime.totalMemory()=1073217536
02:05:46.366 INFO  NativeLibraryLoader - Loading libgkl_compression.so from jar:file:/home/robin/bin/miniconda3/share/picard-2.26.2-0/picard.jar!/com/intel/gkl/native/libgkl_compression.so
[Thu Jul 04 02:05:46 CEST 2024] SamFormatConverter --INPUT E14_72h_H3K4me3_ChIP_Yang2019_GSM3314700_cleaned.sam --OUTPUT E14_72h_H3K4me3_ChIP_Yang2019_GSM3314700_unsorted.bam --TMP_DIR . --VERBOSITY INFO --QUIET false --VALIDATION_STRINGENCY STRICT --COMPRESSION_LEVEL 5 --MAX_RECORDS_IN_RAM 500000 --CREATE_INDEX false --CREATE_MD5_FILE false --GA4GH_CLIENT_SECRETS client_secrets.json --help false --version false --showHidden false --USE_JDK_DEFLATER false --USE_JDK_INFLATER false
[Thu Jul 04 02:05:46 CEST 2024] Executing as robin@epipax.ijm.univ-paris-diderot.priv on Linux 6.1.0-21-amd64 amd64; OpenJDK 64-Bit Server VM 1.8.0_332-b09; Deflater: Intel; Inflater: Intel; Provider GCS is not available; Picard version: Version:2.26.2
INFO	2024-07-04 02:05:47	SamFormatConverter	Seen many non-increasing record positions. Printing Read-names as well.
INFO	2024-07-04 02:05:55	SamFormatConverter	Processed     1,000,000 records.  Elapsed time: 00:00:08s.  Time for last 1,000,000:    8s.  Last read position: chr17:24,489,027.  Last read name: SRR7624388.39530504
INFO	2024-07-04 02:06:03	SamFormatConverter	Processed     2,000,000 records.  Elapsed time: 00:00:15s.  Time for last 1,000,000:    7s.  Last read position: chr18:37,954,521.  Last read name: SRR7624388.31728883
INFO	2024-07-04 02:06:10	SamFormatConverter	Processed     3,000,000 records.  Elapsed time: 00:00:23s.  Time for last 1,000,000:    7s.  Last read position: chr3:89,430,081.  Last read name: SRR7624388.24437480
INFO	2024-07-04 02:06:18	SamFormatConverter	Processed     4,000,000 records.  Elapsed time: 00:00:31s.  Time for last 1,000,000:    7s.  Last read position: chr2:151,632,707.  Last read name: SRR7624388.29366608
INFO	2024-07-04 02:06:26	SamFormatConverter	Processed     5,000,000 records.  Elapsed time: 00:00:39s.  Time for last 1,000,000:    7s.  Last read position: chr19:23,143,872.  Last read name: SRR7624388.29187613
INFO	2024-07-04 02:06:33	SamFormatConverter	Processed     6,000,000 records.  Elapsed time: 00:00:46s.  Time for last 1,000,000:    7s.  Last read position: chr4:108,459,336.  Last read name: SRR7624388.14566261
INFO	2024-07-04 02:06:41	SamFormatConverter	Processed     7,000,000 records.  Elapsed time: 00:00:54s.  Time for last 1,000,000:    7s.  Last read position: chr6:120,579,874.  Last read name: SRR7624388.29841848
INFO	2024-07-04 02:06:48	SamFormatConverter	Processed     8,000,000 records.  Elapsed time: 00:01:01s.  Time for last 1,000,000:    7s.  Last read position: chr11:58,949,518.  Last read name: SRR7624388.28519355
INFO	2024-07-04 02:06:56	SamFormatConverter	Processed     9,000,000 records.  Elapsed time: 00:01:09s.  Time for last 1,000,000:    8s.  Last read position: chr4:155,784,419.  Last read name: SRR7624388.40141041
INFO	2024-07-04 02:07:04	SamFormatConverter	Processed    10,000,000 records.  Elapsed time: 00:01:17s.  Time for last 1,000,000:    7s.  Last read position: chr3:19,095,954.  Last read name: SRR7624388.17120874
INFO	2024-07-04 02:07:12	SamFormatConverter	Processed    11,000,000 records.  Elapsed time: 00:01:25s.  Time for last 1,000,000:    7s.  Last read position: chr2:105,224,064.  Last read name: SRR7624388.14321739
INFO	2024-07-04 02:07:20	SamFormatConverter	Processed    12,000,000 records.  Elapsed time: 00:01:33s.  Time for last 1,000,000:    7s.  Last read position: chr15:80,978,144.  Last read name: SRR7624388.717139
INFO	2024-07-04 02:07:28	SamFormatConverter	Processed    13,000,000 records.  Elapsed time: 00:01:40s.  Time for last 1,000,000:    7s.  Last read position: chr19:8,954,116.  Last read name: SRR7624388.16880662
INFO	2024-07-04 02:07:36	SamFormatConverter	Processed    14,000,000 records.  Elapsed time: 00:01:48s.  Time for last 1,000,000:    7s.  Last read position: chr12:17,324,474.  Last read name: SRR7624388.39141859
INFO	2024-07-04 02:07:43	SamFormatConverter	Processed    15,000,000 records.  Elapsed time: 00:01:56s.  Time for last 1,000,000:    7s.  Last read position: chr2:10,080,208.  Last read name: SRR7624388.6311472
INFO	2024-07-04 02:07:53	SamFormatConverter	Processed    16,000,000 records.  Elapsed time: 00:02:06s.  Time for last 1,000,000:    9s.  Last read position: chr3:4,162,225.  Last read name: SRR7624388.38312881
INFO	2024-07-04 02:08:01	SamFormatConverter	Processed    17,000,000 records.  Elapsed time: 00:02:14s.  Time for last 1,000,000:    7s.  Last read position: */*.  Last read name: SRR7624388.10238195
INFO	2024-07-04 02:08:08	SamFormatConverter	Processed    18,000,000 records.  Elapsed time: 00:02:21s.  Time for last 1,000,000:    7s.  Last read position: chr5:147,308,997.  Last read name: SRR7624388.34954962
INFO	2024-07-04 02:08:16	SamFormatConverter	Processed    19,000,000 records.  Elapsed time: 00:02:29s.  Time for last 1,000,000:    7s.  Last read position: chr18:57,554,206.  Last read name: SRR7624388.11408877
INFO	2024-07-04 02:08:24	SamFormatConverter	Processed    20,000,000 records.  Elapsed time: 00:02:36s.  Time for last 1,000,000:    7s.  Last read position: chr4:120,731,266.  Last read name: SRR7624388.42731918
INFO	2024-07-04 02:08:31	SamFormatConverter	Processed    21,000,000 records.  Elapsed time: 00:02:44s.  Time for last 1,000,000:    7s.  Last read position: chr2:94,010,825.  Last read name: SRR7624388.31895252
INFO	2024-07-04 02:08:39	SamFormatConverter	Processed    22,000,000 records.  Elapsed time: 00:02:52s.  Time for last 1,000,000:    7s.  Last read position: chr7:118,855,900.  Last read name: SRR7624388.4528274
INFO	2024-07-04 02:08:46	SamFormatConverter	Processed    23,000,000 records.  Elapsed time: 00:02:59s.  Time for last 1,000,000:    7s.  Last read position: chr13:44,731,343.  Last read name: SRR7624388.13705829
INFO	2024-07-04 02:08:54	SamFormatConverter	Processed    24,000,000 records.  Elapsed time: 00:03:07s.  Time for last 1,000,000:    7s.  Last read position: chr15:99,771,907.  Last read name: SRR7624388.11200441
INFO	2024-07-04 02:09:02	SamFormatConverter	Processed    25,000,000 records.  Elapsed time: 00:03:14s.  Time for last 1,000,000:    7s.  Last read position: chr17:35,240,686.  Last read name: SRR7624388.870256
INFO	2024-07-04 02:09:09	SamFormatConverter	Processed    26,000,000 records.  Elapsed time: 00:03:22s.  Time for last 1,000,000:    7s.  Last read position: chr5:60,234,897.  Last read name: SRR7624388.6730231
INFO	2024-07-04 02:09:17	SamFormatConverter	Processed    27,000,000 records.  Elapsed time: 00:03:30s.  Time for last 1,000,000:    7s.  Last read position: chr4:86,875,381.  Last read name: SRR7624388.19807557
INFO	2024-07-04 02:09:24	SamFormatConverter	Processed    28,000,000 records.  Elapsed time: 00:03:37s.  Time for last 1,000,000:    7s.  Last read position: chr10:108,161,765.  Last read name: SRR7624388.10700861
INFO	2024-07-04 02:09:32	SamFormatConverter	Processed    29,000,000 records.  Elapsed time: 00:03:45s.  Time for last 1,000,000:    7s.  Last read position: chr9:100,545,884.  Last read name: SRR7624388.27603951
INFO	2024-07-04 02:09:40	SamFormatConverter	Processed    30,000,000 records.  Elapsed time: 00:03:52s.  Time for last 1,000,000:    7s.  Last read position: chr19:44,069,334.  Last read name: SRR7624388.42352531
[Thu Jul 04 02:09:44 CEST 2024] picard.sam.SamFormatConverter done. Elapsed time: 3.97 minutes.
Runtime.totalMemory()=598736896
02:09:46.376 INFO  NativeLibraryLoader - Loading libgkl_compression.so from jar:file:/home/robin/bin/miniconda3/share/picard-2.26.2-0/picard.jar!/com/intel/gkl/native/libgkl_compression.so
[Thu Jul 04 02:09:46 CEST 2024] SortSam --INPUT E14_72h_H3K4me3_ChIP_Yang2019_GSM3314700_unsorted.bam --OUTPUT E14_72h_H3K4me3_ChIP_Yang2019_GSM3314700_sorted.bam --SORT_ORDER coordinate --TMP_DIR . --VERBOSITY INFO --QUIET false --VALIDATION_STRINGENCY STRICT --COMPRESSION_LEVEL 5 --MAX_RECORDS_IN_RAM 500000 --CREATE_INDEX false --CREATE_MD5_FILE false --GA4GH_CLIENT_SECRETS client_secrets.json --help false --version false --showHidden false --USE_JDK_DEFLATER false --USE_JDK_INFLATER false
[Thu Jul 04 02:09:46 CEST 2024] Executing as robin@epipax.ijm.univ-paris-diderot.priv on Linux 6.1.0-21-amd64 amd64; OpenJDK 64-Bit Server VM 1.8.0_332-b09; Deflater: Intel; Inflater: Intel; Provider GCS is not available; Picard version: Version:2.26.2
INFO	2024-07-04 02:09:46	SortSam	Seen many non-increasing record positions. Printing Read-names as well.
INFO	2024-07-04 02:10:45	SortSam	Read    10,000,000 records.  Elapsed time: 00:00:59s.  Time for last 10,000,000:   59s.  Last read position: chr3:19,095,954.  Last read name: SRR7624388.17120874
INFO	2024-07-04 02:11:47	SortSam	Read    20,000,000 records.  Elapsed time: 00:02:00s.  Time for last 10,000,000:   61s.  Last read position: chr4:120,731,266.  Last read name: SRR7624388.42731918
INFO	2024-07-04 02:12:46	SortSam	Read    30,000,000 records.  Elapsed time: 00:03:00s.  Time for last 10,000,000:   59s.  Last read position: chr19:44,069,334.  Last read name: SRR7624388.42352531
INFO	2024-07-04 02:12:48	SortSam	Finished reading inputs, merging and writing to output now.
INFO	2024-07-04 02:13:33	SortSam	Wrote    10,000,000 records from a sorting collection.  Elapsed time: 00:03:46s.  Time for last 10,000,000:   43s.  Last read position: chr6:62,731,090
INFO	2024-07-04 02:14:17	SortSam	Wrote    20,000,000 records from a sorting collection.  Elapsed time: 00:04:30s.  Time for last 10,000,000:   43s.  Last read position: chr12:41,717,125
INFO	2024-07-04 02:15:02	SortSam	Wrote    30,000,000 records from a sorting collection.  Elapsed time: 00:05:15s.  Time for last 10,000,000:   45s.  Last read position: */*
[Thu Jul 04 02:15:03 CEST 2024] picard.sam.SortSam done. Elapsed time: 5.29 minutes.
Runtime.totalMemory()=1702887424
02:15:04.855 INFO  NativeLibraryLoader - Loading libgkl_compression.so from jar:file:/home/robin/bin/miniconda3/share/picard-2.26.2-0/picard.jar!/com/intel/gkl/native/libgkl_compression.so
[Thu Jul 04 02:15:04 CEST 2024] MarkDuplicates --INPUT E14_72h_H3K4me3_ChIP_Yang2019_GSM3314700_sorted.bam --OUTPUT E14_72h_H3K4me3_ChIP_Yang2019_GSM3314700.bam --METRICS_FILE E14_72h_H3K4me3_ChIP_Yang2019_GSM3314700_markDupeMetrics.txt --REMOVE_DUPLICATES false --TMP_DIR . --MAX_SEQUENCES_FOR_DISK_READ_ENDS_MAP 50000 --MAX_FILE_HANDLES_FOR_READ_ENDS_MAP 8000 --SORTING_COLLECTION_SIZE_RATIO 0.25 --TAG_DUPLICATE_SET_MEMBERS false --REMOVE_SEQUENCING_DUPLICATES false --TAGGING_POLICY DontTag --CLEAR_DT true --DUPLEX_UMI false --ADD_PG_TAG_TO_READS true --ASSUME_SORTED false --DUPLICATE_SCORING_STRATEGY SUM_OF_BASE_QUALITIES --PROGRAM_RECORD_ID MarkDuplicates --PROGRAM_GROUP_NAME MarkDuplicates --READ_NAME_REGEX <optimized capture of last three ':' separated fields as numeric values> --OPTICAL_DUPLICATE_PIXEL_DISTANCE 100 --MAX_OPTICAL_DUPLICATE_SET_SIZE 300000 --VERBOSITY INFO --QUIET false --VALIDATION_STRINGENCY STRICT --COMPRESSION_LEVEL 5 --MAX_RECORDS_IN_RAM 500000 --CREATE_INDEX false --CREATE_MD5_FILE false --GA4GH_CLIENT_SECRETS client_secrets.json --help false --version false --showHidden false --USE_JDK_DEFLATER false --USE_JDK_INFLATER false
[Thu Jul 04 02:15:04 CEST 2024] Executing as robin@epipax.ijm.univ-paris-diderot.priv on Linux 6.1.0-21-amd64 amd64; OpenJDK 64-Bit Server VM 1.8.0_332-b09; Deflater: Intel; Inflater: Intel; Provider GCS is not available; Picard version: Version:2.26.2
INFO	2024-07-04 02:15:04	MarkDuplicates	Start of doWork freeMemory: 501502296; totalMemory: 514850816; maxMemory: 1908932608
INFO	2024-07-04 02:15:04	MarkDuplicates	Reading input file and constructing read end information.
INFO	2024-07-04 02:15:04	MarkDuplicates	Will retain up to 6916422 data points before spilling to disk.
WARNING	2024-07-04 02:15:05	AbstractOpticalDuplicateFinderCommandLineProgram	A field field parsed out of a read name was expected to contain an integer and did not. Read name: SRR7624388.25198698. Cause: String 'SRR7624388.25198698' did not start with a parsable number.
INFO	2024-07-04 02:15:09	MarkDuplicates	Read     1,000,000 records.  Elapsed time: 00:00:04s.  Time for last 1,000,000:    4s.  Last read position: chr1:119,093,850
INFO	2024-07-04 02:15:09	MarkDuplicates	Tracking 0 as yet unmatched pairs. 0 records in RAM.
INFO	2024-07-04 02:15:13	MarkDuplicates	Read     2,000,000 records.  Elapsed time: 00:00:08s.  Time for last 1,000,000:    3s.  Last read position: chr2:23,906,088
INFO	2024-07-04 02:15:13	MarkDuplicates	Tracking 0 as yet unmatched pairs. 0 records in RAM.
INFO	2024-07-04 02:15:16	MarkDuplicates	Read     3,000,000 records.  Elapsed time: 00:00:11s.  Time for last 1,000,000:    3s.  Last read position: chr2:98,667,123
INFO	2024-07-04 02:15:16	MarkDuplicates	Tracking 0 as yet unmatched pairs. 0 records in RAM.
INFO	2024-07-04 02:15:20	MarkDuplicates	Read     4,000,000 records.  Elapsed time: 00:00:15s.  Time for last 1,000,000:    3s.  Last read position: chr2:170,511,417
INFO	2024-07-04 02:15:20	MarkDuplicates	Tracking 0 as yet unmatched pairs. 0 records in RAM.
INFO	2024-07-04 02:15:27	MarkDuplicates	Read     5,000,000 records.  Elapsed time: 00:00:22s.  Time for last 1,000,000:    6s.  Last read position: chr3:94,895,423
INFO	2024-07-04 02:15:27	MarkDuplicates	Tracking 0 as yet unmatched pairs. 0 records in RAM.
INFO	2024-07-04 02:15:30	MarkDuplicates	Read     6,000,000 records.  Elapsed time: 00:00:25s.  Time for last 1,000,000:    3s.  Last read position: chr4:43,399,315
INFO	2024-07-04 02:15:30	MarkDuplicates	Tracking 0 as yet unmatched pairs. 0 records in RAM.
INFO	2024-07-04 02:15:37	MarkDuplicates	Read     7,000,000 records.  Elapsed time: 00:00:32s.  Time for last 1,000,000:    6s.  Last read position: chr4:132,509,497
INFO	2024-07-04 02:15:37	MarkDuplicates	Tracking 0 as yet unmatched pairs. 0 records in RAM.
INFO	2024-07-04 02:15:40	MarkDuplicates	Read     8,000,000 records.  Elapsed time: 00:00:35s.  Time for last 1,000,000:    3s.  Last read position: chr5:36,869,906
INFO	2024-07-04 02:15:40	MarkDuplicates	Tracking 0 as yet unmatched pairs. 0 records in RAM.
INFO	2024-07-04 02:15:44	MarkDuplicates	Read     9,000,000 records.  Elapsed time: 00:00:39s.  Time for last 1,000,000:    3s.  Last read position: chr5:128,179,864
INFO	2024-07-04 02:15:44	MarkDuplicates	Tracking 0 as yet unmatched pairs. 0 records in RAM.
INFO	2024-07-04 02:15:47	MarkDuplicates	Read    10,000,000 records.  Elapsed time: 00:00:42s.  Time for last 1,000,000:    3s.  Last read position: chr6:62,731,090
INFO	2024-07-04 02:15:47	MarkDuplicates	Tracking 0 as yet unmatched pairs. 0 records in RAM.
INFO	2024-07-04 02:15:51	MarkDuplicates	Read    11,000,000 records.  Elapsed time: 00:00:46s.  Time for last 1,000,000:    3s.  Last read position: chr7:6,176,831
INFO	2024-07-04 02:15:51	MarkDuplicates	Tracking 0 as yet unmatched pairs. 0 records in RAM.
INFO	2024-07-04 02:15:54	MarkDuplicates	Read    12,000,000 records.  Elapsed time: 00:00:49s.  Time for last 1,000,000:    3s.  Last read position: chr7:73,566,050
INFO	2024-07-04 02:15:54	MarkDuplicates	Tracking 0 as yet unmatched pairs. 0 records in RAM.
INFO	2024-07-04 02:16:01	MarkDuplicates	Read    13,000,000 records.  Elapsed time: 00:00:56s.  Time for last 1,000,000:    6s.  Last read position: chr8:11,757,604
INFO	2024-07-04 02:16:01	MarkDuplicates	Tracking 0 as yet unmatched pairs. 0 records in RAM.
INFO	2024-07-04 02:16:06	MarkDuplicates	Read    14,000,000 records.  Elapsed time: 00:01:01s.  Time for last 1,000,000:    5s.  Last read position: chr8:102,812,200
INFO	2024-07-04 02:16:06	MarkDuplicates	Tracking 0 as yet unmatched pairs. 0 records in RAM.
INFO	2024-07-04 02:16:09	MarkDuplicates	Read    15,000,000 records.  Elapsed time: 00:01:04s.  Time for last 1,000,000:    3s.  Last read position: chr9:44,335,870
INFO	2024-07-04 02:16:09	MarkDuplicates	Tracking 0 as yet unmatched pairs. 0 records in RAM.
INFO	2024-07-04 02:16:13	MarkDuplicates	Read    16,000,000 records.  Elapsed time: 00:01:08s.  Time for last 1,000,000:    3s.  Last read position: chr9:119,217,871
INFO	2024-07-04 02:16:13	MarkDuplicates	Tracking 0 as yet unmatched pairs. 0 records in RAM.
INFO	2024-07-04 02:16:16	MarkDuplicates	Read    17,000,000 records.  Elapsed time: 00:01:11s.  Time for last 1,000,000:    3s.  Last read position: chr10:81,431,406
INFO	2024-07-04 02:16:16	MarkDuplicates	Tracking 0 as yet unmatched pairs. 0 records in RAM.
INFO	2024-07-04 02:16:22	MarkDuplicates	Read    18,000,000 records.  Elapsed time: 00:01:17s.  Time for last 1,000,000:    6s.  Last read position: chr11:48,800,124
INFO	2024-07-04 02:16:22	MarkDuplicates	Tracking 0 as yet unmatched pairs. 0 records in RAM.
INFO	2024-07-04 02:16:25	MarkDuplicates	Read    19,000,000 records.  Elapsed time: 00:01:20s.  Time for last 1,000,000:    3s.  Last read position: chr11:97,500,813
INFO	2024-07-04 02:16:25	MarkDuplicates	Tracking 0 as yet unmatched pairs. 0 records in RAM.
INFO	2024-07-04 02:16:29	MarkDuplicates	Read    20,000,000 records.  Elapsed time: 00:01:24s.  Time for last 1,000,000:    3s.  Last read position: chr12:41,717,125
INFO	2024-07-04 02:16:29	MarkDuplicates	Tracking 0 as yet unmatched pairs. 0 records in RAM.
INFO	2024-07-04 02:16:34	MarkDuplicates	Read    21,000,000 records.  Elapsed time: 00:01:29s.  Time for last 1,000,000:    5s.  Last read position: chr13:21,363,996
INFO	2024-07-04 02:16:34	MarkDuplicates	Tracking 0 as yet unmatched pairs. 0 records in RAM.
INFO	2024-07-04 02:16:38	MarkDuplicates	Read    22,000,000 records.  Elapsed time: 00:01:33s.  Time for last 1,000,000:    3s.  Last read position: chr13:107,451,764
INFO	2024-07-04 02:16:38	MarkDuplicates	Tracking 0 as yet unmatched pairs. 0 records in RAM.
INFO	2024-07-04 02:16:41	MarkDuplicates	Read    23,000,000 records.  Elapsed time: 00:01:36s.  Time for last 1,000,000:    3s.  Last read position: chr14:69,732,703
INFO	2024-07-04 02:16:41	MarkDuplicates	Tracking 0 as yet unmatched pairs. 0 records in RAM.
INFO	2024-07-04 02:16:45	MarkDuplicates	Read    24,000,000 records.  Elapsed time: 00:01:39s.  Time for last 1,000,000:    3s.  Last read position: chr15:78,802,436
INFO	2024-07-04 02:16:45	MarkDuplicates	Tracking 0 as yet unmatched pairs. 0 records in RAM.
INFO	2024-07-04 02:16:50	MarkDuplicates	Read    25,000,000 records.  Elapsed time: 00:01:45s.  Time for last 1,000,000:    5s.  Last read position: chr16:36,116,682
INFO	2024-07-04 02:16:50	MarkDuplicates	Tracking 0 as yet unmatched pairs. 0 records in RAM.
INFO	2024-07-04 02:16:53	MarkDuplicates	Read    26,000,000 records.  Elapsed time: 00:01:48s.  Time for last 1,000,000:    3s.  Last read position: chr17:33,394,339
INFO	2024-07-04 02:16:53	MarkDuplicates	Tracking 0 as yet unmatched pairs. 0 records in RAM.
INFO	2024-07-04 02:16:56	MarkDuplicates	Read    27,000,000 records.  Elapsed time: 00:01:51s.  Time for last 1,000,000:    3s.  Last read position: chr18:29,189,116
INFO	2024-07-04 02:16:56	MarkDuplicates	Tracking 0 as yet unmatched pairs. 0 records in RAM.
INFO	2024-07-04 02:17:02	MarkDuplicates	Read    28,000,000 records.  Elapsed time: 00:01:56s.  Time for last 1,000,000:    5s.  Last read position: chr19:21,564,152
INFO	2024-07-04 02:17:02	MarkDuplicates	Tracking 0 as yet unmatched pairs. 0 records in RAM.
INFO	2024-07-04 02:17:05	MarkDuplicates	Read    29,000,000 records.  Elapsed time: 00:02:00s.  Time for last 1,000,000:    3s.  Last read position: chrX:94,831,777
INFO	2024-07-04 02:17:05	MarkDuplicates	Tracking 0 as yet unmatched pairs. 0 records in RAM.
INFO	2024-07-04 02:17:08	MarkDuplicates	Read 29920693 records. 0 pairs never matched.
INFO	2024-07-04 02:17:09	MarkDuplicates	After buildSortedReadEndLists freeMemory: 1493819744; totalMemory: 1539309568; maxMemory: 1908932608
INFO	2024-07-04 02:17:09	MarkDuplicates	Will retain up to 59654144 duplicate indices before spilling to disk.
INFO	2024-07-04 02:17:09	MarkDuplicates	Traversing read pair information and detecting duplicates.
INFO	2024-07-04 02:17:09	MarkDuplicates	Traversing fragment information and detecting duplicates.
INFO	2024-07-04 02:17:16	MarkDuplicates	Sorting list of duplicate records.
INFO	2024-07-04 02:17:16	MarkDuplicates	After generateDuplicateIndexes freeMemory: 1055879776; totalMemory: 1550319616; maxMemory: 1908932608
INFO	2024-07-04 02:17:16	MarkDuplicates	Marking 610115 records as duplicates.
INFO	2024-07-04 02:17:16	MarkDuplicates	Found 0 optical duplicate clusters.
INFO	2024-07-04 02:17:16	MarkDuplicates	Reads are assumed to be ordered by: coordinate
INFO	2024-07-04 02:18:19	MarkDuplicates	Written    10,000,000 records.  Elapsed time: 00:01:02s.  Time for last 10,000,000:   62s.  Last read position: chr6:62,731,090
INFO	2024-07-04 02:19:18	MarkDuplicates	Written    20,000,000 records.  Elapsed time: 00:02:01s.  Time for last 10,000,000:   59s.  Last read position: chr12:41,717,125
INFO	2024-07-04 02:20:20	MarkDuplicates	Written    30,000,000 records.  Elapsed time: 00:03:03s.  Time for last 10,000,000:   61s.  Last read position: */*
INFO	2024-07-04 02:20:21	MarkDuplicates	Writing complete. Closing input iterator.
INFO	2024-07-04 02:20:21	MarkDuplicates	Duplicate Index cleanup.
INFO	2024-07-04 02:20:21	MarkDuplicates	Getting Memory Stats.
INFO	2024-07-04 02:20:21	MarkDuplicates	Before output close freeMemory: 1562668472; totalMemory: 1581252608; maxMemory: 1908932608
INFO	2024-07-04 02:20:21	MarkDuplicates	Closed outputs. Getting more Memory Stats.
INFO	2024-07-04 02:20:21	MarkDuplicates	After output close freeMemory: 1562668472; totalMemory: 1581252608; maxMemory: 1908932608
[Thu Jul 04 02:20:21 CEST 2024] picard.sam.markduplicates.MarkDuplicates done. Elapsed time: 5.28 minutes.
Runtime.totalMemory()=1581252608
[sam grooming] finished successfully at [Thu Jul 4 02:20:28 AM CEST 2024]
[trueStats] Collecting alignment statistics for E14_72h_H3K4me3_ChIP_Yang2019_GSM3314700.bam at [Thu Jul 4 02:21:05 AM CEST 2024]
[bamToWigCPMsmoothKeepDup] Started with bin size: 1 and smoothing over 0 bp and KEEPING DUPLICATES at [Thu Jul 4 02:23:33 AM CEST 2024]
There are 28714307 alignments, of which 464078 are completely within a blacklist region.
Due to filtering, 89.3090921066311% of the aforementioned alignments will be used 25230023.03794421
[bamToWigCPMsmoothKeepDup] finished successfully at [Thu Jul 4 02:39:27 AM CEST 2024]
[file cleanup] started. Good job! at [Thu Jul 4 02:39:27 AM CEST 2024]
cp: cannot stat '*.pdf': No such file or directory
mv: cannot stat '*.bed': No such file or directory
mv: preserving times for '/data/bigWigs/E14_72h_H3K4me3_ChIP_Yang2019_GSM3314700_trimV5_mm10_kpDup_q10_b1_s0_CPM.bw': Operation not permitted
mv: preserving permissions for ‘/data/bigWigs/E14_72h_H3K4me3_ChIP_Yang2019_GSM3314700_trimV5_mm10_kpDup_q10_b1_s0_CPM.bw’: Operation not permitted
mv: preserving times for '/data/bams/E14_72h_H3K4me3_ChIP_Yang2019_GSM3314700_trimV5_mm10.bam': Operation not permitted
mv: preserving permissions for ‘/data/bams/E14_72h_H3K4me3_ChIP_Yang2019_GSM3314700_trimV5_mm10.bam’: Operation not permitted
mv: preserving times for '/data/bams/E14_72h_H3K4me3_ChIP_Yang2019_GSM3314700_trimV5_mm10.bam.bai': Operation not permitted
mv: preserving permissions for ‘/data/bams/E14_72h_H3K4me3_ChIP_Yang2019_GSM3314700_trimV5_mm10.bam.bai’: Operation not permitted
mv: cannot stat '*.gtf': No such file or directory
