SCRATCH: /scratch
ls: cannot access '/data/fastq/E14_12h_H3K27ac_ChIP_Yang2019_GSM3314704*_R2.fastq.gz': No such file or directory
[masterDownload] Data are single-end. at [Wed Jul 3 06:27:03 PM CEST 2024]
[checkDependencies] Checking Dependencies [Wed Jul 3 06:27:03 PM CEST 2024] at [Wed Jul 3 06:27:03 PM CEST 2024]
[setup checkDependencies] trimmomatic... at [Wed Jul 3 06:27:03 PM CEST 2024]
[setup checkDependencies] STAR... at [Wed Jul 3 06:27:03 PM CEST 2024]
[setup checkDependencies] bismark... at [Wed Jul 3 06:27:03 PM CEST 2024]
[setup checkDependencies] bowtie2... at [Wed Jul 3 06:27:03 PM CEST 2024]
[setup checkDependencies] samtools... at [Wed Jul 3 06:27:03 PM CEST 2024]
[setup checkDependencies] picard... at [Wed Jul 3 06:27:03 PM CEST 2024]
[setup checkDependencies] awk... at [Wed Jul 3 06:27:03 PM CEST 2024]
[setup checkDependencies] bamCoverage... at [Wed Jul 3 06:27:03 PM CEST 2024]
[setup checkDependencies] fastqc... at [Wed Jul 3 06:27:03 PM CEST 2024]
[setup checkDependencies] fastq_screen... at [Wed Jul 3 06:27:03 PM CEST 2024]
[setup checkDependencies] stringtie... at [Wed Jul 3 06:27:03 PM CEST 2024]
[setup checkDependencies] clumpify.sh... at [Wed Jul 3 06:27:04 PM CEST 2024]
PAIRED: false
[setUpLogFile] Script started at [Wed Jul 3 06:27:04 PM CEST 2024] at [Wed Jul 3 06:27:04 PM CEST 2024]
[fastQC] started on raw FASTQs at [Wed Jul 3 06:27:04 PM CEST 2024]
Started analysis of E14_12h_H3K27ac_ChIP_Yang2019_GSM3314704_raw.fastq.gz
Approx 5% complete for E14_12h_H3K27ac_ChIP_Yang2019_GSM3314704_raw.fastq.gz
Approx 10% complete for E14_12h_H3K27ac_ChIP_Yang2019_GSM3314704_raw.fastq.gz
Approx 15% complete for E14_12h_H3K27ac_ChIP_Yang2019_GSM3314704_raw.fastq.gz
Approx 20% complete for E14_12h_H3K27ac_ChIP_Yang2019_GSM3314704_raw.fastq.gz
Approx 25% complete for E14_12h_H3K27ac_ChIP_Yang2019_GSM3314704_raw.fastq.gz
Approx 30% complete for E14_12h_H3K27ac_ChIP_Yang2019_GSM3314704_raw.fastq.gz
Approx 35% complete for E14_12h_H3K27ac_ChIP_Yang2019_GSM3314704_raw.fastq.gz
Approx 40% complete for E14_12h_H3K27ac_ChIP_Yang2019_GSM3314704_raw.fastq.gz
Approx 45% complete for E14_12h_H3K27ac_ChIP_Yang2019_GSM3314704_raw.fastq.gz
Approx 50% complete for E14_12h_H3K27ac_ChIP_Yang2019_GSM3314704_raw.fastq.gz
Approx 55% complete for E14_12h_H3K27ac_ChIP_Yang2019_GSM3314704_raw.fastq.gz
Approx 60% complete for E14_12h_H3K27ac_ChIP_Yang2019_GSM3314704_raw.fastq.gz
Approx 65% complete for E14_12h_H3K27ac_ChIP_Yang2019_GSM3314704_raw.fastq.gz
Approx 70% complete for E14_12h_H3K27ac_ChIP_Yang2019_GSM3314704_raw.fastq.gz
Approx 75% complete for E14_12h_H3K27ac_ChIP_Yang2019_GSM3314704_raw.fastq.gz
Approx 80% complete for E14_12h_H3K27ac_ChIP_Yang2019_GSM3314704_raw.fastq.gz
Approx 85% complete for E14_12h_H3K27ac_ChIP_Yang2019_GSM3314704_raw.fastq.gz
Approx 90% complete for E14_12h_H3K27ac_ChIP_Yang2019_GSM3314704_raw.fastq.gz
Approx 95% complete for E14_12h_H3K27ac_ChIP_Yang2019_GSM3314704_raw.fastq.gz
Analysis complete for E14_12h_H3K27ac_ChIP_Yang2019_GSM3314704_raw.fastq.gz
[fastQC] on raw FASTQs finished succesfully. Will remove PCR duplicates now at [Wed Jul 3 06:31:43 PM CEST 2024]
Reads are length: 52 at [Wed Jul 3 06:31:43 PM CEST 2024]
Reads with same sequence 1 or fewer substitutions will be marked as PCR duplicates at [Wed Jul 3 06:31:43 PM CEST 2024]
Removal of PCR duplicates complete! at [Wed Jul 3 07:06:41 PM CEST 2024]
[trimReads] Started using version trimV5 parameters at [Wed Jul 3 07:06:41 PM CEST 2024]
ILLUMINACLIP:/data/reference_genomes/adapters/adapters.fa:2:30:10 SLIDINGWINDOW:4:20 MINLEN:24
[trimReads] Trimming E14_12h_H3K27ac_ChIP_Yang2019_GSM3314704.fastq.gz... at [Wed Jul 3 07:06:41 PM CEST 2024]
[trimReads] Finished successfully at [Wed Jul 3 07:19:25 PM CEST 2024]
[fastQC] started on E14_12h_H3K27ac_ChIP_Yang2019_GSM3314704.fastq.gz E14_12h_H3K27ac_ChIP_Yang2019_GSM3314704_trimV5.fastq.gz at [Wed Jul 3 07:19:25 PM CEST 2024]
Started analysis of E14_12h_H3K27ac_ChIP_Yang2019_GSM3314704.fastq.gz
Started analysis of E14_12h_H3K27ac_ChIP_Yang2019_GSM3314704_trimV5.fastq.gz
Approx 5% complete for E14_12h_H3K27ac_ChIP_Yang2019_GSM3314704.fastq.gz
Approx 5% complete for E14_12h_H3K27ac_ChIP_Yang2019_GSM3314704_trimV5.fastq.gz
Approx 10% complete for E14_12h_H3K27ac_ChIP_Yang2019_GSM3314704_trimV5.fastq.gz
Approx 10% complete for E14_12h_H3K27ac_ChIP_Yang2019_GSM3314704.fastq.gz
Approx 15% complete for E14_12h_H3K27ac_ChIP_Yang2019_GSM3314704.fastq.gz
Approx 15% complete for E14_12h_H3K27ac_ChIP_Yang2019_GSM3314704_trimV5.fastq.gz
Approx 20% complete for E14_12h_H3K27ac_ChIP_Yang2019_GSM3314704.fastq.gz
Approx 20% complete for E14_12h_H3K27ac_ChIP_Yang2019_GSM3314704_trimV5.fastq.gz
Approx 25% complete for E14_12h_H3K27ac_ChIP_Yang2019_GSM3314704.fastq.gz
Approx 25% complete for E14_12h_H3K27ac_ChIP_Yang2019_GSM3314704_trimV5.fastq.gz
Approx 30% complete for E14_12h_H3K27ac_ChIP_Yang2019_GSM3314704.fastq.gz
Approx 30% complete for E14_12h_H3K27ac_ChIP_Yang2019_GSM3314704_trimV5.fastq.gz
Approx 35% complete for E14_12h_H3K27ac_ChIP_Yang2019_GSM3314704.fastq.gz
Approx 35% complete for E14_12h_H3K27ac_ChIP_Yang2019_GSM3314704_trimV5.fastq.gz
Approx 40% complete for E14_12h_H3K27ac_ChIP_Yang2019_GSM3314704.fastq.gz
Approx 40% complete for E14_12h_H3K27ac_ChIP_Yang2019_GSM3314704_trimV5.fastq.gz
Approx 45% complete for E14_12h_H3K27ac_ChIP_Yang2019_GSM3314704.fastq.gz
Approx 45% complete for E14_12h_H3K27ac_ChIP_Yang2019_GSM3314704_trimV5.fastq.gz
Approx 50% complete for E14_12h_H3K27ac_ChIP_Yang2019_GSM3314704.fastq.gz
Approx 50% complete for E14_12h_H3K27ac_ChIP_Yang2019_GSM3314704_trimV5.fastq.gz
Approx 55% complete for E14_12h_H3K27ac_ChIP_Yang2019_GSM3314704.fastq.gz
Approx 55% complete for E14_12h_H3K27ac_ChIP_Yang2019_GSM3314704_trimV5.fastq.gz
Approx 60% complete for E14_12h_H3K27ac_ChIP_Yang2019_GSM3314704.fastq.gz
Approx 60% complete for E14_12h_H3K27ac_ChIP_Yang2019_GSM3314704_trimV5.fastq.gz
Approx 65% complete for E14_12h_H3K27ac_ChIP_Yang2019_GSM3314704.fastq.gz
Approx 65% complete for E14_12h_H3K27ac_ChIP_Yang2019_GSM3314704_trimV5.fastq.gz
Approx 70% complete for E14_12h_H3K27ac_ChIP_Yang2019_GSM3314704.fastq.gz
Approx 70% complete for E14_12h_H3K27ac_ChIP_Yang2019_GSM3314704_trimV5.fastq.gz
Approx 75% complete for E14_12h_H3K27ac_ChIP_Yang2019_GSM3314704.fastq.gz
Approx 75% complete for E14_12h_H3K27ac_ChIP_Yang2019_GSM3314704_trimV5.fastq.gz
Approx 80% complete for E14_12h_H3K27ac_ChIP_Yang2019_GSM3314704.fastq.gz
Approx 80% complete for E14_12h_H3K27ac_ChIP_Yang2019_GSM3314704_trimV5.fastq.gz
Approx 85% complete for E14_12h_H3K27ac_ChIP_Yang2019_GSM3314704.fastq.gz
Approx 85% complete for E14_12h_H3K27ac_ChIP_Yang2019_GSM3314704_trimV5.fastq.gz
Approx 90% complete for E14_12h_H3K27ac_ChIP_Yang2019_GSM3314704.fastq.gz
Approx 90% complete for E14_12h_H3K27ac_ChIP_Yang2019_GSM3314704_trimV5.fastq.gz
Approx 95% complete for E14_12h_H3K27ac_ChIP_Yang2019_GSM3314704.fastq.gz
Approx 95% complete for E14_12h_H3K27ac_ChIP_Yang2019_GSM3314704_trimV5.fastq.gz
Analysis complete for E14_12h_H3K27ac_ChIP_Yang2019_GSM3314704.fastq.gz
Analysis complete for E14_12h_H3K27ac_ChIP_Yang2019_GSM3314704_trimV5.fastq.gz
[fastQC] finished succesfully at [Wed Jul 3 07:23:27 PM CEST 2024]
[bowtie2 alignment] started with reference /data/reference_genomes/mm10/mm10 at [Wed Jul 3 07:23:27 PM CEST 2024]
[alignment] Bowtie2 alignment finished successfully at [Wed Jul 3 07:55:45 PM CEST 2024]
[sam grooming] started at [Wed Jul 3 07:57:48 PM CEST 2024]
19:57:49.710 INFO  NativeLibraryLoader - Loading libgkl_compression.so from jar:file:/home/robin/bin/miniconda3/share/picard-2.26.2-0/picard.jar!/com/intel/gkl/native/libgkl_compression.so
[Wed Jul 03 19:57:49 CEST 2024] CleanSam --INPUT E14_12h_H3K27ac_ChIP_Yang2019_GSM3314704_raw.sam --OUTPUT E14_12h_H3K27ac_ChIP_Yang2019_GSM3314704_cleaned.sam --TMP_DIR . --VERBOSITY INFO --QUIET false --VALIDATION_STRINGENCY STRICT --COMPRESSION_LEVEL 5 --MAX_RECORDS_IN_RAM 500000 --CREATE_INDEX false --CREATE_MD5_FILE false --GA4GH_CLIENT_SECRETS client_secrets.json --help false --version false --showHidden false --USE_JDK_DEFLATER false --USE_JDK_INFLATER false
[Wed Jul 03 19:57:49 CEST 2024] Executing as robin@epipax.ijm.univ-paris-diderot.priv on Linux 6.1.0-21-amd64 amd64; OpenJDK 64-Bit Server VM 1.8.0_332-b09; Deflater: Intel; Inflater: Intel; Provider GCS is not available; Picard version: Version:2.26.2
INFO	2024-07-03 19:57:49	CleanSam	Seen many non-increasing record positions. Printing Read-names as well.
INFO	2024-07-03 19:57:55	CleanSam	Processed     1,000,000 records.  Elapsed time: 00:00:05s.  Time for last 1,000,000:    5s.  Last read position: chr6:71,212,523.  Last read name: SRR7624392.13734656
INFO	2024-07-03 19:58:00	CleanSam	Processed     2,000,000 records.  Elapsed time: 00:00:10s.  Time for last 1,000,000:    4s.  Last read position: chr7:128,096,833.  Last read name: SRR7624392.52160195
INFO	2024-07-03 19:58:05	CleanSam	Processed     3,000,000 records.  Elapsed time: 00:00:15s.  Time for last 1,000,000:    4s.  Last read position: chr18:45,023,051.  Last read name: SRR7624392.33998097
INFO	2024-07-03 19:58:10	CleanSam	Processed     4,000,000 records.  Elapsed time: 00:00:20s.  Time for last 1,000,000:    5s.  Last read position: chr1:164,771,631.  Last read name: SRR7624392.41246759
INFO	2024-07-03 19:58:15	CleanSam	Processed     5,000,000 records.  Elapsed time: 00:00:25s.  Time for last 1,000,000:    4s.  Last read position: chr19:21,704,089.  Last read name: SRR7624392.22633540
INFO	2024-07-03 19:58:20	CleanSam	Processed     6,000,000 records.  Elapsed time: 00:00:30s.  Time for last 1,000,000:    4s.  Last read position: chr11:24,588,170.  Last read name: SRR7624392.45378719
INFO	2024-07-03 19:58:24	CleanSam	Processed     7,000,000 records.  Elapsed time: 00:00:35s.  Time for last 1,000,000:    4s.  Last read position: chr14:82,907,639.  Last read name: SRR7624392.27530259
INFO	2024-07-03 19:58:29	CleanSam	Processed     8,000,000 records.  Elapsed time: 00:00:40s.  Time for last 1,000,000:    4s.  Last read position: chr4:23,303,908.  Last read name: SRR7624392.9670580
INFO	2024-07-03 19:58:34	CleanSam	Processed     9,000,000 records.  Elapsed time: 00:00:45s.  Time for last 1,000,000:    5s.  Last read position: chr14:99,302,446.  Last read name: SRR7624392.34875125
INFO	2024-07-03 19:58:39	CleanSam	Processed    10,000,000 records.  Elapsed time: 00:00:49s.  Time for last 1,000,000:    4s.  Last read position: chr14:32,389,658.  Last read name: SRR7624392.16001993
INFO	2024-07-03 19:58:44	CleanSam	Processed    11,000,000 records.  Elapsed time: 00:00:55s.  Time for last 1,000,000:    5s.  Last read position: chr8:85,421,021.  Last read name: SRR7624392.51642046
INFO	2024-07-03 19:58:49	CleanSam	Processed    12,000,000 records.  Elapsed time: 00:01:00s.  Time for last 1,000,000:    4s.  Last read position: chr11:116,572,429.  Last read name: SRR7624392.45526862
INFO	2024-07-03 19:58:54	CleanSam	Processed    13,000,000 records.  Elapsed time: 00:01:05s.  Time for last 1,000,000:    4s.  Last read position: chr10:19,709,290.  Last read name: SRR7624392.4410953
INFO	2024-07-03 19:58:59	CleanSam	Processed    14,000,000 records.  Elapsed time: 00:01:10s.  Time for last 1,000,000:    5s.  Last read position: chr16:84,834,827.  Last read name: SRR7624392.16325055
INFO	2024-07-03 19:59:05	CleanSam	Processed    15,000,000 records.  Elapsed time: 00:01:15s.  Time for last 1,000,000:    5s.  Last read position: chr15:73,627,464.  Last read name: SRR7624392.57841740
INFO	2024-07-03 19:59:10	CleanSam	Processed    16,000,000 records.  Elapsed time: 00:01:20s.  Time for last 1,000,000:    5s.  Last read position: chr2:14,073,517.  Last read name: SRR7624392.58353010
INFO	2024-07-03 19:59:15	CleanSam	Processed    17,000,000 records.  Elapsed time: 00:01:25s.  Time for last 1,000,000:    5s.  Last read position: chr17:33,115,047.  Last read name: SRR7624392.9002796
INFO	2024-07-03 19:59:20	CleanSam	Processed    18,000,000 records.  Elapsed time: 00:01:30s.  Time for last 1,000,000:    4s.  Last read position: chr15:33,999,866.  Last read name: SRR7624392.19971232
INFO	2024-07-03 19:59:25	CleanSam	Processed    19,000,000 records.  Elapsed time: 00:01:35s.  Time for last 1,000,000:    5s.  Last read position: chr5:124,425,388.  Last read name: SRR7624392.62990166
INFO	2024-07-03 19:59:30	CleanSam	Processed    20,000,000 records.  Elapsed time: 00:01:40s.  Time for last 1,000,000:    5s.  Last read position: chr16:90,695,130.  Last read name: SRR7624392.12562761
INFO	2024-07-03 19:59:35	CleanSam	Processed    21,000,000 records.  Elapsed time: 00:01:45s.  Time for last 1,000,000:    5s.  Last read position: chr5:125,667,343.  Last read name: SRR7624392.32546234
INFO	2024-07-03 19:59:40	CleanSam	Processed    22,000,000 records.  Elapsed time: 00:01:50s.  Time for last 1,000,000:    5s.  Last read position: chr8:89,003,185.  Last read name: SRR7624392.44337686
INFO	2024-07-03 19:59:45	CleanSam	Processed    23,000,000 records.  Elapsed time: 00:01:55s.  Time for last 1,000,000:    4s.  Last read position: chr4:94,593,572.  Last read name: SRR7624392.58852709
INFO	2024-07-03 19:59:50	CleanSam	Processed    24,000,000 records.  Elapsed time: 00:02:00s.  Time for last 1,000,000:    5s.  Last read position: chr1:52,964,746.  Last read name: SRR7624392.56840073
INFO	2024-07-03 19:59:55	CleanSam	Processed    25,000,000 records.  Elapsed time: 00:02:05s.  Time for last 1,000,000:    5s.  Last read position: chr2:132,685,071.  Last read name: SRR7624392.39096032
INFO	2024-07-03 20:00:00	CleanSam	Processed    26,000,000 records.  Elapsed time: 00:02:10s.  Time for last 1,000,000:    5s.  Last read position: chr10:120,440,530.  Last read name: SRR7624392.34341637
INFO	2024-07-03 20:00:05	CleanSam	Processed    27,000,000 records.  Elapsed time: 00:02:15s.  Time for last 1,000,000:    5s.  Last read position: chr2:152,403,002.  Last read name: SRR7624392.50560776
INFO	2024-07-03 20:00:10	CleanSam	Processed    28,000,000 records.  Elapsed time: 00:02:21s.  Time for last 1,000,000:    5s.  Last read position: chr14:20,502,091.  Last read name: SRR7624392.41942309
INFO	2024-07-03 20:00:15	CleanSam	Processed    29,000,000 records.  Elapsed time: 00:02:26s.  Time for last 1,000,000:    4s.  Last read position: chr4:147,280,689.  Last read name: SRR7624392.7630851
INFO	2024-07-03 20:00:20	CleanSam	Processed    30,000,000 records.  Elapsed time: 00:02:31s.  Time for last 1,000,000:    4s.  Last read position: chr1:21,024,050.  Last read name: SRR7624392.34030790
INFO	2024-07-03 20:00:26	CleanSam	Processed    31,000,000 records.  Elapsed time: 00:02:36s.  Time for last 1,000,000:    5s.  Last read position: chr13:99,375,736.  Last read name: SRR7624392.53590423
INFO	2024-07-03 20:00:31	CleanSam	Processed    32,000,000 records.  Elapsed time: 00:02:41s.  Time for last 1,000,000:    5s.  Last read position: chr7:122,787,606.  Last read name: SRR7624392.2885761
INFO	2024-07-03 20:00:36	CleanSam	Processed    33,000,000 records.  Elapsed time: 00:02:46s.  Time for last 1,000,000:    4s.  Last read position: chr5:135,657,067.  Last read name: SRR7624392.63006780
INFO	2024-07-03 20:00:41	CleanSam	Processed    34,000,000 records.  Elapsed time: 00:02:51s.  Time for last 1,000,000:    4s.  Last read position: chr4:149,996,616.  Last read name: SRR7624392.9820670
INFO	2024-07-03 20:00:46	CleanSam	Processed    35,000,000 records.  Elapsed time: 00:02:56s.  Time for last 1,000,000:    4s.  Last read position: chr6:123,987,114.  Last read name: SRR7624392.43587774
INFO	2024-07-03 20:00:51	CleanSam	Processed    36,000,000 records.  Elapsed time: 00:03:01s.  Time for last 1,000,000:    4s.  Last read position: chr10:25,367,157.  Last read name: SRR7624392.52979557
INFO	2024-07-03 20:00:56	CleanSam	Processed    37,000,000 records.  Elapsed time: 00:03:06s.  Time for last 1,000,000:    5s.  Last read position: chr10:76,032,821.  Last read name: SRR7624392.53046635
INFO	2024-07-03 20:01:01	CleanSam	Processed    38,000,000 records.  Elapsed time: 00:03:11s.  Time for last 1,000,000:    5s.  Last read position: chr18:57,535,128.  Last read name: SRR7624392.20389576
INFO	2024-07-03 20:01:06	CleanSam	Processed    39,000,000 records.  Elapsed time: 00:03:16s.  Time for last 1,000,000:    5s.  Last read position: chr7:27,308,523.  Last read name: SRR7624392.6602643
INFO	2024-07-03 20:01:11	CleanSam	Processed    40,000,000 records.  Elapsed time: 00:03:21s.  Time for last 1,000,000:    4s.  Last read position: chr14:66,869,119.  Last read name: SRR7624392.53698053
INFO	2024-07-03 20:01:16	CleanSam	Processed    41,000,000 records.  Elapsed time: 00:03:26s.  Time for last 1,000,000:    4s.  Last read position: chr11:31,359,833.  Last read name: SRR7624392.34399871
INFO	2024-07-03 20:01:21	CleanSam	Processed    42,000,000 records.  Elapsed time: 00:03:31s.  Time for last 1,000,000:    4s.  Last read position: chr7:84,675,836.  Last read name: SRR7624392.43727048
INFO	2024-07-03 20:01:26	CleanSam	Processed    43,000,000 records.  Elapsed time: 00:03:36s.  Time for last 1,000,000:    4s.  Last read position: chr14:55,559,502.  Last read name: SRR7624392.53680671
INFO	2024-07-03 20:01:31	CleanSam	Processed    44,000,000 records.  Elapsed time: 00:03:41s.  Time for last 1,000,000:    5s.  Last read position: chr17:80,704,662.  Last read name: SRR7624392.38729101
INFO	2024-07-03 20:01:36	CleanSam	Processed    45,000,000 records.  Elapsed time: 00:03:46s.  Time for last 1,000,000:    4s.  Last read position: chr13:13,450,028.  Last read name: SRR7624392.53476910
INFO	2024-07-03 20:01:41	CleanSam	Processed    46,000,000 records.  Elapsed time: 00:03:51s.  Time for last 1,000,000:    5s.  Last read position: chr7:106,563,749.  Last read name: SRR7624392.25421163
INFO	2024-07-03 20:01:46	CleanSam	Processed    47,000,000 records.  Elapsed time: 00:03:56s.  Time for last 1,000,000:    5s.  Last read position: chr5:22,213,693.  Last read name: SRR7624392.32428139
INFO	2024-07-03 20:01:51	CleanSam	Processed    48,000,000 records.  Elapsed time: 00:04:02s.  Time for last 1,000,000:    5s.  Last read position: chr8:11,039,655.  Last read name: SRR7624392.59510210
INFO	2024-07-03 20:01:57	CleanSam	Processed    49,000,000 records.  Elapsed time: 00:04:07s.  Time for last 1,000,000:    5s.  Last read position: chr12:119,909,867.  Last read name: SRR7624392.4851908
INFO	2024-07-03 20:02:01	CleanSam	Processed    50,000,000 records.  Elapsed time: 00:04:12s.  Time for last 1,000,000:    4s.  Last read position: chr1:15,336,266.  Last read name: SRR7624392.11401846
INFO	2024-07-03 20:02:06	CleanSam	Processed    51,000,000 records.  Elapsed time: 00:04:17s.  Time for last 1,000,000:    5s.  Last read position: chr8:66,415,842.  Last read name: SRR7624392.59566424
INFO	2024-07-03 20:02:11	CleanSam	Processed    52,000,000 records.  Elapsed time: 00:04:22s.  Time for last 1,000,000:    5s.  Last read position: chr18:56,405,793.  Last read name: SRR7624392.20387877
INFO	2024-07-03 20:02:17	CleanSam	Processed    53,000,000 records.  Elapsed time: 00:04:27s.  Time for last 1,000,000:    5s.  Last read position: chrX:20,644,438.  Last read name: SRR7624392.40312424
[Wed Jul 03 20:02:31 CEST 2024] picard.sam.CleanSam done. Elapsed time: 4.70 minutes.
Runtime.totalMemory()=662175744
20:02:33.740 INFO  NativeLibraryLoader - Loading libgkl_compression.so from jar:file:/home/robin/bin/miniconda3/share/picard-2.26.2-0/picard.jar!/com/intel/gkl/native/libgkl_compression.so
[Wed Jul 03 20:02:33 CEST 2024] SamFormatConverter --INPUT E14_12h_H3K27ac_ChIP_Yang2019_GSM3314704_cleaned.sam --OUTPUT E14_12h_H3K27ac_ChIP_Yang2019_GSM3314704_unsorted.bam --TMP_DIR . --VERBOSITY INFO --QUIET false --VALIDATION_STRINGENCY STRICT --COMPRESSION_LEVEL 5 --MAX_RECORDS_IN_RAM 500000 --CREATE_INDEX false --CREATE_MD5_FILE false --GA4GH_CLIENT_SECRETS client_secrets.json --help false --version false --showHidden false --USE_JDK_DEFLATER false --USE_JDK_INFLATER false
[Wed Jul 03 20:02:33 CEST 2024] Executing as robin@epipax.ijm.univ-paris-diderot.priv on Linux 6.1.0-21-amd64 amd64; OpenJDK 64-Bit Server VM 1.8.0_332-b09; Deflater: Intel; Inflater: Intel; Provider GCS is not available; Picard version: Version:2.26.2
INFO	2024-07-03 20:02:35	SamFormatConverter	Seen many non-increasing record positions. Printing Read-names as well.
INFO	2024-07-03 20:02:44	SamFormatConverter	Processed     1,000,000 records.  Elapsed time: 00:00:08s.  Time for last 1,000,000:    8s.  Last read position: chr6:71,212,523.  Last read name: SRR7624392.13734656
INFO	2024-07-03 20:02:52	SamFormatConverter	Processed     2,000,000 records.  Elapsed time: 00:00:17s.  Time for last 1,000,000:    8s.  Last read position: chr7:128,096,833.  Last read name: SRR7624392.52160195
INFO	2024-07-03 20:03:00	SamFormatConverter	Processed     3,000,000 records.  Elapsed time: 00:00:25s.  Time for last 1,000,000:    8s.  Last read position: chr18:45,023,051.  Last read name: SRR7624392.33998097
INFO	2024-07-03 20:03:09	SamFormatConverter	Processed     4,000,000 records.  Elapsed time: 00:00:34s.  Time for last 1,000,000:    8s.  Last read position: chr1:164,771,631.  Last read name: SRR7624392.41246759
INFO	2024-07-03 20:03:17	SamFormatConverter	Processed     5,000,000 records.  Elapsed time: 00:00:42s.  Time for last 1,000,000:    8s.  Last read position: chr19:21,704,089.  Last read name: SRR7624392.22633540
INFO	2024-07-03 20:03:26	SamFormatConverter	Processed     6,000,000 records.  Elapsed time: 00:00:50s.  Time for last 1,000,000:    8s.  Last read position: chr11:24,588,170.  Last read name: SRR7624392.45378719
INFO	2024-07-03 20:03:34	SamFormatConverter	Processed     7,000,000 records.  Elapsed time: 00:00:59s.  Time for last 1,000,000:    8s.  Last read position: chr14:82,907,639.  Last read name: SRR7624392.27530259
INFO	2024-07-03 20:03:43	SamFormatConverter	Processed     8,000,000 records.  Elapsed time: 00:01:07s.  Time for last 1,000,000:    8s.  Last read position: chr4:23,303,908.  Last read name: SRR7624392.9670580
INFO	2024-07-03 20:03:53	SamFormatConverter	Processed     9,000,000 records.  Elapsed time: 00:01:18s.  Time for last 1,000,000:   10s.  Last read position: chr14:99,302,446.  Last read name: SRR7624392.34875125
INFO	2024-07-03 20:04:03	SamFormatConverter	Processed    10,000,000 records.  Elapsed time: 00:01:27s.  Time for last 1,000,000:    9s.  Last read position: chr14:32,389,658.  Last read name: SRR7624392.16001993
INFO	2024-07-03 20:04:12	SamFormatConverter	Processed    11,000,000 records.  Elapsed time: 00:01:36s.  Time for last 1,000,000:    8s.  Last read position: chr8:85,421,021.  Last read name: SRR7624392.51642046
INFO	2024-07-03 20:04:20	SamFormatConverter	Processed    12,000,000 records.  Elapsed time: 00:01:44s.  Time for last 1,000,000:    8s.  Last read position: chr11:116,572,429.  Last read name: SRR7624392.45526862
INFO	2024-07-03 20:04:28	SamFormatConverter	Processed    13,000,000 records.  Elapsed time: 00:01:53s.  Time for last 1,000,000:    8s.  Last read position: chr10:19,709,290.  Last read name: SRR7624392.4410953
INFO	2024-07-03 20:04:36	SamFormatConverter	Processed    14,000,000 records.  Elapsed time: 00:02:01s.  Time for last 1,000,000:    8s.  Last read position: chr16:84,834,827.  Last read name: SRR7624392.16325055
INFO	2024-07-03 20:04:45	SamFormatConverter	Processed    15,000,000 records.  Elapsed time: 00:02:09s.  Time for last 1,000,000:    8s.  Last read position: chr15:73,627,464.  Last read name: SRR7624392.57841740
INFO	2024-07-03 20:04:53	SamFormatConverter	Processed    16,000,000 records.  Elapsed time: 00:02:18s.  Time for last 1,000,000:    8s.  Last read position: chr2:14,073,517.  Last read name: SRR7624392.58353010
INFO	2024-07-03 20:05:02	SamFormatConverter	Processed    17,000,000 records.  Elapsed time: 00:02:27s.  Time for last 1,000,000:    9s.  Last read position: chr17:33,115,047.  Last read name: SRR7624392.9002796
INFO	2024-07-03 20:05:11	SamFormatConverter	Processed    18,000,000 records.  Elapsed time: 00:02:36s.  Time for last 1,000,000:    9s.  Last read position: chr15:33,999,866.  Last read name: SRR7624392.19971232
INFO	2024-07-03 20:05:20	SamFormatConverter	Processed    19,000,000 records.  Elapsed time: 00:02:45s.  Time for last 1,000,000:    8s.  Last read position: chr5:124,425,388.  Last read name: SRR7624392.62990166
INFO	2024-07-03 20:05:29	SamFormatConverter	Processed    20,000,000 records.  Elapsed time: 00:02:53s.  Time for last 1,000,000:    8s.  Last read position: chr16:90,695,130.  Last read name: SRR7624392.12562761
INFO	2024-07-03 20:05:37	SamFormatConverter	Processed    21,000,000 records.  Elapsed time: 00:03:02s.  Time for last 1,000,000:    8s.  Last read position: chr5:125,667,343.  Last read name: SRR7624392.32546234
INFO	2024-07-03 20:05:46	SamFormatConverter	Processed    22,000,000 records.  Elapsed time: 00:03:10s.  Time for last 1,000,000:    8s.  Last read position: chr8:89,003,185.  Last read name: SRR7624392.44337686
INFO	2024-07-03 20:05:55	SamFormatConverter	Processed    23,000,000 records.  Elapsed time: 00:03:19s.  Time for last 1,000,000:    9s.  Last read position: chr4:94,593,572.  Last read name: SRR7624392.58852709
INFO	2024-07-03 20:06:03	SamFormatConverter	Processed    24,000,000 records.  Elapsed time: 00:03:28s.  Time for last 1,000,000:    8s.  Last read position: chr1:52,964,746.  Last read name: SRR7624392.56840073
INFO	2024-07-03 20:06:11	SamFormatConverter	Processed    25,000,000 records.  Elapsed time: 00:03:36s.  Time for last 1,000,000:    8s.  Last read position: chr2:132,685,071.  Last read name: SRR7624392.39096032
INFO	2024-07-03 20:06:20	SamFormatConverter	Processed    26,000,000 records.  Elapsed time: 00:03:45s.  Time for last 1,000,000:    9s.  Last read position: chr10:120,440,530.  Last read name: SRR7624392.34341637
INFO	2024-07-03 20:06:29	SamFormatConverter	Processed    27,000,000 records.  Elapsed time: 00:03:54s.  Time for last 1,000,000:    8s.  Last read position: chr2:152,403,002.  Last read name: SRR7624392.50560776
INFO	2024-07-03 20:06:39	SamFormatConverter	Processed    28,000,000 records.  Elapsed time: 00:04:03s.  Time for last 1,000,000:    9s.  Last read position: chr14:20,502,091.  Last read name: SRR7624392.41942309
INFO	2024-07-03 20:06:47	SamFormatConverter	Processed    29,000,000 records.  Elapsed time: 00:04:12s.  Time for last 1,000,000:    8s.  Last read position: chr4:147,280,689.  Last read name: SRR7624392.7630851
INFO	2024-07-03 20:06:55	SamFormatConverter	Processed    30,000,000 records.  Elapsed time: 00:04:20s.  Time for last 1,000,000:    8s.  Last read position: chr1:21,024,050.  Last read name: SRR7624392.34030790
INFO	2024-07-03 20:07:04	SamFormatConverter	Processed    31,000,000 records.  Elapsed time: 00:04:29s.  Time for last 1,000,000:    9s.  Last read position: chr13:99,375,736.  Last read name: SRR7624392.53590423
INFO	2024-07-03 20:07:13	SamFormatConverter	Processed    32,000,000 records.  Elapsed time: 00:04:38s.  Time for last 1,000,000:    8s.  Last read position: chr7:122,787,606.  Last read name: SRR7624392.2885761
INFO	2024-07-03 20:07:22	SamFormatConverter	Processed    33,000,000 records.  Elapsed time: 00:04:47s.  Time for last 1,000,000:    8s.  Last read position: chr5:135,657,067.  Last read name: SRR7624392.63006780
INFO	2024-07-03 20:07:32	SamFormatConverter	Processed    34,000,000 records.  Elapsed time: 00:04:56s.  Time for last 1,000,000:    9s.  Last read position: chr4:149,996,616.  Last read name: SRR7624392.9820670
INFO	2024-07-03 20:07:41	SamFormatConverter	Processed    35,000,000 records.  Elapsed time: 00:05:06s.  Time for last 1,000,000:    9s.  Last read position: chr6:123,987,114.  Last read name: SRR7624392.43587774
INFO	2024-07-03 20:07:51	SamFormatConverter	Processed    36,000,000 records.  Elapsed time: 00:05:15s.  Time for last 1,000,000:    9s.  Last read position: chr10:25,367,157.  Last read name: SRR7624392.52979557
INFO	2024-07-03 20:08:01	SamFormatConverter	Processed    37,000,000 records.  Elapsed time: 00:05:26s.  Time for last 1,000,000:   10s.  Last read position: chr10:76,032,821.  Last read name: SRR7624392.53046635
INFO	2024-07-03 20:08:10	SamFormatConverter	Processed    38,000,000 records.  Elapsed time: 00:05:34s.  Time for last 1,000,000:    8s.  Last read position: chr18:57,535,128.  Last read name: SRR7624392.20389576
INFO	2024-07-03 20:08:18	SamFormatConverter	Processed    39,000,000 records.  Elapsed time: 00:05:43s.  Time for last 1,000,000:    8s.  Last read position: chr7:27,308,523.  Last read name: SRR7624392.6602643
INFO	2024-07-03 20:08:26	SamFormatConverter	Processed    40,000,000 records.  Elapsed time: 00:05:51s.  Time for last 1,000,000:    8s.  Last read position: chr14:66,869,119.  Last read name: SRR7624392.53698053
INFO	2024-07-03 20:08:35	SamFormatConverter	Processed    41,000,000 records.  Elapsed time: 00:05:59s.  Time for last 1,000,000:    8s.  Last read position: chr11:31,359,833.  Last read name: SRR7624392.34399871
INFO	2024-07-03 20:08:43	SamFormatConverter	Processed    42,000,000 records.  Elapsed time: 00:06:07s.  Time for last 1,000,000:    8s.  Last read position: chr7:84,675,836.  Last read name: SRR7624392.43727048
INFO	2024-07-03 20:08:51	SamFormatConverter	Processed    43,000,000 records.  Elapsed time: 00:06:16s.  Time for last 1,000,000:    8s.  Last read position: chr14:55,559,502.  Last read name: SRR7624392.53680671
INFO	2024-07-03 20:08:59	SamFormatConverter	Processed    44,000,000 records.  Elapsed time: 00:06:24s.  Time for last 1,000,000:    8s.  Last read position: chr17:80,704,662.  Last read name: SRR7624392.38729101
INFO	2024-07-03 20:09:08	SamFormatConverter	Processed    45,000,000 records.  Elapsed time: 00:06:33s.  Time for last 1,000,000:    9s.  Last read position: chr13:13,450,028.  Last read name: SRR7624392.53476910
INFO	2024-07-03 20:09:17	SamFormatConverter	Processed    46,000,000 records.  Elapsed time: 00:06:42s.  Time for last 1,000,000:    8s.  Last read position: chr7:106,563,749.  Last read name: SRR7624392.25421163
INFO	2024-07-03 20:09:25	SamFormatConverter	Processed    47,000,000 records.  Elapsed time: 00:06:50s.  Time for last 1,000,000:    8s.  Last read position: chr5:22,213,693.  Last read name: SRR7624392.32428139
INFO	2024-07-03 20:09:34	SamFormatConverter	Processed    48,000,000 records.  Elapsed time: 00:06:58s.  Time for last 1,000,000:    8s.  Last read position: chr8:11,039,655.  Last read name: SRR7624392.59510210
INFO	2024-07-03 20:09:43	SamFormatConverter	Processed    49,000,000 records.  Elapsed time: 00:07:08s.  Time for last 1,000,000:    9s.  Last read position: chr12:119,909,867.  Last read name: SRR7624392.4851908
INFO	2024-07-03 20:09:53	SamFormatConverter	Processed    50,000,000 records.  Elapsed time: 00:07:18s.  Time for last 1,000,000:    9s.  Last read position: chr1:15,336,266.  Last read name: SRR7624392.11401846
INFO	2024-07-03 20:10:01	SamFormatConverter	Processed    51,000,000 records.  Elapsed time: 00:07:26s.  Time for last 1,000,000:    8s.  Last read position: chr8:66,415,842.  Last read name: SRR7624392.59566424
INFO	2024-07-03 20:10:12	SamFormatConverter	Processed    52,000,000 records.  Elapsed time: 00:07:36s.  Time for last 1,000,000:   10s.  Last read position: chr18:56,405,793.  Last read name: SRR7624392.20387877
INFO	2024-07-03 20:10:21	SamFormatConverter	Processed    53,000,000 records.  Elapsed time: 00:07:46s.  Time for last 1,000,000:    9s.  Last read position: chrX:20,644,438.  Last read name: SRR7624392.40312424
[Wed Jul 03 20:10:24 CEST 2024] picard.sam.SamFormatConverter done. Elapsed time: 7.85 minutes.
Runtime.totalMemory()=591396864
20:10:26.588 INFO  NativeLibraryLoader - Loading libgkl_compression.so from jar:file:/home/robin/bin/miniconda3/share/picard-2.26.2-0/picard.jar!/com/intel/gkl/native/libgkl_compression.so
[Wed Jul 03 20:10:26 CEST 2024] SortSam --INPUT E14_12h_H3K27ac_ChIP_Yang2019_GSM3314704_unsorted.bam --OUTPUT E14_12h_H3K27ac_ChIP_Yang2019_GSM3314704_sorted.bam --SORT_ORDER coordinate --TMP_DIR . --VERBOSITY INFO --QUIET false --VALIDATION_STRINGENCY STRICT --COMPRESSION_LEVEL 5 --MAX_RECORDS_IN_RAM 500000 --CREATE_INDEX false --CREATE_MD5_FILE false --GA4GH_CLIENT_SECRETS client_secrets.json --help false --version false --showHidden false --USE_JDK_DEFLATER false --USE_JDK_INFLATER false
[Wed Jul 03 20:10:26 CEST 2024] Executing as robin@epipax.ijm.univ-paris-diderot.priv on Linux 6.1.0-21-amd64 amd64; OpenJDK 64-Bit Server VM 1.8.0_332-b09; Deflater: Intel; Inflater: Intel; Provider GCS is not available; Picard version: Version:2.26.2
INFO	2024-07-03 20:10:27	SortSam	Seen many non-increasing record positions. Printing Read-names as well.
INFO	2024-07-03 20:11:31	SortSam	Read    10,000,000 records.  Elapsed time: 00:01:04s.  Time for last 10,000,000:   64s.  Last read position: chr14:32,389,658.  Last read name: SRR7624392.16001993
INFO	2024-07-03 20:12:36	SortSam	Read    20,000,000 records.  Elapsed time: 00:02:09s.  Time for last 10,000,000:   64s.  Last read position: chr16:90,695,130.  Last read name: SRR7624392.12562761
INFO	2024-07-03 20:13:32	SortSam	Read    30,000,000 records.  Elapsed time: 00:03:04s.  Time for last 10,000,000:   55s.  Last read position: chr1:21,024,050.  Last read name: SRR7624392.34030790
INFO	2024-07-03 20:14:53	SortSam	Read    40,000,000 records.  Elapsed time: 00:04:26s.  Time for last 10,000,000:   81s.  Last read position: chr14:66,869,119.  Last read name: SRR7624392.53698053
INFO	2024-07-03 20:16:08	SortSam	Read    50,000,000 records.  Elapsed time: 00:05:41s.  Time for last 10,000,000:   74s.  Last read position: chr1:15,336,266.  Last read name: SRR7624392.11401846
INFO	2024-07-03 20:16:36	SortSam	Finished reading inputs, merging and writing to output now.
INFO	2024-07-03 20:17:33	SortSam	Wrote    10,000,000 records from a sorting collection.  Elapsed time: 00:07:06s.  Time for last 10,000,000:   55s.  Last read position: chr3:125,735,150
INFO	2024-07-03 20:18:28	SortSam	Wrote    20,000,000 records from a sorting collection.  Elapsed time: 00:08:00s.  Time for last 10,000,000:   54s.  Last read position: chr7:3,568,076
INFO	2024-07-03 20:19:21	SortSam	Wrote    30,000,000 records from a sorting collection.  Elapsed time: 00:08:54s.  Time for last 10,000,000:   53s.  Last read position: chr10:77,350,537
INFO	2024-07-03 20:20:12	SortSam	Wrote    40,000,000 records from a sorting collection.  Elapsed time: 00:09:44s.  Time for last 10,000,000:   50s.  Last read position: chr14:42,453,100
INFO	2024-07-03 20:20:56	SortSam	Wrote    50,000,000 records from a sorting collection.  Elapsed time: 00:10:29s.  Time for last 10,000,000:   44s.  Last read position: chr19:21,581,536
[Wed Jul 03 20:21:12 CEST 2024] picard.sam.SortSam done. Elapsed time: 10.77 minutes.
Runtime.totalMemory()=1730150400
20:21:13.716 INFO  NativeLibraryLoader - Loading libgkl_compression.so from jar:file:/home/robin/bin/miniconda3/share/picard-2.26.2-0/picard.jar!/com/intel/gkl/native/libgkl_compression.so
[Wed Jul 03 20:21:13 CEST 2024] MarkDuplicates --INPUT E14_12h_H3K27ac_ChIP_Yang2019_GSM3314704_sorted.bam --OUTPUT E14_12h_H3K27ac_ChIP_Yang2019_GSM3314704.bam --METRICS_FILE E14_12h_H3K27ac_ChIP_Yang2019_GSM3314704_markDupeMetrics.txt --REMOVE_DUPLICATES false --TMP_DIR . --MAX_SEQUENCES_FOR_DISK_READ_ENDS_MAP 50000 --MAX_FILE_HANDLES_FOR_READ_ENDS_MAP 8000 --SORTING_COLLECTION_SIZE_RATIO 0.25 --TAG_DUPLICATE_SET_MEMBERS false --REMOVE_SEQUENCING_DUPLICATES false --TAGGING_POLICY DontTag --CLEAR_DT true --DUPLEX_UMI false --ADD_PG_TAG_TO_READS true --ASSUME_SORTED false --DUPLICATE_SCORING_STRATEGY SUM_OF_BASE_QUALITIES --PROGRAM_RECORD_ID MarkDuplicates --PROGRAM_GROUP_NAME MarkDuplicates --READ_NAME_REGEX <optimized capture of last three ':' separated fields as numeric values> --OPTICAL_DUPLICATE_PIXEL_DISTANCE 100 --MAX_OPTICAL_DUPLICATE_SET_SIZE 300000 --VERBOSITY INFO --QUIET false --VALIDATION_STRINGENCY STRICT --COMPRESSION_LEVEL 5 --MAX_RECORDS_IN_RAM 500000 --CREATE_INDEX false --CREATE_MD5_FILE false --GA4GH_CLIENT_SECRETS client_secrets.json --help false --version false --showHidden false --USE_JDK_DEFLATER false --USE_JDK_INFLATER false
[Wed Jul 03 20:21:13 CEST 2024] Executing as robin@epipax.ijm.univ-paris-diderot.priv on Linux 6.1.0-21-amd64 amd64; OpenJDK 64-Bit Server VM 1.8.0_332-b09; Deflater: Intel; Inflater: Intel; Provider GCS is not available; Picard version: Version:2.26.2
INFO	2024-07-03 20:21:13	MarkDuplicates	Start of doWork freeMemory: 501502032; totalMemory: 514850816; maxMemory: 1908932608
INFO	2024-07-03 20:21:13	MarkDuplicates	Reading input file and constructing read end information.
INFO	2024-07-03 20:21:13	MarkDuplicates	Will retain up to 6916422 data points before spilling to disk.
WARNING	2024-07-03 20:21:14	AbstractOpticalDuplicateFinderCommandLineProgram	A field field parsed out of a read name was expected to contain an integer and did not. Read name: SRR7624392.56187756. Cause: String 'SRR7624392.56187756' did not start with a parsable number.
INFO	2024-07-03 20:21:18	MarkDuplicates	Read     1,000,000 records.  Elapsed time: 00:00:03s.  Time for last 1,000,000:    3s.  Last read position: chr1:55,187,137
INFO	2024-07-03 20:21:18	MarkDuplicates	Tracking 0 as yet unmatched pairs. 0 records in RAM.
INFO	2024-07-03 20:21:22	MarkDuplicates	Read     2,000,000 records.  Elapsed time: 00:00:07s.  Time for last 1,000,000:    3s.  Last read position: chr1:106,061,028
INFO	2024-07-03 20:21:22	MarkDuplicates	Tracking 0 as yet unmatched pairs. 0 records in RAM.
INFO	2024-07-03 20:21:26	MarkDuplicates	Read     3,000,000 records.  Elapsed time: 00:00:11s.  Time for last 1,000,000:    3s.  Last read position: chr1:160,890,848
INFO	2024-07-03 20:21:26	MarkDuplicates	Tracking 0 as yet unmatched pairs. 0 records in RAM.
INFO	2024-07-03 20:21:29	MarkDuplicates	Read     4,000,000 records.  Elapsed time: 00:00:15s.  Time for last 1,000,000:    3s.  Last read position: chr2:18,495,663
INFO	2024-07-03 20:21:29	MarkDuplicates	Tracking 0 as yet unmatched pairs. 0 records in RAM.
INFO	2024-07-03 20:21:36	MarkDuplicates	Read     5,000,000 records.  Elapsed time: 00:00:21s.  Time for last 1,000,000:    6s.  Last read position: chr2:61,726,426
INFO	2024-07-03 20:21:36	MarkDuplicates	Tracking 0 as yet unmatched pairs. 0 records in RAM.
INFO	2024-07-03 20:21:40	MarkDuplicates	Read     6,000,000 records.  Elapsed time: 00:00:25s.  Time for last 1,000,000:    3s.  Last read position: chr2:112,150,879
INFO	2024-07-03 20:21:40	MarkDuplicates	Tracking 0 as yet unmatched pairs. 0 records in RAM.
INFO	2024-07-03 20:21:46	MarkDuplicates	Read     7,000,000 records.  Elapsed time: 00:00:32s.  Time for last 1,000,000:    6s.  Last read position: chr2:157,137,810
INFO	2024-07-03 20:21:46	MarkDuplicates	Tracking 0 as yet unmatched pairs. 0 records in RAM.
INFO	2024-07-03 20:21:50	MarkDuplicates	Read     8,000,000 records.  Elapsed time: 00:00:36s.  Time for last 1,000,000:    3s.  Last read position: chr3:18,991,664
INFO	2024-07-03 20:21:50	MarkDuplicates	Tracking 0 as yet unmatched pairs. 0 records in RAM.
INFO	2024-07-03 20:21:54	MarkDuplicates	Read     9,000,000 records.  Elapsed time: 00:00:40s.  Time for last 1,000,000:    4s.  Last read position: chr3:82,421,466
INFO	2024-07-03 20:21:54	MarkDuplicates	Tracking 0 as yet unmatched pairs. 0 records in RAM.
INFO	2024-07-03 20:21:58	MarkDuplicates	Read    10,000,000 records.  Elapsed time: 00:00:44s.  Time for last 1,000,000:    3s.  Last read position: chr3:125,735,150
INFO	2024-07-03 20:21:58	MarkDuplicates	Tracking 0 as yet unmatched pairs. 0 records in RAM.
INFO	2024-07-03 20:22:01	MarkDuplicates	Read    11,000,000 records.  Elapsed time: 00:00:47s.  Time for last 1,000,000:    3s.  Last read position: chr4:29,748,303
INFO	2024-07-03 20:22:01	MarkDuplicates	Tracking 0 as yet unmatched pairs. 0 records in RAM.
INFO	2024-07-03 20:22:05	MarkDuplicates	Read    12,000,000 records.  Elapsed time: 00:00:51s.  Time for last 1,000,000:    3s.  Last read position: chr4:86,911,602
INFO	2024-07-03 20:22:05	MarkDuplicates	Tracking 0 as yet unmatched pairs. 0 records in RAM.
INFO	2024-07-03 20:22:12	MarkDuplicates	Read    13,000,000 records.  Elapsed time: 00:00:58s.  Time for last 1,000,000:    6s.  Last read position: chr4:132,562,486
INFO	2024-07-03 20:22:12	MarkDuplicates	Tracking 0 as yet unmatched pairs. 0 records in RAM.
INFO	2024-07-03 20:22:18	MarkDuplicates	Read    14,000,000 records.  Elapsed time: 00:01:04s.  Time for last 1,000,000:    6s.  Last read position: chr5:6,796,860
INFO	2024-07-03 20:22:18	MarkDuplicates	Tracking 0 as yet unmatched pairs. 0 records in RAM.
INFO	2024-07-03 20:22:21	MarkDuplicates	Read    15,000,000 records.  Elapsed time: 00:01:07s.  Time for last 1,000,000:    3s.  Last read position: chr5:60,722,930
INFO	2024-07-03 20:22:21	MarkDuplicates	Tracking 0 as yet unmatched pairs. 0 records in RAM.
INFO	2024-07-03 20:22:25	MarkDuplicates	Read    16,000,000 records.  Elapsed time: 00:01:11s.  Time for last 1,000,000:    3s.  Last read position: chr5:115,002,174
INFO	2024-07-03 20:22:25	MarkDuplicates	Tracking 0 as yet unmatched pairs. 0 records in RAM.
INFO	2024-07-03 20:22:28	MarkDuplicates	Read    17,000,000 records.  Elapsed time: 00:01:14s.  Time for last 1,000,000:    3s.  Last read position: chr6:3,343,046
INFO	2024-07-03 20:22:28	MarkDuplicates	Tracking 0 as yet unmatched pairs. 0 records in RAM.
INFO	2024-07-03 20:22:32	MarkDuplicates	Read    18,000,000 records.  Elapsed time: 00:01:17s.  Time for last 1,000,000:    3s.  Last read position: chr6:56,611,995
INFO	2024-07-03 20:22:32	MarkDuplicates	Tracking 0 as yet unmatched pairs. 0 records in RAM.
INFO	2024-07-03 20:22:36	MarkDuplicates	Read    19,000,000 records.  Elapsed time: 00:01:22s.  Time for last 1,000,000:    4s.  Last read position: chr6:108,154,352
INFO	2024-07-03 20:22:36	MarkDuplicates	Tracking 0 as yet unmatched pairs. 0 records in RAM.
INFO	2024-07-03 20:22:42	MarkDuplicates	Read    20,000,000 records.  Elapsed time: 00:01:27s.  Time for last 1,000,000:    5s.  Last read position: chr7:3,568,076
INFO	2024-07-03 20:22:42	MarkDuplicates	Tracking 0 as yet unmatched pairs. 0 records in RAM.
INFO	2024-07-03 20:22:47	MarkDuplicates	Read    21,000,000 records.  Elapsed time: 00:01:33s.  Time for last 1,000,000:    5s.  Last read position: chr7:45,448,632
INFO	2024-07-03 20:22:47	MarkDuplicates	Tracking 0 as yet unmatched pairs. 0 records in RAM.
INFO	2024-07-03 20:22:51	MarkDuplicates	Read    22,000,000 records.  Elapsed time: 00:01:36s.  Time for last 1,000,000:    3s.  Last read position: chr7:101,904,384
INFO	2024-07-03 20:22:51	MarkDuplicates	Tracking 0 as yet unmatched pairs. 0 records in RAM.
INFO	2024-07-03 20:22:54	MarkDuplicates	Read    23,000,000 records.  Elapsed time: 00:01:40s.  Time for last 1,000,000:    3s.  Last read position: chr7:144,517,676
INFO	2024-07-03 20:22:54	MarkDuplicates	Tracking 0 as yet unmatched pairs. 0 records in RAM.
INFO	2024-07-03 20:22:58	MarkDuplicates	Read    24,000,000 records.  Elapsed time: 00:01:43s.  Time for last 1,000,000:    3s.  Last read position: chr8:56,183,368
INFO	2024-07-03 20:22:58	MarkDuplicates	Tracking 0 as yet unmatched pairs. 0 records in RAM.
INFO	2024-07-03 20:23:02	MarkDuplicates	Read    25,000,000 records.  Elapsed time: 00:01:47s.  Time for last 1,000,000:    3s.  Last read position: chr8:105,298,091
INFO	2024-07-03 20:23:02	MarkDuplicates	Tracking 0 as yet unmatched pairs. 0 records in RAM.
INFO	2024-07-03 20:23:05	MarkDuplicates	Read    26,000,000 records.  Elapsed time: 00:01:51s.  Time for last 1,000,000:    3s.  Last read position: chr9:19,752,258
INFO	2024-07-03 20:23:05	MarkDuplicates	Tracking 0 as yet unmatched pairs. 0 records in RAM.
INFO	2024-07-03 20:23:12	MarkDuplicates	Read    27,000,000 records.  Elapsed time: 00:01:58s.  Time for last 1,000,000:    7s.  Last read position: chr9:61,690,665
INFO	2024-07-03 20:23:12	MarkDuplicates	Tracking 0 as yet unmatched pairs. 0 records in RAM.
INFO	2024-07-03 20:23:18	MarkDuplicates	Read    28,000,000 records.  Elapsed time: 00:02:04s.  Time for last 1,000,000:    5s.  Last read position: chr9:107,737,972
INFO	2024-07-03 20:23:18	MarkDuplicates	Tracking 0 as yet unmatched pairs. 0 records in RAM.
INFO	2024-07-03 20:23:22	MarkDuplicates	Read    29,000,000 records.  Elapsed time: 00:02:07s.  Time for last 1,000,000:    3s.  Last read position: chr10:28,793,360
INFO	2024-07-03 20:23:22	MarkDuplicates	Tracking 0 as yet unmatched pairs. 0 records in RAM.
INFO	2024-07-03 20:23:25	MarkDuplicates	Read    30,000,000 records.  Elapsed time: 00:02:11s.  Time for last 1,000,000:    3s.  Last read position: chr10:77,350,537
INFO	2024-07-03 20:23:25	MarkDuplicates	Tracking 0 as yet unmatched pairs. 0 records in RAM.
INFO	2024-07-03 20:23:29	MarkDuplicates	Read    31,000,000 records.  Elapsed time: 00:02:14s.  Time for last 1,000,000:    3s.  Last read position: chr10:128,270,913
INFO	2024-07-03 20:23:29	MarkDuplicates	Tracking 0 as yet unmatched pairs. 0 records in RAM.
INFO	2024-07-03 20:23:33	MarkDuplicates	Read    32,000,000 records.  Elapsed time: 00:02:19s.  Time for last 1,000,000:    4s.  Last read position: chr11:37,040,297
INFO	2024-07-03 20:23:33	MarkDuplicates	Tracking 0 as yet unmatched pairs. 0 records in RAM.
INFO	2024-07-03 20:23:36	MarkDuplicates	Read    33,000,000 records.  Elapsed time: 00:02:22s.  Time for last 1,000,000:    3s.  Last read position: chr11:77,739,593
INFO	2024-07-03 20:23:36	MarkDuplicates	Tracking 0 as yet unmatched pairs. 0 records in RAM.
INFO	2024-07-03 20:23:39	MarkDuplicates	Read    34,000,000 records.  Elapsed time: 00:02:25s.  Time for last 1,000,000:    3s.  Last read position: chr11:111,047,702
INFO	2024-07-03 20:23:39	MarkDuplicates	Tracking 0 as yet unmatched pairs. 0 records in RAM.
INFO	2024-07-03 20:23:45	MarkDuplicates	Read    35,000,000 records.  Elapsed time: 00:02:31s.  Time for last 1,000,000:    5s.  Last read position: chr12:35,830,840
INFO	2024-07-03 20:23:45	MarkDuplicates	Tracking 0 as yet unmatched pairs. 0 records in RAM.
INFO	2024-07-03 20:23:49	MarkDuplicates	Read    36,000,000 records.  Elapsed time: 00:02:35s.  Time for last 1,000,000:    3s.  Last read position: chr12:87,436,531
INFO	2024-07-03 20:23:49	MarkDuplicates	Tracking 0 as yet unmatched pairs. 0 records in RAM.
INFO	2024-07-03 20:23:52	MarkDuplicates	Read    37,000,000 records.  Elapsed time: 00:02:38s.  Time for last 1,000,000:    3s.  Last read position: chr13:23,251,338
INFO	2024-07-03 20:23:52	MarkDuplicates	Tracking 0 as yet unmatched pairs. 0 records in RAM.
INFO	2024-07-03 20:23:56	MarkDuplicates	Read    38,000,000 records.  Elapsed time: 00:02:42s.  Time for last 1,000,000:    3s.  Last read position: chr13:66,047,493
INFO	2024-07-03 20:23:56	MarkDuplicates	Tracking 0 as yet unmatched pairs. 0 records in RAM.
INFO	2024-07-03 20:23:59	MarkDuplicates	Read    39,000,000 records.  Elapsed time: 00:02:45s.  Time for last 1,000,000:    3s.  Last read position: chr13:114,469,090
INFO	2024-07-03 20:23:59	MarkDuplicates	Tracking 0 as yet unmatched pairs. 0 records in RAM.
INFO	2024-07-03 20:24:03	MarkDuplicates	Read    40,000,000 records.  Elapsed time: 00:02:48s.  Time for last 1,000,000:    3s.  Last read position: chr14:42,453,100
INFO	2024-07-03 20:24:03	MarkDuplicates	Tracking 0 as yet unmatched pairs. 0 records in RAM.
INFO	2024-07-03 20:24:06	MarkDuplicates	Read    41,000,000 records.  Elapsed time: 00:02:52s.  Time for last 1,000,000:    3s.  Last read position: chr14:93,474,063
INFO	2024-07-03 20:24:06	MarkDuplicates	Tracking 0 as yet unmatched pairs. 0 records in RAM.
INFO	2024-07-03 20:24:11	MarkDuplicates	Read    42,000,000 records.  Elapsed time: 00:02:57s.  Time for last 1,000,000:    5s.  Last read position: chr15:35,514,936
INFO	2024-07-03 20:24:11	MarkDuplicates	Tracking 0 as yet unmatched pairs. 0 records in RAM.
INFO	2024-07-03 20:24:15	MarkDuplicates	Read    43,000,000 records.  Elapsed time: 00:03:01s.  Time for last 1,000,000:    3s.  Last read position: chr15:82,146,381
INFO	2024-07-03 20:24:15	MarkDuplicates	Tracking 0 as yet unmatched pairs. 0 records in RAM.
INFO	2024-07-03 20:24:19	MarkDuplicates	Read    44,000,000 records.  Elapsed time: 00:03:05s.  Time for last 1,000,000:    3s.  Last read position: chr16:17,648,971
INFO	2024-07-03 20:24:19	MarkDuplicates	Tracking 0 as yet unmatched pairs. 0 records in RAM.
INFO	2024-07-03 20:24:22	MarkDuplicates	Read    45,000,000 records.  Elapsed time: 00:03:08s.  Time for last 1,000,000:    3s.  Last read position: chr16:64,865,476
INFO	2024-07-03 20:24:22	MarkDuplicates	Tracking 0 as yet unmatched pairs. 0 records in RAM.
INFO	2024-07-03 20:24:27	MarkDuplicates	Read    46,000,000 records.  Elapsed time: 00:03:13s.  Time for last 1,000,000:    4s.  Last read position: chr17:24,987,999
INFO	2024-07-03 20:24:27	MarkDuplicates	Tracking 0 as yet unmatched pairs. 0 records in RAM.
INFO	2024-07-03 20:24:30	MarkDuplicates	Read    47,000,000 records.  Elapsed time: 00:03:16s.  Time for last 1,000,000:    3s.  Last read position: chr17:61,655,953
INFO	2024-07-03 20:24:30	MarkDuplicates	Tracking 0 as yet unmatched pairs. 0 records in RAM.
INFO	2024-07-03 20:24:34	MarkDuplicates	Read    48,000,000 records.  Elapsed time: 00:03:19s.  Time for last 1,000,000:    3s.  Last read position: chr18:16,037,127
INFO	2024-07-03 20:24:34	MarkDuplicates	Tracking 0 as yet unmatched pairs. 0 records in RAM.
INFO	2024-07-03 20:24:39	MarkDuplicates	Read    49,000,000 records.  Elapsed time: 00:03:25s.  Time for last 1,000,000:    5s.  Last read position: chr18:64,500,764
INFO	2024-07-03 20:24:39	MarkDuplicates	Tracking 0 as yet unmatched pairs. 0 records in RAM.
INFO	2024-07-03 20:24:43	MarkDuplicates	Read    50,000,000 records.  Elapsed time: 00:03:28s.  Time for last 1,000,000:    3s.  Last read position: chr19:21,581,536
INFO	2024-07-03 20:24:43	MarkDuplicates	Tracking 0 as yet unmatched pairs. 0 records in RAM.
INFO	2024-07-03 20:24:46	MarkDuplicates	Read    51,000,000 records.  Elapsed time: 00:03:32s.  Time for last 1,000,000:    3s.  Last read position: chrX:13,332,257
INFO	2024-07-03 20:24:46	MarkDuplicates	Tracking 0 as yet unmatched pairs. 0 records in RAM.
INFO	2024-07-03 20:24:50	MarkDuplicates	Read    52,000,000 records.  Elapsed time: 00:03:36s.  Time for last 1,000,000:    4s.  Last read position: chrX:136,307,596
INFO	2024-07-03 20:24:50	MarkDuplicates	Tracking 0 as yet unmatched pairs. 0 records in RAM.
INFO	2024-07-03 20:24:53	MarkDuplicates	Read 52841318 records. 0 pairs never matched.
INFO	2024-07-03 20:24:55	MarkDuplicates	After buildSortedReadEndLists freeMemory: 1684145016; totalMemory: 1729626112; maxMemory: 1908932608
INFO	2024-07-03 20:24:55	MarkDuplicates	Will retain up to 59654144 duplicate indices before spilling to disk.
INFO	2024-07-03 20:24:55	MarkDuplicates	Traversing read pair information and detecting duplicates.
INFO	2024-07-03 20:24:55	MarkDuplicates	Traversing fragment information and detecting duplicates.
INFO	2024-07-03 20:25:09	MarkDuplicates	Sorting list of duplicate records.
INFO	2024-07-03 20:25:09	MarkDuplicates	After generateDuplicateIndexes freeMemory: 1247700128; totalMemory: 1742209024; maxMemory: 1908932608
INFO	2024-07-03 20:25:09	MarkDuplicates	Marking 456288 records as duplicates.
INFO	2024-07-03 20:25:09	MarkDuplicates	Found 0 optical duplicate clusters.
INFO	2024-07-03 20:25:09	MarkDuplicates	Reads are assumed to be ordered by: coordinate
INFO	2024-07-03 20:26:21	MarkDuplicates	Written    10,000,000 records.  Elapsed time: 00:01:11s.  Time for last 10,000,000:   71s.  Last read position: chr3:125,735,150
INFO	2024-07-03 20:27:33	MarkDuplicates	Written    20,000,000 records.  Elapsed time: 00:02:23s.  Time for last 10,000,000:   72s.  Last read position: chr7:3,568,076
INFO	2024-07-03 20:28:49	MarkDuplicates	Written    30,000,000 records.  Elapsed time: 00:03:39s.  Time for last 10,000,000:   75s.  Last read position: chr10:77,350,537
INFO	2024-07-03 20:29:57	MarkDuplicates	Written    40,000,000 records.  Elapsed time: 00:04:48s.  Time for last 10,000,000:   68s.  Last read position: chr14:42,453,100
INFO	2024-07-03 20:31:03	MarkDuplicates	Written    50,000,000 records.  Elapsed time: 00:05:54s.  Time for last 10,000,000:   66s.  Last read position: chr19:21,581,536
INFO	2024-07-03 20:31:25	MarkDuplicates	Writing complete. Closing input iterator.
INFO	2024-07-03 20:31:25	MarkDuplicates	Duplicate Index cleanup.
INFO	2024-07-03 20:31:25	MarkDuplicates	Getting Memory Stats.
INFO	2024-07-03 20:31:25	MarkDuplicates	Before output close freeMemory: 1753965992; totalMemory: 1772617728; maxMemory: 1908932608
INFO	2024-07-03 20:31:25	MarkDuplicates	Closed outputs. Getting more Memory Stats.
INFO	2024-07-03 20:31:25	MarkDuplicates	After output close freeMemory: 1753965992; totalMemory: 1772617728; maxMemory: 1908932608
[Wed Jul 03 20:31:25 CEST 2024] picard.sam.markduplicates.MarkDuplicates done. Elapsed time: 10.20 minutes.
Runtime.totalMemory()=1772617728
[sam grooming] finished successfully at [Wed Jul 3 08:31:45 PM CEST 2024]
[trueStats] Collecting alignment statistics for E14_12h_H3K27ac_ChIP_Yang2019_GSM3314704.bam at [Wed Jul 3 08:32:54 PM CEST 2024]
[bamToWigCPMsmoothKeepDup] Started with bin size: 1 and smoothing over 0 bp and KEEPING DUPLICATES at [Wed Jul 3 08:37:40 PM CEST 2024]
There are 51075366 alignments, of which 396643 are completely within a blacklist region.
Due to filtering, 91.38760584713378% of the aforementioned alignments will be used 46314071.62360073
[bamToWigCPMsmoothKeepDup] finished successfully at [Wed Jul 3 08:59:35 PM CEST 2024]
[file cleanup] started. Good job! at [Wed Jul 3 08:59:35 PM CEST 2024]
cp: cannot stat '*.pdf': No such file or directory
mv: cannot stat '*.bed': No such file or directory
mv: preserving times for '/data/bigWigs/E14_12h_H3K27ac_ChIP_Yang2019_GSM3314704_trimV5_mm10_kpDup_q10_b1_s0_CPM.bw': Operation not permitted
mv: preserving permissions for /data/bigWigs/E14_12h_H3K27ac_ChIP_Yang2019_GSM3314704_trimV5_mm10_kpDup_q10_b1_s0_CPM.bw: Operation not permitted
mv: preserving times for '/data/bams/E14_12h_H3K27ac_ChIP_Yang2019_GSM3314704_trimV5_mm10.bam': Operation not permitted
mv: preserving permissions for /data/bams/E14_12h_H3K27ac_ChIP_Yang2019_GSM3314704_trimV5_mm10.bam: Operation not permitted
mv: preserving times for '/data/bams/E14_12h_H3K27ac_ChIP_Yang2019_GSM3314704_trimV5_mm10.bam.bai': Operation not permitted
mv: preserving permissions for /data/bams/E14_12h_H3K27ac_ChIP_Yang2019_GSM3314704_trimV5_mm10.bam.bai: Operation not permitted
mv: cannot stat '*.gtf': No such file or directory
