SCRATCH: /scratch
ls: cannot access '/data/fastq/E14_36h_H3K4me3_ChIP_Yang2019_GSM3314698*_R2.fastq.gz': No such file or directory
[masterDownload] Data are single-end. at [Wed Jul 3 10:14:23 PM CEST 2024]
[checkDependencies] Checking Dependencies [Wed Jul 3 10:14:23 PM CEST 2024] at [Wed Jul 3 10:14:23 PM CEST 2024]
[setup checkDependencies] trimmomatic... at [Wed Jul 3 10:14:23 PM CEST 2024]
[setup checkDependencies] STAR... at [Wed Jul 3 10:14:23 PM CEST 2024]
[setup checkDependencies] bismark... at [Wed Jul 3 10:14:23 PM CEST 2024]
[setup checkDependencies] bowtie2... at [Wed Jul 3 10:14:23 PM CEST 2024]
[setup checkDependencies] samtools... at [Wed Jul 3 10:14:23 PM CEST 2024]
[setup checkDependencies] picard... at [Wed Jul 3 10:14:23 PM CEST 2024]
[setup checkDependencies] awk... at [Wed Jul 3 10:14:23 PM CEST 2024]
[setup checkDependencies] bamCoverage... at [Wed Jul 3 10:14:23 PM CEST 2024]
[setup checkDependencies] fastqc... at [Wed Jul 3 10:14:23 PM CEST 2024]
[setup checkDependencies] fastq_screen... at [Wed Jul 3 10:14:23 PM CEST 2024]
[setup checkDependencies] stringtie... at [Wed Jul 3 10:14:23 PM CEST 2024]
[setup checkDependencies] clumpify.sh... at [Wed Jul 3 10:14:23 PM CEST 2024]
PAIRED: false
[setUpLogFile] Script started at [Wed Jul 3 10:14:23 PM CEST 2024] at [Wed Jul 3 10:14:23 PM CEST 2024]
[fastQC] started on raw FASTQs at [Wed Jul 3 10:14:23 PM CEST 2024]
Started analysis of E14_36h_H3K4me3_ChIP_Yang2019_GSM3314698_raw.fastq.gz
Approx 5% complete for E14_36h_H3K4me3_ChIP_Yang2019_GSM3314698_raw.fastq.gz
Approx 10% complete for E14_36h_H3K4me3_ChIP_Yang2019_GSM3314698_raw.fastq.gz
Approx 15% complete for E14_36h_H3K4me3_ChIP_Yang2019_GSM3314698_raw.fastq.gz
Approx 20% complete for E14_36h_H3K4me3_ChIP_Yang2019_GSM3314698_raw.fastq.gz
Approx 25% complete for E14_36h_H3K4me3_ChIP_Yang2019_GSM3314698_raw.fastq.gz
Approx 30% complete for E14_36h_H3K4me3_ChIP_Yang2019_GSM3314698_raw.fastq.gz
Approx 35% complete for E14_36h_H3K4me3_ChIP_Yang2019_GSM3314698_raw.fastq.gz
Approx 40% complete for E14_36h_H3K4me3_ChIP_Yang2019_GSM3314698_raw.fastq.gz
Approx 45% complete for E14_36h_H3K4me3_ChIP_Yang2019_GSM3314698_raw.fastq.gz
Approx 50% complete for E14_36h_H3K4me3_ChIP_Yang2019_GSM3314698_raw.fastq.gz
Approx 55% complete for E14_36h_H3K4me3_ChIP_Yang2019_GSM3314698_raw.fastq.gz
Approx 60% complete for E14_36h_H3K4me3_ChIP_Yang2019_GSM3314698_raw.fastq.gz
Approx 65% complete for E14_36h_H3K4me3_ChIP_Yang2019_GSM3314698_raw.fastq.gz
Approx 70% complete for E14_36h_H3K4me3_ChIP_Yang2019_GSM3314698_raw.fastq.gz
Approx 75% complete for E14_36h_H3K4me3_ChIP_Yang2019_GSM3314698_raw.fastq.gz
Approx 80% complete for E14_36h_H3K4me3_ChIP_Yang2019_GSM3314698_raw.fastq.gz
Approx 85% complete for E14_36h_H3K4me3_ChIP_Yang2019_GSM3314698_raw.fastq.gz
Approx 90% complete for E14_36h_H3K4me3_ChIP_Yang2019_GSM3314698_raw.fastq.gz
Approx 95% complete for E14_36h_H3K4me3_ChIP_Yang2019_GSM3314698_raw.fastq.gz
Analysis complete for E14_36h_H3K4me3_ChIP_Yang2019_GSM3314698_raw.fastq.gz
[fastQC] on raw FASTQs finished succesfully. Will remove PCR duplicates now at [Wed Jul 3 10:17:36 PM CEST 2024]
Reads are length: 52 at [Wed Jul 3 10:17:37 PM CEST 2024]
Reads with same sequence 1 or fewer substitutions will be marked as PCR duplicates at [Wed Jul 3 10:17:37 PM CEST 2024]
Removal of PCR duplicates complete! at [Wed Jul 3 10:37:17 PM CEST 2024]
[trimReads] Started using version trimV5 parameters at [Wed Jul 3 10:37:17 PM CEST 2024]
ILLUMINACLIP:/data/reference_genomes/adapters/adapters.fa:2:30:10 SLIDINGWINDOW:4:20 MINLEN:24
[trimReads] Trimming E14_36h_H3K4me3_ChIP_Yang2019_GSM3314698.fastq.gz... at [Wed Jul 3 10:37:17 PM CEST 2024]
[trimReads] Finished successfully at [Wed Jul 3 10:44:47 PM CEST 2024]
[fastQC] started on E14_36h_H3K4me3_ChIP_Yang2019_GSM3314698.fastq.gz E14_36h_H3K4me3_ChIP_Yang2019_GSM3314698_trimV5.fastq.gz at [Wed Jul 3 10:44:47 PM CEST 2024]
Started analysis of E14_36h_H3K4me3_ChIP_Yang2019_GSM3314698.fastq.gz
Started analysis of E14_36h_H3K4me3_ChIP_Yang2019_GSM3314698_trimV5.fastq.gz
Approx 5% complete for E14_36h_H3K4me3_ChIP_Yang2019_GSM3314698.fastq.gz
Approx 5% complete for E14_36h_H3K4me3_ChIP_Yang2019_GSM3314698_trimV5.fastq.gz
Approx 10% complete for E14_36h_H3K4me3_ChIP_Yang2019_GSM3314698.fastq.gz
Approx 10% complete for E14_36h_H3K4me3_ChIP_Yang2019_GSM3314698_trimV5.fastq.gz
Approx 15% complete for E14_36h_H3K4me3_ChIP_Yang2019_GSM3314698.fastq.gz
Approx 15% complete for E14_36h_H3K4me3_ChIP_Yang2019_GSM3314698_trimV5.fastq.gz
Approx 20% complete for E14_36h_H3K4me3_ChIP_Yang2019_GSM3314698.fastq.gz
Approx 20% complete for E14_36h_H3K4me3_ChIP_Yang2019_GSM3314698_trimV5.fastq.gz
Approx 25% complete for E14_36h_H3K4me3_ChIP_Yang2019_GSM3314698_trimV5.fastq.gz
Approx 25% complete for E14_36h_H3K4me3_ChIP_Yang2019_GSM3314698.fastq.gz
Approx 30% complete for E14_36h_H3K4me3_ChIP_Yang2019_GSM3314698_trimV5.fastq.gz
Approx 30% complete for E14_36h_H3K4me3_ChIP_Yang2019_GSM3314698.fastq.gz
Approx 35% complete for E14_36h_H3K4me3_ChIP_Yang2019_GSM3314698_trimV5.fastq.gz
Approx 35% complete for E14_36h_H3K4me3_ChIP_Yang2019_GSM3314698.fastq.gz
Approx 40% complete for E14_36h_H3K4me3_ChIP_Yang2019_GSM3314698_trimV5.fastq.gz
Approx 40% complete for E14_36h_H3K4me3_ChIP_Yang2019_GSM3314698.fastq.gz
Approx 45% complete for E14_36h_H3K4me3_ChIP_Yang2019_GSM3314698_trimV5.fastq.gz
Approx 45% complete for E14_36h_H3K4me3_ChIP_Yang2019_GSM3314698.fastq.gz
Approx 50% complete for E14_36h_H3K4me3_ChIP_Yang2019_GSM3314698_trimV5.fastq.gz
Approx 50% complete for E14_36h_H3K4me3_ChIP_Yang2019_GSM3314698.fastq.gz
Approx 55% complete for E14_36h_H3K4me3_ChIP_Yang2019_GSM3314698_trimV5.fastq.gz
Approx 55% complete for E14_36h_H3K4me3_ChIP_Yang2019_GSM3314698.fastq.gz
Approx 60% complete for E14_36h_H3K4me3_ChIP_Yang2019_GSM3314698_trimV5.fastq.gz
Approx 60% complete for E14_36h_H3K4me3_ChIP_Yang2019_GSM3314698.fastq.gz
Approx 65% complete for E14_36h_H3K4me3_ChIP_Yang2019_GSM3314698_trimV5.fastq.gz
Approx 65% complete for E14_36h_H3K4me3_ChIP_Yang2019_GSM3314698.fastq.gz
Approx 70% complete for E14_36h_H3K4me3_ChIP_Yang2019_GSM3314698_trimV5.fastq.gz
Approx 70% complete for E14_36h_H3K4me3_ChIP_Yang2019_GSM3314698.fastq.gz
Approx 75% complete for E14_36h_H3K4me3_ChIP_Yang2019_GSM3314698_trimV5.fastq.gz
Approx 75% complete for E14_36h_H3K4me3_ChIP_Yang2019_GSM3314698.fastq.gz
Approx 80% complete for E14_36h_H3K4me3_ChIP_Yang2019_GSM3314698_trimV5.fastq.gz
Approx 80% complete for E14_36h_H3K4me3_ChIP_Yang2019_GSM3314698.fastq.gz
Approx 85% complete for E14_36h_H3K4me3_ChIP_Yang2019_GSM3314698_trimV5.fastq.gz
Approx 85% complete for E14_36h_H3K4me3_ChIP_Yang2019_GSM3314698.fastq.gz
Approx 90% complete for E14_36h_H3K4me3_ChIP_Yang2019_GSM3314698_trimV5.fastq.gz
Approx 90% complete for E14_36h_H3K4me3_ChIP_Yang2019_GSM3314698.fastq.gz
Approx 95% complete for E14_36h_H3K4me3_ChIP_Yang2019_GSM3314698_trimV5.fastq.gz
Approx 95% complete for E14_36h_H3K4me3_ChIP_Yang2019_GSM3314698.fastq.gz
Analysis complete for E14_36h_H3K4me3_ChIP_Yang2019_GSM3314698_trimV5.fastq.gz
Analysis complete for E14_36h_H3K4me3_ChIP_Yang2019_GSM3314698.fastq.gz
[fastQC] finished succesfully at [Wed Jul 3 10:47:24 PM CEST 2024]
[bowtie2 alignment] started with reference /data/reference_genomes/mm10/mm10 at [Wed Jul 3 10:47:24 PM CEST 2024]
[alignment] Bowtie2 alignment finished successfully at [Wed Jul 3 11:06:32 PM CEST 2024]
[sam grooming] started at [Wed Jul 3 11:08:05 PM CEST 2024]
23:08:06.481 INFO  NativeLibraryLoader - Loading libgkl_compression.so from jar:file:/home/robin/bin/miniconda3/share/picard-2.26.2-0/picard.jar!/com/intel/gkl/native/libgkl_compression.so
[Wed Jul 03 23:08:06 CEST 2024] CleanSam --INPUT E14_36h_H3K4me3_ChIP_Yang2019_GSM3314698_raw.sam --OUTPUT E14_36h_H3K4me3_ChIP_Yang2019_GSM3314698_cleaned.sam --TMP_DIR . --VERBOSITY INFO --QUIET false --VALIDATION_STRINGENCY STRICT --COMPRESSION_LEVEL 5 --MAX_RECORDS_IN_RAM 500000 --CREATE_INDEX false --CREATE_MD5_FILE false --GA4GH_CLIENT_SECRETS client_secrets.json --help false --version false --showHidden false --USE_JDK_DEFLATER false --USE_JDK_INFLATER false
[Wed Jul 03 23:08:06 CEST 2024] Executing as robin@epipax.ijm.univ-paris-diderot.priv on Linux 6.1.0-21-amd64 amd64; OpenJDK 64-Bit Server VM 1.8.0_332-b09; Deflater: Intel; Inflater: Intel; Provider GCS is not available; Picard version: Version:2.26.2
INFO	2024-07-03 23:08:06	CleanSam	Seen many non-increasing record positions. Printing Read-names as well.
INFO	2024-07-03 23:08:12	CleanSam	Processed     1,000,000 records.  Elapsed time: 00:00:05s.  Time for last 1,000,000:    5s.  Last read position: chr7:119,793,731.  Last read name: SRR7624386.1884807
INFO	2024-07-03 23:08:17	CleanSam	Processed     2,000,000 records.  Elapsed time: 00:00:11s.  Time for last 1,000,000:    5s.  Last read position: chr4:151,128,537.  Last read name: SRR7624386.4377812
INFO	2024-07-03 23:08:22	CleanSam	Processed     3,000,000 records.  Elapsed time: 00:00:16s.  Time for last 1,000,000:    5s.  Last read position: chr5:75,075,671.  Last read name: SRR7624386.18049410
INFO	2024-07-03 23:08:28	CleanSam	Processed     4,000,000 records.  Elapsed time: 00:00:21s.  Time for last 1,000,000:    5s.  Last read position: chr17:73,338,214.  Last read name: SRR7624386.11864333
INFO	2024-07-03 23:08:33	CleanSam	Processed     5,000,000 records.  Elapsed time: 00:00:26s.  Time for last 1,000,000:    5s.  Last read position: chr7:68,509,214.  Last read name: SRR7624386.26194267
INFO	2024-07-03 23:08:38	CleanSam	Processed     6,000,000 records.  Elapsed time: 00:00:31s.  Time for last 1,000,000:    5s.  Last read position: chr3:82,278,934.  Last read name: SRR7624386.2336749
INFO	2024-07-03 23:08:43	CleanSam	Processed     7,000,000 records.  Elapsed time: 00:00:36s.  Time for last 1,000,000:    5s.  Last read position: chr17:34,218,577.  Last read name: SRR7624386.14624202
INFO	2024-07-03 23:08:48	CleanSam	Processed     8,000,000 records.  Elapsed time: 00:00:41s.  Time for last 1,000,000:    4s.  Last read position: chr2:73,858,231.  Last read name: SRR7624386.1133594
INFO	2024-07-03 23:08:53	CleanSam	Processed     9,000,000 records.  Elapsed time: 00:00:46s.  Time for last 1,000,000:    4s.  Last read position: chr10:8,539,113.  Last read name: SRR7624386.3171715
INFO	2024-07-03 23:08:58	CleanSam	Processed    10,000,000 records.  Elapsed time: 00:00:51s.  Time for last 1,000,000:    5s.  Last read position: chr4:33,239,751.  Last read name: SRR7624386.25819946
INFO	2024-07-03 23:09:03	CleanSam	Processed    11,000,000 records.  Elapsed time: 00:00:57s.  Time for last 1,000,000:    5s.  Last read position: chr4:143,684,693.  Last read name: SRR7624386.46651681
INFO	2024-07-03 23:09:09	CleanSam	Processed    12,000,000 records.  Elapsed time: 00:01:02s.  Time for last 1,000,000:    5s.  Last read position: chr10:27,281,197.  Last read name: SRR7624386.29916566
INFO	2024-07-03 23:09:14	CleanSam	Processed    13,000,000 records.  Elapsed time: 00:01:07s.  Time for last 1,000,000:    5s.  Last read position: chr7:6,364,984.  Last read name: SRR7624386.26142741
INFO	2024-07-03 23:09:19	CleanSam	Processed    14,000,000 records.  Elapsed time: 00:01:12s.  Time for last 1,000,000:    4s.  Last read position: chr15:77,956,033.  Last read name: SRR7624386.38837151
INFO	2024-07-03 23:09:24	CleanSam	Processed    15,000,000 records.  Elapsed time: 00:01:17s.  Time for last 1,000,000:    5s.  Last read position: chr3:51,037,272.  Last read name: SRR7624386.36516801
INFO	2024-07-03 23:09:29	CleanSam	Processed    16,000,000 records.  Elapsed time: 00:01:22s.  Time for last 1,000,000:    5s.  Last read position: chr10:84,528,741.  Last read name: SRR7624386.27358035
INFO	2024-07-03 23:09:34	CleanSam	Processed    17,000,000 records.  Elapsed time: 00:01:27s.  Time for last 1,000,000:    5s.  Last read position: chr11:63,168,661.  Last read name: SRR7624386.35596280
INFO	2024-07-03 23:09:40	CleanSam	Processed    18,000,000 records.  Elapsed time: 00:01:33s.  Time for last 1,000,000:    5s.  Last read position: chr3:66,145,510.  Last read name: SRR7624386.42254988
INFO	2024-07-03 23:09:45	CleanSam	Processed    19,000,000 records.  Elapsed time: 00:01:39s.  Time for last 1,000,000:    5s.  Last read position: chrY:16,773,921.  Last read name: SRR7624386.21540873
INFO	2024-07-03 23:09:51	CleanSam	Processed    20,000,000 records.  Elapsed time: 00:01:44s.  Time for last 1,000,000:    5s.  Last read position: chr15:79,118,825.  Last read name: SRR7624386.11684047
INFO	2024-07-03 23:09:57	CleanSam	Processed    21,000,000 records.  Elapsed time: 00:01:50s.  Time for last 1,000,000:    5s.  Last read position: chr3:154,332,897.  Last read name: SRR7624386.36595638
INFO	2024-07-03 23:10:02	CleanSam	Processed    22,000,000 records.  Elapsed time: 00:01:56s.  Time for last 1,000,000:    5s.  Last read position: chr14:70,289,721.  Last read name: SRR7624386.14404890
INFO	2024-07-03 23:10:08	CleanSam	Processed    23,000,000 records.  Elapsed time: 00:02:01s.  Time for last 1,000,000:    5s.  Last read position: chr4:152,360,726.  Last read name: SRR7624386.1516289
INFO	2024-07-03 23:10:13	CleanSam	Processed    24,000,000 records.  Elapsed time: 00:02:06s.  Time for last 1,000,000:    5s.  Last read position: chr10:63,338,618.  Last read name: SRR7624386.3208304
INFO	2024-07-03 23:10:18	CleanSam	Processed    25,000,000 records.  Elapsed time: 00:02:11s.  Time for last 1,000,000:    5s.  Last read position: chr8:124,722,410.  Last read name: SRR7624386.12890290
INFO	2024-07-03 23:10:23	CleanSam	Processed    26,000,000 records.  Elapsed time: 00:02:17s.  Time for last 1,000,000:    5s.  Last read position: chr18:25,374,883.  Last read name: SRR7624386.954057
INFO	2024-07-03 23:10:29	CleanSam	Processed    27,000,000 records.  Elapsed time: 00:02:22s.  Time for last 1,000,000:    5s.  Last read position: chr13:23,426,842.  Last read name: SRR7624386.25078741
INFO	2024-07-03 23:10:34	CleanSam	Processed    28,000,000 records.  Elapsed time: 00:02:27s.  Time for last 1,000,000:    5s.  Last read position: chr2:92,560,949.  Last read name: SRR7624386.20392411
INFO	2024-07-03 23:10:39	CleanSam	Processed    29,000,000 records.  Elapsed time: 00:02:32s.  Time for last 1,000,000:    4s.  Last read position: chr4:47,205,048.  Last read name: SRR7624386.28387651
INFO	2024-07-03 23:10:44	CleanSam	Processed    30,000,000 records.  Elapsed time: 00:02:38s.  Time for last 1,000,000:    5s.  Last read position: chr11:96,464,445.  Last read name: SRR7624386.32898166
INFO	2024-07-03 23:10:49	CleanSam	Processed    31,000,000 records.  Elapsed time: 00:02:43s.  Time for last 1,000,000:    5s.  Last read position: chr6:88,204,555.  Last read name: SRR7624386.23538001
INFO	2024-07-03 23:10:55	CleanSam	Processed    32,000,000 records.  Elapsed time: 00:02:48s.  Time for last 1,000,000:    5s.  Last read position: chr8:43,569,148.  Last read name: SRR7624386.37996909
INFO	2024-07-03 23:11:00	CleanSam	Processed    33,000,000 records.  Elapsed time: 00:02:53s.  Time for last 1,000,000:    5s.  Last read position: chr4:45,018,728.  Last read name: SRR7624386.12313931
INFO	2024-07-03 23:11:05	CleanSam	Processed    34,000,000 records.  Elapsed time: 00:02:59s.  Time for last 1,000,000:    5s.  Last read position: chr1:37,890,593.  Last read name: SRR7624386.11028117
[Wed Jul 03 23:11:15 CEST 2024] picard.sam.CleanSam done. Elapsed time: 3.15 minutes.
Runtime.totalMemory()=926941184
23:11:17.755 INFO  NativeLibraryLoader - Loading libgkl_compression.so from jar:file:/home/robin/bin/miniconda3/share/picard-2.26.2-0/picard.jar!/com/intel/gkl/native/libgkl_compression.so
[Wed Jul 03 23:11:17 CEST 2024] SamFormatConverter --INPUT E14_36h_H3K4me3_ChIP_Yang2019_GSM3314698_cleaned.sam --OUTPUT E14_36h_H3K4me3_ChIP_Yang2019_GSM3314698_unsorted.bam --TMP_DIR . --VERBOSITY INFO --QUIET false --VALIDATION_STRINGENCY STRICT --COMPRESSION_LEVEL 5 --MAX_RECORDS_IN_RAM 500000 --CREATE_INDEX false --CREATE_MD5_FILE false --GA4GH_CLIENT_SECRETS client_secrets.json --help false --version false --showHidden false --USE_JDK_DEFLATER false --USE_JDK_INFLATER false
[Wed Jul 03 23:11:17 CEST 2024] Executing as robin@epipax.ijm.univ-paris-diderot.priv on Linux 6.1.0-21-amd64 amd64; OpenJDK 64-Bit Server VM 1.8.0_332-b09; Deflater: Intel; Inflater: Intel; Provider GCS is not available; Picard version: Version:2.26.2
INFO	2024-07-03 23:11:19	SamFormatConverter	Seen many non-increasing record positions. Printing Read-names as well.
INFO	2024-07-03 23:11:28	SamFormatConverter	Processed     1,000,000 records.  Elapsed time: 00:00:09s.  Time for last 1,000,000:    9s.  Last read position: chr7:119,793,731.  Last read name: SRR7624386.1884807
INFO	2024-07-03 23:11:38	SamFormatConverter	Processed     2,000,000 records.  Elapsed time: 00:00:19s.  Time for last 1,000,000:    9s.  Last read position: chr4:151,128,537.  Last read name: SRR7624386.4377812
INFO	2024-07-03 23:11:46	SamFormatConverter	Processed     3,000,000 records.  Elapsed time: 00:00:27s.  Time for last 1,000,000:    8s.  Last read position: chr5:75,075,671.  Last read name: SRR7624386.18049410
INFO	2024-07-03 23:11:56	SamFormatConverter	Processed     4,000,000 records.  Elapsed time: 00:00:37s.  Time for last 1,000,000:    9s.  Last read position: chr17:73,338,214.  Last read name: SRR7624386.11864333
INFO	2024-07-03 23:12:04	SamFormatConverter	Processed     5,000,000 records.  Elapsed time: 00:00:45s.  Time for last 1,000,000:    8s.  Last read position: chr7:68,509,214.  Last read name: SRR7624386.26194267
INFO	2024-07-03 23:12:12	SamFormatConverter	Processed     6,000,000 records.  Elapsed time: 00:00:53s.  Time for last 1,000,000:    8s.  Last read position: chr3:82,278,934.  Last read name: SRR7624386.2336749
INFO	2024-07-03 23:12:22	SamFormatConverter	Processed     7,000,000 records.  Elapsed time: 00:01:03s.  Time for last 1,000,000:    9s.  Last read position: chr17:34,218,577.  Last read name: SRR7624386.14624202
INFO	2024-07-03 23:12:30	SamFormatConverter	Processed     8,000,000 records.  Elapsed time: 00:01:11s.  Time for last 1,000,000:    8s.  Last read position: chr2:73,858,231.  Last read name: SRR7624386.1133594
INFO	2024-07-03 23:12:39	SamFormatConverter	Processed     9,000,000 records.  Elapsed time: 00:01:20s.  Time for last 1,000,000:    8s.  Last read position: chr10:8,539,113.  Last read name: SRR7624386.3171715
INFO	2024-07-03 23:12:48	SamFormatConverter	Processed    10,000,000 records.  Elapsed time: 00:01:29s.  Time for last 1,000,000:    9s.  Last read position: chr4:33,239,751.  Last read name: SRR7624386.25819946
INFO	2024-07-03 23:12:57	SamFormatConverter	Processed    11,000,000 records.  Elapsed time: 00:01:38s.  Time for last 1,000,000:    8s.  Last read position: chr4:143,684,693.  Last read name: SRR7624386.46651681
INFO	2024-07-03 23:13:05	SamFormatConverter	Processed    12,000,000 records.  Elapsed time: 00:01:46s.  Time for last 1,000,000:    8s.  Last read position: chr10:27,281,197.  Last read name: SRR7624386.29916566
INFO	2024-07-03 23:13:13	SamFormatConverter	Processed    13,000,000 records.  Elapsed time: 00:01:54s.  Time for last 1,000,000:    8s.  Last read position: chr7:6,364,984.  Last read name: SRR7624386.26142741
INFO	2024-07-03 23:13:22	SamFormatConverter	Processed    14,000,000 records.  Elapsed time: 00:02:03s.  Time for last 1,000,000:    8s.  Last read position: chr15:77,956,033.  Last read name: SRR7624386.38837151
INFO	2024-07-03 23:13:33	SamFormatConverter	Processed    15,000,000 records.  Elapsed time: 00:02:15s.  Time for last 1,000,000:   11s.  Last read position: chr3:51,037,272.  Last read name: SRR7624386.36516801
INFO	2024-07-03 23:13:44	SamFormatConverter	Processed    16,000,000 records.  Elapsed time: 00:02:25s.  Time for last 1,000,000:   10s.  Last read position: chr10:84,528,741.  Last read name: SRR7624386.27358035
INFO	2024-07-03 23:13:53	SamFormatConverter	Processed    17,000,000 records.  Elapsed time: 00:02:34s.  Time for last 1,000,000:    9s.  Last read position: chr11:63,168,661.  Last read name: SRR7624386.35596280
INFO	2024-07-03 23:14:02	SamFormatConverter	Processed    18,000,000 records.  Elapsed time: 00:02:43s.  Time for last 1,000,000:    9s.  Last read position: chr3:66,145,510.  Last read name: SRR7624386.42254988
INFO	2024-07-03 23:14:11	SamFormatConverter	Processed    19,000,000 records.  Elapsed time: 00:02:52s.  Time for last 1,000,000:    8s.  Last read position: chrY:16,773,921.  Last read name: SRR7624386.21540873
INFO	2024-07-03 23:14:20	SamFormatConverter	Processed    20,000,000 records.  Elapsed time: 00:03:01s.  Time for last 1,000,000:    8s.  Last read position: chr15:79,118,825.  Last read name: SRR7624386.11684047
INFO	2024-07-03 23:14:29	SamFormatConverter	Processed    21,000,000 records.  Elapsed time: 00:03:10s.  Time for last 1,000,000:    9s.  Last read position: chr3:154,332,897.  Last read name: SRR7624386.36595638
INFO	2024-07-03 23:14:37	SamFormatConverter	Processed    22,000,000 records.  Elapsed time: 00:03:19s.  Time for last 1,000,000:    8s.  Last read position: chr14:70,289,721.  Last read name: SRR7624386.14404890
INFO	2024-07-03 23:14:47	SamFormatConverter	Processed    23,000,000 records.  Elapsed time: 00:03:28s.  Time for last 1,000,000:    9s.  Last read position: chr4:152,360,726.  Last read name: SRR7624386.1516289
INFO	2024-07-03 23:14:56	SamFormatConverter	Processed    24,000,000 records.  Elapsed time: 00:03:37s.  Time for last 1,000,000:    9s.  Last read position: chr10:63,338,618.  Last read name: SRR7624386.3208304
INFO	2024-07-03 23:15:05	SamFormatConverter	Processed    25,000,000 records.  Elapsed time: 00:03:46s.  Time for last 1,000,000:    8s.  Last read position: chr8:124,722,410.  Last read name: SRR7624386.12890290
INFO	2024-07-03 23:15:13	SamFormatConverter	Processed    26,000,000 records.  Elapsed time: 00:03:54s.  Time for last 1,000,000:    8s.  Last read position: chr18:25,374,883.  Last read name: SRR7624386.954057
INFO	2024-07-03 23:15:22	SamFormatConverter	Processed    27,000,000 records.  Elapsed time: 00:04:03s.  Time for last 1,000,000:    8s.  Last read position: chr13:23,426,842.  Last read name: SRR7624386.25078741
INFO	2024-07-03 23:15:31	SamFormatConverter	Processed    28,000,000 records.  Elapsed time: 00:04:12s.  Time for last 1,000,000:    8s.  Last read position: chr2:92,560,949.  Last read name: SRR7624386.20392411
INFO	2024-07-03 23:15:39	SamFormatConverter	Processed    29,000,000 records.  Elapsed time: 00:04:20s.  Time for last 1,000,000:    8s.  Last read position: chr4:47,205,048.  Last read name: SRR7624386.28387651
INFO	2024-07-03 23:15:48	SamFormatConverter	Processed    30,000,000 records.  Elapsed time: 00:04:29s.  Time for last 1,000,000:    8s.  Last read position: chr11:96,464,445.  Last read name: SRR7624386.32898166
INFO	2024-07-03 23:15:56	SamFormatConverter	Processed    31,000,000 records.  Elapsed time: 00:04:37s.  Time for last 1,000,000:    8s.  Last read position: chr6:88,204,555.  Last read name: SRR7624386.23538001
INFO	2024-07-03 23:16:06	SamFormatConverter	Processed    32,000,000 records.  Elapsed time: 00:04:47s.  Time for last 1,000,000:    9s.  Last read position: chr8:43,569,148.  Last read name: SRR7624386.37996909
INFO	2024-07-03 23:16:15	SamFormatConverter	Processed    33,000,000 records.  Elapsed time: 00:04:56s.  Time for last 1,000,000:    9s.  Last read position: chr4:45,018,728.  Last read name: SRR7624386.12313931
INFO	2024-07-03 23:16:24	SamFormatConverter	Processed    34,000,000 records.  Elapsed time: 00:05:05s.  Time for last 1,000,000:    8s.  Last read position: chr1:37,890,593.  Last read name: SRR7624386.11028117
[Wed Jul 03 23:16:29 CEST 2024] picard.sam.SamFormatConverter done. Elapsed time: 5.20 minutes.
Runtime.totalMemory()=1043333120
23:16:31.605 INFO  NativeLibraryLoader - Loading libgkl_compression.so from jar:file:/home/robin/bin/miniconda3/share/picard-2.26.2-0/picard.jar!/com/intel/gkl/native/libgkl_compression.so
[Wed Jul 03 23:16:31 CEST 2024] SortSam --INPUT E14_36h_H3K4me3_ChIP_Yang2019_GSM3314698_unsorted.bam --OUTPUT E14_36h_H3K4me3_ChIP_Yang2019_GSM3314698_sorted.bam --SORT_ORDER coordinate --TMP_DIR . --VERBOSITY INFO --QUIET false --VALIDATION_STRINGENCY STRICT --COMPRESSION_LEVEL 5 --MAX_RECORDS_IN_RAM 500000 --CREATE_INDEX false --CREATE_MD5_FILE false --GA4GH_CLIENT_SECRETS client_secrets.json --help false --version false --showHidden false --USE_JDK_DEFLATER false --USE_JDK_INFLATER false
[Wed Jul 03 23:16:31 CEST 2024] Executing as robin@epipax.ijm.univ-paris-diderot.priv on Linux 6.1.0-21-amd64 amd64; OpenJDK 64-Bit Server VM 1.8.0_332-b09; Deflater: Intel; Inflater: Intel; Provider GCS is not available; Picard version: Version:2.26.2
INFO	2024-07-03 23:16:32	SortSam	Seen many non-increasing record positions. Printing Read-names as well.
INFO	2024-07-03 23:17:39	SortSam	Read    10,000,000 records.  Elapsed time: 00:01:07s.  Time for last 10,000,000:   67s.  Last read position: chr4:33,239,751.  Last read name: SRR7624386.25819946
INFO	2024-07-03 23:18:42	SortSam	Read    20,000,000 records.  Elapsed time: 00:02:10s.  Time for last 10,000,000:   63s.  Last read position: chr15:79,118,825.  Last read name: SRR7624386.11684047
INFO	2024-07-03 23:19:39	SortSam	Read    30,000,000 records.  Elapsed time: 00:03:07s.  Time for last 10,000,000:   56s.  Last read position: chr11:96,464,445.  Last read name: SRR7624386.32898166
INFO	2024-07-03 23:20:02	SortSam	Finished reading inputs, merging and writing to output now.
INFO	2024-07-03 23:20:54	SortSam	Wrote    10,000,000 records from a sorting collection.  Elapsed time: 00:04:22s.  Time for last 10,000,000:   49s.  Last read position: chr5:112,276,152
INFO	2024-07-03 23:21:43	SortSam	Wrote    20,000,000 records from a sorting collection.  Elapsed time: 00:05:11s.  Time for last 10,000,000:   49s.  Last read position: chr11:3,191,166
INFO	2024-07-03 23:22:30	SortSam	Wrote    30,000,000 records from a sorting collection.  Elapsed time: 00:05:58s.  Time for last 10,000,000:   46s.  Last read position: chr17:52,530,821
[Wed Jul 03 23:22:52 CEST 2024] picard.sam.SortSam done. Elapsed time: 6.34 minutes.
Runtime.totalMemory()=1703411712
23:22:53.242 INFO  NativeLibraryLoader - Loading libgkl_compression.so from jar:file:/home/robin/bin/miniconda3/share/picard-2.26.2-0/picard.jar!/com/intel/gkl/native/libgkl_compression.so
[Wed Jul 03 23:22:53 CEST 2024] MarkDuplicates --INPUT E14_36h_H3K4me3_ChIP_Yang2019_GSM3314698_sorted.bam --OUTPUT E14_36h_H3K4me3_ChIP_Yang2019_GSM3314698.bam --METRICS_FILE E14_36h_H3K4me3_ChIP_Yang2019_GSM3314698_markDupeMetrics.txt --REMOVE_DUPLICATES false --TMP_DIR . --MAX_SEQUENCES_FOR_DISK_READ_ENDS_MAP 50000 --MAX_FILE_HANDLES_FOR_READ_ENDS_MAP 8000 --SORTING_COLLECTION_SIZE_RATIO 0.25 --TAG_DUPLICATE_SET_MEMBERS false --REMOVE_SEQUENCING_DUPLICATES false --TAGGING_POLICY DontTag --CLEAR_DT true --DUPLEX_UMI false --ADD_PG_TAG_TO_READS true --ASSUME_SORTED false --DUPLICATE_SCORING_STRATEGY SUM_OF_BASE_QUALITIES --PROGRAM_RECORD_ID MarkDuplicates --PROGRAM_GROUP_NAME MarkDuplicates --READ_NAME_REGEX <optimized capture of last three ':' separated fields as numeric values> --OPTICAL_DUPLICATE_PIXEL_DISTANCE 100 --MAX_OPTICAL_DUPLICATE_SET_SIZE 300000 --VERBOSITY INFO --QUIET false --VALIDATION_STRINGENCY STRICT --COMPRESSION_LEVEL 5 --MAX_RECORDS_IN_RAM 500000 --CREATE_INDEX false --CREATE_MD5_FILE false --GA4GH_CLIENT_SECRETS client_secrets.json --help false --version false --showHidden false --USE_JDK_DEFLATER false --USE_JDK_INFLATER false
[Wed Jul 03 23:22:53 CEST 2024] Executing as robin@epipax.ijm.univ-paris-diderot.priv on Linux 6.1.0-21-amd64 amd64; OpenJDK 64-Bit Server VM 1.8.0_332-b09; Deflater: Intel; Inflater: Intel; Provider GCS is not available; Picard version: Version:2.26.2
INFO	2024-07-03 23:22:53	MarkDuplicates	Start of doWork freeMemory: 501502376; totalMemory: 514850816; maxMemory: 1908932608
INFO	2024-07-03 23:22:53	MarkDuplicates	Reading input file and constructing read end information.
INFO	2024-07-03 23:22:53	MarkDuplicates	Will retain up to 6916422 data points before spilling to disk.
WARNING	2024-07-03 23:22:53	AbstractOpticalDuplicateFinderCommandLineProgram	A field field parsed out of a read name was expected to contain an integer and did not. Read name: SRR7624386.5228986. Cause: String 'SRR7624386.5228986' did not start with a parsable number.
INFO	2024-07-03 23:22:57	MarkDuplicates	Read     1,000,000 records.  Elapsed time: 00:00:04s.  Time for last 1,000,000:    4s.  Last read position: chr1:91,251,266
INFO	2024-07-03 23:22:57	MarkDuplicates	Tracking 0 as yet unmatched pairs. 0 records in RAM.
INFO	2024-07-03 23:23:01	MarkDuplicates	Read     2,000,000 records.  Elapsed time: 00:00:08s.  Time for last 1,000,000:    3s.  Last read position: chr1:181,750,434
INFO	2024-07-03 23:23:01	MarkDuplicates	Tracking 0 as yet unmatched pairs. 0 records in RAM.
INFO	2024-07-03 23:23:05	MarkDuplicates	Read     3,000,000 records.  Elapsed time: 00:00:11s.  Time for last 1,000,000:    3s.  Last read position: chr2:69,206,131
INFO	2024-07-03 23:23:05	MarkDuplicates	Tracking 0 as yet unmatched pairs. 0 records in RAM.
INFO	2024-07-03 23:23:11	MarkDuplicates	Read     4,000,000 records.  Elapsed time: 00:00:17s.  Time for last 1,000,000:    6s.  Last read position: chr2:135,646,797
INFO	2024-07-03 23:23:11	MarkDuplicates	Tracking 0 as yet unmatched pairs. 0 records in RAM.
INFO	2024-07-03 23:23:15	MarkDuplicates	Read     5,000,000 records.  Elapsed time: 00:00:21s.  Time for last 1,000,000:    3s.  Last read position: chr3:25,835,261
INFO	2024-07-03 23:23:15	MarkDuplicates	Tracking 0 as yet unmatched pairs. 0 records in RAM.
INFO	2024-07-03 23:23:19	MarkDuplicates	Read     6,000,000 records.  Elapsed time: 00:00:25s.  Time for last 1,000,000:    3s.  Last read position: chr3:106,330,368
INFO	2024-07-03 23:23:19	MarkDuplicates	Tracking 0 as yet unmatched pairs. 0 records in RAM.
INFO	2024-07-03 23:23:29	MarkDuplicates	Read     7,000,000 records.  Elapsed time: 00:00:35s.  Time for last 1,000,000:   10s.  Last read position: chr4:45,408,355
INFO	2024-07-03 23:23:29	MarkDuplicates	Tracking 0 as yet unmatched pairs. 0 records in RAM.
INFO	2024-07-03 23:23:32	MarkDuplicates	Read     8,000,000 records.  Elapsed time: 00:00:39s.  Time for last 1,000,000:    3s.  Last read position: chr4:129,226,336
INFO	2024-07-03 23:23:32	MarkDuplicates	Tracking 0 as yet unmatched pairs. 0 records in RAM.
INFO	2024-07-03 23:23:36	MarkDuplicates	Read     9,000,000 records.  Elapsed time: 00:00:43s.  Time for last 1,000,000:    3s.  Last read position: chr5:25,025,785
INFO	2024-07-03 23:23:36	MarkDuplicates	Tracking 0 as yet unmatched pairs. 0 records in RAM.
INFO	2024-07-03 23:23:40	MarkDuplicates	Read    10,000,000 records.  Elapsed time: 00:00:47s.  Time for last 1,000,000:    3s.  Last read position: chr5:112,276,152
INFO	2024-07-03 23:23:40	MarkDuplicates	Tracking 0 as yet unmatched pairs. 0 records in RAM.
INFO	2024-07-03 23:23:44	MarkDuplicates	Read    11,000,000 records.  Elapsed time: 00:00:51s.  Time for last 1,000,000:    3s.  Last read position: chr6:19,260,141
INFO	2024-07-03 23:23:44	MarkDuplicates	Tracking 0 as yet unmatched pairs. 0 records in RAM.
INFO	2024-07-03 23:23:48	MarkDuplicates	Read    12,000,000 records.  Elapsed time: 00:00:54s.  Time for last 1,000,000:    3s.  Last read position: chr6:106,769,755
INFO	2024-07-03 23:23:48	MarkDuplicates	Tracking 0 as yet unmatched pairs. 0 records in RAM.
INFO	2024-07-03 23:23:55	MarkDuplicates	Read    13,000,000 records.  Elapsed time: 00:01:01s.  Time for last 1,000,000:    6s.  Last read position: chr7:25,753,557
INFO	2024-07-03 23:23:55	MarkDuplicates	Tracking 0 as yet unmatched pairs. 0 records in RAM.
INFO	2024-07-03 23:24:01	MarkDuplicates	Read    14,000,000 records.  Elapsed time: 00:01:07s.  Time for last 1,000,000:    6s.  Last read position: chr7:98,599,521
INFO	2024-07-03 23:24:01	MarkDuplicates	Tracking 0 as yet unmatched pairs. 0 records in RAM.
INFO	2024-07-03 23:24:04	MarkDuplicates	Read    15,000,000 records.  Elapsed time: 00:01:11s.  Time for last 1,000,000:    3s.  Last read position: chr8:23,410,475
INFO	2024-07-03 23:24:04	MarkDuplicates	Tracking 0 as yet unmatched pairs. 0 records in RAM.
INFO	2024-07-03 23:24:08	MarkDuplicates	Read    16,000,000 records.  Elapsed time: 00:01:14s.  Time for last 1,000,000:    3s.  Last read position: chr8:104,180,097
INFO	2024-07-03 23:24:08	MarkDuplicates	Tracking 0 as yet unmatched pairs. 0 records in RAM.
INFO	2024-07-03 23:24:12	MarkDuplicates	Read    17,000,000 records.  Elapsed time: 00:01:18s.  Time for last 1,000,000:    3s.  Last read position: chr9:36,768,498
INFO	2024-07-03 23:24:12	MarkDuplicates	Tracking 0 as yet unmatched pairs. 0 records in RAM.
INFO	2024-07-03 23:24:15	MarkDuplicates	Read    18,000,000 records.  Elapsed time: 00:01:22s.  Time for last 1,000,000:    3s.  Last read position: chr9:107,848,992
INFO	2024-07-03 23:24:15	MarkDuplicates	Tracking 0 as yet unmatched pairs. 0 records in RAM.
INFO	2024-07-03 23:24:19	MarkDuplicates	Read    19,000,000 records.  Elapsed time: 00:01:25s.  Time for last 1,000,000:    3s.  Last read position: chr10:62,865,577
INFO	2024-07-03 23:24:19	MarkDuplicates	Tracking 0 as yet unmatched pairs. 0 records in RAM.
INFO	2024-07-03 23:24:26	MarkDuplicates	Read    20,000,000 records.  Elapsed time: 00:01:32s.  Time for last 1,000,000:    7s.  Last read position: chr11:3,191,166
INFO	2024-07-03 23:24:26	MarkDuplicates	Tracking 0 as yet unmatched pairs. 0 records in RAM.
INFO	2024-07-03 23:24:32	MarkDuplicates	Read    21,000,000 records.  Elapsed time: 00:01:38s.  Time for last 1,000,000:    5s.  Last read position: chr11:70,520,384
INFO	2024-07-03 23:24:32	MarkDuplicates	Tracking 0 as yet unmatched pairs. 0 records in RAM.
INFO	2024-07-03 23:24:36	MarkDuplicates	Read    22,000,000 records.  Elapsed time: 00:01:42s.  Time for last 1,000,000:    3s.  Last read position: chr11:116,164,940
INFO	2024-07-03 23:24:36	MarkDuplicates	Tracking 0 as yet unmatched pairs. 0 records in RAM.
INFO	2024-07-03 23:24:40	MarkDuplicates	Read    23,000,000 records.  Elapsed time: 00:01:46s.  Time for last 1,000,000:    4s.  Last read position: chr12:77,861,722
INFO	2024-07-03 23:24:40	MarkDuplicates	Tracking 0 as yet unmatched pairs. 0 records in RAM.
INFO	2024-07-03 23:24:44	MarkDuplicates	Read    24,000,000 records.  Elapsed time: 00:01:50s.  Time for last 1,000,000:    3s.  Last read position: chr13:37,410,525
INFO	2024-07-03 23:24:44	MarkDuplicates	Tracking 0 as yet unmatched pairs. 0 records in RAM.
INFO	2024-07-03 23:24:48	MarkDuplicates	Read    25,000,000 records.  Elapsed time: 00:01:54s.  Time for last 1,000,000:    3s.  Last read position: chr13:111,905,939
INFO	2024-07-03 23:24:48	MarkDuplicates	Tracking 0 as yet unmatched pairs. 0 records in RAM.
INFO	2024-07-03 23:24:52	MarkDuplicates	Read    26,000,000 records.  Elapsed time: 00:01:58s.  Time for last 1,000,000:    3s.  Last read position: chr14:63,458,446
INFO	2024-07-03 23:24:52	MarkDuplicates	Tracking 0 as yet unmatched pairs. 0 records in RAM.
INFO	2024-07-03 23:24:56	MarkDuplicates	Read    27,000,000 records.  Elapsed time: 00:02:02s.  Time for last 1,000,000:    4s.  Last read position: chr15:49,262,625
INFO	2024-07-03 23:24:56	MarkDuplicates	Tracking 0 as yet unmatched pairs. 0 records in RAM.
INFO	2024-07-03 23:25:02	MarkDuplicates	Read    28,000,000 records.  Elapsed time: 00:02:08s.  Time for last 1,000,000:    5s.  Last read position: chr16:8,791,938
INFO	2024-07-03 23:25:02	MarkDuplicates	Tracking 0 as yet unmatched pairs. 0 records in RAM.
INFO	2024-07-03 23:25:05	MarkDuplicates	Read    29,000,000 records.  Elapsed time: 00:02:12s.  Time for last 1,000,000:    3s.  Last read position: chr16:97,997,380
INFO	2024-07-03 23:25:05	MarkDuplicates	Tracking 0 as yet unmatched pairs. 0 records in RAM.
INFO	2024-07-03 23:25:09	MarkDuplicates	Read    30,000,000 records.  Elapsed time: 00:02:16s.  Time for last 1,000,000:    3s.  Last read position: chr17:52,530,821
INFO	2024-07-03 23:25:09	MarkDuplicates	Tracking 0 as yet unmatched pairs. 0 records in RAM.
INFO	2024-07-03 23:25:13	MarkDuplicates	Read    31,000,000 records.  Elapsed time: 00:02:19s.  Time for last 1,000,000:    3s.  Last read position: chr18:42,104,216
INFO	2024-07-03 23:25:13	MarkDuplicates	Tracking 0 as yet unmatched pairs. 0 records in RAM.
INFO	2024-07-03 23:25:17	MarkDuplicates	Read    32,000,000 records.  Elapsed time: 00:02:23s.  Time for last 1,000,000:    3s.  Last read position: chr19:29,250,565
INFO	2024-07-03 23:25:17	MarkDuplicates	Tracking 0 as yet unmatched pairs. 0 records in RAM.
INFO	2024-07-03 23:25:21	MarkDuplicates	Read    33,000,000 records.  Elapsed time: 00:02:27s.  Time for last 1,000,000:    4s.  Last read position: chrX:87,902,485
INFO	2024-07-03 23:25:21	MarkDuplicates	Tracking 0 as yet unmatched pairs. 0 records in RAM.
INFO	2024-07-03 23:25:25	MarkDuplicates	Read    34,000,000 records.  Elapsed time: 00:02:32s.  Time for last 1,000,000:    4s.  Last read position: chrUn_JH584304:88,253
INFO	2024-07-03 23:25:25	MarkDuplicates	Tracking 0 as yet unmatched pairs. 0 records in RAM.
INFO	2024-07-03 23:25:26	MarkDuplicates	Read 34055416 records. 0 pairs never matched.
INFO	2024-07-03 23:25:28	MarkDuplicates	After buildSortedReadEndLists freeMemory: 1357071920; totalMemory: 1400373248; maxMemory: 1908932608
INFO	2024-07-03 23:25:28	MarkDuplicates	Will retain up to 59654144 duplicate indices before spilling to disk.
INFO	2024-07-03 23:25:29	MarkDuplicates	Traversing read pair information and detecting duplicates.
INFO	2024-07-03 23:25:29	MarkDuplicates	Traversing fragment information and detecting duplicates.
INFO	2024-07-03 23:25:39	MarkDuplicates	Sorting list of duplicate records.
INFO	2024-07-03 23:25:39	MarkDuplicates	After generateDuplicateIndexes freeMemory: 858636264; totalMemory: 1351614464; maxMemory: 1908932608
INFO	2024-07-03 23:25:39	MarkDuplicates	Marking 541056 records as duplicates.
INFO	2024-07-03 23:25:39	MarkDuplicates	Found 0 optical duplicate clusters.
INFO	2024-07-03 23:25:39	MarkDuplicates	Reads are assumed to be ordered by: coordinate
INFO	2024-07-03 23:26:48	MarkDuplicates	Written    10,000,000 records.  Elapsed time: 00:01:08s.  Time for last 10,000,000:   68s.  Last read position: chr5:112,276,152
INFO	2024-07-03 23:27:55	MarkDuplicates	Written    20,000,000 records.  Elapsed time: 00:02:16s.  Time for last 10,000,000:   67s.  Last read position: chr11:3,191,166
INFO	2024-07-03 23:29:03	MarkDuplicates	Written    30,000,000 records.  Elapsed time: 00:03:24s.  Time for last 10,000,000:   67s.  Last read position: chr17:52,530,821
INFO	2024-07-03 23:29:34	MarkDuplicates	Writing complete. Closing input iterator.
INFO	2024-07-03 23:29:34	MarkDuplicates	Duplicate Index cleanup.
INFO	2024-07-03 23:29:34	MarkDuplicates	Getting Memory Stats.
INFO	2024-07-03 23:29:34	MarkDuplicates	Before output close freeMemory: 1449525648; totalMemory: 1468006400; maxMemory: 1908932608
INFO	2024-07-03 23:29:34	MarkDuplicates	Closed outputs. Getting more Memory Stats.
INFO	2024-07-03 23:29:34	MarkDuplicates	After output close freeMemory: 1449525648; totalMemory: 1468006400; maxMemory: 1908932608
[Wed Jul 03 23:29:34 CEST 2024] picard.sam.markduplicates.MarkDuplicates done. Elapsed time: 6.69 minutes.
Runtime.totalMemory()=1468006400
[sam grooming] finished successfully at [Wed Jul 3 11:29:43 PM CEST 2024]
[trueStats] Collecting alignment statistics for E14_36h_H3K4me3_ChIP_Yang2019_GSM3314698.bam at [Wed Jul 3 11:30:28 PM CEST 2024]
[bamToWigCPMsmoothKeepDup] Started with bin size: 1 and smoothing over 0 bp and KEEPING DUPLICATES at [Wed Jul 3 11:33:46 PM CEST 2024]
There are 32675271 alignments, of which 442370 are completely within a blacklist region.
Due to filtering, 88.79663381802402% of the aforementioned alignments will be used 28621731.069896203
[bamToWigCPMsmoothKeepDup] finished successfully at [Wed Jul 3 11:52:26 PM CEST 2024]
[file cleanup] started. Good job! at [Wed Jul 3 11:52:26 PM CEST 2024]
cp: cannot stat '*.pdf': No such file or directory
mv: cannot stat '*.bed': No such file or directory
mv: preserving times for '/data/bigWigs/E14_36h_H3K4me3_ChIP_Yang2019_GSM3314698_trimV5_mm10_kpDup_q10_b1_s0_CPM.bw': Operation not permitted
mv: preserving permissions for ‘/data/bigWigs/E14_36h_H3K4me3_ChIP_Yang2019_GSM3314698_trimV5_mm10_kpDup_q10_b1_s0_CPM.bw’: Operation not permitted
mv: preserving times for '/data/bams/E14_36h_H3K4me3_ChIP_Yang2019_GSM3314698_trimV5_mm10.bam': Operation not permitted
mv: preserving permissions for ‘/data/bams/E14_36h_H3K4me3_ChIP_Yang2019_GSM3314698_trimV5_mm10.bam’: Operation not permitted
mv: preserving times for '/data/bams/E14_36h_H3K4me3_ChIP_Yang2019_GSM3314698_trimV5_mm10.bam.bai': Operation not permitted
mv: preserving permissions for ‘/data/bams/E14_36h_H3K4me3_ChIP_Yang2019_GSM3314698_trimV5_mm10.bam.bai’: Operation not permitted
mv: cannot stat '*.gtf': No such file or directory
