SCRATCH: /scratch
ls: cannot access '/data/fastq/E14_24h_H3K4me1_ChIP_Yang2019_GSM3314721*_R2.fastq.gz': No such file or directory
[masterDownload] Data are single-end. at [Wed Jul 3 08:42:13 PM CEST 2024]
[checkDependencies] Checking Dependencies [Wed Jul 3 08:42:13 PM CEST 2024] at [Wed Jul 3 08:42:13 PM CEST 2024]
[setup checkDependencies] trimmomatic... at [Wed Jul 3 08:42:13 PM CEST 2024]
[setup checkDependencies] STAR... at [Wed Jul 3 08:42:13 PM CEST 2024]
[setup checkDependencies] bismark... at [Wed Jul 3 08:42:13 PM CEST 2024]
[setup checkDependencies] bowtie2... at [Wed Jul 3 08:42:13 PM CEST 2024]
[setup checkDependencies] samtools... at [Wed Jul 3 08:42:13 PM CEST 2024]
[setup checkDependencies] picard... at [Wed Jul 3 08:42:14 PM CEST 2024]
[setup checkDependencies] awk... at [Wed Jul 3 08:42:14 PM CEST 2024]
[setup checkDependencies] bamCoverage... at [Wed Jul 3 08:42:14 PM CEST 2024]
[setup checkDependencies] fastqc... at [Wed Jul 3 08:42:14 PM CEST 2024]
[setup checkDependencies] fastq_screen... at [Wed Jul 3 08:42:14 PM CEST 2024]
[setup checkDependencies] stringtie... at [Wed Jul 3 08:42:14 PM CEST 2024]
[setup checkDependencies] clumpify.sh... at [Wed Jul 3 08:42:14 PM CEST 2024]
PAIRED: false
[setUpLogFile] Script started at [Wed Jul 3 08:42:14 PM CEST 2024] at [Wed Jul 3 08:42:14 PM CEST 2024]
[fastQC] started on raw FASTQs at [Wed Jul 3 08:42:14 PM CEST 2024]
Started analysis of E14_24h_H3K4me1_ChIP_Yang2019_GSM3314721_raw.fastq.gz
Approx 5% complete for E14_24h_H3K4me1_ChIP_Yang2019_GSM3314721_raw.fastq.gz
Approx 10% complete for E14_24h_H3K4me1_ChIP_Yang2019_GSM3314721_raw.fastq.gz
Approx 15% complete for E14_24h_H3K4me1_ChIP_Yang2019_GSM3314721_raw.fastq.gz
Approx 20% complete for E14_24h_H3K4me1_ChIP_Yang2019_GSM3314721_raw.fastq.gz
Approx 25% complete for E14_24h_H3K4me1_ChIP_Yang2019_GSM3314721_raw.fastq.gz
Approx 30% complete for E14_24h_H3K4me1_ChIP_Yang2019_GSM3314721_raw.fastq.gz
Approx 35% complete for E14_24h_H3K4me1_ChIP_Yang2019_GSM3314721_raw.fastq.gz
Approx 40% complete for E14_24h_H3K4me1_ChIP_Yang2019_GSM3314721_raw.fastq.gz
Approx 45% complete for E14_24h_H3K4me1_ChIP_Yang2019_GSM3314721_raw.fastq.gz
Approx 50% complete for E14_24h_H3K4me1_ChIP_Yang2019_GSM3314721_raw.fastq.gz
Approx 55% complete for E14_24h_H3K4me1_ChIP_Yang2019_GSM3314721_raw.fastq.gz
Approx 60% complete for E14_24h_H3K4me1_ChIP_Yang2019_GSM3314721_raw.fastq.gz
Approx 65% complete for E14_24h_H3K4me1_ChIP_Yang2019_GSM3314721_raw.fastq.gz
Approx 70% complete for E14_24h_H3K4me1_ChIP_Yang2019_GSM3314721_raw.fastq.gz
Approx 75% complete for E14_24h_H3K4me1_ChIP_Yang2019_GSM3314721_raw.fastq.gz
Approx 80% complete for E14_24h_H3K4me1_ChIP_Yang2019_GSM3314721_raw.fastq.gz
Approx 85% complete for E14_24h_H3K4me1_ChIP_Yang2019_GSM3314721_raw.fastq.gz
Approx 90% complete for E14_24h_H3K4me1_ChIP_Yang2019_GSM3314721_raw.fastq.gz
Approx 95% complete for E14_24h_H3K4me1_ChIP_Yang2019_GSM3314721_raw.fastq.gz
Analysis complete for E14_24h_H3K4me1_ChIP_Yang2019_GSM3314721_raw.fastq.gz
[fastQC] on raw FASTQs finished succesfully. Will remove PCR duplicates now at [Wed Jul 3 08:45:40 PM CEST 2024]
Reads are length: 52 at [Wed Jul 3 08:45:40 PM CEST 2024]
Reads with same sequence 1 or fewer substitutions will be marked as PCR duplicates at [Wed Jul 3 08:45:40 PM CEST 2024]
Removal of PCR duplicates complete! at [Wed Jul 3 09:09:41 PM CEST 2024]
[trimReads] Started using version trimV5 parameters at [Wed Jul 3 09:09:41 PM CEST 2024]
ILLUMINACLIP:/data/reference_genomes/adapters/adapters.fa:2:30:10 SLIDINGWINDOW:4:20 MINLEN:24
[trimReads] Trimming E14_24h_H3K4me1_ChIP_Yang2019_GSM3314721.fastq.gz... at [Wed Jul 3 09:09:41 PM CEST 2024]
[trimReads] Finished successfully at [Wed Jul 3 09:20:50 PM CEST 2024]
[fastQC] started on E14_24h_H3K4me1_ChIP_Yang2019_GSM3314721.fastq.gz E14_24h_H3K4me1_ChIP_Yang2019_GSM3314721_trimV5.fastq.gz at [Wed Jul 3 09:20:50 PM CEST 2024]
Started analysis of E14_24h_H3K4me1_ChIP_Yang2019_GSM3314721.fastq.gz
Started analysis of E14_24h_H3K4me1_ChIP_Yang2019_GSM3314721_trimV5.fastq.gz
Approx 5% complete for E14_24h_H3K4me1_ChIP_Yang2019_GSM3314721.fastq.gz
Approx 5% complete for E14_24h_H3K4me1_ChIP_Yang2019_GSM3314721_trimV5.fastq.gz
Approx 10% complete for E14_24h_H3K4me1_ChIP_Yang2019_GSM3314721.fastq.gz
Approx 10% complete for E14_24h_H3K4me1_ChIP_Yang2019_GSM3314721_trimV5.fastq.gz
Approx 15% complete for E14_24h_H3K4me1_ChIP_Yang2019_GSM3314721.fastq.gz
Approx 15% complete for E14_24h_H3K4me1_ChIP_Yang2019_GSM3314721_trimV5.fastq.gz
Approx 20% complete for E14_24h_H3K4me1_ChIP_Yang2019_GSM3314721.fastq.gz
Approx 20% complete for E14_24h_H3K4me1_ChIP_Yang2019_GSM3314721_trimV5.fastq.gz
Approx 25% complete for E14_24h_H3K4me1_ChIP_Yang2019_GSM3314721.fastq.gz
Approx 25% complete for E14_24h_H3K4me1_ChIP_Yang2019_GSM3314721_trimV5.fastq.gz
Approx 30% complete for E14_24h_H3K4me1_ChIP_Yang2019_GSM3314721.fastq.gz
Approx 30% complete for E14_24h_H3K4me1_ChIP_Yang2019_GSM3314721_trimV5.fastq.gz
Approx 35% complete for E14_24h_H3K4me1_ChIP_Yang2019_GSM3314721.fastq.gz
Approx 35% complete for E14_24h_H3K4me1_ChIP_Yang2019_GSM3314721_trimV5.fastq.gz
Approx 40% complete for E14_24h_H3K4me1_ChIP_Yang2019_GSM3314721_trimV5.fastq.gz
Approx 40% complete for E14_24h_H3K4me1_ChIP_Yang2019_GSM3314721.fastq.gz
Approx 45% complete for E14_24h_H3K4me1_ChIP_Yang2019_GSM3314721_trimV5.fastq.gz
Approx 45% complete for E14_24h_H3K4me1_ChIP_Yang2019_GSM3314721.fastq.gz
Approx 50% complete for E14_24h_H3K4me1_ChIP_Yang2019_GSM3314721_trimV5.fastq.gz
Approx 50% complete for E14_24h_H3K4me1_ChIP_Yang2019_GSM3314721.fastq.gz
Approx 55% complete for E14_24h_H3K4me1_ChIP_Yang2019_GSM3314721_trimV5.fastq.gz
Approx 55% complete for E14_24h_H3K4me1_ChIP_Yang2019_GSM3314721.fastq.gz
Approx 60% complete for E14_24h_H3K4me1_ChIP_Yang2019_GSM3314721_trimV5.fastq.gz
Approx 60% complete for E14_24h_H3K4me1_ChIP_Yang2019_GSM3314721.fastq.gz
Approx 65% complete for E14_24h_H3K4me1_ChIP_Yang2019_GSM3314721_trimV5.fastq.gz
Approx 65% complete for E14_24h_H3K4me1_ChIP_Yang2019_GSM3314721.fastq.gz
Approx 70% complete for E14_24h_H3K4me1_ChIP_Yang2019_GSM3314721_trimV5.fastq.gz
Approx 70% complete for E14_24h_H3K4me1_ChIP_Yang2019_GSM3314721.fastq.gz
Approx 75% complete for E14_24h_H3K4me1_ChIP_Yang2019_GSM3314721_trimV5.fastq.gz
Approx 75% complete for E14_24h_H3K4me1_ChIP_Yang2019_GSM3314721.fastq.gz
Approx 80% complete for E14_24h_H3K4me1_ChIP_Yang2019_GSM3314721_trimV5.fastq.gz
Approx 80% complete for E14_24h_H3K4me1_ChIP_Yang2019_GSM3314721.fastq.gz
Approx 85% complete for E14_24h_H3K4me1_ChIP_Yang2019_GSM3314721_trimV5.fastq.gz
Approx 85% complete for E14_24h_H3K4me1_ChIP_Yang2019_GSM3314721.fastq.gz
Approx 90% complete for E14_24h_H3K4me1_ChIP_Yang2019_GSM3314721_trimV5.fastq.gz
Approx 90% complete for E14_24h_H3K4me1_ChIP_Yang2019_GSM3314721.fastq.gz
Approx 95% complete for E14_24h_H3K4me1_ChIP_Yang2019_GSM3314721_trimV5.fastq.gz
Approx 95% complete for E14_24h_H3K4me1_ChIP_Yang2019_GSM3314721.fastq.gz
Analysis complete for E14_24h_H3K4me1_ChIP_Yang2019_GSM3314721_trimV5.fastq.gz
Analysis complete for E14_24h_H3K4me1_ChIP_Yang2019_GSM3314721.fastq.gz
[fastQC] finished succesfully at [Wed Jul 3 09:24:05 PM CEST 2024]
[bowtie2 alignment] started with reference /data/reference_genomes/mm10/mm10 at [Wed Jul 3 09:24:05 PM CEST 2024]
[alignment] Bowtie2 alignment finished successfully at [Wed Jul 3 09:47:31 PM CEST 2024]
[sam grooming] started at [Wed Jul 3 09:49:00 PM CEST 2024]
21:49:00.958 INFO  NativeLibraryLoader - Loading libgkl_compression.so from jar:file:/home/robin/bin/miniconda3/share/picard-2.26.2-0/picard.jar!/com/intel/gkl/native/libgkl_compression.so
[Wed Jul 03 21:49:01 CEST 2024] CleanSam --INPUT E14_24h_H3K4me1_ChIP_Yang2019_GSM3314721_raw.sam --OUTPUT E14_24h_H3K4me1_ChIP_Yang2019_GSM3314721_cleaned.sam --TMP_DIR . --VERBOSITY INFO --QUIET false --VALIDATION_STRINGENCY STRICT --COMPRESSION_LEVEL 5 --MAX_RECORDS_IN_RAM 500000 --CREATE_INDEX false --CREATE_MD5_FILE false --GA4GH_CLIENT_SECRETS client_secrets.json --help false --version false --showHidden false --USE_JDK_DEFLATER false --USE_JDK_INFLATER false
[Wed Jul 03 21:49:01 CEST 2024] Executing as robin@epipax.ijm.univ-paris-diderot.priv on Linux 6.1.0-21-amd64 amd64; OpenJDK 64-Bit Server VM 1.8.0_332-b09; Deflater: Intel; Inflater: Intel; Provider GCS is not available; Picard version: Version:2.26.2
INFO	2024-07-03 21:49:01	CleanSam	Seen many non-increasing record positions. Printing Read-names as well.
INFO	2024-07-03 21:49:06	CleanSam	Processed     1,000,000 records.  Elapsed time: 00:00:05s.  Time for last 1,000,000:    5s.  Last read position: chr5:123,003,280.  Last read name: SRR7624409.15747347
INFO	2024-07-03 21:49:11	CleanSam	Processed     2,000,000 records.  Elapsed time: 00:00:10s.  Time for last 1,000,000:    5s.  Last read position: chr5:121,410,235.  Last read name: SRR7624409.34698711
INFO	2024-07-03 21:49:17	CleanSam	Processed     3,000,000 records.  Elapsed time: 00:00:15s.  Time for last 1,000,000:    5s.  Last read position: chr3:67,679,625.  Last read name: SRR7624409.7071533
INFO	2024-07-03 21:49:22	CleanSam	Processed     4,000,000 records.  Elapsed time: 00:00:21s.  Time for last 1,000,000:    5s.  Last read position: chr7:17,009,396.  Last read name: SRR7624409.13879751
INFO	2024-07-03 21:49:27	CleanSam	Processed     5,000,000 records.  Elapsed time: 00:00:26s.  Time for last 1,000,000:    5s.  Last read position: chr11:115,411,723.  Last read name: SRR7624409.39048078
INFO	2024-07-03 21:49:32	CleanSam	Processed     6,000,000 records.  Elapsed time: 00:00:31s.  Time for last 1,000,000:    5s.  Last read position: chr6:49,204,212.  Last read name: SRR7624409.46319120
INFO	2024-07-03 21:49:37	CleanSam	Processed     7,000,000 records.  Elapsed time: 00:00:36s.  Time for last 1,000,000:    5s.  Last read position: chr14:99,441,787.  Last read name: SRR7624409.28154582
INFO	2024-07-03 21:49:42	CleanSam	Processed     8,000,000 records.  Elapsed time: 00:00:41s.  Time for last 1,000,000:    4s.  Last read position: chr7:102,009,042.  Last read name: SRR7624409.34973524
INFO	2024-07-03 21:49:47	CleanSam	Processed     9,000,000 records.  Elapsed time: 00:00:46s.  Time for last 1,000,000:    5s.  Last read position: chr8:117,492,726.  Last read name: SRR7624409.46676869
INFO	2024-07-03 21:49:53	CleanSam	Processed    10,000,000 records.  Elapsed time: 00:00:52s.  Time for last 1,000,000:    5s.  Last read position: chr5:124,871,740.  Last read name: SRR7624409.29144715
INFO	2024-07-03 21:49:59	CleanSam	Processed    11,000,000 records.  Elapsed time: 00:00:57s.  Time for last 1,000,000:    5s.  Last read position: chr6:125,150,223.  Last read name: SRR7624409.41317034
INFO	2024-07-03 21:50:04	CleanSam	Processed    12,000,000 records.  Elapsed time: 00:01:03s.  Time for last 1,000,000:    5s.  Last read position: chr1:181,274,344.  Last read name: SRR7624409.22396527
INFO	2024-07-03 21:50:10	CleanSam	Processed    13,000,000 records.  Elapsed time: 00:01:09s.  Time for last 1,000,000:    5s.  Last read position: chr7:49,582,879.  Last read name: SRR7624409.2203678
INFO	2024-07-03 21:50:15	CleanSam	Processed    14,000,000 records.  Elapsed time: 00:01:14s.  Time for last 1,000,000:    5s.  Last read position: chr18:64,947,364.  Last read name: SRR7624409.17874834
INFO	2024-07-03 21:50:21	CleanSam	Processed    15,000,000 records.  Elapsed time: 00:01:19s.  Time for last 1,000,000:    5s.  Last read position: chr10:63,175,556.  Last read name: SRR7624409.35916545
INFO	2024-07-03 21:50:26	CleanSam	Processed    16,000,000 records.  Elapsed time: 00:01:25s.  Time for last 1,000,000:    5s.  Last read position: chr7:49,226,140.  Last read name: SRR7624409.21523389
INFO	2024-07-03 21:50:32	CleanSam	Processed    17,000,000 records.  Elapsed time: 00:01:30s.  Time for last 1,000,000:    5s.  Last read position: chr3:141,446,494.  Last read name: SRR7624409.37255416
INFO	2024-07-03 21:50:37	CleanSam	Processed    18,000,000 records.  Elapsed time: 00:01:36s.  Time for last 1,000,000:    5s.  Last read position: chr7:92,903,497.  Last read name: SRR7624409.26786486
INFO	2024-07-03 21:50:42	CleanSam	Processed    19,000,000 records.  Elapsed time: 00:01:41s.  Time for last 1,000,000:    5s.  Last read position: chr2:35,493,620.  Last read name: SRR7624409.1355586
INFO	2024-07-03 21:50:48	CleanSam	Processed    20,000,000 records.  Elapsed time: 00:01:47s.  Time for last 1,000,000:    5s.  Last read position: chr6:137,646,109.  Last read name: SRR7624409.26699150
INFO	2024-07-03 21:50:54	CleanSam	Processed    21,000,000 records.  Elapsed time: 00:01:52s.  Time for last 1,000,000:    5s.  Last read position: chr2:154,535,006.  Last read name: SRR7624409.12463526
INFO	2024-07-03 21:50:59	CleanSam	Processed    22,000,000 records.  Elapsed time: 00:01:58s.  Time for last 1,000,000:    5s.  Last read position: chrX:14,656,498.  Last read name: SRR7624409.46839176
INFO	2024-07-03 21:51:04	CleanSam	Processed    23,000,000 records.  Elapsed time: 00:02:03s.  Time for last 1,000,000:    5s.  Last read position: chr10:127,163,434.  Last read name: SRR7624409.22524996
INFO	2024-07-03 21:51:10	CleanSam	Processed    24,000,000 records.  Elapsed time: 00:02:09s.  Time for last 1,000,000:    5s.  Last read position: chr2:134,671,922.  Last read name: SRR7624409.41511592
INFO	2024-07-03 21:51:15	CleanSam	Processed    25,000,000 records.  Elapsed time: 00:02:14s.  Time for last 1,000,000:    5s.  Last read position: chr17:84,195,832.  Last read name: SRR7624409.33954740
INFO	2024-07-03 21:51:20	CleanSam	Processed    26,000,000 records.  Elapsed time: 00:02:19s.  Time for last 1,000,000:    5s.  Last read position: chr2:144,711,317.  Last read name: SRR7624409.9658475
INFO	2024-07-03 21:51:25	CleanSam	Processed    27,000,000 records.  Elapsed time: 00:02:24s.  Time for last 1,000,000:    5s.  Last read position: chr2:69,793,041.  Last read name: SRR7624409.37009807
INFO	2024-07-03 21:51:30	CleanSam	Processed    28,000,000 records.  Elapsed time: 00:02:29s.  Time for last 1,000,000:    5s.  Last read position: chr2:86,504,916.  Last read name: SRR7624409.6925939
INFO	2024-07-03 21:51:35	CleanSam	Processed    29,000,000 records.  Elapsed time: 00:02:34s.  Time for last 1,000,000:    5s.  Last read position: chr9:96,657,568.  Last read name: SRR7624409.2543046
INFO	2024-07-03 21:51:41	CleanSam	Processed    30,000,000 records.  Elapsed time: 00:02:40s.  Time for last 1,000,000:    5s.  Last read position: chr17:46,892,420.  Last read name: SRR7624409.36734999
INFO	2024-07-03 21:51:46	CleanSam	Processed    31,000,000 records.  Elapsed time: 00:02:45s.  Time for last 1,000,000:    5s.  Last read position: chr16:78,324,038.  Last read name: SRR7624409.39564344
INFO	2024-07-03 21:51:51	CleanSam	Processed    32,000,000 records.  Elapsed time: 00:02:50s.  Time for last 1,000,000:    5s.  Last read position: chrX:123,612,691.  Last read name: SRR7624409.38389339
INFO	2024-07-03 21:51:56	CleanSam	Processed    33,000,000 records.  Elapsed time: 00:02:55s.  Time for last 1,000,000:    5s.  Last read position: chr4:49,865,276.  Last read name: SRR7624409.40227277
INFO	2024-07-03 21:52:01	CleanSam	Processed    34,000,000 records.  Elapsed time: 00:03:00s.  Time for last 1,000,000:    4s.  Last read position: chr11:87,707,723.  Last read name: SRR7624409.44785046
INFO	2024-07-03 21:52:06	CleanSam	Processed    35,000,000 records.  Elapsed time: 00:03:05s.  Time for last 1,000,000:    5s.  Last read position: chr4:44,232,164.  Last read name: SRR7624409.32873792
INFO	2024-07-03 21:52:11	CleanSam	Processed    36,000,000 records.  Elapsed time: 00:03:10s.  Time for last 1,000,000:    4s.  Last read position: chr14:121,743,011.  Last read name: SRR7624409.22975916
INFO	2024-07-03 21:52:16	CleanSam	Processed    37,000,000 records.  Elapsed time: 00:03:15s.  Time for last 1,000,000:    5s.  Last read position: chr19:9,074,850.  Last read name: SRR7624409.34058836
INFO	2024-07-03 21:52:21	CleanSam	Processed    38,000,000 records.  Elapsed time: 00:03:20s.  Time for last 1,000,000:    5s.  Last read position: chr10:62,867,115.  Last read name: SRR7624409.3255169
INFO	2024-07-03 21:52:26	CleanSam	Processed    39,000,000 records.  Elapsed time: 00:03:25s.  Time for last 1,000,000:    5s.  Last read position: chr16:52,758,265.  Last read name: SRR7624409.23132866
INFO	2024-07-03 21:52:32	CleanSam	Processed    40,000,000 records.  Elapsed time: 00:03:30s.  Time for last 1,000,000:    5s.  Last read position: chr17:56,105,286.  Last read name: SRR7624409.19360004
INFO	2024-07-03 21:52:37	CleanSam	Processed    41,000,000 records.  Elapsed time: 00:03:36s.  Time for last 1,000,000:    5s.  Last read position: chr11:89,867,689.  Last read name: SRR7624409.41942352
[Wed Jul 03 21:52:51 CEST 2024] picard.sam.CleanSam done. Elapsed time: 3.84 minutes.
Runtime.totalMemory()=708837376
21:52:53.164 INFO  NativeLibraryLoader - Loading libgkl_compression.so from jar:file:/home/robin/bin/miniconda3/share/picard-2.26.2-0/picard.jar!/com/intel/gkl/native/libgkl_compression.so
[Wed Jul 03 21:52:53 CEST 2024] SamFormatConverter --INPUT E14_24h_H3K4me1_ChIP_Yang2019_GSM3314721_cleaned.sam --OUTPUT E14_24h_H3K4me1_ChIP_Yang2019_GSM3314721_unsorted.bam --TMP_DIR . --VERBOSITY INFO --QUIET false --VALIDATION_STRINGENCY STRICT --COMPRESSION_LEVEL 5 --MAX_RECORDS_IN_RAM 500000 --CREATE_INDEX false --CREATE_MD5_FILE false --GA4GH_CLIENT_SECRETS client_secrets.json --help false --version false --showHidden false --USE_JDK_DEFLATER false --USE_JDK_INFLATER false
[Wed Jul 03 21:52:53 CEST 2024] Executing as robin@epipax.ijm.univ-paris-diderot.priv on Linux 6.1.0-21-amd64 amd64; OpenJDK 64-Bit Server VM 1.8.0_332-b09; Deflater: Intel; Inflater: Intel; Provider GCS is not available; Picard version: Version:2.26.2
INFO	2024-07-03 21:52:54	SamFormatConverter	Seen many non-increasing record positions. Printing Read-names as well.
INFO	2024-07-03 21:53:03	SamFormatConverter	Processed     1,000,000 records.  Elapsed time: 00:00:09s.  Time for last 1,000,000:    9s.  Last read position: chr5:123,003,280.  Last read name: SRR7624409.15747347
INFO	2024-07-03 21:53:12	SamFormatConverter	Processed     2,000,000 records.  Elapsed time: 00:00:17s.  Time for last 1,000,000:    8s.  Last read position: chr5:121,410,235.  Last read name: SRR7624409.34698711
INFO	2024-07-03 21:53:20	SamFormatConverter	Processed     3,000,000 records.  Elapsed time: 00:00:26s.  Time for last 1,000,000:    8s.  Last read position: chr3:67,679,625.  Last read name: SRR7624409.7071533
INFO	2024-07-03 21:53:29	SamFormatConverter	Processed     4,000,000 records.  Elapsed time: 00:00:35s.  Time for last 1,000,000:    8s.  Last read position: chr7:17,009,396.  Last read name: SRR7624409.13879751
INFO	2024-07-03 21:53:38	SamFormatConverter	Processed     5,000,000 records.  Elapsed time: 00:00:43s.  Time for last 1,000,000:    8s.  Last read position: chr11:115,411,723.  Last read name: SRR7624409.39048078
INFO	2024-07-03 21:53:46	SamFormatConverter	Processed     6,000,000 records.  Elapsed time: 00:00:52s.  Time for last 1,000,000:    8s.  Last read position: chr6:49,204,212.  Last read name: SRR7624409.46319120
INFO	2024-07-03 21:53:54	SamFormatConverter	Processed     7,000,000 records.  Elapsed time: 00:01:00s.  Time for last 1,000,000:    8s.  Last read position: chr14:99,441,787.  Last read name: SRR7624409.28154582
INFO	2024-07-03 21:54:03	SamFormatConverter	Processed     8,000,000 records.  Elapsed time: 00:01:09s.  Time for last 1,000,000:    8s.  Last read position: chr7:102,009,042.  Last read name: SRR7624409.34973524
INFO	2024-07-03 21:54:12	SamFormatConverter	Processed     9,000,000 records.  Elapsed time: 00:01:18s.  Time for last 1,000,000:    9s.  Last read position: chr8:117,492,726.  Last read name: SRR7624409.46676869
INFO	2024-07-03 21:54:21	SamFormatConverter	Processed    10,000,000 records.  Elapsed time: 00:01:27s.  Time for last 1,000,000:    8s.  Last read position: chr5:124,871,740.  Last read name: SRR7624409.29144715
INFO	2024-07-03 21:54:30	SamFormatConverter	Processed    11,000,000 records.  Elapsed time: 00:01:35s.  Time for last 1,000,000:    8s.  Last read position: chr6:125,150,223.  Last read name: SRR7624409.41317034
INFO	2024-07-03 21:54:38	SamFormatConverter	Processed    12,000,000 records.  Elapsed time: 00:01:44s.  Time for last 1,000,000:    8s.  Last read position: chr1:181,274,344.  Last read name: SRR7624409.22396527
INFO	2024-07-03 21:54:47	SamFormatConverter	Processed    13,000,000 records.  Elapsed time: 00:01:52s.  Time for last 1,000,000:    8s.  Last read position: chr7:49,582,879.  Last read name: SRR7624409.2203678
INFO	2024-07-03 21:54:55	SamFormatConverter	Processed    14,000,000 records.  Elapsed time: 00:02:01s.  Time for last 1,000,000:    8s.  Last read position: chr18:64,947,364.  Last read name: SRR7624409.17874834
INFO	2024-07-03 21:55:04	SamFormatConverter	Processed    15,000,000 records.  Elapsed time: 00:02:09s.  Time for last 1,000,000:    8s.  Last read position: chr10:63,175,556.  Last read name: SRR7624409.35916545
INFO	2024-07-03 21:55:12	SamFormatConverter	Processed    16,000,000 records.  Elapsed time: 00:02:18s.  Time for last 1,000,000:    8s.  Last read position: chr7:49,226,140.  Last read name: SRR7624409.21523389
INFO	2024-07-03 21:55:20	SamFormatConverter	Processed    17,000,000 records.  Elapsed time: 00:02:26s.  Time for last 1,000,000:    8s.  Last read position: chr3:141,446,494.  Last read name: SRR7624409.37255416
INFO	2024-07-03 21:55:28	SamFormatConverter	Processed    18,000,000 records.  Elapsed time: 00:02:34s.  Time for last 1,000,000:    8s.  Last read position: chr7:92,903,497.  Last read name: SRR7624409.26786486
INFO	2024-07-03 21:55:37	SamFormatConverter	Processed    19,000,000 records.  Elapsed time: 00:02:42s.  Time for last 1,000,000:    8s.  Last read position: chr2:35,493,620.  Last read name: SRR7624409.1355586
INFO	2024-07-03 21:55:45	SamFormatConverter	Processed    20,000,000 records.  Elapsed time: 00:02:51s.  Time for last 1,000,000:    8s.  Last read position: chr6:137,646,109.  Last read name: SRR7624409.26699150
INFO	2024-07-03 21:55:53	SamFormatConverter	Processed    21,000,000 records.  Elapsed time: 00:02:58s.  Time for last 1,000,000:    7s.  Last read position: chr2:154,535,006.  Last read name: SRR7624409.12463526
INFO	2024-07-03 21:56:01	SamFormatConverter	Processed    22,000,000 records.  Elapsed time: 00:03:07s.  Time for last 1,000,000:    8s.  Last read position: chrX:14,656,498.  Last read name: SRR7624409.46839176
INFO	2024-07-03 21:56:10	SamFormatConverter	Processed    23,000,000 records.  Elapsed time: 00:03:15s.  Time for last 1,000,000:    8s.  Last read position: chr10:127,163,434.  Last read name: SRR7624409.22524996
INFO	2024-07-03 21:56:18	SamFormatConverter	Processed    24,000,000 records.  Elapsed time: 00:03:23s.  Time for last 1,000,000:    7s.  Last read position: chr2:134,671,922.  Last read name: SRR7624409.41511592
INFO	2024-07-03 21:56:26	SamFormatConverter	Processed    25,000,000 records.  Elapsed time: 00:03:31s.  Time for last 1,000,000:    8s.  Last read position: chr17:84,195,832.  Last read name: SRR7624409.33954740
INFO	2024-07-03 21:56:35	SamFormatConverter	Processed    26,000,000 records.  Elapsed time: 00:03:40s.  Time for last 1,000,000:    8s.  Last read position: chr2:144,711,317.  Last read name: SRR7624409.9658475
INFO	2024-07-03 21:56:43	SamFormatConverter	Processed    27,000,000 records.  Elapsed time: 00:03:48s.  Time for last 1,000,000:    8s.  Last read position: chr2:69,793,041.  Last read name: SRR7624409.37009807
INFO	2024-07-03 21:56:51	SamFormatConverter	Processed    28,000,000 records.  Elapsed time: 00:03:57s.  Time for last 1,000,000:    8s.  Last read position: chr2:86,504,916.  Last read name: SRR7624409.6925939
INFO	2024-07-03 21:57:00	SamFormatConverter	Processed    29,000,000 records.  Elapsed time: 00:04:06s.  Time for last 1,000,000:    9s.  Last read position: chr9:96,657,568.  Last read name: SRR7624409.2543046
INFO	2024-07-03 21:57:10	SamFormatConverter	Processed    30,000,000 records.  Elapsed time: 00:04:16s.  Time for last 1,000,000:    9s.  Last read position: chr17:46,892,420.  Last read name: SRR7624409.36734999
INFO	2024-07-03 21:57:20	SamFormatConverter	Processed    31,000,000 records.  Elapsed time: 00:04:25s.  Time for last 1,000,000:    9s.  Last read position: chr16:78,324,038.  Last read name: SRR7624409.39564344
INFO	2024-07-03 21:57:30	SamFormatConverter	Processed    32,000,000 records.  Elapsed time: 00:04:35s.  Time for last 1,000,000:   10s.  Last read position: chrX:123,612,691.  Last read name: SRR7624409.38389339
INFO	2024-07-03 21:57:39	SamFormatConverter	Processed    33,000,000 records.  Elapsed time: 00:04:45s.  Time for last 1,000,000:    9s.  Last read position: chr4:49,865,276.  Last read name: SRR7624409.40227277
INFO	2024-07-03 21:57:49	SamFormatConverter	Processed    34,000,000 records.  Elapsed time: 00:04:54s.  Time for last 1,000,000:    9s.  Last read position: chr11:87,707,723.  Last read name: SRR7624409.44785046
INFO	2024-07-03 21:57:58	SamFormatConverter	Processed    35,000,000 records.  Elapsed time: 00:05:03s.  Time for last 1,000,000:    9s.  Last read position: chr4:44,232,164.  Last read name: SRR7624409.32873792
INFO	2024-07-03 21:58:07	SamFormatConverter	Processed    36,000,000 records.  Elapsed time: 00:05:13s.  Time for last 1,000,000:    9s.  Last read position: chr14:121,743,011.  Last read name: SRR7624409.22975916
INFO	2024-07-03 21:58:15	SamFormatConverter	Processed    37,000,000 records.  Elapsed time: 00:05:21s.  Time for last 1,000,000:    8s.  Last read position: chr19:9,074,850.  Last read name: SRR7624409.34058836
INFO	2024-07-03 21:58:24	SamFormatConverter	Processed    38,000,000 records.  Elapsed time: 00:05:30s.  Time for last 1,000,000:    8s.  Last read position: chr10:62,867,115.  Last read name: SRR7624409.3255169
INFO	2024-07-03 21:58:32	SamFormatConverter	Processed    39,000,000 records.  Elapsed time: 00:05:38s.  Time for last 1,000,000:    8s.  Last read position: chr16:52,758,265.  Last read name: SRR7624409.23132866
INFO	2024-07-03 21:58:41	SamFormatConverter	Processed    40,000,000 records.  Elapsed time: 00:05:46s.  Time for last 1,000,000:    8s.  Last read position: chr17:56,105,286.  Last read name: SRR7624409.19360004
INFO	2024-07-03 21:58:50	SamFormatConverter	Processed    41,000,000 records.  Elapsed time: 00:05:55s.  Time for last 1,000,000:    8s.  Last read position: chr11:89,867,689.  Last read name: SRR7624409.41942352
[Wed Jul 03 21:58:59 CEST 2024] picard.sam.SamFormatConverter done. Elapsed time: 6.10 minutes.
Runtime.totalMemory()=680001536
21:59:01.627 INFO  NativeLibraryLoader - Loading libgkl_compression.so from jar:file:/home/robin/bin/miniconda3/share/picard-2.26.2-0/picard.jar!/com/intel/gkl/native/libgkl_compression.so
[Wed Jul 03 21:59:01 CEST 2024] SortSam --INPUT E14_24h_H3K4me1_ChIP_Yang2019_GSM3314721_unsorted.bam --OUTPUT E14_24h_H3K4me1_ChIP_Yang2019_GSM3314721_sorted.bam --SORT_ORDER coordinate --TMP_DIR . --VERBOSITY INFO --QUIET false --VALIDATION_STRINGENCY STRICT --COMPRESSION_LEVEL 5 --MAX_RECORDS_IN_RAM 500000 --CREATE_INDEX false --CREATE_MD5_FILE false --GA4GH_CLIENT_SECRETS client_secrets.json --help false --version false --showHidden false --USE_JDK_DEFLATER false --USE_JDK_INFLATER false
[Wed Jul 03 21:59:01 CEST 2024] Executing as robin@epipax.ijm.univ-paris-diderot.priv on Linux 6.1.0-21-amd64 amd64; OpenJDK 64-Bit Server VM 1.8.0_332-b09; Deflater: Intel; Inflater: Intel; Provider GCS is not available; Picard version: Version:2.26.2
INFO	2024-07-03 21:59:02	SortSam	Seen many non-increasing record positions. Printing Read-names as well.
INFO	2024-07-03 22:00:04	SortSam	Read    10,000,000 records.  Elapsed time: 00:01:02s.  Time for last 10,000,000:   62s.  Last read position: chr5:124,871,740.  Last read name: SRR7624409.29144715
INFO	2024-07-03 22:01:04	SortSam	Read    20,000,000 records.  Elapsed time: 00:02:02s.  Time for last 10,000,000:   60s.  Last read position: chr6:137,646,109.  Last read name: SRR7624409.26699150
INFO	2024-07-03 22:02:08	SortSam	Read    30,000,000 records.  Elapsed time: 00:03:06s.  Time for last 10,000,000:   63s.  Last read position: chr17:46,892,420.  Last read name: SRR7624409.36734999
INFO	2024-07-03 22:03:07	SortSam	Read    40,000,000 records.  Elapsed time: 00:04:05s.  Time for last 10,000,000:   59s.  Last read position: chr17:56,105,286.  Last read name: SRR7624409.19360004
INFO	2024-07-03 22:03:19	SortSam	Finished reading inputs, merging and writing to output now.
INFO	2024-07-03 22:04:08	SortSam	Wrote    10,000,000 records from a sorting collection.  Elapsed time: 00:05:06s.  Time for last 10,000,000:   47s.  Last read position: chr4:133,881,317
INFO	2024-07-03 22:04:56	SortSam	Wrote    20,000,000 records from a sorting collection.  Elapsed time: 00:05:53s.  Time for last 10,000,000:   47s.  Last read position: chr8:117,237,204
INFO	2024-07-03 22:05:46	SortSam	Wrote    30,000,000 records from a sorting collection.  Elapsed time: 00:06:44s.  Time for last 10,000,000:   50s.  Last read position: chr13:50,514,292
INFO	2024-07-03 22:06:39	SortSam	Wrote    40,000,000 records from a sorting collection.  Elapsed time: 00:07:37s.  Time for last 10,000,000:   52s.  Last read position: chr19:43,090,976
[Wed Jul 03 22:06:49 CEST 2024] picard.sam.SortSam done. Elapsed time: 7.80 minutes.
Runtime.totalMemory()=1734344704
22:06:51.266 INFO  NativeLibraryLoader - Loading libgkl_compression.so from jar:file:/home/robin/bin/miniconda3/share/picard-2.26.2-0/picard.jar!/com/intel/gkl/native/libgkl_compression.so
[Wed Jul 03 22:06:51 CEST 2024] MarkDuplicates --INPUT E14_24h_H3K4me1_ChIP_Yang2019_GSM3314721_sorted.bam --OUTPUT E14_24h_H3K4me1_ChIP_Yang2019_GSM3314721.bam --METRICS_FILE E14_24h_H3K4me1_ChIP_Yang2019_GSM3314721_markDupeMetrics.txt --REMOVE_DUPLICATES false --TMP_DIR . --MAX_SEQUENCES_FOR_DISK_READ_ENDS_MAP 50000 --MAX_FILE_HANDLES_FOR_READ_ENDS_MAP 8000 --SORTING_COLLECTION_SIZE_RATIO 0.25 --TAG_DUPLICATE_SET_MEMBERS false --REMOVE_SEQUENCING_DUPLICATES false --TAGGING_POLICY DontTag --CLEAR_DT true --DUPLEX_UMI false --ADD_PG_TAG_TO_READS true --ASSUME_SORTED false --DUPLICATE_SCORING_STRATEGY SUM_OF_BASE_QUALITIES --PROGRAM_RECORD_ID MarkDuplicates --PROGRAM_GROUP_NAME MarkDuplicates --READ_NAME_REGEX <optimized capture of last three ':' separated fields as numeric values> --OPTICAL_DUPLICATE_PIXEL_DISTANCE 100 --MAX_OPTICAL_DUPLICATE_SET_SIZE 300000 --VERBOSITY INFO --QUIET false --VALIDATION_STRINGENCY STRICT --COMPRESSION_LEVEL 5 --MAX_RECORDS_IN_RAM 500000 --CREATE_INDEX false --CREATE_MD5_FILE false --GA4GH_CLIENT_SECRETS client_secrets.json --help false --version false --showHidden false --USE_JDK_DEFLATER false --USE_JDK_INFLATER false
[Wed Jul 03 22:06:51 CEST 2024] Executing as robin@epipax.ijm.univ-paris-diderot.priv on Linux 6.1.0-21-amd64 amd64; OpenJDK 64-Bit Server VM 1.8.0_332-b09; Deflater: Intel; Inflater: Intel; Provider GCS is not available; Picard version: Version:2.26.2
INFO	2024-07-03 22:06:51	MarkDuplicates	Start of doWork freeMemory: 501502560; totalMemory: 514850816; maxMemory: 1908932608
INFO	2024-07-03 22:06:51	MarkDuplicates	Reading input file and constructing read end information.
INFO	2024-07-03 22:06:51	MarkDuplicates	Will retain up to 6916422 data points before spilling to disk.
WARNING	2024-07-03 22:06:51	AbstractOpticalDuplicateFinderCommandLineProgram	A field field parsed out of a read name was expected to contain an integer and did not. Read name: SRR7624409.10760070. Cause: String 'SRR7624409.10760070' did not start with a parsable number.
INFO	2024-07-03 22:06:57	MarkDuplicates	Read     1,000,000 records.  Elapsed time: 00:00:05s.  Time for last 1,000,000:    5s.  Last read position: chr1:78,438,659
INFO	2024-07-03 22:06:57	MarkDuplicates	Tracking 0 as yet unmatched pairs. 0 records in RAM.
INFO	2024-07-03 22:07:01	MarkDuplicates	Read     2,000,000 records.  Elapsed time: 00:00:09s.  Time for last 1,000,000:    3s.  Last read position: chr1:153,387,649
INFO	2024-07-03 22:07:01	MarkDuplicates	Tracking 0 as yet unmatched pairs. 0 records in RAM.
INFO	2024-07-03 22:07:05	MarkDuplicates	Read     3,000,000 records.  Elapsed time: 00:00:13s.  Time for last 1,000,000:    4s.  Last read position: chr2:22,869,735
INFO	2024-07-03 22:07:05	MarkDuplicates	Tracking 0 as yet unmatched pairs. 0 records in RAM.
INFO	2024-07-03 22:07:12	MarkDuplicates	Read     4,000,000 records.  Elapsed time: 00:00:20s.  Time for last 1,000,000:    7s.  Last read position: chr2:76,555,527
INFO	2024-07-03 22:07:12	MarkDuplicates	Tracking 0 as yet unmatched pairs. 0 records in RAM.
INFO	2024-07-03 22:07:16	MarkDuplicates	Read     5,000,000 records.  Elapsed time: 00:00:24s.  Time for last 1,000,000:    3s.  Last read position: chr2:142,833,315
INFO	2024-07-03 22:07:16	MarkDuplicates	Tracking 0 as yet unmatched pairs. 0 records in RAM.
INFO	2024-07-03 22:07:20	MarkDuplicates	Read     6,000,000 records.  Elapsed time: 00:00:28s.  Time for last 1,000,000:    4s.  Last read position: chr3:6,940,587
INFO	2024-07-03 22:07:20	MarkDuplicates	Tracking 0 as yet unmatched pairs. 0 records in RAM.
INFO	2024-07-03 22:07:27	MarkDuplicates	Read     7,000,000 records.  Elapsed time: 00:00:35s.  Time for last 1,000,000:    6s.  Last read position: chr3:89,153,410
INFO	2024-07-03 22:07:27	MarkDuplicates	Tracking 0 as yet unmatched pairs. 0 records in RAM.
INFO	2024-07-03 22:07:32	MarkDuplicates	Read     8,000,000 records.  Elapsed time: 00:00:40s.  Time for last 1,000,000:    4s.  Last read position: chr3:157,236,246
INFO	2024-07-03 22:07:32	MarkDuplicates	Tracking 0 as yet unmatched pairs. 0 records in RAM.
INFO	2024-07-03 22:07:35	MarkDuplicates	Read     9,000,000 records.  Elapsed time: 00:00:44s.  Time for last 1,000,000:    3s.  Last read position: chr4:84,660,616
INFO	2024-07-03 22:07:35	MarkDuplicates	Tracking 0 as yet unmatched pairs. 0 records in RAM.
INFO	2024-07-03 22:07:39	MarkDuplicates	Read    10,000,000 records.  Elapsed time: 00:00:47s.  Time for last 1,000,000:    3s.  Last read position: chr4:133,881,317
INFO	2024-07-03 22:07:39	MarkDuplicates	Tracking 0 as yet unmatched pairs. 0 records in RAM.
INFO	2024-07-03 22:07:43	MarkDuplicates	Read    11,000,000 records.  Elapsed time: 00:00:51s.  Time for last 1,000,000:    4s.  Last read position: chr5:19,532,911
INFO	2024-07-03 22:07:43	MarkDuplicates	Tracking 0 as yet unmatched pairs. 0 records in RAM.
INFO	2024-07-03 22:07:47	MarkDuplicates	Read    12,000,000 records.  Elapsed time: 00:00:55s.  Time for last 1,000,000:    3s.  Last read position: chr5:92,947,295
INFO	2024-07-03 22:07:47	MarkDuplicates	Tracking 0 as yet unmatched pairs. 0 records in RAM.
INFO	2024-07-03 22:07:55	MarkDuplicates	Read    13,000,000 records.  Elapsed time: 00:01:03s.  Time for last 1,000,000:    7s.  Last read position: chr5:134,735,761
INFO	2024-07-03 22:07:55	MarkDuplicates	Tracking 0 as yet unmatched pairs. 0 records in RAM.
INFO	2024-07-03 22:08:01	MarkDuplicates	Read    14,000,000 records.  Elapsed time: 00:01:09s.  Time for last 1,000,000:    6s.  Last read position: chr6:39,133,876
INFO	2024-07-03 22:08:01	MarkDuplicates	Tracking 0 as yet unmatched pairs. 0 records in RAM.
INFO	2024-07-03 22:08:05	MarkDuplicates	Read    15,000,000 records.  Elapsed time: 00:01:13s.  Time for last 1,000,000:    3s.  Last read position: chr6:108,455,758
INFO	2024-07-03 22:08:05	MarkDuplicates	Tracking 0 as yet unmatched pairs. 0 records in RAM.
INFO	2024-07-03 22:08:09	MarkDuplicates	Read    16,000,000 records.  Elapsed time: 00:01:17s.  Time for last 1,000,000:    4s.  Last read position: chr7:19,790,162
INFO	2024-07-03 22:08:09	MarkDuplicates	Tracking 0 as yet unmatched pairs. 0 records in RAM.
INFO	2024-07-03 22:08:12	MarkDuplicates	Read    17,000,000 records.  Elapsed time: 00:01:21s.  Time for last 1,000,000:    3s.  Last read position: chr7:80,231,598
INFO	2024-07-03 22:08:12	MarkDuplicates	Tracking 0 as yet unmatched pairs. 0 records in RAM.
INFO	2024-07-03 22:08:16	MarkDuplicates	Read    18,000,000 records.  Elapsed time: 00:01:24s.  Time for last 1,000,000:    3s.  Last read position: chr7:137,436,437
INFO	2024-07-03 22:08:16	MarkDuplicates	Tracking 0 as yet unmatched pairs. 0 records in RAM.
INFO	2024-07-03 22:08:23	MarkDuplicates	Read    19,000,000 records.  Elapsed time: 00:01:32s.  Time for last 1,000,000:    7s.  Last read position: chr8:66,024,432
INFO	2024-07-03 22:08:23	MarkDuplicates	Tracking 0 as yet unmatched pairs. 0 records in RAM.
INFO	2024-07-03 22:08:28	MarkDuplicates	Read    20,000,000 records.  Elapsed time: 00:01:36s.  Time for last 1,000,000:    4s.  Last read position: chr8:117,237,204
INFO	2024-07-03 22:08:28	MarkDuplicates	Tracking 0 as yet unmatched pairs. 0 records in RAM.
INFO	2024-07-03 22:08:33	MarkDuplicates	Read    21,000,000 records.  Elapsed time: 00:01:41s.  Time for last 1,000,000:    5s.  Last read position: chr9:45,121,743
INFO	2024-07-03 22:08:33	MarkDuplicates	Tracking 0 as yet unmatched pairs. 0 records in RAM.
INFO	2024-07-03 22:08:37	MarkDuplicates	Read    22,000,000 records.  Elapsed time: 00:01:45s.  Time for last 1,000,000:    3s.  Last read position: chr9:99,114,581
INFO	2024-07-03 22:08:37	MarkDuplicates	Tracking 0 as yet unmatched pairs. 0 records in RAM.
INFO	2024-07-03 22:08:40	MarkDuplicates	Read    23,000,000 records.  Elapsed time: 00:01:49s.  Time for last 1,000,000:    3s.  Last read position: chr10:30,656,621
INFO	2024-07-03 22:08:40	MarkDuplicates	Tracking 0 as yet unmatched pairs. 0 records in RAM.
INFO	2024-07-03 22:08:45	MarkDuplicates	Read    24,000,000 records.  Elapsed time: 00:01:53s.  Time for last 1,000,000:    4s.  Last read position: chr10:84,917,451
INFO	2024-07-03 22:08:45	MarkDuplicates	Tracking 0 as yet unmatched pairs. 0 records in RAM.
INFO	2024-07-03 22:08:48	MarkDuplicates	Read    25,000,000 records.  Elapsed time: 00:01:56s.  Time for last 1,000,000:    3s.  Last read position: chr11:18,125,903
INFO	2024-07-03 22:08:48	MarkDuplicates	Tracking 0 as yet unmatched pairs. 0 records in RAM.
INFO	2024-07-03 22:08:57	MarkDuplicates	Read    26,000,000 records.  Elapsed time: 00:02:05s.  Time for last 1,000,000:    8s.  Last read position: chr11:70,605,089
INFO	2024-07-03 22:08:57	MarkDuplicates	Tracking 0 as yet unmatched pairs. 0 records in RAM.
INFO	2024-07-03 22:09:01	MarkDuplicates	Read    27,000,000 records.  Elapsed time: 00:02:09s.  Time for last 1,000,000:    3s.  Last read position: chr11:103,610,236
INFO	2024-07-03 22:09:01	MarkDuplicates	Tracking 0 as yet unmatched pairs. 0 records in RAM.
INFO	2024-07-03 22:09:07	MarkDuplicates	Read    28,000,000 records.  Elapsed time: 00:02:15s.  Time for last 1,000,000:    6s.  Last read position: chr12:33,132,971
INFO	2024-07-03 22:09:07	MarkDuplicates	Tracking 0 as yet unmatched pairs. 0 records in RAM.
INFO	2024-07-03 22:09:10	MarkDuplicates	Read    29,000,000 records.  Elapsed time: 00:02:19s.  Time for last 1,000,000:    3s.  Last read position: chr12:105,000,770
INFO	2024-07-03 22:09:10	MarkDuplicates	Tracking 0 as yet unmatched pairs. 0 records in RAM.
INFO	2024-07-03 22:09:14	MarkDuplicates	Read    30,000,000 records.  Elapsed time: 00:02:22s.  Time for last 1,000,000:    3s.  Last read position: chr13:50,514,292
INFO	2024-07-03 22:09:14	MarkDuplicates	Tracking 0 as yet unmatched pairs. 0 records in RAM.
INFO	2024-07-03 22:09:18	MarkDuplicates	Read    31,000,000 records.  Elapsed time: 00:02:26s.  Time for last 1,000,000:    3s.  Last read position: chr13:109,914,483
INFO	2024-07-03 22:09:18	MarkDuplicates	Tracking 0 as yet unmatched pairs. 0 records in RAM.
INFO	2024-07-03 22:09:21	MarkDuplicates	Read    32,000,000 records.  Elapsed time: 00:02:29s.  Time for last 1,000,000:    3s.  Last read position: chr14:55,031,257
INFO	2024-07-03 22:09:21	MarkDuplicates	Tracking 0 as yet unmatched pairs. 0 records in RAM.
INFO	2024-07-03 22:09:25	MarkDuplicates	Read    33,000,000 records.  Elapsed time: 00:02:33s.  Time for last 1,000,000:    3s.  Last read position: chr15:12,037,197
INFO	2024-07-03 22:09:25	MarkDuplicates	Tracking 0 as yet unmatched pairs. 0 records in RAM.
INFO	2024-07-03 22:09:29	MarkDuplicates	Read    34,000,000 records.  Elapsed time: 00:02:37s.  Time for last 1,000,000:    4s.  Last read position: chr15:81,035,879
INFO	2024-07-03 22:09:29	MarkDuplicates	Tracking 0 as yet unmatched pairs. 0 records in RAM.
INFO	2024-07-03 22:09:39	MarkDuplicates	Read    35,000,000 records.  Elapsed time: 00:02:47s.  Time for last 1,000,000:    9s.  Last read position: chr16:21,214,646
INFO	2024-07-03 22:09:39	MarkDuplicates	Tracking 0 as yet unmatched pairs. 0 records in RAM.
INFO	2024-07-03 22:09:42	MarkDuplicates	Read    36,000,000 records.  Elapsed time: 00:02:51s.  Time for last 1,000,000:    3s.  Last read position: chr16:96,163,764
INFO	2024-07-03 22:09:42	MarkDuplicates	Tracking 0 as yet unmatched pairs. 0 records in RAM.
INFO	2024-07-03 22:09:46	MarkDuplicates	Read    37,000,000 records.  Elapsed time: 00:02:54s.  Time for last 1,000,000:    3s.  Last read position: chr17:45,143,410
INFO	2024-07-03 22:09:46	MarkDuplicates	Tracking 0 as yet unmatched pairs. 0 records in RAM.
INFO	2024-07-03 22:09:50	MarkDuplicates	Read    38,000,000 records.  Elapsed time: 00:02:58s.  Time for last 1,000,000:    3s.  Last read position: chr18:13,611,442
INFO	2024-07-03 22:09:50	MarkDuplicates	Tracking 0 as yet unmatched pairs. 0 records in RAM.
INFO	2024-07-03 22:09:53	MarkDuplicates	Read    39,000,000 records.  Elapsed time: 00:03:02s.  Time for last 1,000,000:    3s.  Last read position: chr18:76,204,539
INFO	2024-07-03 22:09:53	MarkDuplicates	Tracking 0 as yet unmatched pairs. 0 records in RAM.
INFO	2024-07-03 22:09:58	MarkDuplicates	Read    40,000,000 records.  Elapsed time: 00:03:06s.  Time for last 1,000,000:    4s.  Last read position: chr19:43,090,976
INFO	2024-07-03 22:09:58	MarkDuplicates	Tracking 0 as yet unmatched pairs. 0 records in RAM.
INFO	2024-07-03 22:10:01	MarkDuplicates	Read    41,000,000 records.  Elapsed time: 00:03:10s.  Time for last 1,000,000:    3s.  Last read position: chrX:134,533,936
INFO	2024-07-03 22:10:01	MarkDuplicates	Tracking 0 as yet unmatched pairs. 0 records in RAM.
INFO	2024-07-03 22:10:04	MarkDuplicates	Read 41482229 records. 0 pairs never matched.
INFO	2024-07-03 22:10:06	MarkDuplicates	After buildSortedReadEndLists freeMemory: 1882450000; totalMemory: 1927806976; maxMemory: 1927806976
INFO	2024-07-03 22:10:06	MarkDuplicates	Will retain up to 60243968 duplicate indices before spilling to disk.
INFO	2024-07-03 22:10:06	MarkDuplicates	Traversing read pair information and detecting duplicates.
INFO	2024-07-03 22:10:06	MarkDuplicates	Traversing fragment information and detecting duplicates.
INFO	2024-07-03 22:10:16	MarkDuplicates	Sorting list of duplicate records.
INFO	2024-07-03 22:10:17	MarkDuplicates	After generateDuplicateIndexes freeMemory: 1425535328; totalMemory: 1924661248; maxMemory: 1924661248
INFO	2024-07-03 22:10:17	MarkDuplicates	Marking 225595 records as duplicates.
INFO	2024-07-03 22:10:17	MarkDuplicates	Found 0 optical duplicate clusters.
INFO	2024-07-03 22:10:17	MarkDuplicates	Reads are assumed to be ordered by: coordinate
INFO	2024-07-03 22:11:26	MarkDuplicates	Written    10,000,000 records.  Elapsed time: 00:01:09s.  Time for last 10,000,000:   69s.  Last read position: chr4:133,881,317
INFO	2024-07-03 22:12:33	MarkDuplicates	Written    20,000,000 records.  Elapsed time: 00:02:16s.  Time for last 10,000,000:   67s.  Last read position: chr8:117,237,204
INFO	2024-07-03 22:13:41	MarkDuplicates	Written    30,000,000 records.  Elapsed time: 00:03:23s.  Time for last 10,000,000:   67s.  Last read position: chr13:50,514,292
INFO	2024-07-03 22:14:52	MarkDuplicates	Written    40,000,000 records.  Elapsed time: 00:04:35s.  Time for last 10,000,000:   71s.  Last read position: chr19:43,090,976
INFO	2024-07-03 22:15:04	MarkDuplicates	Writing complete. Closing input iterator.
INFO	2024-07-03 22:15:04	MarkDuplicates	Duplicate Index cleanup.
INFO	2024-07-03 22:15:04	MarkDuplicates	Getting Memory Stats.
INFO	2024-07-03 22:15:04	MarkDuplicates	Before output close freeMemory: 1936942384; totalMemory: 1955594240; maxMemory: 1955594240
INFO	2024-07-03 22:15:05	MarkDuplicates	Closed outputs. Getting more Memory Stats.
INFO	2024-07-03 22:15:05	MarkDuplicates	After output close freeMemory: 1936942384; totalMemory: 1955594240; maxMemory: 1955594240
[Wed Jul 03 22:15:05 CEST 2024] picard.sam.markduplicates.MarkDuplicates done. Elapsed time: 8.23 minutes.
Runtime.totalMemory()=1955594240
[sam grooming] finished successfully at [Wed Jul 3 10:15:15 PM CEST 2024]
[trueStats] Collecting alignment statistics for E14_24h_H3K4me1_ChIP_Yang2019_GSM3314721.bam at [Wed Jul 3 10:16:09 PM CEST 2024]
[bamToWigCPMsmoothKeepDup] Started with bin size: 1 and smoothing over 0 bp and KEEPING DUPLICATES at [Wed Jul 3 10:19:56 PM CEST 2024]
There are 40477942 alignments, of which 219078 are completely within a blacklist region.
Due to filtering, 93.56354712403837% of the aforementioned alignments will be used 37667621.190242514
[bamToWigCPMsmoothKeepDup] finished successfully at [Wed Jul 3 10:38:47 PM CEST 2024]
[file cleanup] started. Good job! at [Wed Jul 3 10:38:47 PM CEST 2024]
cp: cannot stat '*.pdf': No such file or directory
mv: cannot stat '*.bed': No such file or directory
mv: preserving times for '/data/bigWigs/E14_24h_H3K4me1_ChIP_Yang2019_GSM3314721_trimV5_mm10_kpDup_q10_b1_s0_CPM.bw': Operation not permitted
mv: preserving permissions for ‘/data/bigWigs/E14_24h_H3K4me1_ChIP_Yang2019_GSM3314721_trimV5_mm10_kpDup_q10_b1_s0_CPM.bw’: Operation not permitted
mv: preserving times for '/data/bams/E14_24h_H3K4me1_ChIP_Yang2019_GSM3314721_trimV5_mm10.bam': Operation not permitted
mv: preserving permissions for ‘/data/bams/E14_24h_H3K4me1_ChIP_Yang2019_GSM3314721_trimV5_mm10.bam’: Operation not permitted
mv: preserving times for '/data/bams/E14_24h_H3K4me1_ChIP_Yang2019_GSM3314721_trimV5_mm10.bam.bai': Operation not permitted
mv: preserving permissions for ‘/data/bams/E14_24h_H3K4me1_ChIP_Yang2019_GSM3314721_trimV5_mm10.bam.bai’: Operation not permitted
mv: cannot stat '*.gtf': No such file or directory
