SCRATCH: /scratch
[setupVariables] Data are paired-end. at [Wed Jul 3 11:00:00 AM CEST 2024]
[checkDependencies] Checking Dependencies [Wed Jul 3 11:00:00 AM CEST 2024] at [Wed Jul 3 11:00:00 AM CEST 2024]
[setup checkDependencies] trimmomatic... at [Wed Jul 3 11:00:00 AM CEST 2024]
[setup checkDependencies] STAR... at [Wed Jul 3 11:00:00 AM CEST 2024]
[setup checkDependencies] bismark... at [Wed Jul 3 11:00:00 AM CEST 2024]
[setup checkDependencies] bowtie2... at [Wed Jul 3 11:00:00 AM CEST 2024]
[setup checkDependencies] samtools... at [Wed Jul 3 11:00:00 AM CEST 2024]
[setup checkDependencies] picard... at [Wed Jul 3 11:00:00 AM CEST 2024]
[setup checkDependencies] awk... at [Wed Jul 3 11:00:00 AM CEST 2024]
[setup checkDependencies] bamCoverage... at [Wed Jul 3 11:00:00 AM CEST 2024]
[setup checkDependencies] fastqc... at [Wed Jul 3 11:00:01 AM CEST 2024]
[setup checkDependencies] fastq_screen... at [Wed Jul 3 11:00:01 AM CEST 2024]
[setup checkDependencies] stringtie... at [Wed Jul 3 11:00:01 AM CEST 2024]
[setup checkDependencies] clumpify.sh... at [Wed Jul 3 11:00:01 AM CEST 2024]
PAIRED: true
[setUpLogFile] Script started at [Wed Jul 3 11:00:01 AM CEST 2024] at [Wed Jul 3 11:00:01 AM CEST 2024]
[fastQC] started on raw FASTQs at [Wed Jul 3 11:00:01 AM CEST 2024]
Started analysis of E14_12h_RNA_Yang2019_rep2_GSM3314684_R1_raw.fastq.gz
Started analysis of E14_12h_RNA_Yang2019_rep2_GSM3314684_R2_raw.fastq.gz
Approx 5% complete for E14_12h_RNA_Yang2019_rep2_GSM3314684_R2_raw.fastq.gz
Approx 5% complete for E14_12h_RNA_Yang2019_rep2_GSM3314684_R1_raw.fastq.gz
Approx 10% complete for E14_12h_RNA_Yang2019_rep2_GSM3314684_R2_raw.fastq.gz
Approx 10% complete for E14_12h_RNA_Yang2019_rep2_GSM3314684_R1_raw.fastq.gz
Approx 15% complete for E14_12h_RNA_Yang2019_rep2_GSM3314684_R2_raw.fastq.gz
Approx 15% complete for E14_12h_RNA_Yang2019_rep2_GSM3314684_R1_raw.fastq.gz
Approx 20% complete for E14_12h_RNA_Yang2019_rep2_GSM3314684_R2_raw.fastq.gz
Approx 20% complete for E14_12h_RNA_Yang2019_rep2_GSM3314684_R1_raw.fastq.gz
Approx 25% complete for E14_12h_RNA_Yang2019_rep2_GSM3314684_R2_raw.fastq.gz
Approx 25% complete for E14_12h_RNA_Yang2019_rep2_GSM3314684_R1_raw.fastq.gz
Approx 30% complete for E14_12h_RNA_Yang2019_rep2_GSM3314684_R2_raw.fastq.gz
Approx 30% complete for E14_12h_RNA_Yang2019_rep2_GSM3314684_R1_raw.fastq.gz
Approx 35% complete for E14_12h_RNA_Yang2019_rep2_GSM3314684_R2_raw.fastq.gz
Approx 35% complete for E14_12h_RNA_Yang2019_rep2_GSM3314684_R1_raw.fastq.gz
Approx 40% complete for E14_12h_RNA_Yang2019_rep2_GSM3314684_R2_raw.fastq.gz
Approx 40% complete for E14_12h_RNA_Yang2019_rep2_GSM3314684_R1_raw.fastq.gz
Approx 45% complete for E14_12h_RNA_Yang2019_rep2_GSM3314684_R2_raw.fastq.gz
Approx 45% complete for E14_12h_RNA_Yang2019_rep2_GSM3314684_R1_raw.fastq.gz
Approx 50% complete for E14_12h_RNA_Yang2019_rep2_GSM3314684_R2_raw.fastq.gz
Approx 50% complete for E14_12h_RNA_Yang2019_rep2_GSM3314684_R1_raw.fastq.gz
Approx 55% complete for E14_12h_RNA_Yang2019_rep2_GSM3314684_R2_raw.fastq.gz
Approx 55% complete for E14_12h_RNA_Yang2019_rep2_GSM3314684_R1_raw.fastq.gz
Approx 60% complete for E14_12h_RNA_Yang2019_rep2_GSM3314684_R2_raw.fastq.gz
Approx 60% complete for E14_12h_RNA_Yang2019_rep2_GSM3314684_R1_raw.fastq.gz
Approx 65% complete for E14_12h_RNA_Yang2019_rep2_GSM3314684_R2_raw.fastq.gz
Approx 65% complete for E14_12h_RNA_Yang2019_rep2_GSM3314684_R1_raw.fastq.gz
Approx 70% complete for E14_12h_RNA_Yang2019_rep2_GSM3314684_R2_raw.fastq.gz
Approx 70% complete for E14_12h_RNA_Yang2019_rep2_GSM3314684_R1_raw.fastq.gz
Approx 75% complete for E14_12h_RNA_Yang2019_rep2_GSM3314684_R2_raw.fastq.gz
Approx 75% complete for E14_12h_RNA_Yang2019_rep2_GSM3314684_R1_raw.fastq.gz
Approx 80% complete for E14_12h_RNA_Yang2019_rep2_GSM3314684_R2_raw.fastq.gz
Approx 80% complete for E14_12h_RNA_Yang2019_rep2_GSM3314684_R1_raw.fastq.gz
Approx 85% complete for E14_12h_RNA_Yang2019_rep2_GSM3314684_R2_raw.fastq.gz
Approx 85% complete for E14_12h_RNA_Yang2019_rep2_GSM3314684_R1_raw.fastq.gz
Approx 90% complete for E14_12h_RNA_Yang2019_rep2_GSM3314684_R2_raw.fastq.gz
Approx 90% complete for E14_12h_RNA_Yang2019_rep2_GSM3314684_R1_raw.fastq.gz
Approx 95% complete for E14_12h_RNA_Yang2019_rep2_GSM3314684_R2_raw.fastq.gz
Approx 95% complete for E14_12h_RNA_Yang2019_rep2_GSM3314684_R1_raw.fastq.gz
Analysis complete for E14_12h_RNA_Yang2019_rep2_GSM3314684_R2_raw.fastq.gz
Analysis complete for E14_12h_RNA_Yang2019_rep2_GSM3314684_R1_raw.fastq.gz
[fastQC] on raw FASTQs finished succesfully. Will remove PCR duplicates now at [Wed Jul 3 11:03:37 AM CEST 2024]
Reads are length: 52 at [Wed Jul 3 11:03:37 AM CEST 2024]
Reads with same sequence 1 or fewer substitutions will be marked as PCR duplicates at [Wed Jul 3 11:03:37 AM CEST 2024]
Removal of PCR duplicates complete! at [Wed Jul 3 11:57:23 AM CEST 2024]
[trimReads] Started using version trimV5 parameters at [Wed Jul 3 11:57:23 AM CEST 2024]
ILLUMINACLIP:/data/reference_genomes/adapters/adapters.fa:2:30:10 SLIDINGWINDOW:4:20 MINLEN:24
[trimReads] Trimming E14_12h_RNA_Yang2019_rep2_GSM3314684_R1.fastq.gz and E14_12h_RNA_Yang2019_rep2_GSM3314684_R2.fastq.gz... at [Wed Jul 3 11:57:23 AM CEST 2024]
[trimReads] Finished successfully at [Wed Jul 3 12:02:54 PM CEST 2024]
[fastQC] started on E14_12h_RNA_Yang2019_rep2_GSM3314684_R1.fastq.gz E14_12h_RNA_Yang2019_rep2_GSM3314684_R2.fastq.gz E14_12h_RNA_Yang2019_rep2_GSM3314684_trimV5_R1.fastq.gz E14_12h_RNA_Yang2019_rep2_GSM3314684_trimV5_R2.fastq.gz at [Wed Jul 3 12:02:54 PM CEST 2024]
Started analysis of E14_12h_RNA_Yang2019_rep2_GSM3314684_R1.fastq.gz
Started analysis of E14_12h_RNA_Yang2019_rep2_GSM3314684_R2.fastq.gz
Started analysis of E14_12h_RNA_Yang2019_rep2_GSM3314684_trimV5_R1.fastq.gz
Started analysis of E14_12h_RNA_Yang2019_rep2_GSM3314684_trimV5_R2.fastq.gz
Approx 5% complete for E14_12h_RNA_Yang2019_rep2_GSM3314684_R1.fastq.gz
Approx 5% complete for E14_12h_RNA_Yang2019_rep2_GSM3314684_trimV5_R1.fastq.gz
Approx 5% complete for E14_12h_RNA_Yang2019_rep2_GSM3314684_R2.fastq.gz
Approx 5% complete for E14_12h_RNA_Yang2019_rep2_GSM3314684_trimV5_R2.fastq.gz
Approx 10% complete for E14_12h_RNA_Yang2019_rep2_GSM3314684_trimV5_R1.fastq.gz
Approx 10% complete for E14_12h_RNA_Yang2019_rep2_GSM3314684_R1.fastq.gz
Approx 10% complete for E14_12h_RNA_Yang2019_rep2_GSM3314684_trimV5_R2.fastq.gz
Approx 10% complete for E14_12h_RNA_Yang2019_rep2_GSM3314684_R2.fastq.gz
Approx 15% complete for E14_12h_RNA_Yang2019_rep2_GSM3314684_R1.fastq.gz
Approx 15% complete for E14_12h_RNA_Yang2019_rep2_GSM3314684_trimV5_R1.fastq.gz
Approx 15% complete for E14_12h_RNA_Yang2019_rep2_GSM3314684_trimV5_R2.fastq.gz
Approx 15% complete for E14_12h_RNA_Yang2019_rep2_GSM3314684_R2.fastq.gz
Approx 20% complete for E14_12h_RNA_Yang2019_rep2_GSM3314684_trimV5_R1.fastq.gz
Approx 20% complete for E14_12h_RNA_Yang2019_rep2_GSM3314684_R1.fastq.gz
Approx 20% complete for E14_12h_RNA_Yang2019_rep2_GSM3314684_trimV5_R2.fastq.gz
Approx 20% complete for E14_12h_RNA_Yang2019_rep2_GSM3314684_R2.fastq.gz
Approx 25% complete for E14_12h_RNA_Yang2019_rep2_GSM3314684_trimV5_R1.fastq.gz
Approx 25% complete for E14_12h_RNA_Yang2019_rep2_GSM3314684_R1.fastq.gz
Approx 25% complete for E14_12h_RNA_Yang2019_rep2_GSM3314684_trimV5_R2.fastq.gz
Approx 30% complete for E14_12h_RNA_Yang2019_rep2_GSM3314684_trimV5_R1.fastq.gz
Approx 30% complete for E14_12h_RNA_Yang2019_rep2_GSM3314684_R1.fastq.gz
Approx 25% complete for E14_12h_RNA_Yang2019_rep2_GSM3314684_R2.fastq.gz
Approx 30% complete for E14_12h_RNA_Yang2019_rep2_GSM3314684_trimV5_R2.fastq.gz
Approx 35% complete for E14_12h_RNA_Yang2019_rep2_GSM3314684_trimV5_R1.fastq.gz
Approx 35% complete for E14_12h_RNA_Yang2019_rep2_GSM3314684_R1.fastq.gz
Approx 30% complete for E14_12h_RNA_Yang2019_rep2_GSM3314684_R2.fastq.gz
Approx 40% complete for E14_12h_RNA_Yang2019_rep2_GSM3314684_trimV5_R1.fastq.gz
Approx 35% complete for E14_12h_RNA_Yang2019_rep2_GSM3314684_trimV5_R2.fastq.gz
Approx 40% complete for E14_12h_RNA_Yang2019_rep2_GSM3314684_R1.fastq.gz
Approx 35% complete for E14_12h_RNA_Yang2019_rep2_GSM3314684_R2.fastq.gz
Approx 45% complete for E14_12h_RNA_Yang2019_rep2_GSM3314684_trimV5_R1.fastq.gz
Approx 40% complete for E14_12h_RNA_Yang2019_rep2_GSM3314684_trimV5_R2.fastq.gz
Approx 45% complete for E14_12h_RNA_Yang2019_rep2_GSM3314684_R1.fastq.gz
Approx 40% complete for E14_12h_RNA_Yang2019_rep2_GSM3314684_R2.fastq.gz
Approx 50% complete for E14_12h_RNA_Yang2019_rep2_GSM3314684_trimV5_R1.fastq.gz
Approx 50% complete for E14_12h_RNA_Yang2019_rep2_GSM3314684_R1.fastq.gz
Approx 45% complete for E14_12h_RNA_Yang2019_rep2_GSM3314684_trimV5_R2.fastq.gz
Approx 55% complete for E14_12h_RNA_Yang2019_rep2_GSM3314684_trimV5_R1.fastq.gz
Approx 45% complete for E14_12h_RNA_Yang2019_rep2_GSM3314684_R2.fastq.gz
Approx 55% complete for E14_12h_RNA_Yang2019_rep2_GSM3314684_R1.fastq.gz
Approx 50% complete for E14_12h_RNA_Yang2019_rep2_GSM3314684_trimV5_R2.fastq.gz
Approx 60% complete for E14_12h_RNA_Yang2019_rep2_GSM3314684_trimV5_R1.fastq.gz
Approx 50% complete for E14_12h_RNA_Yang2019_rep2_GSM3314684_R2.fastq.gz
Approx 60% complete for E14_12h_RNA_Yang2019_rep2_GSM3314684_R1.fastq.gz
Approx 55% complete for E14_12h_RNA_Yang2019_rep2_GSM3314684_trimV5_R2.fastq.gz
Approx 65% complete for E14_12h_RNA_Yang2019_rep2_GSM3314684_trimV5_R1.fastq.gz
Approx 65% complete for E14_12h_RNA_Yang2019_rep2_GSM3314684_R1.fastq.gz
Approx 55% complete for E14_12h_RNA_Yang2019_rep2_GSM3314684_R2.fastq.gz
Approx 60% complete for E14_12h_RNA_Yang2019_rep2_GSM3314684_trimV5_R2.fastq.gz
Approx 70% complete for E14_12h_RNA_Yang2019_rep2_GSM3314684_trimV5_R1.fastq.gz
Approx 70% complete for E14_12h_RNA_Yang2019_rep2_GSM3314684_R1.fastq.gz
Approx 60% complete for E14_12h_RNA_Yang2019_rep2_GSM3314684_R2.fastq.gz
Approx 65% complete for E14_12h_RNA_Yang2019_rep2_GSM3314684_trimV5_R2.fastq.gz
Approx 75% complete for E14_12h_RNA_Yang2019_rep2_GSM3314684_trimV5_R1.fastq.gz
Approx 75% complete for E14_12h_RNA_Yang2019_rep2_GSM3314684_R1.fastq.gz
Approx 65% complete for E14_12h_RNA_Yang2019_rep2_GSM3314684_R2.fastq.gz
Approx 80% complete for E14_12h_RNA_Yang2019_rep2_GSM3314684_trimV5_R1.fastq.gz
Approx 70% complete for E14_12h_RNA_Yang2019_rep2_GSM3314684_trimV5_R2.fastq.gz
Approx 80% complete for E14_12h_RNA_Yang2019_rep2_GSM3314684_R1.fastq.gz
Approx 85% complete for E14_12h_RNA_Yang2019_rep2_GSM3314684_trimV5_R1.fastq.gz
Approx 70% complete for E14_12h_RNA_Yang2019_rep2_GSM3314684_R2.fastq.gz
Approx 75% complete for E14_12h_RNA_Yang2019_rep2_GSM3314684_trimV5_R2.fastq.gz
Approx 85% complete for E14_12h_RNA_Yang2019_rep2_GSM3314684_R1.fastq.gz
Approx 90% complete for E14_12h_RNA_Yang2019_rep2_GSM3314684_trimV5_R1.fastq.gz
Approx 75% complete for E14_12h_RNA_Yang2019_rep2_GSM3314684_R2.fastq.gz
Approx 90% complete for E14_12h_RNA_Yang2019_rep2_GSM3314684_R1.fastq.gz
Approx 80% complete for E14_12h_RNA_Yang2019_rep2_GSM3314684_trimV5_R2.fastq.gz
Approx 95% complete for E14_12h_RNA_Yang2019_rep2_GSM3314684_trimV5_R1.fastq.gz
Approx 95% complete for E14_12h_RNA_Yang2019_rep2_GSM3314684_R1.fastq.gz
Approx 80% complete for E14_12h_RNA_Yang2019_rep2_GSM3314684_R2.fastq.gz
Approx 85% complete for E14_12h_RNA_Yang2019_rep2_GSM3314684_trimV5_R2.fastq.gz
Analysis complete for E14_12h_RNA_Yang2019_rep2_GSM3314684_trimV5_R1.fastq.gz
Analysis complete for E14_12h_RNA_Yang2019_rep2_GSM3314684_R1.fastq.gz
Approx 90% complete for E14_12h_RNA_Yang2019_rep2_GSM3314684_trimV5_R2.fastq.gz
Approx 85% complete for E14_12h_RNA_Yang2019_rep2_GSM3314684_R2.fastq.gz
Approx 95% complete for E14_12h_RNA_Yang2019_rep2_GSM3314684_trimV5_R2.fastq.gz
Approx 90% complete for E14_12h_RNA_Yang2019_rep2_GSM3314684_R2.fastq.gz
Analysis complete for E14_12h_RNA_Yang2019_rep2_GSM3314684_trimV5_R2.fastq.gz
Approx 95% complete for E14_12h_RNA_Yang2019_rep2_GSM3314684_R2.fastq.gz
Analysis complete for E14_12h_RNA_Yang2019_rep2_GSM3314684_R2.fastq.gz
[fastQC] finished succesfully at [Wed Jul 3 12:05:00 PM CEST 2024]
[fastqScreen] started on E14_12h_RNA_Yang2019_rep2_GSM3314684_trimV5_R1.fastq.gz at [Wed Jul 3 12:05:00 PM CEST 2024]
Using fastq_screen v0.15.1
Couldn't find fastq_screen.conf at '/home/robin/bin/miniconda3/share/fastq-screen-0.15.2-0/fastq_screen.conf'
[fastqScreen] finished successfully at [Wed Jul 3 12:05:00 PM CEST 2024]
[STAR alignment] started with reference /data/reference_genomes/mm10 at [Wed Jul 3 12:05:00 PM CEST 2024]
	STAR --runMode alignReads --genomeDir /data/reference_genomes/mm10 --runThreadN 12 --limitBAMsortRAM 4G --readFilesCommand zcat --readFilesIn E14_12h_RNA_Yang2019_rep2_GSM3314684_trimV5_R1.fastq.gz E14_12h_RNA_Yang2019_rep2_GSM3314684_trimV5_R2.fastq.gz --outFilterType BySJout --outSAMtype SAM
	STAR version: 2.7.9a   compiled: 2021-05-04T09:43:56-0400 vega:/home/dobin/data/STAR/STARcode/STAR.master/source
Jul 03 12:05:00 ..... started STAR run
Jul 03 12:05:00 ..... loading genome
Jul 03 12:05:56 ..... started mapping
Jul 03 12:09:40 ..... finished mapping
Jul 03 12:09:42 ..... finished successfully
[STAR alignment] finished successfully at [Wed Jul 3 12:09:44 PM CEST 2024]
[sam grooming] started at [Wed Jul 3 12:13:09 PM CEST 2024]
12:13:09.993 INFO  NativeLibraryLoader - Loading libgkl_compression.so from jar:file:/home/robin/bin/miniconda3/share/picard-2.26.2-0/picard.jar!/com/intel/gkl/native/libgkl_compression.so
[Wed Jul 03 12:13:10 CEST 2024] CleanSam --INPUT E14_12h_RNA_Yang2019_rep2_GSM3314684_raw.sam --OUTPUT E14_12h_RNA_Yang2019_rep2_GSM3314684_cleaned.sam --TMP_DIR . --VERBOSITY INFO --QUIET false --VALIDATION_STRINGENCY STRICT --COMPRESSION_LEVEL 5 --MAX_RECORDS_IN_RAM 500000 --CREATE_INDEX false --CREATE_MD5_FILE false --GA4GH_CLIENT_SECRETS client_secrets.json --help false --version false --showHidden false --USE_JDK_DEFLATER false --USE_JDK_INFLATER false
[Wed Jul 03 12:13:10 CEST 2024] Executing as robin@epipax.ijm.univ-paris-diderot.priv on Linux 6.1.0-21-amd64 amd64; OpenJDK 64-Bit Server VM 1.8.0_332-b09; Deflater: Intel; Inflater: Intel; Provider GCS is not available; Picard version: Version:2.26.2
INFO	2024-07-03 12:13:10	CleanSam	Seen many non-increasing record positions. Printing Read-names as well.
INFO	2024-07-03 12:13:15	CleanSam	Processed     1,000,000 records.  Elapsed time: 00:00:05s.  Time for last 1,000,000:    5s.  Last read position: chr7:143,535,911.  Last read name: SRR7624372.15682507
INFO	2024-07-03 12:13:19	CleanSam	Processed     2,000,000 records.  Elapsed time: 00:00:09s.  Time for last 1,000,000:    3s.  Last read position: chr19:40,251,958.  Last read name: SRR7624372.53453186
INFO	2024-07-03 12:13:23	CleanSam	Processed     3,000,000 records.  Elapsed time: 00:00:13s.  Time for last 1,000,000:    4s.  Last read position: chr5:115,561,379.  Last read name: SRR7624372.14768429
INFO	2024-07-03 12:13:27	CleanSam	Processed     4,000,000 records.  Elapsed time: 00:00:17s.  Time for last 1,000,000:    4s.  Last read position: chrX:144,345,706.  Last read name: SRR7624372.6253211
INFO	2024-07-03 12:13:31	CleanSam	Processed     5,000,000 records.  Elapsed time: 00:00:21s.  Time for last 1,000,000:    3s.  Last read position: chr4:133,662,173.  Last read name: SRR7624372.13878915
INFO	2024-07-03 12:13:35	CleanSam	Processed     6,000,000 records.  Elapsed time: 00:00:25s.  Time for last 1,000,000:    3s.  Last read position: chr16:18,249,737.  Last read name: SRR7624372.54113047
INFO	2024-07-03 12:13:39	CleanSam	Processed     7,000,000 records.  Elapsed time: 00:00:29s.  Time for last 1,000,000:    3s.  Last read position: chr12:72,895,205.  Last read name: SRR7624372.18485383
INFO	2024-07-03 12:13:43	CleanSam	Processed     8,000,000 records.  Elapsed time: 00:00:33s.  Time for last 1,000,000:    4s.  Last read position: chr14:54,588,024.  Last read name: SRR7624372.42539073
INFO	2024-07-03 12:13:48	CleanSam	Processed     9,000,000 records.  Elapsed time: 00:00:37s.  Time for last 1,000,000:    4s.  Last read position: chr17:24,223,930.  Last read name: SRR7624372.20060614
INFO	2024-07-03 12:13:52	CleanSam	Processed    10,000,000 records.  Elapsed time: 00:00:41s.  Time for last 1,000,000:    4s.  Last read position: chr7:30,022,723.  Last read name: SRR7624372.41140803
INFO	2024-07-03 12:13:56	CleanSam	Processed    11,000,000 records.  Elapsed time: 00:00:46s.  Time for last 1,000,000:    4s.  Last read position: chr12:78,885,211.  Last read name: SRR7624372.27991522
INFO	2024-07-03 12:14:00	CleanSam	Processed    12,000,000 records.  Elapsed time: 00:00:49s.  Time for last 1,000,000:    3s.  Last read position: chr17:47,494,475.  Last read name: SRR7624372.9555594
INFO	2024-07-03 12:14:03	CleanSam	Processed    13,000,000 records.  Elapsed time: 00:00:53s.  Time for last 1,000,000:    3s.  Last read position: chr16:91,641,240.  Last read name: SRR7624372.38696267
INFO	2024-07-03 12:14:07	CleanSam	Processed    14,000,000 records.  Elapsed time: 00:00:57s.  Time for last 1,000,000:    3s.  Last read position: chr15:80,080,902.  Last read name: SRR7624372.1632298
INFO	2024-07-03 12:14:11	CleanSam	Processed    15,000,000 records.  Elapsed time: 00:01:01s.  Time for last 1,000,000:    3s.  Last read position: chr11:69,668,070.  Last read name: SRR7624372.7427590
INFO	2024-07-03 12:14:15	CleanSam	Processed    16,000,000 records.  Elapsed time: 00:01:05s.  Time for last 1,000,000:    3s.  Last read position: chr15:76,904,873.  Last read name: SRR7624372.18865397
INFO	2024-07-03 12:14:18	CleanSam	Processed    17,000,000 records.  Elapsed time: 00:01:08s.  Time for last 1,000,000:    3s.  Last read position: chr5:8,404,907.  Last read name: SRR7624372.2637903
INFO	2024-07-03 12:14:22	CleanSam	Processed    18,000,000 records.  Elapsed time: 00:01:12s.  Time for last 1,000,000:    3s.  Last read position: chr9:64,175,282.  Last read name: SRR7624372.29620674
INFO	2024-07-03 12:14:25	CleanSam	Processed    19,000,000 records.  Elapsed time: 00:01:15s.  Time for last 1,000,000:    3s.  Last read position: chr2:80,632,853.  Last read name: SRR7624372.6276176
INFO	2024-07-03 12:14:29	CleanSam	Processed    20,000,000 records.  Elapsed time: 00:01:19s.  Time for last 1,000,000:    3s.  Last read position: chr2:175,285,062.  Last read name: SRR7624372.19546143
INFO	2024-07-03 12:14:33	CleanSam	Processed    21,000,000 records.  Elapsed time: 00:01:22s.  Time for last 1,000,000:    3s.  Last read position: chr4:95,980,335.  Last read name: SRR7624372.37821601
INFO	2024-07-03 12:14:36	CleanSam	Processed    22,000,000 records.  Elapsed time: 00:01:26s.  Time for last 1,000,000:    3s.  Last read position: chr18:46,609,678.  Last read name: SRR7624372.47962042
INFO	2024-07-03 12:14:40	CleanSam	Processed    23,000,000 records.  Elapsed time: 00:01:29s.  Time for last 1,000,000:    3s.  Last read position: chr13:112,593,952.  Last read name: SRR7624372.16285225
INFO	2024-07-03 12:14:43	CleanSam	Processed    24,000,000 records.  Elapsed time: 00:01:33s.  Time for last 1,000,000:    3s.  Last read position: chr9:110,939,862.  Last read name: SRR7624372.17852372
INFO	2024-07-03 12:14:47	CleanSam	Processed    25,000,000 records.  Elapsed time: 00:01:37s.  Time for last 1,000,000:    3s.  Last read position: chr3:75,521,072.  Last read name: SRR7624372.20045256
INFO	2024-07-03 12:14:51	CleanSam	Processed    26,000,000 records.  Elapsed time: 00:01:40s.  Time for last 1,000,000:    3s.  Last read position: chr1:87,718,119.  Last read name: SRR7624372.23510396
INFO	2024-07-03 12:14:54	CleanSam	Processed    27,000,000 records.  Elapsed time: 00:01:44s.  Time for last 1,000,000:    3s.  Last read position: chr11:62,552,928.  Last read name: SRR7624372.54460128
INFO	2024-07-03 12:14:58	CleanSam	Processed    28,000,000 records.  Elapsed time: 00:01:48s.  Time for last 1,000,000:    3s.  Last read position: chr11:121,148,166.  Last read name: SRR7624372.23143521
INFO	2024-07-03 12:15:02	CleanSam	Processed    29,000,000 records.  Elapsed time: 00:01:51s.  Time for last 1,000,000:    3s.  Last read position: chr3:89,223,491.  Last read name: SRR7624372.25872804
INFO	2024-07-03 12:15:05	CleanSam	Processed    30,000,000 records.  Elapsed time: 00:01:55s.  Time for last 1,000,000:    3s.  Last read position: chr7:114,264,303.  Last read name: SRR7624372.34483576
INFO	2024-07-03 12:15:09	CleanSam	Processed    31,000,000 records.  Elapsed time: 00:01:59s.  Time for last 1,000,000:    3s.  Last read position: chr10:130,592,252.  Last read name: SRR7624372.3335523
INFO	2024-07-03 12:15:13	CleanSam	Processed    32,000,000 records.  Elapsed time: 00:02:02s.  Time for last 1,000,000:    3s.  Last read position: chr2:31,790,711.  Last read name: SRR7624372.16281640
INFO	2024-07-03 12:15:16	CleanSam	Processed    33,000,000 records.  Elapsed time: 00:02:06s.  Time for last 1,000,000:    3s.  Last read position: chr19:6,367,666.  Last read name: SRR7624372.16694901
INFO	2024-07-03 12:15:20	CleanSam	Processed    34,000,000 records.  Elapsed time: 00:02:10s.  Time for last 1,000,000:    3s.  Last read position: chr17:35,893,368.  Last read name: SRR7624372.13496183
INFO	2024-07-03 12:15:23	CleanSam	Processed    35,000,000 records.  Elapsed time: 00:02:13s.  Time for last 1,000,000:    3s.  Last read position: chrX:167,207,443.  Last read name: SRR7624372.47032156
INFO	2024-07-03 12:15:27	CleanSam	Processed    36,000,000 records.  Elapsed time: 00:02:17s.  Time for last 1,000,000:    3s.  Last read position: chr18:37,903,333.  Last read name: SRR7624372.32412100
INFO	2024-07-03 12:15:32	CleanSam	Processed    37,000,000 records.  Elapsed time: 00:02:22s.  Time for last 1,000,000:    4s.  Last read position: chr5:147,873,268.  Last read name: SRR7624372.14038132
INFO	2024-07-03 12:15:35	CleanSam	Processed    38,000,000 records.  Elapsed time: 00:02:25s.  Time for last 1,000,000:    3s.  Last read position: chr3:90,503,183.  Last read name: SRR7624372.50654745
INFO	2024-07-03 12:15:39	CleanSam	Processed    39,000,000 records.  Elapsed time: 00:02:29s.  Time for last 1,000,000:    3s.  Last read position: chr8:84,260,319.  Last read name: SRR7624372.22531458
INFO	2024-07-03 12:15:43	CleanSam	Processed    40,000,000 records.  Elapsed time: 00:02:33s.  Time for last 1,000,000:    4s.  Last read position: chr17:56,722,093.  Last read name: SRR7624372.2177705
INFO	2024-07-03 12:15:47	CleanSam	Processed    41,000,000 records.  Elapsed time: 00:02:37s.  Time for last 1,000,000:    3s.  Last read position: chr15:38,021,615.  Last read name: SRR7624372.21163010
INFO	2024-07-03 12:15:51	CleanSam	Processed    42,000,000 records.  Elapsed time: 00:02:41s.  Time for last 1,000,000:    4s.  Last read position: chr5:36,619,727.  Last read name: SRR7624372.21347783
INFO	2024-07-03 12:15:55	CleanSam	Processed    43,000,000 records.  Elapsed time: 00:02:45s.  Time for last 1,000,000:    3s.  Last read position: chr19:5,802,003.  Last read name: SRR7624372.1206468
INFO	2024-07-03 12:15:59	CleanSam	Processed    44,000,000 records.  Elapsed time: 00:02:49s.  Time for last 1,000,000:    3s.  Last read position: chr2:165,815,396.  Last read name: SRR7624372.22943270
INFO	2024-07-03 12:16:03	CleanSam	Processed    45,000,000 records.  Elapsed time: 00:02:53s.  Time for last 1,000,000:    3s.  Last read position: chr1:128,413,708.  Last read name: SRR7624372.27691237
INFO	2024-07-03 12:16:07	CleanSam	Processed    46,000,000 records.  Elapsed time: 00:02:57s.  Time for last 1,000,000:    3s.  Last read position: chr9:78,479,865.  Last read name: SRR7624372.19129078
INFO	2024-07-03 12:16:11	CleanSam	Processed    47,000,000 records.  Elapsed time: 00:03:01s.  Time for last 1,000,000:    4s.  Last read position: chr5:92,057,850.  Last read name: SRR7624372.39599522
INFO	2024-07-03 12:16:15	CleanSam	Processed    48,000,000 records.  Elapsed time: 00:03:05s.  Time for last 1,000,000:    4s.  Last read position: chr15:98,932,180.  Last read name: SRR7624372.31977040
INFO	2024-07-03 12:16:19	CleanSam	Processed    49,000,000 records.  Elapsed time: 00:03:08s.  Time for last 1,000,000:    3s.  Last read position: chr3:124,385,781.  Last read name: SRR7624372.42322929
INFO	2024-07-03 12:16:23	CleanSam	Processed    50,000,000 records.  Elapsed time: 00:03:13s.  Time for last 1,000,000:    4s.  Last read position: chr8:71,488,761.  Last read name: SRR7624372.6384016
INFO	2024-07-03 12:16:27	CleanSam	Processed    51,000,000 records.  Elapsed time: 00:03:17s.  Time for last 1,000,000:    4s.  Last read position: chr1:181,126,971.  Last read name: SRR7624372.33588481
INFO	2024-07-03 12:16:31	CleanSam	Processed    52,000,000 records.  Elapsed time: 00:03:20s.  Time for last 1,000,000:    3s.  Last read position: chr17:28,172,731.  Last read name: SRR7624372.26239866
INFO	2024-07-03 12:16:34	CleanSam	Processed    53,000,000 records.  Elapsed time: 00:03:24s.  Time for last 1,000,000:    3s.  Last read position: chr8:79,608,711.  Last read name: SRR7624372.2489559
INFO	2024-07-03 12:16:38	CleanSam	Processed    54,000,000 records.  Elapsed time: 00:03:28s.  Time for last 1,000,000:    3s.  Last read position: chr11:101,259,345.  Last read name: SRR7624372.50725779
INFO	2024-07-03 12:16:42	CleanSam	Processed    55,000,000 records.  Elapsed time: 00:03:32s.  Time for last 1,000,000:    3s.  Last read position: chr1:59,639,965.  Last read name: SRR7624372.30849190
INFO	2024-07-03 12:16:46	CleanSam	Processed    56,000,000 records.  Elapsed time: 00:03:36s.  Time for last 1,000,000:    3s.  Last read position: chr3:32,337,964.  Last read name: SRR7624372.4646562
INFO	2024-07-03 12:16:50	CleanSam	Processed    57,000,000 records.  Elapsed time: 00:03:40s.  Time for last 1,000,000:    3s.  Last read position: chr12:104,728,349.  Last read name: SRR7624372.15489574
INFO	2024-07-03 12:16:54	CleanSam	Processed    58,000,000 records.  Elapsed time: 00:03:44s.  Time for last 1,000,000:    3s.  Last read position: chr14:103,081,361.  Last read name: SRR7624372.10221860
INFO	2024-07-03 12:16:58	CleanSam	Processed    59,000,000 records.  Elapsed time: 00:03:47s.  Time for last 1,000,000:    3s.  Last read position: chr13:94,449,755.  Last read name: SRR7624372.1098901
INFO	2024-07-03 12:17:01	CleanSam	Processed    60,000,000 records.  Elapsed time: 00:03:51s.  Time for last 1,000,000:    3s.  Last read position: chr14:47,320,070.  Last read name: SRR7624372.15441175
INFO	2024-07-03 12:17:06	CleanSam	Processed    61,000,000 records.  Elapsed time: 00:03:55s.  Time for last 1,000,000:    4s.  Last read position: chr1:13,650,837.  Last read name: SRR7624372.36916443
INFO	2024-07-03 12:17:09	CleanSam	Processed    62,000,000 records.  Elapsed time: 00:03:59s.  Time for last 1,000,000:    3s.  Last read position: chr6:124,961,292.  Last read name: SRR7624372.12814060
INFO	2024-07-03 12:17:13	CleanSam	Processed    63,000,000 records.  Elapsed time: 00:04:03s.  Time for last 1,000,000:    3s.  Last read position: chr3:138,550,306.  Last read name: SRR7624372.42353929
INFO	2024-07-03 12:17:17	CleanSam	Processed    64,000,000 records.  Elapsed time: 00:04:07s.  Time for last 1,000,000:    3s.  Last read position: chr12:84,773,957.  Last read name: SRR7624372.53971694
INFO	2024-07-03 12:17:21	CleanSam	Processed    65,000,000 records.  Elapsed time: 00:04:11s.  Time for last 1,000,000:    3s.  Last read position: chr3:16,496,567.  Last read name: SRR7624372.23256545
INFO	2024-07-03 12:17:25	CleanSam	Processed    66,000,000 records.  Elapsed time: 00:04:15s.  Time for last 1,000,000:    3s.  Last read position: chr10:14,745,710.  Last read name: SRR7624372.11578387
INFO	2024-07-03 12:17:29	CleanSam	Processed    67,000,000 records.  Elapsed time: 00:04:19s.  Time for last 1,000,000:    3s.  Last read position: chr12:38,780,246.  Last read name: SRR7624372.28429239
INFO	2024-07-03 12:17:33	CleanSam	Processed    68,000,000 records.  Elapsed time: 00:04:23s.  Time for last 1,000,000:    4s.  Last read position: chr14:24,271,578.  Last read name: SRR7624372.40638176
INFO	2024-07-03 12:17:38	CleanSam	Processed    69,000,000 records.  Elapsed time: 00:04:28s.  Time for last 1,000,000:    5s.  Last read position: chr19:30,137,149.  Last read name: SRR7624372.40738804
INFO	2024-07-03 12:17:44	CleanSam	Processed    70,000,000 records.  Elapsed time: 00:04:34s.  Time for last 1,000,000:    5s.  Last read position: chr10:128,047,782.  Last read name: SRR7624372.18008204
INFO	2024-07-03 12:17:48	CleanSam	Processed    71,000,000 records.  Elapsed time: 00:04:38s.  Time for last 1,000,000:    4s.  Last read position: chr11:63,312,701.  Last read name: SRR7624372.2065397
INFO	2024-07-03 12:17:52	CleanSam	Processed    72,000,000 records.  Elapsed time: 00:04:42s.  Time for last 1,000,000:    4s.  Last read position: chr5:34,342,641.  Last read name: SRR7624372.51690102
INFO	2024-07-03 12:17:56	CleanSam	Processed    73,000,000 records.  Elapsed time: 00:04:46s.  Time for last 1,000,000:    3s.  Last read position: chr2:154,872,849.  Last read name: SRR7624372.53284114
INFO	2024-07-03 12:18:00	CleanSam	Processed    74,000,000 records.  Elapsed time: 00:04:50s.  Time for last 1,000,000:    3s.  Last read position: chr2:81,642,142.  Last read name: SRR7624372.48940157
INFO	2024-07-03 12:18:04	CleanSam	Processed    75,000,000 records.  Elapsed time: 00:04:53s.  Time for last 1,000,000:    3s.  Last read position: chr10:4,356,644.  Last read name: SRR7624372.37341459
INFO	2024-07-03 12:18:07	CleanSam	Processed    76,000,000 records.  Elapsed time: 00:04:57s.  Time for last 1,000,000:    3s.  Last read position: chr8:123,275,166.  Last read name: SRR7624372.37191668
INFO	2024-07-03 12:18:11	CleanSam	Processed    77,000,000 records.  Elapsed time: 00:05:01s.  Time for last 1,000,000:    3s.  Last read position: chr9:120,952,912.  Last read name: SRR7624372.5818646
INFO	2024-07-03 12:18:15	CleanSam	Processed    78,000,000 records.  Elapsed time: 00:05:05s.  Time for last 1,000,000:    3s.  Last read position: chr4:155,803,083.  Last read name: SRR7624372.42366265
[Wed Jul 03 12:18:23 CEST 2024] picard.sam.CleanSam done. Elapsed time: 5.22 minutes.
Runtime.totalMemory()=618135552
12:18:25.405 INFO  NativeLibraryLoader - Loading libgkl_compression.so from jar:file:/home/robin/bin/miniconda3/share/picard-2.26.2-0/picard.jar!/com/intel/gkl/native/libgkl_compression.so
[Wed Jul 03 12:18:25 CEST 2024] SamFormatConverter --INPUT E14_12h_RNA_Yang2019_rep2_GSM3314684_cleaned.sam --OUTPUT E14_12h_RNA_Yang2019_rep2_GSM3314684_unsorted.bam --TMP_DIR . --VERBOSITY INFO --QUIET false --VALIDATION_STRINGENCY STRICT --COMPRESSION_LEVEL 5 --MAX_RECORDS_IN_RAM 500000 --CREATE_INDEX false --CREATE_MD5_FILE false --GA4GH_CLIENT_SECRETS client_secrets.json --help false --version false --showHidden false --USE_JDK_DEFLATER false --USE_JDK_INFLATER false
[Wed Jul 03 12:18:25 CEST 2024] Executing as robin@epipax.ijm.univ-paris-diderot.priv on Linux 6.1.0-21-amd64 amd64; OpenJDK 64-Bit Server VM 1.8.0_332-b09; Deflater: Intel; Inflater: Intel; Provider GCS is not available; Picard version: Version:2.26.2
INFO	2024-07-03 12:18:26	SamFormatConverter	Seen many non-increasing record positions. Printing Read-names as well.
INFO	2024-07-03 12:18:33	SamFormatConverter	Processed     1,000,000 records.  Elapsed time: 00:00:06s.  Time for last 1,000,000:    6s.  Last read position: chr7:143,535,911.  Last read name: SRR7624372.15682507
INFO	2024-07-03 12:18:38	SamFormatConverter	Processed     2,000,000 records.  Elapsed time: 00:00:12s.  Time for last 1,000,000:    5s.  Last read position: chr19:40,251,958.  Last read name: SRR7624372.53453186
INFO	2024-07-03 12:18:44	SamFormatConverter	Processed     3,000,000 records.  Elapsed time: 00:00:18s.  Time for last 1,000,000:    6s.  Last read position: chr5:115,561,379.  Last read name: SRR7624372.14768429
INFO	2024-07-03 12:18:51	SamFormatConverter	Processed     4,000,000 records.  Elapsed time: 00:00:24s.  Time for last 1,000,000:    6s.  Last read position: chrX:144,345,706.  Last read name: SRR7624372.6253211
INFO	2024-07-03 12:18:57	SamFormatConverter	Processed     5,000,000 records.  Elapsed time: 00:00:30s.  Time for last 1,000,000:    6s.  Last read position: chr4:133,662,173.  Last read name: SRR7624372.13878915
INFO	2024-07-03 12:19:03	SamFormatConverter	Processed     6,000,000 records.  Elapsed time: 00:00:36s.  Time for last 1,000,000:    6s.  Last read position: chr16:18,249,737.  Last read name: SRR7624372.54113047
INFO	2024-07-03 12:19:09	SamFormatConverter	Processed     7,000,000 records.  Elapsed time: 00:00:42s.  Time for last 1,000,000:    6s.  Last read position: chr12:72,895,205.  Last read name: SRR7624372.18485383
INFO	2024-07-03 12:19:15	SamFormatConverter	Processed     8,000,000 records.  Elapsed time: 00:00:49s.  Time for last 1,000,000:    6s.  Last read position: chr14:54,588,024.  Last read name: SRR7624372.42539073
INFO	2024-07-03 12:19:21	SamFormatConverter	Processed     9,000,000 records.  Elapsed time: 00:00:55s.  Time for last 1,000,000:    6s.  Last read position: chr17:24,223,930.  Last read name: SRR7624372.20060614
INFO	2024-07-03 12:19:27	SamFormatConverter	Processed    10,000,000 records.  Elapsed time: 00:01:01s.  Time for last 1,000,000:    6s.  Last read position: chr7:30,022,723.  Last read name: SRR7624372.41140803
INFO	2024-07-03 12:19:33	SamFormatConverter	Processed    11,000,000 records.  Elapsed time: 00:01:07s.  Time for last 1,000,000:    6s.  Last read position: chr12:78,885,211.  Last read name: SRR7624372.27991522
INFO	2024-07-03 12:19:39	SamFormatConverter	Processed    12,000,000 records.  Elapsed time: 00:01:13s.  Time for last 1,000,000:    5s.  Last read position: chr17:47,494,475.  Last read name: SRR7624372.9555594
INFO	2024-07-03 12:19:45	SamFormatConverter	Processed    13,000,000 records.  Elapsed time: 00:01:19s.  Time for last 1,000,000:    6s.  Last read position: chr16:91,641,240.  Last read name: SRR7624372.38696267
INFO	2024-07-03 12:19:52	SamFormatConverter	Processed    14,000,000 records.  Elapsed time: 00:01:25s.  Time for last 1,000,000:    6s.  Last read position: chr15:80,080,902.  Last read name: SRR7624372.1632298
INFO	2024-07-03 12:19:58	SamFormatConverter	Processed    15,000,000 records.  Elapsed time: 00:01:32s.  Time for last 1,000,000:    6s.  Last read position: chr11:69,668,070.  Last read name: SRR7624372.7427590
INFO	2024-07-03 12:20:04	SamFormatConverter	Processed    16,000,000 records.  Elapsed time: 00:01:37s.  Time for last 1,000,000:    5s.  Last read position: chr15:76,904,873.  Last read name: SRR7624372.18865397
INFO	2024-07-03 12:20:10	SamFormatConverter	Processed    17,000,000 records.  Elapsed time: 00:01:44s.  Time for last 1,000,000:    6s.  Last read position: chr5:8,404,907.  Last read name: SRR7624372.2637903
INFO	2024-07-03 12:20:17	SamFormatConverter	Processed    18,000,000 records.  Elapsed time: 00:01:50s.  Time for last 1,000,000:    6s.  Last read position: chr9:64,175,282.  Last read name: SRR7624372.29620674
INFO	2024-07-03 12:20:22	SamFormatConverter	Processed    19,000,000 records.  Elapsed time: 00:01:56s.  Time for last 1,000,000:    5s.  Last read position: chr2:80,632,853.  Last read name: SRR7624372.6276176
INFO	2024-07-03 12:20:28	SamFormatConverter	Processed    20,000,000 records.  Elapsed time: 00:02:02s.  Time for last 1,000,000:    5s.  Last read position: chr2:175,285,062.  Last read name: SRR7624372.19546143
INFO	2024-07-03 12:20:34	SamFormatConverter	Processed    21,000,000 records.  Elapsed time: 00:02:07s.  Time for last 1,000,000:    5s.  Last read position: chr4:95,980,335.  Last read name: SRR7624372.37821601
INFO	2024-07-03 12:20:41	SamFormatConverter	Processed    22,000,000 records.  Elapsed time: 00:02:14s.  Time for last 1,000,000:    6s.  Last read position: chr18:46,609,678.  Last read name: SRR7624372.47962042
INFO	2024-07-03 12:20:48	SamFormatConverter	Processed    23,000,000 records.  Elapsed time: 00:02:21s.  Time for last 1,000,000:    7s.  Last read position: chr13:112,593,952.  Last read name: SRR7624372.16285225
INFO	2024-07-03 12:20:54	SamFormatConverter	Processed    24,000,000 records.  Elapsed time: 00:02:27s.  Time for last 1,000,000:    5s.  Last read position: chr9:110,939,862.  Last read name: SRR7624372.17852372
INFO	2024-07-03 12:21:00	SamFormatConverter	Processed    25,000,000 records.  Elapsed time: 00:02:33s.  Time for last 1,000,000:    5s.  Last read position: chr3:75,521,072.  Last read name: SRR7624372.20045256
INFO	2024-07-03 12:21:07	SamFormatConverter	Processed    26,000,000 records.  Elapsed time: 00:02:40s.  Time for last 1,000,000:    7s.  Last read position: chr1:87,718,119.  Last read name: SRR7624372.23510396
INFO	2024-07-03 12:21:13	SamFormatConverter	Processed    27,000,000 records.  Elapsed time: 00:02:46s.  Time for last 1,000,000:    6s.  Last read position: chr11:62,552,928.  Last read name: SRR7624372.54460128
INFO	2024-07-03 12:21:19	SamFormatConverter	Processed    28,000,000 records.  Elapsed time: 00:02:52s.  Time for last 1,000,000:    5s.  Last read position: chr11:121,148,166.  Last read name: SRR7624372.23143521
INFO	2024-07-03 12:21:25	SamFormatConverter	Processed    29,000,000 records.  Elapsed time: 00:02:58s.  Time for last 1,000,000:    5s.  Last read position: chr3:89,223,491.  Last read name: SRR7624372.25872804
INFO	2024-07-03 12:21:31	SamFormatConverter	Processed    30,000,000 records.  Elapsed time: 00:03:04s.  Time for last 1,000,000:    6s.  Last read position: chr7:114,264,303.  Last read name: SRR7624372.34483576
INFO	2024-07-03 12:21:37	SamFormatConverter	Processed    31,000,000 records.  Elapsed time: 00:03:10s.  Time for last 1,000,000:    6s.  Last read position: chr10:130,592,252.  Last read name: SRR7624372.3335523
INFO	2024-07-03 12:21:44	SamFormatConverter	Processed    32,000,000 records.  Elapsed time: 00:03:17s.  Time for last 1,000,000:    6s.  Last read position: chr2:31,790,711.  Last read name: SRR7624372.16281640
INFO	2024-07-03 12:21:50	SamFormatConverter	Processed    33,000,000 records.  Elapsed time: 00:03:23s.  Time for last 1,000,000:    6s.  Last read position: chr19:6,367,666.  Last read name: SRR7624372.16694901
INFO	2024-07-03 12:21:56	SamFormatConverter	Processed    34,000,000 records.  Elapsed time: 00:03:29s.  Time for last 1,000,000:    6s.  Last read position: chr17:35,893,368.  Last read name: SRR7624372.13496183
INFO	2024-07-03 12:22:02	SamFormatConverter	Processed    35,000,000 records.  Elapsed time: 00:03:35s.  Time for last 1,000,000:    5s.  Last read position: chrX:167,207,443.  Last read name: SRR7624372.47032156
INFO	2024-07-03 12:22:08	SamFormatConverter	Processed    36,000,000 records.  Elapsed time: 00:03:41s.  Time for last 1,000,000:    6s.  Last read position: chr18:37,903,333.  Last read name: SRR7624372.32412100
INFO	2024-07-03 12:22:14	SamFormatConverter	Processed    37,000,000 records.  Elapsed time: 00:03:47s.  Time for last 1,000,000:    6s.  Last read position: chr5:147,873,268.  Last read name: SRR7624372.14038132
INFO	2024-07-03 12:22:20	SamFormatConverter	Processed    38,000,000 records.  Elapsed time: 00:03:53s.  Time for last 1,000,000:    5s.  Last read position: chr3:90,503,183.  Last read name: SRR7624372.50654745
INFO	2024-07-03 12:22:26	SamFormatConverter	Processed    39,000,000 records.  Elapsed time: 00:03:59s.  Time for last 1,000,000:    5s.  Last read position: chr8:84,260,319.  Last read name: SRR7624372.22531458
INFO	2024-07-03 12:22:32	SamFormatConverter	Processed    40,000,000 records.  Elapsed time: 00:04:05s.  Time for last 1,000,000:    5s.  Last read position: chr17:56,722,093.  Last read name: SRR7624372.2177705
INFO	2024-07-03 12:22:38	SamFormatConverter	Processed    41,000,000 records.  Elapsed time: 00:04:11s.  Time for last 1,000,000:    5s.  Last read position: chr15:38,021,615.  Last read name: SRR7624372.21163010
INFO	2024-07-03 12:22:44	SamFormatConverter	Processed    42,000,000 records.  Elapsed time: 00:04:17s.  Time for last 1,000,000:    6s.  Last read position: chr5:36,619,727.  Last read name: SRR7624372.21347783
INFO	2024-07-03 12:22:50	SamFormatConverter	Processed    43,000,000 records.  Elapsed time: 00:04:23s.  Time for last 1,000,000:    6s.  Last read position: chr19:5,802,003.  Last read name: SRR7624372.1206468
INFO	2024-07-03 12:22:56	SamFormatConverter	Processed    44,000,000 records.  Elapsed time: 00:04:29s.  Time for last 1,000,000:    6s.  Last read position: chr2:165,815,396.  Last read name: SRR7624372.22943270
INFO	2024-07-03 12:23:02	SamFormatConverter	Processed    45,000,000 records.  Elapsed time: 00:04:35s.  Time for last 1,000,000:    6s.  Last read position: chr1:128,413,708.  Last read name: SRR7624372.27691237
INFO	2024-07-03 12:23:08	SamFormatConverter	Processed    46,000,000 records.  Elapsed time: 00:04:41s.  Time for last 1,000,000:    5s.  Last read position: chr9:78,479,865.  Last read name: SRR7624372.19129078
INFO	2024-07-03 12:23:14	SamFormatConverter	Processed    47,000,000 records.  Elapsed time: 00:04:47s.  Time for last 1,000,000:    6s.  Last read position: chr5:92,057,850.  Last read name: SRR7624372.39599522
INFO	2024-07-03 12:23:20	SamFormatConverter	Processed    48,000,000 records.  Elapsed time: 00:04:53s.  Time for last 1,000,000:    5s.  Last read position: chr15:98,932,180.  Last read name: SRR7624372.31977040
INFO	2024-07-03 12:23:26	SamFormatConverter	Processed    49,000,000 records.  Elapsed time: 00:04:59s.  Time for last 1,000,000:    5s.  Last read position: chr3:124,385,781.  Last read name: SRR7624372.42322929
INFO	2024-07-03 12:23:32	SamFormatConverter	Processed    50,000,000 records.  Elapsed time: 00:05:05s.  Time for last 1,000,000:    5s.  Last read position: chr8:71,488,761.  Last read name: SRR7624372.6384016
INFO	2024-07-03 12:23:38	SamFormatConverter	Processed    51,000,000 records.  Elapsed time: 00:05:11s.  Time for last 1,000,000:    5s.  Last read position: chr1:181,126,971.  Last read name: SRR7624372.33588481
INFO	2024-07-03 12:23:44	SamFormatConverter	Processed    52,000,000 records.  Elapsed time: 00:05:17s.  Time for last 1,000,000:    6s.  Last read position: chr17:28,172,731.  Last read name: SRR7624372.26239866
INFO	2024-07-03 12:23:49	SamFormatConverter	Processed    53,000,000 records.  Elapsed time: 00:05:23s.  Time for last 1,000,000:    5s.  Last read position: chr8:79,608,711.  Last read name: SRR7624372.2489559
INFO	2024-07-03 12:23:55	SamFormatConverter	Processed    54,000,000 records.  Elapsed time: 00:05:29s.  Time for last 1,000,000:    5s.  Last read position: chr11:101,259,345.  Last read name: SRR7624372.50725779
INFO	2024-07-03 12:24:01	SamFormatConverter	Processed    55,000,000 records.  Elapsed time: 00:05:35s.  Time for last 1,000,000:    6s.  Last read position: chr1:59,639,965.  Last read name: SRR7624372.30849190
INFO	2024-07-03 12:24:07	SamFormatConverter	Processed    56,000,000 records.  Elapsed time: 00:05:40s.  Time for last 1,000,000:    5s.  Last read position: chr3:32,337,964.  Last read name: SRR7624372.4646562
INFO	2024-07-03 12:24:13	SamFormatConverter	Processed    57,000,000 records.  Elapsed time: 00:05:46s.  Time for last 1,000,000:    5s.  Last read position: chr12:104,728,349.  Last read name: SRR7624372.15489574
INFO	2024-07-03 12:24:19	SamFormatConverter	Processed    58,000,000 records.  Elapsed time: 00:05:52s.  Time for last 1,000,000:    5s.  Last read position: chr14:103,081,361.  Last read name: SRR7624372.10221860
INFO	2024-07-03 12:24:25	SamFormatConverter	Processed    59,000,000 records.  Elapsed time: 00:05:58s.  Time for last 1,000,000:    5s.  Last read position: chr13:94,449,755.  Last read name: SRR7624372.1098901
INFO	2024-07-03 12:24:31	SamFormatConverter	Processed    60,000,000 records.  Elapsed time: 00:06:04s.  Time for last 1,000,000:    6s.  Last read position: chr14:47,320,070.  Last read name: SRR7624372.15441175
INFO	2024-07-03 12:24:37	SamFormatConverter	Processed    61,000,000 records.  Elapsed time: 00:06:10s.  Time for last 1,000,000:    5s.  Last read position: chr1:13,650,837.  Last read name: SRR7624372.36916443
INFO	2024-07-03 12:24:43	SamFormatConverter	Processed    62,000,000 records.  Elapsed time: 00:06:16s.  Time for last 1,000,000:    5s.  Last read position: chr6:124,961,292.  Last read name: SRR7624372.12814060
INFO	2024-07-03 12:24:50	SamFormatConverter	Processed    63,000,000 records.  Elapsed time: 00:06:23s.  Time for last 1,000,000:    6s.  Last read position: chr3:138,550,306.  Last read name: SRR7624372.42353929
INFO	2024-07-03 12:24:56	SamFormatConverter	Processed    64,000,000 records.  Elapsed time: 00:06:30s.  Time for last 1,000,000:    6s.  Last read position: chr12:84,773,957.  Last read name: SRR7624372.53971694
INFO	2024-07-03 12:25:03	SamFormatConverter	Processed    65,000,000 records.  Elapsed time: 00:06:36s.  Time for last 1,000,000:    6s.  Last read position: chr3:16,496,567.  Last read name: SRR7624372.23256545
INFO	2024-07-03 12:25:13	SamFormatConverter	Processed    66,000,000 records.  Elapsed time: 00:06:46s.  Time for last 1,000,000:    9s.  Last read position: chr10:14,745,710.  Last read name: SRR7624372.11578387
INFO	2024-07-03 12:25:20	SamFormatConverter	Processed    67,000,000 records.  Elapsed time: 00:06:54s.  Time for last 1,000,000:    7s.  Last read position: chr12:38,780,246.  Last read name: SRR7624372.28429239
INFO	2024-07-03 12:25:27	SamFormatConverter	Processed    68,000,000 records.  Elapsed time: 00:07:00s.  Time for last 1,000,000:    6s.  Last read position: chr14:24,271,578.  Last read name: SRR7624372.40638176
INFO	2024-07-03 12:25:34	SamFormatConverter	Processed    69,000,000 records.  Elapsed time: 00:07:07s.  Time for last 1,000,000:    6s.  Last read position: chr19:30,137,149.  Last read name: SRR7624372.40738804
INFO	2024-07-03 12:25:40	SamFormatConverter	Processed    70,000,000 records.  Elapsed time: 00:07:13s.  Time for last 1,000,000:    6s.  Last read position: chr10:128,047,782.  Last read name: SRR7624372.18008204
INFO	2024-07-03 12:25:46	SamFormatConverter	Processed    71,000,000 records.  Elapsed time: 00:07:19s.  Time for last 1,000,000:    5s.  Last read position: chr11:63,312,701.  Last read name: SRR7624372.2065397
INFO	2024-07-03 12:25:52	SamFormatConverter	Processed    72,000,000 records.  Elapsed time: 00:07:25s.  Time for last 1,000,000:    5s.  Last read position: chr5:34,342,641.  Last read name: SRR7624372.51690102
INFO	2024-07-03 12:25:59	SamFormatConverter	Processed    73,000,000 records.  Elapsed time: 00:07:32s.  Time for last 1,000,000:    6s.  Last read position: chr2:154,872,849.  Last read name: SRR7624372.53284114
INFO	2024-07-03 12:26:06	SamFormatConverter	Processed    74,000,000 records.  Elapsed time: 00:07:39s.  Time for last 1,000,000:    7s.  Last read position: chr2:81,642,142.  Last read name: SRR7624372.48940157
INFO	2024-07-03 12:26:12	SamFormatConverter	Processed    75,000,000 records.  Elapsed time: 00:07:46s.  Time for last 1,000,000:    6s.  Last read position: chr10:4,356,644.  Last read name: SRR7624372.37341459
INFO	2024-07-03 12:26:19	SamFormatConverter	Processed    76,000,000 records.  Elapsed time: 00:07:52s.  Time for last 1,000,000:    6s.  Last read position: chr8:123,275,166.  Last read name: SRR7624372.37191668
INFO	2024-07-03 12:26:26	SamFormatConverter	Processed    77,000,000 records.  Elapsed time: 00:07:59s.  Time for last 1,000,000:    6s.  Last read position: chr9:120,952,912.  Last read name: SRR7624372.5818646
INFO	2024-07-03 12:26:32	SamFormatConverter	Processed    78,000,000 records.  Elapsed time: 00:08:05s.  Time for last 1,000,000:    6s.  Last read position: chr4:155,803,083.  Last read name: SRR7624372.42366265
[Wed Jul 03 12:26:32 CEST 2024] picard.sam.SamFormatConverter done. Elapsed time: 8.12 minutes.
Runtime.totalMemory()=821559296
12:26:34.709 INFO  NativeLibraryLoader - Loading libgkl_compression.so from jar:file:/home/robin/bin/miniconda3/share/picard-2.26.2-0/picard.jar!/com/intel/gkl/native/libgkl_compression.so
[Wed Jul 03 12:26:34 CEST 2024] SortSam --INPUT E14_12h_RNA_Yang2019_rep2_GSM3314684_unsorted.bam --OUTPUT E14_12h_RNA_Yang2019_rep2_GSM3314684_sorted.bam --SORT_ORDER coordinate --TMP_DIR . --VERBOSITY INFO --QUIET false --VALIDATION_STRINGENCY STRICT --COMPRESSION_LEVEL 5 --MAX_RECORDS_IN_RAM 500000 --CREATE_INDEX false --CREATE_MD5_FILE false --GA4GH_CLIENT_SECRETS client_secrets.json --help false --version false --showHidden false --USE_JDK_DEFLATER false --USE_JDK_INFLATER false
[Wed Jul 03 12:26:34 CEST 2024] Executing as robin@epipax.ijm.univ-paris-diderot.priv on Linux 6.1.0-21-amd64 amd64; OpenJDK 64-Bit Server VM 1.8.0_332-b09; Deflater: Intel; Inflater: Intel; Provider GCS is not available; Picard version: Version:2.26.2
INFO	2024-07-03 12:26:35	SortSam	Seen many non-increasing record positions. Printing Read-names as well.
INFO	2024-07-03 12:27:22	SortSam	Read    10,000,000 records.  Elapsed time: 00:00:47s.  Time for last 10,000,000:   47s.  Last read position: chr7:30,022,723.  Last read name: SRR7624372.41140803
INFO	2024-07-03 12:28:13	SortSam	Read    20,000,000 records.  Elapsed time: 00:01:38s.  Time for last 10,000,000:   50s.  Last read position: chr2:175,285,062.  Last read name: SRR7624372.19546143
INFO	2024-07-03 12:29:06	SortSam	Read    30,000,000 records.  Elapsed time: 00:02:31s.  Time for last 10,000,000:   52s.  Last read position: chr7:114,264,303.  Last read name: SRR7624372.34483576
INFO	2024-07-03 12:29:55	SortSam	Read    40,000,000 records.  Elapsed time: 00:03:20s.  Time for last 10,000,000:   49s.  Last read position: chr17:56,722,093.  Last read name: SRR7624372.2177705
INFO	2024-07-03 12:30:46	SortSam	Read    50,000,000 records.  Elapsed time: 00:04:10s.  Time for last 10,000,000:   50s.  Last read position: chr8:71,488,761.  Last read name: SRR7624372.6384016
INFO	2024-07-03 12:31:39	SortSam	Read    60,000,000 records.  Elapsed time: 00:05:03s.  Time for last 10,000,000:   52s.  Last read position: chr14:47,320,070.  Last read name: SRR7624372.15441175
INFO	2024-07-03 12:32:31	SortSam	Read    70,000,000 records.  Elapsed time: 00:05:56s.  Time for last 10,000,000:   52s.  Last read position: chr10:128,047,782.  Last read name: SRR7624372.18008204
INFO	2024-07-03 12:33:09	SortSam	Finished reading inputs, merging and writing to output now.
INFO	2024-07-03 12:33:48	SortSam	Wrote    10,000,000 records from a sorting collection.  Elapsed time: 00:07:13s.  Time for last 10,000,000:   37s.  Last read position: chr12:4,634,629
INFO	2024-07-03 12:34:25	SortSam	Wrote    20,000,000 records from a sorting collection.  Elapsed time: 00:07:50s.  Time for last 10,000,000:   37s.  Last read position: chr15:31,590,943
INFO	2024-07-03 12:35:03	SortSam	Wrote    30,000,000 records from a sorting collection.  Elapsed time: 00:08:28s.  Time for last 10,000,000:   38s.  Last read position: chr18:37,944,915
INFO	2024-07-03 12:35:41	SortSam	Wrote    40,000,000 records from a sorting collection.  Elapsed time: 00:09:06s.  Time for last 10,000,000:   37s.  Last read position: chr2:35,340,604
INFO	2024-07-03 12:36:18	SortSam	Wrote    50,000,000 records from a sorting collection.  Elapsed time: 00:09:43s.  Time for last 10,000,000:   37s.  Last read position: chr4:108,576,374
INFO	2024-07-03 12:36:55	SortSam	Wrote    60,000,000 records from a sorting collection.  Elapsed time: 00:10:20s.  Time for last 10,000,000:   36s.  Last read position: chr6:91,057,770
INFO	2024-07-03 12:37:31	SortSam	Wrote    70,000,000 records from a sorting collection.  Elapsed time: 00:10:56s.  Time for last 10,000,000:   35s.  Last read position: chr9:20,926,467
[Wed Jul 03 12:38:01 CEST 2024] picard.sam.SortSam done. Elapsed time: 11.45 minutes.
Runtime.totalMemory()=1831862272
12:38:02.643 INFO  NativeLibraryLoader - Loading libgkl_compression.so from jar:file:/home/robin/bin/miniconda3/share/picard-2.26.2-0/picard.jar!/com/intel/gkl/native/libgkl_compression.so
[Wed Jul 03 12:38:02 CEST 2024] MarkDuplicates --INPUT E14_12h_RNA_Yang2019_rep2_GSM3314684_sorted.bam --OUTPUT E14_12h_RNA_Yang2019_rep2_GSM3314684.bam --METRICS_FILE E14_12h_RNA_Yang2019_rep2_GSM3314684_markDupeMetrics.txt --REMOVE_DUPLICATES false --TMP_DIR . --MAX_SEQUENCES_FOR_DISK_READ_ENDS_MAP 50000 --MAX_FILE_HANDLES_FOR_READ_ENDS_MAP 8000 --SORTING_COLLECTION_SIZE_RATIO 0.25 --TAG_DUPLICATE_SET_MEMBERS false --REMOVE_SEQUENCING_DUPLICATES false --TAGGING_POLICY DontTag --CLEAR_DT true --DUPLEX_UMI false --ADD_PG_TAG_TO_READS true --ASSUME_SORTED false --DUPLICATE_SCORING_STRATEGY SUM_OF_BASE_QUALITIES --PROGRAM_RECORD_ID MarkDuplicates --PROGRAM_GROUP_NAME MarkDuplicates --READ_NAME_REGEX <optimized capture of last three ':' separated fields as numeric values> --OPTICAL_DUPLICATE_PIXEL_DISTANCE 100 --MAX_OPTICAL_DUPLICATE_SET_SIZE 300000 --VERBOSITY INFO --QUIET false --VALIDATION_STRINGENCY STRICT --COMPRESSION_LEVEL 5 --MAX_RECORDS_IN_RAM 500000 --CREATE_INDEX false --CREATE_MD5_FILE false --GA4GH_CLIENT_SECRETS client_secrets.json --help false --version false --showHidden false --USE_JDK_DEFLATER false --USE_JDK_INFLATER false
[Wed Jul 03 12:38:02 CEST 2024] Executing as robin@epipax.ijm.univ-paris-diderot.priv on Linux 6.1.0-21-amd64 amd64; OpenJDK 64-Bit Server VM 1.8.0_332-b09; Deflater: Intel; Inflater: Intel; Provider GCS is not available; Picard version: Version:2.26.2
INFO	2024-07-03 12:38:02	MarkDuplicates	Start of doWork freeMemory: 501501576; totalMemory: 514850816; maxMemory: 1908932608
INFO	2024-07-03 12:38:02	MarkDuplicates	Reading input file and constructing read end information.
INFO	2024-07-03 12:38:02	MarkDuplicates	Will retain up to 6916422 data points before spilling to disk.
WARNING	2024-07-03 12:38:03	AbstractOpticalDuplicateFinderCommandLineProgram	A field field parsed out of a read name was expected to contain an integer and did not. Read name: SRR7624372.6611229. Cause: String 'SRR7624372.6611229' did not start with a parsable number.
INFO	2024-07-03 12:38:06	MarkDuplicates	Read     1,000,000 records.  Elapsed time: 00:00:03s.  Time for last 1,000,000:    3s.  Last read position: chr10:60,013,638
INFO	2024-07-03 12:38:06	MarkDuplicates	Tracking 41 as yet unmatched pairs. 41 records in RAM.
INFO	2024-07-03 12:38:09	MarkDuplicates	Read     2,000,000 records.  Elapsed time: 00:00:06s.  Time for last 1,000,000:    2s.  Last read position: chr10:81,181,115
INFO	2024-07-03 12:38:09	MarkDuplicates	Tracking 2202 as yet unmatched pairs. 2202 records in RAM.
INFO	2024-07-03 12:38:14	MarkDuplicates	Read     3,000,000 records.  Elapsed time: 00:00:11s.  Time for last 1,000,000:    4s.  Last read position: chr10:127,595,314
INFO	2024-07-03 12:38:14	MarkDuplicates	Tracking 25 as yet unmatched pairs. 25 records in RAM.
INFO	2024-07-03 12:38:17	MarkDuplicates	Read     4,000,000 records.  Elapsed time: 00:00:13s.  Time for last 1,000,000:    2s.  Last read position: chr11:20,112,836
INFO	2024-07-03 12:38:17	MarkDuplicates	Tracking 49 as yet unmatched pairs. 49 records in RAM.
INFO	2024-07-03 12:38:20	MarkDuplicates	Read     5,000,000 records.  Elapsed time: 00:00:17s.  Time for last 1,000,000:    3s.  Last read position: chr11:50,308,864
INFO	2024-07-03 12:38:20	MarkDuplicates	Tracking 1298 as yet unmatched pairs. 1298 records in RAM.
INFO	2024-07-03 12:38:27	MarkDuplicates	Read     6,000,000 records.  Elapsed time: 00:00:23s.  Time for last 1,000,000:    6s.  Last read position: chr11:69,034,656
INFO	2024-07-03 12:38:27	MarkDuplicates	Tracking 86 as yet unmatched pairs. 86 records in RAM.
INFO	2024-07-03 12:38:30	MarkDuplicates	Read     7,000,000 records.  Elapsed time: 00:00:27s.  Time for last 1,000,000:    3s.  Last read position: chr11:78,542,052
INFO	2024-07-03 12:38:30	MarkDuplicates	Tracking 229 as yet unmatched pairs. 229 records in RAM.
INFO	2024-07-03 12:38:36	MarkDuplicates	Read     8,000,000 records.  Elapsed time: 00:00:33s.  Time for last 1,000,000:    5s.  Last read position: chr11:96,795,012
INFO	2024-07-03 12:38:36	MarkDuplicates	Tracking 598 as yet unmatched pairs. 598 records in RAM.
INFO	2024-07-03 12:38:39	MarkDuplicates	Read     9,000,000 records.  Elapsed time: 00:00:36s.  Time for last 1,000,000:    2s.  Last read position: chr11:106,057,476
INFO	2024-07-03 12:38:39	MarkDuplicates	Tracking 76 as yet unmatched pairs. 76 records in RAM.
INFO	2024-07-03 12:38:43	MarkDuplicates	Read    10,000,000 records.  Elapsed time: 00:00:39s.  Time for last 1,000,000:    3s.  Last read position: chr12:4,634,629
INFO	2024-07-03 12:38:43	MarkDuplicates	Tracking 58 as yet unmatched pairs. 58 records in RAM.
INFO	2024-07-03 12:38:49	MarkDuplicates	Read    11,000,000 records.  Elapsed time: 00:00:46s.  Time for last 1,000,000:    6s.  Last read position: chr12:55,135,707
INFO	2024-07-03 12:38:49	MarkDuplicates	Tracking 6 as yet unmatched pairs. 6 records in RAM.
INFO	2024-07-03 12:38:51	MarkDuplicates	Read    12,000,000 records.  Elapsed time: 00:00:48s.  Time for last 1,000,000:    2s.  Last read position: chr12:78,871,552
INFO	2024-07-03 12:38:51	MarkDuplicates	Tracking 377 as yet unmatched pairs. 377 records in RAM.
INFO	2024-07-03 12:38:54	MarkDuplicates	Read    13,000,000 records.  Elapsed time: 00:00:51s.  Time for last 1,000,000:    2s.  Last read position: chr12:110,695,332
INFO	2024-07-03 12:38:54	MarkDuplicates	Tracking 4365 as yet unmatched pairs. 4365 records in RAM.
INFO	2024-07-03 12:38:57	MarkDuplicates	Read    14,000,000 records.  Elapsed time: 00:00:54s.  Time for last 1,000,000:    2s.  Last read position: chr13:23,317,588
INFO	2024-07-03 12:38:57	MarkDuplicates	Tracking 22 as yet unmatched pairs. 22 records in RAM.
INFO	2024-07-03 12:39:00	MarkDuplicates	Read    15,000,000 records.  Elapsed time: 00:00:57s.  Time for last 1,000,000:    3s.  Last read position: chr13:55,301,636
INFO	2024-07-03 12:39:00	MarkDuplicates	Tracking 250 as yet unmatched pairs. 250 records in RAM.
INFO	2024-07-03 12:39:06	MarkDuplicates	Read    16,000,000 records.  Elapsed time: 00:01:03s.  Time for last 1,000,000:    5s.  Last read position: chr13:80,893,627
INFO	2024-07-03 12:39:06	MarkDuplicates	Tracking 161 as yet unmatched pairs. 161 records in RAM.
INFO	2024-07-03 12:39:09	MarkDuplicates	Read    17,000,000 records.  Elapsed time: 00:01:06s.  Time for last 1,000,000:    2s.  Last read position: chr14:8,747,536
INFO	2024-07-03 12:39:09	MarkDuplicates	Tracking 40 as yet unmatched pairs. 40 records in RAM.
INFO	2024-07-03 12:39:17	MarkDuplicates	Read    18,000,000 records.  Elapsed time: 00:01:14s.  Time for last 1,000,000:    7s.  Last read position: chr14:46,084,669
INFO	2024-07-03 12:39:17	MarkDuplicates	Tracking 72 as yet unmatched pairs. 72 records in RAM.
INFO	2024-07-03 12:39:20	MarkDuplicates	Read    19,000,000 records.  Elapsed time: 00:01:17s.  Time for last 1,000,000:    3s.  Last read position: chr14:70,137,634
INFO	2024-07-03 12:39:20	MarkDuplicates	Tracking 28 as yet unmatched pairs. 28 records in RAM.
INFO	2024-07-03 12:39:23	MarkDuplicates	Read    20,000,000 records.  Elapsed time: 00:01:20s.  Time for last 1,000,000:    2s.  Last read position: chr15:31,590,943
INFO	2024-07-03 12:39:23	MarkDuplicates	Tracking 1229 as yet unmatched pairs. 1229 records in RAM.
INFO	2024-07-03 12:39:26	MarkDuplicates	Read    21,000,000 records.  Elapsed time: 00:01:23s.  Time for last 1,000,000:    3s.  Last read position: chr15:77,355,095
INFO	2024-07-03 12:39:26	MarkDuplicates	Tracking 7 as yet unmatched pairs. 7 records in RAM.
INFO	2024-07-03 12:39:29	MarkDuplicates	Read    22,000,000 records.  Elapsed time: 00:01:26s.  Time for last 1,000,000:    2s.  Last read position: chr15:98,739,431
INFO	2024-07-03 12:39:29	MarkDuplicates	Tracking 112 as yet unmatched pairs. 112 records in RAM.
INFO	2024-07-03 12:39:35	MarkDuplicates	Read    23,000,000 records.  Elapsed time: 00:01:32s.  Time for last 1,000,000:    6s.  Last read position: chr16:14,170,351
INFO	2024-07-03 12:39:35	MarkDuplicates	Tracking 233 as yet unmatched pairs. 233 records in RAM.
INFO	2024-07-03 12:39:39	MarkDuplicates	Read    24,000,000 records.  Elapsed time: 00:01:36s.  Time for last 1,000,000:    3s.  Last read position: chr16:35,741,182
INFO	2024-07-03 12:39:39	MarkDuplicates	Tracking 54 as yet unmatched pairs. 54 records in RAM.
INFO	2024-07-03 12:39:41	MarkDuplicates	Read    25,000,000 records.  Elapsed time: 00:01:38s.  Time for last 1,000,000:    2s.  Last read position: chr16:97,793,717
INFO	2024-07-03 12:39:41	MarkDuplicates	Tracking 19 as yet unmatched pairs. 19 records in RAM.
INFO	2024-07-03 12:39:46	MarkDuplicates	Read    26,000,000 records.  Elapsed time: 00:01:43s.  Time for last 1,000,000:    4s.  Last read position: chr17:25,911,696
INFO	2024-07-03 12:39:46	MarkDuplicates	Tracking 37 as yet unmatched pairs. 37 records in RAM.
INFO	2024-07-03 12:39:49	MarkDuplicates	Read    27,000,000 records.  Elapsed time: 00:01:46s.  Time for last 1,000,000:    3s.  Last read position: chr17:35,910,869
INFO	2024-07-03 12:39:49	MarkDuplicates	Tracking 363 as yet unmatched pairs. 363 records in RAM.
INFO	2024-07-03 12:39:53	MarkDuplicates	Read    28,000,000 records.  Elapsed time: 00:01:50s.  Time for last 1,000,000:    3s.  Last read position: chr17:46,676,746
INFO	2024-07-03 12:39:53	MarkDuplicates	Tracking 114 as yet unmatched pairs. 114 records in RAM.
INFO	2024-07-03 12:39:56	MarkDuplicates	Read    29,000,000 records.  Elapsed time: 00:01:53s.  Time for last 1,000,000:    3s.  Last read position: chr17:87,988,321
INFO	2024-07-03 12:39:56	MarkDuplicates	Tracking 1177 as yet unmatched pairs. 1177 records in RAM.
INFO	2024-07-03 12:40:03	MarkDuplicates	Read    30,000,000 records.  Elapsed time: 00:02:00s.  Time for last 1,000,000:    6s.  Last read position: chr18:37,944,915
INFO	2024-07-03 12:40:03	MarkDuplicates	Tracking 155 as yet unmatched pairs. 155 records in RAM.
INFO	2024-07-03 12:40:06	MarkDuplicates	Read    31,000,000 records.  Elapsed time: 00:02:03s.  Time for last 1,000,000:    3s.  Last read position: chr18:82,643,203
INFO	2024-07-03 12:40:06	MarkDuplicates	Tracking 16 as yet unmatched pairs. 16 records in RAM.
INFO	2024-07-03 12:40:09	MarkDuplicates	Read    32,000,000 records.  Elapsed time: 00:02:06s.  Time for last 1,000,000:    3s.  Last read position: chr19:9,284,182
INFO	2024-07-03 12:40:09	MarkDuplicates	Tracking 994 as yet unmatched pairs. 994 records in RAM.
INFO	2024-07-03 12:40:12	MarkDuplicates	Read    33,000,000 records.  Elapsed time: 00:02:09s.  Time for last 1,000,000:    2s.  Last read position: chr19:42,283,230
INFO	2024-07-03 12:40:12	MarkDuplicates	Tracking 5 as yet unmatched pairs. 5 records in RAM.
INFO	2024-07-03 12:40:20	MarkDuplicates	Read    34,000,000 records.  Elapsed time: 00:02:17s.  Time for last 1,000,000:    7s.  Last read position: chr1:24,613,523
INFO	2024-07-03 12:40:20	MarkDuplicates	Tracking 11322 as yet unmatched pairs. 11322 records in RAM.
INFO	2024-07-03 12:40:23	MarkDuplicates	Read    35,000,000 records.  Elapsed time: 00:02:20s.  Time for last 1,000,000:    3s.  Last read position: chr1:58,647,783
INFO	2024-07-03 12:40:23	MarkDuplicates	Tracking 14 as yet unmatched pairs. 14 records in RAM.
INFO	2024-07-03 12:40:26	MarkDuplicates	Read    36,000,000 records.  Elapsed time: 00:02:23s.  Time for last 1,000,000:    2s.  Last read position: chr1:86,353,232
INFO	2024-07-03 12:40:26	MarkDuplicates	Tracking 1974 as yet unmatched pairs. 1974 records in RAM.
INFO	2024-07-03 12:40:29	MarkDuplicates	Read    37,000,000 records.  Elapsed time: 00:02:26s.  Time for last 1,000,000:    2s.  Last read position: chr1:134,347,754
INFO	2024-07-03 12:40:29	MarkDuplicates	Tracking 74 as yet unmatched pairs. 74 records in RAM.
INFO	2024-07-03 12:40:32	MarkDuplicates	Read    38,000,000 records.  Elapsed time: 00:02:29s.  Time for last 1,000,000:    3s.  Last read position: chr1:173,432,577
INFO	2024-07-03 12:40:32	MarkDuplicates	Tracking 93 as yet unmatched pairs. 93 records in RAM.
INFO	2024-07-03 12:40:35	MarkDuplicates	Read    39,000,000 records.  Elapsed time: 00:02:32s.  Time for last 1,000,000:    3s.  Last read position: chr2:23,183,756
INFO	2024-07-03 12:40:35	MarkDuplicates	Tracking 324 as yet unmatched pairs. 324 records in RAM.
INFO	2024-07-03 12:40:38	MarkDuplicates	Read    40,000,000 records.  Elapsed time: 00:02:35s.  Time for last 1,000,000:    3s.  Last read position: chr2:35,340,604
INFO	2024-07-03 12:40:38	MarkDuplicates	Tracking 433 as yet unmatched pairs. 433 records in RAM.
INFO	2024-07-03 12:40:41	MarkDuplicates	Read    41,000,000 records.  Elapsed time: 00:02:38s.  Time for last 1,000,000:    2s.  Last read position: chr2:80,837,677
INFO	2024-07-03 12:40:41	MarkDuplicates	Tracking 1975 as yet unmatched pairs. 1975 records in RAM.
INFO	2024-07-03 12:40:47	MarkDuplicates	Read    42,000,000 records.  Elapsed time: 00:02:43s.  Time for last 1,000,000:    5s.  Last read position: chr2:121,470,143
INFO	2024-07-03 12:40:47	MarkDuplicates	Tracking 87 as yet unmatched pairs. 87 records in RAM.
INFO	2024-07-03 12:40:50	MarkDuplicates	Read    43,000,000 records.  Elapsed time: 00:02:47s.  Time for last 1,000,000:    3s.  Last read position: chr2:153,686,883
INFO	2024-07-03 12:40:50	MarkDuplicates	Tracking 293 as yet unmatched pairs. 293 records in RAM.
INFO	2024-07-03 12:40:56	MarkDuplicates	Read    44,000,000 records.  Elapsed time: 00:02:53s.  Time for last 1,000,000:    6s.  Last read position: chr2:175,423,020
INFO	2024-07-03 12:40:56	MarkDuplicates	Tracking 15 as yet unmatched pairs. 15 records in RAM.
INFO	2024-07-03 12:40:59	MarkDuplicates	Read    45,000,000 records.  Elapsed time: 00:02:56s.  Time for last 1,000,000:    2s.  Last read position: chr3:30,756,735
INFO	2024-07-03 12:40:59	MarkDuplicates	Tracking 8 as yet unmatched pairs. 8 records in RAM.
INFO	2024-07-03 12:41:02	MarkDuplicates	Read    46,000,000 records.  Elapsed time: 00:02:59s.  Time for last 1,000,000:    3s.  Last read position: chr3:88,355,716
INFO	2024-07-03 12:41:02	MarkDuplicates	Tracking 102 as yet unmatched pairs. 102 records in RAM.
INFO	2024-07-03 12:41:05	MarkDuplicates	Read    47,000,000 records.  Elapsed time: 00:03:02s.  Time for last 1,000,000:    2s.  Last read position: chr3:103,050,354
INFO	2024-07-03 12:41:05	MarkDuplicates	Tracking 541 as yet unmatched pairs. 541 records in RAM.
INFO	2024-07-03 12:41:08	MarkDuplicates	Read    48,000,000 records.  Elapsed time: 00:03:05s.  Time for last 1,000,000:    2s.  Last read position: chr3:158,019,898
INFO	2024-07-03 12:41:08	MarkDuplicates	Tracking 256 as yet unmatched pairs. 256 records in RAM.
INFO	2024-07-03 12:41:11	MarkDuplicates	Read    49,000,000 records.  Elapsed time: 00:03:08s.  Time for last 1,000,000:    3s.  Last read position: chr4:48,344,589
INFO	2024-07-03 12:41:11	MarkDuplicates	Tracking 380 as yet unmatched pairs. 380 records in RAM.
INFO	2024-07-03 12:41:19	MarkDuplicates	Read    50,000,000 records.  Elapsed time: 00:03:16s.  Time for last 1,000,000:    7s.  Last read position: chr4:108,576,374
INFO	2024-07-03 12:41:19	MarkDuplicates	Tracking 327 as yet unmatched pairs. 327 records in RAM.
INFO	2024-07-03 12:41:22	MarkDuplicates	Read    51,000,000 records.  Elapsed time: 00:03:19s.  Time for last 1,000,000:    2s.  Last read position: chr4:129,592,090
INFO	2024-07-03 12:41:22	MarkDuplicates	Tracking 858 as yet unmatched pairs. 858 records in RAM.
INFO	2024-07-03 12:41:26	MarkDuplicates	Read    52,000,000 records.  Elapsed time: 00:03:23s.  Time for last 1,000,000:    3s.  Last read position: chr4:145,622,467
INFO	2024-07-03 12:41:26	MarkDuplicates	Tracking 2710 as yet unmatched pairs. 2710 records in RAM.
INFO	2024-07-03 12:41:28	MarkDuplicates	Read    53,000,000 records.  Elapsed time: 00:03:25s.  Time for last 1,000,000:    2s.  Last read position: chr4:147,615,314
INFO	2024-07-03 12:41:28	MarkDuplicates	Tracking 886 as yet unmatched pairs. 886 records in RAM.
INFO	2024-07-03 12:41:31	MarkDuplicates	Read    54,000,000 records.  Elapsed time: 00:03:28s.  Time for last 1,000,000:    2s.  Last read position: chr5:23,366,274
INFO	2024-07-03 12:41:31	MarkDuplicates	Tracking 27 as yet unmatched pairs. 27 records in RAM.
INFO	2024-07-03 12:41:36	MarkDuplicates	Read    55,000,000 records.  Elapsed time: 00:03:33s.  Time for last 1,000,000:    5s.  Last read position: chr5:66,745,024
INFO	2024-07-03 12:41:36	MarkDuplicates	Tracking 0 as yet unmatched pairs. 0 records in RAM.
INFO	2024-07-03 12:41:39	MarkDuplicates	Read    56,000,000 records.  Elapsed time: 00:03:36s.  Time for last 1,000,000:    2s.  Last read position: chr5:110,223,225
INFO	2024-07-03 12:41:39	MarkDuplicates	Tracking 19 as yet unmatched pairs. 19 records in RAM.
INFO	2024-07-03 12:41:42	MarkDuplicates	Read    57,000,000 records.  Elapsed time: 00:03:39s.  Time for last 1,000,000:    2s.  Last read position: chr5:129,845,031
INFO	2024-07-03 12:41:42	MarkDuplicates	Tracking 727 as yet unmatched pairs. 727 records in RAM.
INFO	2024-07-03 12:41:45	MarkDuplicates	Read    58,000,000 records.  Elapsed time: 00:03:42s.  Time for last 1,000,000:    3s.  Last read position: chr5:151,645,669
INFO	2024-07-03 12:41:45	MarkDuplicates	Tracking 203 as yet unmatched pairs. 203 records in RAM.
INFO	2024-07-03 12:41:50	MarkDuplicates	Read    59,000,000 records.  Elapsed time: 00:03:47s.  Time for last 1,000,000:    4s.  Last read position: chr6:58,689,554
INFO	2024-07-03 12:41:50	MarkDuplicates	Tracking 210 as yet unmatched pairs. 210 records in RAM.
INFO	2024-07-03 12:41:53	MarkDuplicates	Read    60,000,000 records.  Elapsed time: 00:03:50s.  Time for last 1,000,000:    3s.  Last read position: chr6:91,057,770
INFO	2024-07-03 12:41:53	MarkDuplicates	Tracking 56 as yet unmatched pairs. 56 records in RAM.
INFO	2024-07-03 12:41:56	MarkDuplicates	Read    61,000,000 records.  Elapsed time: 00:03:53s.  Time for last 1,000,000:    3s.  Last read position: chr6:125,162,369
INFO	2024-07-03 12:41:56	MarkDuplicates	Tracking 2090 as yet unmatched pairs. 2090 records in RAM.
INFO	2024-07-03 12:41:59	MarkDuplicates	Read    62,000,000 records.  Elapsed time: 00:03:56s.  Time for last 1,000,000:    3s.  Last read position: chr7:13,013,451
INFO	2024-07-03 12:41:59	MarkDuplicates	Tracking 14 as yet unmatched pairs. 14 records in RAM.
INFO	2024-07-03 12:42:02	MarkDuplicates	Read    63,000,000 records.  Elapsed time: 00:03:59s.  Time for last 1,000,000:    2s.  Last read position: chr7:34,158,919
INFO	2024-07-03 12:42:02	MarkDuplicates	Tracking 1118 as yet unmatched pairs. 1118 records in RAM.
INFO	2024-07-03 12:42:05	MarkDuplicates	Read    64,000,000 records.  Elapsed time: 00:04:02s.  Time for last 1,000,000:    2s.  Last read position: chr7:79,456,707
INFO	2024-07-03 12:42:05	MarkDuplicates	Tracking 156 as yet unmatched pairs. 156 records in RAM.
INFO	2024-07-03 12:42:08	MarkDuplicates	Read    65,000,000 records.  Elapsed time: 00:04:05s.  Time for last 1,000,000:    3s.  Last read position: chr7:114,705,871
INFO	2024-07-03 12:42:08	MarkDuplicates	Tracking 1162 as yet unmatched pairs. 1162 records in RAM.
INFO	2024-07-03 12:42:14	MarkDuplicates	Read    66,000,000 records.  Elapsed time: 00:04:11s.  Time for last 1,000,000:    6s.  Last read position: chr7:139,943,893
INFO	2024-07-03 12:42:14	MarkDuplicates	Tracking 145 as yet unmatched pairs. 145 records in RAM.
INFO	2024-07-03 12:42:22	MarkDuplicates	Read    67,000,000 records.  Elapsed time: 00:04:19s.  Time for last 1,000,000:    8s.  Last read position: chr8:32,477,014
INFO	2024-07-03 12:42:22	MarkDuplicates	Tracking 160 as yet unmatched pairs. 160 records in RAM.
INFO	2024-07-03 12:42:25	MarkDuplicates	Read    68,000,000 records.  Elapsed time: 00:04:22s.  Time for last 1,000,000:    2s.  Last read position: chr8:79,690,245
INFO	2024-07-03 12:42:25	MarkDuplicates	Tracking 618 as yet unmatched pairs. 618 records in RAM.
INFO	2024-07-03 12:42:29	MarkDuplicates	Read    69,000,000 records.  Elapsed time: 00:04:26s.  Time for last 1,000,000:    3s.  Last read position: chr8:109,728,419
INFO	2024-07-03 12:42:29	MarkDuplicates	Tracking 8 as yet unmatched pairs. 8 records in RAM.
INFO	2024-07-03 12:42:32	MarkDuplicates	Read    70,000,000 records.  Elapsed time: 00:04:29s.  Time for last 1,000,000:    3s.  Last read position: chr9:20,926,467
INFO	2024-07-03 12:42:32	MarkDuplicates	Tracking 323 as yet unmatched pairs. 323 records in RAM.
INFO	2024-07-03 12:42:38	MarkDuplicates	Read    71,000,000 records.  Elapsed time: 00:04:35s.  Time for last 1,000,000:    5s.  Last read position: chr9:50,650,002
INFO	2024-07-03 12:42:38	MarkDuplicates	Tracking 151 as yet unmatched pairs. 151 records in RAM.
INFO	2024-07-03 12:42:41	MarkDuplicates	Read    72,000,000 records.  Elapsed time: 00:04:38s.  Time for last 1,000,000:    3s.  Last read position: chr9:72,749,542
INFO	2024-07-03 12:42:41	MarkDuplicates	Tracking 681 as yet unmatched pairs. 681 records in RAM.
INFO	2024-07-03 12:42:44	MarkDuplicates	Read    73,000,000 records.  Elapsed time: 00:04:41s.  Time for last 1,000,000:    3s.  Last read position: chr9:96,896,045
INFO	2024-07-03 12:42:44	MarkDuplicates	Tracking 708 as yet unmatched pairs. 708 records in RAM.
INFO	2024-07-03 12:42:47	MarkDuplicates	Read    74,000,000 records.  Elapsed time: 00:04:44s.  Time for last 1,000,000:    3s.  Last read position: chr9:120,130,779
INFO	2024-07-03 12:42:47	MarkDuplicates	Tracking 2827 as yet unmatched pairs. 2827 records in RAM.
INFO	2024-07-03 12:42:52	MarkDuplicates	Read    75,000,000 records.  Elapsed time: 00:04:49s.  Time for last 1,000,000:    4s.  Last read position: chrM:11,298
INFO	2024-07-03 12:42:52	MarkDuplicates	Tracking 501 as yet unmatched pairs. 501 records in RAM.
INFO	2024-07-03 12:42:56	MarkDuplicates	Read    76,000,000 records.  Elapsed time: 00:04:53s.  Time for last 1,000,000:    3s.  Last read position: chrX:66,063,795
INFO	2024-07-03 12:42:56	MarkDuplicates	Tracking 5 as yet unmatched pairs. 5 records in RAM.
INFO	2024-07-03 12:42:59	MarkDuplicates	Read    77,000,000 records.  Elapsed time: 00:04:56s.  Time for last 1,000,000:    2s.  Last read position: chrX:114,591,559
INFO	2024-07-03 12:42:59	MarkDuplicates	Tracking 10 as yet unmatched pairs. 10 records in RAM.
INFO	2024-07-03 12:43:01	MarkDuplicates	Read    78,000,000 records.  Elapsed time: 00:04:58s.  Time for last 1,000,000:    2s.  Last read position: chrY:90,808,540
INFO	2024-07-03 12:43:01	MarkDuplicates	Tracking 1396 as yet unmatched pairs. 1396 records in RAM.
INFO	2024-07-03 12:43:01	MarkDuplicates	Read 78018328 records. 0 pairs never matched.
INFO	2024-07-03 12:43:04	MarkDuplicates	After buildSortedReadEndLists freeMemory: 2085061696; totalMemory: 2101870592; maxMemory: 2101870592
INFO	2024-07-03 12:43:04	MarkDuplicates	Will retain up to 65683456 duplicate indices before spilling to disk.
INFO	2024-07-03 12:43:04	MarkDuplicates	Traversing read pair information and detecting duplicates.
INFO	2024-07-03 12:43:16	MarkDuplicates	Traversing fragment information and detecting duplicates.
INFO	2024-07-03 12:43:32	MarkDuplicates	Sorting list of duplicate records.
INFO	2024-07-03 12:43:33	MarkDuplicates	After generateDuplicateIndexes freeMemory: 1574242432; totalMemory: 2117599232; maxMemory: 2117599232
INFO	2024-07-03 12:43:33	MarkDuplicates	Marking 1845462 records as duplicates.
INFO	2024-07-03 12:43:33	MarkDuplicates	Found 0 optical duplicate clusters.
INFO	2024-07-03 12:43:33	MarkDuplicates	Reads are assumed to be ordered by: coordinate
INFO	2024-07-03 12:44:20	MarkDuplicates	Written    10,000,000 records.  Elapsed time: 00:00:47s.  Time for last 10,000,000:   47s.  Last read position: chr12:4,634,629
INFO	2024-07-03 12:45:07	MarkDuplicates	Written    20,000,000 records.  Elapsed time: 00:01:34s.  Time for last 10,000,000:   47s.  Last read position: chr15:31,590,943
INFO	2024-07-03 12:45:54	MarkDuplicates	Written    30,000,000 records.  Elapsed time: 00:02:21s.  Time for last 10,000,000:   46s.  Last read position: chr18:37,944,915
INFO	2024-07-03 12:46:42	MarkDuplicates	Written    40,000,000 records.  Elapsed time: 00:03:09s.  Time for last 10,000,000:   47s.  Last read position: chr2:35,340,604
INFO	2024-07-03 12:47:29	MarkDuplicates	Written    50,000,000 records.  Elapsed time: 00:03:55s.  Time for last 10,000,000:   46s.  Last read position: chr4:108,576,374
INFO	2024-07-03 12:48:14	MarkDuplicates	Written    60,000,000 records.  Elapsed time: 00:04:41s.  Time for last 10,000,000:   45s.  Last read position: chr6:91,057,770
INFO	2024-07-03 12:49:01	MarkDuplicates	Written    70,000,000 records.  Elapsed time: 00:05:28s.  Time for last 10,000,000:   46s.  Last read position: chr9:20,926,467
INFO	2024-07-03 12:49:38	MarkDuplicates	Writing complete. Closing input iterator.
INFO	2024-07-03 12:49:38	MarkDuplicates	Duplicate Index cleanup.
INFO	2024-07-03 12:49:38	MarkDuplicates	Getting Memory Stats.
INFO	2024-07-03 12:49:38	MarkDuplicates	Before output close freeMemory: 2121477688; totalMemory: 2140143616; maxMemory: 2140143616
INFO	2024-07-03 12:49:39	MarkDuplicates	Closed outputs. Getting more Memory Stats.
INFO	2024-07-03 12:49:39	MarkDuplicates	After output close freeMemory: 2121477688; totalMemory: 2140143616; maxMemory: 2140143616
[Wed Jul 03 12:49:39 CEST 2024] picard.sam.markduplicates.MarkDuplicates done. Elapsed time: 11.62 minutes.
Runtime.totalMemory()=2140143616
[sam grooming] finished successfully at [Wed Jul 3 12:49:51 PM CEST 2024]
[collecting rRNA metrics] started at [Wed Jul 3 12:51:08 PM CEST 2024]
12:51:09.200 INFO  NativeLibraryLoader - Loading libgkl_compression.so from jar:file:/home/robin/bin/miniconda3/share/picard-2.26.2-0/picard.jar!/com/intel/gkl/native/libgkl_compression.so
[Wed Jul 03 12:51:09 CEST 2024] CollectRnaSeqMetrics --REF_FLAT /data/reference_genomes/mm10/mm10_RefSeq_refFlat.bed --RIBOSOMAL_INTERVALS /data/reference_genomes/mm10/mm10_rRNA.bed --STRAND_SPECIFICITY FIRST_READ_TRANSCRIPTION_STRAND --INPUT E14_12h_RNA_Yang2019_rep2_GSM3314684.bam --OUTPUT E14_12h_RNA_Yang2019_rep2_GSM3314684_RNAmetrics.txt --MINIMUM_LENGTH 500 --RRNA_FRAGMENT_PERCENTAGE 0.8 --METRIC_ACCUMULATION_LEVEL ALL_READS --END_BIAS_BASES 100 --ASSUME_SORTED true --STOP_AFTER 0 --VERBOSITY INFO --QUIET false --VALIDATION_STRINGENCY STRICT --COMPRESSION_LEVEL 5 --MAX_RECORDS_IN_RAM 500000 --CREATE_INDEX false --CREATE_MD5_FILE false --GA4GH_CLIENT_SECRETS client_secrets.json --help false --version false --showHidden false --USE_JDK_DEFLATER false --USE_JDK_INFLATER false
[Wed Jul 03 12:51:09 CEST 2024] Executing as robin@epipax.ijm.univ-paris-diderot.priv on Linux 6.1.0-21-amd64 amd64; OpenJDK 64-Bit Server VM 1.8.0_332-b09; Deflater: Intel; Inflater: Intel; Provider GCS is not available; Picard version: Version:2.26.2
INFO	2024-07-03 12:51:09	CollectRnaSeqMetrics	Loaded 24105 genes.
INFO	2024-07-03 12:51:14	SinglePassSamProgram	Processed     1,000,000 records.  Elapsed time: 00:00:04s.  Time for last 1,000,000:    4s.  Last read position: chr10:60,013,638
INFO	2024-07-03 12:51:19	SinglePassSamProgram	Processed     2,000,000 records.  Elapsed time: 00:00:09s.  Time for last 1,000,000:    4s.  Last read position: chr10:81,181,115
INFO	2024-07-03 12:51:22	SinglePassSamProgram	Processed     3,000,000 records.  Elapsed time: 00:00:12s.  Time for last 1,000,000:    3s.  Last read position: chr10:127,595,314
INFO	2024-07-03 12:51:25	SinglePassSamProgram	Processed     4,000,000 records.  Elapsed time: 00:00:15s.  Time for last 1,000,000:    2s.  Last read position: chr11:20,112,836
INFO	2024-07-03 12:51:28	SinglePassSamProgram	Processed     5,000,000 records.  Elapsed time: 00:00:18s.  Time for last 1,000,000:    3s.  Last read position: chr11:50,308,864
INFO	2024-07-03 12:51:31	SinglePassSamProgram	Processed     6,000,000 records.  Elapsed time: 00:00:21s.  Time for last 1,000,000:    3s.  Last read position: chr11:69,034,656
INFO	2024-07-03 12:51:35	SinglePassSamProgram	Processed     7,000,000 records.  Elapsed time: 00:00:25s.  Time for last 1,000,000:    3s.  Last read position: chr11:78,542,052
INFO	2024-07-03 12:51:38	SinglePassSamProgram	Processed     8,000,000 records.  Elapsed time: 00:00:28s.  Time for last 1,000,000:    2s.  Last read position: chr11:96,795,012
INFO	2024-07-03 12:51:41	SinglePassSamProgram	Processed     9,000,000 records.  Elapsed time: 00:00:31s.  Time for last 1,000,000:    3s.  Last read position: chr11:106,057,476
INFO	2024-07-03 12:51:44	SinglePassSamProgram	Processed    10,000,000 records.  Elapsed time: 00:00:34s.  Time for last 1,000,000:    2s.  Last read position: chr12:4,634,629
INFO	2024-07-03 12:51:46	SinglePassSamProgram	Processed    11,000,000 records.  Elapsed time: 00:00:36s.  Time for last 1,000,000:    2s.  Last read position: chr12:55,135,707
INFO	2024-07-03 12:51:48	SinglePassSamProgram	Processed    12,000,000 records.  Elapsed time: 00:00:38s.  Time for last 1,000,000:    2s.  Last read position: chr12:78,871,552
INFO	2024-07-03 12:51:51	SinglePassSamProgram	Processed    13,000,000 records.  Elapsed time: 00:00:41s.  Time for last 1,000,000:    2s.  Last read position: chr12:110,695,332
INFO	2024-07-03 12:51:54	SinglePassSamProgram	Processed    14,000,000 records.  Elapsed time: 00:00:44s.  Time for last 1,000,000:    2s.  Last read position: chr13:23,317,588
INFO	2024-07-03 12:51:56	SinglePassSamProgram	Processed    15,000,000 records.  Elapsed time: 00:00:46s.  Time for last 1,000,000:    2s.  Last read position: chr13:55,301,636
INFO	2024-07-03 12:51:59	SinglePassSamProgram	Processed    16,000,000 records.  Elapsed time: 00:00:49s.  Time for last 1,000,000:    2s.  Last read position: chr13:80,893,627
INFO	2024-07-03 12:52:02	SinglePassSamProgram	Processed    17,000,000 records.  Elapsed time: 00:00:52s.  Time for last 1,000,000:    2s.  Last read position: chr14:8,747,536
INFO	2024-07-03 12:52:04	SinglePassSamProgram	Processed    18,000,000 records.  Elapsed time: 00:00:55s.  Time for last 1,000,000:    2s.  Last read position: chr14:46,084,669
INFO	2024-07-03 12:52:07	SinglePassSamProgram	Processed    19,000,000 records.  Elapsed time: 00:00:57s.  Time for last 1,000,000:    2s.  Last read position: chr14:70,137,634
INFO	2024-07-03 12:52:10	SinglePassSamProgram	Processed    20,000,000 records.  Elapsed time: 00:01:00s.  Time for last 1,000,000:    2s.  Last read position: chr15:31,590,943
INFO	2024-07-03 12:52:14	SinglePassSamProgram	Processed    21,000,000 records.  Elapsed time: 00:01:04s.  Time for last 1,000,000:    3s.  Last read position: chr15:77,355,095
INFO	2024-07-03 12:52:17	SinglePassSamProgram	Processed    22,000,000 records.  Elapsed time: 00:01:07s.  Time for last 1,000,000:    3s.  Last read position: chr15:98,739,431
INFO	2024-07-03 12:52:20	SinglePassSamProgram	Processed    23,000,000 records.  Elapsed time: 00:01:10s.  Time for last 1,000,000:    3s.  Last read position: chr16:14,170,351
INFO	2024-07-03 12:52:24	SinglePassSamProgram	Processed    24,000,000 records.  Elapsed time: 00:01:14s.  Time for last 1,000,000:    3s.  Last read position: chr16:35,741,182
INFO	2024-07-03 12:52:26	SinglePassSamProgram	Processed    25,000,000 records.  Elapsed time: 00:01:16s.  Time for last 1,000,000:    2s.  Last read position: chr16:97,793,717
INFO	2024-07-03 12:52:29	SinglePassSamProgram	Processed    26,000,000 records.  Elapsed time: 00:01:19s.  Time for last 1,000,000:    2s.  Last read position: chr17:25,911,696
INFO	2024-07-03 12:52:32	SinglePassSamProgram	Processed    27,000,000 records.  Elapsed time: 00:01:22s.  Time for last 1,000,000:    2s.  Last read position: chr17:35,910,869
INFO	2024-07-03 12:52:34	SinglePassSamProgram	Processed    28,000,000 records.  Elapsed time: 00:01:24s.  Time for last 1,000,000:    2s.  Last read position: chr17:46,676,746
INFO	2024-07-03 12:52:37	SinglePassSamProgram	Processed    29,000,000 records.  Elapsed time: 00:01:28s.  Time for last 1,000,000:    3s.  Last read position: chr17:87,988,321
INFO	2024-07-03 12:52:40	SinglePassSamProgram	Processed    30,000,000 records.  Elapsed time: 00:01:31s.  Time for last 1,000,000:    2s.  Last read position: chr18:37,944,915
INFO	2024-07-03 12:52:43	SinglePassSamProgram	Processed    31,000,000 records.  Elapsed time: 00:01:33s.  Time for last 1,000,000:    2s.  Last read position: chr18:82,643,203
INFO	2024-07-03 12:52:46	SinglePassSamProgram	Processed    32,000,000 records.  Elapsed time: 00:01:36s.  Time for last 1,000,000:    2s.  Last read position: chr19:9,284,182
INFO	2024-07-03 12:52:49	SinglePassSamProgram	Processed    33,000,000 records.  Elapsed time: 00:01:39s.  Time for last 1,000,000:    3s.  Last read position: chr19:42,283,230
INFO	2024-07-03 12:52:52	SinglePassSamProgram	Processed    34,000,000 records.  Elapsed time: 00:01:42s.  Time for last 1,000,000:    2s.  Last read position: chr1:24,613,523
INFO	2024-07-03 12:52:56	SinglePassSamProgram	Processed    35,000,000 records.  Elapsed time: 00:01:46s.  Time for last 1,000,000:    3s.  Last read position: chr1:58,647,783
INFO	2024-07-03 12:52:59	SinglePassSamProgram	Processed    36,000,000 records.  Elapsed time: 00:01:49s.  Time for last 1,000,000:    3s.  Last read position: chr1:86,353,232
INFO	2024-07-03 12:53:03	SinglePassSamProgram	Processed    37,000,000 records.  Elapsed time: 00:01:53s.  Time for last 1,000,000:    3s.  Last read position: chr1:134,347,754
INFO	2024-07-03 12:53:06	SinglePassSamProgram	Processed    38,000,000 records.  Elapsed time: 00:01:56s.  Time for last 1,000,000:    3s.  Last read position: chr1:173,432,577
INFO	2024-07-03 12:53:10	SinglePassSamProgram	Processed    39,000,000 records.  Elapsed time: 00:02:00s.  Time for last 1,000,000:    4s.  Last read position: chr2:23,183,756
INFO	2024-07-03 12:53:15	SinglePassSamProgram	Processed    40,000,000 records.  Elapsed time: 00:02:05s.  Time for last 1,000,000:    4s.  Last read position: chr2:35,340,604
INFO	2024-07-03 12:53:18	SinglePassSamProgram	Processed    41,000,000 records.  Elapsed time: 00:02:08s.  Time for last 1,000,000:    3s.  Last read position: chr2:80,837,677
INFO	2024-07-03 12:53:22	SinglePassSamProgram	Processed    42,000,000 records.  Elapsed time: 00:02:12s.  Time for last 1,000,000:    3s.  Last read position: chr2:121,470,143
INFO	2024-07-03 12:53:25	SinglePassSamProgram	Processed    43,000,000 records.  Elapsed time: 00:02:15s.  Time for last 1,000,000:    3s.  Last read position: chr2:153,686,883
INFO	2024-07-03 12:53:29	SinglePassSamProgram	Processed    44,000,000 records.  Elapsed time: 00:02:19s.  Time for last 1,000,000:    3s.  Last read position: chr2:175,423,020
INFO	2024-07-03 12:53:31	SinglePassSamProgram	Processed    45,000,000 records.  Elapsed time: 00:02:21s.  Time for last 1,000,000:    2s.  Last read position: chr3:30,756,735
INFO	2024-07-03 12:53:34	SinglePassSamProgram	Processed    46,000,000 records.  Elapsed time: 00:02:24s.  Time for last 1,000,000:    3s.  Last read position: chr3:88,355,716
INFO	2024-07-03 12:53:37	SinglePassSamProgram	Processed    47,000,000 records.  Elapsed time: 00:02:27s.  Time for last 1,000,000:    3s.  Last read position: chr3:103,050,354
INFO	2024-07-03 12:53:40	SinglePassSamProgram	Processed    48,000,000 records.  Elapsed time: 00:02:30s.  Time for last 1,000,000:    2s.  Last read position: chr3:158,019,898
INFO	2024-07-03 12:53:43	SinglePassSamProgram	Processed    49,000,000 records.  Elapsed time: 00:02:33s.  Time for last 1,000,000:    3s.  Last read position: chr4:48,344,589
INFO	2024-07-03 12:53:46	SinglePassSamProgram	Processed    50,000,000 records.  Elapsed time: 00:02:36s.  Time for last 1,000,000:    2s.  Last read position: chr4:108,576,374
INFO	2024-07-03 12:53:50	SinglePassSamProgram	Processed    51,000,000 records.  Elapsed time: 00:02:40s.  Time for last 1,000,000:    3s.  Last read position: chr4:129,592,090
INFO	2024-07-03 12:53:53	SinglePassSamProgram	Processed    52,000,000 records.  Elapsed time: 00:02:43s.  Time for last 1,000,000:    3s.  Last read position: chr4:145,622,467
INFO	2024-07-03 12:53:54	SinglePassSamProgram	Processed    53,000,000 records.  Elapsed time: 00:02:44s.  Time for last 1,000,000:    1s.  Last read position: chr4:147,615,314
INFO	2024-07-03 12:53:57	SinglePassSamProgram	Processed    54,000,000 records.  Elapsed time: 00:02:47s.  Time for last 1,000,000:    2s.  Last read position: chr5:23,366,274
INFO	2024-07-03 12:54:01	SinglePassSamProgram	Processed    55,000,000 records.  Elapsed time: 00:02:51s.  Time for last 1,000,000:    3s.  Last read position: chr5:66,745,024
INFO	2024-07-03 12:54:04	SinglePassSamProgram	Processed    56,000,000 records.  Elapsed time: 00:02:54s.  Time for last 1,000,000:    3s.  Last read position: chr5:110,223,225
INFO	2024-07-03 12:54:07	SinglePassSamProgram	Processed    57,000,000 records.  Elapsed time: 00:02:57s.  Time for last 1,000,000:    2s.  Last read position: chr5:129,845,031
INFO	2024-07-03 12:54:10	SinglePassSamProgram	Processed    58,000,000 records.  Elapsed time: 00:03:00s.  Time for last 1,000,000:    3s.  Last read position: chr5:151,645,669
INFO	2024-07-03 12:54:13	SinglePassSamProgram	Processed    59,000,000 records.  Elapsed time: 00:03:04s.  Time for last 1,000,000:    3s.  Last read position: chr6:58,689,554
INFO	2024-07-03 12:54:17	SinglePassSamProgram	Processed    60,000,000 records.  Elapsed time: 00:03:07s.  Time for last 1,000,000:    3s.  Last read position: chr6:91,057,770
INFO	2024-07-03 12:54:20	SinglePassSamProgram	Processed    61,000,000 records.  Elapsed time: 00:03:10s.  Time for last 1,000,000:    3s.  Last read position: chr6:125,162,369
INFO	2024-07-03 12:54:23	SinglePassSamProgram	Processed    62,000,000 records.  Elapsed time: 00:03:13s.  Time for last 1,000,000:    2s.  Last read position: chr7:13,013,451
INFO	2024-07-03 12:54:26	SinglePassSamProgram	Processed    63,000,000 records.  Elapsed time: 00:03:16s.  Time for last 1,000,000:    3s.  Last read position: chr7:34,158,919
INFO	2024-07-03 12:54:29	SinglePassSamProgram	Processed    64,000,000 records.  Elapsed time: 00:03:19s.  Time for last 1,000,000:    2s.  Last read position: chr7:79,456,707
INFO	2024-07-03 12:54:32	SinglePassSamProgram	Processed    65,000,000 records.  Elapsed time: 00:03:22s.  Time for last 1,000,000:    3s.  Last read position: chr7:114,705,871
INFO	2024-07-03 12:54:35	SinglePassSamProgram	Processed    66,000,000 records.  Elapsed time: 00:03:25s.  Time for last 1,000,000:    3s.  Last read position: chr7:139,943,893
INFO	2024-07-03 12:54:38	SinglePassSamProgram	Processed    67,000,000 records.  Elapsed time: 00:03:28s.  Time for last 1,000,000:    2s.  Last read position: chr8:32,477,014
INFO	2024-07-03 12:54:41	SinglePassSamProgram	Processed    68,000,000 records.  Elapsed time: 00:03:32s.  Time for last 1,000,000:    3s.  Last read position: chr8:79,690,245
INFO	2024-07-03 12:54:45	SinglePassSamProgram	Processed    69,000,000 records.  Elapsed time: 00:03:35s.  Time for last 1,000,000:    3s.  Last read position: chr8:109,728,419
INFO	2024-07-03 12:54:48	SinglePassSamProgram	Processed    70,000,000 records.  Elapsed time: 00:03:38s.  Time for last 1,000,000:    3s.  Last read position: chr9:20,926,467
INFO	2024-07-03 12:54:52	SinglePassSamProgram	Processed    71,000,000 records.  Elapsed time: 00:03:42s.  Time for last 1,000,000:    3s.  Last read position: chr9:50,650,002
INFO	2024-07-03 12:54:55	SinglePassSamProgram	Processed    72,000,000 records.  Elapsed time: 00:03:45s.  Time for last 1,000,000:    3s.  Last read position: chr9:72,749,542
INFO	2024-07-03 12:54:58	SinglePassSamProgram	Processed    73,000,000 records.  Elapsed time: 00:03:48s.  Time for last 1,000,000:    2s.  Last read position: chr9:96,896,045
INFO	2024-07-03 12:55:01	SinglePassSamProgram	Processed    74,000,000 records.  Elapsed time: 00:03:51s.  Time for last 1,000,000:    3s.  Last read position: chr9:120,130,779
INFO	2024-07-03 12:55:03	SinglePassSamProgram	Processed    75,000,000 records.  Elapsed time: 00:03:53s.  Time for last 1,000,000:    1s.  Last read position: chrM:11,298
INFO	2024-07-03 12:55:06	SinglePassSamProgram	Processed    76,000,000 records.  Elapsed time: 00:03:56s.  Time for last 1,000,000:    3s.  Last read position: chrX:66,063,795
INFO	2024-07-03 12:55:09	SinglePassSamProgram	Processed    77,000,000 records.  Elapsed time: 00:03:59s.  Time for last 1,000,000:    3s.  Last read position: chrX:114,591,559
INFO	2024-07-03 12:55:12	SinglePassSamProgram	Processed    78,000,000 records.  Elapsed time: 00:04:02s.  Time for last 1,000,000:    2s.  Last read position: chrY:90,808,540
[Wed Jul 03 12:55:12 CEST 2024] picard.analysis.CollectRnaSeqMetrics done. Elapsed time: 4.06 minutes.
Runtime.totalMemory()=817364992
[trueStats] Collecting alignment statistics for E14_12h_RNA_Yang2019_rep2_GSM3314684.bam at [Wed Jul 3 12:56:29 PM CEST 2024]
[preseq] started on E14_12h_RNA_Yang2019_rep2_GSM3314684.bam at [Wed Jul 3 12:59:54 PM CEST 2024]
[preseq] finished successfully at [Wed Jul 3 01:08:10 PM CEST 2024]
[stringTie] Performing de novo assembly of transcripts at [Wed Jul 3 01:09:28 PM CEST 2024]
Warning: gene "NM_001270423" (on chr2) has reference transcripts on both strands?
Warning: gene "NM_146265" (on chr2) has reference transcripts on both strands?
Warning: gene "NM_001085552" (on chrX) has reference transcripts on both strands?
Warning: gene "NM_001085545" (on chrX) has reference transcripts on both strands?
Warning: gene "NM_001085551" (on chrX) has reference transcripts on both strands?
Warning: gene "NM_001099643" (on chrX) has reference transcripts on both strands?
Warning: gene "NM_001243001" (on chrX) has reference transcripts on both strands?
Warning: gene "NM_001099643" (on chrX) has reference transcripts on both strands?
Warning: gene "NM_001243001" (on chrX) has reference transcripts on both strands?
Warning: gene "NM_001085552" (on chrX) has reference transcripts on both strands?
Warning: gene "NM_001085545" (on chrX) has reference transcripts on both strands?
Warning: gene "NM_001085551" (on chrX) has reference transcripts on both strands?
Warning: gene "NM_001085553" (on chrX) has reference transcripts on both strands?
Warning: gene "NM_001243011" (on chrX) has reference transcripts on both strands?
Warning: gene "NM_001270685" (on chrX) has reference transcripts on both strands?
Warning: gene "NM_029106" (on chrX) has reference transcripts on both strands?
Warning: gene "NM_001270685" (on chrX) has reference transcripts on both strands?
Warning: gene "NM_001142750" (on chrX) has reference transcripts on both strands?
Warning: gene "NM_153109" (on chrX) has reference transcripts on both strands?
Warning: gene "NR_126545" (on chrY) has reference transcripts on both strands?
Warning: gene "NR_126546" (on chrY) has reference transcripts on both strands?
Warning: gene "NM_001160143" (on chrY) has reference transcripts on both strands?
Warning: gene "NM_207162" (on chrY) has reference transcripts on both strands?
Warning: gene "NM_001160143" (on chrY) has reference transcripts on both strands?
Warning: gene "NM_207162" (on chrY) has reference transcripts on both strands?
Warning: gene "NM_001037748" (on chrY) has reference transcripts on both strands?
Warning: gene "NM_001160141" (on chrY) has reference transcripts on both strands?
Warning: gene "NM_001025241" (on chrY) has reference transcripts on both strands?
Warning: gene "NM_001037748" (on chrY) has reference transcripts on both strands?
Warning: gene "NM_001160143" (on chrY) has reference transcripts on both strands?
Warning: gene "NM_207162" (on chrY) has reference transcripts on both strands?
Warning: gene "NM_001160143" (on chrY) has reference transcripts on both strands?
Warning: gene "NM_207162" (on chrY) has reference transcripts on both strands?
Warning: gene "NM_001160143" (on chrY) has reference transcripts on both strands?
Warning: gene "NM_207162" (on chrY) has reference transcripts on both strands?
Warning: gene "NM_001037748" (on chrY) has reference transcripts on both strands?
Warning: gene "NM_001160141" (on chrY) has reference transcripts on both strands?
Warning: gene "NM_023546" (on chrY) has reference transcripts on both strands?
Warning: gene "NM_001160143" (on chrY) has reference transcripts on both strands?
Warning: gene "NM_001037748" (on chrY) has reference transcripts on both strands?
Warning: gene "NM_001160143" (on chrY) has reference transcripts on both strands?
Warning: gene "NM_001037748" (on chrY) has reference transcripts on both strands?
Warning: gene "NM_001160137" (on chrY) has reference transcripts on both strands?
Warning: gene "NM_001160141" (on chrY) has reference transcripts on both strands?
Warning: gene "NM_001025241" (on chrY) has reference transcripts on both strands?
Warning: gene "NM_001037748" (on chrY) has reference transcripts on both strands?
Warning: gene "NM_001160136" (on chrY) has reference transcripts on both strands?
Warning: gene "NM_023546" (on chrY) has reference transcripts on both strands?
Warning: gene "NM_023546" (on chrY) has reference transcripts on both strands?
Warning: gene "NM_001025241" (on chrY) has reference transcripts on both strands?
Warning: gene "NM_001037748" (on chrY) has reference transcripts on both strands?
Warning: gene "NM_001011820" (on chr13) has reference transcripts on both strands?
[stringTie] De novo transcriptome assembly completed successfully at [Wed Jul 3 01:12:59 PM CEST 2024]
[bamToWigCPMsmoothKeepDup] Started with bin size: 1 and smoothing over 0 bp and KEEPING DUPLICATES at [Wed Jul 3 01:12:59 PM CEST 2024]
There are 74256908 alignments, of which 760862 are completely within a blacklist region.
Due to filtering, 72.53806645024669% of the aforementioned alignments will be used 53312610.68578387
[bamToWigCPMsmoothKeepDup] finished successfully at [Wed Jul 3 01:20:43 PM CEST 2024]
[file cleanup] started. Good job! at [Wed Jul 3 01:20:43 PM CEST 2024]
cp: cannot stat '*.pdf': No such file or directory
mv: cannot stat '*.bed': No such file or directory
mv: preserving times for '/data/bigWigs/E14_12h_RNA_Yang2019_rep2_GSM3314684_trimV5_mm10_kpDup_q255_b1_s0_CPM.bw': Operation not permitted
mv: preserving permissions for /data/bigWigs/E14_12h_RNA_Yang2019_rep2_GSM3314684_trimV5_mm10_kpDup_q255_b1_s0_CPM.bw: Operation not permitted
mv: preserving times for '/data/bams/E14_12h_RNA_Yang2019_rep2_GSM3314684_trimV5_mm10.bam': Operation not permitted
mv: preserving permissions for /data/bams/E14_12h_RNA_Yang2019_rep2_GSM3314684_trimV5_mm10.bam: Operation not permitted
mv: preserving times for '/data/bams/E14_12h_RNA_Yang2019_rep2_GSM3314684_trimV5_mm10.bam.bai': Operation not permitted
mv: preserving permissions for /data/bams/E14_12h_RNA_Yang2019_rep2_GSM3314684_trimV5_mm10.bam.bai: Operation not permitted
mv: preserving times for '/data/stringTie/E14_12h_RNA_Yang2019_rep2_GSM3314684_trimV5_mm10.gtf': Operation not permitted
mv: preserving permissions for /data/stringTie/E14_12h_RNA_Yang2019_rep2_GSM3314684_trimV5_mm10.gtf: Operation not permitted
