SCRATCH: /scratch
ls: cannot access '/data/fastq/E14_6h_RNApolII_ChIP_Yang2019_GSM3314727*_R2.fastq.gz': No such file or directory
[masterDownload] Data are single-end. at [Thu Jul 4 12:25:43 AM CEST 2024]
[checkDependencies] Checking Dependencies [Thu Jul 4 12:25:43 AM CEST 2024] at [Thu Jul 4 12:25:43 AM CEST 2024]
[setup checkDependencies] trimmomatic... at [Thu Jul 4 12:25:43 AM CEST 2024]
[setup checkDependencies] STAR... at [Thu Jul 4 12:25:43 AM CEST 2024]
[setup checkDependencies] bismark... at [Thu Jul 4 12:25:43 AM CEST 2024]
[setup checkDependencies] bowtie2... at [Thu Jul 4 12:25:43 AM CEST 2024]
[setup checkDependencies] samtools... at [Thu Jul 4 12:25:43 AM CEST 2024]
[setup checkDependencies] picard... at [Thu Jul 4 12:25:43 AM CEST 2024]
[setup checkDependencies] awk... at [Thu Jul 4 12:25:44 AM CEST 2024]
[setup checkDependencies] bamCoverage... at [Thu Jul 4 12:25:44 AM CEST 2024]
[setup checkDependencies] fastqc... at [Thu Jul 4 12:25:44 AM CEST 2024]
[setup checkDependencies] fastq_screen... at [Thu Jul 4 12:25:44 AM CEST 2024]
[setup checkDependencies] stringtie... at [Thu Jul 4 12:25:44 AM CEST 2024]
[setup checkDependencies] clumpify.sh... at [Thu Jul 4 12:25:44 AM CEST 2024]
PAIRED: false
[setUpLogFile] Script started at [Thu Jul 4 12:25:44 AM CEST 2024] at [Thu Jul 4 12:25:44 AM CEST 2024]
[fastQC] started on raw FASTQs at [Thu Jul 4 12:25:44 AM CEST 2024]
Started analysis of E14_6h_RNApolII_ChIP_Yang2019_GSM3314727_raw.fastq.gz
Approx 5% complete for E14_6h_RNApolII_ChIP_Yang2019_GSM3314727_raw.fastq.gz
Approx 10% complete for E14_6h_RNApolII_ChIP_Yang2019_GSM3314727_raw.fastq.gz
Approx 15% complete for E14_6h_RNApolII_ChIP_Yang2019_GSM3314727_raw.fastq.gz
Approx 20% complete for E14_6h_RNApolII_ChIP_Yang2019_GSM3314727_raw.fastq.gz
Approx 25% complete for E14_6h_RNApolII_ChIP_Yang2019_GSM3314727_raw.fastq.gz
Approx 30% complete for E14_6h_RNApolII_ChIP_Yang2019_GSM3314727_raw.fastq.gz
Approx 35% complete for E14_6h_RNApolII_ChIP_Yang2019_GSM3314727_raw.fastq.gz
Approx 40% complete for E14_6h_RNApolII_ChIP_Yang2019_GSM3314727_raw.fastq.gz
Approx 45% complete for E14_6h_RNApolII_ChIP_Yang2019_GSM3314727_raw.fastq.gz
Approx 50% complete for E14_6h_RNApolII_ChIP_Yang2019_GSM3314727_raw.fastq.gz
Approx 55% complete for E14_6h_RNApolII_ChIP_Yang2019_GSM3314727_raw.fastq.gz
Approx 60% complete for E14_6h_RNApolII_ChIP_Yang2019_GSM3314727_raw.fastq.gz
Approx 65% complete for E14_6h_RNApolII_ChIP_Yang2019_GSM3314727_raw.fastq.gz
Approx 70% complete for E14_6h_RNApolII_ChIP_Yang2019_GSM3314727_raw.fastq.gz
Approx 75% complete for E14_6h_RNApolII_ChIP_Yang2019_GSM3314727_raw.fastq.gz
Approx 80% complete for E14_6h_RNApolII_ChIP_Yang2019_GSM3314727_raw.fastq.gz
Approx 85% complete for E14_6h_RNApolII_ChIP_Yang2019_GSM3314727_raw.fastq.gz
Approx 90% complete for E14_6h_RNApolII_ChIP_Yang2019_GSM3314727_raw.fastq.gz
Approx 95% complete for E14_6h_RNApolII_ChIP_Yang2019_GSM3314727_raw.fastq.gz
Analysis complete for E14_6h_RNApolII_ChIP_Yang2019_GSM3314727_raw.fastq.gz
[fastQC] on raw FASTQs finished succesfully. Will remove PCR duplicates now at [Thu Jul 4 12:29:00 AM CEST 2024]
Reads are length: 52 at [Thu Jul 4 12:29:01 AM CEST 2024]
Reads with same sequence 1 or fewer substitutions will be marked as PCR duplicates at [Thu Jul 4 12:29:01 AM CEST 2024]
Removal of PCR duplicates complete! at [Thu Jul 4 12:52:51 AM CEST 2024]
[trimReads] Started using version trimV5 parameters at [Thu Jul 4 12:52:51 AM CEST 2024]
ILLUMINACLIP:/data/reference_genomes/adapters/adapters.fa:2:30:10 SLIDINGWINDOW:4:20 MINLEN:24
[trimReads] Trimming E14_6h_RNApolII_ChIP_Yang2019_GSM3314727.fastq.gz... at [Thu Jul 4 12:52:51 AM CEST 2024]
[trimReads] Finished successfully at [Thu Jul 4 01:02:05 AM CEST 2024]
[fastQC] started on E14_6h_RNApolII_ChIP_Yang2019_GSM3314727.fastq.gz E14_6h_RNApolII_ChIP_Yang2019_GSM3314727_trimV5.fastq.gz at [Thu Jul 4 01:02:05 AM CEST 2024]
Started analysis of E14_6h_RNApolII_ChIP_Yang2019_GSM3314727.fastq.gz
Started analysis of E14_6h_RNApolII_ChIP_Yang2019_GSM3314727_trimV5.fastq.gz
Approx 5% complete for E14_6h_RNApolII_ChIP_Yang2019_GSM3314727_trimV5.fastq.gz
Approx 5% complete for E14_6h_RNApolII_ChIP_Yang2019_GSM3314727.fastq.gz
Approx 10% complete for E14_6h_RNApolII_ChIP_Yang2019_GSM3314727_trimV5.fastq.gz
Approx 10% complete for E14_6h_RNApolII_ChIP_Yang2019_GSM3314727.fastq.gz
Approx 15% complete for E14_6h_RNApolII_ChIP_Yang2019_GSM3314727_trimV5.fastq.gz
Approx 15% complete for E14_6h_RNApolII_ChIP_Yang2019_GSM3314727.fastq.gz
Approx 20% complete for E14_6h_RNApolII_ChIP_Yang2019_GSM3314727_trimV5.fastq.gz
Approx 20% complete for E14_6h_RNApolII_ChIP_Yang2019_GSM3314727.fastq.gz
Approx 25% complete for E14_6h_RNApolII_ChIP_Yang2019_GSM3314727_trimV5.fastq.gz
Approx 25% complete for E14_6h_RNApolII_ChIP_Yang2019_GSM3314727.fastq.gz
Approx 30% complete for E14_6h_RNApolII_ChIP_Yang2019_GSM3314727_trimV5.fastq.gz
Approx 30% complete for E14_6h_RNApolII_ChIP_Yang2019_GSM3314727.fastq.gz
Approx 35% complete for E14_6h_RNApolII_ChIP_Yang2019_GSM3314727_trimV5.fastq.gz
Approx 35% complete for E14_6h_RNApolII_ChIP_Yang2019_GSM3314727.fastq.gz
Approx 40% complete for E14_6h_RNApolII_ChIP_Yang2019_GSM3314727_trimV5.fastq.gz
Approx 40% complete for E14_6h_RNApolII_ChIP_Yang2019_GSM3314727.fastq.gz
Approx 45% complete for E14_6h_RNApolII_ChIP_Yang2019_GSM3314727_trimV5.fastq.gz
Approx 45% complete for E14_6h_RNApolII_ChIP_Yang2019_GSM3314727.fastq.gz
Approx 50% complete for E14_6h_RNApolII_ChIP_Yang2019_GSM3314727_trimV5.fastq.gz
Approx 50% complete for E14_6h_RNApolII_ChIP_Yang2019_GSM3314727.fastq.gz
Approx 55% complete for E14_6h_RNApolII_ChIP_Yang2019_GSM3314727_trimV5.fastq.gz
Approx 55% complete for E14_6h_RNApolII_ChIP_Yang2019_GSM3314727.fastq.gz
Approx 60% complete for E14_6h_RNApolII_ChIP_Yang2019_GSM3314727_trimV5.fastq.gz
Approx 60% complete for E14_6h_RNApolII_ChIP_Yang2019_GSM3314727.fastq.gz
Approx 65% complete for E14_6h_RNApolII_ChIP_Yang2019_GSM3314727_trimV5.fastq.gz
Approx 65% complete for E14_6h_RNApolII_ChIP_Yang2019_GSM3314727.fastq.gz
Approx 70% complete for E14_6h_RNApolII_ChIP_Yang2019_GSM3314727_trimV5.fastq.gz
Approx 70% complete for E14_6h_RNApolII_ChIP_Yang2019_GSM3314727.fastq.gz
Approx 75% complete for E14_6h_RNApolII_ChIP_Yang2019_GSM3314727_trimV5.fastq.gz
Approx 75% complete for E14_6h_RNApolII_ChIP_Yang2019_GSM3314727.fastq.gz
Approx 80% complete for E14_6h_RNApolII_ChIP_Yang2019_GSM3314727_trimV5.fastq.gz
Approx 80% complete for E14_6h_RNApolII_ChIP_Yang2019_GSM3314727.fastq.gz
Approx 85% complete for E14_6h_RNApolII_ChIP_Yang2019_GSM3314727_trimV5.fastq.gz
Approx 85% complete for E14_6h_RNApolII_ChIP_Yang2019_GSM3314727.fastq.gz
Approx 90% complete for E14_6h_RNApolII_ChIP_Yang2019_GSM3314727_trimV5.fastq.gz
Approx 90% complete for E14_6h_RNApolII_ChIP_Yang2019_GSM3314727.fastq.gz
Approx 95% complete for E14_6h_RNApolII_ChIP_Yang2019_GSM3314727_trimV5.fastq.gz
Approx 95% complete for E14_6h_RNApolII_ChIP_Yang2019_GSM3314727.fastq.gz
Analysis complete for E14_6h_RNApolII_ChIP_Yang2019_GSM3314727_trimV5.fastq.gz
Analysis complete for E14_6h_RNApolII_ChIP_Yang2019_GSM3314727.fastq.gz
[fastQC] finished succesfully at [Thu Jul 4 01:04:45 AM CEST 2024]
[bowtie2 alignment] started with reference /data/reference_genomes/mm10/mm10 at [Thu Jul 4 01:04:45 AM CEST 2024]
[alignment] Bowtie2 alignment finished successfully at [Thu Jul 4 01:32:47 AM CEST 2024]
[sam grooming] started at [Thu Jul 4 01:34:27 AM CEST 2024]
01:34:29.556 INFO  NativeLibraryLoader - Loading libgkl_compression.so from jar:file:/home/robin/bin/miniconda3/share/picard-2.26.2-0/picard.jar!/com/intel/gkl/native/libgkl_compression.so
[Thu Jul 04 01:34:29 CEST 2024] CleanSam --INPUT E14_6h_RNApolII_ChIP_Yang2019_GSM3314727_raw.sam --OUTPUT E14_6h_RNApolII_ChIP_Yang2019_GSM3314727_cleaned.sam --TMP_DIR . --VERBOSITY INFO --QUIET false --VALIDATION_STRINGENCY STRICT --COMPRESSION_LEVEL 5 --MAX_RECORDS_IN_RAM 500000 --CREATE_INDEX false --CREATE_MD5_FILE false --GA4GH_CLIENT_SECRETS client_secrets.json --help false --version false --showHidden false --USE_JDK_DEFLATER false --USE_JDK_INFLATER false
[Thu Jul 04 01:34:29 CEST 2024] Executing as robin@epipax.ijm.univ-paris-diderot.priv on Linux 6.1.0-21-amd64 amd64; OpenJDK 64-Bit Server VM 1.8.0_332-b09; Deflater: Intel; Inflater: Intel; Provider GCS is not available; Picard version: Version:2.26.2
INFO	2024-07-04 01:34:29	CleanSam	Seen many non-increasing record positions. Printing Read-names as well.
INFO	2024-07-04 01:34:36	CleanSam	Processed     1,000,000 records.  Elapsed time: 00:00:06s.  Time for last 1,000,000:    6s.  Last read position: chr7:128,021,359.  Last read name: SRR7624415.16117165
INFO	2024-07-04 01:34:43	CleanSam	Processed     2,000,000 records.  Elapsed time: 00:00:13s.  Time for last 1,000,000:    6s.  Last read position: chr1:19,292,857.  Last read name: SRR7624415.30720374
INFO	2024-07-04 01:34:49	CleanSam	Processed     3,000,000 records.  Elapsed time: 00:00:19s.  Time for last 1,000,000:    6s.  Last read position: chrX:162,291,436.  Last read name: SRR7624415.47398859
INFO	2024-07-04 01:34:56	CleanSam	Processed     4,000,000 records.  Elapsed time: 00:00:26s.  Time for last 1,000,000:    6s.  Last read position: chr8:26,131,987.  Last read name: SRR7624415.16149535
INFO	2024-07-04 01:35:02	CleanSam	Processed     5,000,000 records.  Elapsed time: 00:00:32s.  Time for last 1,000,000:    5s.  Last read position: chr14:19,418,830.  Last read name: SRR7624415.44902937
INFO	2024-07-04 01:35:09	CleanSam	Processed     6,000,000 records.  Elapsed time: 00:00:39s.  Time for last 1,000,000:    7s.  Last read position: chr12:115,624,009.  Last read name: SRR7624415.28479509
INFO	2024-07-04 01:35:17	CleanSam	Processed     7,000,000 records.  Elapsed time: 00:00:47s.  Time for last 1,000,000:    7s.  Last read position: chr14:89,762,157.  Last read name: SRR7624415.43019695
INFO	2024-07-04 01:35:24	CleanSam	Processed     8,000,000 records.  Elapsed time: 00:00:54s.  Time for last 1,000,000:    6s.  Last read position: chr12:95,793,947.  Last read name: SRR7624415.23206986
INFO	2024-07-04 01:35:32	CleanSam	Processed     9,000,000 records.  Elapsed time: 00:01:02s.  Time for last 1,000,000:    8s.  Last read position: chr8:73,412,713.  Last read name: SRR7624415.2071181
INFO	2024-07-04 01:35:39	CleanSam	Processed    10,000,000 records.  Elapsed time: 00:01:09s.  Time for last 1,000,000:    6s.  Last read position: chr14:100,350,382.  Last read name: SRR7624415.45911949
INFO	2024-07-04 01:35:47	CleanSam	Processed    11,000,000 records.  Elapsed time: 00:01:17s.  Time for last 1,000,000:    8s.  Last read position: chr4:129,832,620.  Last read name: SRR7624415.12857389
INFO	2024-07-04 01:35:54	CleanSam	Processed    12,000,000 records.  Elapsed time: 00:01:24s.  Time for last 1,000,000:    6s.  Last read position: chr19:58,259,729.  Last read name: SRR7624415.4171131
INFO	2024-07-04 01:36:01	CleanSam	Processed    13,000,000 records.  Elapsed time: 00:01:31s.  Time for last 1,000,000:    7s.  Last read position: chr15:100,099,553.  Last read name: SRR7624415.46012972
INFO	2024-07-04 01:36:09	CleanSam	Processed    14,000,000 records.  Elapsed time: 00:01:40s.  Time for last 1,000,000:    8s.  Last read position: chr8:87,209,630.  Last read name: SRR7624415.2084379
INFO	2024-07-04 01:36:18	CleanSam	Processed    15,000,000 records.  Elapsed time: 00:01:48s.  Time for last 1,000,000:    8s.  Last read position: chr16:86,695,138.  Last read name: SRR7624415.18004161
INFO	2024-07-04 01:36:24	CleanSam	Processed    16,000,000 records.  Elapsed time: 00:01:54s.  Time for last 1,000,000:    5s.  Last read position: chr13:111,231,823.  Last read name: SRR7624415.23308764
INFO	2024-07-04 01:36:29	CleanSam	Processed    17,000,000 records.  Elapsed time: 00:01:59s.  Time for last 1,000,000:    5s.  Last read position: chr2:110,187,381.  Last read name: SRR7624415.23864094
INFO	2024-07-04 01:36:36	CleanSam	Processed    18,000,000 records.  Elapsed time: 00:02:06s.  Time for last 1,000,000:    6s.  Last read position: chr16:93,373,871.  Last read name: SRR7624415.40234211
INFO	2024-07-04 01:36:44	CleanSam	Processed    19,000,000 records.  Elapsed time: 00:02:15s.  Time for last 1,000,000:    8s.  Last read position: chr15:32,476,795.  Last read name: SRR7624415.17873923
INFO	2024-07-04 01:36:51	CleanSam	Processed    20,000,000 records.  Elapsed time: 00:02:21s.  Time for last 1,000,000:    6s.  Last read position: chr1:34,250,084.  Last read name: SRR7624415.8635491
INFO	2024-07-04 01:37:00	CleanSam	Processed    21,000,000 records.  Elapsed time: 00:02:30s.  Time for last 1,000,000:    8s.  Last read position: chr8:23,815,510.  Last read name: SRR7624415.27115591
INFO	2024-07-04 01:37:07	CleanSam	Processed    22,000,000 records.  Elapsed time: 00:02:37s.  Time for last 1,000,000:    7s.  Last read position: chr13:10,092,938.  Last read name: SRR7624415.28487851
INFO	2024-07-04 01:37:13	CleanSam	Processed    23,000,000 records.  Elapsed time: 00:02:43s.  Time for last 1,000,000:    5s.  Last read position: chr19:51,597,407.  Last read name: SRR7624415.21025771
INFO	2024-07-04 01:37:19	CleanSam	Processed    24,000,000 records.  Elapsed time: 00:02:49s.  Time for last 1,000,000:    6s.  Last read position: chr4:146,288,879.  Last read name: SRR7624415.30419613
INFO	2024-07-04 01:37:27	CleanSam	Processed    25,000,000 records.  Elapsed time: 00:02:58s.  Time for last 1,000,000:    8s.  Last read position: chr5:16,780,710.  Last read name: SRR7624415.21465431
INFO	2024-07-04 01:37:34	CleanSam	Processed    26,000,000 records.  Elapsed time: 00:03:05s.  Time for last 1,000,000:    7s.  Last read position: chr10:82,449,125.  Last read name: SRR7624415.248571
INFO	2024-07-04 01:37:41	CleanSam	Processed    27,000,000 records.  Elapsed time: 00:03:12s.  Time for last 1,000,000:    6s.  Last read position: chr3:146,266,665.  Last read name: SRR7624415.43720798
INFO	2024-07-04 01:37:47	CleanSam	Processed    28,000,000 records.  Elapsed time: 00:03:18s.  Time for last 1,000,000:    5s.  Last read position: chr4:93,722,056.  Last read name: SRR7624415.15718281
INFO	2024-07-04 01:37:54	CleanSam	Processed    29,000,000 records.  Elapsed time: 00:03:24s.  Time for last 1,000,000:    6s.  Last read position: chr13:100,516,261.  Last read name: SRR7624415.28556932
INFO	2024-07-04 01:38:02	CleanSam	Processed    30,000,000 records.  Elapsed time: 00:03:33s.  Time for last 1,000,000:    8s.  Last read position: chr10:70,449,460.  Last read name: SRR7624415.25653640
INFO	2024-07-04 01:38:09	CleanSam	Processed    31,000,000 records.  Elapsed time: 00:03:39s.  Time for last 1,000,000:    6s.  Last read position: chrY:77,314,421.  Last read name: SRR7624415.16690038
INFO	2024-07-04 01:38:16	CleanSam	Processed    32,000,000 records.  Elapsed time: 00:03:46s.  Time for last 1,000,000:    6s.  Last read position: chr11:28,564,621.  Last read name: SRR7624415.11700320
INFO	2024-07-04 01:38:22	CleanSam	Processed    33,000,000 records.  Elapsed time: 00:03:52s.  Time for last 1,000,000:    6s.  Last read position: chr2:117,213,176.  Last read name: SRR7624415.46441005
INFO	2024-07-04 01:38:28	CleanSam	Processed    34,000,000 records.  Elapsed time: 00:03:58s.  Time for last 1,000,000:    5s.  Last read position: chr10:122,291,251.  Last read name: SRR7624415.285998
INFO	2024-07-04 01:38:35	CleanSam	Processed    35,000,000 records.  Elapsed time: 00:04:06s.  Time for last 1,000,000:    7s.  Last read position: chr5:41,736,315.  Last read name: SRR7624415.43888744
INFO	2024-07-04 01:38:42	CleanSam	Processed    36,000,000 records.  Elapsed time: 00:04:13s.  Time for last 1,000,000:    7s.  Last read position: chr1:95,258,950.  Last read name: SRR7624415.42464012
INFO	2024-07-04 01:38:50	CleanSam	Processed    37,000,000 records.  Elapsed time: 00:04:20s.  Time for last 1,000,000:    7s.  Last read position: chr15:25,207,048.  Last read name: SRR7624415.17868109
[Thu Jul 04 01:39:07 CEST 2024] picard.sam.CleanSam done. Elapsed time: 4.63 minutes.
Runtime.totalMemory()=598736896
01:39:11.183 INFO  NativeLibraryLoader - Loading libgkl_compression.so from jar:file:/home/robin/bin/miniconda3/share/picard-2.26.2-0/picard.jar!/com/intel/gkl/native/libgkl_compression.so
[Thu Jul 04 01:39:11 CEST 2024] SamFormatConverter --INPUT E14_6h_RNApolII_ChIP_Yang2019_GSM3314727_cleaned.sam --OUTPUT E14_6h_RNApolII_ChIP_Yang2019_GSM3314727_unsorted.bam --TMP_DIR . --VERBOSITY INFO --QUIET false --VALIDATION_STRINGENCY STRICT --COMPRESSION_LEVEL 5 --MAX_RECORDS_IN_RAM 500000 --CREATE_INDEX false --CREATE_MD5_FILE false --GA4GH_CLIENT_SECRETS client_secrets.json --help false --version false --showHidden false --USE_JDK_DEFLATER false --USE_JDK_INFLATER false
[Thu Jul 04 01:39:11 CEST 2024] Executing as robin@epipax.ijm.univ-paris-diderot.priv on Linux 6.1.0-21-amd64 amd64; OpenJDK 64-Bit Server VM 1.8.0_332-b09; Deflater: Intel; Inflater: Intel; Provider GCS is not available; Picard version: Version:2.26.2
INFO	2024-07-04 01:39:12	SamFormatConverter	Seen many non-increasing record positions. Printing Read-names as well.
INFO	2024-07-04 01:39:26	SamFormatConverter	Processed     1,000,000 records.  Elapsed time: 00:00:14s.  Time for last 1,000,000:   14s.  Last read position: chr7:128,021,359.  Last read name: SRR7624415.16117165
INFO	2024-07-04 01:39:37	SamFormatConverter	Processed     2,000,000 records.  Elapsed time: 00:00:25s.  Time for last 1,000,000:   11s.  Last read position: chr1:19,292,857.  Last read name: SRR7624415.30720374
INFO	2024-07-04 01:39:50	SamFormatConverter	Processed     3,000,000 records.  Elapsed time: 00:00:38s.  Time for last 1,000,000:   12s.  Last read position: chrX:162,291,436.  Last read name: SRR7624415.47398859
INFO	2024-07-04 01:40:00	SamFormatConverter	Processed     4,000,000 records.  Elapsed time: 00:00:48s.  Time for last 1,000,000:   10s.  Last read position: chr8:26,131,987.  Last read name: SRR7624415.16149535
INFO	2024-07-04 01:40:15	SamFormatConverter	Processed     5,000,000 records.  Elapsed time: 00:01:03s.  Time for last 1,000,000:   14s.  Last read position: chr14:19,418,830.  Last read name: SRR7624415.44902937
INFO	2024-07-04 01:40:29	SamFormatConverter	Processed     6,000,000 records.  Elapsed time: 00:01:17s.  Time for last 1,000,000:   14s.  Last read position: chr12:115,624,009.  Last read name: SRR7624415.28479509
INFO	2024-07-04 01:40:42	SamFormatConverter	Processed     7,000,000 records.  Elapsed time: 00:01:30s.  Time for last 1,000,000:   12s.  Last read position: chr14:89,762,157.  Last read name: SRR7624415.43019695
INFO	2024-07-04 01:40:52	SamFormatConverter	Processed     8,000,000 records.  Elapsed time: 00:01:40s.  Time for last 1,000,000:    9s.  Last read position: chr12:95,793,947.  Last read name: SRR7624415.23206986
INFO	2024-07-04 01:41:02	SamFormatConverter	Processed     9,000,000 records.  Elapsed time: 00:01:50s.  Time for last 1,000,000:   10s.  Last read position: chr8:73,412,713.  Last read name: SRR7624415.2071181
INFO	2024-07-04 01:41:13	SamFormatConverter	Processed    10,000,000 records.  Elapsed time: 00:02:01s.  Time for last 1,000,000:   10s.  Last read position: chr14:100,350,382.  Last read name: SRR7624415.45911949
INFO	2024-07-04 01:41:23	SamFormatConverter	Processed    11,000,000 records.  Elapsed time: 00:02:11s.  Time for last 1,000,000:   10s.  Last read position: chr4:129,832,620.  Last read name: SRR7624415.12857389
INFO	2024-07-04 01:41:34	SamFormatConverter	Processed    12,000,000 records.  Elapsed time: 00:02:22s.  Time for last 1,000,000:   10s.  Last read position: chr19:58,259,729.  Last read name: SRR7624415.4171131
INFO	2024-07-04 01:41:45	SamFormatConverter	Processed    13,000,000 records.  Elapsed time: 00:02:32s.  Time for last 1,000,000:   10s.  Last read position: chr15:100,099,553.  Last read name: SRR7624415.46012972
INFO	2024-07-04 01:41:55	SamFormatConverter	Processed    14,000,000 records.  Elapsed time: 00:02:43s.  Time for last 1,000,000:   10s.  Last read position: chr8:87,209,630.  Last read name: SRR7624415.2084379
INFO	2024-07-04 01:42:04	SamFormatConverter	Processed    15,000,000 records.  Elapsed time: 00:02:52s.  Time for last 1,000,000:    9s.  Last read position: chr16:86,695,138.  Last read name: SRR7624415.18004161
INFO	2024-07-04 01:42:16	SamFormatConverter	Processed    16,000,000 records.  Elapsed time: 00:03:04s.  Time for last 1,000,000:   11s.  Last read position: chr13:111,231,823.  Last read name: SRR7624415.23308764
INFO	2024-07-04 01:42:29	SamFormatConverter	Processed    17,000,000 records.  Elapsed time: 00:03:17s.  Time for last 1,000,000:   12s.  Last read position: chr2:110,187,381.  Last read name: SRR7624415.23864094
INFO	2024-07-04 01:42:40	SamFormatConverter	Processed    18,000,000 records.  Elapsed time: 00:03:28s.  Time for last 1,000,000:   11s.  Last read position: chr16:93,373,871.  Last read name: SRR7624415.40234211
INFO	2024-07-04 01:42:50	SamFormatConverter	Processed    19,000,000 records.  Elapsed time: 00:03:38s.  Time for last 1,000,000:   10s.  Last read position: chr15:32,476,795.  Last read name: SRR7624415.17873923
INFO	2024-07-04 01:43:02	SamFormatConverter	Processed    20,000,000 records.  Elapsed time: 00:03:50s.  Time for last 1,000,000:   11s.  Last read position: chr1:34,250,084.  Last read name: SRR7624415.8635491
INFO	2024-07-04 01:43:14	SamFormatConverter	Processed    21,000,000 records.  Elapsed time: 00:04:02s.  Time for last 1,000,000:   11s.  Last read position: chr8:23,815,510.  Last read name: SRR7624415.27115591
INFO	2024-07-04 01:43:26	SamFormatConverter	Processed    22,000,000 records.  Elapsed time: 00:04:14s.  Time for last 1,000,000:   12s.  Last read position: chr13:10,092,938.  Last read name: SRR7624415.28487851
INFO	2024-07-04 01:43:36	SamFormatConverter	Processed    23,000,000 records.  Elapsed time: 00:04:24s.  Time for last 1,000,000:   10s.  Last read position: chr19:51,597,407.  Last read name: SRR7624415.21025771
INFO	2024-07-04 01:43:47	SamFormatConverter	Processed    24,000,000 records.  Elapsed time: 00:04:34s.  Time for last 1,000,000:   10s.  Last read position: chr4:146,288,879.  Last read name: SRR7624415.30419613
INFO	2024-07-04 01:43:59	SamFormatConverter	Processed    25,000,000 records.  Elapsed time: 00:04:47s.  Time for last 1,000,000:   12s.  Last read position: chr5:16,780,710.  Last read name: SRR7624415.21465431
INFO	2024-07-04 01:44:11	SamFormatConverter	Processed    26,000,000 records.  Elapsed time: 00:04:59s.  Time for last 1,000,000:   12s.  Last read position: chr10:82,449,125.  Last read name: SRR7624415.248571
INFO	2024-07-04 01:44:24	SamFormatConverter	Processed    27,000,000 records.  Elapsed time: 00:05:12s.  Time for last 1,000,000:   12s.  Last read position: chr3:146,266,665.  Last read name: SRR7624415.43720798
INFO	2024-07-04 01:44:33	SamFormatConverter	Processed    28,000,000 records.  Elapsed time: 00:05:21s.  Time for last 1,000,000:    9s.  Last read position: chr4:93,722,056.  Last read name: SRR7624415.15718281
INFO	2024-07-04 01:44:44	SamFormatConverter	Processed    29,000,000 records.  Elapsed time: 00:05:32s.  Time for last 1,000,000:   10s.  Last read position: chr13:100,516,261.  Last read name: SRR7624415.28556932
INFO	2024-07-04 01:44:56	SamFormatConverter	Processed    30,000,000 records.  Elapsed time: 00:05:44s.  Time for last 1,000,000:   11s.  Last read position: chr10:70,449,460.  Last read name: SRR7624415.25653640
INFO	2024-07-04 01:45:07	SamFormatConverter	Processed    31,000,000 records.  Elapsed time: 00:05:55s.  Time for last 1,000,000:   10s.  Last read position: chrY:77,314,421.  Last read name: SRR7624415.16690038
INFO	2024-07-04 01:45:18	SamFormatConverter	Processed    32,000,000 records.  Elapsed time: 00:06:06s.  Time for last 1,000,000:   11s.  Last read position: chr11:28,564,621.  Last read name: SRR7624415.11700320
INFO	2024-07-04 01:45:29	SamFormatConverter	Processed    33,000,000 records.  Elapsed time: 00:06:16s.  Time for last 1,000,000:   10s.  Last read position: chr2:117,213,176.  Last read name: SRR7624415.46441005
INFO	2024-07-04 01:45:37	SamFormatConverter	Processed    34,000,000 records.  Elapsed time: 00:06:25s.  Time for last 1,000,000:    8s.  Last read position: chr10:122,291,251.  Last read name: SRR7624415.285998
INFO	2024-07-04 01:45:46	SamFormatConverter	Processed    35,000,000 records.  Elapsed time: 00:06:34s.  Time for last 1,000,000:    8s.  Last read position: chr5:41,736,315.  Last read name: SRR7624415.43888744
INFO	2024-07-04 01:45:55	SamFormatConverter	Processed    36,000,000 records.  Elapsed time: 00:06:43s.  Time for last 1,000,000:    9s.  Last read position: chr1:95,258,950.  Last read name: SRR7624415.42464012
INFO	2024-07-04 01:46:04	SamFormatConverter	Processed    37,000,000 records.  Elapsed time: 00:06:52s.  Time for last 1,000,000:    8s.  Last read position: chr15:25,207,048.  Last read name: SRR7624415.17868109
[Thu Jul 04 01:46:13 CEST 2024] picard.sam.SamFormatConverter done. Elapsed time: 7.03 minutes.
Runtime.totalMemory()=1073217536
01:46:14.797 INFO  NativeLibraryLoader - Loading libgkl_compression.so from jar:file:/home/robin/bin/miniconda3/share/picard-2.26.2-0/picard.jar!/com/intel/gkl/native/libgkl_compression.so
[Thu Jul 04 01:46:14 CEST 2024] SortSam --INPUT E14_6h_RNApolII_ChIP_Yang2019_GSM3314727_unsorted.bam --OUTPUT E14_6h_RNApolII_ChIP_Yang2019_GSM3314727_sorted.bam --SORT_ORDER coordinate --TMP_DIR . --VERBOSITY INFO --QUIET false --VALIDATION_STRINGENCY STRICT --COMPRESSION_LEVEL 5 --MAX_RECORDS_IN_RAM 500000 --CREATE_INDEX false --CREATE_MD5_FILE false --GA4GH_CLIENT_SECRETS client_secrets.json --help false --version false --showHidden false --USE_JDK_DEFLATER false --USE_JDK_INFLATER false
[Thu Jul 04 01:46:14 CEST 2024] Executing as robin@epipax.ijm.univ-paris-diderot.priv on Linux 6.1.0-21-amd64 amd64; OpenJDK 64-Bit Server VM 1.8.0_332-b09; Deflater: Intel; Inflater: Intel; Provider GCS is not available; Picard version: Version:2.26.2
INFO	2024-07-04 01:46:15	SortSam	Seen many non-increasing record positions. Printing Read-names as well.
INFO	2024-07-04 01:47:20	SortSam	Read    10,000,000 records.  Elapsed time: 00:01:05s.  Time for last 10,000,000:   65s.  Last read position: chr14:100,350,382.  Last read name: SRR7624415.45911949
INFO	2024-07-04 01:48:28	SortSam	Read    20,000,000 records.  Elapsed time: 00:02:12s.  Time for last 10,000,000:   67s.  Last read position: chr1:34,250,084.  Last read name: SRR7624415.8635491
INFO	2024-07-04 01:49:33	SortSam	Read    30,000,000 records.  Elapsed time: 00:03:18s.  Time for last 10,000,000:   65s.  Last read position: chr10:70,449,460.  Last read name: SRR7624415.25653640
INFO	2024-07-04 01:50:24	SortSam	Finished reading inputs, merging and writing to output now.
INFO	2024-07-04 01:51:12	SortSam	Wrote    10,000,000 records from a sorting collection.  Elapsed time: 00:04:57s.  Time for last 10,000,000:   46s.  Last read position: chr5:6,523,476
INFO	2024-07-04 01:52:00	SortSam	Wrote    20,000,000 records from a sorting collection.  Elapsed time: 00:05:44s.  Time for last 10,000,000:   47s.  Last read position: chr10:10,663,375
INFO	2024-07-04 01:52:47	SortSam	Wrote    30,000,000 records from a sorting collection.  Elapsed time: 00:06:32s.  Time for last 10,000,000:   47s.  Last read position: chr15:89,781,859
[Thu Jul 04 01:53:29 CEST 2024] picard.sam.SortSam done. Elapsed time: 7.25 minutes.
Runtime.totalMemory()=1722810368
01:53:30.603 INFO  NativeLibraryLoader - Loading libgkl_compression.so from jar:file:/home/robin/bin/miniconda3/share/picard-2.26.2-0/picard.jar!/com/intel/gkl/native/libgkl_compression.so
[Thu Jul 04 01:53:30 CEST 2024] MarkDuplicates --INPUT E14_6h_RNApolII_ChIP_Yang2019_GSM3314727_sorted.bam --OUTPUT E14_6h_RNApolII_ChIP_Yang2019_GSM3314727.bam --METRICS_FILE E14_6h_RNApolII_ChIP_Yang2019_GSM3314727_markDupeMetrics.txt --REMOVE_DUPLICATES false --TMP_DIR . --MAX_SEQUENCES_FOR_DISK_READ_ENDS_MAP 50000 --MAX_FILE_HANDLES_FOR_READ_ENDS_MAP 8000 --SORTING_COLLECTION_SIZE_RATIO 0.25 --TAG_DUPLICATE_SET_MEMBERS false --REMOVE_SEQUENCING_DUPLICATES false --TAGGING_POLICY DontTag --CLEAR_DT true --DUPLEX_UMI false --ADD_PG_TAG_TO_READS true --ASSUME_SORTED false --DUPLICATE_SCORING_STRATEGY SUM_OF_BASE_QUALITIES --PROGRAM_RECORD_ID MarkDuplicates --PROGRAM_GROUP_NAME MarkDuplicates --READ_NAME_REGEX <optimized capture of last three ':' separated fields as numeric values> --OPTICAL_DUPLICATE_PIXEL_DISTANCE 100 --MAX_OPTICAL_DUPLICATE_SET_SIZE 300000 --VERBOSITY INFO --QUIET false --VALIDATION_STRINGENCY STRICT --COMPRESSION_LEVEL 5 --MAX_RECORDS_IN_RAM 500000 --CREATE_INDEX false --CREATE_MD5_FILE false --GA4GH_CLIENT_SECRETS client_secrets.json --help false --version false --showHidden false --USE_JDK_DEFLATER false --USE_JDK_INFLATER false
[Thu Jul 04 01:53:30 CEST 2024] Executing as robin@epipax.ijm.univ-paris-diderot.priv on Linux 6.1.0-21-amd64 amd64; OpenJDK 64-Bit Server VM 1.8.0_332-b09; Deflater: Intel; Inflater: Intel; Provider GCS is not available; Picard version: Version:2.26.2
INFO	2024-07-04 01:53:30	MarkDuplicates	Start of doWork freeMemory: 501502296; totalMemory: 514850816; maxMemory: 1908932608
INFO	2024-07-04 01:53:30	MarkDuplicates	Reading input file and constructing read end information.
INFO	2024-07-04 01:53:30	MarkDuplicates	Will retain up to 6916422 data points before spilling to disk.
WARNING	2024-07-04 01:53:31	AbstractOpticalDuplicateFinderCommandLineProgram	A field field parsed out of a read name was expected to contain an integer and did not. Read name: SRR7624415.27971871. Cause: String 'SRR7624415.27971871' did not start with a parsable number.
INFO	2024-07-04 01:53:35	MarkDuplicates	Read     1,000,000 records.  Elapsed time: 00:00:04s.  Time for last 1,000,000:    4s.  Last read position: chr1:73,702,657
INFO	2024-07-04 01:53:35	MarkDuplicates	Tracking 0 as yet unmatched pairs. 0 records in RAM.
INFO	2024-07-04 01:53:38	MarkDuplicates	Read     2,000,000 records.  Elapsed time: 00:00:07s.  Time for last 1,000,000:    3s.  Last read position: chr1:146,077,838
INFO	2024-07-04 01:53:38	MarkDuplicates	Tracking 0 as yet unmatched pairs. 0 records in RAM.
INFO	2024-07-04 01:53:42	MarkDuplicates	Read     3,000,000 records.  Elapsed time: 00:00:11s.  Time for last 1,000,000:    3s.  Last read position: chr2:23,536,617
INFO	2024-07-04 01:53:42	MarkDuplicates	Tracking 0 as yet unmatched pairs. 0 records in RAM.
INFO	2024-07-04 01:53:48	MarkDuplicates	Read     4,000,000 records.  Elapsed time: 00:00:17s.  Time for last 1,000,000:    5s.  Last read position: chr2:91,812,067
INFO	2024-07-04 01:53:48	MarkDuplicates	Tracking 0 as yet unmatched pairs. 0 records in RAM.
INFO	2024-07-04 01:53:51	MarkDuplicates	Read     5,000,000 records.  Elapsed time: 00:00:20s.  Time for last 1,000,000:    3s.  Last read position: chr2:147,270,967
INFO	2024-07-04 01:53:51	MarkDuplicates	Tracking 0 as yet unmatched pairs. 0 records in RAM.
INFO	2024-07-04 01:53:55	MarkDuplicates	Read     6,000,000 records.  Elapsed time: 00:00:24s.  Time for last 1,000,000:    3s.  Last read position: chr3:37,262,998
INFO	2024-07-04 01:53:55	MarkDuplicates	Tracking 0 as yet unmatched pairs. 0 records in RAM.
INFO	2024-07-04 01:54:01	MarkDuplicates	Read     7,000,000 records.  Elapsed time: 00:00:30s.  Time for last 1,000,000:    6s.  Last read position: chr3:107,717,813
INFO	2024-07-04 01:54:01	MarkDuplicates	Tracking 0 as yet unmatched pairs. 0 records in RAM.
INFO	2024-07-04 01:54:05	MarkDuplicates	Read     8,000,000 records.  Elapsed time: 00:00:34s.  Time for last 1,000,000:    3s.  Last read position: chr4:22,867,304
INFO	2024-07-04 01:54:05	MarkDuplicates	Tracking 0 as yet unmatched pairs. 0 records in RAM.
INFO	2024-07-04 01:54:09	MarkDuplicates	Read     9,000,000 records.  Elapsed time: 00:00:38s.  Time for last 1,000,000:    3s.  Last read position: chr4:97,795,999
INFO	2024-07-04 01:54:09	MarkDuplicates	Tracking 0 as yet unmatched pairs. 0 records in RAM.
INFO	2024-07-04 01:54:12	MarkDuplicates	Read    10,000,000 records.  Elapsed time: 00:00:41s.  Time for last 1,000,000:    3s.  Last read position: chr5:6,523,476
INFO	2024-07-04 01:54:12	MarkDuplicates	Tracking 0 as yet unmatched pairs. 0 records in RAM.
INFO	2024-07-04 01:54:15	MarkDuplicates	Read    11,000,000 records.  Elapsed time: 00:00:44s.  Time for last 1,000,000:    3s.  Last read position: chr5:77,745,808
INFO	2024-07-04 01:54:15	MarkDuplicates	Tracking 0 as yet unmatched pairs. 0 records in RAM.
INFO	2024-07-04 01:54:22	MarkDuplicates	Read    12,000,000 records.  Elapsed time: 00:00:51s.  Time for last 1,000,000:    6s.  Last read position: chr5:147,058,398
INFO	2024-07-04 01:54:22	MarkDuplicates	Tracking 0 as yet unmatched pairs. 0 records in RAM.
INFO	2024-07-04 01:54:26	MarkDuplicates	Read    13,000,000 records.  Elapsed time: 00:00:55s.  Time for last 1,000,000:    3s.  Last read position: chr6:68,639,612
INFO	2024-07-04 01:54:26	MarkDuplicates	Tracking 0 as yet unmatched pairs. 0 records in RAM.
INFO	2024-07-04 01:54:32	MarkDuplicates	Read    14,000,000 records.  Elapsed time: 00:01:01s.  Time for last 1,000,000:    6s.  Last read position: chr6:138,089,417
INFO	2024-07-04 01:54:32	MarkDuplicates	Tracking 0 as yet unmatched pairs. 0 records in RAM.
INFO	2024-07-04 01:54:36	MarkDuplicates	Read    15,000,000 records.  Elapsed time: 00:01:05s.  Time for last 1,000,000:    3s.  Last read position: chr7:66,475,189
INFO	2024-07-04 01:54:36	MarkDuplicates	Tracking 0 as yet unmatched pairs. 0 records in RAM.
INFO	2024-07-04 01:54:39	MarkDuplicates	Read    16,000,000 records.  Elapsed time: 00:01:08s.  Time for last 1,000,000:    3s.  Last read position: chr7:136,670,982
INFO	2024-07-04 01:54:39	MarkDuplicates	Tracking 0 as yet unmatched pairs. 0 records in RAM.
INFO	2024-07-04 01:54:43	MarkDuplicates	Read    17,000,000 records.  Elapsed time: 00:01:12s.  Time for last 1,000,000:    4s.  Last read position: chr8:64,730,839
INFO	2024-07-04 01:54:43	MarkDuplicates	Tracking 0 as yet unmatched pairs. 0 records in RAM.
INFO	2024-07-04 01:54:49	MarkDuplicates	Read    18,000,000 records.  Elapsed time: 00:01:18s.  Time for last 1,000,000:    5s.  Last read position: chr9:3,015,194
INFO	2024-07-04 01:54:49	MarkDuplicates	Tracking 0 as yet unmatched pairs. 0 records in RAM.
INFO	2024-07-04 01:54:53	MarkDuplicates	Read    19,000,000 records.  Elapsed time: 00:01:22s.  Time for last 1,000,000:    3s.  Last read position: chr9:63,777,780
INFO	2024-07-04 01:54:53	MarkDuplicates	Tracking 0 as yet unmatched pairs. 0 records in RAM.
INFO	2024-07-04 01:54:57	MarkDuplicates	Read    20,000,000 records.  Elapsed time: 00:01:26s.  Time for last 1,000,000:    3s.  Last read position: chr10:10,663,375
INFO	2024-07-04 01:54:57	MarkDuplicates	Tracking 0 as yet unmatched pairs. 0 records in RAM.
INFO	2024-07-04 01:55:02	MarkDuplicates	Read    21,000,000 records.  Elapsed time: 00:01:31s.  Time for last 1,000,000:    5s.  Last read position: chr10:79,853,903
INFO	2024-07-04 01:55:02	MarkDuplicates	Tracking 0 as yet unmatched pairs. 0 records in RAM.
INFO	2024-07-04 01:55:06	MarkDuplicates	Read    22,000,000 records.  Elapsed time: 00:01:35s.  Time for last 1,000,000:    3s.  Last read position: chr11:19,617,603
INFO	2024-07-04 01:55:06	MarkDuplicates	Tracking 0 as yet unmatched pairs. 0 records in RAM.
INFO	2024-07-04 01:55:09	MarkDuplicates	Read    23,000,000 records.  Elapsed time: 00:01:38s.  Time for last 1,000,000:    3s.  Last read position: chr11:85,461,192
INFO	2024-07-04 01:55:09	MarkDuplicates	Tracking 0 as yet unmatched pairs. 0 records in RAM.
INFO	2024-07-04 01:55:13	MarkDuplicates	Read    24,000,000 records.  Elapsed time: 00:01:42s.  Time for last 1,000,000:    3s.  Last read position: chr12:31,841,624
INFO	2024-07-04 01:55:13	MarkDuplicates	Tracking 0 as yet unmatched pairs. 0 records in RAM.
INFO	2024-07-04 01:55:19	MarkDuplicates	Read    25,000,000 records.  Elapsed time: 00:01:47s.  Time for last 1,000,000:    5s.  Last read position: chr12:103,634,995
INFO	2024-07-04 01:55:19	MarkDuplicates	Tracking 0 as yet unmatched pairs. 0 records in RAM.
INFO	2024-07-04 01:55:22	MarkDuplicates	Read    26,000,000 records.  Elapsed time: 00:01:51s.  Time for last 1,000,000:    3s.  Last read position: chr13:55,415,482
INFO	2024-07-04 01:55:22	MarkDuplicates	Tracking 0 as yet unmatched pairs. 0 records in RAM.
INFO	2024-07-04 01:55:25	MarkDuplicates	Read    27,000,000 records.  Elapsed time: 00:01:54s.  Time for last 1,000,000:    3s.  Last read position: chr14:5,905,156
INFO	2024-07-04 01:55:25	MarkDuplicates	Tracking 0 as yet unmatched pairs. 0 records in RAM.
INFO	2024-07-04 01:55:31	MarkDuplicates	Read    28,000,000 records.  Elapsed time: 00:02:00s.  Time for last 1,000,000:    5s.  Last read position: chr14:66,044,425
INFO	2024-07-04 01:55:31	MarkDuplicates	Tracking 0 as yet unmatched pairs. 0 records in RAM.
INFO	2024-07-04 01:55:35	MarkDuplicates	Read    29,000,000 records.  Elapsed time: 00:02:04s.  Time for last 1,000,000:    3s.  Last read position: chr15:17,769,406
INFO	2024-07-04 01:55:35	MarkDuplicates	Tracking 0 as yet unmatched pairs. 0 records in RAM.
INFO	2024-07-04 01:55:38	MarkDuplicates	Read    30,000,000 records.  Elapsed time: 00:02:07s.  Time for last 1,000,000:    3s.  Last read position: chr15:89,781,859
INFO	2024-07-04 01:55:38	MarkDuplicates	Tracking 0 as yet unmatched pairs. 0 records in RAM.
INFO	2024-07-04 01:55:42	MarkDuplicates	Read    31,000,000 records.  Elapsed time: 00:02:11s.  Time for last 1,000,000:    3s.  Last read position: chr16:55,622,567
INFO	2024-07-04 01:55:42	MarkDuplicates	Tracking 0 as yet unmatched pairs. 0 records in RAM.
INFO	2024-07-04 01:55:45	MarkDuplicates	Read    32,000,000 records.  Elapsed time: 00:02:14s.  Time for last 1,000,000:    3s.  Last read position: chr17:30,138,602
INFO	2024-07-04 01:55:45	MarkDuplicates	Tracking 0 as yet unmatched pairs. 0 records in RAM.
INFO	2024-07-04 01:55:52	MarkDuplicates	Read    33,000,000 records.  Elapsed time: 00:02:21s.  Time for last 1,000,000:    6s.  Last read position: chr18:5,115,763
INFO	2024-07-04 01:55:52	MarkDuplicates	Tracking 0 as yet unmatched pairs. 0 records in RAM.
INFO	2024-07-04 01:55:55	MarkDuplicates	Read    34,000,000 records.  Elapsed time: 00:02:24s.  Time for last 1,000,000:    3s.  Last read position: chr18:75,639,307
INFO	2024-07-04 01:55:55	MarkDuplicates	Tracking 0 as yet unmatched pairs. 0 records in RAM.
INFO	2024-07-04 01:56:01	MarkDuplicates	Read    35,000,000 records.  Elapsed time: 00:02:30s.  Time for last 1,000,000:    5s.  Last read position: chr19:57,375,452
INFO	2024-07-04 01:56:01	MarkDuplicates	Tracking 0 as yet unmatched pairs. 0 records in RAM.
INFO	2024-07-04 01:56:04	MarkDuplicates	Read    36,000,000 records.  Elapsed time: 00:02:33s.  Time for last 1,000,000:    3s.  Last read position: chrX:135,674,625
INFO	2024-07-04 01:56:04	MarkDuplicates	Tracking 0 as yet unmatched pairs. 0 records in RAM.
INFO	2024-07-04 01:56:08	MarkDuplicates	Read    37,000,000 records.  Elapsed time: 00:02:37s.  Time for last 1,000,000:    3s.  Last read position: chrUn_JH584304:110,052
INFO	2024-07-04 01:56:08	MarkDuplicates	Tracking 0 as yet unmatched pairs. 0 records in RAM.
INFO	2024-07-04 01:56:08	MarkDuplicates	Read 37011683 records. 0 pairs never matched.
INFO	2024-07-04 01:56:09	MarkDuplicates	After buildSortedReadEndLists freeMemory: 1675497584; totalMemory: 1720188928; maxMemory: 1908932608
INFO	2024-07-04 01:56:09	MarkDuplicates	Will retain up to 59654144 duplicate indices before spilling to disk.
INFO	2024-07-04 01:56:09	MarkDuplicates	Traversing read pair information and detecting duplicates.
INFO	2024-07-04 01:56:09	MarkDuplicates	Traversing fragment information and detecting duplicates.
INFO	2024-07-04 01:56:20	MarkDuplicates	Sorting list of duplicate records.
INFO	2024-07-04 01:56:20	MarkDuplicates	After generateDuplicateIndexes freeMemory: 1223169248; totalMemory: 1717567488; maxMemory: 1908932608
INFO	2024-07-04 01:56:20	MarkDuplicates	Marking 678094 records as duplicates.
INFO	2024-07-04 01:56:20	MarkDuplicates	Found 0 optical duplicate clusters.
INFO	2024-07-04 01:56:20	MarkDuplicates	Reads are assumed to be ordered by: coordinate
INFO	2024-07-04 01:57:29	MarkDuplicates	Written    10,000,000 records.  Elapsed time: 00:01:09s.  Time for last 10,000,000:   69s.  Last read position: chr5:6,523,476
INFO	2024-07-04 01:58:35	MarkDuplicates	Written    20,000,000 records.  Elapsed time: 00:02:15s.  Time for last 10,000,000:   66s.  Last read position: chr10:10,663,375
INFO	2024-07-04 01:59:41	MarkDuplicates	Written    30,000,000 records.  Elapsed time: 00:03:21s.  Time for last 10,000,000:   65s.  Last read position: chr15:89,781,859
INFO	2024-07-04 02:00:32	MarkDuplicates	Writing complete. Closing input iterator.
INFO	2024-07-04 02:00:32	MarkDuplicates	Duplicate Index cleanup.
INFO	2024-07-04 02:00:32	MarkDuplicates	Getting Memory Stats.
INFO	2024-07-04 02:00:32	MarkDuplicates	Before output close freeMemory: 1730933720; totalMemory: 1749549056; maxMemory: 1908932608
INFO	2024-07-04 02:00:36	MarkDuplicates	Closed outputs. Getting more Memory Stats.
INFO	2024-07-04 02:00:36	MarkDuplicates	After output close freeMemory: 1730933720; totalMemory: 1749549056; maxMemory: 1908932608
[Thu Jul 04 02:00:36 CEST 2024] picard.sam.markduplicates.MarkDuplicates done. Elapsed time: 7.10 minutes.
Runtime.totalMemory()=1749549056
[sam grooming] finished successfully at [Thu Jul 4 02:00:48 AM CEST 2024]
[trueStats] Collecting alignment statistics for E14_6h_RNApolII_ChIP_Yang2019_GSM3314727.bam at [Thu Jul 4 02:01:36 AM CEST 2024]
[bamToWigCPMsmoothKeepDup] Started with bin size: 1 and smoothing over 0 bp and KEEPING DUPLICATES at [Thu Jul 4 02:04:50 AM CEST 2024]
There are 35325749 alignments, of which 588270 are completely within a blacklist region.
Due to filtering, 88.23170708164035% of the aforementioned alignments will be used 30649470.71882633
[bamToWigCPMsmoothKeepDup] finished successfully at [Thu Jul 4 02:21:55 AM CEST 2024]
[file cleanup] started. Good job! at [Thu Jul 4 02:21:55 AM CEST 2024]
cp: cannot stat '*.pdf': No such file or directory
mv: cannot stat '*.bed': No such file or directory
mv: preserving times for '/data/bigWigs/E14_6h_RNApolII_ChIP_Yang2019_GSM3314727_trimV5_mm10_kpDup_q10_b1_s0_CPM.bw': Operation not permitted
mv: preserving permissions for ‘/data/bigWigs/E14_6h_RNApolII_ChIP_Yang2019_GSM3314727_trimV5_mm10_kpDup_q10_b1_s0_CPM.bw’: Operation not permitted
mv: preserving times for '/data/bams/E14_6h_RNApolII_ChIP_Yang2019_GSM3314727_trimV5_mm10.bam': Operation not permitted
mv: preserving permissions for ‘/data/bams/E14_6h_RNApolII_ChIP_Yang2019_GSM3314727_trimV5_mm10.bam’: Operation not permitted
mv: preserving times for '/data/bams/E14_6h_RNApolII_ChIP_Yang2019_GSM3314727_trimV5_mm10.bam.bai': Operation not permitted
mv: preserving permissions for ‘/data/bams/E14_6h_RNApolII_ChIP_Yang2019_GSM3314727_trimV5_mm10.bam.bai’: Operation not permitted
mv: cannot stat '*.gtf': No such file or directory
