SCRATCH: /scratch
ls: cannot access '/data/fastq/E14_36h_H3K27me3_ChIP_Yang2019_GSM3314714*_R2.fastq.gz': No such file or directory
[masterDownload] Data are single-end. at [Wed Jul 3 10:02:39 PM CEST 2024]
[checkDependencies] Checking Dependencies [Wed Jul 3 10:02:39 PM CEST 2024] at [Wed Jul 3 10:02:39 PM CEST 2024]
[setup checkDependencies] trimmomatic... at [Wed Jul 3 10:02:39 PM CEST 2024]
[setup checkDependencies] STAR... at [Wed Jul 3 10:02:39 PM CEST 2024]
[setup checkDependencies] bismark... at [Wed Jul 3 10:02:39 PM CEST 2024]
[setup checkDependencies] bowtie2... at [Wed Jul 3 10:02:39 PM CEST 2024]
[setup checkDependencies] samtools... at [Wed Jul 3 10:02:39 PM CEST 2024]
[setup checkDependencies] picard... at [Wed Jul 3 10:02:40 PM CEST 2024]
[setup checkDependencies] awk... at [Wed Jul 3 10:02:40 PM CEST 2024]
[setup checkDependencies] bamCoverage... at [Wed Jul 3 10:02:40 PM CEST 2024]
[setup checkDependencies] fastqc... at [Wed Jul 3 10:02:40 PM CEST 2024]
[setup checkDependencies] fastq_screen... at [Wed Jul 3 10:02:40 PM CEST 2024]
[setup checkDependencies] stringtie... at [Wed Jul 3 10:02:40 PM CEST 2024]
[setup checkDependencies] clumpify.sh... at [Wed Jul 3 10:02:40 PM CEST 2024]
PAIRED: false
[setUpLogFile] Script started at [Wed Jul 3 10:02:40 PM CEST 2024] at [Wed Jul 3 10:02:40 PM CEST 2024]
[fastQC] started on raw FASTQs at [Wed Jul 3 10:02:40 PM CEST 2024]
Started analysis of E14_36h_H3K27me3_ChIP_Yang2019_GSM3314714_raw.fastq.gz
Approx 5% complete for E14_36h_H3K27me3_ChIP_Yang2019_GSM3314714_raw.fastq.gz
Approx 10% complete for E14_36h_H3K27me3_ChIP_Yang2019_GSM3314714_raw.fastq.gz
Approx 15% complete for E14_36h_H3K27me3_ChIP_Yang2019_GSM3314714_raw.fastq.gz
Approx 20% complete for E14_36h_H3K27me3_ChIP_Yang2019_GSM3314714_raw.fastq.gz
Approx 25% complete for E14_36h_H3K27me3_ChIP_Yang2019_GSM3314714_raw.fastq.gz
Approx 30% complete for E14_36h_H3K27me3_ChIP_Yang2019_GSM3314714_raw.fastq.gz
Approx 35% complete for E14_36h_H3K27me3_ChIP_Yang2019_GSM3314714_raw.fastq.gz
Approx 40% complete for E14_36h_H3K27me3_ChIP_Yang2019_GSM3314714_raw.fastq.gz
Approx 45% complete for E14_36h_H3K27me3_ChIP_Yang2019_GSM3314714_raw.fastq.gz
Approx 50% complete for E14_36h_H3K27me3_ChIP_Yang2019_GSM3314714_raw.fastq.gz
Approx 55% complete for E14_36h_H3K27me3_ChIP_Yang2019_GSM3314714_raw.fastq.gz
Approx 60% complete for E14_36h_H3K27me3_ChIP_Yang2019_GSM3314714_raw.fastq.gz
Approx 65% complete for E14_36h_H3K27me3_ChIP_Yang2019_GSM3314714_raw.fastq.gz
Approx 70% complete for E14_36h_H3K27me3_ChIP_Yang2019_GSM3314714_raw.fastq.gz
Approx 75% complete for E14_36h_H3K27me3_ChIP_Yang2019_GSM3314714_raw.fastq.gz
Approx 80% complete for E14_36h_H3K27me3_ChIP_Yang2019_GSM3314714_raw.fastq.gz
Approx 85% complete for E14_36h_H3K27me3_ChIP_Yang2019_GSM3314714_raw.fastq.gz
Approx 90% complete for E14_36h_H3K27me3_ChIP_Yang2019_GSM3314714_raw.fastq.gz
Approx 95% complete for E14_36h_H3K27me3_ChIP_Yang2019_GSM3314714_raw.fastq.gz
Analysis complete for E14_36h_H3K27me3_ChIP_Yang2019_GSM3314714_raw.fastq.gz
[fastQC] on raw FASTQs finished succesfully. Will remove PCR duplicates now at [Wed Jul 3 10:07:07 PM CEST 2024]
Reads are length: 52 at [Wed Jul 3 10:07:07 PM CEST 2024]
Reads with same sequence 1 or fewer substitutions will be marked as PCR duplicates at [Wed Jul 3 10:07:07 PM CEST 2024]
Removal of PCR duplicates complete! at [Wed Jul 3 10:37:12 PM CEST 2024]
[trimReads] Started using version trimV5 parameters at [Wed Jul 3 10:37:12 PM CEST 2024]
ILLUMINACLIP:/data/reference_genomes/adapters/adapters.fa:2:30:10 SLIDINGWINDOW:4:20 MINLEN:24
[trimReads] Trimming E14_36h_H3K27me3_ChIP_Yang2019_GSM3314714.fastq.gz... at [Wed Jul 3 10:37:12 PM CEST 2024]
[trimReads] Finished successfully at [Wed Jul 3 10:49:29 PM CEST 2024]
[fastQC] started on E14_36h_H3K27me3_ChIP_Yang2019_GSM3314714.fastq.gz E14_36h_H3K27me3_ChIP_Yang2019_GSM3314714_trimV5.fastq.gz at [Wed Jul 3 10:49:29 PM CEST 2024]
Started analysis of E14_36h_H3K27me3_ChIP_Yang2019_GSM3314714.fastq.gz
Started analysis of E14_36h_H3K27me3_ChIP_Yang2019_GSM3314714_trimV5.fastq.gz
Approx 5% complete for E14_36h_H3K27me3_ChIP_Yang2019_GSM3314714.fastq.gz
Approx 5% complete for E14_36h_H3K27me3_ChIP_Yang2019_GSM3314714_trimV5.fastq.gz
Approx 10% complete for E14_36h_H3K27me3_ChIP_Yang2019_GSM3314714_trimV5.fastq.gz
Approx 10% complete for E14_36h_H3K27me3_ChIP_Yang2019_GSM3314714.fastq.gz
Approx 15% complete for E14_36h_H3K27me3_ChIP_Yang2019_GSM3314714_trimV5.fastq.gz
Approx 15% complete for E14_36h_H3K27me3_ChIP_Yang2019_GSM3314714.fastq.gz
Approx 20% complete for E14_36h_H3K27me3_ChIP_Yang2019_GSM3314714_trimV5.fastq.gz
Approx 20% complete for E14_36h_H3K27me3_ChIP_Yang2019_GSM3314714.fastq.gz
Approx 25% complete for E14_36h_H3K27me3_ChIP_Yang2019_GSM3314714_trimV5.fastq.gz
Approx 25% complete for E14_36h_H3K27me3_ChIP_Yang2019_GSM3314714.fastq.gz
Approx 30% complete for E14_36h_H3K27me3_ChIP_Yang2019_GSM3314714_trimV5.fastq.gz
Approx 30% complete for E14_36h_H3K27me3_ChIP_Yang2019_GSM3314714.fastq.gz
Approx 35% complete for E14_36h_H3K27me3_ChIP_Yang2019_GSM3314714_trimV5.fastq.gz
Approx 35% complete for E14_36h_H3K27me3_ChIP_Yang2019_GSM3314714.fastq.gz
Approx 40% complete for E14_36h_H3K27me3_ChIP_Yang2019_GSM3314714_trimV5.fastq.gz
Approx 40% complete for E14_36h_H3K27me3_ChIP_Yang2019_GSM3314714.fastq.gz
Approx 45% complete for E14_36h_H3K27me3_ChIP_Yang2019_GSM3314714_trimV5.fastq.gz
Approx 45% complete for E14_36h_H3K27me3_ChIP_Yang2019_GSM3314714.fastq.gz
Approx 50% complete for E14_36h_H3K27me3_ChIP_Yang2019_GSM3314714_trimV5.fastq.gz
Approx 50% complete for E14_36h_H3K27me3_ChIP_Yang2019_GSM3314714.fastq.gz
Approx 55% complete for E14_36h_H3K27me3_ChIP_Yang2019_GSM3314714_trimV5.fastq.gz
Approx 55% complete for E14_36h_H3K27me3_ChIP_Yang2019_GSM3314714.fastq.gz
Approx 60% complete for E14_36h_H3K27me3_ChIP_Yang2019_GSM3314714_trimV5.fastq.gz
Approx 60% complete for E14_36h_H3K27me3_ChIP_Yang2019_GSM3314714.fastq.gz
Approx 65% complete for E14_36h_H3K27me3_ChIP_Yang2019_GSM3314714_trimV5.fastq.gz
Approx 65% complete for E14_36h_H3K27me3_ChIP_Yang2019_GSM3314714.fastq.gz
Approx 70% complete for E14_36h_H3K27me3_ChIP_Yang2019_GSM3314714_trimV5.fastq.gz
Approx 70% complete for E14_36h_H3K27me3_ChIP_Yang2019_GSM3314714.fastq.gz
Approx 75% complete for E14_36h_H3K27me3_ChIP_Yang2019_GSM3314714_trimV5.fastq.gz
Approx 75% complete for E14_36h_H3K27me3_ChIP_Yang2019_GSM3314714.fastq.gz
Approx 80% complete for E14_36h_H3K27me3_ChIP_Yang2019_GSM3314714_trimV5.fastq.gz
Approx 80% complete for E14_36h_H3K27me3_ChIP_Yang2019_GSM3314714.fastq.gz
Approx 85% complete for E14_36h_H3K27me3_ChIP_Yang2019_GSM3314714_trimV5.fastq.gz
Approx 85% complete for E14_36h_H3K27me3_ChIP_Yang2019_GSM3314714.fastq.gz
Approx 90% complete for E14_36h_H3K27me3_ChIP_Yang2019_GSM3314714_trimV5.fastq.gz
Approx 90% complete for E14_36h_H3K27me3_ChIP_Yang2019_GSM3314714.fastq.gz
Approx 95% complete for E14_36h_H3K27me3_ChIP_Yang2019_GSM3314714_trimV5.fastq.gz
Approx 95% complete for E14_36h_H3K27me3_ChIP_Yang2019_GSM3314714.fastq.gz
Analysis complete for E14_36h_H3K27me3_ChIP_Yang2019_GSM3314714_trimV5.fastq.gz
Analysis complete for E14_36h_H3K27me3_ChIP_Yang2019_GSM3314714.fastq.gz
[fastQC] finished succesfully at [Wed Jul 3 10:53:37 PM CEST 2024]
[bowtie2 alignment] started with reference /data/reference_genomes/mm10/mm10 at [Wed Jul 3 10:53:37 PM CEST 2024]
[alignment] Bowtie2 alignment finished successfully at [Wed Jul 3 11:26:24 PM CEST 2024]
[sam grooming] started at [Wed Jul 3 11:28:17 PM CEST 2024]
23:28:18.465 INFO  NativeLibraryLoader - Loading libgkl_compression.so from jar:file:/home/robin/bin/miniconda3/share/picard-2.26.2-0/picard.jar!/com/intel/gkl/native/libgkl_compression.so
[Wed Jul 03 23:28:18 CEST 2024] CleanSam --INPUT E14_36h_H3K27me3_ChIP_Yang2019_GSM3314714_raw.sam --OUTPUT E14_36h_H3K27me3_ChIP_Yang2019_GSM3314714_cleaned.sam --TMP_DIR . --VERBOSITY INFO --QUIET false --VALIDATION_STRINGENCY STRICT --COMPRESSION_LEVEL 5 --MAX_RECORDS_IN_RAM 500000 --CREATE_INDEX false --CREATE_MD5_FILE false --GA4GH_CLIENT_SECRETS client_secrets.json --help false --version false --showHidden false --USE_JDK_DEFLATER false --USE_JDK_INFLATER false
[Wed Jul 03 23:28:18 CEST 2024] Executing as robin@epipax.ijm.univ-paris-diderot.priv on Linux 6.1.0-21-amd64 amd64; OpenJDK 64-Bit Server VM 1.8.0_332-b09; Deflater: Intel; Inflater: Intel; Provider GCS is not available; Picard version: Version:2.26.2
INFO	2024-07-03 23:28:18	CleanSam	Seen many non-increasing record positions. Printing Read-names as well.
INFO	2024-07-03 23:28:24	CleanSam	Processed     1,000,000 records.  Elapsed time: 00:00:05s.  Time for last 1,000,000:    5s.  Last read position: chr2:24,236,348.  Last read name: SRR7624402.19630623
INFO	2024-07-03 23:28:29	CleanSam	Processed     2,000,000 records.  Elapsed time: 00:00:11s.  Time for last 1,000,000:    5s.  Last read position: chr7:81,821,706.  Last read name: SRR7624402.46106467
INFO	2024-07-03 23:28:34	CleanSam	Processed     3,000,000 records.  Elapsed time: 00:00:16s.  Time for last 1,000,000:    5s.  Last read position: chr4:126,814,620.  Last read name: SRR7624402.23824029
INFO	2024-07-03 23:28:39	CleanSam	Processed     4,000,000 records.  Elapsed time: 00:00:21s.  Time for last 1,000,000:    5s.  Last read position: chr11:5,972,365.  Last read name: SRR7624402.35969652
INFO	2024-07-03 23:28:44	CleanSam	Processed     5,000,000 records.  Elapsed time: 00:00:26s.  Time for last 1,000,000:    5s.  Last read position: chr6:38,178,304.  Last read name: SRR7624402.34373035
INFO	2024-07-03 23:28:50	CleanSam	Processed     6,000,000 records.  Elapsed time: 00:00:31s.  Time for last 1,000,000:    5s.  Last read position: chr1:41,387,995.  Last read name: SRR7624402.25518819
INFO	2024-07-03 23:28:55	CleanSam	Processed     7,000,000 records.  Elapsed time: 00:00:36s.  Time for last 1,000,000:    5s.  Last read position: chr5:55,756,984.  Last read name: SRR7624402.48424769
INFO	2024-07-03 23:29:01	CleanSam	Processed     8,000,000 records.  Elapsed time: 00:00:42s.  Time for last 1,000,000:    5s.  Last read position: chr2:27,180,634.  Last read name: SRR7624402.12349246
INFO	2024-07-03 23:29:06	CleanSam	Processed     9,000,000 records.  Elapsed time: 00:00:48s.  Time for last 1,000,000:    5s.  Last read position: chr3:138,342,233.  Last read name: SRR7624402.5757825
INFO	2024-07-03 23:29:11	CleanSam	Processed    10,000,000 records.  Elapsed time: 00:00:53s.  Time for last 1,000,000:    5s.  Last read position: chr4:151,021,614.  Last read name: SRR7624402.9397630
INFO	2024-07-03 23:29:17	CleanSam	Processed    11,000,000 records.  Elapsed time: 00:00:58s.  Time for last 1,000,000:    5s.  Last read position: chr2:153,483,964.  Last read name: SRR7624402.9033058
INFO	2024-07-03 23:29:22	CleanSam	Processed    12,000,000 records.  Elapsed time: 00:01:03s.  Time for last 1,000,000:    5s.  Last read position: chr8:85,064,180.  Last read name: SRR7624402.20831756
INFO	2024-07-03 23:29:27	CleanSam	Processed    13,000,000 records.  Elapsed time: 00:01:08s.  Time for last 1,000,000:    5s.  Last read position: chrX:114,220,097.  Last read name: SRR7624402.38362665
INFO	2024-07-03 23:29:32	CleanSam	Processed    14,000,000 records.  Elapsed time: 00:01:14s.  Time for last 1,000,000:    5s.  Last read position: chr5:106,332,467.  Last read name: SRR7624402.16639499
INFO	2024-07-03 23:29:38	CleanSam	Processed    15,000,000 records.  Elapsed time: 00:01:19s.  Time for last 1,000,000:    5s.  Last read position: chr11:43,633,315.  Last read name: SRR7624402.22246595
INFO	2024-07-03 23:29:43	CleanSam	Processed    16,000,000 records.  Elapsed time: 00:01:25s.  Time for last 1,000,000:    5s.  Last read position: chr11:44,114,548.  Last read name: SRR7624402.29309826
INFO	2024-07-03 23:29:48	CleanSam	Processed    17,000,000 records.  Elapsed time: 00:01:30s.  Time for last 1,000,000:    5s.  Last read position: chr4:148,394,425.  Last read name: SRR7624402.59501323
INFO	2024-07-03 23:29:53	CleanSam	Processed    18,000,000 records.  Elapsed time: 00:01:35s.  Time for last 1,000,000:    4s.  Last read position: chr18:76,882,011.  Last read name: SRR7624402.40384083
INFO	2024-07-03 23:29:58	CleanSam	Processed    19,000,000 records.  Elapsed time: 00:01:40s.  Time for last 1,000,000:    5s.  Last read position: chr7:45,335,940.  Last read name: SRR7624402.24274022
INFO	2024-07-03 23:30:03	CleanSam	Processed    20,000,000 records.  Elapsed time: 00:01:45s.  Time for last 1,000,000:    4s.  Last read position: chr6:89,637,707.  Last read name: SRR7624402.34426284
INFO	2024-07-03 23:30:09	CleanSam	Processed    21,000,000 records.  Elapsed time: 00:01:51s.  Time for last 1,000,000:    5s.  Last read position: chr11:88,250,702.  Last read name: SRR7624402.22313257
INFO	2024-07-03 23:30:14	CleanSam	Processed    22,000,000 records.  Elapsed time: 00:01:56s.  Time for last 1,000,000:    5s.  Last read position: chr6:117,540,049.  Last read name: SRR7624402.48690271
INFO	2024-07-03 23:30:20	CleanSam	Processed    23,000,000 records.  Elapsed time: 00:02:01s.  Time for last 1,000,000:    5s.  Last read position: chr6:13,948,554.  Last read name: SRR7624402.6150901
INFO	2024-07-03 23:30:25	CleanSam	Processed    24,000,000 records.  Elapsed time: 00:02:07s.  Time for last 1,000,000:    5s.  Last read position: chr5:96,052,928.  Last read name: SRR7624402.20311826
INFO	2024-07-03 23:30:31	CleanSam	Processed    25,000,000 records.  Elapsed time: 00:02:13s.  Time for last 1,000,000:    5s.  Last read position: chr9:29,657,826.  Last read name: SRR7624402.6637573
INFO	2024-07-03 23:30:37	CleanSam	Processed    26,000,000 records.  Elapsed time: 00:02:18s.  Time for last 1,000,000:    5s.  Last read position: chr13:116,561,923.  Last read name: SRR7624402.47105655
INFO	2024-07-03 23:30:42	CleanSam	Processed    27,000,000 records.  Elapsed time: 00:02:24s.  Time for last 1,000,000:    5s.  Last read position: chr4:110,891,832.  Last read name: SRR7624402.2142006
INFO	2024-07-03 23:30:48	CleanSam	Processed    28,000,000 records.  Elapsed time: 00:02:29s.  Time for last 1,000,000:    5s.  Last read position: chr1:61,982,443.  Last read name: SRR7624402.50054615
INFO	2024-07-03 23:30:53	CleanSam	Processed    29,000,000 records.  Elapsed time: 00:02:34s.  Time for last 1,000,000:    5s.  Last read position: chr10:76,171,692.  Last read name: SRR7624402.29200740
INFO	2024-07-03 23:30:59	CleanSam	Processed    30,000,000 records.  Elapsed time: 00:02:40s.  Time for last 1,000,000:    5s.  Last read position: chr1:62,637,859.  Last read name: SRR7624402.46356249
INFO	2024-07-03 23:31:05	CleanSam	Processed    31,000,000 records.  Elapsed time: 00:02:46s.  Time for last 1,000,000:    5s.  Last read position: chr8:125,339,862.  Last read name: SRR7624402.49054643
INFO	2024-07-03 23:31:11	CleanSam	Processed    32,000,000 records.  Elapsed time: 00:02:52s.  Time for last 1,000,000:    6s.  Last read position: chr2:162,943,659.  Last read name: SRR7624402.40695689
INFO	2024-07-03 23:31:16	CleanSam	Processed    33,000,000 records.  Elapsed time: 00:02:57s.  Time for last 1,000,000:    5s.  Last read position: chr1:171,239,477.  Last read name: SRR7624402.35792633
INFO	2024-07-03 23:31:22	CleanSam	Processed    34,000,000 records.  Elapsed time: 00:03:03s.  Time for last 1,000,000:    6s.  Last read position: chr14:122,338,721.  Last read name: SRR7624402.1000764
INFO	2024-07-03 23:31:28	CleanSam	Processed    35,000,000 records.  Elapsed time: 00:03:09s.  Time for last 1,000,000:    5s.  Last read position: chr4:51,817,386.  Last read name: SRR7624402.37403821
INFO	2024-07-03 23:31:33	CleanSam	Processed    36,000,000 records.  Elapsed time: 00:03:14s.  Time for last 1,000,000:    5s.  Last read position: */*.  Last read name: SRR7624402.5751941
INFO	2024-07-03 23:31:38	CleanSam	Processed    37,000,000 records.  Elapsed time: 00:03:20s.  Time for last 1,000,000:    5s.  Last read position: chr13:55,129,982.  Last read name: SRR7624402.18882597
INFO	2024-07-03 23:31:44	CleanSam	Processed    38,000,000 records.  Elapsed time: 00:03:25s.  Time for last 1,000,000:    5s.  Last read position: chr1:64,013,614.  Last read name: SRR7624402.35682715
INFO	2024-07-03 23:31:50	CleanSam	Processed    39,000,000 records.  Elapsed time: 00:03:31s.  Time for last 1,000,000:    5s.  Last read position: chrX:58,264,519.  Last read name: SRR7624402.45567602
INFO	2024-07-03 23:31:55	CleanSam	Processed    40,000,000 records.  Elapsed time: 00:03:37s.  Time for last 1,000,000:    5s.  Last read position: chr5:113,438,530.  Last read name: SRR7624402.37646218
INFO	2024-07-03 23:32:02	CleanSam	Processed    41,000,000 records.  Elapsed time: 00:03:44s.  Time for last 1,000,000:    6s.  Last read position: chr1:112,099,588.  Last read name: SRR7624402.50110053
INFO	2024-07-03 23:32:08	CleanSam	Processed    42,000,000 records.  Elapsed time: 00:03:50s.  Time for last 1,000,000:    5s.  Last read position: */*.  Last read name: SRR7624402.32130973
INFO	2024-07-03 23:32:14	CleanSam	Processed    43,000,000 records.  Elapsed time: 00:03:55s.  Time for last 1,000,000:    5s.  Last read position: chr19:57,510,568.  Last read name: SRR7624402.44121498
INFO	2024-07-03 23:32:19	CleanSam	Processed    44,000,000 records.  Elapsed time: 00:04:01s.  Time for last 1,000,000:    5s.  Last read position: chr2:152,491,298.  Last read name: SRR7624402.51700333
INFO	2024-07-03 23:32:26	CleanSam	Processed    45,000,000 records.  Elapsed time: 00:04:07s.  Time for last 1,000,000:    6s.  Last read position: chr13:59,044,374.  Last read name: SRR7624402.58193431
INFO	2024-07-03 23:32:32	CleanSam	Processed    46,000,000 records.  Elapsed time: 00:04:14s.  Time for last 1,000,000:    6s.  Last read position: chr12:21,715,157.  Last read name: SRR7624402.38713755
INFO	2024-07-03 23:32:38	CleanSam	Processed    47,000,000 records.  Elapsed time: 00:04:20s.  Time for last 1,000,000:    5s.  Last read position: chr6:83,103,094.  Last read name: SRR7624402.41363670
INFO	2024-07-03 23:32:44	CleanSam	Processed    48,000,000 records.  Elapsed time: 00:04:25s.  Time for last 1,000,000:    5s.  Last read position: chr10:38,928,453.  Last read name: SRR7624402.4235909
INFO	2024-07-03 23:32:49	CleanSam	Processed    49,000,000 records.  Elapsed time: 00:04:30s.  Time for last 1,000,000:    5s.  Last read position: chr9:64,729,548.  Last read name: SRR7624402.20984304
INFO	2024-07-03 23:32:55	CleanSam	Processed    50,000,000 records.  Elapsed time: 00:04:36s.  Time for last 1,000,000:    5s.  Last read position: chr5:36,759,419.  Last read name: SRR7624402.41122804
INFO	2024-07-03 23:33:02	CleanSam	Processed    51,000,000 records.  Elapsed time: 00:04:43s.  Time for last 1,000,000:    6s.  Last read position: chr6:118,945,885.  Last read name: SRR7624402.59847420
[Wed Jul 03 23:33:16 CEST 2024] picard.sam.CleanSam done. Elapsed time: 4.97 minutes.
Runtime.totalMemory()=696254464
23:33:18.976 INFO  NativeLibraryLoader - Loading libgkl_compression.so from jar:file:/home/robin/bin/miniconda3/share/picard-2.26.2-0/picard.jar!/com/intel/gkl/native/libgkl_compression.so
[Wed Jul 03 23:33:19 CEST 2024] SamFormatConverter --INPUT E14_36h_H3K27me3_ChIP_Yang2019_GSM3314714_cleaned.sam --OUTPUT E14_36h_H3K27me3_ChIP_Yang2019_GSM3314714_unsorted.bam --TMP_DIR . --VERBOSITY INFO --QUIET false --VALIDATION_STRINGENCY STRICT --COMPRESSION_LEVEL 5 --MAX_RECORDS_IN_RAM 500000 --CREATE_INDEX false --CREATE_MD5_FILE false --GA4GH_CLIENT_SECRETS client_secrets.json --help false --version false --showHidden false --USE_JDK_DEFLATER false --USE_JDK_INFLATER false
[Wed Jul 03 23:33:19 CEST 2024] Executing as robin@epipax.ijm.univ-paris-diderot.priv on Linux 6.1.0-21-amd64 amd64; OpenJDK 64-Bit Server VM 1.8.0_332-b09; Deflater: Intel; Inflater: Intel; Provider GCS is not available; Picard version: Version:2.26.2
INFO	2024-07-03 23:33:21	SamFormatConverter	Seen many non-increasing record positions. Printing Read-names as well.
INFO	2024-07-03 23:33:30	SamFormatConverter	Processed     1,000,000 records.  Elapsed time: 00:00:10s.  Time for last 1,000,000:   10s.  Last read position: chr2:24,236,348.  Last read name: SRR7624402.19630623
INFO	2024-07-03 23:33:41	SamFormatConverter	Processed     2,000,000 records.  Elapsed time: 00:00:20s.  Time for last 1,000,000:   10s.  Last read position: chr7:81,821,706.  Last read name: SRR7624402.46106467
INFO	2024-07-03 23:33:51	SamFormatConverter	Processed     3,000,000 records.  Elapsed time: 00:00:30s.  Time for last 1,000,000:   10s.  Last read position: chr4:126,814,620.  Last read name: SRR7624402.23824029
INFO	2024-07-03 23:34:01	SamFormatConverter	Processed     4,000,000 records.  Elapsed time: 00:00:40s.  Time for last 1,000,000:    9s.  Last read position: chr11:5,972,365.  Last read name: SRR7624402.35969652
INFO	2024-07-03 23:34:10	SamFormatConverter	Processed     5,000,000 records.  Elapsed time: 00:00:50s.  Time for last 1,000,000:    9s.  Last read position: chr6:38,178,304.  Last read name: SRR7624402.34373035
INFO	2024-07-03 23:34:19	SamFormatConverter	Processed     6,000,000 records.  Elapsed time: 00:00:59s.  Time for last 1,000,000:    9s.  Last read position: chr1:41,387,995.  Last read name: SRR7624402.25518819
INFO	2024-07-03 23:34:29	SamFormatConverter	Processed     7,000,000 records.  Elapsed time: 00:01:09s.  Time for last 1,000,000:   10s.  Last read position: chr5:55,756,984.  Last read name: SRR7624402.48424769
INFO	2024-07-03 23:34:39	SamFormatConverter	Processed     8,000,000 records.  Elapsed time: 00:01:19s.  Time for last 1,000,000:    9s.  Last read position: chr2:27,180,634.  Last read name: SRR7624402.12349246
INFO	2024-07-03 23:34:49	SamFormatConverter	Processed     9,000,000 records.  Elapsed time: 00:01:28s.  Time for last 1,000,000:    9s.  Last read position: chr3:138,342,233.  Last read name: SRR7624402.5757825
INFO	2024-07-03 23:34:58	SamFormatConverter	Processed    10,000,000 records.  Elapsed time: 00:01:38s.  Time for last 1,000,000:    9s.  Last read position: chr4:151,021,614.  Last read name: SRR7624402.9397630
INFO	2024-07-03 23:35:08	SamFormatConverter	Processed    11,000,000 records.  Elapsed time: 00:01:47s.  Time for last 1,000,000:    9s.  Last read position: chr2:153,483,964.  Last read name: SRR7624402.9033058
INFO	2024-07-03 23:35:18	SamFormatConverter	Processed    12,000,000 records.  Elapsed time: 00:01:57s.  Time for last 1,000,000:   10s.  Last read position: chr8:85,064,180.  Last read name: SRR7624402.20831756
INFO	2024-07-03 23:35:28	SamFormatConverter	Processed    13,000,000 records.  Elapsed time: 00:02:07s.  Time for last 1,000,000:    9s.  Last read position: chrX:114,220,097.  Last read name: SRR7624402.38362665
INFO	2024-07-03 23:35:37	SamFormatConverter	Processed    14,000,000 records.  Elapsed time: 00:02:16s.  Time for last 1,000,000:    8s.  Last read position: chr5:106,332,467.  Last read name: SRR7624402.16639499
INFO	2024-07-03 23:35:46	SamFormatConverter	Processed    15,000,000 records.  Elapsed time: 00:02:25s.  Time for last 1,000,000:    9s.  Last read position: chr11:43,633,315.  Last read name: SRR7624402.22246595
INFO	2024-07-03 23:35:57	SamFormatConverter	Processed    16,000,000 records.  Elapsed time: 00:02:36s.  Time for last 1,000,000:   10s.  Last read position: chr11:44,114,548.  Last read name: SRR7624402.29309826
INFO	2024-07-03 23:36:07	SamFormatConverter	Processed    17,000,000 records.  Elapsed time: 00:02:47s.  Time for last 1,000,000:   10s.  Last read position: chr4:148,394,425.  Last read name: SRR7624402.59501323
INFO	2024-07-03 23:36:18	SamFormatConverter	Processed    18,000,000 records.  Elapsed time: 00:02:58s.  Time for last 1,000,000:   11s.  Last read position: chr18:76,882,011.  Last read name: SRR7624402.40384083
INFO	2024-07-03 23:36:30	SamFormatConverter	Processed    19,000,000 records.  Elapsed time: 00:03:10s.  Time for last 1,000,000:   11s.  Last read position: chr7:45,335,940.  Last read name: SRR7624402.24274022
INFO	2024-07-03 23:36:41	SamFormatConverter	Processed    20,000,000 records.  Elapsed time: 00:03:20s.  Time for last 1,000,000:   10s.  Last read position: chr6:89,637,707.  Last read name: SRR7624402.34426284
INFO	2024-07-03 23:36:51	SamFormatConverter	Processed    21,000,000 records.  Elapsed time: 00:03:30s.  Time for last 1,000,000:    9s.  Last read position: chr11:88,250,702.  Last read name: SRR7624402.22313257
INFO	2024-07-03 23:37:01	SamFormatConverter	Processed    22,000,000 records.  Elapsed time: 00:03:41s.  Time for last 1,000,000:   10s.  Last read position: chr6:117,540,049.  Last read name: SRR7624402.48690271
INFO	2024-07-03 23:37:12	SamFormatConverter	Processed    23,000,000 records.  Elapsed time: 00:03:51s.  Time for last 1,000,000:   10s.  Last read position: chr6:13,948,554.  Last read name: SRR7624402.6150901
INFO	2024-07-03 23:37:23	SamFormatConverter	Processed    24,000,000 records.  Elapsed time: 00:04:02s.  Time for last 1,000,000:   10s.  Last read position: chr5:96,052,928.  Last read name: SRR7624402.20311826
INFO	2024-07-03 23:37:34	SamFormatConverter	Processed    25,000,000 records.  Elapsed time: 00:04:13s.  Time for last 1,000,000:   11s.  Last read position: chr9:29,657,826.  Last read name: SRR7624402.6637573
INFO	2024-07-03 23:37:44	SamFormatConverter	Processed    26,000,000 records.  Elapsed time: 00:04:23s.  Time for last 1,000,000:   10s.  Last read position: chr13:116,561,923.  Last read name: SRR7624402.47105655
INFO	2024-07-03 23:37:53	SamFormatConverter	Processed    27,000,000 records.  Elapsed time: 00:04:32s.  Time for last 1,000,000:    9s.  Last read position: chr4:110,891,832.  Last read name: SRR7624402.2142006
INFO	2024-07-03 23:38:03	SamFormatConverter	Processed    28,000,000 records.  Elapsed time: 00:04:43s.  Time for last 1,000,000:   10s.  Last read position: chr1:61,982,443.  Last read name: SRR7624402.50054615
INFO	2024-07-03 23:38:12	SamFormatConverter	Processed    29,000,000 records.  Elapsed time: 00:04:52s.  Time for last 1,000,000:    9s.  Last read position: chr10:76,171,692.  Last read name: SRR7624402.29200740
INFO	2024-07-03 23:38:22	SamFormatConverter	Processed    30,000,000 records.  Elapsed time: 00:05:01s.  Time for last 1,000,000:    9s.  Last read position: chr1:62,637,859.  Last read name: SRR7624402.46356249
INFO	2024-07-03 23:38:30	SamFormatConverter	Processed    31,000,000 records.  Elapsed time: 00:05:09s.  Time for last 1,000,000:    8s.  Last read position: chr8:125,339,862.  Last read name: SRR7624402.49054643
INFO	2024-07-03 23:38:39	SamFormatConverter	Processed    32,000,000 records.  Elapsed time: 00:05:18s.  Time for last 1,000,000:    8s.  Last read position: chr2:162,943,659.  Last read name: SRR7624402.40695689
INFO	2024-07-03 23:38:48	SamFormatConverter	Processed    33,000,000 records.  Elapsed time: 00:05:27s.  Time for last 1,000,000:    8s.  Last read position: chr1:171,239,477.  Last read name: SRR7624402.35792633
INFO	2024-07-03 23:38:57	SamFormatConverter	Processed    34,000,000 records.  Elapsed time: 00:05:36s.  Time for last 1,000,000:    8s.  Last read position: chr14:122,338,721.  Last read name: SRR7624402.1000764
INFO	2024-07-03 23:39:06	SamFormatConverter	Processed    35,000,000 records.  Elapsed time: 00:05:45s.  Time for last 1,000,000:    9s.  Last read position: chr4:51,817,386.  Last read name: SRR7624402.37403821
INFO	2024-07-03 23:39:16	SamFormatConverter	Processed    36,000,000 records.  Elapsed time: 00:05:55s.  Time for last 1,000,000:   10s.  Last read position: */*.  Last read name: SRR7624402.5751941
INFO	2024-07-03 23:39:25	SamFormatConverter	Processed    37,000,000 records.  Elapsed time: 00:06:04s.  Time for last 1,000,000:    9s.  Last read position: chr13:55,129,982.  Last read name: SRR7624402.18882597
INFO	2024-07-03 23:39:35	SamFormatConverter	Processed    38,000,000 records.  Elapsed time: 00:06:15s.  Time for last 1,000,000:   10s.  Last read position: chr1:64,013,614.  Last read name: SRR7624402.35682715
INFO	2024-07-03 23:39:45	SamFormatConverter	Processed    39,000,000 records.  Elapsed time: 00:06:25s.  Time for last 1,000,000:    9s.  Last read position: chrX:58,264,519.  Last read name: SRR7624402.45567602
INFO	2024-07-03 23:39:56	SamFormatConverter	Processed    40,000,000 records.  Elapsed time: 00:06:35s.  Time for last 1,000,000:   10s.  Last read position: chr5:113,438,530.  Last read name: SRR7624402.37646218
INFO	2024-07-03 23:40:06	SamFormatConverter	Processed    41,000,000 records.  Elapsed time: 00:06:45s.  Time for last 1,000,000:    9s.  Last read position: chr1:112,099,588.  Last read name: SRR7624402.50110053
INFO	2024-07-03 23:40:15	SamFormatConverter	Processed    42,000,000 records.  Elapsed time: 00:06:54s.  Time for last 1,000,000:    8s.  Last read position: */*.  Last read name: SRR7624402.32130973
INFO	2024-07-03 23:40:24	SamFormatConverter	Processed    43,000,000 records.  Elapsed time: 00:07:03s.  Time for last 1,000,000:    9s.  Last read position: chr19:57,510,568.  Last read name: SRR7624402.44121498
INFO	2024-07-03 23:40:33	SamFormatConverter	Processed    44,000,000 records.  Elapsed time: 00:07:13s.  Time for last 1,000,000:    9s.  Last read position: chr2:152,491,298.  Last read name: SRR7624402.51700333
INFO	2024-07-03 23:40:42	SamFormatConverter	Processed    45,000,000 records.  Elapsed time: 00:07:21s.  Time for last 1,000,000:    8s.  Last read position: chr13:59,044,374.  Last read name: SRR7624402.58193431
INFO	2024-07-03 23:40:51	SamFormatConverter	Processed    46,000,000 records.  Elapsed time: 00:07:30s.  Time for last 1,000,000:    8s.  Last read position: chr12:21,715,157.  Last read name: SRR7624402.38713755
INFO	2024-07-03 23:41:00	SamFormatConverter	Processed    47,000,000 records.  Elapsed time: 00:07:39s.  Time for last 1,000,000:    9s.  Last read position: chr6:83,103,094.  Last read name: SRR7624402.41363670
INFO	2024-07-03 23:41:09	SamFormatConverter	Processed    48,000,000 records.  Elapsed time: 00:07:49s.  Time for last 1,000,000:    9s.  Last read position: chr10:38,928,453.  Last read name: SRR7624402.4235909
INFO	2024-07-03 23:41:19	SamFormatConverter	Processed    49,000,000 records.  Elapsed time: 00:07:58s.  Time for last 1,000,000:    9s.  Last read position: chr9:64,729,548.  Last read name: SRR7624402.20984304
INFO	2024-07-03 23:41:28	SamFormatConverter	Processed    50,000,000 records.  Elapsed time: 00:08:07s.  Time for last 1,000,000:    9s.  Last read position: chr5:36,759,419.  Last read name: SRR7624402.41122804
INFO	2024-07-03 23:41:38	SamFormatConverter	Processed    51,000,000 records.  Elapsed time: 00:08:17s.  Time for last 1,000,000:   10s.  Last read position: chr6:118,945,885.  Last read name: SRR7624402.59847420
[Wed Jul 03 23:41:43 CEST 2024] picard.sam.SamFormatConverter done. Elapsed time: 8.40 minutes.
Runtime.totalMemory()=1015021568
23:41:44.715 INFO  NativeLibraryLoader - Loading libgkl_compression.so from jar:file:/home/robin/bin/miniconda3/share/picard-2.26.2-0/picard.jar!/com/intel/gkl/native/libgkl_compression.so
[Wed Jul 03 23:41:44 CEST 2024] SortSam --INPUT E14_36h_H3K27me3_ChIP_Yang2019_GSM3314714_unsorted.bam --OUTPUT E14_36h_H3K27me3_ChIP_Yang2019_GSM3314714_sorted.bam --SORT_ORDER coordinate --TMP_DIR . --VERBOSITY INFO --QUIET false --VALIDATION_STRINGENCY STRICT --COMPRESSION_LEVEL 5 --MAX_RECORDS_IN_RAM 500000 --CREATE_INDEX false --CREATE_MD5_FILE false --GA4GH_CLIENT_SECRETS client_secrets.json --help false --version false --showHidden false --USE_JDK_DEFLATER false --USE_JDK_INFLATER false
[Wed Jul 03 23:41:44 CEST 2024] Executing as robin@epipax.ijm.univ-paris-diderot.priv on Linux 6.1.0-21-amd64 amd64; OpenJDK 64-Bit Server VM 1.8.0_332-b09; Deflater: Intel; Inflater: Intel; Provider GCS is not available; Picard version: Version:2.26.2
INFO	2024-07-03 23:41:45	SortSam	Seen many non-increasing record positions. Printing Read-names as well.
INFO	2024-07-03 23:42:54	SortSam	Read    10,000,000 records.  Elapsed time: 00:01:09s.  Time for last 10,000,000:   69s.  Last read position: chr4:151,021,614.  Last read name: SRR7624402.9397630
INFO	2024-07-03 23:43:50	SortSam	Read    20,000,000 records.  Elapsed time: 00:02:05s.  Time for last 10,000,000:   56s.  Last read position: chr6:89,637,707.  Last read name: SRR7624402.34426284
INFO	2024-07-03 23:44:48	SortSam	Read    30,000,000 records.  Elapsed time: 00:03:03s.  Time for last 10,000,000:   57s.  Last read position: chr1:62,637,859.  Last read name: SRR7624402.46356249
INFO	2024-07-03 23:45:45	SortSam	Read    40,000,000 records.  Elapsed time: 00:03:59s.  Time for last 10,000,000:   56s.  Last read position: chr5:113,438,530.  Last read name: SRR7624402.37646218
INFO	2024-07-03 23:46:45	SortSam	Read    50,000,000 records.  Elapsed time: 00:05:00s.  Time for last 10,000,000:   60s.  Last read position: chr5:36,759,419.  Last read name: SRR7624402.41122804
INFO	2024-07-03 23:46:52	SortSam	Finished reading inputs, merging and writing to output now.
INFO	2024-07-03 23:47:43	SortSam	Wrote    10,000,000 records from a sorting collection.  Elapsed time: 00:05:58s.  Time for last 10,000,000:   49s.  Last read position: chr3:146,041,343
INFO	2024-07-03 23:48:32	SortSam	Wrote    20,000,000 records from a sorting collection.  Elapsed time: 00:06:47s.  Time for last 10,000,000:   49s.  Last read position: chr7:36,932,962
INFO	2024-07-03 23:49:20	SortSam	Wrote    30,000,000 records from a sorting collection.  Elapsed time: 00:07:34s.  Time for last 10,000,000:   47s.  Last read position: chr10:120,624,323
INFO	2024-07-03 23:50:09	SortSam	Wrote    40,000,000 records from a sorting collection.  Elapsed time: 00:08:23s.  Time for last 10,000,000:   49s.  Last read position: chr15:6,500,939
INFO	2024-07-03 23:50:57	SortSam	Wrote    50,000,000 records from a sorting collection.  Elapsed time: 00:09:12s.  Time for last 10,000,000:   48s.  Last read position: chrY:10,808,000
[Wed Jul 03 23:51:03 CEST 2024] picard.sam.SortSam done. Elapsed time: 9.32 minutes.
Runtime.totalMemory()=1732771840
23:51:05.261 INFO  NativeLibraryLoader - Loading libgkl_compression.so from jar:file:/home/robin/bin/miniconda3/share/picard-2.26.2-0/picard.jar!/com/intel/gkl/native/libgkl_compression.so
[Wed Jul 03 23:51:05 CEST 2024] MarkDuplicates --INPUT E14_36h_H3K27me3_ChIP_Yang2019_GSM3314714_sorted.bam --OUTPUT E14_36h_H3K27me3_ChIP_Yang2019_GSM3314714.bam --METRICS_FILE E14_36h_H3K27me3_ChIP_Yang2019_GSM3314714_markDupeMetrics.txt --REMOVE_DUPLICATES false --TMP_DIR . --MAX_SEQUENCES_FOR_DISK_READ_ENDS_MAP 50000 --MAX_FILE_HANDLES_FOR_READ_ENDS_MAP 8000 --SORTING_COLLECTION_SIZE_RATIO 0.25 --TAG_DUPLICATE_SET_MEMBERS false --REMOVE_SEQUENCING_DUPLICATES false --TAGGING_POLICY DontTag --CLEAR_DT true --DUPLEX_UMI false --ADD_PG_TAG_TO_READS true --ASSUME_SORTED false --DUPLICATE_SCORING_STRATEGY SUM_OF_BASE_QUALITIES --PROGRAM_RECORD_ID MarkDuplicates --PROGRAM_GROUP_NAME MarkDuplicates --READ_NAME_REGEX <optimized capture of last three ':' separated fields as numeric values> --OPTICAL_DUPLICATE_PIXEL_DISTANCE 100 --MAX_OPTICAL_DUPLICATE_SET_SIZE 300000 --VERBOSITY INFO --QUIET false --VALIDATION_STRINGENCY STRICT --COMPRESSION_LEVEL 5 --MAX_RECORDS_IN_RAM 500000 --CREATE_INDEX false --CREATE_MD5_FILE false --GA4GH_CLIENT_SECRETS client_secrets.json --help false --version false --showHidden false --USE_JDK_DEFLATER false --USE_JDK_INFLATER false
[Wed Jul 03 23:51:05 CEST 2024] Executing as robin@epipax.ijm.univ-paris-diderot.priv on Linux 6.1.0-21-amd64 amd64; OpenJDK 64-Bit Server VM 1.8.0_332-b09; Deflater: Intel; Inflater: Intel; Provider GCS is not available; Picard version: Version:2.26.2
INFO	2024-07-03 23:51:05	MarkDuplicates	Start of doWork freeMemory: 501502480; totalMemory: 514850816; maxMemory: 1908932608
INFO	2024-07-03 23:51:05	MarkDuplicates	Reading input file and constructing read end information.
INFO	2024-07-03 23:51:05	MarkDuplicates	Will retain up to 6916422 data points before spilling to disk.
WARNING	2024-07-03 23:51:05	AbstractOpticalDuplicateFinderCommandLineProgram	A field field parsed out of a read name was expected to contain an integer and did not. Read name: SRR7624402.45667948. Cause: String 'SRR7624402.45667948' did not start with a parsable number.
INFO	2024-07-03 23:51:09	MarkDuplicates	Read     1,000,000 records.  Elapsed time: 00:00:04s.  Time for last 1,000,000:    4s.  Last read position: chr1:64,893,643
INFO	2024-07-03 23:51:09	MarkDuplicates	Tracking 0 as yet unmatched pairs. 0 records in RAM.
INFO	2024-07-03 23:51:13	MarkDuplicates	Read     2,000,000 records.  Elapsed time: 00:00:07s.  Time for last 1,000,000:    3s.  Last read position: chr1:122,149,208
INFO	2024-07-03 23:51:13	MarkDuplicates	Tracking 0 as yet unmatched pairs. 0 records in RAM.
INFO	2024-07-03 23:51:17	MarkDuplicates	Read     3,000,000 records.  Elapsed time: 00:00:11s.  Time for last 1,000,000:    3s.  Last read position: chr1:172,237,984
INFO	2024-07-03 23:51:17	MarkDuplicates	Tracking 0 as yet unmatched pairs. 0 records in RAM.
INFO	2024-07-03 23:51:22	MarkDuplicates	Read     4,000,000 records.  Elapsed time: 00:00:16s.  Time for last 1,000,000:    5s.  Last read position: chr2:26,912,505
INFO	2024-07-03 23:51:22	MarkDuplicates	Tracking 0 as yet unmatched pairs. 0 records in RAM.
INFO	2024-07-03 23:51:25	MarkDuplicates	Read     5,000,000 records.  Elapsed time: 00:00:19s.  Time for last 1,000,000:    3s.  Last read position: chr2:76,241,208
INFO	2024-07-03 23:51:25	MarkDuplicates	Tracking 0 as yet unmatched pairs. 0 records in RAM.
INFO	2024-07-03 23:51:28	MarkDuplicates	Read     6,000,000 records.  Elapsed time: 00:00:23s.  Time for last 1,000,000:    3s.  Last read position: chr2:123,074,617
INFO	2024-07-03 23:51:28	MarkDuplicates	Tracking 0 as yet unmatched pairs. 0 records in RAM.
INFO	2024-07-03 23:51:39	MarkDuplicates	Read     7,000,000 records.  Elapsed time: 00:00:33s.  Time for last 1,000,000:   10s.  Last read position: chr2:167,731,359
INFO	2024-07-03 23:51:39	MarkDuplicates	Tracking 0 as yet unmatched pairs. 0 records in RAM.
INFO	2024-07-03 23:51:42	MarkDuplicates	Read     8,000,000 records.  Elapsed time: 00:00:36s.  Time for last 1,000,000:    3s.  Last read position: chr3:42,981,735
INFO	2024-07-03 23:51:42	MarkDuplicates	Tracking 0 as yet unmatched pairs. 0 records in RAM.
INFO	2024-07-03 23:51:46	MarkDuplicates	Read     9,000,000 records.  Elapsed time: 00:00:40s.  Time for last 1,000,000:    3s.  Last read position: chr3:97,880,311
INFO	2024-07-03 23:51:46	MarkDuplicates	Tracking 0 as yet unmatched pairs. 0 records in RAM.
INFO	2024-07-03 23:51:50	MarkDuplicates	Read    10,000,000 records.  Elapsed time: 00:00:44s.  Time for last 1,000,000:    3s.  Last read position: chr3:146,041,343
INFO	2024-07-03 23:51:50	MarkDuplicates	Tracking 0 as yet unmatched pairs. 0 records in RAM.
INFO	2024-07-03 23:51:54	MarkDuplicates	Read    11,000,000 records.  Elapsed time: 00:00:48s.  Time for last 1,000,000:    4s.  Last read position: chr4:46,767,661
INFO	2024-07-03 23:51:54	MarkDuplicates	Tracking 0 as yet unmatched pairs. 0 records in RAM.
INFO	2024-07-03 23:51:59	MarkDuplicates	Read    12,000,000 records.  Elapsed time: 00:00:53s.  Time for last 1,000,000:    4s.  Last read position: chr4:105,132,235
INFO	2024-07-03 23:51:59	MarkDuplicates	Tracking 0 as yet unmatched pairs. 0 records in RAM.
INFO	2024-07-03 23:52:06	MarkDuplicates	Read    13,000,000 records.  Elapsed time: 00:01:00s.  Time for last 1,000,000:    7s.  Last read position: chr4:142,745,558
INFO	2024-07-03 23:52:06	MarkDuplicates	Tracking 0 as yet unmatched pairs. 0 records in RAM.
INFO	2024-07-03 23:52:12	MarkDuplicates	Read    14,000,000 records.  Elapsed time: 00:01:06s.  Time for last 1,000,000:    5s.  Last read position: chr5:35,547,948
INFO	2024-07-03 23:52:12	MarkDuplicates	Tracking 0 as yet unmatched pairs. 0 records in RAM.
INFO	2024-07-03 23:52:15	MarkDuplicates	Read    15,000,000 records.  Elapsed time: 00:01:09s.  Time for last 1,000,000:    3s.  Last read position: chr5:90,601,680
INFO	2024-07-03 23:52:15	MarkDuplicates	Tracking 0 as yet unmatched pairs. 0 records in RAM.
INFO	2024-07-03 23:52:20	MarkDuplicates	Read    16,000,000 records.  Elapsed time: 00:01:14s.  Time for last 1,000,000:    5s.  Last read position: chr5:128,170,144
INFO	2024-07-03 23:52:20	MarkDuplicates	Tracking 0 as yet unmatched pairs. 0 records in RAM.
INFO	2024-07-03 23:52:25	MarkDuplicates	Read    17,000,000 records.  Elapsed time: 00:01:19s.  Time for last 1,000,000:    4s.  Last read position: chr6:28,131,963
INFO	2024-07-03 23:52:25	MarkDuplicates	Tracking 0 as yet unmatched pairs. 0 records in RAM.
INFO	2024-07-03 23:52:29	MarkDuplicates	Read    18,000,000 records.  Elapsed time: 00:01:23s.  Time for last 1,000,000:    4s.  Last read position: chr6:81,414,536
INFO	2024-07-03 23:52:29	MarkDuplicates	Tracking 0 as yet unmatched pairs. 0 records in RAM.
INFO	2024-07-03 23:52:33	MarkDuplicates	Read    19,000,000 records.  Elapsed time: 00:01:27s.  Time for last 1,000,000:    3s.  Last read position: chr6:126,732,558
INFO	2024-07-03 23:52:33	MarkDuplicates	Tracking 0 as yet unmatched pairs. 0 records in RAM.
INFO	2024-07-03 23:52:41	MarkDuplicates	Read    20,000,000 records.  Elapsed time: 00:01:35s.  Time for last 1,000,000:    7s.  Last read position: chr7:36,932,962
INFO	2024-07-03 23:52:41	MarkDuplicates	Tracking 0 as yet unmatched pairs. 0 records in RAM.
INFO	2024-07-03 23:52:47	MarkDuplicates	Read    21,000,000 records.  Elapsed time: 00:01:41s.  Time for last 1,000,000:    5s.  Last read position: chr7:89,422,417
INFO	2024-07-03 23:52:47	MarkDuplicates	Tracking 0 as yet unmatched pairs. 0 records in RAM.
INFO	2024-07-03 23:52:50	MarkDuplicates	Read    22,000,000 records.  Elapsed time: 00:01:45s.  Time for last 1,000,000:    3s.  Last read position: chr7:136,618,518
INFO	2024-07-03 23:52:50	MarkDuplicates	Tracking 0 as yet unmatched pairs. 0 records in RAM.
INFO	2024-07-03 23:52:55	MarkDuplicates	Read    23,000,000 records.  Elapsed time: 00:01:49s.  Time for last 1,000,000:    4s.  Last read position: chr8:35,749,940
INFO	2024-07-03 23:52:55	MarkDuplicates	Tracking 0 as yet unmatched pairs. 0 records in RAM.
INFO	2024-07-03 23:52:59	MarkDuplicates	Read    24,000,000 records.  Elapsed time: 00:01:53s.  Time for last 1,000,000:    3s.  Last read position: chr8:92,092,800
INFO	2024-07-03 23:52:59	MarkDuplicates	Tracking 0 as yet unmatched pairs. 0 records in RAM.
INFO	2024-07-03 23:53:02	MarkDuplicates	Read    25,000,000 records.  Elapsed time: 00:01:57s.  Time for last 1,000,000:    3s.  Last read position: chr8:128,357,675
INFO	2024-07-03 23:53:02	MarkDuplicates	Tracking 0 as yet unmatched pairs. 0 records in RAM.
INFO	2024-07-03 23:53:06	MarkDuplicates	Read    26,000,000 records.  Elapsed time: 00:02:00s.  Time for last 1,000,000:    3s.  Last read position: chr9:48,988,705
INFO	2024-07-03 23:53:06	MarkDuplicates	Tracking 0 as yet unmatched pairs. 0 records in RAM.
INFO	2024-07-03 23:53:10	MarkDuplicates	Read    27,000,000 records.  Elapsed time: 00:02:04s.  Time for last 1,000,000:    3s.  Last read position: chr9:96,861,555
INFO	2024-07-03 23:53:10	MarkDuplicates	Tracking 0 as yet unmatched pairs. 0 records in RAM.
INFO	2024-07-03 23:53:15	MarkDuplicates	Read    28,000,000 records.  Elapsed time: 00:02:10s.  Time for last 1,000,000:    5s.  Last read position: chr10:20,727,495
INFO	2024-07-03 23:53:15	MarkDuplicates	Tracking 0 as yet unmatched pairs. 0 records in RAM.
INFO	2024-07-03 23:53:20	MarkDuplicates	Read    29,000,000 records.  Elapsed time: 00:02:14s.  Time for last 1,000,000:    4s.  Last read position: chr10:75,571,921
INFO	2024-07-03 23:53:20	MarkDuplicates	Tracking 0 as yet unmatched pairs. 0 records in RAM.
INFO	2024-07-03 23:53:23	MarkDuplicates	Read    30,000,000 records.  Elapsed time: 00:02:17s.  Time for last 1,000,000:    3s.  Last read position: chr10:120,624,323
INFO	2024-07-03 23:53:23	MarkDuplicates	Tracking 0 as yet unmatched pairs. 0 records in RAM.
INFO	2024-07-03 23:53:27	MarkDuplicates	Read    31,000,000 records.  Elapsed time: 00:02:21s.  Time for last 1,000,000:    3s.  Last read position: chr11:46,951,676
INFO	2024-07-03 23:53:27	MarkDuplicates	Tracking 0 as yet unmatched pairs. 0 records in RAM.
INFO	2024-07-03 23:53:30	MarkDuplicates	Read    32,000,000 records.  Elapsed time: 00:02:24s.  Time for last 1,000,000:    3s.  Last read position: chr11:87,358,010
INFO	2024-07-03 23:53:30	MarkDuplicates	Tracking 0 as yet unmatched pairs. 0 records in RAM.
INFO	2024-07-03 23:53:34	MarkDuplicates	Read    33,000,000 records.  Elapsed time: 00:02:28s.  Time for last 1,000,000:    3s.  Last read position: chr11:119,434,600
INFO	2024-07-03 23:53:34	MarkDuplicates	Tracking 0 as yet unmatched pairs. 0 records in RAM.
INFO	2024-07-03 23:53:38	MarkDuplicates	Read    34,000,000 records.  Elapsed time: 00:02:32s.  Time for last 1,000,000:    4s.  Last read position: chr12:60,291,504
INFO	2024-07-03 23:53:38	MarkDuplicates	Tracking 0 as yet unmatched pairs. 0 records in RAM.
INFO	2024-07-03 23:53:44	MarkDuplicates	Read    35,000,000 records.  Elapsed time: 00:02:39s.  Time for last 1,000,000:    6s.  Last read position: chr12:108,208,449
INFO	2024-07-03 23:53:44	MarkDuplicates	Tracking 0 as yet unmatched pairs. 0 records in RAM.
INFO	2024-07-03 23:53:48	MarkDuplicates	Read    36,000,000 records.  Elapsed time: 00:02:42s.  Time for last 1,000,000:    3s.  Last read position: chr13:43,784,527
INFO	2024-07-03 23:53:48	MarkDuplicates	Tracking 0 as yet unmatched pairs. 0 records in RAM.
INFO	2024-07-03 23:53:52	MarkDuplicates	Read    37,000,000 records.  Elapsed time: 00:02:46s.  Time for last 1,000,000:    3s.  Last read position: chr13:92,450,143
INFO	2024-07-03 23:53:52	MarkDuplicates	Tracking 0 as yet unmatched pairs. 0 records in RAM.
INFO	2024-07-03 23:53:57	MarkDuplicates	Read    38,000,000 records.  Elapsed time: 00:02:52s.  Time for last 1,000,000:    5s.  Last read position: chr14:19,645,451
INFO	2024-07-03 23:53:57	MarkDuplicates	Tracking 0 as yet unmatched pairs. 0 records in RAM.
INFO	2024-07-03 23:54:01	MarkDuplicates	Read    39,000,000 records.  Elapsed time: 00:02:55s.  Time for last 1,000,000:    3s.  Last read position: chr14:68,397,755
INFO	2024-07-03 23:54:01	MarkDuplicates	Tracking 0 as yet unmatched pairs. 0 records in RAM.
INFO	2024-07-03 23:54:05	MarkDuplicates	Read    40,000,000 records.  Elapsed time: 00:02:59s.  Time for last 1,000,000:    3s.  Last read position: chr15:6,500,939
INFO	2024-07-03 23:54:05	MarkDuplicates	Tracking 0 as yet unmatched pairs. 0 records in RAM.
INFO	2024-07-03 23:54:09	MarkDuplicates	Read    41,000,000 records.  Elapsed time: 00:03:03s.  Time for last 1,000,000:    3s.  Last read position: chr15:69,884,867
INFO	2024-07-03 23:54:09	MarkDuplicates	Tracking 0 as yet unmatched pairs. 0 records in RAM.
INFO	2024-07-03 23:54:15	MarkDuplicates	Read    42,000,000 records.  Elapsed time: 00:03:09s.  Time for last 1,000,000:    6s.  Last read position: chr15:103,909,979
INFO	2024-07-03 23:54:15	MarkDuplicates	Tracking 0 as yet unmatched pairs. 0 records in RAM.
INFO	2024-07-03 23:54:18	MarkDuplicates	Read    43,000,000 records.  Elapsed time: 00:03:13s.  Time for last 1,000,000:    3s.  Last read position: chr16:58,514,819
INFO	2024-07-03 23:54:18	MarkDuplicates	Tracking 0 as yet unmatched pairs. 0 records in RAM.
INFO	2024-07-03 23:54:22	MarkDuplicates	Read    44,000,000 records.  Elapsed time: 00:03:16s.  Time for last 1,000,000:    3s.  Last read position: chr17:12,518,030
INFO	2024-07-03 23:54:22	MarkDuplicates	Tracking 0 as yet unmatched pairs. 0 records in RAM.
INFO	2024-07-03 23:54:26	MarkDuplicates	Read    45,000,000 records.  Elapsed time: 00:03:20s.  Time for last 1,000,000:    3s.  Last read position: chr17:61,561,443
INFO	2024-07-03 23:54:26	MarkDuplicates	Tracking 0 as yet unmatched pairs. 0 records in RAM.
INFO	2024-07-03 23:54:30	MarkDuplicates	Read    46,000,000 records.  Elapsed time: 00:03:24s.  Time for last 1,000,000:    4s.  Last read position: chr18:26,304,183
INFO	2024-07-03 23:54:30	MarkDuplicates	Tracking 0 as yet unmatched pairs. 0 records in RAM.
INFO	2024-07-03 23:54:34	MarkDuplicates	Read    47,000,000 records.  Elapsed time: 00:03:28s.  Time for last 1,000,000:    3s.  Last read position: chr18:76,005,032
INFO	2024-07-03 23:54:34	MarkDuplicates	Tracking 0 as yet unmatched pairs. 0 records in RAM.
INFO	2024-07-03 23:54:37	MarkDuplicates	Read    48,000,000 records.  Elapsed time: 00:03:32s.  Time for last 1,000,000:    3s.  Last read position: chr19:36,550,562
INFO	2024-07-03 23:54:37	MarkDuplicates	Tracking 0 as yet unmatched pairs. 0 records in RAM.
INFO	2024-07-03 23:54:48	MarkDuplicates	Read    49,000,000 records.  Elapsed time: 00:03:42s.  Time for last 1,000,000:   10s.  Last read position: chrX:51,677,316
INFO	2024-07-03 23:54:48	MarkDuplicates	Tracking 0 as yet unmatched pairs. 0 records in RAM.
INFO	2024-07-03 23:54:52	MarkDuplicates	Read    50,000,000 records.  Elapsed time: 00:03:46s.  Time for last 1,000,000:    4s.  Last read position: chrY:10,808,000
INFO	2024-07-03 23:54:52	MarkDuplicates	Tracking 0 as yet unmatched pairs. 0 records in RAM.
INFO	2024-07-03 23:54:54	MarkDuplicates	Read 50615525 records. 0 pairs never matched.
INFO	2024-07-03 23:54:55	MarkDuplicates	After buildSortedReadEndLists freeMemory: 1978334800; totalMemory: 2023227392; maxMemory: 2023227392
INFO	2024-07-03 23:54:55	MarkDuplicates	Will retain up to 63225856 duplicate indices before spilling to disk.
INFO	2024-07-03 23:54:55	MarkDuplicates	Traversing read pair information and detecting duplicates.
INFO	2024-07-03 23:54:55	MarkDuplicates	Traversing fragment information and detecting duplicates.
INFO	2024-07-03 23:55:10	MarkDuplicates	Sorting list of duplicate records.
INFO	2024-07-03 23:55:10	MarkDuplicates	After generateDuplicateIndexes freeMemory: 1496174824; totalMemory: 2019033088; maxMemory: 2019033088
INFO	2024-07-03 23:55:10	MarkDuplicates	Marking 474345 records as duplicates.
INFO	2024-07-03 23:55:10	MarkDuplicates	Found 0 optical duplicate clusters.
INFO	2024-07-03 23:55:10	MarkDuplicates	Reads are assumed to be ordered by: coordinate
INFO	2024-07-03 23:56:24	MarkDuplicates	Written    10,000,000 records.  Elapsed time: 00:01:14s.  Time for last 10,000,000:   74s.  Last read position: chr3:146,041,343
INFO	2024-07-03 23:57:35	MarkDuplicates	Written    20,000,000 records.  Elapsed time: 00:02:25s.  Time for last 10,000,000:   71s.  Last read position: chr7:36,932,962
INFO	2024-07-03 23:58:47	MarkDuplicates	Written    30,000,000 records.  Elapsed time: 00:03:37s.  Time for last 10,000,000:   72s.  Last read position: chr10:120,624,323
INFO	2024-07-03 23:59:59	MarkDuplicates	Written    40,000,000 records.  Elapsed time: 00:04:49s.  Time for last 10,000,000:   71s.  Last read position: chr15:6,500,939
INFO	2024-07-04 00:01:09	MarkDuplicates	Written    50,000,000 records.  Elapsed time: 00:05:58s.  Time for last 10,000,000:   69s.  Last read position: chrY:10,808,000
INFO	2024-07-04 00:01:16	MarkDuplicates	Writing complete. Closing input iterator.
INFO	2024-07-04 00:01:16	MarkDuplicates	Duplicate Index cleanup.
INFO	2024-07-04 00:01:16	MarkDuplicates	Getting Memory Stats.
INFO	2024-07-04 00:01:16	MarkDuplicates	Before output close freeMemory: 2033995136; totalMemory: 2052587520; maxMemory: 2052587520
INFO	2024-07-04 00:01:21	MarkDuplicates	Closed outputs. Getting more Memory Stats.
INFO	2024-07-04 00:01:21	MarkDuplicates	After output close freeMemory: 2033995136; totalMemory: 2052587520; maxMemory: 2052587520
[Thu Jul 04 00:01:21 CEST 2024] picard.sam.markduplicates.MarkDuplicates done. Elapsed time: 10.28 minutes.
Runtime.totalMemory()=2052587520
[sam grooming] finished successfully at [Thu Jul 4 12:01:38 AM CEST 2024]
[trueStats] Collecting alignment statistics for E14_36h_H3K27me3_ChIP_Yang2019_GSM3314714.bam at [Thu Jul 4 12:02:49 AM CEST 2024]
[bamToWigCPMsmoothKeepDup] Started with bin size: 1 and smoothing over 0 bp and KEEPING DUPLICATES at [Thu Jul 4 12:07:43 AM CEST 2024]
There are 48885531 alignments, of which 418136 are completely within a blacklist region.
Due to filtering, 91.09766728534123% of the aforementioned alignments will be used 44152666.23897211
[bamToWigCPMsmoothKeepDup] finished successfully at [Thu Jul 4 12:28:35 AM CEST 2024]
[file cleanup] started. Good job! at [Thu Jul 4 12:28:35 AM CEST 2024]
cp: cannot stat '*.pdf': No such file or directory
mv: cannot stat '*.bed': No such file or directory
mv: preserving times for '/data/bigWigs/E14_36h_H3K27me3_ChIP_Yang2019_GSM3314714_trimV5_mm10_kpDup_q10_b1_s0_CPM.bw': Operation not permitted
mv: preserving permissions for /data/bigWigs/E14_36h_H3K27me3_ChIP_Yang2019_GSM3314714_trimV5_mm10_kpDup_q10_b1_s0_CPM.bw: Operation not permitted
mv: preserving times for '/data/bams/E14_36h_H3K27me3_ChIP_Yang2019_GSM3314714_trimV5_mm10.bam': Operation not permitted
mv: preserving permissions for /data/bams/E14_36h_H3K27me3_ChIP_Yang2019_GSM3314714_trimV5_mm10.bam: Operation not permitted
mv: preserving times for '/data/bams/E14_36h_H3K27me3_ChIP_Yang2019_GSM3314714_trimV5_mm10.bam.bai': Operation not permitted
mv: preserving permissions for /data/bams/E14_36h_H3K27me3_ChIP_Yang2019_GSM3314714_trimV5_mm10.bam.bai: Operation not permitted
mv: cannot stat '*.gtf': No such file or directory
