SCRATCH: /scratch
[setupVariables] Data are paired-end. at [Fri Aug 30 06:42:57 PM CEST 2024]
[checkDependencies] Checking Dependencies [Fri Aug 30 06:42:57 PM CEST 2024] at [Fri Aug 30 06:42:57 PM CEST 2024]
[setup checkDependencies] trimmomatic... at [Fri Aug 30 06:42:57 PM CEST 2024]
[setup checkDependencies] STAR... at [Fri Aug 30 06:42:57 PM CEST 2024]
[setup checkDependencies] bismark... at [Fri Aug 30 06:42:57 PM CEST 2024]
[setup checkDependencies] bowtie2... at [Fri Aug 30 06:42:57 PM CEST 2024]
[setup checkDependencies] samtools... at [Fri Aug 30 06:42:57 PM CEST 2024]
[setup checkDependencies] picard... at [Fri Aug 30 06:42:57 PM CEST 2024]
[setup checkDependencies] awk... at [Fri Aug 30 06:42:57 PM CEST 2024]
[setup checkDependencies] bamCoverage... at [Fri Aug 30 06:42:57 PM CEST 2024]
[setup checkDependencies] fastqc... at [Fri Aug 30 06:42:57 PM CEST 2024]
[setup checkDependencies] fastq_screen... at [Fri Aug 30 06:42:57 PM CEST 2024]
[setup checkDependencies] stringtie... at [Fri Aug 30 06:42:57 PM CEST 2024]
[setup checkDependencies] clumpify.sh... at [Fri Aug 30 06:42:57 PM CEST 2024]
PAIRED: true
[setUpLogFile] Script started at [Fri Aug 30 06:42:57 PM CEST 2024] at [Fri Aug 30 06:42:57 PM CEST 2024]
[fastQC] started on raw FASTQs at [Fri Aug 30 06:42:57 PM CEST 2024]
Started analysis of C57BL6x129_FG_oocyte_RNA_SasakiLab2022_rep2_GSM5575169_R1_raw.fastq.gz
Started analysis of C57BL6x129_FG_oocyte_RNA_SasakiLab2022_rep2_GSM5575169_R2_raw.fastq.gz
Approx 5% complete for C57BL6x129_FG_oocyte_RNA_SasakiLab2022_rep2_GSM5575169_R1_raw.fastq.gz
Approx 5% complete for C57BL6x129_FG_oocyte_RNA_SasakiLab2022_rep2_GSM5575169_R2_raw.fastq.gz
Approx 10% complete for C57BL6x129_FG_oocyte_RNA_SasakiLab2022_rep2_GSM5575169_R1_raw.fastq.gz
Approx 10% complete for C57BL6x129_FG_oocyte_RNA_SasakiLab2022_rep2_GSM5575169_R2_raw.fastq.gz
Approx 15% complete for C57BL6x129_FG_oocyte_RNA_SasakiLab2022_rep2_GSM5575169_R1_raw.fastq.gz
Approx 15% complete for C57BL6x129_FG_oocyte_RNA_SasakiLab2022_rep2_GSM5575169_R2_raw.fastq.gz
Approx 20% complete for C57BL6x129_FG_oocyte_RNA_SasakiLab2022_rep2_GSM5575169_R1_raw.fastq.gz
Approx 20% complete for C57BL6x129_FG_oocyte_RNA_SasakiLab2022_rep2_GSM5575169_R2_raw.fastq.gz
Approx 25% complete for C57BL6x129_FG_oocyte_RNA_SasakiLab2022_rep2_GSM5575169_R1_raw.fastq.gz
Approx 25% complete for C57BL6x129_FG_oocyte_RNA_SasakiLab2022_rep2_GSM5575169_R2_raw.fastq.gz
Approx 30% complete for C57BL6x129_FG_oocyte_RNA_SasakiLab2022_rep2_GSM5575169_R1_raw.fastq.gz
Approx 30% complete for C57BL6x129_FG_oocyte_RNA_SasakiLab2022_rep2_GSM5575169_R2_raw.fastq.gz
Approx 35% complete for C57BL6x129_FG_oocyte_RNA_SasakiLab2022_rep2_GSM5575169_R1_raw.fastq.gz
Approx 35% complete for C57BL6x129_FG_oocyte_RNA_SasakiLab2022_rep2_GSM5575169_R2_raw.fastq.gz
Approx 40% complete for C57BL6x129_FG_oocyte_RNA_SasakiLab2022_rep2_GSM5575169_R1_raw.fastq.gz
Approx 40% complete for C57BL6x129_FG_oocyte_RNA_SasakiLab2022_rep2_GSM5575169_R2_raw.fastq.gz
Approx 45% complete for C57BL6x129_FG_oocyte_RNA_SasakiLab2022_rep2_GSM5575169_R1_raw.fastq.gz
Approx 45% complete for C57BL6x129_FG_oocyte_RNA_SasakiLab2022_rep2_GSM5575169_R2_raw.fastq.gz
Approx 50% complete for C57BL6x129_FG_oocyte_RNA_SasakiLab2022_rep2_GSM5575169_R1_raw.fastq.gz
Approx 50% complete for C57BL6x129_FG_oocyte_RNA_SasakiLab2022_rep2_GSM5575169_R2_raw.fastq.gz
Approx 55% complete for C57BL6x129_FG_oocyte_RNA_SasakiLab2022_rep2_GSM5575169_R1_raw.fastq.gz
Approx 55% complete for C57BL6x129_FG_oocyte_RNA_SasakiLab2022_rep2_GSM5575169_R2_raw.fastq.gz
Approx 60% complete for C57BL6x129_FG_oocyte_RNA_SasakiLab2022_rep2_GSM5575169_R1_raw.fastq.gz
Approx 60% complete for C57BL6x129_FG_oocyte_RNA_SasakiLab2022_rep2_GSM5575169_R2_raw.fastq.gz
Approx 65% complete for C57BL6x129_FG_oocyte_RNA_SasakiLab2022_rep2_GSM5575169_R1_raw.fastq.gz
Approx 65% complete for C57BL6x129_FG_oocyte_RNA_SasakiLab2022_rep2_GSM5575169_R2_raw.fastq.gz
Approx 70% complete for C57BL6x129_FG_oocyte_RNA_SasakiLab2022_rep2_GSM5575169_R1_raw.fastq.gz
Approx 70% complete for C57BL6x129_FG_oocyte_RNA_SasakiLab2022_rep2_GSM5575169_R2_raw.fastq.gz
Approx 75% complete for C57BL6x129_FG_oocyte_RNA_SasakiLab2022_rep2_GSM5575169_R1_raw.fastq.gz
Approx 75% complete for C57BL6x129_FG_oocyte_RNA_SasakiLab2022_rep2_GSM5575169_R2_raw.fastq.gz
Approx 80% complete for C57BL6x129_FG_oocyte_RNA_SasakiLab2022_rep2_GSM5575169_R1_raw.fastq.gz
Approx 80% complete for C57BL6x129_FG_oocyte_RNA_SasakiLab2022_rep2_GSM5575169_R2_raw.fastq.gz
Approx 85% complete for C57BL6x129_FG_oocyte_RNA_SasakiLab2022_rep2_GSM5575169_R1_raw.fastq.gz
Approx 85% complete for C57BL6x129_FG_oocyte_RNA_SasakiLab2022_rep2_GSM5575169_R2_raw.fastq.gz
Approx 90% complete for C57BL6x129_FG_oocyte_RNA_SasakiLab2022_rep2_GSM5575169_R1_raw.fastq.gz
Approx 90% complete for C57BL6x129_FG_oocyte_RNA_SasakiLab2022_rep2_GSM5575169_R2_raw.fastq.gz
Approx 95% complete for C57BL6x129_FG_oocyte_RNA_SasakiLab2022_rep2_GSM5575169_R1_raw.fastq.gz
Approx 95% complete for C57BL6x129_FG_oocyte_RNA_SasakiLab2022_rep2_GSM5575169_R2_raw.fastq.gz
Analysis complete for C57BL6x129_FG_oocyte_RNA_SasakiLab2022_rep2_GSM5575169_R1_raw.fastq.gz
Analysis complete for C57BL6x129_FG_oocyte_RNA_SasakiLab2022_rep2_GSM5575169_R2_raw.fastq.gz
[fastQC] on raw FASTQs finished succesfully. Will remove PCR duplicates now at [Fri Aug 30 06:46:40 PM CEST 2024]
Reads are length: 54 at [Fri Aug 30 06:46:40 PM CEST 2024]
Reads with same sequence 1 or fewer substitutions will be marked as PCR duplicates at [Fri Aug 30 06:46:40 PM CEST 2024]
Removal of PCR duplicates complete! at [Fri Aug 30 07:28:11 PM CEST 2024]
[trimReads] Started using version trimV5 parameters at [Fri Aug 30 07:28:11 PM CEST 2024]
ILLUMINACLIP:/data/reference_genomes/adapters/adapters.fa:2:30:10 SLIDINGWINDOW:4:20 MINLEN:24
[trimReads] Trimming C57BL6x129_FG_oocyte_RNA_SasakiLab2022_rep2_GSM5575169_R1.fastq.gz and C57BL6x129_FG_oocyte_RNA_SasakiLab2022_rep2_GSM5575169_R2.fastq.gz... at [Fri Aug 30 07:28:11 PM CEST 2024]
[trimReads] Finished successfully at [Fri Aug 30 07:29:43 PM CEST 2024]
[fastQC] started on C57BL6x129_FG_oocyte_RNA_SasakiLab2022_rep2_GSM5575169_R1.fastq.gz C57BL6x129_FG_oocyte_RNA_SasakiLab2022_rep2_GSM5575169_R2.fastq.gz C57BL6x129_FG_oocyte_RNA_SasakiLab2022_rep2_GSM5575169_trimV5_R1.fastq.gz C57BL6x129_FG_oocyte_RNA_SasakiLab2022_rep2_GSM5575169_trimV5_R2.fastq.gz at [Fri Aug 30 07:29:43 PM CEST 2024]
Started analysis of C57BL6x129_FG_oocyte_RNA_SasakiLab2022_rep2_GSM5575169_R1.fastq.gz
Started analysis of C57BL6x129_FG_oocyte_RNA_SasakiLab2022_rep2_GSM5575169_R2.fastq.gz
Started analysis of C57BL6x129_FG_oocyte_RNA_SasakiLab2022_rep2_GSM5575169_trimV5_R1.fastq.gz
Started analysis of C57BL6x129_FG_oocyte_RNA_SasakiLab2022_rep2_GSM5575169_trimV5_R2.fastq.gz
Approx 5% complete for C57BL6x129_FG_oocyte_RNA_SasakiLab2022_rep2_GSM5575169_R1.fastq.gz
Approx 5% complete for C57BL6x129_FG_oocyte_RNA_SasakiLab2022_rep2_GSM5575169_trimV5_R1.fastq.gz
Approx 5% complete for C57BL6x129_FG_oocyte_RNA_SasakiLab2022_rep2_GSM5575169_R2.fastq.gz
Approx 5% complete for C57BL6x129_FG_oocyte_RNA_SasakiLab2022_rep2_GSM5575169_trimV5_R2.fastq.gz
Approx 10% complete for C57BL6x129_FG_oocyte_RNA_SasakiLab2022_rep2_GSM5575169_R1.fastq.gz
Approx 10% complete for C57BL6x129_FG_oocyte_RNA_SasakiLab2022_rep2_GSM5575169_trimV5_R1.fastq.gz
Approx 10% complete for C57BL6x129_FG_oocyte_RNA_SasakiLab2022_rep2_GSM5575169_trimV5_R2.fastq.gz
Approx 10% complete for C57BL6x129_FG_oocyte_RNA_SasakiLab2022_rep2_GSM5575169_R2.fastq.gz
Approx 15% complete for C57BL6x129_FG_oocyte_RNA_SasakiLab2022_rep2_GSM5575169_trimV5_R1.fastq.gz
Approx 15% complete for C57BL6x129_FG_oocyte_RNA_SasakiLab2022_rep2_GSM5575169_R1.fastq.gz
Approx 15% complete for C57BL6x129_FG_oocyte_RNA_SasakiLab2022_rep2_GSM5575169_trimV5_R2.fastq.gz
Approx 15% complete for C57BL6x129_FG_oocyte_RNA_SasakiLab2022_rep2_GSM5575169_R2.fastq.gz
Approx 20% complete for C57BL6x129_FG_oocyte_RNA_SasakiLab2022_rep2_GSM5575169_trimV5_R1.fastq.gz
Approx 20% complete for C57BL6x129_FG_oocyte_RNA_SasakiLab2022_rep2_GSM5575169_R1.fastq.gz
Approx 20% complete for C57BL6x129_FG_oocyte_RNA_SasakiLab2022_rep2_GSM5575169_trimV5_R2.fastq.gz
Approx 25% complete for C57BL6x129_FG_oocyte_RNA_SasakiLab2022_rep2_GSM5575169_trimV5_R1.fastq.gz
Approx 20% complete for C57BL6x129_FG_oocyte_RNA_SasakiLab2022_rep2_GSM5575169_R2.fastq.gz
Approx 25% complete for C57BL6x129_FG_oocyte_RNA_SasakiLab2022_rep2_GSM5575169_R1.fastq.gz
Approx 30% complete for C57BL6x129_FG_oocyte_RNA_SasakiLab2022_rep2_GSM5575169_trimV5_R1.fastq.gz
Approx 25% complete for C57BL6x129_FG_oocyte_RNA_SasakiLab2022_rep2_GSM5575169_trimV5_R2.fastq.gz
Approx 30% complete for C57BL6x129_FG_oocyte_RNA_SasakiLab2022_rep2_GSM5575169_R1.fastq.gz
Approx 25% complete for C57BL6x129_FG_oocyte_RNA_SasakiLab2022_rep2_GSM5575169_R2.fastq.gz
Approx 35% complete for C57BL6x129_FG_oocyte_RNA_SasakiLab2022_rep2_GSM5575169_trimV5_R1.fastq.gz
Approx 30% complete for C57BL6x129_FG_oocyte_RNA_SasakiLab2022_rep2_GSM5575169_trimV5_R2.fastq.gz
Approx 35% complete for C57BL6x129_FG_oocyte_RNA_SasakiLab2022_rep2_GSM5575169_R1.fastq.gz
Approx 40% complete for C57BL6x129_FG_oocyte_RNA_SasakiLab2022_rep2_GSM5575169_trimV5_R1.fastq.gz
Approx 30% complete for C57BL6x129_FG_oocyte_RNA_SasakiLab2022_rep2_GSM5575169_R2.fastq.gz
Approx 35% complete for C57BL6x129_FG_oocyte_RNA_SasakiLab2022_rep2_GSM5575169_trimV5_R2.fastq.gz
Approx 40% complete for C57BL6x129_FG_oocyte_RNA_SasakiLab2022_rep2_GSM5575169_R1.fastq.gz
Approx 45% complete for C57BL6x129_FG_oocyte_RNA_SasakiLab2022_rep2_GSM5575169_trimV5_R1.fastq.gz
Approx 40% complete for C57BL6x129_FG_oocyte_RNA_SasakiLab2022_rep2_GSM5575169_trimV5_R2.fastq.gz
Approx 35% complete for C57BL6x129_FG_oocyte_RNA_SasakiLab2022_rep2_GSM5575169_R2.fastq.gz
Approx 45% complete for C57BL6x129_FG_oocyte_RNA_SasakiLab2022_rep2_GSM5575169_R1.fastq.gz
Approx 50% complete for C57BL6x129_FG_oocyte_RNA_SasakiLab2022_rep2_GSM5575169_trimV5_R1.fastq.gz
Approx 45% complete for C57BL6x129_FG_oocyte_RNA_SasakiLab2022_rep2_GSM5575169_trimV5_R2.fastq.gz
Approx 40% complete for C57BL6x129_FG_oocyte_RNA_SasakiLab2022_rep2_GSM5575169_R2.fastq.gz
Approx 55% complete for C57BL6x129_FG_oocyte_RNA_SasakiLab2022_rep2_GSM5575169_trimV5_R1.fastq.gz
Approx 50% complete for C57BL6x129_FG_oocyte_RNA_SasakiLab2022_rep2_GSM5575169_R1.fastq.gz
Approx 50% complete for C57BL6x129_FG_oocyte_RNA_SasakiLab2022_rep2_GSM5575169_trimV5_R2.fastq.gz
Approx 60% complete for C57BL6x129_FG_oocyte_RNA_SasakiLab2022_rep2_GSM5575169_trimV5_R1.fastq.gz
Approx 55% complete for C57BL6x129_FG_oocyte_RNA_SasakiLab2022_rep2_GSM5575169_R1.fastq.gz
Approx 45% complete for C57BL6x129_FG_oocyte_RNA_SasakiLab2022_rep2_GSM5575169_R2.fastq.gz
Approx 55% complete for C57BL6x129_FG_oocyte_RNA_SasakiLab2022_rep2_GSM5575169_trimV5_R2.fastq.gz
Approx 65% complete for C57BL6x129_FG_oocyte_RNA_SasakiLab2022_rep2_GSM5575169_trimV5_R1.fastq.gz
Approx 60% complete for C57BL6x129_FG_oocyte_RNA_SasakiLab2022_rep2_GSM5575169_R1.fastq.gz
Approx 50% complete for C57BL6x129_FG_oocyte_RNA_SasakiLab2022_rep2_GSM5575169_R2.fastq.gz
Approx 70% complete for C57BL6x129_FG_oocyte_RNA_SasakiLab2022_rep2_GSM5575169_trimV5_R1.fastq.gz
Approx 60% complete for C57BL6x129_FG_oocyte_RNA_SasakiLab2022_rep2_GSM5575169_trimV5_R2.fastq.gz
Approx 65% complete for C57BL6x129_FG_oocyte_RNA_SasakiLab2022_rep2_GSM5575169_R1.fastq.gz
Approx 75% complete for C57BL6x129_FG_oocyte_RNA_SasakiLab2022_rep2_GSM5575169_trimV5_R1.fastq.gz
Approx 55% complete for C57BL6x129_FG_oocyte_RNA_SasakiLab2022_rep2_GSM5575169_R2.fastq.gz
Approx 65% complete for C57BL6x129_FG_oocyte_RNA_SasakiLab2022_rep2_GSM5575169_trimV5_R2.fastq.gz
Approx 70% complete for C57BL6x129_FG_oocyte_RNA_SasakiLab2022_rep2_GSM5575169_R1.fastq.gz
Approx 80% complete for C57BL6x129_FG_oocyte_RNA_SasakiLab2022_rep2_GSM5575169_trimV5_R1.fastq.gz
Approx 70% complete for C57BL6x129_FG_oocyte_RNA_SasakiLab2022_rep2_GSM5575169_trimV5_R2.fastq.gz
Approx 60% complete for C57BL6x129_FG_oocyte_RNA_SasakiLab2022_rep2_GSM5575169_R2.fastq.gz
Approx 75% complete for C57BL6x129_FG_oocyte_RNA_SasakiLab2022_rep2_GSM5575169_R1.fastq.gz
Approx 85% complete for C57BL6x129_FG_oocyte_RNA_SasakiLab2022_rep2_GSM5575169_trimV5_R1.fastq.gz
Approx 75% complete for C57BL6x129_FG_oocyte_RNA_SasakiLab2022_rep2_GSM5575169_trimV5_R2.fastq.gz
Approx 80% complete for C57BL6x129_FG_oocyte_RNA_SasakiLab2022_rep2_GSM5575169_R1.fastq.gz
Approx 65% complete for C57BL6x129_FG_oocyte_RNA_SasakiLab2022_rep2_GSM5575169_R2.fastq.gz
Approx 90% complete for C57BL6x129_FG_oocyte_RNA_SasakiLab2022_rep2_GSM5575169_trimV5_R1.fastq.gz
Approx 80% complete for C57BL6x129_FG_oocyte_RNA_SasakiLab2022_rep2_GSM5575169_trimV5_R2.fastq.gz
Approx 85% complete for C57BL6x129_FG_oocyte_RNA_SasakiLab2022_rep2_GSM5575169_R1.fastq.gz
Approx 95% complete for C57BL6x129_FG_oocyte_RNA_SasakiLab2022_rep2_GSM5575169_trimV5_R1.fastq.gz
Approx 70% complete for C57BL6x129_FG_oocyte_RNA_SasakiLab2022_rep2_GSM5575169_R2.fastq.gz
Approx 85% complete for C57BL6x129_FG_oocyte_RNA_SasakiLab2022_rep2_GSM5575169_trimV5_R2.fastq.gz
Approx 90% complete for C57BL6x129_FG_oocyte_RNA_SasakiLab2022_rep2_GSM5575169_R1.fastq.gz
Analysis complete for C57BL6x129_FG_oocyte_RNA_SasakiLab2022_rep2_GSM5575169_trimV5_R1.fastq.gz
Approx 90% complete for C57BL6x129_FG_oocyte_RNA_SasakiLab2022_rep2_GSM5575169_trimV5_R2.fastq.gz
Approx 75% complete for C57BL6x129_FG_oocyte_RNA_SasakiLab2022_rep2_GSM5575169_R2.fastq.gz
Approx 95% complete for C57BL6x129_FG_oocyte_RNA_SasakiLab2022_rep2_GSM5575169_R1.fastq.gz
Approx 95% complete for C57BL6x129_FG_oocyte_RNA_SasakiLab2022_rep2_GSM5575169_trimV5_R2.fastq.gz
Approx 80% complete for C57BL6x129_FG_oocyte_RNA_SasakiLab2022_rep2_GSM5575169_R2.fastq.gz
Analysis complete for C57BL6x129_FG_oocyte_RNA_SasakiLab2022_rep2_GSM5575169_R1.fastq.gz
Analysis complete for C57BL6x129_FG_oocyte_RNA_SasakiLab2022_rep2_GSM5575169_trimV5_R2.fastq.gz
Approx 85% complete for C57BL6x129_FG_oocyte_RNA_SasakiLab2022_rep2_GSM5575169_R2.fastq.gz
Approx 90% complete for C57BL6x129_FG_oocyte_RNA_SasakiLab2022_rep2_GSM5575169_R2.fastq.gz
Approx 95% complete for C57BL6x129_FG_oocyte_RNA_SasakiLab2022_rep2_GSM5575169_R2.fastq.gz
Analysis complete for C57BL6x129_FG_oocyte_RNA_SasakiLab2022_rep2_GSM5575169_R2.fastq.gz
[fastQC] finished succesfully at [Fri Aug 30 07:30:42 PM CEST 2024]
[fastqScreen] started on C57BL6x129_FG_oocyte_RNA_SasakiLab2022_rep2_GSM5575169_trimV5_R1.fastq.gz at [Fri Aug 30 07:30:42 PM CEST 2024]
Using fastq_screen v0.15.1
Couldn't find fastq_screen.conf at '/home/robin/bin/miniconda3/share/fastq-screen-0.15.2-0/fastq_screen.conf'
[fastqScreen] finished successfully at [Fri Aug 30 07:30:42 PM CEST 2024]
[STAR alignment] started with reference /data/reference_genomes/mm10 at [Fri Aug 30 07:30:42 PM CEST 2024]
	STAR --runMode alignReads --genomeDir /data/reference_genomes/mm10 --runThreadN 12 --limitBAMsortRAM 4G --readFilesCommand zcat --readFilesIn C57BL6x129_FG_oocyte_RNA_SasakiLab2022_rep2_GSM5575169_trimV5_R1.fastq.gz C57BL6x129_FG_oocyte_RNA_SasakiLab2022_rep2_GSM5575169_trimV5_R2.fastq.gz --outFilterType BySJout --outSAMtype SAM
	STAR version: 2.7.9a   compiled: 2021-05-04T09:43:56-0400 vega:/home/dobin/data/STAR/STARcode/STAR.master/source
Aug 30 19:30:42 ..... started STAR run
Aug 30 19:30:42 ..... loading genome
Aug 30 19:31:44 ..... started mapping
Aug 30 19:33:35 ..... finished mapping
Aug 30 19:33:35 ..... finished successfully
[STAR alignment] finished successfully at [Fri Aug 30 07:33:36 PM CEST 2024]
[sam grooming] started at [Fri Aug 30 07:34:12 PM CEST 2024]
19:34:13.747 INFO  NativeLibraryLoader - Loading libgkl_compression.so from jar:file:/home/robin/bin/miniconda3/share/picard-2.26.2-0/picard.jar!/com/intel/gkl/native/libgkl_compression.so
[Fri Aug 30 19:34:13 CEST 2024] CleanSam --INPUT C57BL6x129_FG_oocyte_RNA_SasakiLab2022_rep2_GSM5575169_raw.sam --OUTPUT C57BL6x129_FG_oocyte_RNA_SasakiLab2022_rep2_GSM5575169_cleaned.sam --TMP_DIR . --VERBOSITY INFO --QUIET false --VALIDATION_STRINGENCY STRICT --COMPRESSION_LEVEL 5 --MAX_RECORDS_IN_RAM 500000 --CREATE_INDEX false --CREATE_MD5_FILE false --GA4GH_CLIENT_SECRETS client_secrets.json --help false --version false --showHidden false --USE_JDK_DEFLATER false --USE_JDK_INFLATER false
[Fri Aug 30 19:34:13 CEST 2024] Executing as robin@epipax.ijm.univ-paris-diderot.priv on Linux 6.1.0-23-amd64 amd64; OpenJDK 64-Bit Server VM 1.8.0_332-b09; Deflater: Intel; Inflater: Intel; Provider GCS is not available; Picard version: Version:2.26.2
INFO	2024-08-30 19:34:13	CleanSam	Seen many non-increasing record positions. Printing Read-names as well.
INFO	2024-08-30 19:34:19	CleanSam	Processed     1,000,000 records.  Elapsed time: 00:00:05s.  Time for last 1,000,000:    5s.  Last read position: chr11:86,345,885.  Last read name: SRR15859257.29212654
INFO	2024-08-30 19:34:23	CleanSam	Processed     2,000,000 records.  Elapsed time: 00:00:09s.  Time for last 1,000,000:    4s.  Last read position: chr5:125,386,097.  Last read name: SRR15859257.21662821
INFO	2024-08-30 19:34:31	CleanSam	Processed     3,000,000 records.  Elapsed time: 00:00:17s.  Time for last 1,000,000:    7s.  Last read position: chr12:101,848,361.  Last read name: SRR15859257.29549037
INFO	2024-08-30 19:34:35	CleanSam	Processed     4,000,000 records.  Elapsed time: 00:00:21s.  Time for last 1,000,000:    4s.  Last read position: chrX:160,122,531.  Last read name: SRR15859257.51368930
INFO	2024-08-30 19:34:39	CleanSam	Processed     5,000,000 records.  Elapsed time: 00:00:25s.  Time for last 1,000,000:    4s.  Last read position: chr3:70,745,868.  Last read name: SRR15859257.12182632
INFO	2024-08-30 19:34:44	CleanSam	Processed     6,000,000 records.  Elapsed time: 00:00:30s.  Time for last 1,000,000:    4s.  Last read position: chr19:55,919,570.  Last read name: SRR15859257.37329169
INFO	2024-08-30 19:34:48	CleanSam	Processed     7,000,000 records.  Elapsed time: 00:00:34s.  Time for last 1,000,000:    4s.  Last read position: chr13:8,861,216.  Last read name: SRR15859257.2790287
INFO	2024-08-30 19:34:52	CleanSam	Processed     8,000,000 records.  Elapsed time: 00:00:38s.  Time for last 1,000,000:    4s.  Last read position: chrX:71,896,770.  Last read name: SRR15859257.27674460
INFO	2024-08-30 19:34:58	CleanSam	Processed     9,000,000 records.  Elapsed time: 00:00:44s.  Time for last 1,000,000:    5s.  Last read position: chrX:151,599,352.  Last read name: SRR15859257.22421828
INFO	2024-08-30 19:35:03	CleanSam	Processed    10,000,000 records.  Elapsed time: 00:00:49s.  Time for last 1,000,000:    4s.  Last read position: chr7:64,381,027.  Last read name: SRR15859257.15292736
INFO	2024-08-30 19:35:07	CleanSam	Processed    11,000,000 records.  Elapsed time: 00:00:53s.  Time for last 1,000,000:    4s.  Last read position: chr2:71,250,854.  Last read name: SRR15859257.7273191
INFO	2024-08-30 19:35:11	CleanSam	Processed    12,000,000 records.  Elapsed time: 00:00:57s.  Time for last 1,000,000:    4s.  Last read position: chrM:2,310.  Last read name: SRR15859257.36641195
INFO	2024-08-30 19:35:16	CleanSam	Processed    13,000,000 records.  Elapsed time: 00:01:02s.  Time for last 1,000,000:    4s.  Last read position: chr10:71,381,648.  Last read name: SRR15859257.45036161
INFO	2024-08-30 19:35:21	CleanSam	Processed    14,000,000 records.  Elapsed time: 00:01:07s.  Time for last 1,000,000:    4s.  Last read position: chr6:135,016,596.  Last read name: SRR15859257.17267721
INFO	2024-08-30 19:35:25	CleanSam	Processed    15,000,000 records.  Elapsed time: 00:01:11s.  Time for last 1,000,000:    4s.  Last read position: chr5:113,587,639.  Last read name: SRR15859257.34590052
INFO	2024-08-30 19:35:29	CleanSam	Processed    16,000,000 records.  Elapsed time: 00:01:16s.  Time for last 1,000,000:    4s.  Last read position: chr3:122,540,862.  Last read name: SRR15859257.31917745
INFO	2024-08-30 19:35:34	CleanSam	Processed    17,000,000 records.  Elapsed time: 00:01:20s.  Time for last 1,000,000:    4s.  Last read position: chr12:101,886,206.  Last read name: SRR15859257.4719967
INFO	2024-08-30 19:35:38	CleanSam	Processed    18,000,000 records.  Elapsed time: 00:01:24s.  Time for last 1,000,000:    4s.  Last read position: chr18:67,404,815.  Last read name: SRR15859257.10437881
INFO	2024-08-30 19:35:44	CleanSam	Processed    19,000,000 records.  Elapsed time: 00:01:30s.  Time for last 1,000,000:    5s.  Last read position: chr17:25,989,760.  Last read name: SRR15859257.31267746
INFO	2024-08-30 19:35:49	CleanSam	Processed    20,000,000 records.  Elapsed time: 00:01:36s.  Time for last 1,000,000:    5s.  Last read position: chr11:43,230,908.  Last read name: SRR15859257.12578617
INFO	2024-08-30 19:35:55	CleanSam	Processed    21,000,000 records.  Elapsed time: 00:01:41s.  Time for last 1,000,000:    5s.  Last read position: chr5:144,997,183.  Last read name: SRR15859257.52371261
INFO	2024-08-30 19:36:01	CleanSam	Processed    22,000,000 records.  Elapsed time: 00:01:47s.  Time for last 1,000,000:    5s.  Last read position: chr18:62,411,362.  Last read name: SRR15859257.28583904
INFO	2024-08-30 19:36:06	CleanSam	Processed    23,000,000 records.  Elapsed time: 00:01:52s.  Time for last 1,000,000:    4s.  Last read position: chr8:88,134,853.  Last read name: SRR15859257.15195524
INFO	2024-08-30 19:36:10	CleanSam	Processed    24,000,000 records.  Elapsed time: 00:01:56s.  Time for last 1,000,000:    4s.  Last read position: chr2:163,406,340.  Last read name: SRR15859257.3998301
[Fri Aug 30 19:36:19 CEST 2024] picard.sam.CleanSam done. Elapsed time: 2.10 minutes.
Runtime.totalMemory()=902823936
19:36:21.303 INFO  NativeLibraryLoader - Loading libgkl_compression.so from jar:file:/home/robin/bin/miniconda3/share/picard-2.26.2-0/picard.jar!/com/intel/gkl/native/libgkl_compression.so
[Fri Aug 30 19:36:21 CEST 2024] SamFormatConverter --INPUT C57BL6x129_FG_oocyte_RNA_SasakiLab2022_rep2_GSM5575169_cleaned.sam --OUTPUT C57BL6x129_FG_oocyte_RNA_SasakiLab2022_rep2_GSM5575169_unsorted.bam --TMP_DIR . --VERBOSITY INFO --QUIET false --VALIDATION_STRINGENCY STRICT --COMPRESSION_LEVEL 5 --MAX_RECORDS_IN_RAM 500000 --CREATE_INDEX false --CREATE_MD5_FILE false --GA4GH_CLIENT_SECRETS client_secrets.json --help false --version false --showHidden false --USE_JDK_DEFLATER false --USE_JDK_INFLATER false
[Fri Aug 30 19:36:21 CEST 2024] Executing as robin@epipax.ijm.univ-paris-diderot.priv on Linux 6.1.0-23-amd64 amd64; OpenJDK 64-Bit Server VM 1.8.0_332-b09; Deflater: Intel; Inflater: Intel; Provider GCS is not available; Picard version: Version:2.26.2
INFO	2024-08-30 19:36:22	SamFormatConverter	Seen many non-increasing record positions. Printing Read-names as well.
INFO	2024-08-30 19:36:31	SamFormatConverter	Processed     1,000,000 records.  Elapsed time: 00:00:09s.  Time for last 1,000,000:    9s.  Last read position: chr11:86,345,885.  Last read name: SRR15859257.29212654
INFO	2024-08-30 19:36:37	SamFormatConverter	Processed     2,000,000 records.  Elapsed time: 00:00:16s.  Time for last 1,000,000:    6s.  Last read position: chr5:125,386,097.  Last read name: SRR15859257.21662821
INFO	2024-08-30 19:36:45	SamFormatConverter	Processed     3,000,000 records.  Elapsed time: 00:00:23s.  Time for last 1,000,000:    7s.  Last read position: chr12:101,848,361.  Last read name: SRR15859257.29549037
INFO	2024-08-30 19:36:52	SamFormatConverter	Processed     4,000,000 records.  Elapsed time: 00:00:30s.  Time for last 1,000,000:    7s.  Last read position: chrX:160,122,531.  Last read name: SRR15859257.51368930
INFO	2024-08-30 19:37:00	SamFormatConverter	Processed     5,000,000 records.  Elapsed time: 00:00:38s.  Time for last 1,000,000:    7s.  Last read position: chr3:70,745,868.  Last read name: SRR15859257.12182632
INFO	2024-08-30 19:37:05	SamFormatConverter	Processed     6,000,000 records.  Elapsed time: 00:00:44s.  Time for last 1,000,000:    5s.  Last read position: chr19:55,919,570.  Last read name: SRR15859257.37329169
INFO	2024-08-30 19:37:11	SamFormatConverter	Processed     7,000,000 records.  Elapsed time: 00:00:49s.  Time for last 1,000,000:    5s.  Last read position: chr13:8,861,216.  Last read name: SRR15859257.2790287
INFO	2024-08-30 19:37:17	SamFormatConverter	Processed     8,000,000 records.  Elapsed time: 00:00:55s.  Time for last 1,000,000:    5s.  Last read position: chrX:71,896,770.  Last read name: SRR15859257.27674460
INFO	2024-08-30 19:37:22	SamFormatConverter	Processed     9,000,000 records.  Elapsed time: 00:01:00s.  Time for last 1,000,000:    5s.  Last read position: chrX:151,599,352.  Last read name: SRR15859257.22421828
INFO	2024-08-30 19:37:28	SamFormatConverter	Processed    10,000,000 records.  Elapsed time: 00:01:06s.  Time for last 1,000,000:    6s.  Last read position: chr7:64,381,027.  Last read name: SRR15859257.15292736
INFO	2024-08-30 19:37:34	SamFormatConverter	Processed    11,000,000 records.  Elapsed time: 00:01:12s.  Time for last 1,000,000:    5s.  Last read position: chr2:71,250,854.  Last read name: SRR15859257.7273191
INFO	2024-08-30 19:37:40	SamFormatConverter	Processed    12,000,000 records.  Elapsed time: 00:01:18s.  Time for last 1,000,000:    5s.  Last read position: chrM:2,310.  Last read name: SRR15859257.36641195
INFO	2024-08-30 19:37:45	SamFormatConverter	Processed    13,000,000 records.  Elapsed time: 00:01:23s.  Time for last 1,000,000:    5s.  Last read position: chr10:71,381,648.  Last read name: SRR15859257.45036161
INFO	2024-08-30 19:37:51	SamFormatConverter	Processed    14,000,000 records.  Elapsed time: 00:01:30s.  Time for last 1,000,000:    6s.  Last read position: chr6:135,016,596.  Last read name: SRR15859257.17267721
INFO	2024-08-30 19:37:59	SamFormatConverter	Processed    15,000,000 records.  Elapsed time: 00:01:37s.  Time for last 1,000,000:    7s.  Last read position: chr5:113,587,639.  Last read name: SRR15859257.34590052
INFO	2024-08-30 19:38:05	SamFormatConverter	Processed    16,000,000 records.  Elapsed time: 00:01:43s.  Time for last 1,000,000:    6s.  Last read position: chr3:122,540,862.  Last read name: SRR15859257.31917745
INFO	2024-08-30 19:38:11	SamFormatConverter	Processed    17,000,000 records.  Elapsed time: 00:01:49s.  Time for last 1,000,000:    6s.  Last read position: chr12:101,886,206.  Last read name: SRR15859257.4719967
INFO	2024-08-30 19:38:17	SamFormatConverter	Processed    18,000,000 records.  Elapsed time: 00:01:55s.  Time for last 1,000,000:    5s.  Last read position: chr18:67,404,815.  Last read name: SRR15859257.10437881
INFO	2024-08-30 19:38:23	SamFormatConverter	Processed    19,000,000 records.  Elapsed time: 00:02:02s.  Time for last 1,000,000:    6s.  Last read position: chr17:25,989,760.  Last read name: SRR15859257.31267746
INFO	2024-08-30 19:38:30	SamFormatConverter	Processed    20,000,000 records.  Elapsed time: 00:02:08s.  Time for last 1,000,000:    6s.  Last read position: chr11:43,230,908.  Last read name: SRR15859257.12578617
INFO	2024-08-30 19:38:36	SamFormatConverter	Processed    21,000,000 records.  Elapsed time: 00:02:14s.  Time for last 1,000,000:    6s.  Last read position: chr5:144,997,183.  Last read name: SRR15859257.52371261
INFO	2024-08-30 19:38:43	SamFormatConverter	Processed    22,000,000 records.  Elapsed time: 00:02:21s.  Time for last 1,000,000:    6s.  Last read position: chr18:62,411,362.  Last read name: SRR15859257.28583904
INFO	2024-08-30 19:38:49	SamFormatConverter	Processed    23,000,000 records.  Elapsed time: 00:02:27s.  Time for last 1,000,000:    6s.  Last read position: chr8:88,134,853.  Last read name: SRR15859257.15195524
INFO	2024-08-30 19:38:56	SamFormatConverter	Processed    24,000,000 records.  Elapsed time: 00:02:34s.  Time for last 1,000,000:    6s.  Last read position: chr2:163,406,340.  Last read name: SRR15859257.3998301
[Fri Aug 30 19:39:02 CEST 2024] picard.sam.SamFormatConverter done. Elapsed time: 2.68 minutes.
Runtime.totalMemory()=842006528
19:39:03.573 INFO  NativeLibraryLoader - Loading libgkl_compression.so from jar:file:/home/robin/bin/miniconda3/share/picard-2.26.2-0/picard.jar!/com/intel/gkl/native/libgkl_compression.so
[Fri Aug 30 19:39:03 CEST 2024] SortSam --INPUT C57BL6x129_FG_oocyte_RNA_SasakiLab2022_rep2_GSM5575169_unsorted.bam --OUTPUT C57BL6x129_FG_oocyte_RNA_SasakiLab2022_rep2_GSM5575169_sorted.bam --SORT_ORDER coordinate --TMP_DIR . --VERBOSITY INFO --QUIET false --VALIDATION_STRINGENCY STRICT --COMPRESSION_LEVEL 5 --MAX_RECORDS_IN_RAM 500000 --CREATE_INDEX false --CREATE_MD5_FILE false --GA4GH_CLIENT_SECRETS client_secrets.json --help false --version false --showHidden false --USE_JDK_DEFLATER false --USE_JDK_INFLATER false
[Fri Aug 30 19:39:03 CEST 2024] Executing as robin@epipax.ijm.univ-paris-diderot.priv on Linux 6.1.0-23-amd64 amd64; OpenJDK 64-Bit Server VM 1.8.0_332-b09; Deflater: Intel; Inflater: Intel; Provider GCS is not available; Picard version: Version:2.26.2
INFO	2024-08-30 19:39:03	SortSam	Seen many non-increasing record positions. Printing Read-names as well.
INFO	2024-08-30 19:39:56	SortSam	Read    10,000,000 records.  Elapsed time: 00:00:52s.  Time for last 10,000,000:   52s.  Last read position: chr7:64,381,027.  Last read name: SRR15859257.15292736
INFO	2024-08-30 19:40:45	SortSam	Read    20,000,000 records.  Elapsed time: 00:01:41s.  Time for last 10,000,000:   48s.  Last read position: chr11:43,230,908.  Last read name: SRR15859257.12578617
INFO	2024-08-30 19:41:11	SortSam	Finished reading inputs, merging and writing to output now.
INFO	2024-08-30 19:41:55	SortSam	Wrote    10,000,000 records from a sorting collection.  Elapsed time: 00:02:51s.  Time for last 10,000,000:   43s.  Last read position: chr19:60,226,293
INFO	2024-08-30 19:42:48	SortSam	Wrote    20,000,000 records from a sorting collection.  Elapsed time: 00:03:45s.  Time for last 10,000,000:   53s.  Last read position: chr7:50,326,714
[Fri Aug 30 19:43:07 CEST 2024] picard.sam.SortSam done. Elapsed time: 4.06 minutes.
Runtime.totalMemory()=1703936000
19:43:08.074 INFO  NativeLibraryLoader - Loading libgkl_compression.so from jar:file:/home/robin/bin/miniconda3/share/picard-2.26.2-0/picard.jar!/com/intel/gkl/native/libgkl_compression.so
[Fri Aug 30 19:43:08 CEST 2024] MarkDuplicates --INPUT C57BL6x129_FG_oocyte_RNA_SasakiLab2022_rep2_GSM5575169_sorted.bam --OUTPUT C57BL6x129_FG_oocyte_RNA_SasakiLab2022_rep2_GSM5575169.bam --METRICS_FILE C57BL6x129_FG_oocyte_RNA_SasakiLab2022_rep2_GSM5575169_markDupeMetrics.txt --REMOVE_DUPLICATES false --TMP_DIR . --MAX_SEQUENCES_FOR_DISK_READ_ENDS_MAP 50000 --MAX_FILE_HANDLES_FOR_READ_ENDS_MAP 8000 --SORTING_COLLECTION_SIZE_RATIO 0.25 --TAG_DUPLICATE_SET_MEMBERS false --REMOVE_SEQUENCING_DUPLICATES false --TAGGING_POLICY DontTag --CLEAR_DT true --DUPLEX_UMI false --ADD_PG_TAG_TO_READS true --ASSUME_SORTED false --DUPLICATE_SCORING_STRATEGY SUM_OF_BASE_QUALITIES --PROGRAM_RECORD_ID MarkDuplicates --PROGRAM_GROUP_NAME MarkDuplicates --READ_NAME_REGEX <optimized capture of last three ':' separated fields as numeric values> --OPTICAL_DUPLICATE_PIXEL_DISTANCE 100 --MAX_OPTICAL_DUPLICATE_SET_SIZE 300000 --VERBOSITY INFO --QUIET false --VALIDATION_STRINGENCY STRICT --COMPRESSION_LEVEL 5 --MAX_RECORDS_IN_RAM 500000 --CREATE_INDEX false --CREATE_MD5_FILE false --GA4GH_CLIENT_SECRETS client_secrets.json --help false --version false --showHidden false --USE_JDK_DEFLATER false --USE_JDK_INFLATER false
[Fri Aug 30 19:43:08 CEST 2024] Executing as robin@epipax.ijm.univ-paris-diderot.priv on Linux 6.1.0-23-amd64 amd64; OpenJDK 64-Bit Server VM 1.8.0_332-b09; Deflater: Intel; Inflater: Intel; Provider GCS is not available; Picard version: Version:2.26.2
INFO	2024-08-30 19:43:08	MarkDuplicates	Start of doWork freeMemory: 501501032; totalMemory: 514850816; maxMemory: 1908932608
INFO	2024-08-30 19:43:08	MarkDuplicates	Reading input file and constructing read end information.
INFO	2024-08-30 19:43:08	MarkDuplicates	Will retain up to 6916422 data points before spilling to disk.
WARNING	2024-08-30 19:43:08	AbstractOpticalDuplicateFinderCommandLineProgram	A field field parsed out of a read name was expected to contain an integer and did not. Read name: SRR15859257.42610104. Cause: String 'SRR15859257.42610104' did not start with a parsable number.
INFO	2024-08-30 19:43:13	MarkDuplicates	Read     1,000,000 records.  Elapsed time: 00:00:05s.  Time for last 1,000,000:    5s.  Last read position: chr10:120,634,639
INFO	2024-08-30 19:43:13	MarkDuplicates	Tracking 11 as yet unmatched pairs. 11 records in RAM.
INFO	2024-08-30 19:43:18	MarkDuplicates	Read     2,000,000 records.  Elapsed time: 00:00:10s.  Time for last 1,000,000:    5s.  Last read position: chr11:77,294,101
INFO	2024-08-30 19:43:18	MarkDuplicates	Tracking 1936 as yet unmatched pairs. 1936 records in RAM.
INFO	2024-08-30 19:43:22	MarkDuplicates	Read     3,000,000 records.  Elapsed time: 00:00:14s.  Time for last 1,000,000:    3s.  Last read position: chr12:48,164,628
INFO	2024-08-30 19:43:22	MarkDuplicates	Tracking 151 as yet unmatched pairs. 151 records in RAM.
INFO	2024-08-30 19:43:28	MarkDuplicates	Read     4,000,000 records.  Elapsed time: 00:00:20s.  Time for last 1,000,000:    6s.  Last read position: chr12:117,759,150
INFO	2024-08-30 19:43:28	MarkDuplicates	Tracking 79 as yet unmatched pairs. 79 records in RAM.
INFO	2024-08-30 19:43:32	MarkDuplicates	Read     5,000,000 records.  Elapsed time: 00:00:24s.  Time for last 1,000,000:    3s.  Last read position: chr13:101,709,691
INFO	2024-08-30 19:43:32	MarkDuplicates	Tracking 99 as yet unmatched pairs. 99 records in RAM.
INFO	2024-08-30 19:43:40	MarkDuplicates	Read     6,000,000 records.  Elapsed time: 00:00:32s.  Time for last 1,000,000:    8s.  Last read position: chr14:105,199,556
INFO	2024-08-30 19:43:40	MarkDuplicates	Tracking 177 as yet unmatched pairs. 177 records in RAM.
INFO	2024-08-30 19:43:45	MarkDuplicates	Read     7,000,000 records.  Elapsed time: 00:00:36s.  Time for last 1,000,000:    4s.  Last read position: chr16:10,632,882
INFO	2024-08-30 19:43:45	MarkDuplicates	Tracking 8 as yet unmatched pairs. 8 records in RAM.
INFO	2024-08-30 19:43:50	MarkDuplicates	Read     8,000,000 records.  Elapsed time: 00:00:41s.  Time for last 1,000,000:    5s.  Last read position: chr17:26,937,694
INFO	2024-08-30 19:43:50	MarkDuplicates	Tracking 319 as yet unmatched pairs. 319 records in RAM.
INFO	2024-08-30 19:43:57	MarkDuplicates	Read     9,000,000 records.  Elapsed time: 00:00:49s.  Time for last 1,000,000:    7s.  Last read position: chr18:38,139,527
INFO	2024-08-30 19:43:57	MarkDuplicates	Tracking 2 as yet unmatched pairs. 2 records in RAM.
INFO	2024-08-30 19:44:02	MarkDuplicates	Read    10,000,000 records.  Elapsed time: 00:00:54s.  Time for last 1,000,000:    4s.  Last read position: chr19:60,226,293
INFO	2024-08-30 19:44:02	MarkDuplicates	Tracking 205 as yet unmatched pairs. 205 records in RAM.
INFO	2024-08-30 19:44:09	MarkDuplicates	Read    11,000,000 records.  Elapsed time: 00:01:01s.  Time for last 1,000,000:    7s.  Last read position: chr1:131,977,575
INFO	2024-08-30 19:44:09	MarkDuplicates	Tracking 295 as yet unmatched pairs. 295 records in RAM.
INFO	2024-08-30 19:44:13	MarkDuplicates	Read    12,000,000 records.  Elapsed time: 00:01:05s.  Time for last 1,000,000:    4s.  Last read position: chr2:31,800,977
INFO	2024-08-30 19:44:13	MarkDuplicates	Tracking 12 as yet unmatched pairs. 12 records in RAM.
INFO	2024-08-30 19:44:17	MarkDuplicates	Read    13,000,000 records.  Elapsed time: 00:01:09s.  Time for last 1,000,000:    3s.  Last read position: chr2:152,704,650
INFO	2024-08-30 19:44:17	MarkDuplicates	Tracking 198 as yet unmatched pairs. 198 records in RAM.
INFO	2024-08-30 19:44:21	MarkDuplicates	Read    14,000,000 records.  Elapsed time: 00:01:13s.  Time for last 1,000,000:    4s.  Last read position: chr3:90,012,703
INFO	2024-08-30 19:44:21	MarkDuplicates	Tracking 396 as yet unmatched pairs. 396 records in RAM.
INFO	2024-08-30 19:44:24	MarkDuplicates	Read    15,000,000 records.  Elapsed time: 00:01:16s.  Time for last 1,000,000:    3s.  Last read position: chr4:75,277,672
INFO	2024-08-30 19:44:24	MarkDuplicates	Tracking 109 as yet unmatched pairs. 109 records in RAM.
INFO	2024-08-30 19:44:29	MarkDuplicates	Read    16,000,000 records.  Elapsed time: 00:01:20s.  Time for last 1,000,000:    4s.  Last read position: chr4:149,328,641
INFO	2024-08-30 19:44:29	MarkDuplicates	Tracking 158 as yet unmatched pairs. 158 records in RAM.
INFO	2024-08-30 19:44:41	MarkDuplicates	Read    17,000,000 records.  Elapsed time: 00:01:33s.  Time for last 1,000,000:   12s.  Last read position: chr5:101,845,049
INFO	2024-08-30 19:44:41	MarkDuplicates	Tracking 25 as yet unmatched pairs. 25 records in RAM.
INFO	2024-08-30 19:44:46	MarkDuplicates	Read    18,000,000 records.  Elapsed time: 00:01:37s.  Time for last 1,000,000:    4s.  Last read position: chr6:29,376,201
INFO	2024-08-30 19:44:46	MarkDuplicates	Tracking 39 as yet unmatched pairs. 39 records in RAM.
INFO	2024-08-30 19:44:51	MarkDuplicates	Read    19,000,000 records.  Elapsed time: 00:01:43s.  Time for last 1,000,000:    5s.  Last read position: chr6:120,975,032
INFO	2024-08-30 19:44:51	MarkDuplicates	Tracking 496 as yet unmatched pairs. 496 records in RAM.
INFO	2024-08-30 19:44:55	MarkDuplicates	Read    20,000,000 records.  Elapsed time: 00:01:46s.  Time for last 1,000,000:    3s.  Last read position: chr7:50,326,714
INFO	2024-08-30 19:44:55	MarkDuplicates	Tracking 2 as yet unmatched pairs. 2 records in RAM.
INFO	2024-08-30 19:44:59	MarkDuplicates	Read    21,000,000 records.  Elapsed time: 00:01:50s.  Time for last 1,000,000:    4s.  Last read position: chr8:24,471,864
INFO	2024-08-30 19:44:59	MarkDuplicates	Tracking 132 as yet unmatched pairs. 132 records in RAM.
INFO	2024-08-30 19:45:04	MarkDuplicates	Read    22,000,000 records.  Elapsed time: 00:01:55s.  Time for last 1,000,000:    5s.  Last read position: chr9:7,374,791
INFO	2024-08-30 19:45:04	MarkDuplicates	Tracking 39 as yet unmatched pairs. 39 records in RAM.
INFO	2024-08-30 19:45:08	MarkDuplicates	Read    23,000,000 records.  Elapsed time: 00:01:59s.  Time for last 1,000,000:    3s.  Last read position: chr9:85,726,620
INFO	2024-08-30 19:45:08	MarkDuplicates	Tracking 206 as yet unmatched pairs. 206 records in RAM.
INFO	2024-08-30 19:45:11	MarkDuplicates	Read    24,000,000 records.  Elapsed time: 00:02:03s.  Time for last 1,000,000:    3s.  Last read position: chrX:7,736,833
INFO	2024-08-30 19:45:11	MarkDuplicates	Tracking 23 as yet unmatched pairs. 23 records in RAM.
INFO	2024-08-30 19:45:21	MarkDuplicates	Read 24868217 records. 0 pairs never matched.
INFO	2024-08-30 19:45:23	MarkDuplicates	After buildSortedReadEndLists freeMemory: 1920309288; totalMemory: 1933574144; maxMemory: 1933574144
INFO	2024-08-30 19:45:23	MarkDuplicates	Will retain up to 60424192 duplicate indices before spilling to disk.
INFO	2024-08-30 19:45:23	MarkDuplicates	Traversing read pair information and detecting duplicates.
INFO	2024-08-30 19:45:23	OpticalDuplicateFinder	Large duplicate set. size = 1086
INFO	2024-08-30 19:45:23	OpticalDuplicateFinder	compared         1,000 ReadEnds to others.  Elapsed time: 00:00:00s.  Time for last 1,000:    0s.  Last read position: -1:-1
INFO	2024-08-30 19:45:23	OpticalDuplicateFinder	Large duplicate set. size = 1152
INFO	2024-08-30 19:45:24	OpticalDuplicateFinder	compared         1,000 ReadEnds to others.  Elapsed time: 00:00:00s.  Time for last 1,000:    0s.  Last read position: -1:-1
INFO	2024-08-30 19:45:27	MarkDuplicates	Traversing fragment information and detecting duplicates.
INFO	2024-08-30 19:45:32	MarkDuplicates	Sorting list of duplicate records.
INFO	2024-08-30 19:45:32	MarkDuplicates	After generateDuplicateIndexes freeMemory: 1442470624; totalMemory: 1940389888; maxMemory: 1940389888
INFO	2024-08-30 19:45:32	MarkDuplicates	Marking 4367389 records as duplicates.
INFO	2024-08-30 19:45:32	MarkDuplicates	Found 0 optical duplicate clusters.
INFO	2024-08-30 19:45:32	MarkDuplicates	Reads are assumed to be ordered by: coordinate
INFO	2024-08-30 19:46:21	MarkDuplicates	Written    10,000,000 records.  Elapsed time: 00:00:49s.  Time for last 10,000,000:   49s.  Last read position: chr19:60,226,293
INFO	2024-08-30 19:47:09	MarkDuplicates	Written    20,000,000 records.  Elapsed time: 00:01:36s.  Time for last 10,000,000:   47s.  Last read position: chr7:50,326,714
INFO	2024-08-30 19:47:31	MarkDuplicates	Writing complete. Closing input iterator.
INFO	2024-08-30 19:47:31	MarkDuplicates	Duplicate Index cleanup.
INFO	2024-08-30 19:47:31	MarkDuplicates	Getting Memory Stats.
INFO	2024-08-30 19:47:31	MarkDuplicates	Before output close freeMemory: 2005470264; totalMemory: 2021654528; maxMemory: 2021654528
INFO	2024-08-30 19:47:31	MarkDuplicates	Closed outputs. Getting more Memory Stats.
INFO	2024-08-30 19:47:31	MarkDuplicates	After output close freeMemory: 2005470264; totalMemory: 2021654528; maxMemory: 2021654528
[Fri Aug 30 19:47:31 CEST 2024] picard.sam.markduplicates.MarkDuplicates done. Elapsed time: 4.40 minutes.
Runtime.totalMemory()=2021654528
[sam grooming] finished successfully at [Fri Aug 30 07:47:36 PM CEST 2024]
[collecting rRNA metrics] started at [Fri Aug 30 07:48:04 PM CEST 2024]
19:48:05.062 INFO  NativeLibraryLoader - Loading libgkl_compression.so from jar:file:/home/robin/bin/miniconda3/share/picard-2.26.2-0/picard.jar!/com/intel/gkl/native/libgkl_compression.so
[Fri Aug 30 19:48:05 CEST 2024] CollectRnaSeqMetrics --REF_FLAT /data/reference_genomes/mm10/mm10_RefSeq_refFlat.bed --RIBOSOMAL_INTERVALS /data/reference_genomes/mm10/mm10_rRNA.bed --STRAND_SPECIFICITY FIRST_READ_TRANSCRIPTION_STRAND --INPUT C57BL6x129_FG_oocyte_RNA_SasakiLab2022_rep2_GSM5575169.bam --OUTPUT C57BL6x129_FG_oocyte_RNA_SasakiLab2022_rep2_GSM5575169_RNAmetrics.txt --MINIMUM_LENGTH 500 --RRNA_FRAGMENT_PERCENTAGE 0.8 --METRIC_ACCUMULATION_LEVEL ALL_READS --END_BIAS_BASES 100 --ASSUME_SORTED true --STOP_AFTER 0 --VERBOSITY INFO --QUIET false --VALIDATION_STRINGENCY STRICT --COMPRESSION_LEVEL 5 --MAX_RECORDS_IN_RAM 500000 --CREATE_INDEX false --CREATE_MD5_FILE false --GA4GH_CLIENT_SECRETS client_secrets.json --help false --version false --showHidden false --USE_JDK_DEFLATER false --USE_JDK_INFLATER false
[Fri Aug 30 19:48:05 CEST 2024] Executing as robin@epipax.ijm.univ-paris-diderot.priv on Linux 6.1.0-23-amd64 amd64; OpenJDK 64-Bit Server VM 1.8.0_332-b09; Deflater: Intel; Inflater: Intel; Provider GCS is not available; Picard version: Version:2.26.2
INFO	2024-08-30 19:48:06	CollectRnaSeqMetrics	Loaded 24105 genes.
INFO	2024-08-30 19:48:12	SinglePassSamProgram	Processed     1,000,000 records.  Elapsed time: 00:00:06s.  Time for last 1,000,000:    6s.  Last read position: chr10:120,634,639
INFO	2024-08-30 19:48:16	SinglePassSamProgram	Processed     2,000,000 records.  Elapsed time: 00:00:09s.  Time for last 1,000,000:    3s.  Last read position: chr11:77,294,101
INFO	2024-08-30 19:48:19	SinglePassSamProgram	Processed     3,000,000 records.  Elapsed time: 00:00:12s.  Time for last 1,000,000:    3s.  Last read position: chr12:48,164,628
INFO	2024-08-30 19:48:22	SinglePassSamProgram	Processed     4,000,000 records.  Elapsed time: 00:00:15s.  Time for last 1,000,000:    3s.  Last read position: chr12:117,759,150
INFO	2024-08-30 19:48:25	SinglePassSamProgram	Processed     5,000,000 records.  Elapsed time: 00:00:19s.  Time for last 1,000,000:    3s.  Last read position: chr13:101,709,691
INFO	2024-08-30 19:48:29	SinglePassSamProgram	Processed     6,000,000 records.  Elapsed time: 00:00:22s.  Time for last 1,000,000:    3s.  Last read position: chr14:105,199,556
INFO	2024-08-30 19:48:32	SinglePassSamProgram	Processed     7,000,000 records.  Elapsed time: 00:00:25s.  Time for last 1,000,000:    3s.  Last read position: chr16:10,632,882
INFO	2024-08-30 19:48:35	SinglePassSamProgram	Processed     8,000,000 records.  Elapsed time: 00:00:28s.  Time for last 1,000,000:    2s.  Last read position: chr17:26,937,694
INFO	2024-08-30 19:48:39	SinglePassSamProgram	Processed     9,000,000 records.  Elapsed time: 00:00:32s.  Time for last 1,000,000:    3s.  Last read position: chr18:38,139,527
INFO	2024-08-30 19:48:42	SinglePassSamProgram	Processed    10,000,000 records.  Elapsed time: 00:00:35s.  Time for last 1,000,000:    3s.  Last read position: chr19:60,226,293
INFO	2024-08-30 19:48:45	SinglePassSamProgram	Processed    11,000,000 records.  Elapsed time: 00:00:38s.  Time for last 1,000,000:    3s.  Last read position: chr1:131,977,575
INFO	2024-08-30 19:48:49	SinglePassSamProgram	Processed    12,000,000 records.  Elapsed time: 00:00:43s.  Time for last 1,000,000:    4s.  Last read position: chr2:31,800,977
INFO	2024-08-30 19:48:53	SinglePassSamProgram	Processed    13,000,000 records.  Elapsed time: 00:00:46s.  Time for last 1,000,000:    3s.  Last read position: chr2:152,704,650
INFO	2024-08-30 19:48:57	SinglePassSamProgram	Processed    14,000,000 records.  Elapsed time: 00:00:50s.  Time for last 1,000,000:    3s.  Last read position: chr3:90,012,703
INFO	2024-08-30 19:49:00	SinglePassSamProgram	Processed    15,000,000 records.  Elapsed time: 00:00:53s.  Time for last 1,000,000:    3s.  Last read position: chr4:75,277,672
INFO	2024-08-30 19:49:03	SinglePassSamProgram	Processed    16,000,000 records.  Elapsed time: 00:00:56s.  Time for last 1,000,000:    3s.  Last read position: chr4:149,328,641
INFO	2024-08-30 19:49:08	SinglePassSamProgram	Processed    17,000,000 records.  Elapsed time: 00:01:01s.  Time for last 1,000,000:    4s.  Last read position: chr5:101,845,049
INFO	2024-08-30 19:49:11	SinglePassSamProgram	Processed    18,000,000 records.  Elapsed time: 00:01:04s.  Time for last 1,000,000:    3s.  Last read position: chr6:29,376,201
INFO	2024-08-30 19:49:14	SinglePassSamProgram	Processed    19,000,000 records.  Elapsed time: 00:01:08s.  Time for last 1,000,000:    3s.  Last read position: chr6:120,975,032
INFO	2024-08-30 19:49:18	SinglePassSamProgram	Processed    20,000,000 records.  Elapsed time: 00:01:11s.  Time for last 1,000,000:    3s.  Last read position: chr7:50,326,714
INFO	2024-08-30 19:49:21	SinglePassSamProgram	Processed    21,000,000 records.  Elapsed time: 00:01:15s.  Time for last 1,000,000:    3s.  Last read position: chr8:24,471,864
INFO	2024-08-30 19:49:27	SinglePassSamProgram	Processed    22,000,000 records.  Elapsed time: 00:01:20s.  Time for last 1,000,000:    5s.  Last read position: chr9:7,374,791
INFO	2024-08-30 19:49:32	SinglePassSamProgram	Processed    23,000,000 records.  Elapsed time: 00:01:25s.  Time for last 1,000,000:    4s.  Last read position: chr9:85,726,620
INFO	2024-08-30 19:49:34	SinglePassSamProgram	Processed    24,000,000 records.  Elapsed time: 00:01:27s.  Time for last 1,000,000:    2s.  Last read position: chrX:7,736,833
[Fri Aug 30 19:49:37 CEST 2024] picard.analysis.CollectRnaSeqMetrics done. Elapsed time: 1.55 minutes.
Runtime.totalMemory()=1019215872
[trueStats] Collecting alignment statistics for C57BL6x129_FG_oocyte_RNA_SasakiLab2022_rep2_GSM5575169.bam at [Fri Aug 30 07:50:01 PM CEST 2024]
[preseq] started on C57BL6x129_FG_oocyte_RNA_SasakiLab2022_rep2_GSM5575169.bam at [Fri Aug 30 07:51:07 PM CEST 2024]
[preseq] finished successfully at [Fri Aug 30 07:53:59 PM CEST 2024]
[stringTie] Performing de novo assembly of transcripts at [Fri Aug 30 07:54:25 PM CEST 2024]
Warning: gene "NM_001270423" (on chr2) has reference transcripts on both strands?
Warning: gene "NM_146265" (on chr2) has reference transcripts on both strands?
Warning: gene "NM_001085552" (on chrX) has reference transcripts on both strands?
Warning: gene "NM_001085545" (on chrX) has reference transcripts on both strands?
Warning: gene "NM_001085551" (on chrX) has reference transcripts on both strands?
Warning: gene "NM_001099643" (on chrX) has reference transcripts on both strands?
Warning: gene "NM_001243001" (on chrX) has reference transcripts on both strands?
Warning: gene "NM_001099643" (on chrX) has reference transcripts on both strands?
Warning: gene "NM_001243001" (on chrX) has reference transcripts on both strands?
Warning: gene "NM_001277184" (on chrX) has reference transcripts on both strands?
Warning: gene "NM_001085552" (on chrX) has reference transcripts on both strands?
Warning: gene "NM_001085545" (on chrX) has reference transcripts on both strands?
Warning: gene "NM_001085551" (on chrX) has reference transcripts on both strands?
Warning: gene "NM_001085553" (on chrX) has reference transcripts on both strands?
Warning: gene "NM_001243011" (on chrX) has reference transcripts on both strands?
Warning: gene "NM_001270685" (on chrX) has reference transcripts on both strands?
Warning: gene "NM_029106" (on chrX) has reference transcripts on both strands?
Warning: gene "NM_001270685" (on chrX) has reference transcripts on both strands?
Warning: gene "NM_031171" (on chrX) has reference transcripts on both strands?
Warning: gene "NM_010759" (on chrX) has reference transcripts on both strands?
Warning: gene "NM_001310684" (on chrX) has reference transcripts on both strands?
Warning: gene "NM_001142690" (on chrX) has reference transcripts on both strands?
Warning: gene "NM_001142691" (on chrX) has reference transcripts on both strands?
Warning: gene "NM_001142750" (on chrX) has reference transcripts on both strands?
Warning: gene "NM_153109" (on chrX) has reference transcripts on both strands?
Warning: gene "NM_177918" (on chrX) has reference transcripts on both strands?
Warning: gene "NM_001099321" (on chrX) has reference transcripts on both strands?
Warning: gene "NR_126545" (on chrY) has reference transcripts on both strands?
Warning: gene "NR_126546" (on chrY) has reference transcripts on both strands?
Warning: gene "NM_001113395" (on chrY) has reference transcripts on both strands?
Warning: gene "NM_001177569" (on chrY) has reference transcripts on both strands?
Warning: gene "NM_001166384" (on chrY) has reference transcripts on both strands?
Warning: gene "NM_001270513" (on chrY) has reference transcripts on both strands?
Warning: gene "NM_001270514" (on chrY) has reference transcripts on both strands?
Warning: gene "NM_001270515" (on chrY) has reference transcripts on both strands?
Warning: gene "NM_001270516" (on chrY) has reference transcripts on both strands?
Warning: gene "NM_011253" (on chrY) has reference transcripts on both strands?
Warning: gene "NM_001270513" (on chrY) has reference transcripts on both strands?
Warning: gene "NM_001270514" (on chrY) has reference transcripts on both strands?
Warning: gene "NM_001270515" (on chrY) has reference transcripts on both strands?
Warning: gene "NM_001166384" (on chrY) has reference transcripts on both strands?
Warning: gene "NM_001270513" (on chrY) has reference transcripts on both strands?
Warning: gene "NM_001270516" (on chrY) has reference transcripts on both strands?
Warning: gene "NM_011253" (on chrY) has reference transcripts on both strands?
Warning: gene "NM_001160143" (on chrY) has reference transcripts on both strands?
Warning: gene "NM_207162" (on chrY) has reference transcripts on both strands?
Warning: gene "NM_001160143" (on chrY) has reference transcripts on both strands?
Warning: gene "NM_207162" (on chrY) has reference transcripts on both strands?
Warning: gene "NM_001037748" (on chrY) has reference transcripts on both strands?
Warning: gene "NM_001160141" (on chrY) has reference transcripts on both strands?
Warning: gene "NM_001025241" (on chrY) has reference transcripts on both strands?
Warning: gene "NM_001037748" (on chrY) has reference transcripts on both strands?
Warning: gene "NR_038299" (on chrY) has reference transcripts on both strands?
Warning: gene "NM_001160143" (on chrY) has reference transcripts on both strands?
Warning: gene "NM_207162" (on chrY) has reference transcripts on both strands?
Warning: gene "NM_001160143" (on chrY) has reference transcripts on both strands?
Warning: gene "NM_207162" (on chrY) has reference transcripts on both strands?
Warning: gene "NM_001160143" (on chrY) has reference transcripts on both strands?
Warning: gene "NM_207162" (on chrY) has reference transcripts on both strands?
Warning: gene "NM_001037748" (on chrY) has reference transcripts on both strands?
Warning: gene "NM_001160141" (on chrY) has reference transcripts on both strands?
Warning: gene "NM_023546" (on chrY) has reference transcripts on both strands?
Warning: gene "NM_001160143" (on chrY) has reference transcripts on both strands?
Warning: gene "NM_001037748" (on chrY) has reference transcripts on both strands?
Warning: gene "NM_001160143" (on chrY) has reference transcripts on both strands?
Warning: gene "NM_001037748" (on chrY) has reference transcripts on both strands?
Warning: gene "NM_001160137" (on chrY) has reference transcripts on both strands?
Warning: gene "NM_001160141" (on chrY) has reference transcripts on both strands?
Warning: gene "NM_001025241" (on chrY) has reference transcripts on both strands?
Warning: gene "NM_001037748" (on chrY) has reference transcripts on both strands?
Warning: gene "NM_001037748" (on chrY) has reference transcripts on both strands?
Warning: gene "NM_001160136" (on chrY) has reference transcripts on both strands?
Warning: gene "NM_001037748" (on chrY) has reference transcripts on both strands?
Warning: gene "NM_023546" (on chrY) has reference transcripts on both strands?
Warning: gene "NM_023546" (on chrY) has reference transcripts on both strands?
Warning: gene "NM_001025241" (on chrY) has reference transcripts on both strands?
Warning: gene "NM_001037748" (on chrY) has reference transcripts on both strands?
Warning: gene "NM_001011820" (on chr13) has reference transcripts on both strands?
Warning: gene "NR_045474" (on chr13) has reference transcripts on both strands?
[stringTie] De novo transcriptome assembly completed successfully at [Fri Aug 30 07:56:05 PM CEST 2024]
[bamToWigCPMsmoothKeepDup] Started with bin size: 1 and smoothing over 0 bp and KEEPING DUPLICATES at [Fri Aug 30 07:56:05 PM CEST 2024]
There are 23567544 alignments, of which 364909 are completely within a blacklist region.
Due to filtering, 76.41574352883202% of the aforementioned alignments will be used 17730466.053531013
[bamToWigCPMsmoothKeepDup] finished successfully at [Fri Aug 30 08:01:40 PM CEST 2024]
[file cleanup] started. Good job! at [Fri Aug 30 08:01:40 PM CEST 2024]
cp: cannot stat '*.pdf': No such file or directory
mv: cannot stat '*.bed': No such file or directory
mv: preserving times for '/data/bigWigs/C57BL6x129_FG_oocyte_RNA_SasakiLab2022_rep2_GSM5575169_trimV5_mm10_kpDup_q255_b1_s0_CPM.bw': Operation not permitted
mv: preserving permissions for /data/bigWigs/C57BL6x129_FG_oocyte_RNA_SasakiLab2022_rep2_GSM5575169_trimV5_mm10_kpDup_q255_b1_s0_CPM.bw: Operation not permitted
mv: preserving times for '/data/bams/C57BL6x129_FG_oocyte_RNA_SasakiLab2022_rep2_GSM5575169_trimV5_mm10.bam': Operation not permitted
mv: preserving permissions for /data/bams/C57BL6x129_FG_oocyte_RNA_SasakiLab2022_rep2_GSM5575169_trimV5_mm10.bam: Operation not permitted
mv: preserving times for '/data/bams/C57BL6x129_FG_oocyte_RNA_SasakiLab2022_rep2_GSM5575169_trimV5_mm10.bam.bai': Operation not permitted
mv: preserving permissions for /data/bams/C57BL6x129_FG_oocyte_RNA_SasakiLab2022_rep2_GSM5575169_trimV5_mm10.bam.bai: Operation not permitted
mv: preserving times for '/data/stringTie/C57BL6x129_FG_oocyte_RNA_SasakiLab2022_rep2_GSM5575169_trimV5_mm10.gtf': Operation not permitted
mv: preserving permissions for /data/stringTie/C57BL6x129_FG_oocyte_RNA_SasakiLab2022_rep2_GSM5575169_trimV5_mm10.gtf: Operation not permitted
