SCRATCH: /scratch
ls: cannot access '/data/fastq/Klughammer2023/Sloth_heart_xenarthra_RRBS_Klughammer2023_GSM5852926.fastq.gz*_R2.fastq.gz': No such file or directory
[masterDownload] Data are single-end. at [Mon Nov 18 11:49:13 AM CET 2024]
[checkDependencies] Checking Dependencies [Mon Nov 18 11:49:13 AM CET 2024] at [Mon Nov 18 11:49:13 AM CET 2024]
[setup checkDependencies] /home/robin/edirect/esearch... at [Mon Nov 18 11:49:13 AM CET 2024]
[setup checkDependencies] /home/robin/edirect/efetch... at [Mon Nov 18 11:49:13 AM CET 2024]
[setup checkDependencies] trimmomatic... at [Mon Nov 18 11:49:13 AM CET 2024]
[setup checkDependencies] STAR... at [Mon Nov 18 11:49:13 AM CET 2024]
[setup checkDependencies] bismark... at [Mon Nov 18 11:49:13 AM CET 2024]
[setup checkDependencies] bowtie2... at [Mon Nov 18 11:49:13 AM CET 2024]
[setup checkDependencies] samtools... at [Mon Nov 18 11:49:13 AM CET 2024]
[setup checkDependencies] picard... at [Mon Nov 18 11:49:13 AM CET 2024]
[setup checkDependencies] awk... at [Mon Nov 18 11:49:13 AM CET 2024]
[setup checkDependencies] bamCoverage... at [Mon Nov 18 11:49:13 AM CET 2024]
[setup checkDependencies] fastqc... at [Mon Nov 18 11:49:13 AM CET 2024]
[setup checkDependencies] fastq_screen... at [Mon Nov 18 11:49:13 AM CET 2024]
[setup checkDependencies] stringtie... at [Mon Nov 18 11:49:13 AM CET 2024]
[setup checkDependencies] clumpify.sh... at [Mon Nov 18 11:49:13 AM CET 2024]
PAIRED: false
[setUpLogFile] Script started at [Mon Nov 18 11:49:13 AM CET 2024] at [Mon Nov 18 11:49:13 AM CET 2024]
[trimReads] Started using version trimV1 parameters at [Mon Nov 18 11:49:13 AM CET 2024]
ILLUMINACLIP:/data/reference_genomes/adapters/adapters.fa:2:30:10 SLIDINGWINDOW:4:20 MINLEN:36
Error: File Sloth_heart_xenarthra_RRBS_Klughammer2023_GSM5852926.fastq.gz.fastq.gz does not exist
