SCRATCH: /scratch
ls: cannot access '/data/fastq/E14_72h_H3K27me3_ChIP_Yang2019_GSM3314716*_R2.fastq.gz': No such file or directory
[masterDownload] Data are single-end. at [Thu Jul 4 12:37:10 AM CEST 2024]
[checkDependencies] Checking Dependencies [Thu Jul 4 12:37:10 AM CEST 2024] at [Thu Jul 4 12:37:10 AM CEST 2024]
[setup checkDependencies] trimmomatic... at [Thu Jul 4 12:37:10 AM CEST 2024]
[setup checkDependencies] STAR... at [Thu Jul 4 12:37:10 AM CEST 2024]
[setup checkDependencies] bismark... at [Thu Jul 4 12:37:10 AM CEST 2024]
[setup checkDependencies] bowtie2... at [Thu Jul 4 12:37:11 AM CEST 2024]
[setup checkDependencies] samtools... at [Thu Jul 4 12:37:11 AM CEST 2024]
[setup checkDependencies] picard... at [Thu Jul 4 12:37:11 AM CEST 2024]
[setup checkDependencies] awk... at [Thu Jul 4 12:37:11 AM CEST 2024]
[setup checkDependencies] bamCoverage... at [Thu Jul 4 12:37:11 AM CEST 2024]
[setup checkDependencies] fastqc... at [Thu Jul 4 12:37:11 AM CEST 2024]
[setup checkDependencies] fastq_screen... at [Thu Jul 4 12:37:11 AM CEST 2024]
[setup checkDependencies] stringtie... at [Thu Jul 4 12:37:11 AM CEST 2024]
[setup checkDependencies] clumpify.sh... at [Thu Jul 4 12:37:11 AM CEST 2024]
PAIRED: false
[setUpLogFile] Script started at [Thu Jul 4 12:37:11 AM CEST 2024] at [Thu Jul 4 12:37:11 AM CEST 2024]
[fastQC] started on raw FASTQs at [Thu Jul 4 12:37:11 AM CEST 2024]
Started analysis of E14_72h_H3K27me3_ChIP_Yang2019_GSM3314716_raw.fastq.gz
Approx 5% complete for E14_72h_H3K27me3_ChIP_Yang2019_GSM3314716_raw.fastq.gz
Approx 10% complete for E14_72h_H3K27me3_ChIP_Yang2019_GSM3314716_raw.fastq.gz
Approx 15% complete for E14_72h_H3K27me3_ChIP_Yang2019_GSM3314716_raw.fastq.gz
Approx 20% complete for E14_72h_H3K27me3_ChIP_Yang2019_GSM3314716_raw.fastq.gz
Approx 25% complete for E14_72h_H3K27me3_ChIP_Yang2019_GSM3314716_raw.fastq.gz
Approx 30% complete for E14_72h_H3K27me3_ChIP_Yang2019_GSM3314716_raw.fastq.gz
Approx 35% complete for E14_72h_H3K27me3_ChIP_Yang2019_GSM3314716_raw.fastq.gz
Approx 40% complete for E14_72h_H3K27me3_ChIP_Yang2019_GSM3314716_raw.fastq.gz
Approx 45% complete for E14_72h_H3K27me3_ChIP_Yang2019_GSM3314716_raw.fastq.gz
Approx 50% complete for E14_72h_H3K27me3_ChIP_Yang2019_GSM3314716_raw.fastq.gz
Approx 55% complete for E14_72h_H3K27me3_ChIP_Yang2019_GSM3314716_raw.fastq.gz
Approx 60% complete for E14_72h_H3K27me3_ChIP_Yang2019_GSM3314716_raw.fastq.gz
Approx 65% complete for E14_72h_H3K27me3_ChIP_Yang2019_GSM3314716_raw.fastq.gz
Approx 70% complete for E14_72h_H3K27me3_ChIP_Yang2019_GSM3314716_raw.fastq.gz
Approx 75% complete for E14_72h_H3K27me3_ChIP_Yang2019_GSM3314716_raw.fastq.gz
Approx 80% complete for E14_72h_H3K27me3_ChIP_Yang2019_GSM3314716_raw.fastq.gz
Approx 85% complete for E14_72h_H3K27me3_ChIP_Yang2019_GSM3314716_raw.fastq.gz
Approx 90% complete for E14_72h_H3K27me3_ChIP_Yang2019_GSM3314716_raw.fastq.gz
Approx 95% complete for E14_72h_H3K27me3_ChIP_Yang2019_GSM3314716_raw.fastq.gz
Analysis complete for E14_72h_H3K27me3_ChIP_Yang2019_GSM3314716_raw.fastq.gz
[fastQC] on raw FASTQs finished succesfully. Will remove PCR duplicates now at [Thu Jul 4 12:41:45 AM CEST 2024]
Reads are length: 52 at [Thu Jul 4 12:41:46 AM CEST 2024]
Reads with same sequence 1 or fewer substitutions will be marked as PCR duplicates at [Thu Jul 4 12:41:46 AM CEST 2024]
Removal of PCR duplicates complete! at [Thu Jul 4 01:08:11 AM CEST 2024]
[trimReads] Started using version trimV5 parameters at [Thu Jul 4 01:08:11 AM CEST 2024]
ILLUMINACLIP:/data/reference_genomes/adapters/adapters.fa:2:30:10 SLIDINGWINDOW:4:20 MINLEN:24
[trimReads] Trimming E14_72h_H3K27me3_ChIP_Yang2019_GSM3314716.fastq.gz... at [Thu Jul 4 01:08:11 AM CEST 2024]
[trimReads] Finished successfully at [Thu Jul 4 01:18:12 AM CEST 2024]
[fastQC] started on E14_72h_H3K27me3_ChIP_Yang2019_GSM3314716.fastq.gz E14_72h_H3K27me3_ChIP_Yang2019_GSM3314716_trimV5.fastq.gz at [Thu Jul 4 01:18:12 AM CEST 2024]
Started analysis of E14_72h_H3K27me3_ChIP_Yang2019_GSM3314716.fastq.gz
Started analysis of E14_72h_H3K27me3_ChIP_Yang2019_GSM3314716_trimV5.fastq.gz
Approx 5% complete for E14_72h_H3K27me3_ChIP_Yang2019_GSM3314716.fastq.gz
Approx 5% complete for E14_72h_H3K27me3_ChIP_Yang2019_GSM3314716_trimV5.fastq.gz
Approx 10% complete for E14_72h_H3K27me3_ChIP_Yang2019_GSM3314716.fastq.gz
Approx 10% complete for E14_72h_H3K27me3_ChIP_Yang2019_GSM3314716_trimV5.fastq.gz
Approx 15% complete for E14_72h_H3K27me3_ChIP_Yang2019_GSM3314716_trimV5.fastq.gz
Approx 15% complete for E14_72h_H3K27me3_ChIP_Yang2019_GSM3314716.fastq.gz
Approx 20% complete for E14_72h_H3K27me3_ChIP_Yang2019_GSM3314716_trimV5.fastq.gz
Approx 20% complete for E14_72h_H3K27me3_ChIP_Yang2019_GSM3314716.fastq.gz
Approx 25% complete for E14_72h_H3K27me3_ChIP_Yang2019_GSM3314716_trimV5.fastq.gz
Approx 25% complete for E14_72h_H3K27me3_ChIP_Yang2019_GSM3314716.fastq.gz
Approx 30% complete for E14_72h_H3K27me3_ChIP_Yang2019_GSM3314716_trimV5.fastq.gz
Approx 30% complete for E14_72h_H3K27me3_ChIP_Yang2019_GSM3314716.fastq.gz
Approx 35% complete for E14_72h_H3K27me3_ChIP_Yang2019_GSM3314716_trimV5.fastq.gz
Approx 35% complete for E14_72h_H3K27me3_ChIP_Yang2019_GSM3314716.fastq.gz
Approx 40% complete for E14_72h_H3K27me3_ChIP_Yang2019_GSM3314716_trimV5.fastq.gz
Approx 40% complete for E14_72h_H3K27me3_ChIP_Yang2019_GSM3314716.fastq.gz
Approx 45% complete for E14_72h_H3K27me3_ChIP_Yang2019_GSM3314716_trimV5.fastq.gz
Approx 45% complete for E14_72h_H3K27me3_ChIP_Yang2019_GSM3314716.fastq.gz
Approx 50% complete for E14_72h_H3K27me3_ChIP_Yang2019_GSM3314716_trimV5.fastq.gz
Approx 50% complete for E14_72h_H3K27me3_ChIP_Yang2019_GSM3314716.fastq.gz
Approx 55% complete for E14_72h_H3K27me3_ChIP_Yang2019_GSM3314716_trimV5.fastq.gz
Approx 55% complete for E14_72h_H3K27me3_ChIP_Yang2019_GSM3314716.fastq.gz
Approx 60% complete for E14_72h_H3K27me3_ChIP_Yang2019_GSM3314716_trimV5.fastq.gz
Approx 60% complete for E14_72h_H3K27me3_ChIP_Yang2019_GSM3314716.fastq.gz
Approx 65% complete for E14_72h_H3K27me3_ChIP_Yang2019_GSM3314716_trimV5.fastq.gz
Approx 65% complete for E14_72h_H3K27me3_ChIP_Yang2019_GSM3314716.fastq.gz
Approx 70% complete for E14_72h_H3K27me3_ChIP_Yang2019_GSM3314716_trimV5.fastq.gz
Approx 70% complete for E14_72h_H3K27me3_ChIP_Yang2019_GSM3314716.fastq.gz
Approx 75% complete for E14_72h_H3K27me3_ChIP_Yang2019_GSM3314716_trimV5.fastq.gz
Approx 75% complete for E14_72h_H3K27me3_ChIP_Yang2019_GSM3314716.fastq.gz
Approx 80% complete for E14_72h_H3K27me3_ChIP_Yang2019_GSM3314716_trimV5.fastq.gz
Approx 80% complete for E14_72h_H3K27me3_ChIP_Yang2019_GSM3314716.fastq.gz
Approx 85% complete for E14_72h_H3K27me3_ChIP_Yang2019_GSM3314716_trimV5.fastq.gz
Approx 85% complete for E14_72h_H3K27me3_ChIP_Yang2019_GSM3314716.fastq.gz
Approx 90% complete for E14_72h_H3K27me3_ChIP_Yang2019_GSM3314716_trimV5.fastq.gz
Approx 90% complete for E14_72h_H3K27me3_ChIP_Yang2019_GSM3314716.fastq.gz
Approx 95% complete for E14_72h_H3K27me3_ChIP_Yang2019_GSM3314716_trimV5.fastq.gz
Approx 95% complete for E14_72h_H3K27me3_ChIP_Yang2019_GSM3314716.fastq.gz
Analysis complete for E14_72h_H3K27me3_ChIP_Yang2019_GSM3314716_trimV5.fastq.gz
Analysis complete for E14_72h_H3K27me3_ChIP_Yang2019_GSM3314716.fastq.gz
[fastQC] finished succesfully at [Thu Jul 4 01:21:34 AM CEST 2024]
[bowtie2 alignment] started with reference /data/reference_genomes/mm10/mm10 at [Thu Jul 4 01:21:34 AM CEST 2024]
[alignment] Bowtie2 alignment finished successfully at [Thu Jul 4 01:56:16 AM CEST 2024]
[sam grooming] started at [Thu Jul 4 01:57:48 AM CEST 2024]
01:57:49.592 INFO  NativeLibraryLoader - Loading libgkl_compression.so from jar:file:/home/robin/bin/miniconda3/share/picard-2.26.2-0/picard.jar!/com/intel/gkl/native/libgkl_compression.so
[Thu Jul 04 01:57:49 CEST 2024] CleanSam --INPUT E14_72h_H3K27me3_ChIP_Yang2019_GSM3314716_raw.sam --OUTPUT E14_72h_H3K27me3_ChIP_Yang2019_GSM3314716_cleaned.sam --TMP_DIR . --VERBOSITY INFO --QUIET false --VALIDATION_STRINGENCY STRICT --COMPRESSION_LEVEL 5 --MAX_RECORDS_IN_RAM 500000 --CREATE_INDEX false --CREATE_MD5_FILE false --GA4GH_CLIENT_SECRETS client_secrets.json --help false --version false --showHidden false --USE_JDK_DEFLATER false --USE_JDK_INFLATER false
[Thu Jul 04 01:57:49 CEST 2024] Executing as robin@epipax.ijm.univ-paris-diderot.priv on Linux 6.1.0-21-amd64 amd64; OpenJDK 64-Bit Server VM 1.8.0_332-b09; Deflater: Intel; Inflater: Intel; Provider GCS is not available; Picard version: Version:2.26.2
INFO	2024-07-04 01:57:49	CleanSam	Seen many non-increasing record positions. Printing Read-names as well.
INFO	2024-07-04 01:57:55	CleanSam	Processed     1,000,000 records.  Elapsed time: 00:00:05s.  Time for last 1,000,000:    5s.  Last read position: chr13:71,729,876.  Last read name: SRR7624404.47497361
INFO	2024-07-04 01:58:00	CleanSam	Processed     2,000,000 records.  Elapsed time: 00:00:10s.  Time for last 1,000,000:    4s.  Last read position: chr17:59,505,981.  Last read name: SRR7624404.1120907
INFO	2024-07-04 01:58:04	CleanSam	Processed     3,000,000 records.  Elapsed time: 00:00:15s.  Time for last 1,000,000:    4s.  Last read position: chrX:117,595,807.  Last read name: SRR7624404.30283321
INFO	2024-07-04 01:58:09	CleanSam	Processed     4,000,000 records.  Elapsed time: 00:00:20s.  Time for last 1,000,000:    4s.  Last read position: chr14:111,292,669.  Last read name: SRR7624404.31600364
INFO	2024-07-04 01:58:14	CleanSam	Processed     5,000,000 records.  Elapsed time: 00:00:24s.  Time for last 1,000,000:    4s.  Last read position: chr3:47,045,709.  Last read name: SRR7624404.38491962
INFO	2024-07-04 01:58:19	CleanSam	Processed     6,000,000 records.  Elapsed time: 00:00:29s.  Time for last 1,000,000:    4s.  Last read position: chr2:15,594,816.  Last read name: SRR7624404.13713026
INFO	2024-07-04 01:58:24	CleanSam	Processed     7,000,000 records.  Elapsed time: 00:00:34s.  Time for last 1,000,000:    4s.  Last read position: chr4:134,701,687.  Last read name: SRR7624404.48578264
INFO	2024-07-04 01:58:28	CleanSam	Processed     8,000,000 records.  Elapsed time: 00:00:39s.  Time for last 1,000,000:    4s.  Last read position: chr16:23,810,607.  Last read name: SRR7624404.34733677
INFO	2024-07-04 01:58:33	CleanSam	Processed     9,000,000 records.  Elapsed time: 00:00:43s.  Time for last 1,000,000:    4s.  Last read position: chr6:71,248,051.  Last read name: SRR7624404.35803065
INFO	2024-07-04 01:58:38	CleanSam	Processed    10,000,000 records.  Elapsed time: 00:00:48s.  Time for last 1,000,000:    4s.  Last read position: chr11:116,530,522.  Last read name: SRR7624404.28443402
INFO	2024-07-04 01:58:43	CleanSam	Processed    11,000,000 records.  Elapsed time: 00:00:53s.  Time for last 1,000,000:    4s.  Last read position: chr14:81,715,199.  Last read name: SRR7624404.31579198
INFO	2024-07-04 01:58:47	CleanSam	Processed    12,000,000 records.  Elapsed time: 00:00:58s.  Time for last 1,000,000:    4s.  Last read position: chr8:96,522,462.  Last read name: SRR7624404.42541068
INFO	2024-07-04 01:58:52	CleanSam	Processed    13,000,000 records.  Elapsed time: 00:01:02s.  Time for last 1,000,000:    4s.  Last read position: chr7:105,767,265.  Last read name: SRR7624404.49009250
INFO	2024-07-04 01:58:57	CleanSam	Processed    14,000,000 records.  Elapsed time: 00:01:07s.  Time for last 1,000,000:    4s.  Last read position: chr1:130,617,047.  Last read name: SRR7624404.12597650
INFO	2024-07-04 01:59:01	CleanSam	Processed    15,000,000 records.  Elapsed time: 00:01:12s.  Time for last 1,000,000:    4s.  Last read position: chr2:48,127,712.  Last read name: SRR7624404.13748669
INFO	2024-07-04 01:59:06	CleanSam	Processed    16,000,000 records.  Elapsed time: 00:01:17s.  Time for last 1,000,000:    4s.  Last read position: chr8:109,326,206.  Last read name: SRR7624404.46862133
INFO	2024-07-04 01:59:11	CleanSam	Processed    17,000,000 records.  Elapsed time: 00:01:21s.  Time for last 1,000,000:    4s.  Last read position: chr2:144,272,227.  Last read name: SRR7624404.23283598
INFO	2024-07-04 01:59:16	CleanSam	Processed    18,000,000 records.  Elapsed time: 00:01:26s.  Time for last 1,000,000:    4s.  Last read position: chr4:141,939,753.  Last read name: SRR7624404.26655565
INFO	2024-07-04 01:59:21	CleanSam	Processed    19,000,000 records.  Elapsed time: 00:01:31s.  Time for last 1,000,000:    4s.  Last read position: chr11:67,287,349.  Last read name: SRR7624404.34194339
INFO	2024-07-04 01:59:26	CleanSam	Processed    20,000,000 records.  Elapsed time: 00:01:36s.  Time for last 1,000,000:    5s.  Last read position: chr15:82,300,160.  Last read name: SRR7624404.47719897
INFO	2024-07-04 01:59:31	CleanSam	Processed    21,000,000 records.  Elapsed time: 00:01:41s.  Time for last 1,000,000:    4s.  Last read position: chr5:141,271,656.  Last read name: SRR7624404.2040367
INFO	2024-07-04 01:59:35	CleanSam	Processed    22,000,000 records.  Elapsed time: 00:01:46s.  Time for last 1,000,000:    4s.  Last read position: chr2:17,528,229.  Last read name: SRR7624404.26195166
INFO	2024-07-04 01:59:40	CleanSam	Processed    23,000,000 records.  Elapsed time: 00:01:51s.  Time for last 1,000,000:    4s.  Last read position: chr1:33,285,716.  Last read name: SRR7624404.28065986
INFO	2024-07-04 01:59:45	CleanSam	Processed    24,000,000 records.  Elapsed time: 00:01:55s.  Time for last 1,000,000:    4s.  Last read position: chr4:129,496,790.  Last read name: SRR7624404.1844136
INFO	2024-07-04 01:59:50	CleanSam	Processed    25,000,000 records.  Elapsed time: 00:02:00s.  Time for last 1,000,000:    4s.  Last read position: chr2:131,053,414.  Last read name: SRR7624404.13853378
INFO	2024-07-04 01:59:55	CleanSam	Processed    26,000,000 records.  Elapsed time: 00:02:05s.  Time for last 1,000,000:    4s.  Last read position: chr10:44,979,699.  Last read name: SRR7624404.28238133
INFO	2024-07-04 02:00:00	CleanSam	Processed    27,000,000 records.  Elapsed time: 00:02:10s.  Time for last 1,000,000:    4s.  Last read position: chr5:53,996,100.  Last read name: SRR7624404.14260721
INFO	2024-07-04 02:00:05	CleanSam	Processed    28,000,000 records.  Elapsed time: 00:02:15s.  Time for last 1,000,000:    4s.  Last read position: chr1:132,467,949.  Last read name: SRR7624404.25125611
INFO	2024-07-04 02:00:09	CleanSam	Processed    29,000,000 records.  Elapsed time: 00:02:20s.  Time for last 1,000,000:    4s.  Last read position: chr7:80,400,159.  Last read name: SRR7624404.14583288
INFO	2024-07-04 02:00:14	CleanSam	Processed    30,000,000 records.  Elapsed time: 00:02:25s.  Time for last 1,000,000:    4s.  Last read position: chr16:35,107,619.  Last read name: SRR7624404.31736095
INFO	2024-07-04 02:00:19	CleanSam	Processed    31,000,000 records.  Elapsed time: 00:02:30s.  Time for last 1,000,000:    5s.  Last read position: chr7:68,240,620.  Last read name: SRR7624404.48969842
INFO	2024-07-04 02:00:24	CleanSam	Processed    32,000,000 records.  Elapsed time: 00:02:34s.  Time for last 1,000,000:    4s.  Last read position: chr1:105,224,913.  Last read name: SRR7624404.40281953
INFO	2024-07-04 02:00:30	CleanSam	Processed    33,000,000 records.  Elapsed time: 00:02:41s.  Time for last 1,000,000:    6s.  Last read position: chr10:87,050,456.  Last read name: SRR7624404.31132287
INFO	2024-07-04 02:00:35	CleanSam	Processed    34,000,000 records.  Elapsed time: 00:02:45s.  Time for last 1,000,000:    4s.  Last read position: chr19:29,981,930.  Last read name: SRR7624404.29104132
INFO	2024-07-04 02:00:40	CleanSam	Processed    35,000,000 records.  Elapsed time: 00:02:50s.  Time for last 1,000,000:    4s.  Last read position: chr7:82,412,247.  Last read name: SRR7624404.32836003
INFO	2024-07-04 02:00:45	CleanSam	Processed    36,000,000 records.  Elapsed time: 00:02:55s.  Time for last 1,000,000:    4s.  Last read position: chr6:22,064,833.  Last read name: SRR7624404.38929291
INFO	2024-07-04 02:00:49	CleanSam	Processed    37,000,000 records.  Elapsed time: 00:03:00s.  Time for last 1,000,000:    4s.  Last read position: chr5:147,679,351.  Last read name: SRR7624404.20665443
INFO	2024-07-04 02:00:54	CleanSam	Processed    38,000,000 records.  Elapsed time: 00:03:04s.  Time for last 1,000,000:    4s.  Last read position: chr5:147,271,533.  Last read name: SRR7624404.38906896
INFO	2024-07-04 02:00:59	CleanSam	Processed    39,000,000 records.  Elapsed time: 00:03:09s.  Time for last 1,000,000:    4s.  Last read position: chr5:14,507,921.  Last read name: SRR7624404.35582365
INFO	2024-07-04 02:01:04	CleanSam	Processed    40,000,000 records.  Elapsed time: 00:03:14s.  Time for last 1,000,000:    4s.  Last read position: chr17:87,159,091.  Last read name: SRR7624404.26030367
INFO	2024-07-04 02:01:09	CleanSam	Processed    41,000,000 records.  Elapsed time: 00:03:19s.  Time for last 1,000,000:    4s.  Last read position: chr5:122,126,549.  Last read name: SRR7624404.32601384
INFO	2024-07-04 02:01:14	CleanSam	Processed    42,000,000 records.  Elapsed time: 00:03:24s.  Time for last 1,000,000:    4s.  Last read position: chr5:149,023,910.  Last read name: SRR7624404.48764057
INFO	2024-07-04 02:01:18	CleanSam	Processed    43,000,000 records.  Elapsed time: 00:03:29s.  Time for last 1,000,000:    4s.  Last read position: chr17:27,150,444.  Last read name: SRR7624404.47866829
[Thu Jul 04 02:01:30 CEST 2024] picard.sam.CleanSam done. Elapsed time: 3.69 minutes.
Runtime.totalMemory()=873463808
02:01:32.656 INFO  NativeLibraryLoader - Loading libgkl_compression.so from jar:file:/home/robin/bin/miniconda3/share/picard-2.26.2-0/picard.jar!/com/intel/gkl/native/libgkl_compression.so
[Thu Jul 04 02:01:32 CEST 2024] SamFormatConverter --INPUT E14_72h_H3K27me3_ChIP_Yang2019_GSM3314716_cleaned.sam --OUTPUT E14_72h_H3K27me3_ChIP_Yang2019_GSM3314716_unsorted.bam --TMP_DIR . --VERBOSITY INFO --QUIET false --VALIDATION_STRINGENCY STRICT --COMPRESSION_LEVEL 5 --MAX_RECORDS_IN_RAM 500000 --CREATE_INDEX false --CREATE_MD5_FILE false --GA4GH_CLIENT_SECRETS client_secrets.json --help false --version false --showHidden false --USE_JDK_DEFLATER false --USE_JDK_INFLATER false
[Thu Jul 04 02:01:32 CEST 2024] Executing as robin@epipax.ijm.univ-paris-diderot.priv on Linux 6.1.0-21-amd64 amd64; OpenJDK 64-Bit Server VM 1.8.0_332-b09; Deflater: Intel; Inflater: Intel; Provider GCS is not available; Picard version: Version:2.26.2
INFO	2024-07-04 02:01:34	SamFormatConverter	Seen many non-increasing record positions. Printing Read-names as well.
INFO	2024-07-04 02:01:43	SamFormatConverter	Processed     1,000,000 records.  Elapsed time: 00:00:09s.  Time for last 1,000,000:    9s.  Last read position: chr13:71,729,876.  Last read name: SRR7624404.47497361
INFO	2024-07-04 02:01:52	SamFormatConverter	Processed     2,000,000 records.  Elapsed time: 00:00:18s.  Time for last 1,000,000:    9s.  Last read position: chr17:59,505,981.  Last read name: SRR7624404.1120907
INFO	2024-07-04 02:02:02	SamFormatConverter	Processed     3,000,000 records.  Elapsed time: 00:00:28s.  Time for last 1,000,000:    9s.  Last read position: chrX:117,595,807.  Last read name: SRR7624404.30283321
INFO	2024-07-04 02:02:11	SamFormatConverter	Processed     4,000,000 records.  Elapsed time: 00:00:37s.  Time for last 1,000,000:    8s.  Last read position: chr14:111,292,669.  Last read name: SRR7624404.31600364
INFO	2024-07-04 02:02:18	SamFormatConverter	Processed     5,000,000 records.  Elapsed time: 00:00:45s.  Time for last 1,000,000:    7s.  Last read position: chr3:47,045,709.  Last read name: SRR7624404.38491962
INFO	2024-07-04 02:02:27	SamFormatConverter	Processed     6,000,000 records.  Elapsed time: 00:00:53s.  Time for last 1,000,000:    8s.  Last read position: chr2:15,594,816.  Last read name: SRR7624404.13713026
INFO	2024-07-04 02:02:35	SamFormatConverter	Processed     7,000,000 records.  Elapsed time: 00:01:02s.  Time for last 1,000,000:    8s.  Last read position: chr4:134,701,687.  Last read name: SRR7624404.48578264
INFO	2024-07-04 02:02:44	SamFormatConverter	Processed     8,000,000 records.  Elapsed time: 00:01:10s.  Time for last 1,000,000:    8s.  Last read position: chr16:23,810,607.  Last read name: SRR7624404.34733677
INFO	2024-07-04 02:02:53	SamFormatConverter	Processed     9,000,000 records.  Elapsed time: 00:01:19s.  Time for last 1,000,000:    8s.  Last read position: chr6:71,248,051.  Last read name: SRR7624404.35803065
INFO	2024-07-04 02:03:01	SamFormatConverter	Processed    10,000,000 records.  Elapsed time: 00:01:27s.  Time for last 1,000,000:    8s.  Last read position: chr11:116,530,522.  Last read name: SRR7624404.28443402
INFO	2024-07-04 02:03:11	SamFormatConverter	Processed    11,000,000 records.  Elapsed time: 00:01:37s.  Time for last 1,000,000:    9s.  Last read position: chr14:81,715,199.  Last read name: SRR7624404.31579198
INFO	2024-07-04 02:03:19	SamFormatConverter	Processed    12,000,000 records.  Elapsed time: 00:01:45s.  Time for last 1,000,000:    8s.  Last read position: chr8:96,522,462.  Last read name: SRR7624404.42541068
INFO	2024-07-04 02:03:27	SamFormatConverter	Processed    13,000,000 records.  Elapsed time: 00:01:54s.  Time for last 1,000,000:    8s.  Last read position: chr7:105,767,265.  Last read name: SRR7624404.49009250
INFO	2024-07-04 02:03:36	SamFormatConverter	Processed    14,000,000 records.  Elapsed time: 00:02:02s.  Time for last 1,000,000:    8s.  Last read position: chr1:130,617,047.  Last read name: SRR7624404.12597650
INFO	2024-07-04 02:03:44	SamFormatConverter	Processed    15,000,000 records.  Elapsed time: 00:02:10s.  Time for last 1,000,000:    8s.  Last read position: chr2:48,127,712.  Last read name: SRR7624404.13748669
INFO	2024-07-04 02:03:52	SamFormatConverter	Processed    16,000,000 records.  Elapsed time: 00:02:18s.  Time for last 1,000,000:    8s.  Last read position: chr8:109,326,206.  Last read name: SRR7624404.46862133
INFO	2024-07-04 02:04:00	SamFormatConverter	Processed    17,000,000 records.  Elapsed time: 00:02:26s.  Time for last 1,000,000:    8s.  Last read position: chr2:144,272,227.  Last read name: SRR7624404.23283598
INFO	2024-07-04 02:04:09	SamFormatConverter	Processed    18,000,000 records.  Elapsed time: 00:02:35s.  Time for last 1,000,000:    8s.  Last read position: chr4:141,939,753.  Last read name: SRR7624404.26655565
INFO	2024-07-04 02:04:17	SamFormatConverter	Processed    19,000,000 records.  Elapsed time: 00:02:43s.  Time for last 1,000,000:    8s.  Last read position: chr11:67,287,349.  Last read name: SRR7624404.34194339
INFO	2024-07-04 02:04:25	SamFormatConverter	Processed    20,000,000 records.  Elapsed time: 00:02:51s.  Time for last 1,000,000:    8s.  Last read position: chr15:82,300,160.  Last read name: SRR7624404.47719897
INFO	2024-07-04 02:04:33	SamFormatConverter	Processed    21,000,000 records.  Elapsed time: 00:02:59s.  Time for last 1,000,000:    8s.  Last read position: chr5:141,271,656.  Last read name: SRR7624404.2040367
INFO	2024-07-04 02:04:41	SamFormatConverter	Processed    22,000,000 records.  Elapsed time: 00:03:07s.  Time for last 1,000,000:    8s.  Last read position: chr2:17,528,229.  Last read name: SRR7624404.26195166
INFO	2024-07-04 02:04:49	SamFormatConverter	Processed    23,000,000 records.  Elapsed time: 00:03:16s.  Time for last 1,000,000:    8s.  Last read position: chr1:33,285,716.  Last read name: SRR7624404.28065986
INFO	2024-07-04 02:04:58	SamFormatConverter	Processed    24,000,000 records.  Elapsed time: 00:03:24s.  Time for last 1,000,000:    8s.  Last read position: chr4:129,496,790.  Last read name: SRR7624404.1844136
INFO	2024-07-04 02:05:06	SamFormatConverter	Processed    25,000,000 records.  Elapsed time: 00:03:32s.  Time for last 1,000,000:    8s.  Last read position: chr2:131,053,414.  Last read name: SRR7624404.13853378
INFO	2024-07-04 02:05:14	SamFormatConverter	Processed    26,000,000 records.  Elapsed time: 00:03:41s.  Time for last 1,000,000:    8s.  Last read position: chr10:44,979,699.  Last read name: SRR7624404.28238133
INFO	2024-07-04 02:05:23	SamFormatConverter	Processed    27,000,000 records.  Elapsed time: 00:03:49s.  Time for last 1,000,000:    8s.  Last read position: chr5:53,996,100.  Last read name: SRR7624404.14260721
INFO	2024-07-04 02:05:31	SamFormatConverter	Processed    28,000,000 records.  Elapsed time: 00:03:57s.  Time for last 1,000,000:    8s.  Last read position: chr1:132,467,949.  Last read name: SRR7624404.25125611
INFO	2024-07-04 02:05:40	SamFormatConverter	Processed    29,000,000 records.  Elapsed time: 00:04:06s.  Time for last 1,000,000:    8s.  Last read position: chr7:80,400,159.  Last read name: SRR7624404.14583288
INFO	2024-07-04 02:05:48	SamFormatConverter	Processed    30,000,000 records.  Elapsed time: 00:04:14s.  Time for last 1,000,000:    8s.  Last read position: chr16:35,107,619.  Last read name: SRR7624404.31736095
INFO	2024-07-04 02:05:56	SamFormatConverter	Processed    31,000,000 records.  Elapsed time: 00:04:23s.  Time for last 1,000,000:    8s.  Last read position: chr7:68,240,620.  Last read name: SRR7624404.48969842
INFO	2024-07-04 02:06:05	SamFormatConverter	Processed    32,000,000 records.  Elapsed time: 00:04:31s.  Time for last 1,000,000:    8s.  Last read position: chr1:105,224,913.  Last read name: SRR7624404.40281953
INFO	2024-07-04 02:06:13	SamFormatConverter	Processed    33,000,000 records.  Elapsed time: 00:04:39s.  Time for last 1,000,000:    8s.  Last read position: chr10:87,050,456.  Last read name: SRR7624404.31132287
INFO	2024-07-04 02:06:21	SamFormatConverter	Processed    34,000,000 records.  Elapsed time: 00:04:47s.  Time for last 1,000,000:    8s.  Last read position: chr19:29,981,930.  Last read name: SRR7624404.29104132
INFO	2024-07-04 02:06:29	SamFormatConverter	Processed    35,000,000 records.  Elapsed time: 00:04:56s.  Time for last 1,000,000:    8s.  Last read position: chr7:82,412,247.  Last read name: SRR7624404.32836003
INFO	2024-07-04 02:06:38	SamFormatConverter	Processed    36,000,000 records.  Elapsed time: 00:05:04s.  Time for last 1,000,000:    8s.  Last read position: chr6:22,064,833.  Last read name: SRR7624404.38929291
INFO	2024-07-04 02:06:46	SamFormatConverter	Processed    37,000,000 records.  Elapsed time: 00:05:12s.  Time for last 1,000,000:    8s.  Last read position: chr5:147,679,351.  Last read name: SRR7624404.20665443
INFO	2024-07-04 02:06:54	SamFormatConverter	Processed    38,000,000 records.  Elapsed time: 00:05:20s.  Time for last 1,000,000:    8s.  Last read position: chr5:147,271,533.  Last read name: SRR7624404.38906896
INFO	2024-07-04 02:07:03	SamFormatConverter	Processed    39,000,000 records.  Elapsed time: 00:05:29s.  Time for last 1,000,000:    8s.  Last read position: chr5:14,507,921.  Last read name: SRR7624404.35582365
INFO	2024-07-04 02:07:11	SamFormatConverter	Processed    40,000,000 records.  Elapsed time: 00:05:37s.  Time for last 1,000,000:    8s.  Last read position: chr17:87,159,091.  Last read name: SRR7624404.26030367
INFO	2024-07-04 02:07:19	SamFormatConverter	Processed    41,000,000 records.  Elapsed time: 00:05:46s.  Time for last 1,000,000:    8s.  Last read position: chr5:122,126,549.  Last read name: SRR7624404.32601384
INFO	2024-07-04 02:07:28	SamFormatConverter	Processed    42,000,000 records.  Elapsed time: 00:05:54s.  Time for last 1,000,000:    8s.  Last read position: chr5:149,023,910.  Last read name: SRR7624404.48764057
INFO	2024-07-04 02:07:36	SamFormatConverter	Processed    43,000,000 records.  Elapsed time: 00:06:02s.  Time for last 1,000,000:    8s.  Last read position: chr17:27,150,444.  Last read name: SRR7624404.47866829
[Thu Jul 04 02:07:42 CEST 2024] picard.sam.SamFormatConverter done. Elapsed time: 6.16 minutes.
Runtime.totalMemory()=862453760
02:07:43.919 INFO  NativeLibraryLoader - Loading libgkl_compression.so from jar:file:/home/robin/bin/miniconda3/share/picard-2.26.2-0/picard.jar!/com/intel/gkl/native/libgkl_compression.so
[Thu Jul 04 02:07:44 CEST 2024] SortSam --INPUT E14_72h_H3K27me3_ChIP_Yang2019_GSM3314716_unsorted.bam --OUTPUT E14_72h_H3K27me3_ChIP_Yang2019_GSM3314716_sorted.bam --SORT_ORDER coordinate --TMP_DIR . --VERBOSITY INFO --QUIET false --VALIDATION_STRINGENCY STRICT --COMPRESSION_LEVEL 5 --MAX_RECORDS_IN_RAM 500000 --CREATE_INDEX false --CREATE_MD5_FILE false --GA4GH_CLIENT_SECRETS client_secrets.json --help false --version false --showHidden false --USE_JDK_DEFLATER false --USE_JDK_INFLATER false
[Thu Jul 04 02:07:44 CEST 2024] Executing as robin@epipax.ijm.univ-paris-diderot.priv on Linux 6.1.0-21-amd64 amd64; OpenJDK 64-Bit Server VM 1.8.0_332-b09; Deflater: Intel; Inflater: Intel; Provider GCS is not available; Picard version: Version:2.26.2
INFO	2024-07-04 02:07:44	SortSam	Seen many non-increasing record positions. Printing Read-names as well.
INFO	2024-07-04 02:08:37	SortSam	Read    10,000,000 records.  Elapsed time: 00:00:53s.  Time for last 10,000,000:   53s.  Last read position: chr11:116,530,522.  Last read name: SRR7624404.28443402
INFO	2024-07-04 02:09:29	SortSam	Read    20,000,000 records.  Elapsed time: 00:01:44s.  Time for last 10,000,000:   51s.  Last read position: chr15:82,300,160.  Last read name: SRR7624404.47719897
INFO	2024-07-04 02:10:24	SortSam	Read    30,000,000 records.  Elapsed time: 00:02:39s.  Time for last 10,000,000:   54s.  Last read position: chr16:35,107,619.  Last read name: SRR7624404.31736095
INFO	2024-07-04 02:11:13	SortSam	Read    40,000,000 records.  Elapsed time: 00:03:29s.  Time for last 10,000,000:   49s.  Last read position: chr17:87,159,091.  Last read name: SRR7624404.26030367
INFO	2024-07-04 02:11:34	SortSam	Finished reading inputs, merging and writing to output now.
INFO	2024-07-04 02:12:18	SortSam	Wrote    10,000,000 records from a sorting collection.  Elapsed time: 00:04:33s.  Time for last 10,000,000:   42s.  Last read position: chr4:85,219,148
INFO	2024-07-04 02:13:01	SortSam	Wrote    20,000,000 records from a sorting collection.  Elapsed time: 00:05:17s.  Time for last 10,000,000:   43s.  Last read position: chr8:70,403,652
INFO	2024-07-04 02:13:44	SortSam	Wrote    30,000,000 records from a sorting collection.  Elapsed time: 00:05:59s.  Time for last 10,000,000:   42s.  Last read position: chr13:24,310,304
INFO	2024-07-04 02:14:27	SortSam	Wrote    40,000,000 records from a sorting collection.  Elapsed time: 00:06:43s.  Time for last 10,000,000:   43s.  Last read position: chr19:9,087,521
[Thu Jul 04 02:14:43 CEST 2024] picard.sam.SortSam done. Elapsed time: 6.99 minutes.
Runtime.totalMemory()=1720713216
02:14:44.435 INFO  NativeLibraryLoader - Loading libgkl_compression.so from jar:file:/home/robin/bin/miniconda3/share/picard-2.26.2-0/picard.jar!/com/intel/gkl/native/libgkl_compression.so
[Thu Jul 04 02:14:44 CEST 2024] MarkDuplicates --INPUT E14_72h_H3K27me3_ChIP_Yang2019_GSM3314716_sorted.bam --OUTPUT E14_72h_H3K27me3_ChIP_Yang2019_GSM3314716.bam --METRICS_FILE E14_72h_H3K27me3_ChIP_Yang2019_GSM3314716_markDupeMetrics.txt --REMOVE_DUPLICATES false --TMP_DIR . --MAX_SEQUENCES_FOR_DISK_READ_ENDS_MAP 50000 --MAX_FILE_HANDLES_FOR_READ_ENDS_MAP 8000 --SORTING_COLLECTION_SIZE_RATIO 0.25 --TAG_DUPLICATE_SET_MEMBERS false --REMOVE_SEQUENCING_DUPLICATES false --TAGGING_POLICY DontTag --CLEAR_DT true --DUPLEX_UMI false --ADD_PG_TAG_TO_READS true --ASSUME_SORTED false --DUPLICATE_SCORING_STRATEGY SUM_OF_BASE_QUALITIES --PROGRAM_RECORD_ID MarkDuplicates --PROGRAM_GROUP_NAME MarkDuplicates --READ_NAME_REGEX <optimized capture of last three ':' separated fields as numeric values> --OPTICAL_DUPLICATE_PIXEL_DISTANCE 100 --MAX_OPTICAL_DUPLICATE_SET_SIZE 300000 --VERBOSITY INFO --QUIET false --VALIDATION_STRINGENCY STRICT --COMPRESSION_LEVEL 5 --MAX_RECORDS_IN_RAM 500000 --CREATE_INDEX false --CREATE_MD5_FILE false --GA4GH_CLIENT_SECRETS client_secrets.json --help false --version false --showHidden false --USE_JDK_DEFLATER false --USE_JDK_INFLATER false
[Thu Jul 04 02:14:44 CEST 2024] Executing as robin@epipax.ijm.univ-paris-diderot.priv on Linux 6.1.0-21-amd64 amd64; OpenJDK 64-Bit Server VM 1.8.0_332-b09; Deflater: Intel; Inflater: Intel; Provider GCS is not available; Picard version: Version:2.26.2
INFO	2024-07-04 02:14:44	MarkDuplicates	Start of doWork freeMemory: 501502360; totalMemory: 514850816; maxMemory: 1908932608
INFO	2024-07-04 02:14:44	MarkDuplicates	Reading input file and constructing read end information.
INFO	2024-07-04 02:14:44	MarkDuplicates	Will retain up to 6916422 data points before spilling to disk.
WARNING	2024-07-04 02:14:44	AbstractOpticalDuplicateFinderCommandLineProgram	A field field parsed out of a read name was expected to contain an integer and did not. Read name: SRR7624404.18685003. Cause: String 'SRR7624404.18685003' did not start with a parsable number.
INFO	2024-07-04 02:14:48	MarkDuplicates	Read     1,000,000 records.  Elapsed time: 00:00:03s.  Time for last 1,000,000:    3s.  Last read position: chr1:71,008,417
INFO	2024-07-04 02:14:48	MarkDuplicates	Tracking 0 as yet unmatched pairs. 0 records in RAM.
INFO	2024-07-04 02:14:52	MarkDuplicates	Read     2,000,000 records.  Elapsed time: 00:00:07s.  Time for last 1,000,000:    3s.  Last read position: chr1:134,856,550
INFO	2024-07-04 02:14:52	MarkDuplicates	Tracking 0 as yet unmatched pairs. 0 records in RAM.
INFO	2024-07-04 02:14:55	MarkDuplicates	Read     3,000,000 records.  Elapsed time: 00:00:10s.  Time for last 1,000,000:    3s.  Last read position: chr1:194,221,206
INFO	2024-07-04 02:14:55	MarkDuplicates	Tracking 0 as yet unmatched pairs. 0 records in RAM.
INFO	2024-07-04 02:14:59	MarkDuplicates	Read     4,000,000 records.  Elapsed time: 00:00:14s.  Time for last 1,000,000:    4s.  Last read position: chr2:61,653,652
INFO	2024-07-04 02:14:59	MarkDuplicates	Tracking 0 as yet unmatched pairs. 0 records in RAM.
INFO	2024-07-04 02:15:03	MarkDuplicates	Read     5,000,000 records.  Elapsed time: 00:00:18s.  Time for last 1,000,000:    3s.  Last read position: chr2:111,898,864
INFO	2024-07-04 02:15:03	MarkDuplicates	Tracking 0 as yet unmatched pairs. 0 records in RAM.
INFO	2024-07-04 02:15:06	MarkDuplicates	Read     6,000,000 records.  Elapsed time: 00:00:21s.  Time for last 1,000,000:    3s.  Last read position: chr2:166,288,038
INFO	2024-07-04 02:15:06	MarkDuplicates	Tracking 0 as yet unmatched pairs. 0 records in RAM.
INFO	2024-07-04 02:15:12	MarkDuplicates	Read     7,000,000 records.  Elapsed time: 00:00:27s.  Time for last 1,000,000:    5s.  Last read position: chr3:52,640,410
INFO	2024-07-04 02:15:12	MarkDuplicates	Tracking 0 as yet unmatched pairs. 0 records in RAM.
INFO	2024-07-04 02:15:15	MarkDuplicates	Read     8,000,000 records.  Elapsed time: 00:00:30s.  Time for last 1,000,000:    3s.  Last read position: chr3:109,499,836
INFO	2024-07-04 02:15:15	MarkDuplicates	Tracking 0 as yet unmatched pairs. 0 records in RAM.
INFO	2024-07-04 02:15:18	MarkDuplicates	Read     9,000,000 records.  Elapsed time: 00:00:34s.  Time for last 1,000,000:    3s.  Last read position: chr4:18,992,762
INFO	2024-07-04 02:15:18	MarkDuplicates	Tracking 0 as yet unmatched pairs. 0 records in RAM.
INFO	2024-07-04 02:15:22	MarkDuplicates	Read    10,000,000 records.  Elapsed time: 00:00:37s.  Time for last 1,000,000:    3s.  Last read position: chr4:85,219,148
INFO	2024-07-04 02:15:22	MarkDuplicates	Tracking 0 as yet unmatched pairs. 0 records in RAM.
INFO	2024-07-04 02:15:25	MarkDuplicates	Read    11,000,000 records.  Elapsed time: 00:00:40s.  Time for last 1,000,000:    3s.  Last read position: chr4:138,873,993
INFO	2024-07-04 02:15:25	MarkDuplicates	Tracking 0 as yet unmatched pairs. 0 records in RAM.
INFO	2024-07-04 02:15:29	MarkDuplicates	Read    12,000,000 records.  Elapsed time: 00:00:45s.  Time for last 1,000,000:    4s.  Last read position: chr5:37,410,718
INFO	2024-07-04 02:15:29	MarkDuplicates	Tracking 0 as yet unmatched pairs. 0 records in RAM.
INFO	2024-07-04 02:15:32	MarkDuplicates	Read    13,000,000 records.  Elapsed time: 00:00:48s.  Time for last 1,000,000:    3s.  Last read position: chr5:101,687,261
INFO	2024-07-04 02:15:32	MarkDuplicates	Tracking 0 as yet unmatched pairs. 0 records in RAM.
INFO	2024-07-04 02:15:38	MarkDuplicates	Read    14,000,000 records.  Elapsed time: 00:00:53s.  Time for last 1,000,000:    5s.  Last read position: chr5:148,404,805
INFO	2024-07-04 02:15:38	MarkDuplicates	Tracking 0 as yet unmatched pairs. 0 records in RAM.
INFO	2024-07-04 02:15:41	MarkDuplicates	Read    15,000,000 records.  Elapsed time: 00:00:56s.  Time for last 1,000,000:    3s.  Last read position: chr6:55,831,264
INFO	2024-07-04 02:15:41	MarkDuplicates	Tracking 0 as yet unmatched pairs. 0 records in RAM.
INFO	2024-07-04 02:15:44	MarkDuplicates	Read    16,000,000 records.  Elapsed time: 00:00:59s.  Time for last 1,000,000:    3s.  Last read position: chr6:118,222,202
INFO	2024-07-04 02:15:44	MarkDuplicates	Tracking 0 as yet unmatched pairs. 0 records in RAM.
INFO	2024-07-04 02:15:48	MarkDuplicates	Read    17,000,000 records.  Elapsed time: 00:01:03s.  Time for last 1,000,000:    4s.  Last read position: chr7:35,459,279
INFO	2024-07-04 02:15:48	MarkDuplicates	Tracking 0 as yet unmatched pairs. 0 records in RAM.
INFO	2024-07-04 02:15:51	MarkDuplicates	Read    18,000,000 records.  Elapsed time: 00:01:06s.  Time for last 1,000,000:    3s.  Last read position: chr7:96,105,393
INFO	2024-07-04 02:15:51	MarkDuplicates	Tracking 0 as yet unmatched pairs. 0 records in RAM.
INFO	2024-07-04 02:15:54	MarkDuplicates	Read    19,000,000 records.  Elapsed time: 00:01:09s.  Time for last 1,000,000:    3s.  Last read position: chr8:10,062,575
INFO	2024-07-04 02:15:54	MarkDuplicates	Tracking 0 as yet unmatched pairs. 0 records in RAM.
INFO	2024-07-04 02:15:57	MarkDuplicates	Read    20,000,000 records.  Elapsed time: 00:01:13s.  Time for last 1,000,000:    3s.  Last read position: chr8:70,403,652
INFO	2024-07-04 02:15:57	MarkDuplicates	Tracking 0 as yet unmatched pairs. 0 records in RAM.
INFO	2024-07-04 02:16:03	MarkDuplicates	Read    21,000,000 records.  Elapsed time: 00:01:18s.  Time for last 1,000,000:    5s.  Last read position: chr8:123,139,987
INFO	2024-07-04 02:16:03	MarkDuplicates	Tracking 0 as yet unmatched pairs. 0 records in RAM.
INFO	2024-07-04 02:16:06	MarkDuplicates	Read    22,000,000 records.  Elapsed time: 00:01:21s.  Time for last 1,000,000:    3s.  Last read position: chr9:51,008,019
INFO	2024-07-04 02:16:06	MarkDuplicates	Tracking 0 as yet unmatched pairs. 0 records in RAM.
INFO	2024-07-04 02:16:09	MarkDuplicates	Read    23,000,000 records.  Elapsed time: 00:01:24s.  Time for last 1,000,000:    3s.  Last read position: chr9:106,902,304
INFO	2024-07-04 02:16:09	MarkDuplicates	Tracking 0 as yet unmatched pairs. 0 records in RAM.
INFO	2024-07-04 02:16:13	MarkDuplicates	Read    24,000,000 records.  Elapsed time: 00:01:28s.  Time for last 1,000,000:    4s.  Last read position: chr10:48,833,104
INFO	2024-07-04 02:16:13	MarkDuplicates	Tracking 0 as yet unmatched pairs. 0 records in RAM.
INFO	2024-07-04 02:16:16	MarkDuplicates	Read    25,000,000 records.  Elapsed time: 00:01:31s.  Time for last 1,000,000:    3s.  Last read position: chr10:106,403,788
INFO	2024-07-04 02:16:16	MarkDuplicates	Tracking 0 as yet unmatched pairs. 0 records in RAM.
INFO	2024-07-04 02:16:19	MarkDuplicates	Read    26,000,000 records.  Elapsed time: 00:01:34s.  Time for last 1,000,000:    3s.  Last read position: chr11:38,720,359
INFO	2024-07-04 02:16:19	MarkDuplicates	Tracking 0 as yet unmatched pairs. 0 records in RAM.
INFO	2024-07-04 02:16:22	MarkDuplicates	Read    27,000,000 records.  Elapsed time: 00:01:38s.  Time for last 1,000,000:    3s.  Last read position: chr11:90,359,970
INFO	2024-07-04 02:16:22	MarkDuplicates	Tracking 0 as yet unmatched pairs. 0 records in RAM.
INFO	2024-07-04 02:16:28	MarkDuplicates	Read    28,000,000 records.  Elapsed time: 00:01:43s.  Time for last 1,000,000:    5s.  Last read position: chr12:14,749,865
INFO	2024-07-04 02:16:28	MarkDuplicates	Tracking 0 as yet unmatched pairs. 0 records in RAM.
INFO	2024-07-04 02:16:31	MarkDuplicates	Read    29,000,000 records.  Elapsed time: 00:01:47s.  Time for last 1,000,000:    3s.  Last read position: chr12:82,472,702
INFO	2024-07-04 02:16:31	MarkDuplicates	Tracking 0 as yet unmatched pairs. 0 records in RAM.
INFO	2024-07-04 02:16:35	MarkDuplicates	Read    30,000,000 records.  Elapsed time: 00:01:50s.  Time for last 1,000,000:    3s.  Last read position: chr13:24,310,304
INFO	2024-07-04 02:16:35	MarkDuplicates	Tracking 0 as yet unmatched pairs. 0 records in RAM.
INFO	2024-07-04 02:16:40	MarkDuplicates	Read    31,000,000 records.  Elapsed time: 00:01:55s.  Time for last 1,000,000:    5s.  Last read position: chr13:79,760,028
INFO	2024-07-04 02:16:40	MarkDuplicates	Tracking 0 as yet unmatched pairs. 0 records in RAM.
INFO	2024-07-04 02:16:43	MarkDuplicates	Read    32,000,000 records.  Elapsed time: 00:01:58s.  Time for last 1,000,000:    3s.  Last read position: chr14:19,418,214
INFO	2024-07-04 02:16:43	MarkDuplicates	Tracking 0 as yet unmatched pairs. 0 records in RAM.
INFO	2024-07-04 02:16:47	MarkDuplicates	Read    33,000,000 records.  Elapsed time: 00:02:02s.  Time for last 1,000,000:    3s.  Last read position: chr14:76,531,958
INFO	2024-07-04 02:16:47	MarkDuplicates	Tracking 0 as yet unmatched pairs. 0 records in RAM.
INFO	2024-07-04 02:16:50	MarkDuplicates	Read    34,000,000 records.  Elapsed time: 00:02:05s.  Time for last 1,000,000:    3s.  Last read position: chr15:28,157,479
INFO	2024-07-04 02:16:50	MarkDuplicates	Tracking 0 as yet unmatched pairs. 0 records in RAM.
INFO	2024-07-04 02:16:55	MarkDuplicates	Read    35,000,000 records.  Elapsed time: 00:02:11s.  Time for last 1,000,000:    5s.  Last read position: chr15:89,472,629
INFO	2024-07-04 02:16:55	MarkDuplicates	Tracking 0 as yet unmatched pairs. 0 records in RAM.
INFO	2024-07-04 02:16:59	MarkDuplicates	Read    36,000,000 records.  Elapsed time: 00:02:14s.  Time for last 1,000,000:    3s.  Last read position: chr16:39,755,156
INFO	2024-07-04 02:16:59	MarkDuplicates	Tracking 0 as yet unmatched pairs. 0 records in RAM.
INFO	2024-07-04 02:17:02	MarkDuplicates	Read    37,000,000 records.  Elapsed time: 00:02:17s.  Time for last 1,000,000:    3s.  Last read position: chr17:8,797,828
INFO	2024-07-04 02:17:02	MarkDuplicates	Tracking 0 as yet unmatched pairs. 0 records in RAM.
INFO	2024-07-04 02:17:06	MarkDuplicates	Read    38,000,000 records.  Elapsed time: 00:02:21s.  Time for last 1,000,000:    3s.  Last read position: chr17:65,882,037
INFO	2024-07-04 02:17:06	MarkDuplicates	Tracking 0 as yet unmatched pairs. 0 records in RAM.
INFO	2024-07-04 02:17:11	MarkDuplicates	Read    39,000,000 records.  Elapsed time: 00:02:26s.  Time for last 1,000,000:    5s.  Last read position: chr18:37,720,930
INFO	2024-07-04 02:17:11	MarkDuplicates	Tracking 0 as yet unmatched pairs. 0 records in RAM.
INFO	2024-07-04 02:17:14	MarkDuplicates	Read    40,000,000 records.  Elapsed time: 00:02:29s.  Time for last 1,000,000:    3s.  Last read position: chr19:9,087,521
INFO	2024-07-04 02:17:14	MarkDuplicates	Tracking 0 as yet unmatched pairs. 0 records in RAM.
INFO	2024-07-04 02:17:17	MarkDuplicates	Read    41,000,000 records.  Elapsed time: 00:02:33s.  Time for last 1,000,000:    3s.  Last read position: chrX:7,306,514
INFO	2024-07-04 02:17:17	MarkDuplicates	Tracking 0 as yet unmatched pairs. 0 records in RAM.
INFO	2024-07-04 02:17:23	MarkDuplicates	Read    42,000,000 records.  Elapsed time: 00:02:38s.  Time for last 1,000,000:    5s.  Last read position: chrX:120,726,417
INFO	2024-07-04 02:17:23	MarkDuplicates	Tracking 0 as yet unmatched pairs. 0 records in RAM.
INFO	2024-07-04 02:17:26	MarkDuplicates	Read    43,000,000 records.  Elapsed time: 00:02:41s.  Time for last 1,000,000:    3s.  Last read position: chrUn_JH584304:38,044
INFO	2024-07-04 02:17:26	MarkDuplicates	Tracking 0 as yet unmatched pairs. 0 records in RAM.
INFO	2024-07-04 02:17:26	MarkDuplicates	Read 43100330 records. 0 pairs never matched.
INFO	2024-07-04 02:17:27	MarkDuplicates	After buildSortedReadEndLists freeMemory: 1617757400; totalMemory: 1663041536; maxMemory: 1908932608
INFO	2024-07-04 02:17:27	MarkDuplicates	Will retain up to 59654144 duplicate indices before spilling to disk.
INFO	2024-07-04 02:17:27	MarkDuplicates	Traversing read pair information and detecting duplicates.
INFO	2024-07-04 02:17:27	MarkDuplicates	Traversing fragment information and detecting duplicates.
INFO	2024-07-04 02:17:37	MarkDuplicates	Sorting list of duplicate records.
INFO	2024-07-04 02:17:38	MarkDuplicates	After generateDuplicateIndexes freeMemory: 1166492184; totalMemory: 1660944384; maxMemory: 1908932608
INFO	2024-07-04 02:17:38	MarkDuplicates	Marking 485622 records as duplicates.
INFO	2024-07-04 02:17:38	MarkDuplicates	Found 0 optical duplicate clusters.
INFO	2024-07-04 02:17:38	MarkDuplicates	Reads are assumed to be ordered by: coordinate
INFO	2024-07-04 02:18:45	MarkDuplicates	Written    10,000,000 records.  Elapsed time: 00:01:07s.  Time for last 10,000,000:   67s.  Last read position: chr4:85,219,148
INFO	2024-07-04 02:19:50	MarkDuplicates	Written    20,000,000 records.  Elapsed time: 00:02:12s.  Time for last 10,000,000:   64s.  Last read position: chr8:70,403,652
INFO	2024-07-04 02:20:54	MarkDuplicates	Written    30,000,000 records.  Elapsed time: 00:03:16s.  Time for last 10,000,000:   64s.  Last read position: chr13:24,310,304
INFO	2024-07-04 02:21:58	MarkDuplicates	Written    40,000,000 records.  Elapsed time: 00:04:20s.  Time for last 10,000,000:   64s.  Last read position: chr19:9,087,521
INFO	2024-07-04 02:22:21	MarkDuplicates	Writing complete. Closing input iterator.
INFO	2024-07-04 02:22:21	MarkDuplicates	Duplicate Index cleanup.
INFO	2024-07-04 02:22:21	MarkDuplicates	Getting Memory Stats.
INFO	2024-07-04 02:22:21	MarkDuplicates	Before output close freeMemory: 1673113376; totalMemory: 1691877376; maxMemory: 1908932608
INFO	2024-07-04 02:22:21	MarkDuplicates	Closed outputs. Getting more Memory Stats.
INFO	2024-07-04 02:22:21	MarkDuplicates	After output close freeMemory: 1673113376; totalMemory: 1691877376; maxMemory: 1908932608
[Thu Jul 04 02:22:21 CEST 2024] picard.sam.markduplicates.MarkDuplicates done. Elapsed time: 7.62 minutes.
Runtime.totalMemory()=1691877376
[sam grooming] finished successfully at [Thu Jul 4 02:22:31 AM CEST 2024]
[trueStats] Collecting alignment statistics for E14_72h_H3K27me3_ChIP_Yang2019_GSM3314716.bam at [Thu Jul 4 02:23:25 AM CEST 2024]
[bamToWigCPMsmoothKeepDup] Started with bin size: 1 and smoothing over 0 bp and KEEPING DUPLICATES at [Thu Jul 4 02:27:11 AM CEST 2024]
There are 41183791 alignments, of which 428995 are completely within a blacklist region.
Due to filtering, 90.08568285171098% of the aforementioned alignments will be used 36714236.27142179
[bamToWigCPMsmoothKeepDup] finished successfully at [Thu Jul 4 02:44:52 AM CEST 2024]
[file cleanup] started. Good job! at [Thu Jul 4 02:44:52 AM CEST 2024]
cp: cannot stat '*.pdf': No such file or directory
mv: cannot stat '*.bed': No such file or directory
mv: preserving times for '/data/bigWigs/E14_72h_H3K27me3_ChIP_Yang2019_GSM3314716_trimV5_mm10_kpDup_q10_b1_s0_CPM.bw': Operation not permitted
mv: preserving permissions for ‘/data/bigWigs/E14_72h_H3K27me3_ChIP_Yang2019_GSM3314716_trimV5_mm10_kpDup_q10_b1_s0_CPM.bw’: Operation not permitted
mv: preserving times for '/data/bams/E14_72h_H3K27me3_ChIP_Yang2019_GSM3314716_trimV5_mm10.bam': Operation not permitted
mv: preserving permissions for ‘/data/bams/E14_72h_H3K27me3_ChIP_Yang2019_GSM3314716_trimV5_mm10.bam’: Operation not permitted
mv: preserving times for '/data/bams/E14_72h_H3K27me3_ChIP_Yang2019_GSM3314716_trimV5_mm10.bam.bai': Operation not permitted
mv: preserving permissions for ‘/data/bams/E14_72h_H3K27me3_ChIP_Yang2019_GSM3314716_trimV5_mm10.bam.bai’: Operation not permitted
mv: cannot stat '*.gtf': No such file or directory
