SCRATCH: /scratch
[setupVariables] Data are paired-end. at [Fri Aug 30 05:51:45 PM CEST 2024]
[checkDependencies] Checking Dependencies [Fri Aug 30 05:51:46 PM CEST 2024] at [Fri Aug 30 05:51:46 PM CEST 2024]
[setup checkDependencies] trimmomatic... at [Fri Aug 30 05:51:46 PM CEST 2024]
[setup checkDependencies] STAR... at [Fri Aug 30 05:51:46 PM CEST 2024]
[setup checkDependencies] bismark... at [Fri Aug 30 05:51:46 PM CEST 2024]
[setup checkDependencies] bowtie2... at [Fri Aug 30 05:51:46 PM CEST 2024]
[setup checkDependencies] samtools... at [Fri Aug 30 05:51:46 PM CEST 2024]
[setup checkDependencies] picard... at [Fri Aug 30 05:51:46 PM CEST 2024]
[setup checkDependencies] awk... at [Fri Aug 30 05:51:46 PM CEST 2024]
[setup checkDependencies] bamCoverage... at [Fri Aug 30 05:51:46 PM CEST 2024]
[setup checkDependencies] fastqc... at [Fri Aug 30 05:51:46 PM CEST 2024]
[setup checkDependencies] fastq_screen... at [Fri Aug 30 05:51:46 PM CEST 2024]
[setup checkDependencies] stringtie... at [Fri Aug 30 05:51:46 PM CEST 2024]
[setup checkDependencies] clumpify.sh... at [Fri Aug 30 05:51:46 PM CEST 2024]
PAIRED: true
[setUpLogFile] Script started at [Fri Aug 30 05:51:46 PM CEST 2024] at [Fri Aug 30 05:51:46 PM CEST 2024]
[fastQC] started on raw FASTQs at [Fri Aug 30 05:51:46 PM CEST 2024]
Started analysis of C57BL6N_MII_oocyte_RNA_XieLab2016_rep1_GSM1933935_R1_raw.fastq.gz
Started analysis of C57BL6N_MII_oocyte_RNA_XieLab2016_rep1_GSM1933935_R2_raw.fastq.gz
Approx 5% complete for C57BL6N_MII_oocyte_RNA_XieLab2016_rep1_GSM1933935_R1_raw.fastq.gz
Approx 5% complete for C57BL6N_MII_oocyte_RNA_XieLab2016_rep1_GSM1933935_R2_raw.fastq.gz
Approx 10% complete for C57BL6N_MII_oocyte_RNA_XieLab2016_rep1_GSM1933935_R1_raw.fastq.gz
Approx 10% complete for C57BL6N_MII_oocyte_RNA_XieLab2016_rep1_GSM1933935_R2_raw.fastq.gz
Approx 15% complete for C57BL6N_MII_oocyte_RNA_XieLab2016_rep1_GSM1933935_R1_raw.fastq.gz
Approx 15% complete for C57BL6N_MII_oocyte_RNA_XieLab2016_rep1_GSM1933935_R2_raw.fastq.gz
Approx 20% complete for C57BL6N_MII_oocyte_RNA_XieLab2016_rep1_GSM1933935_R1_raw.fastq.gz
Approx 20% complete for C57BL6N_MII_oocyte_RNA_XieLab2016_rep1_GSM1933935_R2_raw.fastq.gz
Approx 25% complete for C57BL6N_MII_oocyte_RNA_XieLab2016_rep1_GSM1933935_R1_raw.fastq.gz
Approx 25% complete for C57BL6N_MII_oocyte_RNA_XieLab2016_rep1_GSM1933935_R2_raw.fastq.gz
Approx 30% complete for C57BL6N_MII_oocyte_RNA_XieLab2016_rep1_GSM1933935_R1_raw.fastq.gz
Approx 30% complete for C57BL6N_MII_oocyte_RNA_XieLab2016_rep1_GSM1933935_R2_raw.fastq.gz
Approx 35% complete for C57BL6N_MII_oocyte_RNA_XieLab2016_rep1_GSM1933935_R1_raw.fastq.gz
Approx 35% complete for C57BL6N_MII_oocyte_RNA_XieLab2016_rep1_GSM1933935_R2_raw.fastq.gz
Approx 40% complete for C57BL6N_MII_oocyte_RNA_XieLab2016_rep1_GSM1933935_R1_raw.fastq.gz
Approx 40% complete for C57BL6N_MII_oocyte_RNA_XieLab2016_rep1_GSM1933935_R2_raw.fastq.gz
Approx 45% complete for C57BL6N_MII_oocyte_RNA_XieLab2016_rep1_GSM1933935_R1_raw.fastq.gz
Approx 45% complete for C57BL6N_MII_oocyte_RNA_XieLab2016_rep1_GSM1933935_R2_raw.fastq.gz
Approx 50% complete for C57BL6N_MII_oocyte_RNA_XieLab2016_rep1_GSM1933935_R1_raw.fastq.gz
Approx 50% complete for C57BL6N_MII_oocyte_RNA_XieLab2016_rep1_GSM1933935_R2_raw.fastq.gz
Approx 55% complete for C57BL6N_MII_oocyte_RNA_XieLab2016_rep1_GSM1933935_R1_raw.fastq.gz
Approx 55% complete for C57BL6N_MII_oocyte_RNA_XieLab2016_rep1_GSM1933935_R2_raw.fastq.gz
Approx 60% complete for C57BL6N_MII_oocyte_RNA_XieLab2016_rep1_GSM1933935_R1_raw.fastq.gz
Approx 60% complete for C57BL6N_MII_oocyte_RNA_XieLab2016_rep1_GSM1933935_R2_raw.fastq.gz
Approx 65% complete for C57BL6N_MII_oocyte_RNA_XieLab2016_rep1_GSM1933935_R1_raw.fastq.gz
Approx 65% complete for C57BL6N_MII_oocyte_RNA_XieLab2016_rep1_GSM1933935_R2_raw.fastq.gz
Approx 70% complete for C57BL6N_MII_oocyte_RNA_XieLab2016_rep1_GSM1933935_R1_raw.fastq.gz
Approx 70% complete for C57BL6N_MII_oocyte_RNA_XieLab2016_rep1_GSM1933935_R2_raw.fastq.gz
Approx 75% complete for C57BL6N_MII_oocyte_RNA_XieLab2016_rep1_GSM1933935_R1_raw.fastq.gz
Approx 75% complete for C57BL6N_MII_oocyte_RNA_XieLab2016_rep1_GSM1933935_R2_raw.fastq.gz
Approx 80% complete for C57BL6N_MII_oocyte_RNA_XieLab2016_rep1_GSM1933935_R1_raw.fastq.gz
Approx 85% complete for C57BL6N_MII_oocyte_RNA_XieLab2016_rep1_GSM1933935_R1_raw.fastq.gz
Approx 80% complete for C57BL6N_MII_oocyte_RNA_XieLab2016_rep1_GSM1933935_R2_raw.fastq.gz
Approx 90% complete for C57BL6N_MII_oocyte_RNA_XieLab2016_rep1_GSM1933935_R1_raw.fastq.gz
Approx 85% complete for C57BL6N_MII_oocyte_RNA_XieLab2016_rep1_GSM1933935_R2_raw.fastq.gz
Approx 95% complete for C57BL6N_MII_oocyte_RNA_XieLab2016_rep1_GSM1933935_R1_raw.fastq.gz
Approx 90% complete for C57BL6N_MII_oocyte_RNA_XieLab2016_rep1_GSM1933935_R2_raw.fastq.gz
Analysis complete for C57BL6N_MII_oocyte_RNA_XieLab2016_rep1_GSM1933935_R1_raw.fastq.gz
Approx 95% complete for C57BL6N_MII_oocyte_RNA_XieLab2016_rep1_GSM1933935_R2_raw.fastq.gz
Analysis complete for C57BL6N_MII_oocyte_RNA_XieLab2016_rep1_GSM1933935_R2_raw.fastq.gz
[fastQC] on raw FASTQs finished succesfully. Will remove PCR duplicates now at [Fri Aug 30 05:53:31 PM CEST 2024]
Reads are length: 127 at [Fri Aug 30 05:53:31 PM CEST 2024]
Reads with same sequence 1 or fewer substitutions will be marked as PCR duplicates at [Fri Aug 30 05:53:31 PM CEST 2024]
Removal of PCR duplicates complete! at [Fri Aug 30 06:01:35 PM CEST 2024]
[trimReads] Started using version trimV5 parameters at [Fri Aug 30 06:01:35 PM CEST 2024]
ILLUMINACLIP:/data/reference_genomes/adapters/adapters.fa:2:30:10 SLIDINGWINDOW:4:20 MINLEN:24
[trimReads] Trimming C57BL6N_MII_oocyte_RNA_XieLab2016_rep1_GSM1933935_R1.fastq.gz and C57BL6N_MII_oocyte_RNA_XieLab2016_rep1_GSM1933935_R2.fastq.gz... at [Fri Aug 30 06:01:35 PM CEST 2024]
[trimReads] Finished successfully at [Fri Aug 30 06:04:29 PM CEST 2024]
[fastQC] started on C57BL6N_MII_oocyte_RNA_XieLab2016_rep1_GSM1933935_R1.fastq.gz C57BL6N_MII_oocyte_RNA_XieLab2016_rep1_GSM1933935_R2.fastq.gz C57BL6N_MII_oocyte_RNA_XieLab2016_rep1_GSM1933935_trimV5_R1.fastq.gz C57BL6N_MII_oocyte_RNA_XieLab2016_rep1_GSM1933935_trimV5_R2.fastq.gz at [Fri Aug 30 06:04:29 PM CEST 2024]
Started analysis of C57BL6N_MII_oocyte_RNA_XieLab2016_rep1_GSM1933935_R1.fastq.gz
Started analysis of C57BL6N_MII_oocyte_RNA_XieLab2016_rep1_GSM1933935_R2.fastq.gz
Started analysis of C57BL6N_MII_oocyte_RNA_XieLab2016_rep1_GSM1933935_trimV5_R1.fastq.gz
Started analysis of C57BL6N_MII_oocyte_RNA_XieLab2016_rep1_GSM1933935_trimV5_R2.fastq.gz
Approx 5% complete for C57BL6N_MII_oocyte_RNA_XieLab2016_rep1_GSM1933935_R1.fastq.gz
Approx 5% complete for C57BL6N_MII_oocyte_RNA_XieLab2016_rep1_GSM1933935_trimV5_R1.fastq.gz
Approx 5% complete for C57BL6N_MII_oocyte_RNA_XieLab2016_rep1_GSM1933935_R2.fastq.gz
Approx 5% complete for C57BL6N_MII_oocyte_RNA_XieLab2016_rep1_GSM1933935_trimV5_R2.fastq.gz
Approx 10% complete for C57BL6N_MII_oocyte_RNA_XieLab2016_rep1_GSM1933935_R1.fastq.gz
Approx 10% complete for C57BL6N_MII_oocyte_RNA_XieLab2016_rep1_GSM1933935_trimV5_R1.fastq.gz
Approx 10% complete for C57BL6N_MII_oocyte_RNA_XieLab2016_rep1_GSM1933935_trimV5_R2.fastq.gz
Approx 10% complete for C57BL6N_MII_oocyte_RNA_XieLab2016_rep1_GSM1933935_R2.fastq.gz
Approx 15% complete for C57BL6N_MII_oocyte_RNA_XieLab2016_rep1_GSM1933935_trimV5_R1.fastq.gz
Approx 15% complete for C57BL6N_MII_oocyte_RNA_XieLab2016_rep1_GSM1933935_R1.fastq.gz
Approx 15% complete for C57BL6N_MII_oocyte_RNA_XieLab2016_rep1_GSM1933935_trimV5_R2.fastq.gz
Approx 15% complete for C57BL6N_MII_oocyte_RNA_XieLab2016_rep1_GSM1933935_R2.fastq.gz
Approx 20% complete for C57BL6N_MII_oocyte_RNA_XieLab2016_rep1_GSM1933935_trimV5_R1.fastq.gz
Approx 20% complete for C57BL6N_MII_oocyte_RNA_XieLab2016_rep1_GSM1933935_R1.fastq.gz
Approx 20% complete for C57BL6N_MII_oocyte_RNA_XieLab2016_rep1_GSM1933935_trimV5_R2.fastq.gz
Approx 20% complete for C57BL6N_MII_oocyte_RNA_XieLab2016_rep1_GSM1933935_R2.fastq.gz
Approx 25% complete for C57BL6N_MII_oocyte_RNA_XieLab2016_rep1_GSM1933935_trimV5_R1.fastq.gz
Approx 25% complete for C57BL6N_MII_oocyte_RNA_XieLab2016_rep1_GSM1933935_R1.fastq.gz
Approx 25% complete for C57BL6N_MII_oocyte_RNA_XieLab2016_rep1_GSM1933935_trimV5_R2.fastq.gz
Approx 30% complete for C57BL6N_MII_oocyte_RNA_XieLab2016_rep1_GSM1933935_trimV5_R1.fastq.gz
Approx 25% complete for C57BL6N_MII_oocyte_RNA_XieLab2016_rep1_GSM1933935_R2.fastq.gz
Approx 30% complete for C57BL6N_MII_oocyte_RNA_XieLab2016_rep1_GSM1933935_R1.fastq.gz
Approx 30% complete for C57BL6N_MII_oocyte_RNA_XieLab2016_rep1_GSM1933935_trimV5_R2.fastq.gz
Approx 35% complete for C57BL6N_MII_oocyte_RNA_XieLab2016_rep1_GSM1933935_trimV5_R1.fastq.gz
Approx 35% complete for C57BL6N_MII_oocyte_RNA_XieLab2016_rep1_GSM1933935_R1.fastq.gz
Approx 30% complete for C57BL6N_MII_oocyte_RNA_XieLab2016_rep1_GSM1933935_R2.fastq.gz
Approx 40% complete for C57BL6N_MII_oocyte_RNA_XieLab2016_rep1_GSM1933935_trimV5_R1.fastq.gz
Approx 35% complete for C57BL6N_MII_oocyte_RNA_XieLab2016_rep1_GSM1933935_trimV5_R2.fastq.gz
Approx 40% complete for C57BL6N_MII_oocyte_RNA_XieLab2016_rep1_GSM1933935_R1.fastq.gz
Approx 35% complete for C57BL6N_MII_oocyte_RNA_XieLab2016_rep1_GSM1933935_R2.fastq.gz
Approx 45% complete for C57BL6N_MII_oocyte_RNA_XieLab2016_rep1_GSM1933935_trimV5_R1.fastq.gz
Approx 40% complete for C57BL6N_MII_oocyte_RNA_XieLab2016_rep1_GSM1933935_trimV5_R2.fastq.gz
Approx 45% complete for C57BL6N_MII_oocyte_RNA_XieLab2016_rep1_GSM1933935_R1.fastq.gz
Approx 50% complete for C57BL6N_MII_oocyte_RNA_XieLab2016_rep1_GSM1933935_trimV5_R1.fastq.gz
Approx 40% complete for C57BL6N_MII_oocyte_RNA_XieLab2016_rep1_GSM1933935_R2.fastq.gz
Approx 45% complete for C57BL6N_MII_oocyte_RNA_XieLab2016_rep1_GSM1933935_trimV5_R2.fastq.gz
Approx 50% complete for C57BL6N_MII_oocyte_RNA_XieLab2016_rep1_GSM1933935_R1.fastq.gz
Approx 55% complete for C57BL6N_MII_oocyte_RNA_XieLab2016_rep1_GSM1933935_trimV5_R1.fastq.gz
Approx 45% complete for C57BL6N_MII_oocyte_RNA_XieLab2016_rep1_GSM1933935_R2.fastq.gz
Approx 50% complete for C57BL6N_MII_oocyte_RNA_XieLab2016_rep1_GSM1933935_trimV5_R2.fastq.gz
Approx 55% complete for C57BL6N_MII_oocyte_RNA_XieLab2016_rep1_GSM1933935_R1.fastq.gz
Approx 60% complete for C57BL6N_MII_oocyte_RNA_XieLab2016_rep1_GSM1933935_trimV5_R1.fastq.gz
Approx 50% complete for C57BL6N_MII_oocyte_RNA_XieLab2016_rep1_GSM1933935_R2.fastq.gz
Approx 55% complete for C57BL6N_MII_oocyte_RNA_XieLab2016_rep1_GSM1933935_trimV5_R2.fastq.gz
Approx 60% complete for C57BL6N_MII_oocyte_RNA_XieLab2016_rep1_GSM1933935_R1.fastq.gz
Approx 65% complete for C57BL6N_MII_oocyte_RNA_XieLab2016_rep1_GSM1933935_trimV5_R1.fastq.gz
Approx 60% complete for C57BL6N_MII_oocyte_RNA_XieLab2016_rep1_GSM1933935_trimV5_R2.fastq.gz
Approx 55% complete for C57BL6N_MII_oocyte_RNA_XieLab2016_rep1_GSM1933935_R2.fastq.gz
Approx 65% complete for C57BL6N_MII_oocyte_RNA_XieLab2016_rep1_GSM1933935_R1.fastq.gz
Approx 70% complete for C57BL6N_MII_oocyte_RNA_XieLab2016_rep1_GSM1933935_trimV5_R1.fastq.gz
Approx 65% complete for C57BL6N_MII_oocyte_RNA_XieLab2016_rep1_GSM1933935_trimV5_R2.fastq.gz
Approx 70% complete for C57BL6N_MII_oocyte_RNA_XieLab2016_rep1_GSM1933935_R1.fastq.gz
Approx 75% complete for C57BL6N_MII_oocyte_RNA_XieLab2016_rep1_GSM1933935_trimV5_R1.fastq.gz
Approx 60% complete for C57BL6N_MII_oocyte_RNA_XieLab2016_rep1_GSM1933935_R2.fastq.gz
Approx 70% complete for C57BL6N_MII_oocyte_RNA_XieLab2016_rep1_GSM1933935_trimV5_R2.fastq.gz
Approx 75% complete for C57BL6N_MII_oocyte_RNA_XieLab2016_rep1_GSM1933935_R1.fastq.gz
Approx 80% complete for C57BL6N_MII_oocyte_RNA_XieLab2016_rep1_GSM1933935_trimV5_R1.fastq.gz
Approx 65% complete for C57BL6N_MII_oocyte_RNA_XieLab2016_rep1_GSM1933935_R2.fastq.gz
Approx 85% complete for C57BL6N_MII_oocyte_RNA_XieLab2016_rep1_GSM1933935_trimV5_R1.fastq.gz
Approx 80% complete for C57BL6N_MII_oocyte_RNA_XieLab2016_rep1_GSM1933935_R1.fastq.gz
Approx 75% complete for C57BL6N_MII_oocyte_RNA_XieLab2016_rep1_GSM1933935_trimV5_R2.fastq.gz
Approx 70% complete for C57BL6N_MII_oocyte_RNA_XieLab2016_rep1_GSM1933935_R2.fastq.gz
Approx 90% complete for C57BL6N_MII_oocyte_RNA_XieLab2016_rep1_GSM1933935_trimV5_R1.fastq.gz
Approx 85% complete for C57BL6N_MII_oocyte_RNA_XieLab2016_rep1_GSM1933935_R1.fastq.gz
Approx 80% complete for C57BL6N_MII_oocyte_RNA_XieLab2016_rep1_GSM1933935_trimV5_R2.fastq.gz
Approx 75% complete for C57BL6N_MII_oocyte_RNA_XieLab2016_rep1_GSM1933935_R2.fastq.gz
Approx 95% complete for C57BL6N_MII_oocyte_RNA_XieLab2016_rep1_GSM1933935_trimV5_R1.fastq.gz
Approx 90% complete for C57BL6N_MII_oocyte_RNA_XieLab2016_rep1_GSM1933935_R1.fastq.gz
Approx 85% complete for C57BL6N_MII_oocyte_RNA_XieLab2016_rep1_GSM1933935_trimV5_R2.fastq.gz
Analysis complete for C57BL6N_MII_oocyte_RNA_XieLab2016_rep1_GSM1933935_trimV5_R1.fastq.gz
Approx 80% complete for C57BL6N_MII_oocyte_RNA_XieLab2016_rep1_GSM1933935_R2.fastq.gz
Approx 95% complete for C57BL6N_MII_oocyte_RNA_XieLab2016_rep1_GSM1933935_R1.fastq.gz
Approx 90% complete for C57BL6N_MII_oocyte_RNA_XieLab2016_rep1_GSM1933935_trimV5_R2.fastq.gz
Approx 85% complete for C57BL6N_MII_oocyte_RNA_XieLab2016_rep1_GSM1933935_R2.fastq.gz
Analysis complete for C57BL6N_MII_oocyte_RNA_XieLab2016_rep1_GSM1933935_R1.fastq.gz
Approx 95% complete for C57BL6N_MII_oocyte_RNA_XieLab2016_rep1_GSM1933935_trimV5_R2.fastq.gz
Approx 90% complete for C57BL6N_MII_oocyte_RNA_XieLab2016_rep1_GSM1933935_R2.fastq.gz
Analysis complete for C57BL6N_MII_oocyte_RNA_XieLab2016_rep1_GSM1933935_trimV5_R2.fastq.gz
Approx 95% complete for C57BL6N_MII_oocyte_RNA_XieLab2016_rep1_GSM1933935_R2.fastq.gz
Analysis complete for C57BL6N_MII_oocyte_RNA_XieLab2016_rep1_GSM1933935_R2.fastq.gz
[fastQC] finished succesfully at [Fri Aug 30 06:05:42 PM CEST 2024]
[fastqScreen] started on C57BL6N_MII_oocyte_RNA_XieLab2016_rep1_GSM1933935_trimV5_R1.fastq.gz at [Fri Aug 30 06:05:42 PM CEST 2024]
Using fastq_screen v0.15.1
Couldn't find fastq_screen.conf at '/home/robin/bin/miniconda3/share/fastq-screen-0.15.2-0/fastq_screen.conf'
[fastqScreen] finished successfully at [Fri Aug 30 06:05:42 PM CEST 2024]
[STAR alignment] started with reference /data/reference_genomes/mm10 at [Fri Aug 30 06:05:42 PM CEST 2024]
	STAR --runMode alignReads --genomeDir /data/reference_genomes/mm10 --runThreadN 12 --limitBAMsortRAM 4G --readFilesCommand zcat --readFilesIn C57BL6N_MII_oocyte_RNA_XieLab2016_rep1_GSM1933935_trimV5_R1.fastq.gz C57BL6N_MII_oocyte_RNA_XieLab2016_rep1_GSM1933935_trimV5_R2.fastq.gz --outFilterType BySJout --outSAMtype SAM
	STAR version: 2.7.9a   compiled: 2021-05-04T09:43:56-0400 vega:/home/dobin/data/STAR/STARcode/STAR.master/source
Aug 30 18:05:42 ..... started STAR run
Aug 30 18:05:42 ..... loading genome
Aug 30 18:06:40 ..... started mapping
Aug 30 18:08:19 ..... finished mapping
Aug 30 18:08:19 ..... finished successfully
[STAR alignment] finished successfully at [Fri Aug 30 06:08:21 PM CEST 2024]
[sam grooming] started at [Fri Aug 30 06:09:20 PM CEST 2024]
18:09:22.416 INFO  NativeLibraryLoader - Loading libgkl_compression.so from jar:file:/home/robin/bin/miniconda3/share/picard-2.26.2-0/picard.jar!/com/intel/gkl/native/libgkl_compression.so
[Fri Aug 30 18:09:22 CEST 2024] CleanSam --INPUT C57BL6N_MII_oocyte_RNA_XieLab2016_rep1_GSM1933935_raw.sam --OUTPUT C57BL6N_MII_oocyte_RNA_XieLab2016_rep1_GSM1933935_cleaned.sam --TMP_DIR . --VERBOSITY INFO --QUIET false --VALIDATION_STRINGENCY STRICT --COMPRESSION_LEVEL 5 --MAX_RECORDS_IN_RAM 500000 --CREATE_INDEX false --CREATE_MD5_FILE false --GA4GH_CLIENT_SECRETS client_secrets.json --help false --version false --showHidden false --USE_JDK_DEFLATER false --USE_JDK_INFLATER false
[Fri Aug 30 18:09:22 CEST 2024] Executing as robin@epipax.ijm.univ-paris-diderot.priv on Linux 6.1.0-23-amd64 amd64; OpenJDK 64-Bit Server VM 1.8.0_332-b09; Deflater: Intel; Inflater: Intel; Provider GCS is not available; Picard version: Version:2.26.2
INFO	2024-08-30 18:09:22	CleanSam	Seen many non-increasing record positions. Printing Read-names as well.
INFO	2024-08-30 18:09:28	CleanSam	Processed     1,000,000 records.  Elapsed time: 00:00:05s.  Time for last 1,000,000:    5s.  Last read position: chr19:8,708,045.  Last read name: SRR2927026.2779658
INFO	2024-08-30 18:09:33	CleanSam	Processed     2,000,000 records.  Elapsed time: 00:00:10s.  Time for last 1,000,000:    5s.  Last read position: chr13:58,393,205.  Last read name: SRR2927026.4125011
INFO	2024-08-30 18:09:38	CleanSam	Processed     3,000,000 records.  Elapsed time: 00:00:15s.  Time for last 1,000,000:    5s.  Last read position: chr12:98,688,636.  Last read name: SRR2927026.1607084
INFO	2024-08-30 18:09:43	CleanSam	Processed     4,000,000 records.  Elapsed time: 00:00:20s.  Time for last 1,000,000:    5s.  Last read position: chr17:39,846,721.  Last read name: SRR2927026.1008955
INFO	2024-08-30 18:09:48	CleanSam	Processed     5,000,000 records.  Elapsed time: 00:00:26s.  Time for last 1,000,000:    5s.  Last read position: chr2:131,234,067.  Last read name: SRR2927026.5899761
INFO	2024-08-30 18:09:53	CleanSam	Processed     6,000,000 records.  Elapsed time: 00:00:31s.  Time for last 1,000,000:    5s.  Last read position: chr12:87,959,179.  Last read name: SRR2927026.4814019
INFO	2024-08-30 18:09:58	CleanSam	Processed     7,000,000 records.  Elapsed time: 00:00:36s.  Time for last 1,000,000:    5s.  Last read position: chr4:44,064,638.  Last read name: SRR2927026.11281509
INFO	2024-08-30 18:10:04	CleanSam	Processed     8,000,000 records.  Elapsed time: 00:00:42s.  Time for last 1,000,000:    5s.  Last read position: chr13:95,337,220.  Last read name: SRR2927026.1482475
INFO	2024-08-30 18:10:10	CleanSam	Processed     9,000,000 records.  Elapsed time: 00:00:47s.  Time for last 1,000,000:    5s.  Last read position: chr5:115,571,424.  Last read name: SRR2927026.8364328
INFO	2024-08-30 18:10:15	CleanSam	Processed    10,000,000 records.  Elapsed time: 00:00:52s.  Time for last 1,000,000:    4s.  Last read position: chr1:144,002,154.  Last read name: SRR2927026.6487081
INFO	2024-08-30 18:10:20	CleanSam	Processed    11,000,000 records.  Elapsed time: 00:00:57s.  Time for last 1,000,000:    5s.  Last read position: chr19:11,687,372.  Last read name: SRR2927026.1576083
INFO	2024-08-30 18:10:25	CleanSam	Processed    12,000,000 records.  Elapsed time: 00:01:02s.  Time for last 1,000,000:    5s.  Last read position: chr10:115,199,236.  Last read name: SRR2927026.9800921
INFO	2024-08-30 18:10:30	CleanSam	Processed    13,000,000 records.  Elapsed time: 00:01:08s.  Time for last 1,000,000:    5s.  Last read position: chr10:45,095,153.  Last read name: SRR2927026.411069
INFO	2024-08-30 18:10:35	CleanSam	Processed    14,000,000 records.  Elapsed time: 00:01:13s.  Time for last 1,000,000:    5s.  Last read position: chr13:59,635,855.  Last read name: SRR2927026.7998511
INFO	2024-08-30 18:10:41	CleanSam	Processed    15,000,000 records.  Elapsed time: 00:01:18s.  Time for last 1,000,000:    5s.  Last read position: chr1:138,610,503.  Last read name: SRR2927026.9295734
INFO	2024-08-30 18:10:46	CleanSam	Processed    16,000,000 records.  Elapsed time: 00:01:23s.  Time for last 1,000,000:    5s.  Last read position: chr6:7,982,384.  Last read name: SRR2927026.6502151
INFO	2024-08-30 18:10:51	CleanSam	Processed    17,000,000 records.  Elapsed time: 00:01:28s.  Time for last 1,000,000:    5s.  Last read position: chr9:44,112,587.  Last read name: SRR2927026.3546072
INFO	2024-08-30 18:10:56	CleanSam	Processed    18,000,000 records.  Elapsed time: 00:01:33s.  Time for last 1,000,000:    5s.  Last read position: chr13:95,336,767.  Last read name: SRR2927026.7242114
INFO	2024-08-30 18:11:01	CleanSam	Processed    19,000,000 records.  Elapsed time: 00:01:39s.  Time for last 1,000,000:    5s.  Last read position: chr11:18,750,883.  Last read name: SRR2927026.5482370
[Fri Aug 30 18:11:16 CEST 2024] picard.sam.CleanSam done. Elapsed time: 1.91 minutes.
Runtime.totalMemory()=891289600
18:11:18.272 INFO  NativeLibraryLoader - Loading libgkl_compression.so from jar:file:/home/robin/bin/miniconda3/share/picard-2.26.2-0/picard.jar!/com/intel/gkl/native/libgkl_compression.so
[Fri Aug 30 18:11:18 CEST 2024] SamFormatConverter --INPUT C57BL6N_MII_oocyte_RNA_XieLab2016_rep1_GSM1933935_cleaned.sam --OUTPUT C57BL6N_MII_oocyte_RNA_XieLab2016_rep1_GSM1933935_unsorted.bam --TMP_DIR . --VERBOSITY INFO --QUIET false --VALIDATION_STRINGENCY STRICT --COMPRESSION_LEVEL 5 --MAX_RECORDS_IN_RAM 500000 --CREATE_INDEX false --CREATE_MD5_FILE false --GA4GH_CLIENT_SECRETS client_secrets.json --help false --version false --showHidden false --USE_JDK_DEFLATER false --USE_JDK_INFLATER false
[Fri Aug 30 18:11:18 CEST 2024] Executing as robin@epipax.ijm.univ-paris-diderot.priv on Linux 6.1.0-23-amd64 amd64; OpenJDK 64-Bit Server VM 1.8.0_332-b09; Deflater: Intel; Inflater: Intel; Provider GCS is not available; Picard version: Version:2.26.2
INFO	2024-08-30 18:11:19	SamFormatConverter	Seen many non-increasing record positions. Printing Read-names as well.
INFO	2024-08-30 18:11:29	SamFormatConverter	Processed     1,000,000 records.  Elapsed time: 00:00:10s.  Time for last 1,000,000:   10s.  Last read position: chr19:8,708,045.  Last read name: SRR2927026.2779658
INFO	2024-08-30 18:11:39	SamFormatConverter	Processed     2,000,000 records.  Elapsed time: 00:00:20s.  Time for last 1,000,000:    9s.  Last read position: chr13:58,393,205.  Last read name: SRR2927026.4125011
INFO	2024-08-30 18:11:49	SamFormatConverter	Processed     3,000,000 records.  Elapsed time: 00:00:30s.  Time for last 1,000,000:    9s.  Last read position: chr12:98,688,636.  Last read name: SRR2927026.1607084
INFO	2024-08-30 18:11:59	SamFormatConverter	Processed     4,000,000 records.  Elapsed time: 00:00:40s.  Time for last 1,000,000:   10s.  Last read position: chr17:39,846,721.  Last read name: SRR2927026.1008955
INFO	2024-08-30 18:12:10	SamFormatConverter	Processed     5,000,000 records.  Elapsed time: 00:00:51s.  Time for last 1,000,000:   10s.  Last read position: chr2:131,234,067.  Last read name: SRR2927026.5899761
INFO	2024-08-30 18:12:21	SamFormatConverter	Processed     6,000,000 records.  Elapsed time: 00:01:02s.  Time for last 1,000,000:   10s.  Last read position: chr12:87,959,179.  Last read name: SRR2927026.4814019
INFO	2024-08-30 18:12:31	SamFormatConverter	Processed     7,000,000 records.  Elapsed time: 00:01:12s.  Time for last 1,000,000:   10s.  Last read position: chr4:44,064,638.  Last read name: SRR2927026.11281509
INFO	2024-08-30 18:12:43	SamFormatConverter	Processed     8,000,000 records.  Elapsed time: 00:01:24s.  Time for last 1,000,000:   11s.  Last read position: chr13:95,337,220.  Last read name: SRR2927026.1482475
INFO	2024-08-30 18:12:55	SamFormatConverter	Processed     9,000,000 records.  Elapsed time: 00:01:36s.  Time for last 1,000,000:   11s.  Last read position: chr5:115,571,424.  Last read name: SRR2927026.8364328
INFO	2024-08-30 18:13:07	SamFormatConverter	Processed    10,000,000 records.  Elapsed time: 00:01:48s.  Time for last 1,000,000:   12s.  Last read position: chr1:144,002,154.  Last read name: SRR2927026.6487081
INFO	2024-08-30 18:13:19	SamFormatConverter	Processed    11,000,000 records.  Elapsed time: 00:02:00s.  Time for last 1,000,000:   11s.  Last read position: chr19:11,687,372.  Last read name: SRR2927026.1576083
INFO	2024-08-30 18:13:32	SamFormatConverter	Processed    12,000,000 records.  Elapsed time: 00:02:13s.  Time for last 1,000,000:   12s.  Last read position: chr10:115,199,236.  Last read name: SRR2927026.9800921
INFO	2024-08-30 18:13:42	SamFormatConverter	Processed    13,000,000 records.  Elapsed time: 00:02:23s.  Time for last 1,000,000:   10s.  Last read position: chr10:45,095,153.  Last read name: SRR2927026.411069
INFO	2024-08-30 18:13:51	SamFormatConverter	Processed    14,000,000 records.  Elapsed time: 00:02:32s.  Time for last 1,000,000:    9s.  Last read position: chr13:59,635,855.  Last read name: SRR2927026.7998511
INFO	2024-08-30 18:14:01	SamFormatConverter	Processed    15,000,000 records.  Elapsed time: 00:02:42s.  Time for last 1,000,000:   10s.  Last read position: chr1:138,610,503.  Last read name: SRR2927026.9295734
INFO	2024-08-30 18:14:11	SamFormatConverter	Processed    16,000,000 records.  Elapsed time: 00:02:52s.  Time for last 1,000,000:    9s.  Last read position: chr6:7,982,384.  Last read name: SRR2927026.6502151
INFO	2024-08-30 18:14:21	SamFormatConverter	Processed    17,000,000 records.  Elapsed time: 00:03:01s.  Time for last 1,000,000:    9s.  Last read position: chr9:44,112,587.  Last read name: SRR2927026.3546072
INFO	2024-08-30 18:14:30	SamFormatConverter	Processed    18,000,000 records.  Elapsed time: 00:03:11s.  Time for last 1,000,000:    9s.  Last read position: chr13:95,336,767.  Last read name: SRR2927026.7242114
INFO	2024-08-30 18:14:40	SamFormatConverter	Processed    19,000,000 records.  Elapsed time: 00:03:21s.  Time for last 1,000,000:    9s.  Last read position: chr11:18,750,883.  Last read name: SRR2927026.5482370
[Fri Aug 30 18:14:53 CEST 2024] picard.sam.SamFormatConverter done. Elapsed time: 3.58 minutes.
Runtime.totalMemory()=842006528
18:14:54.792 INFO  NativeLibraryLoader - Loading libgkl_compression.so from jar:file:/home/robin/bin/miniconda3/share/picard-2.26.2-0/picard.jar!/com/intel/gkl/native/libgkl_compression.so
[Fri Aug 30 18:14:54 CEST 2024] SortSam --INPUT C57BL6N_MII_oocyte_RNA_XieLab2016_rep1_GSM1933935_unsorted.bam --OUTPUT C57BL6N_MII_oocyte_RNA_XieLab2016_rep1_GSM1933935_sorted.bam --SORT_ORDER coordinate --TMP_DIR . --VERBOSITY INFO --QUIET false --VALIDATION_STRINGENCY STRICT --COMPRESSION_LEVEL 5 --MAX_RECORDS_IN_RAM 500000 --CREATE_INDEX false --CREATE_MD5_FILE false --GA4GH_CLIENT_SECRETS client_secrets.json --help false --version false --showHidden false --USE_JDK_DEFLATER false --USE_JDK_INFLATER false
[Fri Aug 30 18:14:54 CEST 2024] Executing as robin@epipax.ijm.univ-paris-diderot.priv on Linux 6.1.0-23-amd64 amd64; OpenJDK 64-Bit Server VM 1.8.0_332-b09; Deflater: Intel; Inflater: Intel; Provider GCS is not available; Picard version: Version:2.26.2
INFO	2024-08-30 18:14:55	SortSam	Seen many non-increasing record positions. Printing Read-names as well.
INFO	2024-08-30 18:16:01	SortSam	Read    10,000,000 records.  Elapsed time: 00:01:06s.  Time for last 10,000,000:   66s.  Last read position: chr1:144,002,154.  Last read name: SRR2927026.6487081
INFO	2024-08-30 18:17:05	SortSam	Finished reading inputs, merging and writing to output now.
INFO	2024-08-30 18:18:06	SortSam	Wrote    10,000,000 records from a sorting collection.  Elapsed time: 00:03:11s.  Time for last 10,000,000:   59s.  Last read position: chr2:120,510,103
[Fri Aug 30 18:18:59 CEST 2024] picard.sam.SortSam done. Elapsed time: 4.09 minutes.
Runtime.totalMemory()=1714946048
18:19:00.957 INFO  NativeLibraryLoader - Loading libgkl_compression.so from jar:file:/home/robin/bin/miniconda3/share/picard-2.26.2-0/picard.jar!/com/intel/gkl/native/libgkl_compression.so
[Fri Aug 30 18:19:01 CEST 2024] MarkDuplicates --INPUT C57BL6N_MII_oocyte_RNA_XieLab2016_rep1_GSM1933935_sorted.bam --OUTPUT C57BL6N_MII_oocyte_RNA_XieLab2016_rep1_GSM1933935.bam --METRICS_FILE C57BL6N_MII_oocyte_RNA_XieLab2016_rep1_GSM1933935_markDupeMetrics.txt --REMOVE_DUPLICATES false --TMP_DIR . --MAX_SEQUENCES_FOR_DISK_READ_ENDS_MAP 50000 --MAX_FILE_HANDLES_FOR_READ_ENDS_MAP 8000 --SORTING_COLLECTION_SIZE_RATIO 0.25 --TAG_DUPLICATE_SET_MEMBERS false --REMOVE_SEQUENCING_DUPLICATES false --TAGGING_POLICY DontTag --CLEAR_DT true --DUPLEX_UMI false --ADD_PG_TAG_TO_READS true --ASSUME_SORTED false --DUPLICATE_SCORING_STRATEGY SUM_OF_BASE_QUALITIES --PROGRAM_RECORD_ID MarkDuplicates --PROGRAM_GROUP_NAME MarkDuplicates --READ_NAME_REGEX <optimized capture of last three ':' separated fields as numeric values> --OPTICAL_DUPLICATE_PIXEL_DISTANCE 100 --MAX_OPTICAL_DUPLICATE_SET_SIZE 300000 --VERBOSITY INFO --QUIET false --VALIDATION_STRINGENCY STRICT --COMPRESSION_LEVEL 5 --MAX_RECORDS_IN_RAM 500000 --CREATE_INDEX false --CREATE_MD5_FILE false --GA4GH_CLIENT_SECRETS client_secrets.json --help false --version false --showHidden false --USE_JDK_DEFLATER false --USE_JDK_INFLATER false
[Fri Aug 30 18:19:01 CEST 2024] Executing as robin@epipax.ijm.univ-paris-diderot.priv on Linux 6.1.0-23-amd64 amd64; OpenJDK 64-Bit Server VM 1.8.0_332-b09; Deflater: Intel; Inflater: Intel; Provider GCS is not available; Picard version: Version:2.26.2
INFO	2024-08-30 18:19:01	MarkDuplicates	Start of doWork freeMemory: 501501384; totalMemory: 514850816; maxMemory: 1908932608
INFO	2024-08-30 18:19:01	MarkDuplicates	Reading input file and constructing read end information.
INFO	2024-08-30 18:19:01	MarkDuplicates	Will retain up to 6916422 data points before spilling to disk.
WARNING	2024-08-30 18:19:01	AbstractOpticalDuplicateFinderCommandLineProgram	A field field parsed out of a read name was expected to contain an integer and did not. Read name: SRR2927026.811125. Cause: String 'SRR2927026.811125' did not start with a parsable number.
INFO	2024-08-30 18:19:06	MarkDuplicates	Read     1,000,000 records.  Elapsed time: 00:00:04s.  Time for last 1,000,000:    4s.  Last read position: chr11:43,424,845
INFO	2024-08-30 18:19:06	MarkDuplicates	Tracking 4881 as yet unmatched pairs. 4881 records in RAM.
INFO	2024-08-30 18:19:11	MarkDuplicates	Read     2,000,000 records.  Elapsed time: 00:00:10s.  Time for last 1,000,000:    5s.  Last read position: chr11:120,568,181
INFO	2024-08-30 18:19:11	MarkDuplicates	Tracking 452 as yet unmatched pairs. 452 records in RAM.
INFO	2024-08-30 18:19:21	MarkDuplicates	Read     3,000,000 records.  Elapsed time: 00:00:19s.  Time for last 1,000,000:    9s.  Last read position: chr13:8,887,997
INFO	2024-08-30 18:19:21	MarkDuplicates	Tracking 78 as yet unmatched pairs. 78 records in RAM.
INFO	2024-08-30 18:19:25	MarkDuplicates	Read     4,000,000 records.  Elapsed time: 00:00:24s.  Time for last 1,000,000:    4s.  Last read position: chr13:100,124,949
INFO	2024-08-30 18:19:25	MarkDuplicates	Tracking 962 as yet unmatched pairs. 962 records in RAM.
INFO	2024-08-30 18:19:31	MarkDuplicates	Read     5,000,000 records.  Elapsed time: 00:00:29s.  Time for last 1,000,000:    5s.  Last read position: chr15:12,809,722
INFO	2024-08-30 18:19:31	MarkDuplicates	Tracking 51 as yet unmatched pairs. 51 records in RAM.
INFO	2024-08-30 18:19:39	MarkDuplicates	Read     6,000,000 records.  Elapsed time: 00:00:38s.  Time for last 1,000,000:    8s.  Last read position: chr17:17,264,692
INFO	2024-08-30 18:19:39	MarkDuplicates	Tracking 36 as yet unmatched pairs. 36 records in RAM.
INFO	2024-08-30 18:19:44	MarkDuplicates	Read     7,000,000 records.  Elapsed time: 00:00:43s.  Time for last 1,000,000:    5s.  Last read position: chr18:12,190,398
INFO	2024-08-30 18:19:44	MarkDuplicates	Tracking 113 as yet unmatched pairs. 113 records in RAM.
INFO	2024-08-30 18:19:57	MarkDuplicates	Read     8,000,000 records.  Elapsed time: 00:00:56s.  Time for last 1,000,000:   12s.  Last read position: chr1:18,157,037
INFO	2024-08-30 18:19:57	MarkDuplicates	Tracking 1 as yet unmatched pairs. 1 records in RAM.
INFO	2024-08-30 18:20:02	MarkDuplicates	Read     9,000,000 records.  Elapsed time: 00:01:01s.  Time for last 1,000,000:    5s.  Last read position: chr1:172,120,023
INFO	2024-08-30 18:20:02	MarkDuplicates	Tracking 85 as yet unmatched pairs. 85 records in RAM.
INFO	2024-08-30 18:20:07	MarkDuplicates	Read    10,000,000 records.  Elapsed time: 00:01:06s.  Time for last 1,000,000:    4s.  Last read position: chr2:120,510,103
INFO	2024-08-30 18:20:07	MarkDuplicates	Tracking 68 as yet unmatched pairs. 68 records in RAM.
INFO	2024-08-30 18:20:12	MarkDuplicates	Read    11,000,000 records.  Elapsed time: 00:01:11s.  Time for last 1,000,000:    5s.  Last read position: chr3:86,787,131
INFO	2024-08-30 18:20:12	MarkDuplicates	Tracking 488 as yet unmatched pairs. 488 records in RAM.
INFO	2024-08-30 18:20:17	MarkDuplicates	Read    12,000,000 records.  Elapsed time: 00:01:16s.  Time for last 1,000,000:    5s.  Last read position: chr4:116,699,171
INFO	2024-08-30 18:20:17	MarkDuplicates	Tracking 1059 as yet unmatched pairs. 1059 records in RAM.
INFO	2024-08-30 18:20:26	MarkDuplicates	Read    13,000,000 records.  Elapsed time: 00:01:24s.  Time for last 1,000,000:    8s.  Last read position: chr5:66,679,786
INFO	2024-08-30 18:20:26	MarkDuplicates	Tracking 2119 as yet unmatched pairs. 2119 records in RAM.
INFO	2024-08-30 18:20:30	MarkDuplicates	Read    14,000,000 records.  Elapsed time: 00:01:29s.  Time for last 1,000,000:    4s.  Last read position: chr6:3,201,446
INFO	2024-08-30 18:20:30	MarkDuplicates	Tracking 4642 as yet unmatched pairs. 4642 records in RAM.
INFO	2024-08-30 18:20:40	MarkDuplicates	Read    15,000,000 records.  Elapsed time: 00:01:38s.  Time for last 1,000,000:    9s.  Last read position: chr6:115,948,830
INFO	2024-08-30 18:20:40	MarkDuplicates	Tracking 11039 as yet unmatched pairs. 11039 records in RAM.
INFO	2024-08-30 18:20:45	MarkDuplicates	Read    16,000,000 records.  Elapsed time: 00:01:43s.  Time for last 1,000,000:    4s.  Last read position: chr7:44,553,868
INFO	2024-08-30 18:20:45	MarkDuplicates	Tracking 30 as yet unmatched pairs. 30 records in RAM.
INFO	2024-08-30 18:20:49	MarkDuplicates	Read    17,000,000 records.  Elapsed time: 00:01:48s.  Time for last 1,000,000:    4s.  Last read position: chr8:46,124,086
INFO	2024-08-30 18:20:49	MarkDuplicates	Tracking 10 as yet unmatched pairs. 10 records in RAM.
INFO	2024-08-30 18:20:54	MarkDuplicates	Read    18,000,000 records.  Elapsed time: 00:01:52s.  Time for last 1,000,000:    4s.  Last read position: chr9:51,837,263
INFO	2024-08-30 18:20:54	MarkDuplicates	Tracking 31 as yet unmatched pairs. 31 records in RAM.
INFO	2024-08-30 18:21:03	MarkDuplicates	Read    19,000,000 records.  Elapsed time: 00:02:01s.  Time for last 1,000,000:    8s.  Last read position: chr9:122,948,986
INFO	2024-08-30 18:21:03	MarkDuplicates	Tracking 389 as yet unmatched pairs. 389 records in RAM.
INFO	2024-08-30 18:21:06	MarkDuplicates	Read 19895035 records. 0 pairs never matched.
INFO	2024-08-30 18:21:09	MarkDuplicates	After buildSortedReadEndLists freeMemory: 1740732032; totalMemory: 1754267648; maxMemory: 1908932608
INFO	2024-08-30 18:21:09	MarkDuplicates	Will retain up to 59654144 duplicate indices before spilling to disk.
INFO	2024-08-30 18:21:09	MarkDuplicates	Traversing read pair information and detecting duplicates.
INFO	2024-08-30 18:21:13	MarkDuplicates	Traversing fragment information and detecting duplicates.
INFO	2024-08-30 18:21:16	MarkDuplicates	Sorting list of duplicate records.
INFO	2024-08-30 18:21:17	MarkDuplicates	After generateDuplicateIndexes freeMemory: 1193380368; totalMemory: 1685061632; maxMemory: 1908932608
INFO	2024-08-30 18:21:17	MarkDuplicates	Marking 1156866 records as duplicates.
INFO	2024-08-30 18:21:17	MarkDuplicates	Found 0 optical duplicate clusters.
INFO	2024-08-30 18:21:17	MarkDuplicates	Reads are assumed to be ordered by: coordinate
INFO	2024-08-30 18:22:34	MarkDuplicates	Written    10,000,000 records.  Elapsed time: 00:01:17s.  Time for last 10,000,000:   77s.  Last read position: chr2:120,510,103
INFO	2024-08-30 18:23:51	MarkDuplicates	Writing complete. Closing input iterator.
INFO	2024-08-30 18:23:51	MarkDuplicates	Duplicate Index cleanup.
INFO	2024-08-30 18:23:51	MarkDuplicates	Getting Memory Stats.
INFO	2024-08-30 18:23:51	MarkDuplicates	Before output close freeMemory: 1728166624; totalMemory: 1743781888; maxMemory: 1908932608
INFO	2024-08-30 18:23:51	MarkDuplicates	Closed outputs. Getting more Memory Stats.
INFO	2024-08-30 18:23:51	MarkDuplicates	After output close freeMemory: 1728166624; totalMemory: 1743781888; maxMemory: 1908932608
[Fri Aug 30 18:23:52 CEST 2024] picard.sam.markduplicates.MarkDuplicates done. Elapsed time: 4.85 minutes.
Runtime.totalMemory()=1743781888
[sam grooming] finished successfully at [Fri Aug 30 06:23:57 PM CEST 2024]
[collecting rRNA metrics] started at [Fri Aug 30 06:24:32 PM CEST 2024]
18:24:33.117 INFO  NativeLibraryLoader - Loading libgkl_compression.so from jar:file:/home/robin/bin/miniconda3/share/picard-2.26.2-0/picard.jar!/com/intel/gkl/native/libgkl_compression.so
[Fri Aug 30 18:24:33 CEST 2024] CollectRnaSeqMetrics --REF_FLAT /data/reference_genomes/mm10/mm10_RefSeq_refFlat.bed --RIBOSOMAL_INTERVALS /data/reference_genomes/mm10/mm10_rRNA.bed --STRAND_SPECIFICITY FIRST_READ_TRANSCRIPTION_STRAND --INPUT C57BL6N_MII_oocyte_RNA_XieLab2016_rep1_GSM1933935.bam --OUTPUT C57BL6N_MII_oocyte_RNA_XieLab2016_rep1_GSM1933935_RNAmetrics.txt --MINIMUM_LENGTH 500 --RRNA_FRAGMENT_PERCENTAGE 0.8 --METRIC_ACCUMULATION_LEVEL ALL_READS --END_BIAS_BASES 100 --ASSUME_SORTED true --STOP_AFTER 0 --VERBOSITY INFO --QUIET false --VALIDATION_STRINGENCY STRICT --COMPRESSION_LEVEL 5 --MAX_RECORDS_IN_RAM 500000 --CREATE_INDEX false --CREATE_MD5_FILE false --GA4GH_CLIENT_SECRETS client_secrets.json --help false --version false --showHidden false --USE_JDK_DEFLATER false --USE_JDK_INFLATER false
[Fri Aug 30 18:24:33 CEST 2024] Executing as robin@epipax.ijm.univ-paris-diderot.priv on Linux 6.1.0-23-amd64 amd64; OpenJDK 64-Bit Server VM 1.8.0_332-b09; Deflater: Intel; Inflater: Intel; Provider GCS is not available; Picard version: Version:2.26.2
INFO	2024-08-30 18:24:33	CollectRnaSeqMetrics	Loaded 24105 genes.
INFO	2024-08-30 18:24:43	SinglePassSamProgram	Processed     1,000,000 records.  Elapsed time: 00:00:09s.  Time for last 1,000,000:    9s.  Last read position: chr11:43,424,845
INFO	2024-08-30 18:24:50	SinglePassSamProgram	Processed     2,000,000 records.  Elapsed time: 00:00:16s.  Time for last 1,000,000:    6s.  Last read position: chr11:120,568,181
INFO	2024-08-30 18:24:56	SinglePassSamProgram	Processed     3,000,000 records.  Elapsed time: 00:00:22s.  Time for last 1,000,000:    6s.  Last read position: chr13:8,887,997
INFO	2024-08-30 18:25:04	SinglePassSamProgram	Processed     4,000,000 records.  Elapsed time: 00:00:30s.  Time for last 1,000,000:    7s.  Last read position: chr13:100,124,949
INFO	2024-08-30 18:25:10	SinglePassSamProgram	Processed     5,000,000 records.  Elapsed time: 00:00:36s.  Time for last 1,000,000:    6s.  Last read position: chr15:12,809,722
INFO	2024-08-30 18:25:16	SinglePassSamProgram	Processed     6,000,000 records.  Elapsed time: 00:00:43s.  Time for last 1,000,000:    6s.  Last read position: chr17:17,264,692
INFO	2024-08-30 18:25:21	SinglePassSamProgram	Processed     7,000,000 records.  Elapsed time: 00:00:48s.  Time for last 1,000,000:    4s.  Last read position: chr18:12,190,398
INFO	2024-08-30 18:25:28	SinglePassSamProgram	Processed     8,000,000 records.  Elapsed time: 00:00:54s.  Time for last 1,000,000:    6s.  Last read position: chr1:18,157,037
INFO	2024-08-30 18:25:34	SinglePassSamProgram	Processed     9,000,000 records.  Elapsed time: 00:01:01s.  Time for last 1,000,000:    6s.  Last read position: chr1:172,120,023
INFO	2024-08-30 18:25:44	SinglePassSamProgram	Processed    10,000,000 records.  Elapsed time: 00:01:10s.  Time for last 1,000,000:    9s.  Last read position: chr2:120,510,103
INFO	2024-08-30 18:25:51	SinglePassSamProgram	Processed    11,000,000 records.  Elapsed time: 00:01:17s.  Time for last 1,000,000:    7s.  Last read position: chr3:86,787,131
INFO	2024-08-30 18:25:59	SinglePassSamProgram	Processed    12,000,000 records.  Elapsed time: 00:01:25s.  Time for last 1,000,000:    7s.  Last read position: chr4:116,699,171
INFO	2024-08-30 18:26:06	SinglePassSamProgram	Processed    13,000,000 records.  Elapsed time: 00:01:32s.  Time for last 1,000,000:    7s.  Last read position: chr5:66,679,786
INFO	2024-08-30 18:26:13	SinglePassSamProgram	Processed    14,000,000 records.  Elapsed time: 00:01:40s.  Time for last 1,000,000:    7s.  Last read position: chr6:3,201,446
INFO	2024-08-30 18:26:20	SinglePassSamProgram	Processed    15,000,000 records.  Elapsed time: 00:01:47s.  Time for last 1,000,000:    7s.  Last read position: chr6:115,948,830
INFO	2024-08-30 18:26:27	SinglePassSamProgram	Processed    16,000,000 records.  Elapsed time: 00:01:53s.  Time for last 1,000,000:    6s.  Last read position: chr7:44,553,868
INFO	2024-08-30 18:26:35	SinglePassSamProgram	Processed    17,000,000 records.  Elapsed time: 00:02:01s.  Time for last 1,000,000:    7s.  Last read position: chr8:46,124,086
INFO	2024-08-30 18:26:43	SinglePassSamProgram	Processed    18,000,000 records.  Elapsed time: 00:02:09s.  Time for last 1,000,000:    7s.  Last read position: chr9:51,837,263
INFO	2024-08-30 18:26:51	SinglePassSamProgram	Processed    19,000,000 records.  Elapsed time: 00:02:17s.  Time for last 1,000,000:    8s.  Last read position: chr9:122,948,986
[Fri Aug 30 18:26:57 CEST 2024] picard.analysis.CollectRnaSeqMetrics done. Elapsed time: 2.41 minutes.
Runtime.totalMemory()=1064304640
[trueStats] Collecting alignment statistics for C57BL6N_MII_oocyte_RNA_XieLab2016_rep1_GSM1933935.bam at [Fri Aug 30 06:27:34 PM CEST 2024]
[preseq] started on C57BL6N_MII_oocyte_RNA_XieLab2016_rep1_GSM1933935.bam at [Fri Aug 30 06:29:25 PM CEST 2024]
[preseq] finished successfully at [Fri Aug 30 06:33:37 PM CEST 2024]
[stringTie] Performing de novo assembly of transcripts at [Fri Aug 30 06:34:29 PM CEST 2024]
Warning: gene "NM_001270423" (on chr2) has reference transcripts on both strands?
Warning: gene "NM_146265" (on chr2) has reference transcripts on both strands?
Warning: gene "NM_001097977" (on chr2) has reference transcripts on both strands?
Warning: gene "NM_001085552" (on chrX) has reference transcripts on both strands?
Warning: gene "NM_001085545" (on chrX) has reference transcripts on both strands?
Warning: gene "NM_001085551" (on chrX) has reference transcripts on both strands?
Warning: gene "NM_001099643" (on chrX) has reference transcripts on both strands?
Warning: gene "NM_001243001" (on chrX) has reference transcripts on both strands?
Warning: gene "NM_001099643" (on chrX) has reference transcripts on both strands?
Warning: gene "NM_001243001" (on chrX) has reference transcripts on both strands?
Warning: gene "NM_001277184" (on chrX) has reference transcripts on both strands?
Warning: gene "NM_001085552" (on chrX) has reference transcripts on both strands?
Warning: gene "NM_001085545" (on chrX) has reference transcripts on both strands?
Warning: gene "NM_001085551" (on chrX) has reference transcripts on both strands?
Warning: gene "NM_001085553" (on chrX) has reference transcripts on both strands?
Warning: gene "NM_001243011" (on chrX) has reference transcripts on both strands?
Warning: gene "NM_001270685" (on chrX) has reference transcripts on both strands?
Warning: gene "NM_029106" (on chrX) has reference transcripts on both strands?
Warning: gene "NM_001270685" (on chrX) has reference transcripts on both strands?
Warning: gene "NM_031171" (on chrX) has reference transcripts on both strands?
Warning: gene "NM_010759" (on chrX) has reference transcripts on both strands?
Warning: gene "NM_001142750" (on chrX) has reference transcripts on both strands?
Warning: gene "NM_153109" (on chrX) has reference transcripts on both strands?
Warning: gene "NM_177918" (on chrX) has reference transcripts on both strands?
Warning: gene "NM_001099321" (on chrX) has reference transcripts on both strands?
Warning: gene "NR_126545" (on chrY) has reference transcripts on both strands?
Warning: gene "NR_126546" (on chrY) has reference transcripts on both strands?
Warning: gene "NM_001113395" (on chrY) has reference transcripts on both strands?
Warning: gene "NM_001177569" (on chrY) has reference transcripts on both strands?
Warning: gene "NM_001166384" (on chrY) has reference transcripts on both strands?
Warning: gene "NM_001270513" (on chrY) has reference transcripts on both strands?
Warning: gene "NM_001270514" (on chrY) has reference transcripts on both strands?
Warning: gene "NM_001270515" (on chrY) has reference transcripts on both strands?
Warning: gene "NM_001270516" (on chrY) has reference transcripts on both strands?
Warning: gene "NM_011253" (on chrY) has reference transcripts on both strands?
Warning: gene "NM_001270514" (on chrY) has reference transcripts on both strands?
Warning: gene "NM_001270513" (on chrY) has reference transcripts on both strands?
Warning: gene "NM_001270514" (on chrY) has reference transcripts on both strands?
Warning: gene "NM_001270515" (on chrY) has reference transcripts on both strands?
Warning: gene "NM_001166384" (on chrY) has reference transcripts on both strands?
Warning: gene "NM_001270513" (on chrY) has reference transcripts on both strands?
Warning: gene "NM_001270516" (on chrY) has reference transcripts on both strands?
Warning: gene "NM_011253" (on chrY) has reference transcripts on both strands?
Warning: gene "NM_001160143" (on chrY) has reference transcripts on both strands?
Warning: gene "NM_207162" (on chrY) has reference transcripts on both strands?
Warning: gene "NM_001160143" (on chrY) has reference transcripts on both strands?
Warning: gene "NM_207162" (on chrY) has reference transcripts on both strands?
Warning: gene "NM_001037748" (on chrY) has reference transcripts on both strands?
Warning: gene "NM_001160141" (on chrY) has reference transcripts on both strands?
Warning: gene "NM_001025241" (on chrY) has reference transcripts on both strands?
Warning: gene "NM_001037748" (on chrY) has reference transcripts on both strands?
Warning: gene "NR_038299" (on chrY) has reference transcripts on both strands?
Warning: gene "NM_001160143" (on chrY) has reference transcripts on both strands?
Warning: gene "NM_207162" (on chrY) has reference transcripts on both strands?
Warning: gene "NM_001160143" (on chrY) has reference transcripts on both strands?
Warning: gene "NM_207162" (on chrY) has reference transcripts on both strands?
Warning: gene "NM_001037748" (on chrY) has reference transcripts on both strands?
Warning: gene "NM_001160141" (on chrY) has reference transcripts on both strands?
Warning: gene "NM_023546" (on chrY) has reference transcripts on both strands?
Warning: gene "NM_001160143" (on chrY) has reference transcripts on both strands?
Warning: gene "NM_001037748" (on chrY) has reference transcripts on both strands?
Warning: gene "NM_001160143" (on chrY) has reference transcripts on both strands?
Warning: gene "NM_001037748" (on chrY) has reference transcripts on both strands?
Warning: gene "NM_001160137" (on chrY) has reference transcripts on both strands?
Warning: gene "NM_001160141" (on chrY) has reference transcripts on both strands?
Warning: gene "NM_001025241" (on chrY) has reference transcripts on both strands?
Warning: gene "NM_001037748" (on chrY) has reference transcripts on both strands?
Warning: gene "NM_001037748" (on chrY) has reference transcripts on both strands?
Warning: gene "NM_001160136" (on chrY) has reference transcripts on both strands?
Warning: gene "NM_001037748" (on chrY) has reference transcripts on both strands?
Warning: gene "NM_023546" (on chrY) has reference transcripts on both strands?
Warning: gene "NM_023546" (on chrY) has reference transcripts on both strands?
Warning: gene "NM_001025241" (on chrY) has reference transcripts on both strands?
Warning: gene "NM_001037748" (on chrY) has reference transcripts on both strands?
Warning: gene "NM_001011820" (on chr13) has reference transcripts on both strands?
Warning: gene "NR_045474" (on chr13) has reference transcripts on both strands?
Warning: gene "NR_106137" (on chr15) has reference transcripts on both strands?
Warning: gene "NR_106138" (on chr15) has reference transcripts on both strands?
[stringTie] De novo transcriptome assembly completed successfully at [Fri Aug 30 06:36:30 PM CEST 2024]
[bamToWigCPMsmoothKeepDup] Started with bin size: 1 and smoothing over 0 bp and KEEPING DUPLICATES at [Fri Aug 30 06:36:30 PM CEST 2024]
There are 19026579 alignments, of which 505469 are completely within a blacklist region.
Due to filtering, 91.6091369665249% of the aforementioned alignments will be used 16967029.02762074
[bamToWigCPMsmoothKeepDup] finished successfully at [Fri Aug 30 06:42:50 PM CEST 2024]
[file cleanup] started. Good job! at [Fri Aug 30 06:42:50 PM CEST 2024]
cp: cannot stat '*.pdf': No such file or directory
mv: cannot stat '*.bed': No such file or directory
mv: preserving times for '/data/bigWigs/C57BL6N_MII_oocyte_RNA_XieLab2016_rep1_GSM1933935_trimV5_mm10_kpDup_q255_b1_s0_CPM.bw': Operation not permitted
mv: preserving permissions for ‘/data/bigWigs/C57BL6N_MII_oocyte_RNA_XieLab2016_rep1_GSM1933935_trimV5_mm10_kpDup_q255_b1_s0_CPM.bw’: Operation not permitted
mv: preserving times for '/data/bams/C57BL6N_MII_oocyte_RNA_XieLab2016_rep1_GSM1933935_trimV5_mm10.bam': Operation not permitted
mv: preserving permissions for ‘/data/bams/C57BL6N_MII_oocyte_RNA_XieLab2016_rep1_GSM1933935_trimV5_mm10.bam’: Operation not permitted
mv: preserving times for '/data/bams/C57BL6N_MII_oocyte_RNA_XieLab2016_rep1_GSM1933935_trimV5_mm10.bam.bai': Operation not permitted
mv: preserving permissions for ‘/data/bams/C57BL6N_MII_oocyte_RNA_XieLab2016_rep1_GSM1933935_trimV5_mm10.bam.bai’: Operation not permitted
mv: preserving times for '/data/stringTie/C57BL6N_MII_oocyte_RNA_XieLab2016_rep1_GSM1933935_trimV5_mm10.gtf': Operation not permitted
mv: preserving permissions for ‘/data/stringTie/C57BL6N_MII_oocyte_RNA_XieLab2016_rep1_GSM1933935_trimV5_mm10.gtf’: Operation not permitted
