SCRATCH: /scratch
ls: cannot access '/data/fastq/E14_6h_H3K4me1_ChIP_Yang2019_GSM3314719*_R2.fastq.gz': No such file or directory
[masterDownload] Data are single-end. at [Thu Jul 4 12:14:26 AM CEST 2024]
[checkDependencies] Checking Dependencies [Thu Jul 4 12:14:26 AM CEST 2024] at [Thu Jul 4 12:14:26 AM CEST 2024]
[setup checkDependencies] trimmomatic... at [Thu Jul 4 12:14:26 AM CEST 2024]
[setup checkDependencies] STAR... at [Thu Jul 4 12:14:26 AM CEST 2024]
[setup checkDependencies] bismark... at [Thu Jul 4 12:14:26 AM CEST 2024]
[setup checkDependencies] bowtie2... at [Thu Jul 4 12:14:26 AM CEST 2024]
[setup checkDependencies] samtools... at [Thu Jul 4 12:14:26 AM CEST 2024]
[setup checkDependencies] picard... at [Thu Jul 4 12:14:26 AM CEST 2024]
[setup checkDependencies] awk... at [Thu Jul 4 12:14:26 AM CEST 2024]
[setup checkDependencies] bamCoverage... at [Thu Jul 4 12:14:26 AM CEST 2024]
[setup checkDependencies] fastqc... at [Thu Jul 4 12:14:26 AM CEST 2024]
[setup checkDependencies] fastq_screen... at [Thu Jul 4 12:14:26 AM CEST 2024]
[setup checkDependencies] stringtie... at [Thu Jul 4 12:14:26 AM CEST 2024]
[setup checkDependencies] clumpify.sh... at [Thu Jul 4 12:14:26 AM CEST 2024]
PAIRED: false
[setUpLogFile] Script started at [Thu Jul 4 12:14:26 AM CEST 2024] at [Thu Jul 4 12:14:26 AM CEST 2024]
[fastQC] started on raw FASTQs at [Thu Jul 4 12:14:26 AM CEST 2024]
Started analysis of E14_6h_H3K4me1_ChIP_Yang2019_GSM3314719_raw.fastq.gz
Approx 5% complete for E14_6h_H3K4me1_ChIP_Yang2019_GSM3314719_raw.fastq.gz
Approx 10% complete for E14_6h_H3K4me1_ChIP_Yang2019_GSM3314719_raw.fastq.gz
Approx 15% complete for E14_6h_H3K4me1_ChIP_Yang2019_GSM3314719_raw.fastq.gz
Approx 20% complete for E14_6h_H3K4me1_ChIP_Yang2019_GSM3314719_raw.fastq.gz
Approx 25% complete for E14_6h_H3K4me1_ChIP_Yang2019_GSM3314719_raw.fastq.gz
Approx 30% complete for E14_6h_H3K4me1_ChIP_Yang2019_GSM3314719_raw.fastq.gz
Approx 35% complete for E14_6h_H3K4me1_ChIP_Yang2019_GSM3314719_raw.fastq.gz
Approx 40% complete for E14_6h_H3K4me1_ChIP_Yang2019_GSM3314719_raw.fastq.gz
Approx 45% complete for E14_6h_H3K4me1_ChIP_Yang2019_GSM3314719_raw.fastq.gz
Approx 50% complete for E14_6h_H3K4me1_ChIP_Yang2019_GSM3314719_raw.fastq.gz
Approx 55% complete for E14_6h_H3K4me1_ChIP_Yang2019_GSM3314719_raw.fastq.gz
Approx 60% complete for E14_6h_H3K4me1_ChIP_Yang2019_GSM3314719_raw.fastq.gz
Approx 65% complete for E14_6h_H3K4me1_ChIP_Yang2019_GSM3314719_raw.fastq.gz
Approx 70% complete for E14_6h_H3K4me1_ChIP_Yang2019_GSM3314719_raw.fastq.gz
Approx 75% complete for E14_6h_H3K4me1_ChIP_Yang2019_GSM3314719_raw.fastq.gz
Approx 80% complete for E14_6h_H3K4me1_ChIP_Yang2019_GSM3314719_raw.fastq.gz
Approx 85% complete for E14_6h_H3K4me1_ChIP_Yang2019_GSM3314719_raw.fastq.gz
Approx 90% complete for E14_6h_H3K4me1_ChIP_Yang2019_GSM3314719_raw.fastq.gz
Approx 95% complete for E14_6h_H3K4me1_ChIP_Yang2019_GSM3314719_raw.fastq.gz
Analysis complete for E14_6h_H3K4me1_ChIP_Yang2019_GSM3314719_raw.fastq.gz
[fastQC] on raw FASTQs finished succesfully. Will remove PCR duplicates now at [Thu Jul 4 12:18:31 AM CEST 2024]
Reads are length: 52 at [Thu Jul 4 12:18:32 AM CEST 2024]
Reads with same sequence 1 or fewer substitutions will be marked as PCR duplicates at [Thu Jul 4 12:18:32 AM CEST 2024]
Removal of PCR duplicates complete! at [Thu Jul 4 12:49:50 AM CEST 2024]
[trimReads] Started using version trimV5 parameters at [Thu Jul 4 12:49:50 AM CEST 2024]
ILLUMINACLIP:/data/reference_genomes/adapters/adapters.fa:2:30:10 SLIDINGWINDOW:4:20 MINLEN:24
[trimReads] Trimming E14_6h_H3K4me1_ChIP_Yang2019_GSM3314719.fastq.gz... at [Thu Jul 4 12:49:50 AM CEST 2024]
[trimReads] Finished successfully at [Thu Jul 4 01:01:35 AM CEST 2024]
[fastQC] started on E14_6h_H3K4me1_ChIP_Yang2019_GSM3314719.fastq.gz E14_6h_H3K4me1_ChIP_Yang2019_GSM3314719_trimV5.fastq.gz at [Thu Jul 4 01:01:35 AM CEST 2024]
Started analysis of E14_6h_H3K4me1_ChIP_Yang2019_GSM3314719.fastq.gz
Started analysis of E14_6h_H3K4me1_ChIP_Yang2019_GSM3314719_trimV5.fastq.gz
Approx 5% complete for E14_6h_H3K4me1_ChIP_Yang2019_GSM3314719.fastq.gz
Approx 5% complete for E14_6h_H3K4me1_ChIP_Yang2019_GSM3314719_trimV5.fastq.gz
Approx 10% complete for E14_6h_H3K4me1_ChIP_Yang2019_GSM3314719.fastq.gz
Approx 10% complete for E14_6h_H3K4me1_ChIP_Yang2019_GSM3314719_trimV5.fastq.gz
Approx 15% complete for E14_6h_H3K4me1_ChIP_Yang2019_GSM3314719.fastq.gz
Approx 15% complete for E14_6h_H3K4me1_ChIP_Yang2019_GSM3314719_trimV5.fastq.gz
Approx 20% complete for E14_6h_H3K4me1_ChIP_Yang2019_GSM3314719_trimV5.fastq.gz
Approx 20% complete for E14_6h_H3K4me1_ChIP_Yang2019_GSM3314719.fastq.gz
Approx 25% complete for E14_6h_H3K4me1_ChIP_Yang2019_GSM3314719_trimV5.fastq.gz
Approx 25% complete for E14_6h_H3K4me1_ChIP_Yang2019_GSM3314719.fastq.gz
Approx 30% complete for E14_6h_H3K4me1_ChIP_Yang2019_GSM3314719_trimV5.fastq.gz
Approx 30% complete for E14_6h_H3K4me1_ChIP_Yang2019_GSM3314719.fastq.gz
Approx 35% complete for E14_6h_H3K4me1_ChIP_Yang2019_GSM3314719_trimV5.fastq.gz
Approx 35% complete for E14_6h_H3K4me1_ChIP_Yang2019_GSM3314719.fastq.gz
Approx 40% complete for E14_6h_H3K4me1_ChIP_Yang2019_GSM3314719_trimV5.fastq.gz
Approx 40% complete for E14_6h_H3K4me1_ChIP_Yang2019_GSM3314719.fastq.gz
Approx 45% complete for E14_6h_H3K4me1_ChIP_Yang2019_GSM3314719_trimV5.fastq.gz
Approx 45% complete for E14_6h_H3K4me1_ChIP_Yang2019_GSM3314719.fastq.gz
Approx 50% complete for E14_6h_H3K4me1_ChIP_Yang2019_GSM3314719_trimV5.fastq.gz
Approx 50% complete for E14_6h_H3K4me1_ChIP_Yang2019_GSM3314719.fastq.gz
Approx 55% complete for E14_6h_H3K4me1_ChIP_Yang2019_GSM3314719_trimV5.fastq.gz
Approx 55% complete for E14_6h_H3K4me1_ChIP_Yang2019_GSM3314719.fastq.gz
Approx 60% complete for E14_6h_H3K4me1_ChIP_Yang2019_GSM3314719_trimV5.fastq.gz
Approx 60% complete for E14_6h_H3K4me1_ChIP_Yang2019_GSM3314719.fastq.gz
Approx 65% complete for E14_6h_H3K4me1_ChIP_Yang2019_GSM3314719_trimV5.fastq.gz
Approx 65% complete for E14_6h_H3K4me1_ChIP_Yang2019_GSM3314719.fastq.gz
Approx 70% complete for E14_6h_H3K4me1_ChIP_Yang2019_GSM3314719_trimV5.fastq.gz
Approx 70% complete for E14_6h_H3K4me1_ChIP_Yang2019_GSM3314719.fastq.gz
Approx 75% complete for E14_6h_H3K4me1_ChIP_Yang2019_GSM3314719_trimV5.fastq.gz
Approx 75% complete for E14_6h_H3K4me1_ChIP_Yang2019_GSM3314719.fastq.gz
Approx 80% complete for E14_6h_H3K4me1_ChIP_Yang2019_GSM3314719_trimV5.fastq.gz
Approx 80% complete for E14_6h_H3K4me1_ChIP_Yang2019_GSM3314719.fastq.gz
Approx 85% complete for E14_6h_H3K4me1_ChIP_Yang2019_GSM3314719_trimV5.fastq.gz
Approx 85% complete for E14_6h_H3K4me1_ChIP_Yang2019_GSM3314719.fastq.gz
Approx 90% complete for E14_6h_H3K4me1_ChIP_Yang2019_GSM3314719_trimV5.fastq.gz
Approx 90% complete for E14_6h_H3K4me1_ChIP_Yang2019_GSM3314719.fastq.gz
Approx 95% complete for E14_6h_H3K4me1_ChIP_Yang2019_GSM3314719_trimV5.fastq.gz
Approx 95% complete for E14_6h_H3K4me1_ChIP_Yang2019_GSM3314719.fastq.gz
Analysis complete for E14_6h_H3K4me1_ChIP_Yang2019_GSM3314719_trimV5.fastq.gz
Analysis complete for E14_6h_H3K4me1_ChIP_Yang2019_GSM3314719.fastq.gz
[fastQC] finished succesfully at [Thu Jul 4 01:05:10 AM CEST 2024]
[bowtie2 alignment] started with reference /data/reference_genomes/mm10/mm10 at [Thu Jul 4 01:05:10 AM CEST 2024]
[alignment] Bowtie2 alignment finished successfully at [Thu Jul 4 01:40:33 AM CEST 2024]
[sam grooming] started at [Thu Jul 4 01:42:51 AM CEST 2024]
01:42:52.124 INFO  NativeLibraryLoader - Loading libgkl_compression.so from jar:file:/home/robin/bin/miniconda3/share/picard-2.26.2-0/picard.jar!/com/intel/gkl/native/libgkl_compression.so
[Thu Jul 04 01:42:52 CEST 2024] CleanSam --INPUT E14_6h_H3K4me1_ChIP_Yang2019_GSM3314719_raw.sam --OUTPUT E14_6h_H3K4me1_ChIP_Yang2019_GSM3314719_cleaned.sam --TMP_DIR . --VERBOSITY INFO --QUIET false --VALIDATION_STRINGENCY STRICT --COMPRESSION_LEVEL 5 --MAX_RECORDS_IN_RAM 500000 --CREATE_INDEX false --CREATE_MD5_FILE false --GA4GH_CLIENT_SECRETS client_secrets.json --help false --version false --showHidden false --USE_JDK_DEFLATER false --USE_JDK_INFLATER false
[Thu Jul 04 01:42:52 CEST 2024] Executing as robin@epipax.ijm.univ-paris-diderot.priv on Linux 6.1.0-21-amd64 amd64; OpenJDK 64-Bit Server VM 1.8.0_332-b09; Deflater: Intel; Inflater: Intel; Provider GCS is not available; Picard version: Version:2.26.2
INFO	2024-07-04 01:42:52	CleanSam	Seen many non-increasing record positions. Printing Read-names as well.
INFO	2024-07-04 01:42:58	CleanSam	Processed     1,000,000 records.  Elapsed time: 00:00:06s.  Time for last 1,000,000:    6s.  Last read position: chr3:149,468,449.  Last read name: SRR7624407.19273188
INFO	2024-07-04 01:43:04	CleanSam	Processed     2,000,000 records.  Elapsed time: 00:00:12s.  Time for last 1,000,000:    6s.  Last read position: chr4:133,956,414.  Last read name: SRR7624407.13394862
INFO	2024-07-04 01:43:11	CleanSam	Processed     3,000,000 records.  Elapsed time: 00:00:19s.  Time for last 1,000,000:    6s.  Last read position: chr19:38,309,505.  Last read name: SRR7624407.32276512
INFO	2024-07-04 01:43:17	CleanSam	Processed     4,000,000 records.  Elapsed time: 00:00:25s.  Time for last 1,000,000:    6s.  Last read position: chr9:96,236,249.  Last read name: SRR7624407.6501169
INFO	2024-07-04 01:43:24	CleanSam	Processed     5,000,000 records.  Elapsed time: 00:00:32s.  Time for last 1,000,000:    6s.  Last read position: chr4:149,607,357.  Last read name: SRR7624407.36078669
INFO	2024-07-04 01:43:30	CleanSam	Processed     6,000,000 records.  Elapsed time: 00:00:38s.  Time for last 1,000,000:    6s.  Last read position: chr11:117,856,477.  Last read name: SRR7624407.7638391
INFO	2024-07-04 01:43:35	CleanSam	Processed     7,000,000 records.  Elapsed time: 00:00:43s.  Time for last 1,000,000:    5s.  Last read position: chrX:135,097,097.  Last read name: SRR7624407.50998796
INFO	2024-07-04 01:43:42	CleanSam	Processed     8,000,000 records.  Elapsed time: 00:00:50s.  Time for last 1,000,000:    6s.  Last read position: chr8:84,785,638.  Last read name: SRR7624407.16549964
INFO	2024-07-04 01:43:49	CleanSam	Processed     9,000,000 records.  Elapsed time: 00:00:56s.  Time for last 1,000,000:    6s.  Last read position: chr9:60,983,005.  Last read name: SRR7624407.20255682
INFO	2024-07-04 01:43:55	CleanSam	Processed    10,000,000 records.  Elapsed time: 00:01:03s.  Time for last 1,000,000:    6s.  Last read position: chr9:90,100,532.  Last read name: SRR7624407.58013519
INFO	2024-07-04 01:44:03	CleanSam	Processed    11,000,000 records.  Elapsed time: 00:01:11s.  Time for last 1,000,000:    8s.  Last read position: chr8:107,248,422.  Last read name: SRR7624407.13049299
INFO	2024-07-04 01:44:10	CleanSam	Processed    12,000,000 records.  Elapsed time: 00:01:18s.  Time for last 1,000,000:    6s.  Last read position: chr17:53,660,711.  Last read name: SRR7624407.1337426
INFO	2024-07-04 01:44:18	CleanSam	Processed    13,000,000 records.  Elapsed time: 00:01:26s.  Time for last 1,000,000:    8s.  Last read position: chr17:66,382,931.  Last read name: SRR7624407.32107925
INFO	2024-07-04 01:44:25	CleanSam	Processed    14,000,000 records.  Elapsed time: 00:01:32s.  Time for last 1,000,000:    6s.  Last read position: chr9:110,462,598.  Last read name: SRR7624407.27177299
INFO	2024-07-04 01:44:30	CleanSam	Processed    15,000,000 records.  Elapsed time: 00:01:38s.  Time for last 1,000,000:    5s.  Last read position: chr3:68,839,703.  Last read name: SRR7624407.35814964
INFO	2024-07-04 01:44:35	CleanSam	Processed    16,000,000 records.  Elapsed time: 00:01:43s.  Time for last 1,000,000:    5s.  Last read position: chr7:101,837,097.  Last read name: SRR7624407.2710308
INFO	2024-07-04 01:44:42	CleanSam	Processed    17,000,000 records.  Elapsed time: 00:01:50s.  Time for last 1,000,000:    6s.  Last read position: chr9:34,672,001.  Last read name: SRR7624407.57930541
INFO	2024-07-04 01:44:49	CleanSam	Processed    18,000,000 records.  Elapsed time: 00:01:57s.  Time for last 1,000,000:    6s.  Last read position: chr4:22,808,052.  Last read name: SRR7624407.26235933
INFO	2024-07-04 01:44:55	CleanSam	Processed    19,000,000 records.  Elapsed time: 00:02:02s.  Time for last 1,000,000:    5s.  Last read position: chr17:25,828,378.  Last read name: SRR7624407.15040510
INFO	2024-07-04 01:45:01	CleanSam	Processed    20,000,000 records.  Elapsed time: 00:02:08s.  Time for last 1,000,000:    6s.  Last read position: chr18:33,761,861.  Last read name: SRR7624407.28959383
INFO	2024-07-04 01:45:06	CleanSam	Processed    21,000,000 records.  Elapsed time: 00:02:14s.  Time for last 1,000,000:    5s.  Last read position: chrY:1,026,767.  Last read name: SRR7624407.9881848
INFO	2024-07-04 01:45:13	CleanSam	Processed    22,000,000 records.  Elapsed time: 00:02:21s.  Time for last 1,000,000:    6s.  Last read position: chr15:62,891,527.  Last read name: SRR7624407.1055248
INFO	2024-07-04 01:45:18	CleanSam	Processed    23,000,000 records.  Elapsed time: 00:02:26s.  Time for last 1,000,000:    5s.  Last read position: chr11:104,411,963.  Last read name: SRR7624407.567094
INFO	2024-07-04 01:45:25	CleanSam	Processed    24,000,000 records.  Elapsed time: 00:02:32s.  Time for last 1,000,000:    6s.  Last read position: chr19:18,607,602.  Last read name: SRR7624407.42356450
INFO	2024-07-04 01:45:30	CleanSam	Processed    25,000,000 records.  Elapsed time: 00:02:38s.  Time for last 1,000,000:    5s.  Last read position: */*.  Last read name: SRR7624407.44185382
INFO	2024-07-04 01:45:35	CleanSam	Processed    26,000,000 records.  Elapsed time: 00:02:43s.  Time for last 1,000,000:    4s.  Last read position: chr15:5,237,465.  Last read name: SRR7624407.41876373
INFO	2024-07-04 01:45:40	CleanSam	Processed    27,000,000 records.  Elapsed time: 00:02:48s.  Time for last 1,000,000:    5s.  Last read position: chr17:92,370,150.  Last read name: SRR7624407.45710181
INFO	2024-07-04 01:45:45	CleanSam	Processed    28,000,000 records.  Elapsed time: 00:02:53s.  Time for last 1,000,000:    5s.  Last read position: chr5:32,958,080.  Last read name: SRR7624407.50112550
INFO	2024-07-04 01:45:50	CleanSam	Processed    29,000,000 records.  Elapsed time: 00:02:58s.  Time for last 1,000,000:    5s.  Last read position: chr9:85,861,029.  Last read name: SRR7624407.36835308
INFO	2024-07-04 01:45:56	CleanSam	Processed    30,000,000 records.  Elapsed time: 00:03:03s.  Time for last 1,000,000:    5s.  Last read position: */*.  Last read name: SRR7624407.44102157
INFO	2024-07-04 01:46:00	CleanSam	Processed    31,000,000 records.  Elapsed time: 00:03:08s.  Time for last 1,000,000:    4s.  Last read position: */*.  Last read name: SRR7624407.13655083
INFO	2024-07-04 01:46:06	CleanSam	Processed    32,000,000 records.  Elapsed time: 00:03:13s.  Time for last 1,000,000:    5s.  Last read position: chr10:36,841,267.  Last read name: SRR7624407.37674119
INFO	2024-07-04 01:46:11	CleanSam	Processed    33,000,000 records.  Elapsed time: 00:03:18s.  Time for last 1,000,000:    5s.  Last read position: chr4:144,826,647.  Last read name: SRR7624407.46460603
INFO	2024-07-04 01:46:16	CleanSam	Processed    34,000,000 records.  Elapsed time: 00:03:23s.  Time for last 1,000,000:    4s.  Last read position: chr9:106,177,945.  Last read name: SRR7624407.23849145
INFO	2024-07-04 01:46:21	CleanSam	Processed    35,000,000 records.  Elapsed time: 00:03:28s.  Time for last 1,000,000:    5s.  Last read position: chr16:38,746,574.  Last read name: SRR7624407.8163180
INFO	2024-07-04 01:46:26	CleanSam	Processed    36,000,000 records.  Elapsed time: 00:03:33s.  Time for last 1,000,000:    4s.  Last read position: chr8:14,751,875.  Last read name: SRR7624407.9549680
INFO	2024-07-04 01:46:31	CleanSam	Processed    37,000,000 records.  Elapsed time: 00:03:38s.  Time for last 1,000,000:    4s.  Last read position: chr5:37,081,239.  Last read name: SRR7624407.50120863
INFO	2024-07-04 01:46:36	CleanSam	Processed    38,000,000 records.  Elapsed time: 00:03:43s.  Time for last 1,000,000:    4s.  Last read position: chr2:31,774,083.  Last read name: SRR7624407.15377655
INFO	2024-07-04 01:46:40	CleanSam	Processed    39,000,000 records.  Elapsed time: 00:03:48s.  Time for last 1,000,000:    4s.  Last read position: chr8:4,383,275.  Last read name: SRR7624407.27413096
INFO	2024-07-04 01:46:45	CleanSam	Processed    40,000,000 records.  Elapsed time: 00:03:53s.  Time for last 1,000,000:    4s.  Last read position: chr1:143,778,644.  Last read name: SRR7624407.3903538
INFO	2024-07-04 01:46:50	CleanSam	Processed    41,000,000 records.  Elapsed time: 00:03:58s.  Time for last 1,000,000:    5s.  Last read position: chr4:46,620,711.  Last read name: SRR7624407.53487186
INFO	2024-07-04 01:46:56	CleanSam	Processed    42,000,000 records.  Elapsed time: 00:04:03s.  Time for last 1,000,000:    5s.  Last read position: chr4:140,202,626.  Last read name: SRR7624407.53614031
INFO	2024-07-04 01:47:00	CleanSam	Processed    43,000,000 records.  Elapsed time: 00:04:08s.  Time for last 1,000,000:    4s.  Last read position: chr6:142,324,668.  Last read name: SRR7624407.39857908
INFO	2024-07-04 01:47:05	CleanSam	Processed    44,000,000 records.  Elapsed time: 00:04:13s.  Time for last 1,000,000:    4s.  Last read position: chr4:137,609,758.  Last read name: SRR7624407.22986600
INFO	2024-07-04 01:47:10	CleanSam	Processed    45,000,000 records.  Elapsed time: 00:04:18s.  Time for last 1,000,000:    4s.  Last read position: chr5:24,182,478.  Last read name: SRR7624407.43001132
INFO	2024-07-04 01:47:15	CleanSam	Processed    46,000,000 records.  Elapsed time: 00:04:23s.  Time for last 1,000,000:    4s.  Last read position: chr4:126,320,318.  Last read name: SRR7624407.20560608
INFO	2024-07-04 01:47:20	CleanSam	Processed    47,000,000 records.  Elapsed time: 00:04:28s.  Time for last 1,000,000:    4s.  Last read position: chr8:101,066,032.  Last read name: SRR7624407.47398193
INFO	2024-07-04 01:47:25	CleanSam	Processed    48,000,000 records.  Elapsed time: 00:04:32s.  Time for last 1,000,000:    4s.  Last read position: chr10:61,377,805.  Last read name: SRR7624407.34397584
INFO	2024-07-04 01:47:30	CleanSam	Processed    49,000,000 records.  Elapsed time: 00:04:38s.  Time for last 1,000,000:    5s.  Last read position: */*.  Last read name: SRR7624407.58261105
INFO	2024-07-04 01:47:35	CleanSam	Processed    50,000,000 records.  Elapsed time: 00:04:43s.  Time for last 1,000,000:    4s.  Last read position: chr8:90,871,452.  Last read name: SRR7624407.47122255
INFO	2024-07-04 01:47:40	CleanSam	Processed    51,000,000 records.  Elapsed time: 00:04:48s.  Time for last 1,000,000:    5s.  Last read position: chr10:8,771,893.  Last read name: SRR7624407.27935437
[Thu Jul 04 01:47:54 CEST 2024] picard.sam.CleanSam done. Elapsed time: 5.03 minutes.
Runtime.totalMemory()=892862464
01:47:56.166 INFO  NativeLibraryLoader - Loading libgkl_compression.so from jar:file:/home/robin/bin/miniconda3/share/picard-2.26.2-0/picard.jar!/com/intel/gkl/native/libgkl_compression.so
[Thu Jul 04 01:47:56 CEST 2024] SamFormatConverter --INPUT E14_6h_H3K4me1_ChIP_Yang2019_GSM3314719_cleaned.sam --OUTPUT E14_6h_H3K4me1_ChIP_Yang2019_GSM3314719_unsorted.bam --TMP_DIR . --VERBOSITY INFO --QUIET false --VALIDATION_STRINGENCY STRICT --COMPRESSION_LEVEL 5 --MAX_RECORDS_IN_RAM 500000 --CREATE_INDEX false --CREATE_MD5_FILE false --GA4GH_CLIENT_SECRETS client_secrets.json --help false --version false --showHidden false --USE_JDK_DEFLATER false --USE_JDK_INFLATER false
[Thu Jul 04 01:47:56 CEST 2024] Executing as robin@epipax.ijm.univ-paris-diderot.priv on Linux 6.1.0-21-amd64 amd64; OpenJDK 64-Bit Server VM 1.8.0_332-b09; Deflater: Intel; Inflater: Intel; Provider GCS is not available; Picard version: Version:2.26.2
INFO	2024-07-04 01:47:57	SamFormatConverter	Seen many non-increasing record positions. Printing Read-names as well.
INFO	2024-07-04 01:48:07	SamFormatConverter	Processed     1,000,000 records.  Elapsed time: 00:00:10s.  Time for last 1,000,000:   10s.  Last read position: chr3:149,468,449.  Last read name: SRR7624407.19273188
INFO	2024-07-04 01:48:16	SamFormatConverter	Processed     2,000,000 records.  Elapsed time: 00:00:19s.  Time for last 1,000,000:    8s.  Last read position: chr4:133,956,414.  Last read name: SRR7624407.13394862
INFO	2024-07-04 01:48:25	SamFormatConverter	Processed     3,000,000 records.  Elapsed time: 00:00:27s.  Time for last 1,000,000:    8s.  Last read position: chr19:38,309,505.  Last read name: SRR7624407.32276512
INFO	2024-07-04 01:48:33	SamFormatConverter	Processed     4,000,000 records.  Elapsed time: 00:00:36s.  Time for last 1,000,000:    8s.  Last read position: chr9:96,236,249.  Last read name: SRR7624407.6501169
INFO	2024-07-04 01:48:42	SamFormatConverter	Processed     5,000,000 records.  Elapsed time: 00:00:45s.  Time for last 1,000,000:    8s.  Last read position: chr4:149,607,357.  Last read name: SRR7624407.36078669
INFO	2024-07-04 01:48:51	SamFormatConverter	Processed     6,000,000 records.  Elapsed time: 00:00:53s.  Time for last 1,000,000:    8s.  Last read position: chr11:117,856,477.  Last read name: SRR7624407.7638391
INFO	2024-07-04 01:49:00	SamFormatConverter	Processed     7,000,000 records.  Elapsed time: 00:01:02s.  Time for last 1,000,000:    8s.  Last read position: chrX:135,097,097.  Last read name: SRR7624407.50998796
INFO	2024-07-04 01:49:09	SamFormatConverter	Processed     8,000,000 records.  Elapsed time: 00:01:11s.  Time for last 1,000,000:    9s.  Last read position: chr8:84,785,638.  Last read name: SRR7624407.16549964
INFO	2024-07-04 01:49:17	SamFormatConverter	Processed     9,000,000 records.  Elapsed time: 00:01:19s.  Time for last 1,000,000:    8s.  Last read position: chr9:60,983,005.  Last read name: SRR7624407.20255682
INFO	2024-07-04 01:49:26	SamFormatConverter	Processed    10,000,000 records.  Elapsed time: 00:01:28s.  Time for last 1,000,000:    8s.  Last read position: chr9:90,100,532.  Last read name: SRR7624407.58013519
INFO	2024-07-04 01:49:34	SamFormatConverter	Processed    11,000,000 records.  Elapsed time: 00:01:37s.  Time for last 1,000,000:    8s.  Last read position: chr8:107,248,422.  Last read name: SRR7624407.13049299
INFO	2024-07-04 01:49:43	SamFormatConverter	Processed    12,000,000 records.  Elapsed time: 00:01:45s.  Time for last 1,000,000:    8s.  Last read position: chr17:53,660,711.  Last read name: SRR7624407.1337426
INFO	2024-07-04 01:49:51	SamFormatConverter	Processed    13,000,000 records.  Elapsed time: 00:01:54s.  Time for last 1,000,000:    8s.  Last read position: chr17:66,382,931.  Last read name: SRR7624407.32107925
INFO	2024-07-04 01:50:00	SamFormatConverter	Processed    14,000,000 records.  Elapsed time: 00:02:03s.  Time for last 1,000,000:    8s.  Last read position: chr9:110,462,598.  Last read name: SRR7624407.27177299
INFO	2024-07-04 01:50:08	SamFormatConverter	Processed    15,000,000 records.  Elapsed time: 00:02:11s.  Time for last 1,000,000:    8s.  Last read position: chr3:68,839,703.  Last read name: SRR7624407.35814964
INFO	2024-07-04 01:50:16	SamFormatConverter	Processed    16,000,000 records.  Elapsed time: 00:02:19s.  Time for last 1,000,000:    8s.  Last read position: chr7:101,837,097.  Last read name: SRR7624407.2710308
INFO	2024-07-04 01:50:25	SamFormatConverter	Processed    17,000,000 records.  Elapsed time: 00:02:27s.  Time for last 1,000,000:    8s.  Last read position: chr9:34,672,001.  Last read name: SRR7624407.57930541
INFO	2024-07-04 01:50:32	SamFormatConverter	Processed    18,000,000 records.  Elapsed time: 00:02:35s.  Time for last 1,000,000:    7s.  Last read position: chr4:22,808,052.  Last read name: SRR7624407.26235933
INFO	2024-07-04 01:50:41	SamFormatConverter	Processed    19,000,000 records.  Elapsed time: 00:02:44s.  Time for last 1,000,000:    8s.  Last read position: chr17:25,828,378.  Last read name: SRR7624407.15040510
INFO	2024-07-04 01:50:50	SamFormatConverter	Processed    20,000,000 records.  Elapsed time: 00:02:52s.  Time for last 1,000,000:    8s.  Last read position: chr18:33,761,861.  Last read name: SRR7624407.28959383
INFO	2024-07-04 01:50:57	SamFormatConverter	Processed    21,000,000 records.  Elapsed time: 00:03:00s.  Time for last 1,000,000:    7s.  Last read position: chrY:1,026,767.  Last read name: SRR7624407.9881848
INFO	2024-07-04 01:51:06	SamFormatConverter	Processed    22,000,000 records.  Elapsed time: 00:03:08s.  Time for last 1,000,000:    8s.  Last read position: chr15:62,891,527.  Last read name: SRR7624407.1055248
INFO	2024-07-04 01:51:14	SamFormatConverter	Processed    23,000,000 records.  Elapsed time: 00:03:16s.  Time for last 1,000,000:    8s.  Last read position: chr11:104,411,963.  Last read name: SRR7624407.567094
INFO	2024-07-04 01:51:22	SamFormatConverter	Processed    24,000,000 records.  Elapsed time: 00:03:24s.  Time for last 1,000,000:    7s.  Last read position: chr19:18,607,602.  Last read name: SRR7624407.42356450
INFO	2024-07-04 01:51:29	SamFormatConverter	Processed    25,000,000 records.  Elapsed time: 00:03:32s.  Time for last 1,000,000:    7s.  Last read position: */*.  Last read name: SRR7624407.44185382
INFO	2024-07-04 01:51:37	SamFormatConverter	Processed    26,000,000 records.  Elapsed time: 00:03:40s.  Time for last 1,000,000:    7s.  Last read position: chr15:5,237,465.  Last read name: SRR7624407.41876373
INFO	2024-07-04 01:51:46	SamFormatConverter	Processed    27,000,000 records.  Elapsed time: 00:03:48s.  Time for last 1,000,000:    8s.  Last read position: chr17:92,370,150.  Last read name: SRR7624407.45710181
INFO	2024-07-04 01:51:54	SamFormatConverter	Processed    28,000,000 records.  Elapsed time: 00:03:56s.  Time for last 1,000,000:    7s.  Last read position: chr5:32,958,080.  Last read name: SRR7624407.50112550
INFO	2024-07-04 01:52:02	SamFormatConverter	Processed    29,000,000 records.  Elapsed time: 00:04:05s.  Time for last 1,000,000:    8s.  Last read position: chr9:85,861,029.  Last read name: SRR7624407.36835308
INFO	2024-07-04 01:52:10	SamFormatConverter	Processed    30,000,000 records.  Elapsed time: 00:04:13s.  Time for last 1,000,000:    8s.  Last read position: */*.  Last read name: SRR7624407.44102157
INFO	2024-07-04 01:52:20	SamFormatConverter	Processed    31,000,000 records.  Elapsed time: 00:04:23s.  Time for last 1,000,000:    9s.  Last read position: */*.  Last read name: SRR7624407.13655083
INFO	2024-07-04 01:52:29	SamFormatConverter	Processed    32,000,000 records.  Elapsed time: 00:04:32s.  Time for last 1,000,000:    9s.  Last read position: chr10:36,841,267.  Last read name: SRR7624407.37674119
INFO	2024-07-04 01:52:39	SamFormatConverter	Processed    33,000,000 records.  Elapsed time: 00:04:41s.  Time for last 1,000,000:    9s.  Last read position: chr4:144,826,647.  Last read name: SRR7624407.46460603
INFO	2024-07-04 01:52:48	SamFormatConverter	Processed    34,000,000 records.  Elapsed time: 00:04:50s.  Time for last 1,000,000:    9s.  Last read position: chr9:106,177,945.  Last read name: SRR7624407.23849145
INFO	2024-07-04 01:52:56	SamFormatConverter	Processed    35,000,000 records.  Elapsed time: 00:04:58s.  Time for last 1,000,000:    8s.  Last read position: chr16:38,746,574.  Last read name: SRR7624407.8163180
INFO	2024-07-04 01:53:06	SamFormatConverter	Processed    36,000,000 records.  Elapsed time: 00:05:09s.  Time for last 1,000,000:   10s.  Last read position: chr8:14,751,875.  Last read name: SRR7624407.9549680
INFO	2024-07-04 01:53:20	SamFormatConverter	Processed    37,000,000 records.  Elapsed time: 00:05:23s.  Time for last 1,000,000:   13s.  Last read position: chr5:37,081,239.  Last read name: SRR7624407.50120863
INFO	2024-07-04 01:53:29	SamFormatConverter	Processed    38,000,000 records.  Elapsed time: 00:05:31s.  Time for last 1,000,000:    8s.  Last read position: chr2:31,774,083.  Last read name: SRR7624407.15377655
INFO	2024-07-04 01:53:37	SamFormatConverter	Processed    39,000,000 records.  Elapsed time: 00:05:40s.  Time for last 1,000,000:    8s.  Last read position: chr8:4,383,275.  Last read name: SRR7624407.27413096
INFO	2024-07-04 01:53:45	SamFormatConverter	Processed    40,000,000 records.  Elapsed time: 00:05:48s.  Time for last 1,000,000:    8s.  Last read position: chr1:143,778,644.  Last read name: SRR7624407.3903538
INFO	2024-07-04 01:53:53	SamFormatConverter	Processed    41,000,000 records.  Elapsed time: 00:05:56s.  Time for last 1,000,000:    7s.  Last read position: chr4:46,620,711.  Last read name: SRR7624407.53487186
INFO	2024-07-04 01:54:01	SamFormatConverter	Processed    42,000,000 records.  Elapsed time: 00:06:03s.  Time for last 1,000,000:    7s.  Last read position: chr4:140,202,626.  Last read name: SRR7624407.53614031
INFO	2024-07-04 01:54:09	SamFormatConverter	Processed    43,000,000 records.  Elapsed time: 00:06:12s.  Time for last 1,000,000:    8s.  Last read position: chr6:142,324,668.  Last read name: SRR7624407.39857908
INFO	2024-07-04 01:54:17	SamFormatConverter	Processed    44,000,000 records.  Elapsed time: 00:06:20s.  Time for last 1,000,000:    8s.  Last read position: chr4:137,609,758.  Last read name: SRR7624407.22986600
INFO	2024-07-04 01:54:26	SamFormatConverter	Processed    45,000,000 records.  Elapsed time: 00:06:28s.  Time for last 1,000,000:    8s.  Last read position: chr5:24,182,478.  Last read name: SRR7624407.43001132
INFO	2024-07-04 01:54:35	SamFormatConverter	Processed    46,000,000 records.  Elapsed time: 00:06:38s.  Time for last 1,000,000:    9s.  Last read position: chr4:126,320,318.  Last read name: SRR7624407.20560608
INFO	2024-07-04 01:54:44	SamFormatConverter	Processed    47,000,000 records.  Elapsed time: 00:06:47s.  Time for last 1,000,000:    9s.  Last read position: chr8:101,066,032.  Last read name: SRR7624407.47398193
INFO	2024-07-04 01:54:53	SamFormatConverter	Processed    48,000,000 records.  Elapsed time: 00:06:55s.  Time for last 1,000,000:    8s.  Last read position: chr10:61,377,805.  Last read name: SRR7624407.34397584
INFO	2024-07-04 01:55:02	SamFormatConverter	Processed    49,000,000 records.  Elapsed time: 00:07:04s.  Time for last 1,000,000:    9s.  Last read position: */*.  Last read name: SRR7624407.58261105
INFO	2024-07-04 01:55:10	SamFormatConverter	Processed    50,000,000 records.  Elapsed time: 00:07:13s.  Time for last 1,000,000:    8s.  Last read position: chr8:90,871,452.  Last read name: SRR7624407.47122255
INFO	2024-07-04 01:55:19	SamFormatConverter	Processed    51,000,000 records.  Elapsed time: 00:07:21s.  Time for last 1,000,000:    8s.  Last read position: chr10:8,771,893.  Last read name: SRR7624407.27935437
[Thu Jul 04 01:55:19 CEST 2024] picard.sam.SamFormatConverter done. Elapsed time: 7.39 minutes.
Runtime.totalMemory()=673185792
01:55:21.298 INFO  NativeLibraryLoader - Loading libgkl_compression.so from jar:file:/home/robin/bin/miniconda3/share/picard-2.26.2-0/picard.jar!/com/intel/gkl/native/libgkl_compression.so
[Thu Jul 04 01:55:21 CEST 2024] SortSam --INPUT E14_6h_H3K4me1_ChIP_Yang2019_GSM3314719_unsorted.bam --OUTPUT E14_6h_H3K4me1_ChIP_Yang2019_GSM3314719_sorted.bam --SORT_ORDER coordinate --TMP_DIR . --VERBOSITY INFO --QUIET false --VALIDATION_STRINGENCY STRICT --COMPRESSION_LEVEL 5 --MAX_RECORDS_IN_RAM 500000 --CREATE_INDEX false --CREATE_MD5_FILE false --GA4GH_CLIENT_SECRETS client_secrets.json --help false --version false --showHidden false --USE_JDK_DEFLATER false --USE_JDK_INFLATER false
[Thu Jul 04 01:55:21 CEST 2024] Executing as robin@epipax.ijm.univ-paris-diderot.priv on Linux 6.1.0-21-amd64 amd64; OpenJDK 64-Bit Server VM 1.8.0_332-b09; Deflater: Intel; Inflater: Intel; Provider GCS is not available; Picard version: Version:2.26.2
INFO	2024-07-04 01:55:21	SortSam	Seen many non-increasing record positions. Printing Read-names as well.
INFO	2024-07-04 01:56:21	SortSam	Read    10,000,000 records.  Elapsed time: 00:00:59s.  Time for last 10,000,000:   59s.  Last read position: chr9:90,100,532.  Last read name: SRR7624407.58013519
INFO	2024-07-04 01:57:17	SortSam	Read    20,000,000 records.  Elapsed time: 00:01:55s.  Time for last 10,000,000:   56s.  Last read position: chr18:33,761,861.  Last read name: SRR7624407.28959383
INFO	2024-07-04 01:58:12	SortSam	Read    30,000,000 records.  Elapsed time: 00:02:50s.  Time for last 10,000,000:   54s.  Last read position: */*.  Last read name: SRR7624407.44102157
INFO	2024-07-04 01:59:07	SortSam	Read    40,000,000 records.  Elapsed time: 00:03:45s.  Time for last 10,000,000:   54s.  Last read position: chr1:143,778,644.  Last read name: SRR7624407.3903538
INFO	2024-07-04 02:00:04	SortSam	Read    50,000,000 records.  Elapsed time: 00:04:42s.  Time for last 10,000,000:   57s.  Last read position: chr8:90,871,452.  Last read name: SRR7624407.47122255
INFO	2024-07-04 02:00:10	SortSam	Finished reading inputs, merging and writing to output now.
INFO	2024-07-04 02:00:56	SortSam	Wrote    10,000,000 records from a sorting collection.  Elapsed time: 00:05:34s.  Time for last 10,000,000:   44s.  Last read position: chr4:45,584,188
INFO	2024-07-04 02:01:39	SortSam	Wrote    20,000,000 records from a sorting collection.  Elapsed time: 00:06:18s.  Time for last 10,000,000:   43s.  Last read position: chr7:80,164,684
INFO	2024-07-04 02:02:22	SortSam	Wrote    30,000,000 records from a sorting collection.  Elapsed time: 00:07:01s.  Time for last 10,000,000:   42s.  Last read position: chr11:50,336,265
INFO	2024-07-04 02:03:05	SortSam	Wrote    40,000,000 records from a sorting collection.  Elapsed time: 00:07:44s.  Time for last 10,000,000:   42s.  Last read position: chr15:81,664,341
INFO	2024-07-04 02:03:47	SortSam	Wrote    50,000,000 records from a sorting collection.  Elapsed time: 00:08:25s.  Time for last 10,000,000:   41s.  Last read position: */*
[Thu Jul 04 02:03:53 CEST 2024] picard.sam.SortSam done. Elapsed time: 8.53 minutes.
Runtime.totalMemory()=1753743360
02:03:54.231 INFO  NativeLibraryLoader - Loading libgkl_compression.so from jar:file:/home/robin/bin/miniconda3/share/picard-2.26.2-0/picard.jar!/com/intel/gkl/native/libgkl_compression.so
[Thu Jul 04 02:03:54 CEST 2024] MarkDuplicates --INPUT E14_6h_H3K4me1_ChIP_Yang2019_GSM3314719_sorted.bam --OUTPUT E14_6h_H3K4me1_ChIP_Yang2019_GSM3314719.bam --METRICS_FILE E14_6h_H3K4me1_ChIP_Yang2019_GSM3314719_markDupeMetrics.txt --REMOVE_DUPLICATES false --TMP_DIR . --MAX_SEQUENCES_FOR_DISK_READ_ENDS_MAP 50000 --MAX_FILE_HANDLES_FOR_READ_ENDS_MAP 8000 --SORTING_COLLECTION_SIZE_RATIO 0.25 --TAG_DUPLICATE_SET_MEMBERS false --REMOVE_SEQUENCING_DUPLICATES false --TAGGING_POLICY DontTag --CLEAR_DT true --DUPLEX_UMI false --ADD_PG_TAG_TO_READS true --ASSUME_SORTED false --DUPLICATE_SCORING_STRATEGY SUM_OF_BASE_QUALITIES --PROGRAM_RECORD_ID MarkDuplicates --PROGRAM_GROUP_NAME MarkDuplicates --READ_NAME_REGEX <optimized capture of last three ':' separated fields as numeric values> --OPTICAL_DUPLICATE_PIXEL_DISTANCE 100 --MAX_OPTICAL_DUPLICATE_SET_SIZE 300000 --VERBOSITY INFO --QUIET false --VALIDATION_STRINGENCY STRICT --COMPRESSION_LEVEL 5 --MAX_RECORDS_IN_RAM 500000 --CREATE_INDEX false --CREATE_MD5_FILE false --GA4GH_CLIENT_SECRETS client_secrets.json --help false --version false --showHidden false --USE_JDK_DEFLATER false --USE_JDK_INFLATER false
[Thu Jul 04 02:03:54 CEST 2024] Executing as robin@epipax.ijm.univ-paris-diderot.priv on Linux 6.1.0-21-amd64 amd64; OpenJDK 64-Bit Server VM 1.8.0_332-b09; Deflater: Intel; Inflater: Intel; Provider GCS is not available; Picard version: Version:2.26.2
INFO	2024-07-04 02:03:54	MarkDuplicates	Start of doWork freeMemory: 501502648; totalMemory: 514850816; maxMemory: 1908932608
INFO	2024-07-04 02:03:54	MarkDuplicates	Reading input file and constructing read end information.
INFO	2024-07-04 02:03:54	MarkDuplicates	Will retain up to 6916422 data points before spilling to disk.
WARNING	2024-07-04 02:03:54	AbstractOpticalDuplicateFinderCommandLineProgram	A field field parsed out of a read name was expected to contain an integer and did not. Read name: SRR7624407.58666704. Cause: String 'SRR7624407.58666704' did not start with a parsable number.
INFO	2024-07-04 02:03:58	MarkDuplicates	Read     1,000,000 records.  Elapsed time: 00:00:03s.  Time for last 1,000,000:    3s.  Last read position: chr1:69,130,523
INFO	2024-07-04 02:03:58	MarkDuplicates	Tracking 0 as yet unmatched pairs. 0 records in RAM.
INFO	2024-07-04 02:04:01	MarkDuplicates	Read     2,000,000 records.  Elapsed time: 00:00:07s.  Time for last 1,000,000:    3s.  Last read position: chr1:133,133,884
INFO	2024-07-04 02:04:01	MarkDuplicates	Tracking 0 as yet unmatched pairs. 0 records in RAM.
INFO	2024-07-04 02:04:05	MarkDuplicates	Read     3,000,000 records.  Elapsed time: 00:00:10s.  Time for last 1,000,000:    3s.  Last read position: chr1:182,497,320
INFO	2024-07-04 02:04:05	MarkDuplicates	Tracking 0 as yet unmatched pairs. 0 records in RAM.
INFO	2024-07-04 02:04:10	MarkDuplicates	Read     4,000,000 records.  Elapsed time: 00:00:16s.  Time for last 1,000,000:    5s.  Last read position: chr2:33,469,829
INFO	2024-07-04 02:04:10	MarkDuplicates	Tracking 0 as yet unmatched pairs. 0 records in RAM.
INFO	2024-07-04 02:04:14	MarkDuplicates	Read     5,000,000 records.  Elapsed time: 00:00:19s.  Time for last 1,000,000:    3s.  Last read position: chr2:94,488,735
INFO	2024-07-04 02:04:14	MarkDuplicates	Tracking 0 as yet unmatched pairs. 0 records in RAM.
INFO	2024-07-04 02:04:17	MarkDuplicates	Read     6,000,000 records.  Elapsed time: 00:00:22s.  Time for last 1,000,000:    3s.  Last read position: chr2:152,330,030
INFO	2024-07-04 02:04:17	MarkDuplicates	Tracking 0 as yet unmatched pairs. 0 records in RAM.
INFO	2024-07-04 02:04:23	MarkDuplicates	Read     7,000,000 records.  Elapsed time: 00:00:28s.  Time for last 1,000,000:    6s.  Last read position: chr3:5,141,383
INFO	2024-07-04 02:04:23	MarkDuplicates	Tracking 0 as yet unmatched pairs. 0 records in RAM.
INFO	2024-07-04 02:04:26	MarkDuplicates	Read     8,000,000 records.  Elapsed time: 00:00:32s.  Time for last 1,000,000:    3s.  Last read position: chr3:84,466,472
INFO	2024-07-04 02:04:26	MarkDuplicates	Tracking 0 as yet unmatched pairs. 0 records in RAM.
INFO	2024-07-04 02:04:30	MarkDuplicates	Read     9,000,000 records.  Elapsed time: 00:00:35s.  Time for last 1,000,000:    3s.  Last read position: chr3:131,091,406
INFO	2024-07-04 02:04:30	MarkDuplicates	Tracking 0 as yet unmatched pairs. 0 records in RAM.
INFO	2024-07-04 02:04:33	MarkDuplicates	Read    10,000,000 records.  Elapsed time: 00:00:38s.  Time for last 1,000,000:    3s.  Last read position: chr4:45,584,188
INFO	2024-07-04 02:04:33	MarkDuplicates	Tracking 0 as yet unmatched pairs. 0 records in RAM.
INFO	2024-07-04 02:04:36	MarkDuplicates	Read    11,000,000 records.  Elapsed time: 00:00:41s.  Time for last 1,000,000:    3s.  Last read position: chr4:116,125,920
INFO	2024-07-04 02:04:36	MarkDuplicates	Tracking 0 as yet unmatched pairs. 0 records in RAM.
INFO	2024-07-04 02:04:42	MarkDuplicates	Read    12,000,000 records.  Elapsed time: 00:00:47s.  Time for last 1,000,000:    6s.  Last read position: chr4:139,197,390
INFO	2024-07-04 02:04:42	MarkDuplicates	Tracking 0 as yet unmatched pairs. 0 records in RAM.
INFO	2024-07-04 02:04:45	MarkDuplicates	Read    13,000,000 records.  Elapsed time: 00:00:50s.  Time for last 1,000,000:    3s.  Last read position: chr5:23,864,218
INFO	2024-07-04 02:04:45	MarkDuplicates	Tracking 0 as yet unmatched pairs. 0 records in RAM.
INFO	2024-07-04 02:04:50	MarkDuplicates	Read    14,000,000 records.  Elapsed time: 00:00:55s.  Time for last 1,000,000:    5s.  Last read position: chr5:90,247,499
INFO	2024-07-04 02:04:50	MarkDuplicates	Tracking 0 as yet unmatched pairs. 0 records in RAM.
INFO	2024-07-04 02:04:53	MarkDuplicates	Read    15,000,000 records.  Elapsed time: 00:00:59s.  Time for last 1,000,000:    3s.  Last read position: chr5:124,352,444
INFO	2024-07-04 02:04:53	MarkDuplicates	Tracking 0 as yet unmatched pairs. 0 records in RAM.
INFO	2024-07-04 02:04:56	MarkDuplicates	Read    16,000,000 records.  Elapsed time: 00:01:02s.  Time for last 1,000,000:    3s.  Last read position: chr6:13,721,657
INFO	2024-07-04 02:04:56	MarkDuplicates	Tracking 0 as yet unmatched pairs. 0 records in RAM.
INFO	2024-07-04 02:05:01	MarkDuplicates	Read    17,000,000 records.  Elapsed time: 00:01:07s.  Time for last 1,000,000:    4s.  Last read position: chr6:79,732,669
INFO	2024-07-04 02:05:01	MarkDuplicates	Tracking 0 as yet unmatched pairs. 0 records in RAM.
INFO	2024-07-04 02:05:04	MarkDuplicates	Read    18,000,000 records.  Elapsed time: 00:01:10s.  Time for last 1,000,000:    3s.  Last read position: chr6:125,421,392
INFO	2024-07-04 02:05:04	MarkDuplicates	Tracking 0 as yet unmatched pairs. 0 records in RAM.
INFO	2024-07-04 02:05:08	MarkDuplicates	Read    19,000,000 records.  Elapsed time: 00:01:13s.  Time for last 1,000,000:    3s.  Last read position: chr7:27,623,735
INFO	2024-07-04 02:05:08	MarkDuplicates	Tracking 0 as yet unmatched pairs. 0 records in RAM.
INFO	2024-07-04 02:05:10	MarkDuplicates	Read    20,000,000 records.  Elapsed time: 00:01:16s.  Time for last 1,000,000:    2s.  Last read position: chr7:80,164,684
INFO	2024-07-04 02:05:10	MarkDuplicates	Tracking 0 as yet unmatched pairs. 0 records in RAM.
INFO	2024-07-04 02:05:16	MarkDuplicates	Read    21,000,000 records.  Elapsed time: 00:01:21s.  Time for last 1,000,000:    5s.  Last read position: chr7:128,539,300
INFO	2024-07-04 02:05:16	MarkDuplicates	Tracking 0 as yet unmatched pairs. 0 records in RAM.
INFO	2024-07-04 02:05:19	MarkDuplicates	Read    22,000,000 records.  Elapsed time: 00:01:24s.  Time for last 1,000,000:    3s.  Last read position: chr8:35,418,234
INFO	2024-07-04 02:05:19	MarkDuplicates	Tracking 0 as yet unmatched pairs. 0 records in RAM.
INFO	2024-07-04 02:05:22	MarkDuplicates	Read    23,000,000 records.  Elapsed time: 00:01:27s.  Time for last 1,000,000:    2s.  Last read position: chr8:90,824,456
INFO	2024-07-04 02:05:22	MarkDuplicates	Tracking 0 as yet unmatched pairs. 0 records in RAM.
INFO	2024-07-04 02:05:27	MarkDuplicates	Read    24,000,000 records.  Elapsed time: 00:01:32s.  Time for last 1,000,000:    5s.  Last read position: chr9:8,768,283
INFO	2024-07-04 02:05:27	MarkDuplicates	Tracking 0 as yet unmatched pairs. 0 records in RAM.
INFO	2024-07-04 02:05:30	MarkDuplicates	Read    25,000,000 records.  Elapsed time: 00:01:35s.  Time for last 1,000,000:    3s.  Last read position: chr9:58,085,627
INFO	2024-07-04 02:05:30	MarkDuplicates	Tracking 0 as yet unmatched pairs. 0 records in RAM.
INFO	2024-07-04 02:05:33	MarkDuplicates	Read    26,000,000 records.  Elapsed time: 00:01:38s.  Time for last 1,000,000:    3s.  Last read position: chr9:105,493,369
INFO	2024-07-04 02:05:33	MarkDuplicates	Tracking 0 as yet unmatched pairs. 0 records in RAM.
INFO	2024-07-04 02:05:37	MarkDuplicates	Read    27,000,000 records.  Elapsed time: 00:01:42s.  Time for last 1,000,000:    3s.  Last read position: chr10:26,904,427
INFO	2024-07-04 02:05:37	MarkDuplicates	Tracking 0 as yet unmatched pairs. 0 records in RAM.
INFO	2024-07-04 02:05:43	MarkDuplicates	Read    28,000,000 records.  Elapsed time: 00:01:48s.  Time for last 1,000,000:    5s.  Last read position: chr10:79,858,981
INFO	2024-07-04 02:05:43	MarkDuplicates	Tracking 0 as yet unmatched pairs. 0 records in RAM.
INFO	2024-07-04 02:05:46	MarkDuplicates	Read    29,000,000 records.  Elapsed time: 00:01:51s.  Time for last 1,000,000:    3s.  Last read position: chr10:128,263,707
INFO	2024-07-04 02:05:46	MarkDuplicates	Tracking 0 as yet unmatched pairs. 0 records in RAM.
INFO	2024-07-04 02:05:49	MarkDuplicates	Read    30,000,000 records.  Elapsed time: 00:01:55s.  Time for last 1,000,000:    3s.  Last read position: chr11:50,336,265
INFO	2024-07-04 02:05:49	MarkDuplicates	Tracking 0 as yet unmatched pairs. 0 records in RAM.
INFO	2024-07-04 02:05:53	MarkDuplicates	Read    31,000,000 records.  Elapsed time: 00:01:58s.  Time for last 1,000,000:    3s.  Last read position: chr11:81,134,737
INFO	2024-07-04 02:05:53	MarkDuplicates	Tracking 0 as yet unmatched pairs. 0 records in RAM.
INFO	2024-07-04 02:05:56	MarkDuplicates	Read    32,000,000 records.  Elapsed time: 00:02:01s.  Time for last 1,000,000:    3s.  Last read position: chr11:108,517,092
INFO	2024-07-04 02:05:56	MarkDuplicates	Tracking 0 as yet unmatched pairs. 0 records in RAM.
INFO	2024-07-04 02:06:01	MarkDuplicates	Read    33,000,000 records.  Elapsed time: 00:02:07s.  Time for last 1,000,000:    5s.  Last read position: chr12:32,789,323
INFO	2024-07-04 02:06:01	MarkDuplicates	Tracking 0 as yet unmatched pairs. 0 records in RAM.
INFO	2024-07-04 02:06:04	MarkDuplicates	Read    34,000,000 records.  Elapsed time: 00:02:10s.  Time for last 1,000,000:    2s.  Last read position: chr12:98,245,591
INFO	2024-07-04 02:06:04	MarkDuplicates	Tracking 0 as yet unmatched pairs. 0 records in RAM.
INFO	2024-07-04 02:06:10	MarkDuplicates	Read    35,000,000 records.  Elapsed time: 00:02:15s.  Time for last 1,000,000:    5s.  Last read position: chr13:36,147,188
INFO	2024-07-04 02:06:10	MarkDuplicates	Tracking 0 as yet unmatched pairs. 0 records in RAM.
INFO	2024-07-04 02:06:13	MarkDuplicates	Read    36,000,000 records.  Elapsed time: 00:02:18s.  Time for last 1,000,000:    3s.  Last read position: chr13:80,922,744
INFO	2024-07-04 02:06:13	MarkDuplicates	Tracking 0 as yet unmatched pairs. 0 records in RAM.
INFO	2024-07-04 02:06:16	MarkDuplicates	Read    37,000,000 records.  Elapsed time: 00:02:21s.  Time for last 1,000,000:    3s.  Last read position: chr14:20,837,081
INFO	2024-07-04 02:06:16	MarkDuplicates	Tracking 0 as yet unmatched pairs. 0 records in RAM.
INFO	2024-07-04 02:06:19	MarkDuplicates	Read    38,000,000 records.  Elapsed time: 00:02:24s.  Time for last 1,000,000:    3s.  Last read position: chr14:69,146,206
INFO	2024-07-04 02:06:19	MarkDuplicates	Tracking 0 as yet unmatched pairs. 0 records in RAM.
INFO	2024-07-04 02:06:22	MarkDuplicates	Read    39,000,000 records.  Elapsed time: 00:02:27s.  Time for last 1,000,000:    3s.  Last read position: chr15:28,844,268
INFO	2024-07-04 02:06:22	MarkDuplicates	Tracking 0 as yet unmatched pairs. 0 records in RAM.
INFO	2024-07-04 02:06:25	MarkDuplicates	Read    40,000,000 records.  Elapsed time: 00:02:31s.  Time for last 1,000,000:    3s.  Last read position: chr15:81,664,341
INFO	2024-07-04 02:06:25	MarkDuplicates	Tracking 0 as yet unmatched pairs. 0 records in RAM.
INFO	2024-07-04 02:06:29	MarkDuplicates	Read    41,000,000 records.  Elapsed time: 00:02:34s.  Time for last 1,000,000:    3s.  Last read position: chr16:16,302,140
INFO	2024-07-04 02:06:29	MarkDuplicates	Tracking 0 as yet unmatched pairs. 0 records in RAM.
INFO	2024-07-04 02:06:34	MarkDuplicates	Read    42,000,000 records.  Elapsed time: 00:02:39s.  Time for last 1,000,000:    5s.  Last read position: chr16:67,627,220
INFO	2024-07-04 02:06:34	MarkDuplicates	Tracking 0 as yet unmatched pairs. 0 records in RAM.
INFO	2024-07-04 02:06:37	MarkDuplicates	Read    43,000,000 records.  Elapsed time: 00:02:43s.  Time for last 1,000,000:    3s.  Last read position: chr17:27,036,041
INFO	2024-07-04 02:06:37	MarkDuplicates	Tracking 0 as yet unmatched pairs. 0 records in RAM.
INFO	2024-07-04 02:06:41	MarkDuplicates	Read    44,000,000 records.  Elapsed time: 00:02:46s.  Time for last 1,000,000:    3s.  Last read position: chr17:63,452,602
INFO	2024-07-04 02:06:41	MarkDuplicates	Tracking 0 as yet unmatched pairs. 0 records in RAM.
INFO	2024-07-04 02:06:44	MarkDuplicates	Read    45,000,000 records.  Elapsed time: 00:02:49s.  Time for last 1,000,000:    3s.  Last read position: chr18:27,609,923
INFO	2024-07-04 02:06:44	MarkDuplicates	Tracking 0 as yet unmatched pairs. 0 records in RAM.
INFO	2024-07-04 02:06:47	MarkDuplicates	Read    46,000,000 records.  Elapsed time: 00:02:52s.  Time for last 1,000,000:    3s.  Last read position: chr18:76,466,083
INFO	2024-07-04 02:06:47	MarkDuplicates	Tracking 0 as yet unmatched pairs. 0 records in RAM.
INFO	2024-07-04 02:06:51	MarkDuplicates	Read    47,000,000 records.  Elapsed time: 00:02:56s.  Time for last 1,000,000:    3s.  Last read position: chr19:37,055,979
INFO	2024-07-04 02:06:51	MarkDuplicates	Tracking 0 as yet unmatched pairs. 0 records in RAM.
INFO	2024-07-04 02:06:54	MarkDuplicates	Read    48,000,000 records.  Elapsed time: 00:02:59s.  Time for last 1,000,000:    3s.  Last read position: chrX:73,644,853
INFO	2024-07-04 02:06:54	MarkDuplicates	Tracking 0 as yet unmatched pairs. 0 records in RAM.
INFO	2024-07-04 02:06:59	MarkDuplicates	Read 48801884 records. 0 pairs never matched.
INFO	2024-07-04 02:06:59	MarkDuplicates	After buildSortedReadEndLists freeMemory: 1496817792; totalMemory: 1541931008; maxMemory: 1908932608
INFO	2024-07-04 02:06:59	MarkDuplicates	Will retain up to 59654144 duplicate indices before spilling to disk.
INFO	2024-07-04 02:06:59	MarkDuplicates	Traversing read pair information and detecting duplicates.
INFO	2024-07-04 02:06:59	MarkDuplicates	Traversing fragment information and detecting duplicates.
INFO	2024-07-04 02:07:11	MarkDuplicates	Sorting list of duplicate records.
INFO	2024-07-04 02:07:11	MarkDuplicates	After generateDuplicateIndexes freeMemory: 1043264176; totalMemory: 1537736704; maxMemory: 1908932608
INFO	2024-07-04 02:07:11	MarkDuplicates	Marking 263312 records as duplicates.
INFO	2024-07-04 02:07:11	MarkDuplicates	Found 0 optical duplicate clusters.
INFO	2024-07-04 02:07:11	MarkDuplicates	Reads are assumed to be ordered by: coordinate
INFO	2024-07-04 02:08:14	MarkDuplicates	Written    10,000,000 records.  Elapsed time: 00:01:03s.  Time for last 10,000,000:   63s.  Last read position: chr4:45,584,188
INFO	2024-07-04 02:09:16	MarkDuplicates	Written    20,000,000 records.  Elapsed time: 00:02:05s.  Time for last 10,000,000:   62s.  Last read position: chr7:80,164,684
INFO	2024-07-04 02:10:17	MarkDuplicates	Written    30,000,000 records.  Elapsed time: 00:03:06s.  Time for last 10,000,000:   60s.  Last read position: chr11:50,336,265
INFO	2024-07-04 02:11:18	MarkDuplicates	Written    40,000,000 records.  Elapsed time: 00:04:07s.  Time for last 10,000,000:   61s.  Last read position: chr15:81,664,341
INFO	2024-07-04 02:12:18	MarkDuplicates	Written    50,000,000 records.  Elapsed time: 00:05:06s.  Time for last 10,000,000:   59s.  Last read position: */*
INFO	2024-07-04 02:12:22	MarkDuplicates	Writing complete. Closing input iterator.
INFO	2024-07-04 02:12:22	MarkDuplicates	Duplicate Index cleanup.
INFO	2024-07-04 02:12:22	MarkDuplicates	Getting Memory Stats.
INFO	2024-07-04 02:12:23	MarkDuplicates	Before output close freeMemory: 1552134864; totalMemory: 1570766848; maxMemory: 1908932608
INFO	2024-07-04 02:12:24	MarkDuplicates	Closed outputs. Getting more Memory Stats.
INFO	2024-07-04 02:12:24	MarkDuplicates	After output close freeMemory: 1552134864; totalMemory: 1570766848; maxMemory: 1908932608
[Thu Jul 04 02:12:24 CEST 2024] picard.sam.markduplicates.MarkDuplicates done. Elapsed time: 8.50 minutes.
Runtime.totalMemory()=1570766848
[sam grooming] finished successfully at [Thu Jul 4 02:12:35 AM CEST 2024]
[trueStats] Collecting alignment statistics for E14_6h_H3K4me1_ChIP_Yang2019_GSM3314719.bam at [Thu Jul 4 02:13:35 AM CEST 2024]
[bamToWigCPMsmoothKeepDup] Started with bin size: 1 and smoothing over 0 bp and KEEPING DUPLICATES at [Thu Jul 4 02:17:32 AM CEST 2024]
There are 47716753 alignments, of which 199137 are completely within a blacklist region.
Due to filtering, 94.00300161076778% of the aforementioned alignments will be used 44667985.33387845
[bamToWigCPMsmoothKeepDup] finished successfully at [Thu Jul 4 02:37:06 AM CEST 2024]
[file cleanup] started. Good job! at [Thu Jul 4 02:37:06 AM CEST 2024]
cp: cannot stat '*.pdf': No such file or directory
mv: cannot stat '*.bed': No such file or directory
mv: preserving times for '/data/bigWigs/E14_6h_H3K4me1_ChIP_Yang2019_GSM3314719_trimV5_mm10_kpDup_q10_b1_s0_CPM.bw': Operation not permitted
mv: preserving permissions for /data/bigWigs/E14_6h_H3K4me1_ChIP_Yang2019_GSM3314719_trimV5_mm10_kpDup_q10_b1_s0_CPM.bw: Operation not permitted
mv: preserving times for '/data/bams/E14_6h_H3K4me1_ChIP_Yang2019_GSM3314719_trimV5_mm10.bam': Operation not permitted
mv: preserving permissions for /data/bams/E14_6h_H3K4me1_ChIP_Yang2019_GSM3314719_trimV5_mm10.bam: Operation not permitted
mv: preserving times for '/data/bams/E14_6h_H3K4me1_ChIP_Yang2019_GSM3314719_trimV5_mm10.bam.bai': Operation not permitted
mv: preserving permissions for /data/bams/E14_6h_H3K4me1_ChIP_Yang2019_GSM3314719_trimV5_mm10.bam.bai: Operation not permitted
mv: cannot stat '*.gtf': No such file or directory
