SCRATCH: /scratch
ls: cannot access '/data/fastq/E14_6h_H3K9me2_ChIP_Yang2019_GSM3314735*_R2.fastq.gz': No such file or directory
[masterDownload] Data are single-end. at [Thu Jul 4 12:25:16 AM CEST 2024]
[checkDependencies] Checking Dependencies [Thu Jul 4 12:25:17 AM CEST 2024] at [Thu Jul 4 12:25:17 AM CEST 2024]
[setup checkDependencies] trimmomatic... at [Thu Jul 4 12:25:17 AM CEST 2024]
[setup checkDependencies] STAR... at [Thu Jul 4 12:25:17 AM CEST 2024]
[setup checkDependencies] bismark... at [Thu Jul 4 12:25:17 AM CEST 2024]
[setup checkDependencies] bowtie2... at [Thu Jul 4 12:25:17 AM CEST 2024]
[setup checkDependencies] samtools... at [Thu Jul 4 12:25:17 AM CEST 2024]
[setup checkDependencies] picard... at [Thu Jul 4 12:25:17 AM CEST 2024]
[setup checkDependencies] awk... at [Thu Jul 4 12:25:17 AM CEST 2024]
[setup checkDependencies] bamCoverage... at [Thu Jul 4 12:25:17 AM CEST 2024]
[setup checkDependencies] fastqc... at [Thu Jul 4 12:25:17 AM CEST 2024]
[setup checkDependencies] fastq_screen... at [Thu Jul 4 12:25:17 AM CEST 2024]
[setup checkDependencies] stringtie... at [Thu Jul 4 12:25:17 AM CEST 2024]
[setup checkDependencies] clumpify.sh... at [Thu Jul 4 12:25:17 AM CEST 2024]
PAIRED: false
[setUpLogFile] Script started at [Thu Jul 4 12:25:17 AM CEST 2024] at [Thu Jul 4 12:25:17 AM CEST 2024]
[fastQC] started on raw FASTQs at [Thu Jul 4 12:25:17 AM CEST 2024]
Started analysis of E14_6h_H3K9me2_ChIP_Yang2019_GSM3314735_raw.fastq.gz
Approx 5% complete for E14_6h_H3K9me2_ChIP_Yang2019_GSM3314735_raw.fastq.gz
Approx 10% complete for E14_6h_H3K9me2_ChIP_Yang2019_GSM3314735_raw.fastq.gz
Approx 15% complete for E14_6h_H3K9me2_ChIP_Yang2019_GSM3314735_raw.fastq.gz
Approx 20% complete for E14_6h_H3K9me2_ChIP_Yang2019_GSM3314735_raw.fastq.gz
Approx 25% complete for E14_6h_H3K9me2_ChIP_Yang2019_GSM3314735_raw.fastq.gz
Approx 30% complete for E14_6h_H3K9me2_ChIP_Yang2019_GSM3314735_raw.fastq.gz
Approx 35% complete for E14_6h_H3K9me2_ChIP_Yang2019_GSM3314735_raw.fastq.gz
Approx 40% complete for E14_6h_H3K9me2_ChIP_Yang2019_GSM3314735_raw.fastq.gz
Approx 45% complete for E14_6h_H3K9me2_ChIP_Yang2019_GSM3314735_raw.fastq.gz
Approx 50% complete for E14_6h_H3K9me2_ChIP_Yang2019_GSM3314735_raw.fastq.gz
Approx 55% complete for E14_6h_H3K9me2_ChIP_Yang2019_GSM3314735_raw.fastq.gz
Approx 60% complete for E14_6h_H3K9me2_ChIP_Yang2019_GSM3314735_raw.fastq.gz
Approx 65% complete for E14_6h_H3K9me2_ChIP_Yang2019_GSM3314735_raw.fastq.gz
Approx 70% complete for E14_6h_H3K9me2_ChIP_Yang2019_GSM3314735_raw.fastq.gz
Approx 75% complete for E14_6h_H3K9me2_ChIP_Yang2019_GSM3314735_raw.fastq.gz
Approx 80% complete for E14_6h_H3K9me2_ChIP_Yang2019_GSM3314735_raw.fastq.gz
Approx 85% complete for E14_6h_H3K9me2_ChIP_Yang2019_GSM3314735_raw.fastq.gz
Approx 90% complete for E14_6h_H3K9me2_ChIP_Yang2019_GSM3314735_raw.fastq.gz
Approx 95% complete for E14_6h_H3K9me2_ChIP_Yang2019_GSM3314735_raw.fastq.gz
Analysis complete for E14_6h_H3K9me2_ChIP_Yang2019_GSM3314735_raw.fastq.gz
[fastQC] on raw FASTQs finished succesfully. Will remove PCR duplicates now at [Thu Jul 4 12:29:56 AM CEST 2024]
Reads are length: 52 at [Thu Jul 4 12:29:56 AM CEST 2024]
Reads with same sequence 1 or fewer substitutions will be marked as PCR duplicates at [Thu Jul 4 12:29:56 AM CEST 2024]
Removal of PCR duplicates complete! at [Thu Jul 4 01:02:50 AM CEST 2024]
[trimReads] Started using version trimV5 parameters at [Thu Jul 4 01:02:50 AM CEST 2024]
ILLUMINACLIP:/data/reference_genomes/adapters/adapters.fa:2:30:10 SLIDINGWINDOW:4:20 MINLEN:24
[trimReads] Trimming E14_6h_H3K9me2_ChIP_Yang2019_GSM3314735.fastq.gz... at [Thu Jul 4 01:02:50 AM CEST 2024]
[trimReads] Finished successfully at [Thu Jul 4 01:12:39 AM CEST 2024]
[fastQC] started on E14_6h_H3K9me2_ChIP_Yang2019_GSM3314735.fastq.gz E14_6h_H3K9me2_ChIP_Yang2019_GSM3314735_trimV5.fastq.gz at [Thu Jul 4 01:12:39 AM CEST 2024]
Started analysis of E14_6h_H3K9me2_ChIP_Yang2019_GSM3314735.fastq.gz
Started analysis of E14_6h_H3K9me2_ChIP_Yang2019_GSM3314735_trimV5.fastq.gz
Approx 5% complete for E14_6h_H3K9me2_ChIP_Yang2019_GSM3314735_trimV5.fastq.gz
Approx 5% complete for E14_6h_H3K9me2_ChIP_Yang2019_GSM3314735.fastq.gz
Approx 10% complete for E14_6h_H3K9me2_ChIP_Yang2019_GSM3314735_trimV5.fastq.gz
Approx 10% complete for E14_6h_H3K9me2_ChIP_Yang2019_GSM3314735.fastq.gz
Approx 15% complete for E14_6h_H3K9me2_ChIP_Yang2019_GSM3314735_trimV5.fastq.gz
Approx 15% complete for E14_6h_H3K9me2_ChIP_Yang2019_GSM3314735.fastq.gz
Approx 20% complete for E14_6h_H3K9me2_ChIP_Yang2019_GSM3314735_trimV5.fastq.gz
Approx 20% complete for E14_6h_H3K9me2_ChIP_Yang2019_GSM3314735.fastq.gz
Approx 25% complete for E14_6h_H3K9me2_ChIP_Yang2019_GSM3314735_trimV5.fastq.gz
Approx 25% complete for E14_6h_H3K9me2_ChIP_Yang2019_GSM3314735.fastq.gz
Approx 30% complete for E14_6h_H3K9me2_ChIP_Yang2019_GSM3314735_trimV5.fastq.gz
Approx 30% complete for E14_6h_H3K9me2_ChIP_Yang2019_GSM3314735.fastq.gz
Approx 35% complete for E14_6h_H3K9me2_ChIP_Yang2019_GSM3314735_trimV5.fastq.gz
Approx 35% complete for E14_6h_H3K9me2_ChIP_Yang2019_GSM3314735.fastq.gz
Approx 40% complete for E14_6h_H3K9me2_ChIP_Yang2019_GSM3314735_trimV5.fastq.gz
Approx 40% complete for E14_6h_H3K9me2_ChIP_Yang2019_GSM3314735.fastq.gz
Approx 45% complete for E14_6h_H3K9me2_ChIP_Yang2019_GSM3314735_trimV5.fastq.gz
Approx 45% complete for E14_6h_H3K9me2_ChIP_Yang2019_GSM3314735.fastq.gz
Approx 50% complete for E14_6h_H3K9me2_ChIP_Yang2019_GSM3314735_trimV5.fastq.gz
Approx 50% complete for E14_6h_H3K9me2_ChIP_Yang2019_GSM3314735.fastq.gz
Approx 55% complete for E14_6h_H3K9me2_ChIP_Yang2019_GSM3314735_trimV5.fastq.gz
Approx 55% complete for E14_6h_H3K9me2_ChIP_Yang2019_GSM3314735.fastq.gz
Approx 60% complete for E14_6h_H3K9me2_ChIP_Yang2019_GSM3314735_trimV5.fastq.gz
Approx 65% complete for E14_6h_H3K9me2_ChIP_Yang2019_GSM3314735_trimV5.fastq.gz
Approx 60% complete for E14_6h_H3K9me2_ChIP_Yang2019_GSM3314735.fastq.gz
Approx 70% complete for E14_6h_H3K9me2_ChIP_Yang2019_GSM3314735_trimV5.fastq.gz
Approx 65% complete for E14_6h_H3K9me2_ChIP_Yang2019_GSM3314735.fastq.gz
Approx 75% complete for E14_6h_H3K9me2_ChIP_Yang2019_GSM3314735_trimV5.fastq.gz
Approx 70% complete for E14_6h_H3K9me2_ChIP_Yang2019_GSM3314735.fastq.gz
Approx 80% complete for E14_6h_H3K9me2_ChIP_Yang2019_GSM3314735_trimV5.fastq.gz
Approx 75% complete for E14_6h_H3K9me2_ChIP_Yang2019_GSM3314735.fastq.gz
Approx 85% complete for E14_6h_H3K9me2_ChIP_Yang2019_GSM3314735_trimV5.fastq.gz
Approx 80% complete for E14_6h_H3K9me2_ChIP_Yang2019_GSM3314735.fastq.gz
Approx 90% complete for E14_6h_H3K9me2_ChIP_Yang2019_GSM3314735_trimV5.fastq.gz
Approx 85% complete for E14_6h_H3K9me2_ChIP_Yang2019_GSM3314735.fastq.gz
Approx 95% complete for E14_6h_H3K9me2_ChIP_Yang2019_GSM3314735_trimV5.fastq.gz
Approx 90% complete for E14_6h_H3K9me2_ChIP_Yang2019_GSM3314735.fastq.gz
Analysis complete for E14_6h_H3K9me2_ChIP_Yang2019_GSM3314735_trimV5.fastq.gz
Approx 95% complete for E14_6h_H3K9me2_ChIP_Yang2019_GSM3314735.fastq.gz
Analysis complete for E14_6h_H3K9me2_ChIP_Yang2019_GSM3314735.fastq.gz
[fastQC] finished succesfully at [Thu Jul 4 01:16:03 AM CEST 2024]
[bowtie2 alignment] started with reference /data/reference_genomes/mm10/mm10 at [Thu Jul 4 01:16:03 AM CEST 2024]
[alignment] Bowtie2 alignment finished successfully at [Thu Jul 4 01:49:49 AM CEST 2024]
[sam grooming] started at [Thu Jul 4 01:51:32 AM CEST 2024]
01:51:33.712 INFO  NativeLibraryLoader - Loading libgkl_compression.so from jar:file:/home/robin/bin/miniconda3/share/picard-2.26.2-0/picard.jar!/com/intel/gkl/native/libgkl_compression.so
[Thu Jul 04 01:51:33 CEST 2024] CleanSam --INPUT E14_6h_H3K9me2_ChIP_Yang2019_GSM3314735_raw.sam --OUTPUT E14_6h_H3K9me2_ChIP_Yang2019_GSM3314735_cleaned.sam --TMP_DIR . --VERBOSITY INFO --QUIET false --VALIDATION_STRINGENCY STRICT --COMPRESSION_LEVEL 5 --MAX_RECORDS_IN_RAM 500000 --CREATE_INDEX false --CREATE_MD5_FILE false --GA4GH_CLIENT_SECRETS client_secrets.json --help false --version false --showHidden false --USE_JDK_DEFLATER false --USE_JDK_INFLATER false
[Thu Jul 04 01:51:33 CEST 2024] Executing as robin@epipax.ijm.univ-paris-diderot.priv on Linux 6.1.0-21-amd64 amd64; OpenJDK 64-Bit Server VM 1.8.0_332-b09; Deflater: Intel; Inflater: Intel; Provider GCS is not available; Picard version: Version:2.26.2
INFO	2024-07-04 01:51:34	CleanSam	Seen many non-increasing record positions. Printing Read-names as well.
INFO	2024-07-04 01:51:40	CleanSam	Processed     1,000,000 records.  Elapsed time: 00:00:06s.  Time for last 1,000,000:    6s.  Last read position: chr1:82,763,633.  Last read name: SRR7624423.61358656
INFO	2024-07-04 01:51:45	CleanSam	Processed     2,000,000 records.  Elapsed time: 00:00:11s.  Time for last 1,000,000:    5s.  Last read position: chr18:73,608,163.  Last read name: SRR7624423.50496998
INFO	2024-07-04 01:51:50	CleanSam	Processed     3,000,000 records.  Elapsed time: 00:00:16s.  Time for last 1,000,000:    5s.  Last read position: chr13:32,145,444.  Last read name: SRR7624423.25080768
INFO	2024-07-04 01:51:56	CleanSam	Processed     4,000,000 records.  Elapsed time: 00:00:22s.  Time for last 1,000,000:    5s.  Last read position: chr4:56,408,292.  Last read name: SRR7624423.53732344
INFO	2024-07-04 01:52:01	CleanSam	Processed     5,000,000 records.  Elapsed time: 00:00:27s.  Time for last 1,000,000:    5s.  Last read position: chr12:62,814,943.  Last read name: SRR7624423.24550524
INFO	2024-07-04 01:52:07	CleanSam	Processed     6,000,000 records.  Elapsed time: 00:00:33s.  Time for last 1,000,000:    5s.  Last read position: chr7:84,624,192.  Last read name: SRR7624423.12813587
INFO	2024-07-04 01:52:12	CleanSam	Processed     7,000,000 records.  Elapsed time: 00:00:39s.  Time for last 1,000,000:    5s.  Last read position: chr13:74,278,914.  Last read name: SRR7624423.3811563
INFO	2024-07-04 01:52:18	CleanSam	Processed     8,000,000 records.  Elapsed time: 00:00:44s.  Time for last 1,000,000:    5s.  Last read position: chr2:170,918,322.  Last read name: SRR7624423.8710732
INFO	2024-07-04 01:52:24	CleanSam	Processed     9,000,000 records.  Elapsed time: 00:00:50s.  Time for last 1,000,000:    5s.  Last read position: chr16:45,808,034.  Last read name: SRR7624423.5699868
INFO	2024-07-04 01:52:29	CleanSam	Processed    10,000,000 records.  Elapsed time: 00:00:56s.  Time for last 1,000,000:    5s.  Last read position: chrX:9,050,697.  Last read name: SRR7624423.63107311
INFO	2024-07-04 01:52:35	CleanSam	Processed    11,000,000 records.  Elapsed time: 00:01:01s.  Time for last 1,000,000:    5s.  Last read position: chr8:53,918,886.  Last read name: SRR7624423.13491303
INFO	2024-07-04 01:52:40	CleanSam	Processed    12,000,000 records.  Elapsed time: 00:01:07s.  Time for last 1,000,000:    5s.  Last read position: chr9:78,123,297.  Last read name: SRR7624423.14424921
INFO	2024-07-04 01:52:46	CleanSam	Processed    13,000,000 records.  Elapsed time: 00:01:12s.  Time for last 1,000,000:    5s.  Last read position: chr9:114,267,888.  Last read name: SRR7624423.36329771
INFO	2024-07-04 01:52:51	CleanSam	Processed    14,000,000 records.  Elapsed time: 00:01:17s.  Time for last 1,000,000:    5s.  Last read position: chr18:64,707,506.  Last read name: SRR7624423.28525033
INFO	2024-07-04 01:52:57	CleanSam	Processed    15,000,000 records.  Elapsed time: 00:01:23s.  Time for last 1,000,000:    5s.  Last read position: chr6:110,312,686.  Last read name: SRR7624423.12194839
INFO	2024-07-04 01:53:04	CleanSam	Processed    16,000,000 records.  Elapsed time: 00:01:30s.  Time for last 1,000,000:    7s.  Last read position: chrX:83,462,260.  Last read name: SRR7624423.14935974
INFO	2024-07-04 01:53:15	CleanSam	Processed    17,000,000 records.  Elapsed time: 00:01:41s.  Time for last 1,000,000:   11s.  Last read position: chr3:31,646,399.  Last read name: SRR7624423.8955847
INFO	2024-07-04 01:53:25	CleanSam	Processed    18,000,000 records.  Elapsed time: 00:01:51s.  Time for last 1,000,000:    9s.  Last read position: chr4:139,246,044.  Last read name: SRR7624423.10611943
INFO	2024-07-04 01:53:31	CleanSam	Processed    19,000,000 records.  Elapsed time: 00:01:58s.  Time for last 1,000,000:    6s.  Last read position: chr10:15,078,888.  Last read name: SRR7624423.22811126
INFO	2024-07-04 01:53:38	CleanSam	Processed    20,000,000 records.  Elapsed time: 00:02:05s.  Time for last 1,000,000:    6s.  Last read position: chr1:47,616,264.  Last read name: SRR7624423.16590936
INFO	2024-07-04 01:53:45	CleanSam	Processed    21,000,000 records.  Elapsed time: 00:02:11s.  Time for last 1,000,000:    6s.  Last read position: chr13:99,623,262.  Last read name: SRR7624423.3978456
INFO	2024-07-04 01:53:52	CleanSam	Processed    22,000,000 records.  Elapsed time: 00:02:18s.  Time for last 1,000,000:    6s.  Last read position: chr1:24,577,107.  Last read name: SRR7624423.43435216
INFO	2024-07-04 01:53:58	CleanSam	Processed    23,000,000 records.  Elapsed time: 00:02:24s.  Time for last 1,000,000:    6s.  Last read position: chr10:3,403,437.  Last read name: SRR7624423.1279731
INFO	2024-07-04 01:54:05	CleanSam	Processed    24,000,000 records.  Elapsed time: 00:02:31s.  Time for last 1,000,000:    6s.  Last read position: chr5:52,281,748.  Last read name: SRR7624423.54568970
INFO	2024-07-04 01:54:12	CleanSam	Processed    25,000,000 records.  Elapsed time: 00:02:38s.  Time for last 1,000,000:    6s.  Last read position: chr5:27,188,475.  Last read name: SRR7624423.10819987
INFO	2024-07-04 01:54:18	CleanSam	Processed    26,000,000 records.  Elapsed time: 00:02:44s.  Time for last 1,000,000:    6s.  Last read position: chr14:106,058,416.  Last read name: SRR7624423.48138411
INFO	2024-07-04 01:54:25	CleanSam	Processed    27,000,000 records.  Elapsed time: 00:02:52s.  Time for last 1,000,000:    7s.  Last read position: chr1:98,764,613.  Last read name: SRR7624423.625837
INFO	2024-07-04 01:54:34	CleanSam	Processed    28,000,000 records.  Elapsed time: 00:03:00s.  Time for last 1,000,000:    8s.  Last read position: chr7:92,491,903.  Last read name: SRR7624423.15398520
INFO	2024-07-04 01:54:42	CleanSam	Processed    29,000,000 records.  Elapsed time: 00:03:08s.  Time for last 1,000,000:    8s.  Last read position: chr1:58,099,628.  Last read name: SRR7624423.368724
INFO	2024-07-04 01:54:50	CleanSam	Processed    30,000,000 records.  Elapsed time: 00:03:16s.  Time for last 1,000,000:    7s.  Last read position: chr1:68,642,264.  Last read name: SRR7624423.43735234
INFO	2024-07-04 01:54:57	CleanSam	Processed    31,000,000 records.  Elapsed time: 00:03:23s.  Time for last 1,000,000:    7s.  Last read position: chr6:78,284,004.  Last read name: SRR7624423.55612548
INFO	2024-07-04 01:55:04	CleanSam	Processed    32,000,000 records.  Elapsed time: 00:03:30s.  Time for last 1,000,000:    7s.  Last read position: chr4:14,379,591.  Last read name: SRR7624423.29104544
INFO	2024-07-04 01:55:11	CleanSam	Processed    33,000,000 records.  Elapsed time: 00:03:37s.  Time for last 1,000,000:    6s.  Last read position: chr13:43,012,613.  Last read name: SRR7624423.20860929
INFO	2024-07-04 01:55:18	CleanSam	Processed    34,000,000 records.  Elapsed time: 00:03:44s.  Time for last 1,000,000:    6s.  Last read position: chr1:169,209,258.  Last read name: SRR7624423.1092412
INFO	2024-07-04 01:55:24	CleanSam	Processed    35,000,000 records.  Elapsed time: 00:03:50s.  Time for last 1,000,000:    6s.  Last read position: chr10:90,877,593.  Last read name: SRR7624423.23289255
INFO	2024-07-04 01:55:31	CleanSam	Processed    36,000,000 records.  Elapsed time: 00:03:57s.  Time for last 1,000,000:    7s.  Last read position: chr1:17,338,007.  Last read name: SRR7624423.43383035
INFO	2024-07-04 01:55:38	CleanSam	Processed    37,000,000 records.  Elapsed time: 00:04:04s.  Time for last 1,000,000:    6s.  Last read position: chrX:130,997,079.  Last read name: SRR7624423.36775687
INFO	2024-07-04 01:55:44	CleanSam	Processed    38,000,000 records.  Elapsed time: 00:04:11s.  Time for last 1,000,000:    6s.  Last read position: chr18:56,059,821.  Last read name: SRR7624423.50382880
INFO	2024-07-04 01:55:51	CleanSam	Processed    39,000,000 records.  Elapsed time: 00:04:17s.  Time for last 1,000,000:    6s.  Last read position: chr7:122,096,629.  Last read name: SRR7624423.15823551
INFO	2024-07-04 01:55:59	CleanSam	Processed    40,000,000 records.  Elapsed time: 00:04:25s.  Time for last 1,000,000:    7s.  Last read position: chr18:51,638,944.  Last read name: SRR7624423.6874379
INFO	2024-07-04 01:56:05	CleanSam	Processed    41,000,000 records.  Elapsed time: 00:04:32s.  Time for last 1,000,000:    6s.  Last read position: chr3:64,719,776.  Last read name: SRR7624423.19497454
INFO	2024-07-04 01:56:12	CleanSam	Processed    42,000,000 records.  Elapsed time: 00:04:38s.  Time for last 1,000,000:    6s.  Last read position: chr8:53,074,889.  Last read name: SRR7624423.13484666
INFO	2024-07-04 01:56:18	CleanSam	Processed    43,000,000 records.  Elapsed time: 00:04:44s.  Time for last 1,000,000:    6s.  Last read position: chr18:18,208,226.  Last read name: SRR7624423.50138148
INFO	2024-07-04 01:56:24	CleanSam	Processed    44,000,000 records.  Elapsed time: 00:04:51s.  Time for last 1,000,000:    6s.  Last read position: chr14:8,553,110.  Last read name: SRR7624423.4124537
INFO	2024-07-04 01:56:31	CleanSam	Processed    45,000,000 records.  Elapsed time: 00:04:57s.  Time for last 1,000,000:    6s.  Last read position: chr13:105,972,812.  Last read name: SRR7624423.16674543
INFO	2024-07-04 01:56:37	CleanSam	Processed    46,000,000 records.  Elapsed time: 00:05:03s.  Time for last 1,000,000:    6s.  Last read position: chr19:18,814,341.  Last read name: SRR7624423.7189238
INFO	2024-07-04 01:56:43	CleanSam	Processed    47,000,000 records.  Elapsed time: 00:05:09s.  Time for last 1,000,000:    5s.  Last read position: chr7:93,363,745.  Last read name: SRR7624423.34532159
INFO	2024-07-04 01:56:48	CleanSam	Processed    48,000,000 records.  Elapsed time: 00:05:14s.  Time for last 1,000,000:    5s.  Last read position: chr10:50,519,127.  Last read name: SRR7624423.1569678
[Thu Jul 04 01:56:58 CEST 2024] picard.sam.CleanSam done. Elapsed time: 5.41 minutes.
Runtime.totalMemory()=623378432
01:57:00.409 INFO  NativeLibraryLoader - Loading libgkl_compression.so from jar:file:/home/robin/bin/miniconda3/share/picard-2.26.2-0/picard.jar!/com/intel/gkl/native/libgkl_compression.so
[Thu Jul 04 01:57:00 CEST 2024] SamFormatConverter --INPUT E14_6h_H3K9me2_ChIP_Yang2019_GSM3314735_cleaned.sam --OUTPUT E14_6h_H3K9me2_ChIP_Yang2019_GSM3314735_unsorted.bam --TMP_DIR . --VERBOSITY INFO --QUIET false --VALIDATION_STRINGENCY STRICT --COMPRESSION_LEVEL 5 --MAX_RECORDS_IN_RAM 500000 --CREATE_INDEX false --CREATE_MD5_FILE false --GA4GH_CLIENT_SECRETS client_secrets.json --help false --version false --showHidden false --USE_JDK_DEFLATER false --USE_JDK_INFLATER false
[Thu Jul 04 01:57:00 CEST 2024] Executing as robin@epipax.ijm.univ-paris-diderot.priv on Linux 6.1.0-21-amd64 amd64; OpenJDK 64-Bit Server VM 1.8.0_332-b09; Deflater: Intel; Inflater: Intel; Provider GCS is not available; Picard version: Version:2.26.2
INFO	2024-07-04 01:57:01	SamFormatConverter	Seen many non-increasing record positions. Printing Read-names as well.
INFO	2024-07-04 01:57:09	SamFormatConverter	Processed     1,000,000 records.  Elapsed time: 00:00:08s.  Time for last 1,000,000:    8s.  Last read position: chr1:82,763,633.  Last read name: SRR7624423.61358656
INFO	2024-07-04 01:57:17	SamFormatConverter	Processed     2,000,000 records.  Elapsed time: 00:00:15s.  Time for last 1,000,000:    7s.  Last read position: chr18:73,608,163.  Last read name: SRR7624423.50496998
INFO	2024-07-04 01:57:25	SamFormatConverter	Processed     3,000,000 records.  Elapsed time: 00:00:23s.  Time for last 1,000,000:    7s.  Last read position: chr13:32,145,444.  Last read name: SRR7624423.25080768
INFO	2024-07-04 01:57:33	SamFormatConverter	Processed     4,000,000 records.  Elapsed time: 00:00:31s.  Time for last 1,000,000:    8s.  Last read position: chr4:56,408,292.  Last read name: SRR7624423.53732344
INFO	2024-07-04 01:57:41	SamFormatConverter	Processed     5,000,000 records.  Elapsed time: 00:00:40s.  Time for last 1,000,000:    8s.  Last read position: chr12:62,814,943.  Last read name: SRR7624423.24550524
INFO	2024-07-04 01:57:49	SamFormatConverter	Processed     6,000,000 records.  Elapsed time: 00:00:47s.  Time for last 1,000,000:    7s.  Last read position: chr7:84,624,192.  Last read name: SRR7624423.12813587
INFO	2024-07-04 01:57:57	SamFormatConverter	Processed     7,000,000 records.  Elapsed time: 00:00:55s.  Time for last 1,000,000:    7s.  Last read position: chr13:74,278,914.  Last read name: SRR7624423.3811563
INFO	2024-07-04 01:58:05	SamFormatConverter	Processed     8,000,000 records.  Elapsed time: 00:01:03s.  Time for last 1,000,000:    7s.  Last read position: chr2:170,918,322.  Last read name: SRR7624423.8710732
INFO	2024-07-04 01:58:12	SamFormatConverter	Processed     9,000,000 records.  Elapsed time: 00:01:11s.  Time for last 1,000,000:    7s.  Last read position: chr16:45,808,034.  Last read name: SRR7624423.5699868
INFO	2024-07-04 01:58:20	SamFormatConverter	Processed    10,000,000 records.  Elapsed time: 00:01:19s.  Time for last 1,000,000:    7s.  Last read position: chrX:9,050,697.  Last read name: SRR7624423.63107311
INFO	2024-07-04 01:58:28	SamFormatConverter	Processed    11,000,000 records.  Elapsed time: 00:01:26s.  Time for last 1,000,000:    7s.  Last read position: chr8:53,918,886.  Last read name: SRR7624423.13491303
INFO	2024-07-04 01:58:36	SamFormatConverter	Processed    12,000,000 records.  Elapsed time: 00:01:34s.  Time for last 1,000,000:    7s.  Last read position: chr9:78,123,297.  Last read name: SRR7624423.14424921
INFO	2024-07-04 01:58:43	SamFormatConverter	Processed    13,000,000 records.  Elapsed time: 00:01:42s.  Time for last 1,000,000:    7s.  Last read position: chr9:114,267,888.  Last read name: SRR7624423.36329771
INFO	2024-07-04 01:58:51	SamFormatConverter	Processed    14,000,000 records.  Elapsed time: 00:01:50s.  Time for last 1,000,000:    7s.  Last read position: chr18:64,707,506.  Last read name: SRR7624423.28525033
INFO	2024-07-04 01:58:59	SamFormatConverter	Processed    15,000,000 records.  Elapsed time: 00:01:57s.  Time for last 1,000,000:    7s.  Last read position: chr6:110,312,686.  Last read name: SRR7624423.12194839
INFO	2024-07-04 01:59:07	SamFormatConverter	Processed    16,000,000 records.  Elapsed time: 00:02:05s.  Time for last 1,000,000:    8s.  Last read position: chrX:83,462,260.  Last read name: SRR7624423.14935974
INFO	2024-07-04 01:59:15	SamFormatConverter	Processed    17,000,000 records.  Elapsed time: 00:02:13s.  Time for last 1,000,000:    7s.  Last read position: chr3:31,646,399.  Last read name: SRR7624423.8955847
INFO	2024-07-04 01:59:23	SamFormatConverter	Processed    18,000,000 records.  Elapsed time: 00:02:21s.  Time for last 1,000,000:    7s.  Last read position: chr4:139,246,044.  Last read name: SRR7624423.10611943
INFO	2024-07-04 01:59:31	SamFormatConverter	Processed    19,000,000 records.  Elapsed time: 00:02:29s.  Time for last 1,000,000:    7s.  Last read position: chr10:15,078,888.  Last read name: SRR7624423.22811126
INFO	2024-07-04 01:59:39	SamFormatConverter	Processed    20,000,000 records.  Elapsed time: 00:02:37s.  Time for last 1,000,000:    8s.  Last read position: chr1:47,616,264.  Last read name: SRR7624423.16590936
INFO	2024-07-04 01:59:47	SamFormatConverter	Processed    21,000,000 records.  Elapsed time: 00:02:45s.  Time for last 1,000,000:    7s.  Last read position: chr13:99,623,262.  Last read name: SRR7624423.3978456
INFO	2024-07-04 01:59:55	SamFormatConverter	Processed    22,000,000 records.  Elapsed time: 00:02:53s.  Time for last 1,000,000:    7s.  Last read position: chr1:24,577,107.  Last read name: SRR7624423.43435216
INFO	2024-07-04 02:00:02	SamFormatConverter	Processed    23,000,000 records.  Elapsed time: 00:03:01s.  Time for last 1,000,000:    7s.  Last read position: chr10:3,403,437.  Last read name: SRR7624423.1279731
INFO	2024-07-04 02:00:10	SamFormatConverter	Processed    24,000,000 records.  Elapsed time: 00:03:09s.  Time for last 1,000,000:    7s.  Last read position: chr5:52,281,748.  Last read name: SRR7624423.54568970
INFO	2024-07-04 02:00:18	SamFormatConverter	Processed    25,000,000 records.  Elapsed time: 00:03:17s.  Time for last 1,000,000:    7s.  Last read position: chr5:27,188,475.  Last read name: SRR7624423.10819987
INFO	2024-07-04 02:00:27	SamFormatConverter	Processed    26,000,000 records.  Elapsed time: 00:03:25s.  Time for last 1,000,000:    8s.  Last read position: chr14:106,058,416.  Last read name: SRR7624423.48138411
INFO	2024-07-04 02:00:36	SamFormatConverter	Processed    27,000,000 records.  Elapsed time: 00:03:34s.  Time for last 1,000,000:    8s.  Last read position: chr1:98,764,613.  Last read name: SRR7624423.625837
INFO	2024-07-04 02:00:44	SamFormatConverter	Processed    28,000,000 records.  Elapsed time: 00:03:43s.  Time for last 1,000,000:    8s.  Last read position: chr7:92,491,903.  Last read name: SRR7624423.15398520
INFO	2024-07-04 02:00:52	SamFormatConverter	Processed    29,000,000 records.  Elapsed time: 00:03:51s.  Time for last 1,000,000:    8s.  Last read position: chr1:58,099,628.  Last read name: SRR7624423.368724
INFO	2024-07-04 02:01:00	SamFormatConverter	Processed    30,000,000 records.  Elapsed time: 00:03:59s.  Time for last 1,000,000:    7s.  Last read position: chr1:68,642,264.  Last read name: SRR7624423.43735234
INFO	2024-07-04 02:01:08	SamFormatConverter	Processed    31,000,000 records.  Elapsed time: 00:04:07s.  Time for last 1,000,000:    8s.  Last read position: chr6:78,284,004.  Last read name: SRR7624423.55612548
INFO	2024-07-04 02:01:16	SamFormatConverter	Processed    32,000,000 records.  Elapsed time: 00:04:15s.  Time for last 1,000,000:    8s.  Last read position: chr4:14,379,591.  Last read name: SRR7624423.29104544
INFO	2024-07-04 02:01:25	SamFormatConverter	Processed    33,000,000 records.  Elapsed time: 00:04:24s.  Time for last 1,000,000:    8s.  Last read position: chr13:43,012,613.  Last read name: SRR7624423.20860929
INFO	2024-07-04 02:01:34	SamFormatConverter	Processed    34,000,000 records.  Elapsed time: 00:04:32s.  Time for last 1,000,000:    8s.  Last read position: chr1:169,209,258.  Last read name: SRR7624423.1092412
INFO	2024-07-04 02:01:42	SamFormatConverter	Processed    35,000,000 records.  Elapsed time: 00:04:40s.  Time for last 1,000,000:    8s.  Last read position: chr10:90,877,593.  Last read name: SRR7624423.23289255
INFO	2024-07-04 02:01:50	SamFormatConverter	Processed    36,000,000 records.  Elapsed time: 00:04:49s.  Time for last 1,000,000:    8s.  Last read position: chr1:17,338,007.  Last read name: SRR7624423.43383035
INFO	2024-07-04 02:01:59	SamFormatConverter	Processed    37,000,000 records.  Elapsed time: 00:04:57s.  Time for last 1,000,000:    8s.  Last read position: chrX:130,997,079.  Last read name: SRR7624423.36775687
INFO	2024-07-04 02:02:08	SamFormatConverter	Processed    38,000,000 records.  Elapsed time: 00:05:06s.  Time for last 1,000,000:    8s.  Last read position: chr18:56,059,821.  Last read name: SRR7624423.50382880
INFO	2024-07-04 02:02:16	SamFormatConverter	Processed    39,000,000 records.  Elapsed time: 00:05:14s.  Time for last 1,000,000:    7s.  Last read position: chr7:122,096,629.  Last read name: SRR7624423.15823551
INFO	2024-07-04 02:02:23	SamFormatConverter	Processed    40,000,000 records.  Elapsed time: 00:05:22s.  Time for last 1,000,000:    7s.  Last read position: chr18:51,638,944.  Last read name: SRR7624423.6874379
INFO	2024-07-04 02:02:32	SamFormatConverter	Processed    41,000,000 records.  Elapsed time: 00:05:30s.  Time for last 1,000,000:    8s.  Last read position: chr3:64,719,776.  Last read name: SRR7624423.19497454
INFO	2024-07-04 02:02:40	SamFormatConverter	Processed    42,000,000 records.  Elapsed time: 00:05:38s.  Time for last 1,000,000:    7s.  Last read position: chr8:53,074,889.  Last read name: SRR7624423.13484666
INFO	2024-07-04 02:02:48	SamFormatConverter	Processed    43,000,000 records.  Elapsed time: 00:05:47s.  Time for last 1,000,000:    8s.  Last read position: chr18:18,208,226.  Last read name: SRR7624423.50138148
INFO	2024-07-04 02:02:56	SamFormatConverter	Processed    44,000,000 records.  Elapsed time: 00:05:54s.  Time for last 1,000,000:    7s.  Last read position: chr14:8,553,110.  Last read name: SRR7624423.4124537
INFO	2024-07-04 02:03:04	SamFormatConverter	Processed    45,000,000 records.  Elapsed time: 00:06:02s.  Time for last 1,000,000:    7s.  Last read position: chr13:105,972,812.  Last read name: SRR7624423.16674543
INFO	2024-07-04 02:03:12	SamFormatConverter	Processed    46,000,000 records.  Elapsed time: 00:06:11s.  Time for last 1,000,000:    8s.  Last read position: chr19:18,814,341.  Last read name: SRR7624423.7189238
INFO	2024-07-04 02:03:20	SamFormatConverter	Processed    47,000,000 records.  Elapsed time: 00:06:19s.  Time for last 1,000,000:    7s.  Last read position: chr7:93,363,745.  Last read name: SRR7624423.34532159
INFO	2024-07-04 02:03:28	SamFormatConverter	Processed    48,000,000 records.  Elapsed time: 00:06:27s.  Time for last 1,000,000:    7s.  Last read position: chr10:50,519,127.  Last read name: SRR7624423.1569678
[Thu Jul 04 02:03:34 CEST 2024] picard.sam.SamFormatConverter done. Elapsed time: 6.56 minutes.
Runtime.totalMemory()=851968000
02:03:35.950 INFO  NativeLibraryLoader - Loading libgkl_compression.so from jar:file:/home/robin/bin/miniconda3/share/picard-2.26.2-0/picard.jar!/com/intel/gkl/native/libgkl_compression.so
[Thu Jul 04 02:03:36 CEST 2024] SortSam --INPUT E14_6h_H3K9me2_ChIP_Yang2019_GSM3314735_unsorted.bam --OUTPUT E14_6h_H3K9me2_ChIP_Yang2019_GSM3314735_sorted.bam --SORT_ORDER coordinate --TMP_DIR . --VERBOSITY INFO --QUIET false --VALIDATION_STRINGENCY STRICT --COMPRESSION_LEVEL 5 --MAX_RECORDS_IN_RAM 500000 --CREATE_INDEX false --CREATE_MD5_FILE false --GA4GH_CLIENT_SECRETS client_secrets.json --help false --version false --showHidden false --USE_JDK_DEFLATER false --USE_JDK_INFLATER false
[Thu Jul 04 02:03:36 CEST 2024] Executing as robin@epipax.ijm.univ-paris-diderot.priv on Linux 6.1.0-21-amd64 amd64; OpenJDK 64-Bit Server VM 1.8.0_332-b09; Deflater: Intel; Inflater: Intel; Provider GCS is not available; Picard version: Version:2.26.2
INFO	2024-07-04 02:03:36	SortSam	Seen many non-increasing record positions. Printing Read-names as well.
INFO	2024-07-04 02:04:34	SortSam	Read    10,000,000 records.  Elapsed time: 00:00:57s.  Time for last 10,000,000:   57s.  Last read position: chrX:9,050,697.  Last read name: SRR7624423.63107311
INFO	2024-07-04 02:05:28	SortSam	Read    20,000,000 records.  Elapsed time: 00:01:52s.  Time for last 10,000,000:   54s.  Last read position: chr1:47,616,264.  Last read name: SRR7624423.16590936
INFO	2024-07-04 02:06:26	SortSam	Read    30,000,000 records.  Elapsed time: 00:02:50s.  Time for last 10,000,000:   58s.  Last read position: chr1:68,642,264.  Last read name: SRR7624423.43735234
INFO	2024-07-04 02:07:22	SortSam	Read    40,000,000 records.  Elapsed time: 00:03:45s.  Time for last 10,000,000:   55s.  Last read position: chr18:51,638,944.  Last read name: SRR7624423.6874379
INFO	2024-07-04 02:08:10	SortSam	Finished reading inputs, merging and writing to output now.
INFO	2024-07-04 02:08:55	SortSam	Wrote    10,000,000 records from a sorting collection.  Elapsed time: 00:05:18s.  Time for last 10,000,000:   42s.  Last read position: chr3:136,649,527
INFO	2024-07-04 02:09:37	SortSam	Wrote    20,000,000 records from a sorting collection.  Elapsed time: 00:06:01s.  Time for last 10,000,000:   42s.  Last read position: chr7:85,594,677
INFO	2024-07-04 02:10:20	SortSam	Wrote    30,000,000 records from a sorting collection.  Elapsed time: 00:06:43s.  Time for last 10,000,000:   42s.  Last read position: chr11:112,662,573
INFO	2024-07-04 02:11:02	SortSam	Wrote    40,000,000 records from a sorting collection.  Elapsed time: 00:07:25s.  Time for last 10,000,000:   42s.  Last read position: chr16:61,396,265
[Thu Jul 04 02:11:38 CEST 2024] picard.sam.SortSam done. Elapsed time: 8.04 minutes.
Runtime.totalMemory()=1720188928
02:11:39.273 INFO  NativeLibraryLoader - Loading libgkl_compression.so from jar:file:/home/robin/bin/miniconda3/share/picard-2.26.2-0/picard.jar!/com/intel/gkl/native/libgkl_compression.so
[Thu Jul 04 02:11:39 CEST 2024] MarkDuplicates --INPUT E14_6h_H3K9me2_ChIP_Yang2019_GSM3314735_sorted.bam --OUTPUT E14_6h_H3K9me2_ChIP_Yang2019_GSM3314735.bam --METRICS_FILE E14_6h_H3K9me2_ChIP_Yang2019_GSM3314735_markDupeMetrics.txt --REMOVE_DUPLICATES false --TMP_DIR . --MAX_SEQUENCES_FOR_DISK_READ_ENDS_MAP 50000 --MAX_FILE_HANDLES_FOR_READ_ENDS_MAP 8000 --SORTING_COLLECTION_SIZE_RATIO 0.25 --TAG_DUPLICATE_SET_MEMBERS false --REMOVE_SEQUENCING_DUPLICATES false --TAGGING_POLICY DontTag --CLEAR_DT true --DUPLEX_UMI false --ADD_PG_TAG_TO_READS true --ASSUME_SORTED false --DUPLICATE_SCORING_STRATEGY SUM_OF_BASE_QUALITIES --PROGRAM_RECORD_ID MarkDuplicates --PROGRAM_GROUP_NAME MarkDuplicates --READ_NAME_REGEX <optimized capture of last three ':' separated fields as numeric values> --OPTICAL_DUPLICATE_PIXEL_DISTANCE 100 --MAX_OPTICAL_DUPLICATE_SET_SIZE 300000 --VERBOSITY INFO --QUIET false --VALIDATION_STRINGENCY STRICT --COMPRESSION_LEVEL 5 --MAX_RECORDS_IN_RAM 500000 --CREATE_INDEX false --CREATE_MD5_FILE false --GA4GH_CLIENT_SECRETS client_secrets.json --help false --version false --showHidden false --USE_JDK_DEFLATER false --USE_JDK_INFLATER false
[Thu Jul 04 02:11:39 CEST 2024] Executing as robin@epipax.ijm.univ-paris-diderot.priv on Linux 6.1.0-21-amd64 amd64; OpenJDK 64-Bit Server VM 1.8.0_332-b09; Deflater: Intel; Inflater: Intel; Provider GCS is not available; Picard version: Version:2.26.2
INFO	2024-07-04 02:11:39	MarkDuplicates	Start of doWork freeMemory: 501502576; totalMemory: 514850816; maxMemory: 1908932608
INFO	2024-07-04 02:11:39	MarkDuplicates	Reading input file and constructing read end information.
INFO	2024-07-04 02:11:39	MarkDuplicates	Will retain up to 6916422 data points before spilling to disk.
WARNING	2024-07-04 02:11:39	AbstractOpticalDuplicateFinderCommandLineProgram	A field field parsed out of a read name was expected to contain an integer and did not. Read name: SRR7624423.17109944. Cause: String 'SRR7624423.17109944' did not start with a parsable number.
INFO	2024-07-04 02:11:43	MarkDuplicates	Read     1,000,000 records.  Elapsed time: 00:00:03s.  Time for last 1,000,000:    3s.  Last read position: chr1:51,407,032
INFO	2024-07-04 02:11:43	MarkDuplicates	Tracking 0 as yet unmatched pairs. 0 records in RAM.
INFO	2024-07-04 02:11:47	MarkDuplicates	Read     2,000,000 records.  Elapsed time: 00:00:07s.  Time for last 1,000,000:    3s.  Last read position: chr1:102,325,079
INFO	2024-07-04 02:11:47	MarkDuplicates	Tracking 0 as yet unmatched pairs. 0 records in RAM.
INFO	2024-07-04 02:11:50	MarkDuplicates	Read     3,000,000 records.  Elapsed time: 00:00:10s.  Time for last 1,000,000:    3s.  Last read position: chr1:152,431,017
INFO	2024-07-04 02:11:50	MarkDuplicates	Tracking 0 as yet unmatched pairs. 0 records in RAM.
INFO	2024-07-04 02:11:55	MarkDuplicates	Read     4,000,000 records.  Elapsed time: 00:00:15s.  Time for last 1,000,000:    5s.  Last read position: chr2:13,057,114
INFO	2024-07-04 02:11:55	MarkDuplicates	Tracking 0 as yet unmatched pairs. 0 records in RAM.
INFO	2024-07-04 02:11:58	MarkDuplicates	Read     5,000,000 records.  Elapsed time: 00:00:19s.  Time for last 1,000,000:    3s.  Last read position: chr2:67,240,862
INFO	2024-07-04 02:11:58	MarkDuplicates	Tracking 0 as yet unmatched pairs. 0 records in RAM.
INFO	2024-07-04 02:12:02	MarkDuplicates	Read     6,000,000 records.  Elapsed time: 00:00:22s.  Time for last 1,000,000:    3s.  Last read position: chr2:104,244,689
INFO	2024-07-04 02:12:02	MarkDuplicates	Tracking 0 as yet unmatched pairs. 0 records in RAM.
INFO	2024-07-04 02:12:08	MarkDuplicates	Read     7,000,000 records.  Elapsed time: 00:00:29s.  Time for last 1,000,000:    6s.  Last read position: chr2:160,083,867
INFO	2024-07-04 02:12:08	MarkDuplicates	Tracking 0 as yet unmatched pairs. 0 records in RAM.
INFO	2024-07-04 02:12:12	MarkDuplicates	Read     8,000,000 records.  Elapsed time: 00:00:33s.  Time for last 1,000,000:    3s.  Last read position: chr3:35,367,018
INFO	2024-07-04 02:12:12	MarkDuplicates	Tracking 0 as yet unmatched pairs. 0 records in RAM.
INFO	2024-07-04 02:12:16	MarkDuplicates	Read     9,000,000 records.  Elapsed time: 00:00:36s.  Time for last 1,000,000:    3s.  Last read position: chr3:82,596,651
INFO	2024-07-04 02:12:16	MarkDuplicates	Tracking 0 as yet unmatched pairs. 0 records in RAM.
INFO	2024-07-04 02:12:19	MarkDuplicates	Read    10,000,000 records.  Elapsed time: 00:00:39s.  Time for last 1,000,000:    3s.  Last read position: chr3:136,649,527
INFO	2024-07-04 02:12:19	MarkDuplicates	Tracking 0 as yet unmatched pairs. 0 records in RAM.
INFO	2024-07-04 02:12:22	MarkDuplicates	Read    11,000,000 records.  Elapsed time: 00:00:42s.  Time for last 1,000,000:    3s.  Last read position: chr4:25,429,051
INFO	2024-07-04 02:12:22	MarkDuplicates	Tracking 0 as yet unmatched pairs. 0 records in RAM.
INFO	2024-07-04 02:12:25	MarkDuplicates	Read    12,000,000 records.  Elapsed time: 00:00:46s.  Time for last 1,000,000:    3s.  Last read position: chr4:76,256,506
INFO	2024-07-04 02:12:25	MarkDuplicates	Tracking 0 as yet unmatched pairs. 0 records in RAM.
INFO	2024-07-04 02:12:31	MarkDuplicates	Read    13,000,000 records.  Elapsed time: 00:00:51s.  Time for last 1,000,000:    5s.  Last read position: chr4:140,389,957
INFO	2024-07-04 02:12:31	MarkDuplicates	Tracking 0 as yet unmatched pairs. 0 records in RAM.
INFO	2024-07-04 02:12:36	MarkDuplicates	Read    14,000,000 records.  Elapsed time: 00:00:57s.  Time for last 1,000,000:    5s.  Last read position: chr5:43,791,899
INFO	2024-07-04 02:12:36	MarkDuplicates	Tracking 0 as yet unmatched pairs. 0 records in RAM.
INFO	2024-07-04 02:12:40	MarkDuplicates	Read    15,000,000 records.  Elapsed time: 00:01:00s.  Time for last 1,000,000:    3s.  Last read position: chr5:92,903,386
INFO	2024-07-04 02:12:40	MarkDuplicates	Tracking 0 as yet unmatched pairs. 0 records in RAM.
INFO	2024-07-04 02:12:43	MarkDuplicates	Read    16,000,000 records.  Elapsed time: 00:01:03s.  Time for last 1,000,000:    3s.  Last read position: chr6:12,661,639
INFO	2024-07-04 02:12:43	MarkDuplicates	Tracking 0 as yet unmatched pairs. 0 records in RAM.
INFO	2024-07-04 02:12:46	MarkDuplicates	Read    17,000,000 records.  Elapsed time: 00:01:06s.  Time for last 1,000,000:    3s.  Last read position: chr6:63,839,832
INFO	2024-07-04 02:12:46	MarkDuplicates	Tracking 0 as yet unmatched pairs. 0 records in RAM.
INFO	2024-07-04 02:12:49	MarkDuplicates	Read    18,000,000 records.  Elapsed time: 00:01:10s.  Time for last 1,000,000:    3s.  Last read position: chr6:117,451,108
INFO	2024-07-04 02:12:49	MarkDuplicates	Tracking 0 as yet unmatched pairs. 0 records in RAM.
INFO	2024-07-04 02:12:55	MarkDuplicates	Read    19,000,000 records.  Elapsed time: 00:01:15s.  Time for last 1,000,000:    5s.  Last read position: chr7:28,824,623
INFO	2024-07-04 02:12:55	MarkDuplicates	Tracking 0 as yet unmatched pairs. 0 records in RAM.
INFO	2024-07-04 02:12:58	MarkDuplicates	Read    20,000,000 records.  Elapsed time: 00:01:18s.  Time for last 1,000,000:    3s.  Last read position: chr7:85,594,677
INFO	2024-07-04 02:12:58	MarkDuplicates	Tracking 0 as yet unmatched pairs. 0 records in RAM.
INFO	2024-07-04 02:13:03	MarkDuplicates	Read    21,000,000 records.  Elapsed time: 00:01:24s.  Time for last 1,000,000:    5s.  Last read position: chr7:144,016,928
INFO	2024-07-04 02:13:03	MarkDuplicates	Tracking 0 as yet unmatched pairs. 0 records in RAM.
INFO	2024-07-04 02:13:07	MarkDuplicates	Read    22,000,000 records.  Elapsed time: 00:01:27s.  Time for last 1,000,000:    3s.  Last read position: chr8:50,449,752
INFO	2024-07-04 02:13:07	MarkDuplicates	Tracking 0 as yet unmatched pairs. 0 records in RAM.
INFO	2024-07-04 02:13:10	MarkDuplicates	Read    23,000,000 records.  Elapsed time: 00:01:30s.  Time for last 1,000,000:    3s.  Last read position: chr8:102,666,743
INFO	2024-07-04 02:13:10	MarkDuplicates	Tracking 0 as yet unmatched pairs. 0 records in RAM.
INFO	2024-07-04 02:13:13	MarkDuplicates	Read    24,000,000 records.  Elapsed time: 00:01:33s.  Time for last 1,000,000:    3s.  Last read position: chr9:23,198,193
INFO	2024-07-04 02:13:13	MarkDuplicates	Tracking 0 as yet unmatched pairs. 0 records in RAM.
INFO	2024-07-04 02:13:16	MarkDuplicates	Read    25,000,000 records.  Elapsed time: 00:01:36s.  Time for last 1,000,000:    3s.  Last read position: chr9:80,046,721
INFO	2024-07-04 02:13:16	MarkDuplicates	Tracking 0 as yet unmatched pairs. 0 records in RAM.
INFO	2024-07-04 02:13:22	MarkDuplicates	Read    26,000,000 records.  Elapsed time: 00:01:42s.  Time for last 1,000,000:    5s.  Last read position: chr10:14,313,998
INFO	2024-07-04 02:13:22	MarkDuplicates	Tracking 0 as yet unmatched pairs. 0 records in RAM.
INFO	2024-07-04 02:13:25	MarkDuplicates	Read    27,000,000 records.  Elapsed time: 00:01:45s.  Time for last 1,000,000:    3s.  Last read position: chr10:65,412,207
INFO	2024-07-04 02:13:25	MarkDuplicates	Tracking 0 as yet unmatched pairs. 0 records in RAM.
INFO	2024-07-04 02:13:30	MarkDuplicates	Read    28,000,000 records.  Elapsed time: 00:01:50s.  Time for last 1,000,000:    5s.  Last read position: chr10:117,305,292
INFO	2024-07-04 02:13:30	MarkDuplicates	Tracking 0 as yet unmatched pairs. 0 records in RAM.
INFO	2024-07-04 02:13:33	MarkDuplicates	Read    29,000,000 records.  Elapsed time: 00:01:54s.  Time for last 1,000,000:    3s.  Last read position: chr11:41,809,510
INFO	2024-07-04 02:13:33	MarkDuplicates	Tracking 0 as yet unmatched pairs. 0 records in RAM.
INFO	2024-07-04 02:13:37	MarkDuplicates	Read    30,000,000 records.  Elapsed time: 00:01:57s.  Time for last 1,000,000:    3s.  Last read position: chr11:112,662,573
INFO	2024-07-04 02:13:37	MarkDuplicates	Tracking 0 as yet unmatched pairs. 0 records in RAM.
INFO	2024-07-04 02:13:40	MarkDuplicates	Read    31,000,000 records.  Elapsed time: 00:02:00s.  Time for last 1,000,000:    3s.  Last read position: chr12:51,085,979
INFO	2024-07-04 02:13:40	MarkDuplicates	Tracking 0 as yet unmatched pairs. 0 records in RAM.
INFO	2024-07-04 02:13:43	MarkDuplicates	Read    32,000,000 records.  Elapsed time: 00:02:04s.  Time for last 1,000,000:    3s.  Last read position: chr12:107,505,533
INFO	2024-07-04 02:13:43	MarkDuplicates	Tracking 0 as yet unmatched pairs. 0 records in RAM.
INFO	2024-07-04 02:13:47	MarkDuplicates	Read    33,000,000 records.  Elapsed time: 00:02:07s.  Time for last 1,000,000:    3s.  Last read position: chr13:39,975,363
INFO	2024-07-04 02:13:47	MarkDuplicates	Tracking 0 as yet unmatched pairs. 0 records in RAM.
INFO	2024-07-04 02:13:54	MarkDuplicates	Read    34,000,000 records.  Elapsed time: 00:02:14s.  Time for last 1,000,000:    7s.  Last read position: chr13:92,885,347
INFO	2024-07-04 02:13:54	MarkDuplicates	Tracking 0 as yet unmatched pairs. 0 records in RAM.
INFO	2024-07-04 02:13:59	MarkDuplicates	Read    35,000,000 records.  Elapsed time: 00:02:19s.  Time for last 1,000,000:    5s.  Last read position: chr14:19,417,277
INFO	2024-07-04 02:13:59	MarkDuplicates	Tracking 0 as yet unmatched pairs. 0 records in RAM.
INFO	2024-07-04 02:14:03	MarkDuplicates	Read    36,000,000 records.  Elapsed time: 00:02:23s.  Time for last 1,000,000:    3s.  Last read position: chr14:71,140,137
INFO	2024-07-04 02:14:03	MarkDuplicates	Tracking 0 as yet unmatched pairs. 0 records in RAM.
INFO	2024-07-04 02:14:06	MarkDuplicates	Read    37,000,000 records.  Elapsed time: 00:02:26s.  Time for last 1,000,000:    3s.  Last read position: chr14:117,437,952
INFO	2024-07-04 02:14:06	MarkDuplicates	Tracking 0 as yet unmatched pairs. 0 records in RAM.
INFO	2024-07-04 02:14:09	MarkDuplicates	Read    38,000,000 records.  Elapsed time: 00:02:30s.  Time for last 1,000,000:    3s.  Last read position: chr15:46,638,804
INFO	2024-07-04 02:14:09	MarkDuplicates	Tracking 0 as yet unmatched pairs. 0 records in RAM.
INFO	2024-07-04 02:14:12	MarkDuplicates	Read    39,000,000 records.  Elapsed time: 00:02:33s.  Time for last 1,000,000:    3s.  Last read position: chr15:103,892,102
INFO	2024-07-04 02:14:12	MarkDuplicates	Tracking 0 as yet unmatched pairs. 0 records in RAM.
INFO	2024-07-04 02:14:16	MarkDuplicates	Read    40,000,000 records.  Elapsed time: 00:02:36s.  Time for last 1,000,000:    3s.  Last read position: chr16:61,396,265
INFO	2024-07-04 02:14:16	MarkDuplicates	Tracking 0 as yet unmatched pairs. 0 records in RAM.
INFO	2024-07-04 02:14:19	MarkDuplicates	Read    41,000,000 records.  Elapsed time: 00:02:39s.  Time for last 1,000,000:    3s.  Last read position: chr17:17,336,866
INFO	2024-07-04 02:14:19	MarkDuplicates	Tracking 0 as yet unmatched pairs. 0 records in RAM.
INFO	2024-07-04 02:14:24	MarkDuplicates	Read    42,000,000 records.  Elapsed time: 00:02:45s.  Time for last 1,000,000:    5s.  Last read position: chr17:75,316,486
INFO	2024-07-04 02:14:24	MarkDuplicates	Tracking 0 as yet unmatched pairs. 0 records in RAM.
INFO	2024-07-04 02:14:28	MarkDuplicates	Read    43,000,000 records.  Elapsed time: 00:02:48s.  Time for last 1,000,000:    3s.  Last read position: chr18:37,551,860
INFO	2024-07-04 02:14:28	MarkDuplicates	Tracking 0 as yet unmatched pairs. 0 records in RAM.
INFO	2024-07-04 02:14:32	MarkDuplicates	Read    44,000,000 records.  Elapsed time: 00:02:53s.  Time for last 1,000,000:    4s.  Last read position: chr19:3,101,013
INFO	2024-07-04 02:14:32	MarkDuplicates	Tracking 0 as yet unmatched pairs. 0 records in RAM.
INFO	2024-07-04 02:14:36	MarkDuplicates	Read    45,000,000 records.  Elapsed time: 00:02:56s.  Time for last 1,000,000:    3s.  Last read position: chrX:10,822,624
INFO	2024-07-04 02:14:36	MarkDuplicates	Tracking 0 as yet unmatched pairs. 0 records in RAM.
INFO	2024-07-04 02:14:39	MarkDuplicates	Read    46,000,000 records.  Elapsed time: 00:02:59s.  Time for last 1,000,000:    3s.  Last read position: chrX:102,987,067
INFO	2024-07-04 02:14:39	MarkDuplicates	Tracking 0 as yet unmatched pairs. 0 records in RAM.
INFO	2024-07-04 02:14:42	MarkDuplicates	Read    47,000,000 records.  Elapsed time: 00:03:02s.  Time for last 1,000,000:    3s.  Last read position: chrY:30,799,011
INFO	2024-07-04 02:14:42	MarkDuplicates	Tracking 0 as yet unmatched pairs. 0 records in RAM.
INFO	2024-07-04 02:14:45	MarkDuplicates	Read 47867331 records. 0 pairs never matched.
INFO	2024-07-04 02:14:47	MarkDuplicates	After buildSortedReadEndLists freeMemory: 1595099032; totalMemory: 1639972864; maxMemory: 1908932608
INFO	2024-07-04 02:14:47	MarkDuplicates	Will retain up to 59654144 duplicate indices before spilling to disk.
INFO	2024-07-04 02:14:47	MarkDuplicates	Traversing read pair information and detecting duplicates.
INFO	2024-07-04 02:14:47	MarkDuplicates	Traversing fragment information and detecting duplicates.
INFO	2024-07-04 02:14:59	MarkDuplicates	Sorting list of duplicate records.
INFO	2024-07-04 02:15:00	MarkDuplicates	After generateDuplicateIndexes freeMemory: 1129299760; totalMemory: 1623719936; maxMemory: 1908932608
INFO	2024-07-04 02:15:00	MarkDuplicates	Marking 908086 records as duplicates.
INFO	2024-07-04 02:15:00	MarkDuplicates	Found 0 optical duplicate clusters.
INFO	2024-07-04 02:15:00	MarkDuplicates	Reads are assumed to be ordered by: coordinate
INFO	2024-07-04 02:16:04	MarkDuplicates	Written    10,000,000 records.  Elapsed time: 00:01:04s.  Time for last 10,000,000:   64s.  Last read position: chr3:136,649,527
INFO	2024-07-04 02:17:07	MarkDuplicates	Written    20,000,000 records.  Elapsed time: 00:02:07s.  Time for last 10,000,000:   63s.  Last read position: chr7:85,594,677
INFO	2024-07-04 02:18:11	MarkDuplicates	Written    30,000,000 records.  Elapsed time: 00:03:11s.  Time for last 10,000,000:   64s.  Last read position: chr11:112,662,573
INFO	2024-07-04 02:19:14	MarkDuplicates	Written    40,000,000 records.  Elapsed time: 00:04:14s.  Time for last 10,000,000:   62s.  Last read position: chr16:61,396,265
INFO	2024-07-04 02:20:04	MarkDuplicates	Writing complete. Closing input iterator.
INFO	2024-07-04 02:20:04	MarkDuplicates	Duplicate Index cleanup.
INFO	2024-07-04 02:20:04	MarkDuplicates	Getting Memory Stats.
INFO	2024-07-04 02:20:04	MarkDuplicates	Before output close freeMemory: 1664200664; totalMemory: 1682964480; maxMemory: 1908932608
INFO	2024-07-04 02:20:05	MarkDuplicates	Closed outputs. Getting more Memory Stats.
INFO	2024-07-04 02:20:05	MarkDuplicates	After output close freeMemory: 1664200664; totalMemory: 1682964480; maxMemory: 1908932608
[Thu Jul 04 02:20:05 CEST 2024] picard.sam.markduplicates.MarkDuplicates done. Elapsed time: 8.43 minutes.
Runtime.totalMemory()=1682964480
[sam grooming] finished successfully at [Thu Jul 4 02:20:16 AM CEST 2024]
[trueStats] Collecting alignment statistics for E14_6h_H3K9me2_ChIP_Yang2019_GSM3314735.bam at [Thu Jul 4 02:21:13 AM CEST 2024]
[bamToWigCPMsmoothKeepDup] Started with bin size: 1 and smoothing over 0 bp and KEEPING DUPLICATES at [Thu Jul 4 02:24:54 AM CEST 2024]
There are 45283126 alignments, of which 753568 are completely within a blacklist region.
Due to filtering, 87.24175624227169% of the aforementioned alignments will be used 38848368.44612099
[bamToWigCPMsmoothKeepDup] finished successfully at [Thu Jul 4 02:43:52 AM CEST 2024]
[file cleanup] started. Good job! at [Thu Jul 4 02:43:52 AM CEST 2024]
cp: cannot stat '*.pdf': No such file or directory
mv: cannot stat '*.bed': No such file or directory
mv: preserving times for '/data/bigWigs/E14_6h_H3K9me2_ChIP_Yang2019_GSM3314735_trimV5_mm10_kpDup_q10_b1_s0_CPM.bw': Operation not permitted
mv: preserving permissions for ‘/data/bigWigs/E14_6h_H3K9me2_ChIP_Yang2019_GSM3314735_trimV5_mm10_kpDup_q10_b1_s0_CPM.bw’: Operation not permitted
mv: preserving times for '/data/bams/E14_6h_H3K9me2_ChIP_Yang2019_GSM3314735_trimV5_mm10.bam': Operation not permitted
mv: preserving permissions for ‘/data/bams/E14_6h_H3K9me2_ChIP_Yang2019_GSM3314735_trimV5_mm10.bam’: Operation not permitted
mv: preserving times for '/data/bams/E14_6h_H3K9me2_ChIP_Yang2019_GSM3314735_trimV5_mm10.bam.bai': Operation not permitted
mv: preserving permissions for ‘/data/bams/E14_6h_H3K9me2_ChIP_Yang2019_GSM3314735_trimV5_mm10.bam.bai’: Operation not permitted
mv: cannot stat '*.gtf': No such file or directory
