SCRATCH: /scratch
[setupVariables] Data are paired-end. at [Fri Aug 30 07:30:01 PM CEST 2024]
[checkDependencies] Checking Dependencies [Fri Aug 30 07:30:01 PM CEST 2024] at [Fri Aug 30 07:30:01 PM CEST 2024]
[setup checkDependencies] trimmomatic... at [Fri Aug 30 07:30:01 PM CEST 2024]
[setup checkDependencies] STAR... at [Fri Aug 30 07:30:01 PM CEST 2024]
[setup checkDependencies] bismark... at [Fri Aug 30 07:30:01 PM CEST 2024]
[setup checkDependencies] bowtie2... at [Fri Aug 30 07:30:01 PM CEST 2024]
[setup checkDependencies] samtools... at [Fri Aug 30 07:30:01 PM CEST 2024]
[setup checkDependencies] picard... at [Fri Aug 30 07:30:01 PM CEST 2024]
[setup checkDependencies] awk... at [Fri Aug 30 07:30:01 PM CEST 2024]
[setup checkDependencies] bamCoverage... at [Fri Aug 30 07:30:01 PM CEST 2024]
[setup checkDependencies] fastqc... at [Fri Aug 30 07:30:01 PM CEST 2024]
[setup checkDependencies] fastq_screen... at [Fri Aug 30 07:30:01 PM CEST 2024]
[setup checkDependencies] stringtie... at [Fri Aug 30 07:30:01 PM CEST 2024]
[setup checkDependencies] clumpify.sh... at [Fri Aug 30 07:30:01 PM CEST 2024]
PAIRED: true
[setUpLogFile] Script started at [Fri Aug 30 07:30:01 PM CEST 2024] at [Fri Aug 30 07:30:01 PM CEST 2024]
[fastQC] started on raw FASTQs at [Fri Aug 30 07:30:01 PM CEST 2024]
Started analysis of C57BL6xDBA_MII_oocyte_RNA_ZhangLab2021_rep1_GSM4970025_R1_raw.fastq.gz
Started analysis of C57BL6xDBA_MII_oocyte_RNA_ZhangLab2021_rep1_GSM4970025_R2_raw.fastq.gz
Approx 5% complete for C57BL6xDBA_MII_oocyte_RNA_ZhangLab2021_rep1_GSM4970025_R1_raw.fastq.gz
Approx 5% complete for C57BL6xDBA_MII_oocyte_RNA_ZhangLab2021_rep1_GSM4970025_R2_raw.fastq.gz
Approx 10% complete for C57BL6xDBA_MII_oocyte_RNA_ZhangLab2021_rep1_GSM4970025_R1_raw.fastq.gz
Approx 10% complete for C57BL6xDBA_MII_oocyte_RNA_ZhangLab2021_rep1_GSM4970025_R2_raw.fastq.gz
Approx 15% complete for C57BL6xDBA_MII_oocyte_RNA_ZhangLab2021_rep1_GSM4970025_R1_raw.fastq.gz
Approx 15% complete for C57BL6xDBA_MII_oocyte_RNA_ZhangLab2021_rep1_GSM4970025_R2_raw.fastq.gz
Approx 20% complete for C57BL6xDBA_MII_oocyte_RNA_ZhangLab2021_rep1_GSM4970025_R1_raw.fastq.gz
Approx 20% complete for C57BL6xDBA_MII_oocyte_RNA_ZhangLab2021_rep1_GSM4970025_R2_raw.fastq.gz
Approx 25% complete for C57BL6xDBA_MII_oocyte_RNA_ZhangLab2021_rep1_GSM4970025_R1_raw.fastq.gz
Approx 25% complete for C57BL6xDBA_MII_oocyte_RNA_ZhangLab2021_rep1_GSM4970025_R2_raw.fastq.gz
Approx 30% complete for C57BL6xDBA_MII_oocyte_RNA_ZhangLab2021_rep1_GSM4970025_R1_raw.fastq.gz
Approx 30% complete for C57BL6xDBA_MII_oocyte_RNA_ZhangLab2021_rep1_GSM4970025_R2_raw.fastq.gz
Approx 35% complete for C57BL6xDBA_MII_oocyte_RNA_ZhangLab2021_rep1_GSM4970025_R1_raw.fastq.gz
Approx 35% complete for C57BL6xDBA_MII_oocyte_RNA_ZhangLab2021_rep1_GSM4970025_R2_raw.fastq.gz
Approx 40% complete for C57BL6xDBA_MII_oocyte_RNA_ZhangLab2021_rep1_GSM4970025_R1_raw.fastq.gz
Approx 40% complete for C57BL6xDBA_MII_oocyte_RNA_ZhangLab2021_rep1_GSM4970025_R2_raw.fastq.gz
Approx 45% complete for C57BL6xDBA_MII_oocyte_RNA_ZhangLab2021_rep1_GSM4970025_R1_raw.fastq.gz
Approx 45% complete for C57BL6xDBA_MII_oocyte_RNA_ZhangLab2021_rep1_GSM4970025_R2_raw.fastq.gz
Approx 50% complete for C57BL6xDBA_MII_oocyte_RNA_ZhangLab2021_rep1_GSM4970025_R1_raw.fastq.gz
Approx 50% complete for C57BL6xDBA_MII_oocyte_RNA_ZhangLab2021_rep1_GSM4970025_R2_raw.fastq.gz
Approx 55% complete for C57BL6xDBA_MII_oocyte_RNA_ZhangLab2021_rep1_GSM4970025_R1_raw.fastq.gz
Approx 55% complete for C57BL6xDBA_MII_oocyte_RNA_ZhangLab2021_rep1_GSM4970025_R2_raw.fastq.gz
Approx 60% complete for C57BL6xDBA_MII_oocyte_RNA_ZhangLab2021_rep1_GSM4970025_R1_raw.fastq.gz
Approx 60% complete for C57BL6xDBA_MII_oocyte_RNA_ZhangLab2021_rep1_GSM4970025_R2_raw.fastq.gz
Approx 65% complete for C57BL6xDBA_MII_oocyte_RNA_ZhangLab2021_rep1_GSM4970025_R1_raw.fastq.gz
Approx 65% complete for C57BL6xDBA_MII_oocyte_RNA_ZhangLab2021_rep1_GSM4970025_R2_raw.fastq.gz
Approx 70% complete for C57BL6xDBA_MII_oocyte_RNA_ZhangLab2021_rep1_GSM4970025_R1_raw.fastq.gz
Approx 70% complete for C57BL6xDBA_MII_oocyte_RNA_ZhangLab2021_rep1_GSM4970025_R2_raw.fastq.gz
Approx 75% complete for C57BL6xDBA_MII_oocyte_RNA_ZhangLab2021_rep1_GSM4970025_R1_raw.fastq.gz
Approx 75% complete for C57BL6xDBA_MII_oocyte_RNA_ZhangLab2021_rep1_GSM4970025_R2_raw.fastq.gz
Approx 80% complete for C57BL6xDBA_MII_oocyte_RNA_ZhangLab2021_rep1_GSM4970025_R1_raw.fastq.gz
Approx 80% complete for C57BL6xDBA_MII_oocyte_RNA_ZhangLab2021_rep1_GSM4970025_R2_raw.fastq.gz
Approx 85% complete for C57BL6xDBA_MII_oocyte_RNA_ZhangLab2021_rep1_GSM4970025_R1_raw.fastq.gz
Approx 85% complete for C57BL6xDBA_MII_oocyte_RNA_ZhangLab2021_rep1_GSM4970025_R2_raw.fastq.gz
Approx 90% complete for C57BL6xDBA_MII_oocyte_RNA_ZhangLab2021_rep1_GSM4970025_R1_raw.fastq.gz
Approx 90% complete for C57BL6xDBA_MII_oocyte_RNA_ZhangLab2021_rep1_GSM4970025_R2_raw.fastq.gz
Approx 95% complete for C57BL6xDBA_MII_oocyte_RNA_ZhangLab2021_rep1_GSM4970025_R1_raw.fastq.gz
Approx 95% complete for C57BL6xDBA_MII_oocyte_RNA_ZhangLab2021_rep1_GSM4970025_R2_raw.fastq.gz
Analysis complete for C57BL6xDBA_MII_oocyte_RNA_ZhangLab2021_rep1_GSM4970025_R1_raw.fastq.gz
Analysis complete for C57BL6xDBA_MII_oocyte_RNA_ZhangLab2021_rep1_GSM4970025_R2_raw.fastq.gz
[fastQC] on raw FASTQs finished succesfully. Will remove PCR duplicates now at [Fri Aug 30 07:33:50 PM CEST 2024]
Reads are length: 101 at [Fri Aug 30 07:33:51 PM CEST 2024]
Reads with same sequence 1 or fewer substitutions will be marked as PCR duplicates at [Fri Aug 30 07:33:51 PM CEST 2024]
Removal of PCR duplicates complete! at [Fri Aug 30 08:00:42 PM CEST 2024]
[trimReads] Started using version trimV5 parameters at [Fri Aug 30 08:00:42 PM CEST 2024]
ILLUMINACLIP:/data/reference_genomes/adapters/adapters.fa:2:30:10 SLIDINGWINDOW:4:20 MINLEN:24
[trimReads] Trimming C57BL6xDBA_MII_oocyte_RNA_ZhangLab2021_rep1_GSM4970025_R1.fastq.gz and C57BL6xDBA_MII_oocyte_RNA_ZhangLab2021_rep1_GSM4970025_R2.fastq.gz... at [Fri Aug 30 08:00:42 PM CEST 2024]
[trimReads] Finished successfully at [Fri Aug 30 08:07:25 PM CEST 2024]
[fastQC] started on C57BL6xDBA_MII_oocyte_RNA_ZhangLab2021_rep1_GSM4970025_R1.fastq.gz C57BL6xDBA_MII_oocyte_RNA_ZhangLab2021_rep1_GSM4970025_R2.fastq.gz C57BL6xDBA_MII_oocyte_RNA_ZhangLab2021_rep1_GSM4970025_trimV5_R1.fastq.gz C57BL6xDBA_MII_oocyte_RNA_ZhangLab2021_rep1_GSM4970025_trimV5_R2.fastq.gz at [Fri Aug 30 08:07:25 PM CEST 2024]
Started analysis of C57BL6xDBA_MII_oocyte_RNA_ZhangLab2021_rep1_GSM4970025_R1.fastq.gz
Started analysis of C57BL6xDBA_MII_oocyte_RNA_ZhangLab2021_rep1_GSM4970025_R2.fastq.gz
Started analysis of C57BL6xDBA_MII_oocyte_RNA_ZhangLab2021_rep1_GSM4970025_trimV5_R1.fastq.gz
Started analysis of C57BL6xDBA_MII_oocyte_RNA_ZhangLab2021_rep1_GSM4970025_trimV5_R2.fastq.gz
Approx 5% complete for C57BL6xDBA_MII_oocyte_RNA_ZhangLab2021_rep1_GSM4970025_trimV5_R1.fastq.gz
Approx 5% complete for C57BL6xDBA_MII_oocyte_RNA_ZhangLab2021_rep1_GSM4970025_R1.fastq.gz
Approx 5% complete for C57BL6xDBA_MII_oocyte_RNA_ZhangLab2021_rep1_GSM4970025_trimV5_R2.fastq.gz
Approx 5% complete for C57BL6xDBA_MII_oocyte_RNA_ZhangLab2021_rep1_GSM4970025_R2.fastq.gz
Approx 10% complete for C57BL6xDBA_MII_oocyte_RNA_ZhangLab2021_rep1_GSM4970025_trimV5_R1.fastq.gz
Approx 10% complete for C57BL6xDBA_MII_oocyte_RNA_ZhangLab2021_rep1_GSM4970025_R1.fastq.gz
Approx 10% complete for C57BL6xDBA_MII_oocyte_RNA_ZhangLab2021_rep1_GSM4970025_trimV5_R2.fastq.gz
Approx 15% complete for C57BL6xDBA_MII_oocyte_RNA_ZhangLab2021_rep1_GSM4970025_trimV5_R1.fastq.gz
Approx 10% complete for C57BL6xDBA_MII_oocyte_RNA_ZhangLab2021_rep1_GSM4970025_R2.fastq.gz
Approx 15% complete for C57BL6xDBA_MII_oocyte_RNA_ZhangLab2021_rep1_GSM4970025_R1.fastq.gz
Approx 15% complete for C57BL6xDBA_MII_oocyte_RNA_ZhangLab2021_rep1_GSM4970025_trimV5_R2.fastq.gz
Approx 20% complete for C57BL6xDBA_MII_oocyte_RNA_ZhangLab2021_rep1_GSM4970025_trimV5_R1.fastq.gz
Approx 15% complete for C57BL6xDBA_MII_oocyte_RNA_ZhangLab2021_rep1_GSM4970025_R2.fastq.gz
Approx 25% complete for C57BL6xDBA_MII_oocyte_RNA_ZhangLab2021_rep1_GSM4970025_trimV5_R1.fastq.gz
Approx 20% complete for C57BL6xDBA_MII_oocyte_RNA_ZhangLab2021_rep1_GSM4970025_R1.fastq.gz
Approx 20% complete for C57BL6xDBA_MII_oocyte_RNA_ZhangLab2021_rep1_GSM4970025_trimV5_R2.fastq.gz
Approx 30% complete for C57BL6xDBA_MII_oocyte_RNA_ZhangLab2021_rep1_GSM4970025_trimV5_R1.fastq.gz
Approx 20% complete for C57BL6xDBA_MII_oocyte_RNA_ZhangLab2021_rep1_GSM4970025_R2.fastq.gz
Approx 25% complete for C57BL6xDBA_MII_oocyte_RNA_ZhangLab2021_rep1_GSM4970025_R1.fastq.gz
Approx 25% complete for C57BL6xDBA_MII_oocyte_RNA_ZhangLab2021_rep1_GSM4970025_trimV5_R2.fastq.gz
Approx 35% complete for C57BL6xDBA_MII_oocyte_RNA_ZhangLab2021_rep1_GSM4970025_trimV5_R1.fastq.gz
Approx 30% complete for C57BL6xDBA_MII_oocyte_RNA_ZhangLab2021_rep1_GSM4970025_R1.fastq.gz
Approx 30% complete for C57BL6xDBA_MII_oocyte_RNA_ZhangLab2021_rep1_GSM4970025_trimV5_R2.fastq.gz
Approx 25% complete for C57BL6xDBA_MII_oocyte_RNA_ZhangLab2021_rep1_GSM4970025_R2.fastq.gz
Approx 40% complete for C57BL6xDBA_MII_oocyte_RNA_ZhangLab2021_rep1_GSM4970025_trimV5_R1.fastq.gz
Approx 45% complete for C57BL6xDBA_MII_oocyte_RNA_ZhangLab2021_rep1_GSM4970025_trimV5_R1.fastq.gz
Approx 35% complete for C57BL6xDBA_MII_oocyte_RNA_ZhangLab2021_rep1_GSM4970025_R1.fastq.gz
Approx 35% complete for C57BL6xDBA_MII_oocyte_RNA_ZhangLab2021_rep1_GSM4970025_trimV5_R2.fastq.gz
Approx 30% complete for C57BL6xDBA_MII_oocyte_RNA_ZhangLab2021_rep1_GSM4970025_R2.fastq.gz
Approx 50% complete for C57BL6xDBA_MII_oocyte_RNA_ZhangLab2021_rep1_GSM4970025_trimV5_R1.fastq.gz
Approx 40% complete for C57BL6xDBA_MII_oocyte_RNA_ZhangLab2021_rep1_GSM4970025_R1.fastq.gz
Approx 40% complete for C57BL6xDBA_MII_oocyte_RNA_ZhangLab2021_rep1_GSM4970025_trimV5_R2.fastq.gz
Approx 35% complete for C57BL6xDBA_MII_oocyte_RNA_ZhangLab2021_rep1_GSM4970025_R2.fastq.gz
Approx 55% complete for C57BL6xDBA_MII_oocyte_RNA_ZhangLab2021_rep1_GSM4970025_trimV5_R1.fastq.gz
Approx 45% complete for C57BL6xDBA_MII_oocyte_RNA_ZhangLab2021_rep1_GSM4970025_R1.fastq.gz
Approx 45% complete for C57BL6xDBA_MII_oocyte_RNA_ZhangLab2021_rep1_GSM4970025_trimV5_R2.fastq.gz
Approx 60% complete for C57BL6xDBA_MII_oocyte_RNA_ZhangLab2021_rep1_GSM4970025_trimV5_R1.fastq.gz
Approx 40% complete for C57BL6xDBA_MII_oocyte_RNA_ZhangLab2021_rep1_GSM4970025_R2.fastq.gz
Approx 50% complete for C57BL6xDBA_MII_oocyte_RNA_ZhangLab2021_rep1_GSM4970025_R1.fastq.gz
Approx 50% complete for C57BL6xDBA_MII_oocyte_RNA_ZhangLab2021_rep1_GSM4970025_trimV5_R2.fastq.gz
Approx 65% complete for C57BL6xDBA_MII_oocyte_RNA_ZhangLab2021_rep1_GSM4970025_trimV5_R1.fastq.gz
Approx 55% complete for C57BL6xDBA_MII_oocyte_RNA_ZhangLab2021_rep1_GSM4970025_R1.fastq.gz
Approx 70% complete for C57BL6xDBA_MII_oocyte_RNA_ZhangLab2021_rep1_GSM4970025_trimV5_R1.fastq.gz
Approx 45% complete for C57BL6xDBA_MII_oocyte_RNA_ZhangLab2021_rep1_GSM4970025_R2.fastq.gz
Approx 55% complete for C57BL6xDBA_MII_oocyte_RNA_ZhangLab2021_rep1_GSM4970025_trimV5_R2.fastq.gz
Approx 75% complete for C57BL6xDBA_MII_oocyte_RNA_ZhangLab2021_rep1_GSM4970025_trimV5_R1.fastq.gz
Approx 60% complete for C57BL6xDBA_MII_oocyte_RNA_ZhangLab2021_rep1_GSM4970025_R1.fastq.gz
Approx 60% complete for C57BL6xDBA_MII_oocyte_RNA_ZhangLab2021_rep1_GSM4970025_trimV5_R2.fastq.gz
Approx 50% complete for C57BL6xDBA_MII_oocyte_RNA_ZhangLab2021_rep1_GSM4970025_R2.fastq.gz
Approx 80% complete for C57BL6xDBA_MII_oocyte_RNA_ZhangLab2021_rep1_GSM4970025_trimV5_R1.fastq.gz
Approx 65% complete for C57BL6xDBA_MII_oocyte_RNA_ZhangLab2021_rep1_GSM4970025_R1.fastq.gz
Approx 65% complete for C57BL6xDBA_MII_oocyte_RNA_ZhangLab2021_rep1_GSM4970025_trimV5_R2.fastq.gz
Approx 85% complete for C57BL6xDBA_MII_oocyte_RNA_ZhangLab2021_rep1_GSM4970025_trimV5_R1.fastq.gz
Approx 55% complete for C57BL6xDBA_MII_oocyte_RNA_ZhangLab2021_rep1_GSM4970025_R2.fastq.gz
Approx 70% complete for C57BL6xDBA_MII_oocyte_RNA_ZhangLab2021_rep1_GSM4970025_R1.fastq.gz
Approx 90% complete for C57BL6xDBA_MII_oocyte_RNA_ZhangLab2021_rep1_GSM4970025_trimV5_R1.fastq.gz
Approx 70% complete for C57BL6xDBA_MII_oocyte_RNA_ZhangLab2021_rep1_GSM4970025_trimV5_R2.fastq.gz
Approx 60% complete for C57BL6xDBA_MII_oocyte_RNA_ZhangLab2021_rep1_GSM4970025_R2.fastq.gz
Approx 75% complete for C57BL6xDBA_MII_oocyte_RNA_ZhangLab2021_rep1_GSM4970025_R1.fastq.gz
Approx 95% complete for C57BL6xDBA_MII_oocyte_RNA_ZhangLab2021_rep1_GSM4970025_trimV5_R1.fastq.gz
Approx 75% complete for C57BL6xDBA_MII_oocyte_RNA_ZhangLab2021_rep1_GSM4970025_trimV5_R2.fastq.gz
Approx 100% complete for C57BL6xDBA_MII_oocyte_RNA_ZhangLab2021_rep1_GSM4970025_trimV5_R1.fastq.gz
Analysis complete for C57BL6xDBA_MII_oocyte_RNA_ZhangLab2021_rep1_GSM4970025_trimV5_R1.fastq.gz
Approx 80% complete for C57BL6xDBA_MII_oocyte_RNA_ZhangLab2021_rep1_GSM4970025_R1.fastq.gz
Approx 65% complete for C57BL6xDBA_MII_oocyte_RNA_ZhangLab2021_rep1_GSM4970025_R2.fastq.gz
Approx 80% complete for C57BL6xDBA_MII_oocyte_RNA_ZhangLab2021_rep1_GSM4970025_trimV5_R2.fastq.gz
Approx 85% complete for C57BL6xDBA_MII_oocyte_RNA_ZhangLab2021_rep1_GSM4970025_R1.fastq.gz
Approx 85% complete for C57BL6xDBA_MII_oocyte_RNA_ZhangLab2021_rep1_GSM4970025_trimV5_R2.fastq.gz
Approx 70% complete for C57BL6xDBA_MII_oocyte_RNA_ZhangLab2021_rep1_GSM4970025_R2.fastq.gz
Approx 90% complete for C57BL6xDBA_MII_oocyte_RNA_ZhangLab2021_rep1_GSM4970025_R1.fastq.gz
Approx 90% complete for C57BL6xDBA_MII_oocyte_RNA_ZhangLab2021_rep1_GSM4970025_trimV5_R2.fastq.gz
Approx 75% complete for C57BL6xDBA_MII_oocyte_RNA_ZhangLab2021_rep1_GSM4970025_R2.fastq.gz
Approx 95% complete for C57BL6xDBA_MII_oocyte_RNA_ZhangLab2021_rep1_GSM4970025_R1.fastq.gz
Approx 95% complete for C57BL6xDBA_MII_oocyte_RNA_ZhangLab2021_rep1_GSM4970025_trimV5_R2.fastq.gz
Approx 80% complete for C57BL6xDBA_MII_oocyte_RNA_ZhangLab2021_rep1_GSM4970025_R2.fastq.gz
Analysis complete for C57BL6xDBA_MII_oocyte_RNA_ZhangLab2021_rep1_GSM4970025_R1.fastq.gz
Approx 100% complete for C57BL6xDBA_MII_oocyte_RNA_ZhangLab2021_rep1_GSM4970025_trimV5_R2.fastq.gz
Analysis complete for C57BL6xDBA_MII_oocyte_RNA_ZhangLab2021_rep1_GSM4970025_trimV5_R2.fastq.gz
Approx 85% complete for C57BL6xDBA_MII_oocyte_RNA_ZhangLab2021_rep1_GSM4970025_R2.fastq.gz
Approx 90% complete for C57BL6xDBA_MII_oocyte_RNA_ZhangLab2021_rep1_GSM4970025_R2.fastq.gz
Approx 95% complete for C57BL6xDBA_MII_oocyte_RNA_ZhangLab2021_rep1_GSM4970025_R2.fastq.gz
Analysis complete for C57BL6xDBA_MII_oocyte_RNA_ZhangLab2021_rep1_GSM4970025_R2.fastq.gz
[fastQC] finished succesfully at [Fri Aug 30 08:10:15 PM CEST 2024]
[fastqScreen] started on C57BL6xDBA_MII_oocyte_RNA_ZhangLab2021_rep1_GSM4970025_trimV5_R1.fastq.gz at [Fri Aug 30 08:10:15 PM CEST 2024]
Using fastq_screen v0.15.1
Couldn't find fastq_screen.conf at '/home/robin/bin/miniconda3/share/fastq-screen-0.15.2-0/fastq_screen.conf'
[fastqScreen] finished successfully at [Fri Aug 30 08:10:15 PM CEST 2024]
[STAR alignment] started with reference /data/reference_genomes/mm10 at [Fri Aug 30 08:10:15 PM CEST 2024]
	STAR --runMode alignReads --genomeDir /data/reference_genomes/mm10 --runThreadN 12 --limitBAMsortRAM 4G --readFilesCommand zcat --readFilesIn C57BL6xDBA_MII_oocyte_RNA_ZhangLab2021_rep1_GSM4970025_trimV5_R1.fastq.gz C57BL6xDBA_MII_oocyte_RNA_ZhangLab2021_rep1_GSM4970025_trimV5_R2.fastq.gz --outFilterType BySJout --outSAMtype SAM
	STAR version: 2.7.9a   compiled: 2021-05-04T09:43:56-0400 vega:/home/dobin/data/STAR/STARcode/STAR.master/source
Aug 30 20:10:15 ..... started STAR run
Aug 30 20:10:15 ..... loading genome
Aug 30 20:11:08 ..... started mapping
Aug 30 20:16:57 ..... finished mapping
Aug 30 20:16:58 ..... finished successfully
[STAR alignment] finished successfully at [Fri Aug 30 08:17:00 PM CEST 2024]
[sam grooming] started at [Fri Aug 30 08:19:14 PM CEST 2024]
20:19:15.103 INFO  NativeLibraryLoader - Loading libgkl_compression.so from jar:file:/home/robin/bin/miniconda3/share/picard-2.26.2-0/picard.jar!/com/intel/gkl/native/libgkl_compression.so
[Fri Aug 30 20:19:15 CEST 2024] CleanSam --INPUT C57BL6xDBA_MII_oocyte_RNA_ZhangLab2021_rep1_GSM4970025_raw.sam --OUTPUT C57BL6xDBA_MII_oocyte_RNA_ZhangLab2021_rep1_GSM4970025_cleaned.sam --TMP_DIR . --VERBOSITY INFO --QUIET false --VALIDATION_STRINGENCY STRICT --COMPRESSION_LEVEL 5 --MAX_RECORDS_IN_RAM 500000 --CREATE_INDEX false --CREATE_MD5_FILE false --GA4GH_CLIENT_SECRETS client_secrets.json --help false --version false --showHidden false --USE_JDK_DEFLATER false --USE_JDK_INFLATER false
[Fri Aug 30 20:19:15 CEST 2024] Executing as robin@epipax.ijm.univ-paris-diderot.priv on Linux 6.1.0-23-amd64 amd64; OpenJDK 64-Bit Server VM 1.8.0_332-b09; Deflater: Intel; Inflater: Intel; Provider GCS is not available; Picard version: Version:2.26.2
INFO	2024-08-30 20:19:15	CleanSam	Seen many non-increasing record positions. Printing Read-names as well.
INFO	2024-08-30 20:19:20	CleanSam	Processed     1,000,000 records.  Elapsed time: 00:00:04s.  Time for last 1,000,000:    4s.  Last read position: chr1:131,981,707.  Last read name: SRR13238897.1828034
INFO	2024-08-30 20:19:24	CleanSam	Processed     2,000,000 records.  Elapsed time: 00:00:09s.  Time for last 1,000,000:    4s.  Last read position: chr1:158,806,545.  Last read name: SRR13238897.21925728
INFO	2024-08-30 20:19:29	CleanSam	Processed     3,000,000 records.  Elapsed time: 00:00:13s.  Time for last 1,000,000:    4s.  Last read position: chr2:120,534,030.  Last read name: SRR13238897.26395760
INFO	2024-08-30 20:19:33	CleanSam	Processed     4,000,000 records.  Elapsed time: 00:00:18s.  Time for last 1,000,000:    4s.  Last read position: chr15:77,083,111.  Last read name: SRR13238897.14634325
INFO	2024-08-30 20:19:38	CleanSam	Processed     5,000,000 records.  Elapsed time: 00:00:22s.  Time for last 1,000,000:    4s.  Last read position: chr13:96,483,511.  Last read name: SRR13238897.8567262
INFO	2024-08-30 20:19:42	CleanSam	Processed     6,000,000 records.  Elapsed time: 00:00:27s.  Time for last 1,000,000:    4s.  Last read position: chr11:74,679,569.  Last read name: SRR13238897.20872536
INFO	2024-08-30 20:19:47	CleanSam	Processed     7,000,000 records.  Elapsed time: 00:00:32s.  Time for last 1,000,000:    4s.  Last read position: chr12:55,239,391.  Last read name: SRR13238897.9569993
INFO	2024-08-30 20:19:51	CleanSam	Processed     8,000,000 records.  Elapsed time: 00:00:36s.  Time for last 1,000,000:    4s.  Last read position: chr14:20,385,365.  Last read name: SRR13238897.17394175
INFO	2024-08-30 20:19:56	CleanSam	Processed     9,000,000 records.  Elapsed time: 00:00:41s.  Time for last 1,000,000:    4s.  Last read position: chrM:2,290.  Last read name: SRR13238897.26449814
INFO	2024-08-30 20:20:01	CleanSam	Processed    10,000,000 records.  Elapsed time: 00:00:45s.  Time for last 1,000,000:    4s.  Last read position: chr15:34,473,029.  Last read name: SRR13238897.11341917
INFO	2024-08-30 20:20:06	CleanSam	Processed    11,000,000 records.  Elapsed time: 00:00:50s.  Time for last 1,000,000:    4s.  Last read position: chrX:18,238,885.  Last read name: SRR13238897.5896307
INFO	2024-08-30 20:20:10	CleanSam	Processed    12,000,000 records.  Elapsed time: 00:00:55s.  Time for last 1,000,000:    4s.  Last read position: chr10:42,197,178.  Last read name: SRR13238897.13768440
INFO	2024-08-30 20:20:15	CleanSam	Processed    13,000,000 records.  Elapsed time: 00:01:00s.  Time for last 1,000,000:    4s.  Last read position: chrX:127,690,152.  Last read name: SRR13238897.12384164
INFO	2024-08-30 20:20:20	CleanSam	Processed    14,000,000 records.  Elapsed time: 00:01:04s.  Time for last 1,000,000:    4s.  Last read position: chr18:9,704,136.  Last read name: SRR13238897.24317400
INFO	2024-08-30 20:20:24	CleanSam	Processed    15,000,000 records.  Elapsed time: 00:01:09s.  Time for last 1,000,000:    4s.  Last read position: chrX:45,816,560.  Last read name: SRR13238897.17795471
INFO	2024-08-30 20:20:29	CleanSam	Processed    16,000,000 records.  Elapsed time: 00:01:14s.  Time for last 1,000,000:    4s.  Last read position: chrM:1,124.  Last read name: SRR13238897.21800377
INFO	2024-08-30 20:20:33	CleanSam	Processed    17,000,000 records.  Elapsed time: 00:01:18s.  Time for last 1,000,000:    4s.  Last read position: chr2:48,917,205.  Last read name: SRR13238897.4695728
INFO	2024-08-30 20:20:38	CleanSam	Processed    18,000,000 records.  Elapsed time: 00:01:23s.  Time for last 1,000,000:    4s.  Last read position: chr11:78,182,897.  Last read name: SRR13238897.5338874
INFO	2024-08-30 20:20:42	CleanSam	Processed    19,000,000 records.  Elapsed time: 00:01:27s.  Time for last 1,000,000:    4s.  Last read position: chr4:131,743,118.  Last read name: SRR13238897.24755005
INFO	2024-08-30 20:20:47	CleanSam	Processed    20,000,000 records.  Elapsed time: 00:01:31s.  Time for last 1,000,000:    4s.  Last read position: chr8:61,125,984.  Last read name: SRR13238897.5940570
INFO	2024-08-30 20:20:51	CleanSam	Processed    21,000,000 records.  Elapsed time: 00:01:36s.  Time for last 1,000,000:    4s.  Last read position: chr19:7,425,979.  Last read name: SRR13238897.19730380
INFO	2024-08-30 20:20:55	CleanSam	Processed    22,000,000 records.  Elapsed time: 00:01:40s.  Time for last 1,000,000:    4s.  Last read position: chr19:47,733,747.  Last read name: SRR13238897.16434351
INFO	2024-08-30 20:21:00	CleanSam	Processed    23,000,000 records.  Elapsed time: 00:01:44s.  Time for last 1,000,000:    4s.  Last read position: chrX:76,957,780.  Last read name: SRR13238897.905137
INFO	2024-08-30 20:21:04	CleanSam	Processed    24,000,000 records.  Elapsed time: 00:01:49s.  Time for last 1,000,000:    4s.  Last read position: chr4:98,934,369.  Last read name: SRR13238897.21829350
INFO	2024-08-30 20:21:08	CleanSam	Processed    25,000,000 records.  Elapsed time: 00:01:53s.  Time for last 1,000,000:    4s.  Last read position: chr4:133,681,100.  Last read name: SRR13238897.26602445
INFO	2024-08-30 20:21:12	CleanSam	Processed    26,000,000 records.  Elapsed time: 00:01:57s.  Time for last 1,000,000:    4s.  Last read position: chr16:85,553,866.  Last read name: SRR13238897.21186474
INFO	2024-08-30 20:21:17	CleanSam	Processed    27,000,000 records.  Elapsed time: 00:02:01s.  Time for last 1,000,000:    4s.  Last read position: chr2:36,177,122.  Last read name: SRR13238897.13165777
INFO	2024-08-30 20:21:21	CleanSam	Processed    28,000,000 records.  Elapsed time: 00:02:06s.  Time for last 1,000,000:    4s.  Last read position: chr1:22,154,852.  Last read name: SRR13238897.19752470
INFO	2024-08-30 20:21:25	CleanSam	Processed    29,000,000 records.  Elapsed time: 00:02:10s.  Time for last 1,000,000:    4s.  Last read position: chr10:101,315,819.  Last read name: SRR13238897.9240117
INFO	2024-08-30 20:21:29	CleanSam	Processed    30,000,000 records.  Elapsed time: 00:02:14s.  Time for last 1,000,000:    4s.  Last read position: chr17:33,847,646.  Last read name: SRR13238897.23730578
INFO	2024-08-30 20:21:34	CleanSam	Processed    31,000,000 records.  Elapsed time: 00:02:18s.  Time for last 1,000,000:    4s.  Last read position: chr10:70,169,159.  Last read name: SRR13238897.17289711
INFO	2024-08-30 20:21:38	CleanSam	Processed    32,000,000 records.  Elapsed time: 00:02:23s.  Time for last 1,000,000:    4s.  Last read position: chr12:78,850,536.  Last read name: SRR13238897.1461452
INFO	2024-08-30 20:21:42	CleanSam	Processed    33,000,000 records.  Elapsed time: 00:02:27s.  Time for last 1,000,000:    4s.  Last read position: chr5:103,867,572.  Last read name: SRR13238897.25081414
INFO	2024-08-30 20:21:46	CleanSam	Processed    34,000,000 records.  Elapsed time: 00:02:31s.  Time for last 1,000,000:    4s.  Last read position: chr2:168,756,043.  Last read name: SRR13238897.23897759
INFO	2024-08-30 20:21:51	CleanSam	Processed    35,000,000 records.  Elapsed time: 00:02:36s.  Time for last 1,000,000:    4s.  Last read position: chr14:96,233,175.  Last read name: SRR13238897.26572001
INFO	2024-08-30 20:21:55	CleanSam	Processed    36,000,000 records.  Elapsed time: 00:02:40s.  Time for last 1,000,000:    4s.  Last read position: chr14:16,080,985.  Last read name: SRR13238897.26859783
INFO	2024-08-30 20:22:00	CleanSam	Processed    37,000,000 records.  Elapsed time: 00:02:45s.  Time for last 1,000,000:    4s.  Last read position: chr4:44,140,516.  Last read name: SRR13238897.6998200
INFO	2024-08-30 20:22:05	CleanSam	Processed    38,000,000 records.  Elapsed time: 00:02:49s.  Time for last 1,000,000:    4s.  Last read position: chr6:50,628,395.  Last read name: SRR13238897.23307878
INFO	2024-08-30 20:22:09	CleanSam	Processed    39,000,000 records.  Elapsed time: 00:02:54s.  Time for last 1,000,000:    4s.  Last read position: chr7:26,475,125.  Last read name: SRR13238897.15073308
INFO	2024-08-30 20:22:14	CleanSam	Processed    40,000,000 records.  Elapsed time: 00:02:59s.  Time for last 1,000,000:    4s.  Last read position: chr18:80,308,077.  Last read name: SRR13238897.19300209
INFO	2024-08-30 20:22:19	CleanSam	Processed    41,000,000 records.  Elapsed time: 00:03:03s.  Time for last 1,000,000:    4s.  Last read position: chr19:21,434,243.  Last read name: SRR13238897.9415660
INFO	2024-08-30 20:22:23	CleanSam	Processed    42,000,000 records.  Elapsed time: 00:03:08s.  Time for last 1,000,000:    4s.  Last read position: chr3:94,767,208.  Last read name: SRR13238897.19739446
INFO	2024-08-30 20:22:27	CleanSam	Processed    43,000,000 records.  Elapsed time: 00:03:12s.  Time for last 1,000,000:    4s.  Last read position: chr6:83,814,832.  Last read name: SRR13238897.27988445
INFO	2024-08-30 20:22:32	CleanSam	Processed    44,000,000 records.  Elapsed time: 00:03:17s.  Time for last 1,000,000:    4s.  Last read position: chr13:96,624,702.  Last read name: SRR13238897.28891265
INFO	2024-08-30 20:22:36	CleanSam	Processed    45,000,000 records.  Elapsed time: 00:03:21s.  Time for last 1,000,000:    4s.  Last read position: chr13:51,672,670.  Last read name: SRR13238897.25549412
INFO	2024-08-30 20:22:41	CleanSam	Processed    46,000,000 records.  Elapsed time: 00:03:26s.  Time for last 1,000,000:    4s.  Last read position: chr12:55,080,205.  Last read name: SRR13238897.19437946
[Fri Aug 30 20:22:50 CEST 2024] picard.sam.CleanSam done. Elapsed time: 3.59 minutes.
Runtime.totalMemory()=797442048
20:22:52.501 INFO  NativeLibraryLoader - Loading libgkl_compression.so from jar:file:/home/robin/bin/miniconda3/share/picard-2.26.2-0/picard.jar!/com/intel/gkl/native/libgkl_compression.so
[Fri Aug 30 20:22:52 CEST 2024] SamFormatConverter --INPUT C57BL6xDBA_MII_oocyte_RNA_ZhangLab2021_rep1_GSM4970025_cleaned.sam --OUTPUT C57BL6xDBA_MII_oocyte_RNA_ZhangLab2021_rep1_GSM4970025_unsorted.bam --TMP_DIR . --VERBOSITY INFO --QUIET false --VALIDATION_STRINGENCY STRICT --COMPRESSION_LEVEL 5 --MAX_RECORDS_IN_RAM 500000 --CREATE_INDEX false --CREATE_MD5_FILE false --GA4GH_CLIENT_SECRETS client_secrets.json --help false --version false --showHidden false --USE_JDK_DEFLATER false --USE_JDK_INFLATER false
[Fri Aug 30 20:22:52 CEST 2024] Executing as robin@epipax.ijm.univ-paris-diderot.priv on Linux 6.1.0-23-amd64 amd64; OpenJDK 64-Bit Server VM 1.8.0_332-b09; Deflater: Intel; Inflater: Intel; Provider GCS is not available; Picard version: Version:2.26.2
INFO	2024-08-30 20:22:53	SamFormatConverter	Seen many non-increasing record positions. Printing Read-names as well.
INFO	2024-08-30 20:23:02	SamFormatConverter	Processed     1,000,000 records.  Elapsed time: 00:00:08s.  Time for last 1,000,000:    8s.  Last read position: chr1:131,981,707.  Last read name: SRR13238897.1828034
INFO	2024-08-30 20:23:11	SamFormatConverter	Processed     2,000,000 records.  Elapsed time: 00:00:17s.  Time for last 1,000,000:    8s.  Last read position: chr1:158,806,545.  Last read name: SRR13238897.21925728
INFO	2024-08-30 20:23:19	SamFormatConverter	Processed     3,000,000 records.  Elapsed time: 00:00:25s.  Time for last 1,000,000:    8s.  Last read position: chr2:120,534,030.  Last read name: SRR13238897.26395760
INFO	2024-08-30 20:23:28	SamFormatConverter	Processed     4,000,000 records.  Elapsed time: 00:00:35s.  Time for last 1,000,000:    9s.  Last read position: chr15:77,083,111.  Last read name: SRR13238897.14634325
INFO	2024-08-30 20:23:37	SamFormatConverter	Processed     5,000,000 records.  Elapsed time: 00:00:43s.  Time for last 1,000,000:    8s.  Last read position: chr13:96,483,511.  Last read name: SRR13238897.8567262
INFO	2024-08-30 20:23:45	SamFormatConverter	Processed     6,000,000 records.  Elapsed time: 00:00:52s.  Time for last 1,000,000:    8s.  Last read position: chr11:74,679,569.  Last read name: SRR13238897.20872536
INFO	2024-08-30 20:23:54	SamFormatConverter	Processed     7,000,000 records.  Elapsed time: 00:01:00s.  Time for last 1,000,000:    8s.  Last read position: chr12:55,239,391.  Last read name: SRR13238897.9569993
INFO	2024-08-30 20:24:03	SamFormatConverter	Processed     8,000,000 records.  Elapsed time: 00:01:09s.  Time for last 1,000,000:    8s.  Last read position: chr14:20,385,365.  Last read name: SRR13238897.17394175
INFO	2024-08-30 20:24:13	SamFormatConverter	Processed     9,000,000 records.  Elapsed time: 00:01:19s.  Time for last 1,000,000:   10s.  Last read position: chrM:2,290.  Last read name: SRR13238897.26449814
INFO	2024-08-30 20:24:23	SamFormatConverter	Processed    10,000,000 records.  Elapsed time: 00:01:29s.  Time for last 1,000,000:    9s.  Last read position: chr15:34,473,029.  Last read name: SRR13238897.11341917
INFO	2024-08-30 20:24:32	SamFormatConverter	Processed    11,000,000 records.  Elapsed time: 00:01:38s.  Time for last 1,000,000:    9s.  Last read position: chrX:18,238,885.  Last read name: SRR13238897.5896307
INFO	2024-08-30 20:24:41	SamFormatConverter	Processed    12,000,000 records.  Elapsed time: 00:01:47s.  Time for last 1,000,000:    8s.  Last read position: chr10:42,197,178.  Last read name: SRR13238897.13768440
INFO	2024-08-30 20:24:50	SamFormatConverter	Processed    13,000,000 records.  Elapsed time: 00:01:56s.  Time for last 1,000,000:    9s.  Last read position: chrX:127,690,152.  Last read name: SRR13238897.12384164
INFO	2024-08-30 20:25:00	SamFormatConverter	Processed    14,000,000 records.  Elapsed time: 00:02:06s.  Time for last 1,000,000:    9s.  Last read position: chr18:9,704,136.  Last read name: SRR13238897.24317400
INFO	2024-08-30 20:25:10	SamFormatConverter	Processed    15,000,000 records.  Elapsed time: 00:02:16s.  Time for last 1,000,000:   10s.  Last read position: chrX:45,816,560.  Last read name: SRR13238897.17795471
INFO	2024-08-30 20:25:19	SamFormatConverter	Processed    16,000,000 records.  Elapsed time: 00:02:25s.  Time for last 1,000,000:    8s.  Last read position: chrM:1,124.  Last read name: SRR13238897.21800377
INFO	2024-08-30 20:25:28	SamFormatConverter	Processed    17,000,000 records.  Elapsed time: 00:02:34s.  Time for last 1,000,000:    9s.  Last read position: chr2:48,917,205.  Last read name: SRR13238897.4695728
INFO	2024-08-30 20:25:37	SamFormatConverter	Processed    18,000,000 records.  Elapsed time: 00:02:43s.  Time for last 1,000,000:    9s.  Last read position: chr11:78,182,897.  Last read name: SRR13238897.5338874
INFO	2024-08-30 20:25:45	SamFormatConverter	Processed    19,000,000 records.  Elapsed time: 00:02:51s.  Time for last 1,000,000:    8s.  Last read position: chr4:131,743,118.  Last read name: SRR13238897.24755005
INFO	2024-08-30 20:25:54	SamFormatConverter	Processed    20,000,000 records.  Elapsed time: 00:03:00s.  Time for last 1,000,000:    8s.  Last read position: chr8:61,125,984.  Last read name: SRR13238897.5940570
INFO	2024-08-30 20:26:02	SamFormatConverter	Processed    21,000,000 records.  Elapsed time: 00:03:08s.  Time for last 1,000,000:    8s.  Last read position: chr19:7,425,979.  Last read name: SRR13238897.19730380
INFO	2024-08-30 20:26:10	SamFormatConverter	Processed    22,000,000 records.  Elapsed time: 00:03:17s.  Time for last 1,000,000:    8s.  Last read position: chr19:47,733,747.  Last read name: SRR13238897.16434351
INFO	2024-08-30 20:26:19	SamFormatConverter	Processed    23,000,000 records.  Elapsed time: 00:03:25s.  Time for last 1,000,000:    8s.  Last read position: chrX:76,957,780.  Last read name: SRR13238897.905137
INFO	2024-08-30 20:26:27	SamFormatConverter	Processed    24,000,000 records.  Elapsed time: 00:03:33s.  Time for last 1,000,000:    8s.  Last read position: chr4:98,934,369.  Last read name: SRR13238897.21829350
INFO	2024-08-30 20:26:36	SamFormatConverter	Processed    25,000,000 records.  Elapsed time: 00:03:42s.  Time for last 1,000,000:    8s.  Last read position: chr4:133,681,100.  Last read name: SRR13238897.26602445
INFO	2024-08-30 20:26:44	SamFormatConverter	Processed    26,000,000 records.  Elapsed time: 00:03:50s.  Time for last 1,000,000:    8s.  Last read position: chr16:85,553,866.  Last read name: SRR13238897.21186474
INFO	2024-08-30 20:26:53	SamFormatConverter	Processed    27,000,000 records.  Elapsed time: 00:03:59s.  Time for last 1,000,000:    8s.  Last read position: chr2:36,177,122.  Last read name: SRR13238897.13165777
INFO	2024-08-30 20:27:01	SamFormatConverter	Processed    28,000,000 records.  Elapsed time: 00:04:07s.  Time for last 1,000,000:    8s.  Last read position: chr1:22,154,852.  Last read name: SRR13238897.19752470
INFO	2024-08-30 20:27:09	SamFormatConverter	Processed    29,000,000 records.  Elapsed time: 00:04:16s.  Time for last 1,000,000:    8s.  Last read position: chr10:101,315,819.  Last read name: SRR13238897.9240117
INFO	2024-08-30 20:27:18	SamFormatConverter	Processed    30,000,000 records.  Elapsed time: 00:04:24s.  Time for last 1,000,000:    8s.  Last read position: chr17:33,847,646.  Last read name: SRR13238897.23730578
INFO	2024-08-30 20:27:26	SamFormatConverter	Processed    31,000,000 records.  Elapsed time: 00:04:32s.  Time for last 1,000,000:    8s.  Last read position: chr10:70,169,159.  Last read name: SRR13238897.17289711
INFO	2024-08-30 20:27:36	SamFormatConverter	Processed    32,000,000 records.  Elapsed time: 00:04:42s.  Time for last 1,000,000:    9s.  Last read position: chr12:78,850,536.  Last read name: SRR13238897.1461452
INFO	2024-08-30 20:27:44	SamFormatConverter	Processed    33,000,000 records.  Elapsed time: 00:04:50s.  Time for last 1,000,000:    8s.  Last read position: chr5:103,867,572.  Last read name: SRR13238897.25081414
INFO	2024-08-30 20:27:53	SamFormatConverter	Processed    34,000,000 records.  Elapsed time: 00:04:59s.  Time for last 1,000,000:    8s.  Last read position: chr2:168,756,043.  Last read name: SRR13238897.23897759
INFO	2024-08-30 20:28:02	SamFormatConverter	Processed    35,000,000 records.  Elapsed time: 00:05:08s.  Time for last 1,000,000:    9s.  Last read position: chr14:96,233,175.  Last read name: SRR13238897.26572001
INFO	2024-08-30 20:28:11	SamFormatConverter	Processed    36,000,000 records.  Elapsed time: 00:05:17s.  Time for last 1,000,000:    8s.  Last read position: chr14:16,080,985.  Last read name: SRR13238897.26859783
INFO	2024-08-30 20:28:20	SamFormatConverter	Processed    37,000,000 records.  Elapsed time: 00:05:26s.  Time for last 1,000,000:    9s.  Last read position: chr4:44,140,516.  Last read name: SRR13238897.6998200
INFO	2024-08-30 20:28:30	SamFormatConverter	Processed    38,000,000 records.  Elapsed time: 00:05:36s.  Time for last 1,000,000:    9s.  Last read position: chr6:50,628,395.  Last read name: SRR13238897.23307878
INFO	2024-08-30 20:28:40	SamFormatConverter	Processed    39,000,000 records.  Elapsed time: 00:05:47s.  Time for last 1,000,000:   10s.  Last read position: chr7:26,475,125.  Last read name: SRR13238897.15073308
INFO	2024-08-30 20:28:50	SamFormatConverter	Processed    40,000,000 records.  Elapsed time: 00:05:56s.  Time for last 1,000,000:    9s.  Last read position: chr18:80,308,077.  Last read name: SRR13238897.19300209
INFO	2024-08-30 20:29:00	SamFormatConverter	Processed    41,000,000 records.  Elapsed time: 00:06:06s.  Time for last 1,000,000:    9s.  Last read position: chr19:21,434,243.  Last read name: SRR13238897.9415660
INFO	2024-08-30 20:29:09	SamFormatConverter	Processed    42,000,000 records.  Elapsed time: 00:06:15s.  Time for last 1,000,000:    9s.  Last read position: chr3:94,767,208.  Last read name: SRR13238897.19739446
INFO	2024-08-30 20:29:20	SamFormatConverter	Processed    43,000,000 records.  Elapsed time: 00:06:26s.  Time for last 1,000,000:   11s.  Last read position: chr6:83,814,832.  Last read name: SRR13238897.27988445
INFO	2024-08-30 20:29:31	SamFormatConverter	Processed    44,000,000 records.  Elapsed time: 00:06:37s.  Time for last 1,000,000:   10s.  Last read position: chr13:96,624,702.  Last read name: SRR13238897.28891265
INFO	2024-08-30 20:29:41	SamFormatConverter	Processed    45,000,000 records.  Elapsed time: 00:06:47s.  Time for last 1,000,000:   10s.  Last read position: chr13:51,672,670.  Last read name: SRR13238897.25549412
INFO	2024-08-30 20:29:53	SamFormatConverter	Processed    46,000,000 records.  Elapsed time: 00:06:59s.  Time for last 1,000,000:   11s.  Last read position: chr12:55,080,205.  Last read name: SRR13238897.19437946
[Fri Aug 30 20:29:54 CEST 2024] picard.sam.SamFormatConverter done. Elapsed time: 7.03 minutes.
Runtime.totalMemory()=695205888
20:29:58.321 INFO  NativeLibraryLoader - Loading libgkl_compression.so from jar:file:/home/robin/bin/miniconda3/share/picard-2.26.2-0/picard.jar!/com/intel/gkl/native/libgkl_compression.so
[Fri Aug 30 20:29:58 CEST 2024] SortSam --INPUT C57BL6xDBA_MII_oocyte_RNA_ZhangLab2021_rep1_GSM4970025_unsorted.bam --OUTPUT C57BL6xDBA_MII_oocyte_RNA_ZhangLab2021_rep1_GSM4970025_sorted.bam --SORT_ORDER coordinate --TMP_DIR . --VERBOSITY INFO --QUIET false --VALIDATION_STRINGENCY STRICT --COMPRESSION_LEVEL 5 --MAX_RECORDS_IN_RAM 500000 --CREATE_INDEX false --CREATE_MD5_FILE false --GA4GH_CLIENT_SECRETS client_secrets.json --help false --version false --showHidden false --USE_JDK_DEFLATER false --USE_JDK_INFLATER false
[Fri Aug 30 20:29:58 CEST 2024] Executing as robin@epipax.ijm.univ-paris-diderot.priv on Linux 6.1.0-23-amd64 amd64; OpenJDK 64-Bit Server VM 1.8.0_332-b09; Deflater: Intel; Inflater: Intel; Provider GCS is not available; Picard version: Version:2.26.2
INFO	2024-08-30 20:29:58	SortSam	Seen many non-increasing record positions. Printing Read-names as well.
INFO	2024-08-30 20:31:17	SortSam	Read    10,000,000 records.  Elapsed time: 00:01:18s.  Time for last 10,000,000:   78s.  Last read position: chr15:34,473,029.  Last read name: SRR13238897.11341917
INFO	2024-08-30 20:32:42	SortSam	Read    20,000,000 records.  Elapsed time: 00:02:43s.  Time for last 10,000,000:   84s.  Last read position: chr8:61,125,984.  Last read name: SRR13238897.5940570
INFO	2024-08-30 20:33:55	SortSam	Read    30,000,000 records.  Elapsed time: 00:03:56s.  Time for last 10,000,000:   73s.  Last read position: chr17:33,847,646.  Last read name: SRR13238897.23730578
INFO	2024-08-30 20:34:59	SortSam	Read    40,000,000 records.  Elapsed time: 00:05:00s.  Time for last 10,000,000:   64s.  Last read position: chr18:80,308,077.  Last read name: SRR13238897.19300209
INFO	2024-08-30 20:35:39	SortSam	Finished reading inputs, merging and writing to output now.
INFO	2024-08-30 20:36:34	SortSam	Wrote    10,000,000 records from a sorting collection.  Elapsed time: 00:06:35s.  Time for last 10,000,000:   54s.  Last read position: chr14:47,413,792
INFO	2024-08-30 20:37:29	SortSam	Wrote    20,000,000 records from a sorting collection.  Elapsed time: 00:07:30s.  Time for last 10,000,000:   54s.  Last read position: chr1:132,989,721
INFO	2024-08-30 20:38:22	SortSam	Wrote    30,000,000 records from a sorting collection.  Elapsed time: 00:08:23s.  Time for last 10,000,000:   53s.  Last read position: chr5:33,645,560
INFO	2024-08-30 20:39:16	SortSam	Wrote    40,000,000 records from a sorting collection.  Elapsed time: 00:09:17s.  Time for last 10,000,000:   53s.  Last read position: chr8:122,159,453
[Fri Aug 30 20:39:49 CEST 2024] picard.sam.SortSam done. Elapsed time: 9.85 minutes.
Runtime.totalMemory()=1750597632
20:39:50.490 INFO  NativeLibraryLoader - Loading libgkl_compression.so from jar:file:/home/robin/bin/miniconda3/share/picard-2.26.2-0/picard.jar!/com/intel/gkl/native/libgkl_compression.so
[Fri Aug 30 20:39:50 CEST 2024] MarkDuplicates --INPUT C57BL6xDBA_MII_oocyte_RNA_ZhangLab2021_rep1_GSM4970025_sorted.bam --OUTPUT C57BL6xDBA_MII_oocyte_RNA_ZhangLab2021_rep1_GSM4970025.bam --METRICS_FILE C57BL6xDBA_MII_oocyte_RNA_ZhangLab2021_rep1_GSM4970025_markDupeMetrics.txt --REMOVE_DUPLICATES false --TMP_DIR . --MAX_SEQUENCES_FOR_DISK_READ_ENDS_MAP 50000 --MAX_FILE_HANDLES_FOR_READ_ENDS_MAP 8000 --SORTING_COLLECTION_SIZE_RATIO 0.25 --TAG_DUPLICATE_SET_MEMBERS false --REMOVE_SEQUENCING_DUPLICATES false --TAGGING_POLICY DontTag --CLEAR_DT true --DUPLEX_UMI false --ADD_PG_TAG_TO_READS true --ASSUME_SORTED false --DUPLICATE_SCORING_STRATEGY SUM_OF_BASE_QUALITIES --PROGRAM_RECORD_ID MarkDuplicates --PROGRAM_GROUP_NAME MarkDuplicates --READ_NAME_REGEX <optimized capture of last three ':' separated fields as numeric values> --OPTICAL_DUPLICATE_PIXEL_DISTANCE 100 --MAX_OPTICAL_DUPLICATE_SET_SIZE 300000 --VERBOSITY INFO --QUIET false --VALIDATION_STRINGENCY STRICT --COMPRESSION_LEVEL 5 --MAX_RECORDS_IN_RAM 500000 --CREATE_INDEX false --CREATE_MD5_FILE false --GA4GH_CLIENT_SECRETS client_secrets.json --help false --version false --showHidden false --USE_JDK_DEFLATER false --USE_JDK_INFLATER false
[Fri Aug 30 20:39:50 CEST 2024] Executing as robin@epipax.ijm.univ-paris-diderot.priv on Linux 6.1.0-23-amd64 amd64; OpenJDK 64-Bit Server VM 1.8.0_332-b09; Deflater: Intel; Inflater: Intel; Provider GCS is not available; Picard version: Version:2.26.2
INFO	2024-08-30 20:39:50	MarkDuplicates	Start of doWork freeMemory: 501501400; totalMemory: 514850816; maxMemory: 1908932608
INFO	2024-08-30 20:39:50	MarkDuplicates	Reading input file and constructing read end information.
INFO	2024-08-30 20:39:50	MarkDuplicates	Will retain up to 6916422 data points before spilling to disk.
WARNING	2024-08-30 20:39:51	AbstractOpticalDuplicateFinderCommandLineProgram	A field field parsed out of a read name was expected to contain an integer and did not. Read name: SRR13238897.22295597. Cause: String 'SRR13238897.22295597' did not start with a parsable number.
INFO	2024-08-30 20:39:55	MarkDuplicates	Read     1,000,000 records.  Elapsed time: 00:00:04s.  Time for last 1,000,000:    4s.  Last read position: chr10:78,180,180
INFO	2024-08-30 20:39:55	MarkDuplicates	Tracking 14 as yet unmatched pairs. 14 records in RAM.
INFO	2024-08-30 20:39:59	MarkDuplicates	Read     2,000,000 records.  Elapsed time: 00:00:08s.  Time for last 1,000,000:    3s.  Last read position: chr11:3,244,475
INFO	2024-08-30 20:39:59	MarkDuplicates	Tracking 358 as yet unmatched pairs. 358 records in RAM.
INFO	2024-08-30 20:40:04	MarkDuplicates	Read     3,000,000 records.  Elapsed time: 00:00:13s.  Time for last 1,000,000:    5s.  Last read position: chr11:61,735,073
INFO	2024-08-30 20:40:04	MarkDuplicates	Tracking 206 as yet unmatched pairs. 206 records in RAM.
INFO	2024-08-30 20:40:08	MarkDuplicates	Read     4,000,000 records.  Elapsed time: 00:00:17s.  Time for last 1,000,000:    3s.  Last read position: chr11:97,746,920
INFO	2024-08-30 20:40:08	MarkDuplicates	Tracking 20 as yet unmatched pairs. 20 records in RAM.
INFO	2024-08-30 20:40:12	MarkDuplicates	Read     5,000,000 records.  Elapsed time: 00:00:21s.  Time for last 1,000,000:    3s.  Last read position: chr12:31,305,827
INFO	2024-08-30 20:40:12	MarkDuplicates	Tracking 170 as yet unmatched pairs. 170 records in RAM.
INFO	2024-08-30 20:40:19	MarkDuplicates	Read     6,000,000 records.  Elapsed time: 00:00:28s.  Time for last 1,000,000:    6s.  Last read position: chr12:80,634,488
INFO	2024-08-30 20:40:19	MarkDuplicates	Tracking 370 as yet unmatched pairs. 370 records in RAM.
INFO	2024-08-30 20:40:23	MarkDuplicates	Read     7,000,000 records.  Elapsed time: 00:00:32s.  Time for last 1,000,000:    4s.  Last read position: chr12:117,877,569
INFO	2024-08-30 20:40:23	MarkDuplicates	Tracking 35 as yet unmatched pairs. 35 records in RAM.
INFO	2024-08-30 20:40:30	MarkDuplicates	Read     8,000,000 records.  Elapsed time: 00:00:39s.  Time for last 1,000,000:    6s.  Last read position: chr13:58,391,872
INFO	2024-08-30 20:40:30	MarkDuplicates	Tracking 87 as yet unmatched pairs. 87 records in RAM.
INFO	2024-08-30 20:40:33	MarkDuplicates	Read     9,000,000 records.  Elapsed time: 00:00:42s.  Time for last 1,000,000:    3s.  Last read position: chr13:102,733,618
INFO	2024-08-30 20:40:33	MarkDuplicates	Tracking 55 as yet unmatched pairs. 55 records in RAM.
INFO	2024-08-30 20:40:41	MarkDuplicates	Read    10,000,000 records.  Elapsed time: 00:00:50s.  Time for last 1,000,000:    7s.  Last read position: chr14:47,413,792
INFO	2024-08-30 20:40:41	MarkDuplicates	Tracking 511 as yet unmatched pairs. 511 records in RAM.
INFO	2024-08-30 20:40:45	MarkDuplicates	Read    11,000,000 records.  Elapsed time: 00:00:54s.  Time for last 1,000,000:    4s.  Last read position: chr15:6,435,367
INFO	2024-08-30 20:40:45	MarkDuplicates	Tracking 53 as yet unmatched pairs. 53 records in RAM.
INFO	2024-08-30 20:40:49	MarkDuplicates	Read    12,000,000 records.  Elapsed time: 00:00:58s.  Time for last 1,000,000:    3s.  Last read position: chr15:84,942,249
INFO	2024-08-30 20:40:49	MarkDuplicates	Tracking 56 as yet unmatched pairs. 56 records in RAM.
INFO	2024-08-30 20:40:53	MarkDuplicates	Read    13,000,000 records.  Elapsed time: 00:01:02s.  Time for last 1,000,000:    3s.  Last read position: chr16:30,582,101
INFO	2024-08-30 20:40:53	MarkDuplicates	Tracking 56 as yet unmatched pairs. 56 records in RAM.
INFO	2024-08-30 20:40:57	MarkDuplicates	Read    14,000,000 records.  Elapsed time: 00:01:06s.  Time for last 1,000,000:    3s.  Last read position: chr17:14,401,554
INFO	2024-08-30 20:40:57	MarkDuplicates	Tracking 56 as yet unmatched pairs. 56 records in RAM.
INFO	2024-08-30 20:41:04	MarkDuplicates	Read    15,000,000 records.  Elapsed time: 00:01:13s.  Time for last 1,000,000:    7s.  Last read position: chr17:71,616,334
INFO	2024-08-30 20:41:04	MarkDuplicates	Tracking 179 as yet unmatched pairs. 179 records in RAM.
INFO	2024-08-30 20:41:13	MarkDuplicates	Read    16,000,000 records.  Elapsed time: 00:01:22s.  Time for last 1,000,000:    9s.  Last read position: chr18:38,452,376
INFO	2024-08-30 20:41:13	MarkDuplicates	Tracking 367 as yet unmatched pairs. 367 records in RAM.
INFO	2024-08-30 20:41:18	MarkDuplicates	Read    17,000,000 records.  Elapsed time: 00:01:26s.  Time for last 1,000,000:    4s.  Last read position: chr19:17,394,196
INFO	2024-08-30 20:41:18	MarkDuplicates	Tracking 25 as yet unmatched pairs. 25 records in RAM.
INFO	2024-08-30 20:41:22	MarkDuplicates	Read    18,000,000 records.  Elapsed time: 00:01:31s.  Time for last 1,000,000:    4s.  Last read position: chr1:10,214,221
INFO	2024-08-30 20:41:22	MarkDuplicates	Tracking 382 as yet unmatched pairs. 382 records in RAM.
INFO	2024-08-30 20:41:25	MarkDuplicates	Read    19,000,000 records.  Elapsed time: 00:01:34s.  Time for last 1,000,000:    3s.  Last read position: chr1:58,556,506
INFO	2024-08-30 20:41:25	MarkDuplicates	Tracking 79 as yet unmatched pairs. 79 records in RAM.
INFO	2024-08-30 20:41:29	MarkDuplicates	Read    20,000,000 records.  Elapsed time: 00:01:38s.  Time for last 1,000,000:    3s.  Last read position: chr1:132,989,721
INFO	2024-08-30 20:41:29	MarkDuplicates	Tracking 700 as yet unmatched pairs. 700 records in RAM.
INFO	2024-08-30 20:41:36	MarkDuplicates	Read    21,000,000 records.  Elapsed time: 00:01:45s.  Time for last 1,000,000:    6s.  Last read position: chr1:183,400,750
INFO	2024-08-30 20:41:36	MarkDuplicates	Tracking 523 as yet unmatched pairs. 523 records in RAM.
INFO	2024-08-30 20:41:40	MarkDuplicates	Read    22,000,000 records.  Elapsed time: 00:01:49s.  Time for last 1,000,000:    3s.  Last read position: chr2:44,048,355
INFO	2024-08-30 20:41:40	MarkDuplicates	Tracking 36 as yet unmatched pairs. 36 records in RAM.
INFO	2024-08-30 20:41:44	MarkDuplicates	Read    23,000,000 records.  Elapsed time: 00:01:53s.  Time for last 1,000,000:    3s.  Last read position: chr2:116,845,283
INFO	2024-08-30 20:41:44	MarkDuplicates	Tracking 27 as yet unmatched pairs. 27 records in RAM.
INFO	2024-08-30 20:41:49	MarkDuplicates	Read    24,000,000 records.  Elapsed time: 00:01:58s.  Time for last 1,000,000:    5s.  Last read position: chr2:158,494,661
INFO	2024-08-30 20:41:49	MarkDuplicates	Tracking 273 as yet unmatched pairs. 273 records in RAM.
INFO	2024-08-30 20:41:53	MarkDuplicates	Read    25,000,000 records.  Elapsed time: 00:02:02s.  Time for last 1,000,000:    3s.  Last read position: chr3:37,451,716
INFO	2024-08-30 20:41:53	MarkDuplicates	Tracking 83 as yet unmatched pairs. 83 records in RAM.
INFO	2024-08-30 20:41:57	MarkDuplicates	Read    26,000,000 records.  Elapsed time: 00:02:06s.  Time for last 1,000,000:    3s.  Last read position: chr3:100,472,884
INFO	2024-08-30 20:41:57	MarkDuplicates	Tracking 987 as yet unmatched pairs. 987 records in RAM.
INFO	2024-08-30 20:42:00	MarkDuplicates	Read    27,000,000 records.  Elapsed time: 00:02:09s.  Time for last 1,000,000:    3s.  Last read position: chr4:21,824,798
INFO	2024-08-30 20:42:00	MarkDuplicates	Tracking 39 as yet unmatched pairs. 39 records in RAM.
INFO	2024-08-30 20:42:08	MarkDuplicates	Read    28,000,000 records.  Elapsed time: 00:02:17s.  Time for last 1,000,000:    7s.  Last read position: chr4:109,086,377
INFO	2024-08-30 20:42:08	MarkDuplicates	Tracking 318 as yet unmatched pairs. 318 records in RAM.
INFO	2024-08-30 20:42:12	MarkDuplicates	Read    29,000,000 records.  Elapsed time: 00:02:21s.  Time for last 1,000,000:    3s.  Last read position: chr4:143,811,754
INFO	2024-08-30 20:42:12	MarkDuplicates	Tracking 4570 as yet unmatched pairs. 4570 records in RAM.
INFO	2024-08-30 20:42:15	MarkDuplicates	Read    30,000,000 records.  Elapsed time: 00:02:24s.  Time for last 1,000,000:    3s.  Last read position: chr5:33,645,560
INFO	2024-08-30 20:42:15	MarkDuplicates	Tracking 1911 as yet unmatched pairs. 1911 records in RAM.
INFO	2024-08-30 20:42:19	MarkDuplicates	Read    31,000,000 records.  Elapsed time: 00:02:28s.  Time for last 1,000,000:    3s.  Last read position: chr5:94,384,733
INFO	2024-08-30 20:42:19	MarkDuplicates	Tracking 92 as yet unmatched pairs. 92 records in RAM.
INFO	2024-08-30 20:42:25	MarkDuplicates	Read    32,000,000 records.  Elapsed time: 00:02:34s.  Time for last 1,000,000:    5s.  Last read position: chr5:123,739,663
INFO	2024-08-30 20:42:25	MarkDuplicates	Tracking 186 as yet unmatched pairs. 186 records in RAM.
INFO	2024-08-30 20:42:32	MarkDuplicates	Read    33,000,000 records.  Elapsed time: 00:02:41s.  Time for last 1,000,000:    6s.  Last read position: chr6:30,213,807
INFO	2024-08-30 20:42:32	MarkDuplicates	Tracking 53 as yet unmatched pairs. 53 records in RAM.
INFO	2024-08-30 20:42:35	MarkDuplicates	Read    34,000,000 records.  Elapsed time: 00:02:44s.  Time for last 1,000,000:    3s.  Last read position: chr6:83,977,141
INFO	2024-08-30 20:42:35	MarkDuplicates	Tracking 106 as yet unmatched pairs. 106 records in RAM.
INFO	2024-08-30 20:42:39	MarkDuplicates	Read    35,000,000 records.  Elapsed time: 00:02:48s.  Time for last 1,000,000:    3s.  Last read position: chr6:129,947,094
INFO	2024-08-30 20:42:39	MarkDuplicates	Tracking 55 as yet unmatched pairs. 55 records in RAM.
INFO	2024-08-30 20:42:45	MarkDuplicates	Read    36,000,000 records.  Elapsed time: 00:02:54s.  Time for last 1,000,000:    5s.  Last read position: chr7:21,614,795
INFO	2024-08-30 20:42:45	MarkDuplicates	Tracking 19 as yet unmatched pairs. 19 records in RAM.
INFO	2024-08-30 20:42:49	MarkDuplicates	Read    37,000,000 records.  Elapsed time: 00:02:58s.  Time for last 1,000,000:    3s.  Last read position: chr7:81,039,193
INFO	2024-08-30 20:42:49	MarkDuplicates	Tracking 362 as yet unmatched pairs. 362 records in RAM.
INFO	2024-08-30 20:42:53	MarkDuplicates	Read    38,000,000 records.  Elapsed time: 00:03:02s.  Time for last 1,000,000:    3s.  Last read position: chr7:135,694,548
INFO	2024-08-30 20:42:53	MarkDuplicates	Tracking 483 as yet unmatched pairs. 483 records in RAM.
INFO	2024-08-30 20:42:56	MarkDuplicates	Read    39,000,000 records.  Elapsed time: 00:03:05s.  Time for last 1,000,000:    3s.  Last read position: chr8:61,124,141
INFO	2024-08-30 20:42:56	MarkDuplicates	Tracking 39 as yet unmatched pairs. 39 records in RAM.
INFO	2024-08-30 20:43:02	MarkDuplicates	Read    40,000,000 records.  Elapsed time: 00:03:11s.  Time for last 1,000,000:    5s.  Last read position: chr8:122,159,453
INFO	2024-08-30 20:43:02	MarkDuplicates	Tracking 1278 as yet unmatched pairs. 1278 records in RAM.
INFO	2024-08-30 20:43:06	MarkDuplicates	Read    41,000,000 records.  Elapsed time: 00:03:15s.  Time for last 1,000,000:    3s.  Last read position: chr9:55,816,725
INFO	2024-08-30 20:43:06	MarkDuplicates	Tracking 154 as yet unmatched pairs. 154 records in RAM.
INFO	2024-08-30 20:43:10	MarkDuplicates	Read    42,000,000 records.  Elapsed time: 00:03:19s.  Time for last 1,000,000:    3s.  Last read position: chr9:101,311,389
INFO	2024-08-30 20:43:10	MarkDuplicates	Tracking 159 as yet unmatched pairs. 159 records in RAM.
INFO	2024-08-30 20:43:13	MarkDuplicates	Read    43,000,000 records.  Elapsed time: 00:03:22s.  Time for last 1,000,000:    3s.  Last read position: chrM:701
INFO	2024-08-30 20:43:13	MarkDuplicates	Tracking 21237 as yet unmatched pairs. 21237 records in RAM.
INFO	2024-08-30 20:43:21	MarkDuplicates	Read    44,000,000 records.  Elapsed time: 00:03:30s.  Time for last 1,000,000:    7s.  Last read position: chrM:6,656
INFO	2024-08-30 20:43:21	MarkDuplicates	Tracking 51 as yet unmatched pairs. 51 records in RAM.
INFO	2024-08-30 20:43:24	MarkDuplicates	Read    45,000,000 records.  Elapsed time: 00:03:33s.  Time for last 1,000,000:    3s.  Last read position: chrX:38,551,692
INFO	2024-08-30 20:43:24	MarkDuplicates	Tracking 509 as yet unmatched pairs. 509 records in RAM.
INFO	2024-08-30 20:43:28	MarkDuplicates	Read    46,000,000 records.  Elapsed time: 00:03:37s.  Time for last 1,000,000:    3s.  Last read position: chrX:166,427,189
INFO	2024-08-30 20:43:28	MarkDuplicates	Tracking 604 as yet unmatched pairs. 604 records in RAM.
INFO	2024-08-30 20:43:28	MarkDuplicates	Read 46055824 records. 0 pairs never matched.
INFO	2024-08-30 20:43:32	MarkDuplicates	After buildSortedReadEndLists freeMemory: 2086465552; totalMemory: 2103967744; maxMemory: 2103967744
INFO	2024-08-30 20:43:32	MarkDuplicates	Will retain up to 65748992 duplicate indices before spilling to disk.
INFO	2024-08-30 20:43:32	MarkDuplicates	Traversing read pair information and detecting duplicates.
INFO	2024-08-30 20:43:34	OpticalDuplicateFinder	Large duplicate set. size = 4497
INFO	2024-08-30 20:43:34	OpticalDuplicateFinder	compared         1,000 ReadEnds to others.  Elapsed time: 00:00:00s.  Time for last 1,000:    0s.  Last read position: -1:-1
INFO	2024-08-30 20:43:34	OpticalDuplicateFinder	compared         2,000 ReadEnds to others.  Elapsed time: 00:00:00s.  Time for last 1,000:    0s.  Last read position: -1:-1
INFO	2024-08-30 20:43:34	OpticalDuplicateFinder	compared         3,000 ReadEnds to others.  Elapsed time: 00:00:00s.  Time for last 1,000:    0s.  Last read position: -1:-1
INFO	2024-08-30 20:43:34	OpticalDuplicateFinder	compared         4,000 ReadEnds to others.  Elapsed time: 00:00:00s.  Time for last 1,000:    0s.  Last read position: -1:-1
INFO	2024-08-30 20:43:34	OpticalDuplicateFinder	Large duplicate set. size = 1070
INFO	2024-08-30 20:43:34	OpticalDuplicateFinder	compared         1,000 ReadEnds to others.  Elapsed time: 00:00:00s.  Time for last 1,000:    0s.  Last read position: -1:-1
INFO	2024-08-30 20:43:34	OpticalDuplicateFinder	Large duplicate set. size = 1939
INFO	2024-08-30 20:43:34	OpticalDuplicateFinder	compared         1,000 ReadEnds to others.  Elapsed time: 00:00:00s.  Time for last 1,000:    0s.  Last read position: -1:-1
INFO	2024-08-30 20:43:39	OpticalDuplicateFinder	Large duplicate set. size = 1569
INFO	2024-08-30 20:43:39	OpticalDuplicateFinder	compared         1,000 ReadEnds to others.  Elapsed time: 00:00:00s.  Time for last 1,000:    0s.  Last read position: -1:-1
INFO	2024-08-30 20:43:39	OpticalDuplicateFinder	Large duplicate set. size = 1369
INFO	2024-08-30 20:43:39	OpticalDuplicateFinder	compared         1,000 ReadEnds to others.  Elapsed time: 00:00:00s.  Time for last 1,000:    0s.  Last read position: -1:-1
INFO	2024-08-30 20:43:39	OpticalDuplicateFinder	Large duplicate set. size = 1346
INFO	2024-08-30 20:43:39	OpticalDuplicateFinder	compared         1,000 ReadEnds to others.  Elapsed time: 00:00:00s.  Time for last 1,000:    0s.  Last read position: -1:-1
INFO	2024-08-30 20:43:39	MarkDuplicates	Traversing fragment information and detecting duplicates.
INFO	2024-08-30 20:43:48	MarkDuplicates	Sorting list of duplicate records.
INFO	2024-08-30 20:43:48	MarkDuplicates	After generateDuplicateIndexes freeMemory: 1569320360; totalMemory: 2112880640; maxMemory: 2112880640
INFO	2024-08-30 20:43:48	MarkDuplicates	Marking 8385925 records as duplicates.
INFO	2024-08-30 20:43:48	MarkDuplicates	Found 0 optical duplicate clusters.
INFO	2024-08-30 20:43:48	MarkDuplicates	Reads are assumed to be ordered by: coordinate
INFO	2024-08-30 20:44:59	MarkDuplicates	Written    10,000,000 records.  Elapsed time: 00:01:10s.  Time for last 10,000,000:   70s.  Last read position: chr14:47,413,792
INFO	2024-08-30 20:46:08	MarkDuplicates	Written    20,000,000 records.  Elapsed time: 00:02:19s.  Time for last 10,000,000:   69s.  Last read position: chr1:132,989,721
INFO	2024-08-30 20:47:18	MarkDuplicates	Written    30,000,000 records.  Elapsed time: 00:03:29s.  Time for last 10,000,000:   69s.  Last read position: chr5:33,645,560
INFO	2024-08-30 20:48:27	MarkDuplicates	Written    40,000,000 records.  Elapsed time: 00:04:38s.  Time for last 10,000,000:   68s.  Last read position: chr8:122,159,453
INFO	2024-08-30 20:49:07	MarkDuplicates	Writing complete. Closing input iterator.
INFO	2024-08-30 20:49:07	MarkDuplicates	Duplicate Index cleanup.
INFO	2024-08-30 20:49:07	MarkDuplicates	Getting Memory Stats.
INFO	2024-08-30 20:49:07	MarkDuplicates	Before output close freeMemory: 2128085256; totalMemory: 2146959360; maxMemory: 2146959360
INFO	2024-08-30 20:49:15	MarkDuplicates	Closed outputs. Getting more Memory Stats.
INFO	2024-08-30 20:49:15	MarkDuplicates	After output close freeMemory: 2128085256; totalMemory: 2146959360; maxMemory: 2146959360
[Fri Aug 30 20:49:16 CEST 2024] picard.sam.markduplicates.MarkDuplicates done. Elapsed time: 9.43 minutes.
Runtime.totalMemory()=2146959360
[sam grooming] finished successfully at [Fri Aug 30 08:49:28 PM CEST 2024]
[collecting rRNA metrics] started at [Fri Aug 30 08:50:33 PM CEST 2024]
20:50:34.612 INFO  NativeLibraryLoader - Loading libgkl_compression.so from jar:file:/home/robin/bin/miniconda3/share/picard-2.26.2-0/picard.jar!/com/intel/gkl/native/libgkl_compression.so
[Fri Aug 30 20:50:34 CEST 2024] CollectRnaSeqMetrics --REF_FLAT /data/reference_genomes/mm10/mm10_RefSeq_refFlat.bed --RIBOSOMAL_INTERVALS /data/reference_genomes/mm10/mm10_rRNA.bed --STRAND_SPECIFICITY FIRST_READ_TRANSCRIPTION_STRAND --INPUT C57BL6xDBA_MII_oocyte_RNA_ZhangLab2021_rep1_GSM4970025.bam --OUTPUT C57BL6xDBA_MII_oocyte_RNA_ZhangLab2021_rep1_GSM4970025_RNAmetrics.txt --MINIMUM_LENGTH 500 --RRNA_FRAGMENT_PERCENTAGE 0.8 --METRIC_ACCUMULATION_LEVEL ALL_READS --END_BIAS_BASES 100 --ASSUME_SORTED true --STOP_AFTER 0 --VERBOSITY INFO --QUIET false --VALIDATION_STRINGENCY STRICT --COMPRESSION_LEVEL 5 --MAX_RECORDS_IN_RAM 500000 --CREATE_INDEX false --CREATE_MD5_FILE false --GA4GH_CLIENT_SECRETS client_secrets.json --help false --version false --showHidden false --USE_JDK_DEFLATER false --USE_JDK_INFLATER false
[Fri Aug 30 20:50:34 CEST 2024] Executing as robin@epipax.ijm.univ-paris-diderot.priv on Linux 6.1.0-23-amd64 amd64; OpenJDK 64-Bit Server VM 1.8.0_332-b09; Deflater: Intel; Inflater: Intel; Provider GCS is not available; Picard version: Version:2.26.2
INFO	2024-08-30 20:50:35	CollectRnaSeqMetrics	Loaded 24105 genes.
INFO	2024-08-30 20:50:42	SinglePassSamProgram	Processed     1,000,000 records.  Elapsed time: 00:00:06s.  Time for last 1,000,000:    6s.  Last read position: chr10:78,180,180
INFO	2024-08-30 20:50:46	SinglePassSamProgram	Processed     2,000,000 records.  Elapsed time: 00:00:11s.  Time for last 1,000,000:    4s.  Last read position: chr11:3,244,475
INFO	2024-08-30 20:50:51	SinglePassSamProgram	Processed     3,000,000 records.  Elapsed time: 00:00:16s.  Time for last 1,000,000:    4s.  Last read position: chr11:61,735,073
INFO	2024-08-30 20:50:55	SinglePassSamProgram	Processed     4,000,000 records.  Elapsed time: 00:00:20s.  Time for last 1,000,000:    4s.  Last read position: chr11:97,746,920
INFO	2024-08-30 20:51:00	SinglePassSamProgram	Processed     5,000,000 records.  Elapsed time: 00:00:25s.  Time for last 1,000,000:    4s.  Last read position: chr12:31,305,827
INFO	2024-08-30 20:51:05	SinglePassSamProgram	Processed     6,000,000 records.  Elapsed time: 00:00:30s.  Time for last 1,000,000:    4s.  Last read position: chr12:80,634,488
INFO	2024-08-30 20:51:09	SinglePassSamProgram	Processed     7,000,000 records.  Elapsed time: 00:00:33s.  Time for last 1,000,000:    3s.  Last read position: chr12:117,877,569
INFO	2024-08-30 20:51:13	SinglePassSamProgram	Processed     8,000,000 records.  Elapsed time: 00:00:38s.  Time for last 1,000,000:    4s.  Last read position: chr13:58,391,872
INFO	2024-08-30 20:51:17	SinglePassSamProgram	Processed     9,000,000 records.  Elapsed time: 00:00:42s.  Time for last 1,000,000:    3s.  Last read position: chr13:102,733,618
INFO	2024-08-30 20:51:22	SinglePassSamProgram	Processed    10,000,000 records.  Elapsed time: 00:00:47s.  Time for last 1,000,000:    4s.  Last read position: chr14:47,413,792
INFO	2024-08-30 20:51:26	SinglePassSamProgram	Processed    11,000,000 records.  Elapsed time: 00:00:51s.  Time for last 1,000,000:    4s.  Last read position: chr15:6,435,367
INFO	2024-08-30 20:51:31	SinglePassSamProgram	Processed    12,000,000 records.  Elapsed time: 00:00:55s.  Time for last 1,000,000:    4s.  Last read position: chr15:84,942,249
INFO	2024-08-30 20:51:35	SinglePassSamProgram	Processed    13,000,000 records.  Elapsed time: 00:01:00s.  Time for last 1,000,000:    4s.  Last read position: chr16:30,582,101
INFO	2024-08-30 20:51:40	SinglePassSamProgram	Processed    14,000,000 records.  Elapsed time: 00:01:04s.  Time for last 1,000,000:    4s.  Last read position: chr17:14,401,554
INFO	2024-08-30 20:51:44	SinglePassSamProgram	Processed    15,000,000 records.  Elapsed time: 00:01:09s.  Time for last 1,000,000:    4s.  Last read position: chr17:71,616,334
INFO	2024-08-30 20:51:49	SinglePassSamProgram	Processed    16,000,000 records.  Elapsed time: 00:01:13s.  Time for last 1,000,000:    4s.  Last read position: chr18:38,452,376
INFO	2024-08-30 20:51:53	SinglePassSamProgram	Processed    17,000,000 records.  Elapsed time: 00:01:17s.  Time for last 1,000,000:    4s.  Last read position: chr19:17,394,196
INFO	2024-08-30 20:51:57	SinglePassSamProgram	Processed    18,000,000 records.  Elapsed time: 00:01:22s.  Time for last 1,000,000:    4s.  Last read position: chr1:10,214,221
INFO	2024-08-30 20:52:01	SinglePassSamProgram	Processed    19,000,000 records.  Elapsed time: 00:01:26s.  Time for last 1,000,000:    3s.  Last read position: chr1:58,556,506
INFO	2024-08-30 20:52:05	SinglePassSamProgram	Processed    20,000,000 records.  Elapsed time: 00:01:30s.  Time for last 1,000,000:    4s.  Last read position: chr1:132,989,721
INFO	2024-08-30 20:52:10	SinglePassSamProgram	Processed    21,000,000 records.  Elapsed time: 00:01:35s.  Time for last 1,000,000:    4s.  Last read position: chr1:183,400,750
INFO	2024-08-30 20:52:16	SinglePassSamProgram	Processed    22,000,000 records.  Elapsed time: 00:01:41s.  Time for last 1,000,000:    6s.  Last read position: chr2:44,048,355
INFO	2024-08-30 20:52:23	SinglePassSamProgram	Processed    23,000,000 records.  Elapsed time: 00:01:48s.  Time for last 1,000,000:    6s.  Last read position: chr2:116,845,283
INFO	2024-08-30 20:52:29	SinglePassSamProgram	Processed    24,000,000 records.  Elapsed time: 00:01:53s.  Time for last 1,000,000:    5s.  Last read position: chr2:158,494,661
INFO	2024-08-30 20:52:34	SinglePassSamProgram	Processed    25,000,000 records.  Elapsed time: 00:01:59s.  Time for last 1,000,000:    5s.  Last read position: chr3:37,451,716
INFO	2024-08-30 20:52:39	SinglePassSamProgram	Processed    26,000,000 records.  Elapsed time: 00:02:03s.  Time for last 1,000,000:    4s.  Last read position: chr3:100,472,884
INFO	2024-08-30 20:52:44	SinglePassSamProgram	Processed    27,000,000 records.  Elapsed time: 00:02:09s.  Time for last 1,000,000:    5s.  Last read position: chr4:21,824,798
INFO	2024-08-30 20:52:49	SinglePassSamProgram	Processed    28,000,000 records.  Elapsed time: 00:02:14s.  Time for last 1,000,000:    5s.  Last read position: chr4:109,086,377
INFO	2024-08-30 20:52:55	SinglePassSamProgram	Processed    29,000,000 records.  Elapsed time: 00:02:19s.  Time for last 1,000,000:    5s.  Last read position: chr4:143,811,754
INFO	2024-08-30 20:53:00	SinglePassSamProgram	Processed    30,000,000 records.  Elapsed time: 00:02:24s.  Time for last 1,000,000:    5s.  Last read position: chr5:33,645,560
INFO	2024-08-30 20:53:06	SinglePassSamProgram	Processed    31,000,000 records.  Elapsed time: 00:02:31s.  Time for last 1,000,000:    6s.  Last read position: chr5:94,384,733
INFO	2024-08-30 20:53:12	SinglePassSamProgram	Processed    32,000,000 records.  Elapsed time: 00:02:36s.  Time for last 1,000,000:    5s.  Last read position: chr5:123,739,663
INFO	2024-08-30 20:53:17	SinglePassSamProgram	Processed    33,000,000 records.  Elapsed time: 00:02:41s.  Time for last 1,000,000:    4s.  Last read position: chr6:30,213,807
INFO	2024-08-30 20:53:21	SinglePassSamProgram	Processed    34,000,000 records.  Elapsed time: 00:02:46s.  Time for last 1,000,000:    4s.  Last read position: chr6:83,977,141
INFO	2024-08-30 20:53:26	SinglePassSamProgram	Processed    35,000,000 records.  Elapsed time: 00:02:51s.  Time for last 1,000,000:    5s.  Last read position: chr6:129,947,094
INFO	2024-08-30 20:53:31	SinglePassSamProgram	Processed    36,000,000 records.  Elapsed time: 00:02:56s.  Time for last 1,000,000:    4s.  Last read position: chr7:21,614,795
INFO	2024-08-30 20:53:36	SinglePassSamProgram	Processed    37,000,000 records.  Elapsed time: 00:03:01s.  Time for last 1,000,000:    5s.  Last read position: chr7:81,039,193
INFO	2024-08-30 20:53:41	SinglePassSamProgram	Processed    38,000,000 records.  Elapsed time: 00:03:06s.  Time for last 1,000,000:    5s.  Last read position: chr7:135,694,548
INFO	2024-08-30 20:53:47	SinglePassSamProgram	Processed    39,000,000 records.  Elapsed time: 00:03:12s.  Time for last 1,000,000:    5s.  Last read position: chr8:61,124,141
INFO	2024-08-30 20:53:53	SinglePassSamProgram	Processed    40,000,000 records.  Elapsed time: 00:03:17s.  Time for last 1,000,000:    5s.  Last read position: chr8:122,159,453
INFO	2024-08-30 20:54:00	SinglePassSamProgram	Processed    41,000,000 records.  Elapsed time: 00:03:25s.  Time for last 1,000,000:    7s.  Last read position: chr9:55,816,725
INFO	2024-08-30 20:54:05	SinglePassSamProgram	Processed    42,000,000 records.  Elapsed time: 00:03:30s.  Time for last 1,000,000:    5s.  Last read position: chr9:101,311,389
INFO	2024-08-30 20:54:10	SinglePassSamProgram	Processed    43,000,000 records.  Elapsed time: 00:03:35s.  Time for last 1,000,000:    5s.  Last read position: chrM:701
INFO	2024-08-30 20:54:12	SinglePassSamProgram	Processed    44,000,000 records.  Elapsed time: 00:03:37s.  Time for last 1,000,000:    1s.  Last read position: chrM:6,656
INFO	2024-08-30 20:54:16	SinglePassSamProgram	Processed    45,000,000 records.  Elapsed time: 00:03:41s.  Time for last 1,000,000:    3s.  Last read position: chrX:38,551,692
INFO	2024-08-30 20:54:21	SinglePassSamProgram	Processed    46,000,000 records.  Elapsed time: 00:03:46s.  Time for last 1,000,000:    5s.  Last read position: chrX:166,427,189
[Fri Aug 30 20:54:22 CEST 2024] picard.analysis.CollectRnaSeqMetrics done. Elapsed time: 3.79 minutes.
Runtime.totalMemory()=881852416
[trueStats] Collecting alignment statistics for C57BL6xDBA_MII_oocyte_RNA_ZhangLab2021_rep1_GSM4970025.bam at [Fri Aug 30 08:55:30 PM CEST 2024]
[preseq] started on C57BL6xDBA_MII_oocyte_RNA_ZhangLab2021_rep1_GSM4970025.bam at [Fri Aug 30 08:59:03 PM CEST 2024]
[preseq] finished successfully at [Fri Aug 30 09:05:16 PM CEST 2024]
[stringTie] Performing de novo assembly of transcripts at [Fri Aug 30 09:06:24 PM CEST 2024]
Warning: gene "NM_001270423" (on chr2) has reference transcripts on both strands?
Warning: gene "NM_146265" (on chr2) has reference transcripts on both strands?
Warning: gene "NM_001097977" (on chr2) has reference transcripts on both strands?
Warning: gene "NM_001085552" (on chrX) has reference transcripts on both strands?
Warning: gene "NM_001085545" (on chrX) has reference transcripts on both strands?
Warning: gene "NM_001085551" (on chrX) has reference transcripts on both strands?
Warning: gene "NM_001099643" (on chrX) has reference transcripts on both strands?
Warning: gene "NM_001243001" (on chrX) has reference transcripts on both strands?
Warning: gene "NM_001099643" (on chrX) has reference transcripts on both strands?
Warning: gene "NM_001243001" (on chrX) has reference transcripts on both strands?
Warning: gene "NM_001277184" (on chrX) has reference transcripts on both strands?
Warning: gene "NM_001085552" (on chrX) has reference transcripts on both strands?
Warning: gene "NM_001085545" (on chrX) has reference transcripts on both strands?
Warning: gene "NM_001085551" (on chrX) has reference transcripts on both strands?
Warning: gene "NM_001085553" (on chrX) has reference transcripts on both strands?
Warning: gene "NM_001243011" (on chrX) has reference transcripts on both strands?
Warning: gene "NM_001270685" (on chrX) has reference transcripts on both strands?
Warning: gene "NM_029106" (on chrX) has reference transcripts on both strands?
Warning: gene "NM_001270685" (on chrX) has reference transcripts on both strands?
Warning: gene "NM_001100609" (on chrX) has reference transcripts on both strands?
Warning: gene "NM_009529" (on chrX) has reference transcripts on both strands?
Warning: gene "NM_001102678" (on chrX) has reference transcripts on both strands?
Warning: gene "NM_001109970" (on chrX) has reference transcripts on both strands?
Warning: gene "NM_001099919" (on chrX) has reference transcripts on both strands?
Warning: gene "NM_001099347" (on chrX) has reference transcripts on both strands?
Warning: gene "NM_001100610" (on chrX) has reference transcripts on both strands?
Warning: gene "NM_001110250" (on chrX) has reference transcripts on both strands?
Warning: gene "NM_001099325" (on chrX) has reference transcripts on both strands?
Warning: gene "NM_001109969" (on chrX) has reference transcripts on both strands?
Warning: gene "NM_031171" (on chrX) has reference transcripts on both strands?
Warning: gene "NM_010759" (on chrX) has reference transcripts on both strands?
Warning: gene "NM_001142750" (on chrX) has reference transcripts on both strands?
Warning: gene "NM_153109" (on chrX) has reference transcripts on both strands?
Warning: gene "NM_177918" (on chrX) has reference transcripts on both strands?
Warning: gene "NM_001099321" (on chrX) has reference transcripts on both strands?
Warning: gene "NR_126545" (on chrY) has reference transcripts on both strands?
Warning: gene "NR_126546" (on chrY) has reference transcripts on both strands?
Warning: gene "NM_001113395" (on chrY) has reference transcripts on both strands?
Warning: gene "NM_001177569" (on chrY) has reference transcripts on both strands?
Warning: gene "NM_001166384" (on chrY) has reference transcripts on both strands?
Warning: gene "NM_001270513" (on chrY) has reference transcripts on both strands?
Warning: gene "NM_001270514" (on chrY) has reference transcripts on both strands?
Warning: gene "NM_001270515" (on chrY) has reference transcripts on both strands?
Warning: gene "NM_001270516" (on chrY) has reference transcripts on both strands?
Warning: gene "NM_011253" (on chrY) has reference transcripts on both strands?
Warning: gene "NM_001160143" (on chrY) has reference transcripts on both strands?
Warning: gene "NM_207162" (on chrY) has reference transcripts on both strands?
Warning: gene "NM_001160143" (on chrY) has reference transcripts on both strands?
Warning: gene "NM_207162" (on chrY) has reference transcripts on both strands?
Warning: gene "NM_001037748" (on chrY) has reference transcripts on both strands?
Warning: gene "NM_001160141" (on chrY) has reference transcripts on both strands?
Warning: gene "NM_001025241" (on chrY) has reference transcripts on both strands?
Warning: gene "NM_001037748" (on chrY) has reference transcripts on both strands?
Warning: gene "NR_038299" (on chrY) has reference transcripts on both strands?
Warning: gene "NM_001160143" (on chrY) has reference transcripts on both strands?
Warning: gene "NM_207162" (on chrY) has reference transcripts on both strands?
Warning: gene "NM_001160143" (on chrY) has reference transcripts on both strands?
Warning: gene "NM_207162" (on chrY) has reference transcripts on both strands?
Warning: gene "NM_001037748" (on chrY) has reference transcripts on both strands?
Warning: gene "NM_001160141" (on chrY) has reference transcripts on both strands?
Warning: gene "NM_023546" (on chrY) has reference transcripts on both strands?
Warning: gene "NM_001160143" (on chrY) has reference transcripts on both strands?
Warning: gene "NM_001037748" (on chrY) has reference transcripts on both strands?
Warning: gene "NM_001160143" (on chrY) has reference transcripts on both strands?
Warning: gene "NM_001037748" (on chrY) has reference transcripts on both strands?
Warning: gene "NM_001160137" (on chrY) has reference transcripts on both strands?
Warning: gene "NM_001160141" (on chrY) has reference transcripts on both strands?
Warning: gene "NM_001025241" (on chrY) has reference transcripts on both strands?
Warning: gene "NM_001037748" (on chrY) has reference transcripts on both strands?
Warning: gene "NM_001037748" (on chrY) has reference transcripts on both strands?
Warning: gene "NM_001160136" (on chrY) has reference transcripts on both strands?
Warning: gene "NM_001037748" (on chrY) has reference transcripts on both strands?
Warning: gene "NM_023546" (on chrY) has reference transcripts on both strands?
Warning: gene "NM_023546" (on chrY) has reference transcripts on both strands?
Warning: gene "NM_001025241" (on chrY) has reference transcripts on both strands?
Warning: gene "NM_001037748" (on chrY) has reference transcripts on both strands?
Warning: gene "NM_001011820" (on chr13) has reference transcripts on both strands?
Warning: gene "NR_106137" (on chr15) has reference transcripts on both strands?
Warning: gene "NR_106138" (on chr15) has reference transcripts on both strands?
[stringTie] De novo transcriptome assembly completed successfully at [Fri Aug 30 09:08:58 PM CEST 2024]
[bamToWigCPMsmoothKeepDup] Started with bin size: 1 and smoothing over 0 bp and KEEPING DUPLICATES at [Fri Aug 30 09:08:59 PM CEST 2024]
There are 42797682 alignments, of which 226433 are completely within a blacklist region.
Due to filtering, 80.0452621339298% of the aforementioned alignments will be used 34076267.85573797
[bamToWigCPMsmoothKeepDup] finished successfully at [Fri Aug 30 09:14:35 PM CEST 2024]
[file cleanup] started. Good job! at [Fri Aug 30 09:14:35 PM CEST 2024]
cp: cannot stat '*.pdf': No such file or directory
mv: cannot stat '*.bed': No such file or directory
mv: preserving times for '/data/bigWigs/C57BL6xDBA_MII_oocyte_RNA_ZhangLab2021_rep1_GSM4970025_trimV5_mm10_kpDup_q255_b1_s0_CPM.bw': Operation not permitted
mv: preserving permissions for /data/bigWigs/C57BL6xDBA_MII_oocyte_RNA_ZhangLab2021_rep1_GSM4970025_trimV5_mm10_kpDup_q255_b1_s0_CPM.bw: Operation not permitted
mv: preserving times for '/data/bams/C57BL6xDBA_MII_oocyte_RNA_ZhangLab2021_rep1_GSM4970025_trimV5_mm10.bam': Operation not permitted
mv: preserving permissions for /data/bams/C57BL6xDBA_MII_oocyte_RNA_ZhangLab2021_rep1_GSM4970025_trimV5_mm10.bam: Operation not permitted
mv: preserving times for '/data/bams/C57BL6xDBA_MII_oocyte_RNA_ZhangLab2021_rep1_GSM4970025_trimV5_mm10.bam.bai': Operation not permitted
mv: preserving permissions for /data/bams/C57BL6xDBA_MII_oocyte_RNA_ZhangLab2021_rep1_GSM4970025_trimV5_mm10.bam.bai: Operation not permitted
mv: preserving times for '/data/stringTie/C57BL6xDBA_MII_oocyte_RNA_ZhangLab2021_rep1_GSM4970025_trimV5_mm10.gtf': Operation not permitted
mv: preserving permissions for /data/stringTie/C57BL6xDBA_MII_oocyte_RNA_ZhangLab2021_rep1_GSM4970025_trimV5_mm10.gtf: Operation not permitted
