SCRATCH: /scratch
ls: cannot access '/data/fastq/E14_12h_H3K4me3_ChIP_Yang2019_GSM3314696*_R2.fastq.gz': No such file or directory
[masterDownload] Data are single-end. at [Wed Jul 3 06:37:25 PM CEST 2024]
[checkDependencies] Checking Dependencies [Wed Jul 3 06:37:25 PM CEST 2024] at [Wed Jul 3 06:37:25 PM CEST 2024]
[setup checkDependencies] trimmomatic... at [Wed Jul 3 06:37:25 PM CEST 2024]
[setup checkDependencies] STAR... at [Wed Jul 3 06:37:25 PM CEST 2024]
[setup checkDependencies] bismark... at [Wed Jul 3 06:37:26 PM CEST 2024]
[setup checkDependencies] bowtie2... at [Wed Jul 3 06:37:26 PM CEST 2024]
[setup checkDependencies] samtools... at [Wed Jul 3 06:37:26 PM CEST 2024]
[setup checkDependencies] picard... at [Wed Jul 3 06:37:26 PM CEST 2024]
[setup checkDependencies] awk... at [Wed Jul 3 06:37:26 PM CEST 2024]
[setup checkDependencies] bamCoverage... at [Wed Jul 3 06:37:26 PM CEST 2024]
[setup checkDependencies] fastqc... at [Wed Jul 3 06:37:26 PM CEST 2024]
[setup checkDependencies] fastq_screen... at [Wed Jul 3 06:37:26 PM CEST 2024]
[setup checkDependencies] stringtie... at [Wed Jul 3 06:37:26 PM CEST 2024]
[setup checkDependencies] clumpify.sh... at [Wed Jul 3 06:37:26 PM CEST 2024]
PAIRED: false
[setUpLogFile] Script started at [Wed Jul 3 06:37:26 PM CEST 2024] at [Wed Jul 3 06:37:26 PM CEST 2024]
[fastQC] started on raw FASTQs at [Wed Jul 3 06:37:26 PM CEST 2024]
Started analysis of E14_12h_H3K4me3_ChIP_Yang2019_GSM3314696_raw.fastq.gz
Approx 5% complete for E14_12h_H3K4me3_ChIP_Yang2019_GSM3314696_raw.fastq.gz
Approx 10% complete for E14_12h_H3K4me3_ChIP_Yang2019_GSM3314696_raw.fastq.gz
Approx 15% complete for E14_12h_H3K4me3_ChIP_Yang2019_GSM3314696_raw.fastq.gz
Approx 20% complete for E14_12h_H3K4me3_ChIP_Yang2019_GSM3314696_raw.fastq.gz
Approx 25% complete for E14_12h_H3K4me3_ChIP_Yang2019_GSM3314696_raw.fastq.gz
Approx 30% complete for E14_12h_H3K4me3_ChIP_Yang2019_GSM3314696_raw.fastq.gz
Approx 35% complete for E14_12h_H3K4me3_ChIP_Yang2019_GSM3314696_raw.fastq.gz
Approx 40% complete for E14_12h_H3K4me3_ChIP_Yang2019_GSM3314696_raw.fastq.gz
Approx 45% complete for E14_12h_H3K4me3_ChIP_Yang2019_GSM3314696_raw.fastq.gz
Approx 50% complete for E14_12h_H3K4me3_ChIP_Yang2019_GSM3314696_raw.fastq.gz
Approx 55% complete for E14_12h_H3K4me3_ChIP_Yang2019_GSM3314696_raw.fastq.gz
Approx 60% complete for E14_12h_H3K4me3_ChIP_Yang2019_GSM3314696_raw.fastq.gz
Approx 65% complete for E14_12h_H3K4me3_ChIP_Yang2019_GSM3314696_raw.fastq.gz
Approx 70% complete for E14_12h_H3K4me3_ChIP_Yang2019_GSM3314696_raw.fastq.gz
Approx 75% complete for E14_12h_H3K4me3_ChIP_Yang2019_GSM3314696_raw.fastq.gz
Approx 80% complete for E14_12h_H3K4me3_ChIP_Yang2019_GSM3314696_raw.fastq.gz
Approx 85% complete for E14_12h_H3K4me3_ChIP_Yang2019_GSM3314696_raw.fastq.gz
Approx 90% complete for E14_12h_H3K4me3_ChIP_Yang2019_GSM3314696_raw.fastq.gz
Approx 95% complete for E14_12h_H3K4me3_ChIP_Yang2019_GSM3314696_raw.fastq.gz
Analysis complete for E14_12h_H3K4me3_ChIP_Yang2019_GSM3314696_raw.fastq.gz
[fastQC] on raw FASTQs finished succesfully. Will remove PCR duplicates now at [Wed Jul 3 06:41:19 PM CEST 2024]
Reads are length: 52 at [Wed Jul 3 06:41:20 PM CEST 2024]
Reads with same sequence 1 or fewer substitutions will be marked as PCR duplicates at [Wed Jul 3 06:41:20 PM CEST 2024]
Removal of PCR duplicates complete! at [Wed Jul 3 07:05:44 PM CEST 2024]
[trimReads] Started using version trimV5 parameters at [Wed Jul 3 07:05:44 PM CEST 2024]
ILLUMINACLIP:/data/reference_genomes/adapters/adapters.fa:2:30:10 SLIDINGWINDOW:4:20 MINLEN:24
[trimReads] Trimming E14_12h_H3K4me3_ChIP_Yang2019_GSM3314696.fastq.gz... at [Wed Jul 3 07:05:44 PM CEST 2024]
[trimReads] Finished successfully at [Wed Jul 3 07:14:00 PM CEST 2024]
[fastQC] started on E14_12h_H3K4me3_ChIP_Yang2019_GSM3314696.fastq.gz E14_12h_H3K4me3_ChIP_Yang2019_GSM3314696_trimV5.fastq.gz at [Wed Jul 3 07:14:00 PM CEST 2024]
Started analysis of E14_12h_H3K4me3_ChIP_Yang2019_GSM3314696.fastq.gz
Started analysis of E14_12h_H3K4me3_ChIP_Yang2019_GSM3314696_trimV5.fastq.gz
Approx 5% complete for E14_12h_H3K4me3_ChIP_Yang2019_GSM3314696.fastq.gz
Approx 5% complete for E14_12h_H3K4me3_ChIP_Yang2019_GSM3314696_trimV5.fastq.gz
Approx 10% complete for E14_12h_H3K4me3_ChIP_Yang2019_GSM3314696.fastq.gz
Approx 10% complete for E14_12h_H3K4me3_ChIP_Yang2019_GSM3314696_trimV5.fastq.gz
Approx 15% complete for E14_12h_H3K4me3_ChIP_Yang2019_GSM3314696_trimV5.fastq.gz
Approx 15% complete for E14_12h_H3K4me3_ChIP_Yang2019_GSM3314696.fastq.gz
Approx 20% complete for E14_12h_H3K4me3_ChIP_Yang2019_GSM3314696_trimV5.fastq.gz
Approx 20% complete for E14_12h_H3K4me3_ChIP_Yang2019_GSM3314696.fastq.gz
Approx 25% complete for E14_12h_H3K4me3_ChIP_Yang2019_GSM3314696_trimV5.fastq.gz
Approx 25% complete for E14_12h_H3K4me3_ChIP_Yang2019_GSM3314696.fastq.gz
Approx 30% complete for E14_12h_H3K4me3_ChIP_Yang2019_GSM3314696_trimV5.fastq.gz
Approx 30% complete for E14_12h_H3K4me3_ChIP_Yang2019_GSM3314696.fastq.gz
Approx 35% complete for E14_12h_H3K4me3_ChIP_Yang2019_GSM3314696_trimV5.fastq.gz
Approx 35% complete for E14_12h_H3K4me3_ChIP_Yang2019_GSM3314696.fastq.gz
Approx 40% complete for E14_12h_H3K4me3_ChIP_Yang2019_GSM3314696_trimV5.fastq.gz
Approx 40% complete for E14_12h_H3K4me3_ChIP_Yang2019_GSM3314696.fastq.gz
Approx 45% complete for E14_12h_H3K4me3_ChIP_Yang2019_GSM3314696_trimV5.fastq.gz
Approx 45% complete for E14_12h_H3K4me3_ChIP_Yang2019_GSM3314696.fastq.gz
Approx 50% complete for E14_12h_H3K4me3_ChIP_Yang2019_GSM3314696_trimV5.fastq.gz
Approx 50% complete for E14_12h_H3K4me3_ChIP_Yang2019_GSM3314696.fastq.gz
Approx 55% complete for E14_12h_H3K4me3_ChIP_Yang2019_GSM3314696_trimV5.fastq.gz
Approx 55% complete for E14_12h_H3K4me3_ChIP_Yang2019_GSM3314696.fastq.gz
Approx 60% complete for E14_12h_H3K4me3_ChIP_Yang2019_GSM3314696_trimV5.fastq.gz
Approx 60% complete for E14_12h_H3K4me3_ChIP_Yang2019_GSM3314696.fastq.gz
Approx 65% complete for E14_12h_H3K4me3_ChIP_Yang2019_GSM3314696_trimV5.fastq.gz
Approx 65% complete for E14_12h_H3K4me3_ChIP_Yang2019_GSM3314696.fastq.gz
Approx 70% complete for E14_12h_H3K4me3_ChIP_Yang2019_GSM3314696_trimV5.fastq.gz
Approx 70% complete for E14_12h_H3K4me3_ChIP_Yang2019_GSM3314696.fastq.gz
Approx 75% complete for E14_12h_H3K4me3_ChIP_Yang2019_GSM3314696_trimV5.fastq.gz
Approx 75% complete for E14_12h_H3K4me3_ChIP_Yang2019_GSM3314696.fastq.gz
Approx 80% complete for E14_12h_H3K4me3_ChIP_Yang2019_GSM3314696_trimV5.fastq.gz
Approx 80% complete for E14_12h_H3K4me3_ChIP_Yang2019_GSM3314696.fastq.gz
Approx 85% complete for E14_12h_H3K4me3_ChIP_Yang2019_GSM3314696_trimV5.fastq.gz
Approx 85% complete for E14_12h_H3K4me3_ChIP_Yang2019_GSM3314696.fastq.gz
Approx 90% complete for E14_12h_H3K4me3_ChIP_Yang2019_GSM3314696_trimV5.fastq.gz
Approx 90% complete for E14_12h_H3K4me3_ChIP_Yang2019_GSM3314696.fastq.gz
Approx 95% complete for E14_12h_H3K4me3_ChIP_Yang2019_GSM3314696_trimV5.fastq.gz
Approx 95% complete for E14_12h_H3K4me3_ChIP_Yang2019_GSM3314696.fastq.gz
Analysis complete for E14_12h_H3K4me3_ChIP_Yang2019_GSM3314696_trimV5.fastq.gz
Analysis complete for E14_12h_H3K4me3_ChIP_Yang2019_GSM3314696.fastq.gz
[fastQC] finished succesfully at [Wed Jul 3 07:16:54 PM CEST 2024]
[bowtie2 alignment] started with reference /data/reference_genomes/mm10/mm10 at [Wed Jul 3 07:16:54 PM CEST 2024]
[alignment] Bowtie2 alignment finished successfully at [Wed Jul 3 07:37:32 PM CEST 2024]
[sam grooming] started at [Wed Jul 3 07:38:58 PM CEST 2024]
19:38:59.357 INFO  NativeLibraryLoader - Loading libgkl_compression.so from jar:file:/home/robin/bin/miniconda3/share/picard-2.26.2-0/picard.jar!/com/intel/gkl/native/libgkl_compression.so
[Wed Jul 03 19:38:59 CEST 2024] CleanSam --INPUT E14_12h_H3K4me3_ChIP_Yang2019_GSM3314696_raw.sam --OUTPUT E14_12h_H3K4me3_ChIP_Yang2019_GSM3314696_cleaned.sam --TMP_DIR . --VERBOSITY INFO --QUIET false --VALIDATION_STRINGENCY STRICT --COMPRESSION_LEVEL 5 --MAX_RECORDS_IN_RAM 500000 --CREATE_INDEX false --CREATE_MD5_FILE false --GA4GH_CLIENT_SECRETS client_secrets.json --help false --version false --showHidden false --USE_JDK_DEFLATER false --USE_JDK_INFLATER false
[Wed Jul 03 19:38:59 CEST 2024] Executing as robin@epipax.ijm.univ-paris-diderot.priv on Linux 6.1.0-21-amd64 amd64; OpenJDK 64-Bit Server VM 1.8.0_332-b09; Deflater: Intel; Inflater: Intel; Provider GCS is not available; Picard version: Version:2.26.2
INFO	2024-07-03 19:38:59	CleanSam	Seen many non-increasing record positions. Printing Read-names as well.
INFO	2024-07-03 19:39:05	CleanSam	Processed     1,000,000 records.  Elapsed time: 00:00:06s.  Time for last 1,000,000:    6s.  Last read position: chr3:159,495,366.  Last read name: SRR7624384.21394211
INFO	2024-07-03 19:39:10	CleanSam	Processed     2,000,000 records.  Elapsed time: 00:00:11s.  Time for last 1,000,000:    5s.  Last read position: chr1:190,801,278.  Last read name: SRR7624384.45550552
INFO	2024-07-03 19:39:15	CleanSam	Processed     3,000,000 records.  Elapsed time: 00:00:16s.  Time for last 1,000,000:    5s.  Last read position: chr11:89,058,185.  Last read name: SRR7624384.13550156
INFO	2024-07-03 19:39:21	CleanSam	Processed     4,000,000 records.  Elapsed time: 00:00:22s.  Time for last 1,000,000:    5s.  Last read position: chr2:164,461,513.  Last read name: SRR7624384.36855474
INFO	2024-07-03 19:39:26	CleanSam	Processed     5,000,000 records.  Elapsed time: 00:00:27s.  Time for last 1,000,000:    4s.  Last read position: chr4:146,943,815.  Last read name: SRR7624384.51892430
INFO	2024-07-03 19:39:31	CleanSam	Processed     6,000,000 records.  Elapsed time: 00:00:32s.  Time for last 1,000,000:    4s.  Last read position: chr2:99,236,107.  Last read name: SRR7624384.40086783
INFO	2024-07-03 19:39:36	CleanSam	Processed     7,000,000 records.  Elapsed time: 00:00:37s.  Time for last 1,000,000:    5s.  Last read position: chr14:21,575,455.  Last read name: SRR7624384.39455792
INFO	2024-07-03 19:39:41	CleanSam	Processed     8,000,000 records.  Elapsed time: 00:00:42s.  Time for last 1,000,000:    4s.  Last read position: chrX:8,053,175.  Last read name: SRR7624384.51184922
INFO	2024-07-03 19:39:46	CleanSam	Processed     9,000,000 records.  Elapsed time: 00:00:47s.  Time for last 1,000,000:    4s.  Last read position: chr10:32,167,546.  Last read name: SRR7624384.38988131
INFO	2024-07-03 19:39:51	CleanSam	Processed    10,000,000 records.  Elapsed time: 00:00:52s.  Time for last 1,000,000:    5s.  Last read position: chr10:41,757,659.  Last read name: SRR7624384.32554536
INFO	2024-07-03 19:39:57	CleanSam	Processed    11,000,000 records.  Elapsed time: 00:00:57s.  Time for last 1,000,000:    5s.  Last read position: chr9:92,274,688.  Last read name: SRR7624384.41080090
INFO	2024-07-03 19:40:02	CleanSam	Processed    12,000,000 records.  Elapsed time: 00:01:02s.  Time for last 1,000,000:    5s.  Last read position: chr15:71,822,514.  Last read name: SRR7624384.49603300
INFO	2024-07-03 19:40:07	CleanSam	Processed    13,000,000 records.  Elapsed time: 00:01:08s.  Time for last 1,000,000:    5s.  Last read position: chr9:113,398,924.  Last read name: SRR7624384.34694172
INFO	2024-07-03 19:40:12	CleanSam	Processed    14,000,000 records.  Elapsed time: 00:01:13s.  Time for last 1,000,000:    5s.  Last read position: chr1:58,795,600.  Last read name: SRR7624384.42106794
INFO	2024-07-03 19:40:17	CleanSam	Processed    15,000,000 records.  Elapsed time: 00:01:18s.  Time for last 1,000,000:    4s.  Last read position: chr9:63,378,156.  Last read name: SRR7624384.5821928
INFO	2024-07-03 19:40:22	CleanSam	Processed    16,000,000 records.  Elapsed time: 00:01:23s.  Time for last 1,000,000:    5s.  Last read position: chr19:3,767,152.  Last read name: SRR7624384.14270248
INFO	2024-07-03 19:40:27	CleanSam	Processed    17,000,000 records.  Elapsed time: 00:01:28s.  Time for last 1,000,000:    5s.  Last read position: chr8:121,378,110.  Last read name: SRR7624384.37703143
INFO	2024-07-03 19:40:33	CleanSam	Processed    18,000,000 records.  Elapsed time: 00:01:33s.  Time for last 1,000,000:    5s.  Last read position: chr4:31,608,771.  Last read name: SRR7624384.37016308
INFO	2024-07-03 19:40:37	CleanSam	Processed    19,000,000 records.  Elapsed time: 00:01:38s.  Time for last 1,000,000:    4s.  Last read position: chr7:89,966,232.  Last read name: SRR7624384.15214085
INFO	2024-07-03 19:40:42	CleanSam	Processed    20,000,000 records.  Elapsed time: 00:01:43s.  Time for last 1,000,000:    4s.  Last read position: chrUn_JH584304:90,252.  Last read name: SRR7624384.19367450
INFO	2024-07-03 19:40:48	CleanSam	Processed    21,000,000 records.  Elapsed time: 00:01:48s.  Time for last 1,000,000:    5s.  Last read position: chr14:3,337,891.  Last read name: SRR7624384.47903626
INFO	2024-07-03 19:40:53	CleanSam	Processed    22,000,000 records.  Elapsed time: 00:01:53s.  Time for last 1,000,000:    5s.  Last read position: chr4:85,300,077.  Last read name: SRR7624384.50391658
INFO	2024-07-03 19:40:58	CleanSam	Processed    23,000,000 records.  Elapsed time: 00:01:59s.  Time for last 1,000,000:    5s.  Last read position: chr6:82,858,497.  Last read name: SRR7624384.15055162
INFO	2024-07-03 19:41:03	CleanSam	Processed    24,000,000 records.  Elapsed time: 00:02:04s.  Time for last 1,000,000:    4s.  Last read position: chrX:20,819,883.  Last read name: SRR7624384.51190504
INFO	2024-07-03 19:41:08	CleanSam	Processed    25,000,000 records.  Elapsed time: 00:02:08s.  Time for last 1,000,000:    4s.  Last read position: chr1:153,980,028.  Last read name: SRR7624384.10022324
INFO	2024-07-03 19:41:13	CleanSam	Processed    26,000,000 records.  Elapsed time: 00:02:13s.  Time for last 1,000,000:    4s.  Last read position: chr4:10,930,672.  Last read name: SRR7624384.1634065
INFO	2024-07-03 19:41:18	CleanSam	Processed    27,000,000 records.  Elapsed time: 00:02:18s.  Time for last 1,000,000:    4s.  Last read position: chrX:32,635,543.  Last read name: SRR7624384.45264292
INFO	2024-07-03 19:41:23	CleanSam	Processed    28,000,000 records.  Elapsed time: 00:02:23s.  Time for last 1,000,000:    5s.  Last read position: chrX:58,037,841.  Last read name: SRR7624384.37869082
INFO	2024-07-03 19:41:28	CleanSam	Processed    29,000,000 records.  Elapsed time: 00:02:28s.  Time for last 1,000,000:    4s.  Last read position: chr2:129,731,542.  Last read name: SRR7624384.40114201
INFO	2024-07-03 19:41:33	CleanSam	Processed    30,000,000 records.  Elapsed time: 00:02:33s.  Time for last 1,000,000:    4s.  Last read position: chr17:5,008,945.  Last read name: SRR7624384.14080433
INFO	2024-07-03 19:41:38	CleanSam	Processed    31,000,000 records.  Elapsed time: 00:02:38s.  Time for last 1,000,000:    5s.  Last read position: chr15:98,872,160.  Last read name: SRR7624384.36304578
INFO	2024-07-03 19:41:43	CleanSam	Processed    32,000,000 records.  Elapsed time: 00:02:43s.  Time for last 1,000,000:    4s.  Last read position: chr2:147,186,619.  Last read name: SRR7624384.1445303
INFO	2024-07-03 19:41:48	CleanSam	Processed    33,000,000 records.  Elapsed time: 00:02:49s.  Time for last 1,000,000:    5s.  Last read position: chr17:74,316,825.  Last read name: SRR7624384.20889399
INFO	2024-07-03 19:41:53	CleanSam	Processed    34,000,000 records.  Elapsed time: 00:02:54s.  Time for last 1,000,000:    4s.  Last read position: chr5:53,525,993.  Last read name: SRR7624384.27890921
INFO	2024-07-03 19:41:58	CleanSam	Processed    35,000,000 records.  Elapsed time: 00:02:59s.  Time for last 1,000,000:    5s.  Last read position: chr3:144,983,919.  Last read name: SRR7624384.11375269
INFO	2024-07-03 19:42:03	CleanSam	Processed    36,000,000 records.  Elapsed time: 00:03:03s.  Time for last 1,000,000:    4s.  Last read position: chr4:153,186,923.  Last read name: SRR7624384.43736517
INFO	2024-07-03 19:42:08	CleanSam	Processed    37,000,000 records.  Elapsed time: 00:03:08s.  Time for last 1,000,000:    5s.  Last read position: chr2:36,022,213.  Last read name: SRR7624384.21096614
[Wed Jul 03 19:42:20 CEST 2024] picard.sam.CleanSam done. Elapsed time: 3.35 minutes.
Runtime.totalMemory()=735576064
19:42:22.402 INFO  NativeLibraryLoader - Loading libgkl_compression.so from jar:file:/home/robin/bin/miniconda3/share/picard-2.26.2-0/picard.jar!/com/intel/gkl/native/libgkl_compression.so
[Wed Jul 03 19:42:22 CEST 2024] SamFormatConverter --INPUT E14_12h_H3K4me3_ChIP_Yang2019_GSM3314696_cleaned.sam --OUTPUT E14_12h_H3K4me3_ChIP_Yang2019_GSM3314696_unsorted.bam --TMP_DIR . --VERBOSITY INFO --QUIET false --VALIDATION_STRINGENCY STRICT --COMPRESSION_LEVEL 5 --MAX_RECORDS_IN_RAM 500000 --CREATE_INDEX false --CREATE_MD5_FILE false --GA4GH_CLIENT_SECRETS client_secrets.json --help false --version false --showHidden false --USE_JDK_DEFLATER false --USE_JDK_INFLATER false
[Wed Jul 03 19:42:22 CEST 2024] Executing as robin@epipax.ijm.univ-paris-diderot.priv on Linux 6.1.0-21-amd64 amd64; OpenJDK 64-Bit Server VM 1.8.0_332-b09; Deflater: Intel; Inflater: Intel; Provider GCS is not available; Picard version: Version:2.26.2
INFO	2024-07-03 19:42:23	SamFormatConverter	Seen many non-increasing record positions. Printing Read-names as well.
INFO	2024-07-03 19:42:32	SamFormatConverter	Processed     1,000,000 records.  Elapsed time: 00:00:08s.  Time for last 1,000,000:    8s.  Last read position: chr3:159,495,366.  Last read name: SRR7624384.21394211
INFO	2024-07-03 19:42:40	SamFormatConverter	Processed     2,000,000 records.  Elapsed time: 00:00:17s.  Time for last 1,000,000:    8s.  Last read position: chr1:190,801,278.  Last read name: SRR7624384.45550552
INFO	2024-07-03 19:42:48	SamFormatConverter	Processed     3,000,000 records.  Elapsed time: 00:00:25s.  Time for last 1,000,000:    8s.  Last read position: chr11:89,058,185.  Last read name: SRR7624384.13550156
INFO	2024-07-03 19:42:57	SamFormatConverter	Processed     4,000,000 records.  Elapsed time: 00:00:34s.  Time for last 1,000,000:    8s.  Last read position: chr2:164,461,513.  Last read name: SRR7624384.36855474
INFO	2024-07-03 19:43:05	SamFormatConverter	Processed     5,000,000 records.  Elapsed time: 00:00:42s.  Time for last 1,000,000:    8s.  Last read position: chr4:146,943,815.  Last read name: SRR7624384.51892430
INFO	2024-07-03 19:43:14	SamFormatConverter	Processed     6,000,000 records.  Elapsed time: 00:00:50s.  Time for last 1,000,000:    8s.  Last read position: chr2:99,236,107.  Last read name: SRR7624384.40086783
INFO	2024-07-03 19:43:22	SamFormatConverter	Processed     7,000,000 records.  Elapsed time: 00:00:59s.  Time for last 1,000,000:    8s.  Last read position: chr14:21,575,455.  Last read name: SRR7624384.39455792
INFO	2024-07-03 19:43:31	SamFormatConverter	Processed     8,000,000 records.  Elapsed time: 00:01:07s.  Time for last 1,000,000:    8s.  Last read position: chrX:8,053,175.  Last read name: SRR7624384.51184922
INFO	2024-07-03 19:43:39	SamFormatConverter	Processed     9,000,000 records.  Elapsed time: 00:01:16s.  Time for last 1,000,000:    8s.  Last read position: chr10:32,167,546.  Last read name: SRR7624384.38988131
INFO	2024-07-03 19:43:47	SamFormatConverter	Processed    10,000,000 records.  Elapsed time: 00:01:24s.  Time for last 1,000,000:    8s.  Last read position: chr10:41,757,659.  Last read name: SRR7624384.32554536
INFO	2024-07-03 19:43:56	SamFormatConverter	Processed    11,000,000 records.  Elapsed time: 00:01:32s.  Time for last 1,000,000:    8s.  Last read position: chr9:92,274,688.  Last read name: SRR7624384.41080090
INFO	2024-07-03 19:44:04	SamFormatConverter	Processed    12,000,000 records.  Elapsed time: 00:01:40s.  Time for last 1,000,000:    8s.  Last read position: chr15:71,822,514.  Last read name: SRR7624384.49603300
INFO	2024-07-03 19:44:12	SamFormatConverter	Processed    13,000,000 records.  Elapsed time: 00:01:49s.  Time for last 1,000,000:    8s.  Last read position: chr9:113,398,924.  Last read name: SRR7624384.34694172
INFO	2024-07-03 19:44:20	SamFormatConverter	Processed    14,000,000 records.  Elapsed time: 00:01:57s.  Time for last 1,000,000:    8s.  Last read position: chr1:58,795,600.  Last read name: SRR7624384.42106794
INFO	2024-07-03 19:44:29	SamFormatConverter	Processed    15,000,000 records.  Elapsed time: 00:02:05s.  Time for last 1,000,000:    8s.  Last read position: chr9:63,378,156.  Last read name: SRR7624384.5821928
INFO	2024-07-03 19:44:37	SamFormatConverter	Processed    16,000,000 records.  Elapsed time: 00:02:14s.  Time for last 1,000,000:    8s.  Last read position: chr19:3,767,152.  Last read name: SRR7624384.14270248
INFO	2024-07-03 19:44:46	SamFormatConverter	Processed    17,000,000 records.  Elapsed time: 00:02:22s.  Time for last 1,000,000:    8s.  Last read position: chr8:121,378,110.  Last read name: SRR7624384.37703143
INFO	2024-07-03 19:44:54	SamFormatConverter	Processed    18,000,000 records.  Elapsed time: 00:02:31s.  Time for last 1,000,000:    8s.  Last read position: chr4:31,608,771.  Last read name: SRR7624384.37016308
INFO	2024-07-03 19:45:03	SamFormatConverter	Processed    19,000,000 records.  Elapsed time: 00:02:39s.  Time for last 1,000,000:    8s.  Last read position: chr7:89,966,232.  Last read name: SRR7624384.15214085
INFO	2024-07-03 19:45:11	SamFormatConverter	Processed    20,000,000 records.  Elapsed time: 00:02:48s.  Time for last 1,000,000:    8s.  Last read position: chrUn_JH584304:90,252.  Last read name: SRR7624384.19367450
INFO	2024-07-03 19:45:19	SamFormatConverter	Processed    21,000,000 records.  Elapsed time: 00:02:56s.  Time for last 1,000,000:    8s.  Last read position: chr14:3,337,891.  Last read name: SRR7624384.47903626
INFO	2024-07-03 19:45:28	SamFormatConverter	Processed    22,000,000 records.  Elapsed time: 00:03:04s.  Time for last 1,000,000:    8s.  Last read position: chr4:85,300,077.  Last read name: SRR7624384.50391658
INFO	2024-07-03 19:45:36	SamFormatConverter	Processed    23,000,000 records.  Elapsed time: 00:03:13s.  Time for last 1,000,000:    8s.  Last read position: chr6:82,858,497.  Last read name: SRR7624384.15055162
INFO	2024-07-03 19:45:45	SamFormatConverter	Processed    24,000,000 records.  Elapsed time: 00:03:22s.  Time for last 1,000,000:    9s.  Last read position: chrX:20,819,883.  Last read name: SRR7624384.51190504
INFO	2024-07-03 19:45:53	SamFormatConverter	Processed    25,000,000 records.  Elapsed time: 00:03:30s.  Time for last 1,000,000:    8s.  Last read position: chr1:153,980,028.  Last read name: SRR7624384.10022324
INFO	2024-07-03 19:46:02	SamFormatConverter	Processed    26,000,000 records.  Elapsed time: 00:03:38s.  Time for last 1,000,000:    8s.  Last read position: chr4:10,930,672.  Last read name: SRR7624384.1634065
INFO	2024-07-03 19:46:10	SamFormatConverter	Processed    27,000,000 records.  Elapsed time: 00:03:47s.  Time for last 1,000,000:    8s.  Last read position: chrX:32,635,543.  Last read name: SRR7624384.45264292
INFO	2024-07-03 19:46:18	SamFormatConverter	Processed    28,000,000 records.  Elapsed time: 00:03:55s.  Time for last 1,000,000:    8s.  Last read position: chrX:58,037,841.  Last read name: SRR7624384.37869082
INFO	2024-07-03 19:46:27	SamFormatConverter	Processed    29,000,000 records.  Elapsed time: 00:04:04s.  Time for last 1,000,000:    8s.  Last read position: chr2:129,731,542.  Last read name: SRR7624384.40114201
INFO	2024-07-03 19:46:36	SamFormatConverter	Processed    30,000,000 records.  Elapsed time: 00:04:13s.  Time for last 1,000,000:    9s.  Last read position: chr17:5,008,945.  Last read name: SRR7624384.14080433
INFO	2024-07-03 19:46:45	SamFormatConverter	Processed    31,000,000 records.  Elapsed time: 00:04:22s.  Time for last 1,000,000:    8s.  Last read position: chr15:98,872,160.  Last read name: SRR7624384.36304578
INFO	2024-07-03 19:46:53	SamFormatConverter	Processed    32,000,000 records.  Elapsed time: 00:04:30s.  Time for last 1,000,000:    8s.  Last read position: chr2:147,186,619.  Last read name: SRR7624384.1445303
INFO	2024-07-03 19:47:01	SamFormatConverter	Processed    33,000,000 records.  Elapsed time: 00:04:38s.  Time for last 1,000,000:    7s.  Last read position: chr17:74,316,825.  Last read name: SRR7624384.20889399
INFO	2024-07-03 19:47:10	SamFormatConverter	Processed    34,000,000 records.  Elapsed time: 00:04:46s.  Time for last 1,000,000:    8s.  Last read position: chr5:53,525,993.  Last read name: SRR7624384.27890921
INFO	2024-07-03 19:47:18	SamFormatConverter	Processed    35,000,000 records.  Elapsed time: 00:04:54s.  Time for last 1,000,000:    8s.  Last read position: chr3:144,983,919.  Last read name: SRR7624384.11375269
INFO	2024-07-03 19:47:26	SamFormatConverter	Processed    36,000,000 records.  Elapsed time: 00:05:03s.  Time for last 1,000,000:    8s.  Last read position: chr4:153,186,923.  Last read name: SRR7624384.43736517
INFO	2024-07-03 19:47:34	SamFormatConverter	Processed    37,000,000 records.  Elapsed time: 00:05:11s.  Time for last 1,000,000:    8s.  Last read position: chr2:36,022,213.  Last read name: SRR7624384.21096614
[Wed Jul 03 19:47:42 CEST 2024] picard.sam.SamFormatConverter done. Elapsed time: 5.33 minutes.
Runtime.totalMemory()=721944576
19:47:43.870 INFO  NativeLibraryLoader - Loading libgkl_compression.so from jar:file:/home/robin/bin/miniconda3/share/picard-2.26.2-0/picard.jar!/com/intel/gkl/native/libgkl_compression.so
[Wed Jul 03 19:47:43 CEST 2024] SortSam --INPUT E14_12h_H3K4me3_ChIP_Yang2019_GSM3314696_unsorted.bam --OUTPUT E14_12h_H3K4me3_ChIP_Yang2019_GSM3314696_sorted.bam --SORT_ORDER coordinate --TMP_DIR . --VERBOSITY INFO --QUIET false --VALIDATION_STRINGENCY STRICT --COMPRESSION_LEVEL 5 --MAX_RECORDS_IN_RAM 500000 --CREATE_INDEX false --CREATE_MD5_FILE false --GA4GH_CLIENT_SECRETS client_secrets.json --help false --version false --showHidden false --USE_JDK_DEFLATER false --USE_JDK_INFLATER false
[Wed Jul 03 19:47:43 CEST 2024] Executing as robin@epipax.ijm.univ-paris-diderot.priv on Linux 6.1.0-21-amd64 amd64; OpenJDK 64-Bit Server VM 1.8.0_332-b09; Deflater: Intel; Inflater: Intel; Provider GCS is not available; Picard version: Version:2.26.2
INFO	2024-07-03 19:47:44	SortSam	Seen many non-increasing record positions. Printing Read-names as well.
INFO	2024-07-03 19:48:40	SortSam	Read    10,000,000 records.  Elapsed time: 00:00:56s.  Time for last 10,000,000:   56s.  Last read position: chr10:41,757,659.  Last read name: SRR7624384.32554536
INFO	2024-07-03 19:49:37	SortSam	Read    20,000,000 records.  Elapsed time: 00:01:53s.  Time for last 10,000,000:   57s.  Last read position: chrUn_JH584304:90,252.  Last read name: SRR7624384.19367450
INFO	2024-07-03 19:50:34	SortSam	Read    30,000,000 records.  Elapsed time: 00:02:50s.  Time for last 10,000,000:   56s.  Last read position: chr17:5,008,945.  Last read name: SRR7624384.14080433
INFO	2024-07-03 19:51:19	SortSam	Finished reading inputs, merging and writing to output now.
INFO	2024-07-03 19:52:04	SortSam	Wrote    10,000,000 records from a sorting collection.  Elapsed time: 00:04:20s.  Time for last 10,000,000:   43s.  Last read position: chr5:33,019,220
INFO	2024-07-03 19:52:48	SortSam	Wrote    20,000,000 records from a sorting collection.  Elapsed time: 00:05:04s.  Time for last 10,000,000:   43s.  Last read position: chr9:119,217,054
INFO	2024-07-03 19:53:31	SortSam	Wrote    30,000,000 records from a sorting collection.  Elapsed time: 00:05:47s.  Time for last 10,000,000:   43s.  Last read position: chr15:77,336,401
[Wed Jul 03 19:54:07 CEST 2024] picard.sam.SortSam done. Elapsed time: 6.39 minutes.
Runtime.totalMemory()=1703411712
19:54:08.162 INFO  NativeLibraryLoader - Loading libgkl_compression.so from jar:file:/home/robin/bin/miniconda3/share/picard-2.26.2-0/picard.jar!/com/intel/gkl/native/libgkl_compression.so
[Wed Jul 03 19:54:08 CEST 2024] MarkDuplicates --INPUT E14_12h_H3K4me3_ChIP_Yang2019_GSM3314696_sorted.bam --OUTPUT E14_12h_H3K4me3_ChIP_Yang2019_GSM3314696.bam --METRICS_FILE E14_12h_H3K4me3_ChIP_Yang2019_GSM3314696_markDupeMetrics.txt --REMOVE_DUPLICATES false --TMP_DIR . --MAX_SEQUENCES_FOR_DISK_READ_ENDS_MAP 50000 --MAX_FILE_HANDLES_FOR_READ_ENDS_MAP 8000 --SORTING_COLLECTION_SIZE_RATIO 0.25 --TAG_DUPLICATE_SET_MEMBERS false --REMOVE_SEQUENCING_DUPLICATES false --TAGGING_POLICY DontTag --CLEAR_DT true --DUPLEX_UMI false --ADD_PG_TAG_TO_READS true --ASSUME_SORTED false --DUPLICATE_SCORING_STRATEGY SUM_OF_BASE_QUALITIES --PROGRAM_RECORD_ID MarkDuplicates --PROGRAM_GROUP_NAME MarkDuplicates --READ_NAME_REGEX <optimized capture of last three ':' separated fields as numeric values> --OPTICAL_DUPLICATE_PIXEL_DISTANCE 100 --MAX_OPTICAL_DUPLICATE_SET_SIZE 300000 --VERBOSITY INFO --QUIET false --VALIDATION_STRINGENCY STRICT --COMPRESSION_LEVEL 5 --MAX_RECORDS_IN_RAM 500000 --CREATE_INDEX false --CREATE_MD5_FILE false --GA4GH_CLIENT_SECRETS client_secrets.json --help false --version false --showHidden false --USE_JDK_DEFLATER false --USE_JDK_INFLATER false
[Wed Jul 03 19:54:08 CEST 2024] Executing as robin@epipax.ijm.univ-paris-diderot.priv on Linux 6.1.0-21-amd64 amd64; OpenJDK 64-Bit Server VM 1.8.0_332-b09; Deflater: Intel; Inflater: Intel; Provider GCS is not available; Picard version: Version:2.26.2
INFO	2024-07-03 19:54:08	MarkDuplicates	Start of doWork freeMemory: 501502632; totalMemory: 514850816; maxMemory: 1908932608
INFO	2024-07-03 19:54:08	MarkDuplicates	Reading input file and constructing read end information.
INFO	2024-07-03 19:54:08	MarkDuplicates	Will retain up to 6916422 data points before spilling to disk.
WARNING	2024-07-03 19:54:08	AbstractOpticalDuplicateFinderCommandLineProgram	A field field parsed out of a read name was expected to contain an integer and did not. Read name: SRR7624384.19008890. Cause: String 'SRR7624384.19008890' did not start with a parsable number.
INFO	2024-07-03 19:54:12	MarkDuplicates	Read     1,000,000 records.  Elapsed time: 00:00:03s.  Time for last 1,000,000:    3s.  Last read position: chr1:87,327,070
INFO	2024-07-03 19:54:12	MarkDuplicates	Tracking 0 as yet unmatched pairs. 0 records in RAM.
INFO	2024-07-03 19:54:15	MarkDuplicates	Read     2,000,000 records.  Elapsed time: 00:00:07s.  Time for last 1,000,000:    3s.  Last read position: chr1:172,341,177
INFO	2024-07-03 19:54:15	MarkDuplicates	Tracking 0 as yet unmatched pairs. 0 records in RAM.
INFO	2024-07-03 19:54:19	MarkDuplicates	Read     3,000,000 records.  Elapsed time: 00:00:10s.  Time for last 1,000,000:    3s.  Last read position: chr2:43,109,988
INFO	2024-07-03 19:54:19	MarkDuplicates	Tracking 0 as yet unmatched pairs. 0 records in RAM.
INFO	2024-07-03 19:54:22	MarkDuplicates	Read     4,000,000 records.  Elapsed time: 00:00:14s.  Time for last 1,000,000:    3s.  Last read position: chr2:116,064,922
INFO	2024-07-03 19:54:22	MarkDuplicates	Tracking 0 as yet unmatched pairs. 0 records in RAM.
INFO	2024-07-03 19:54:27	MarkDuplicates	Read     5,000,000 records.  Elapsed time: 00:00:18s.  Time for last 1,000,000:    4s.  Last read position: chr2:170,469,622
INFO	2024-07-03 19:54:27	MarkDuplicates	Tracking 0 as yet unmatched pairs. 0 records in RAM.
INFO	2024-07-03 19:54:30	MarkDuplicates	Read     6,000,000 records.  Elapsed time: 00:00:22s.  Time for last 1,000,000:    3s.  Last read position: chr3:82,876,252
INFO	2024-07-03 19:54:30	MarkDuplicates	Tracking 0 as yet unmatched pairs. 0 records in RAM.
INFO	2024-07-03 19:54:36	MarkDuplicates	Read     7,000,000 records.  Elapsed time: 00:00:28s.  Time for last 1,000,000:    5s.  Last read position: chr3:149,267,914
INFO	2024-07-03 19:54:36	MarkDuplicates	Tracking 0 as yet unmatched pairs. 0 records in RAM.
INFO	2024-07-03 19:54:40	MarkDuplicates	Read     8,000,000 records.  Elapsed time: 00:00:31s.  Time for last 1,000,000:    3s.  Last read position: chr4:86,874,701
INFO	2024-07-03 19:54:40	MarkDuplicates	Tracking 0 as yet unmatched pairs. 0 records in RAM.
INFO	2024-07-03 19:54:43	MarkDuplicates	Read     9,000,000 records.  Elapsed time: 00:00:34s.  Time for last 1,000,000:    3s.  Last read position: chr4:137,598,811
INFO	2024-07-03 19:54:43	MarkDuplicates	Tracking 0 as yet unmatched pairs. 0 records in RAM.
INFO	2024-07-03 19:54:46	MarkDuplicates	Read    10,000,000 records.  Elapsed time: 00:00:38s.  Time for last 1,000,000:    3s.  Last read position: chr5:33,019,220
INFO	2024-07-03 19:54:46	MarkDuplicates	Tracking 0 as yet unmatched pairs. 0 records in RAM.
INFO	2024-07-03 19:54:50	MarkDuplicates	Read    11,000,000 records.  Elapsed time: 00:00:41s.  Time for last 1,000,000:    3s.  Last read position: chr5:114,567,751
INFO	2024-07-03 19:54:50	MarkDuplicates	Tracking 0 as yet unmatched pairs. 0 records in RAM.
INFO	2024-07-03 19:54:56	MarkDuplicates	Read    12,000,000 records.  Elapsed time: 00:00:47s.  Time for last 1,000,000:    6s.  Last read position: chr6:11,906,860
INFO	2024-07-03 19:54:56	MarkDuplicates	Tracking 0 as yet unmatched pairs. 0 records in RAM.
INFO	2024-07-03 19:55:00	MarkDuplicates	Read    13,000,000 records.  Elapsed time: 00:00:51s.  Time for last 1,000,000:    3s.  Last read position: chr6:92,787,282
INFO	2024-07-03 19:55:00	MarkDuplicates	Tracking 0 as yet unmatched pairs. 0 records in RAM.
INFO	2024-07-03 19:55:06	MarkDuplicates	Read    14,000,000 records.  Elapsed time: 00:00:57s.  Time for last 1,000,000:    5s.  Last read position: chr7:13,298,374
INFO	2024-07-03 19:55:06	MarkDuplicates	Tracking 0 as yet unmatched pairs. 0 records in RAM.
INFO	2024-07-03 19:55:09	MarkDuplicates	Read    15,000,000 records.  Elapsed time: 00:01:01s.  Time for last 1,000,000:    3s.  Last read position: chr7:73,559,183
INFO	2024-07-03 19:55:09	MarkDuplicates	Tracking 0 as yet unmatched pairs. 0 records in RAM.
INFO	2024-07-03 19:55:13	MarkDuplicates	Read    16,000,000 records.  Elapsed time: 00:01:04s.  Time for last 1,000,000:    3s.  Last read position: chr7:139,389,604
INFO	2024-07-03 19:55:13	MarkDuplicates	Tracking 0 as yet unmatched pairs. 0 records in RAM.
INFO	2024-07-03 19:55:18	MarkDuplicates	Read    17,000,000 records.  Elapsed time: 00:01:09s.  Time for last 1,000,000:    4s.  Last read position: chr8:71,499,350
INFO	2024-07-03 19:55:18	MarkDuplicates	Tracking 0 as yet unmatched pairs. 0 records in RAM.
INFO	2024-07-03 19:55:21	MarkDuplicates	Read    18,000,000 records.  Elapsed time: 00:01:13s.  Time for last 1,000,000:    3s.  Last read position: chr8:126,615,784
INFO	2024-07-03 19:55:21	MarkDuplicates	Tracking 0 as yet unmatched pairs. 0 records in RAM.
INFO	2024-07-03 19:55:25	MarkDuplicates	Read    19,000,000 records.  Elapsed time: 00:01:16s.  Time for last 1,000,000:    3s.  Last read position: chr9:58,171,347
INFO	2024-07-03 19:55:25	MarkDuplicates	Tracking 0 as yet unmatched pairs. 0 records in RAM.
INFO	2024-07-03 19:55:28	MarkDuplicates	Read    20,000,000 records.  Elapsed time: 00:01:20s.  Time for last 1,000,000:    3s.  Last read position: chr9:119,217,054
INFO	2024-07-03 19:55:28	MarkDuplicates	Tracking 0 as yet unmatched pairs. 0 records in RAM.
INFO	2024-07-03 19:55:36	MarkDuplicates	Read    21,000,000 records.  Elapsed time: 00:01:27s.  Time for last 1,000,000:    7s.  Last read position: chr10:73,764,329
INFO	2024-07-03 19:55:36	MarkDuplicates	Tracking 0 as yet unmatched pairs. 0 records in RAM.
INFO	2024-07-03 19:55:40	MarkDuplicates	Read    22,000,000 records.  Elapsed time: 00:01:31s.  Time for last 1,000,000:    3s.  Last read position: chr11:4,746,694
INFO	2024-07-03 19:55:40	MarkDuplicates	Tracking 0 as yet unmatched pairs. 0 records in RAM.
INFO	2024-07-03 19:55:43	MarkDuplicates	Read    23,000,000 records.  Elapsed time: 00:01:35s.  Time for last 1,000,000:    3s.  Last read position: chr11:69,035,235
INFO	2024-07-03 19:55:43	MarkDuplicates	Tracking 0 as yet unmatched pairs. 0 records in RAM.
INFO	2024-07-03 19:55:46	MarkDuplicates	Read    24,000,000 records.  Elapsed time: 00:01:38s.  Time for last 1,000,000:    3s.  Last read position: chr11:103,043,308
INFO	2024-07-03 19:55:46	MarkDuplicates	Tracking 0 as yet unmatched pairs. 0 records in RAM.
INFO	2024-07-03 19:55:50	MarkDuplicates	Read    25,000,000 records.  Elapsed time: 00:01:41s.  Time for last 1,000,000:    3s.  Last read position: chr12:44,709,366
INFO	2024-07-03 19:55:50	MarkDuplicates	Tracking 0 as yet unmatched pairs. 0 records in RAM.
INFO	2024-07-03 19:55:53	MarkDuplicates	Read    26,000,000 records.  Elapsed time: 00:01:45s.  Time for last 1,000,000:    3s.  Last read position: chr13:4,601,944
INFO	2024-07-03 19:55:53	MarkDuplicates	Tracking 0 as yet unmatched pairs. 0 records in RAM.
INFO	2024-07-03 19:55:56	MarkDuplicates	Read    27,000,000 records.  Elapsed time: 00:01:48s.  Time for last 1,000,000:    3s.  Last read position: chr13:68,992,162
INFO	2024-07-03 19:55:56	MarkDuplicates	Tracking 0 as yet unmatched pairs. 0 records in RAM.
INFO	2024-07-03 19:56:02	MarkDuplicates	Read    28,000,000 records.  Elapsed time: 00:01:54s.  Time for last 1,000,000:    5s.  Last read position: chr14:23,304,633
INFO	2024-07-03 19:56:02	MarkDuplicates	Tracking 0 as yet unmatched pairs. 0 records in RAM.
INFO	2024-07-03 19:56:06	MarkDuplicates	Read    29,000,000 records.  Elapsed time: 00:01:57s.  Time for last 1,000,000:    3s.  Last read position: chr14:103,071,006
INFO	2024-07-03 19:56:06	MarkDuplicates	Tracking 0 as yet unmatched pairs. 0 records in RAM.
INFO	2024-07-03 19:56:09	MarkDuplicates	Read    30,000,000 records.  Elapsed time: 00:02:00s.  Time for last 1,000,000:    3s.  Last read position: chr15:77,336,401
INFO	2024-07-03 19:56:09	MarkDuplicates	Tracking 0 as yet unmatched pairs. 0 records in RAM.
INFO	2024-07-03 19:56:12	MarkDuplicates	Read    31,000,000 records.  Elapsed time: 00:02:04s.  Time for last 1,000,000:    3s.  Last read position: chr16:19,579,082
INFO	2024-07-03 19:56:12	MarkDuplicates	Tracking 0 as yet unmatched pairs. 0 records in RAM.
INFO	2024-07-03 19:56:16	MarkDuplicates	Read    32,000,000 records.  Elapsed time: 00:02:07s.  Time for last 1,000,000:    3s.  Last read position: chr17:8,801,878
INFO	2024-07-03 19:56:16	MarkDuplicates	Tracking 0 as yet unmatched pairs. 0 records in RAM.
INFO	2024-07-03 19:56:19	MarkDuplicates	Read    33,000,000 records.  Elapsed time: 00:02:11s.  Time for last 1,000,000:    3s.  Last read position: chr17:47,711,415
INFO	2024-07-03 19:56:19	MarkDuplicates	Tracking 0 as yet unmatched pairs. 0 records in RAM.
INFO	2024-07-03 19:56:23	MarkDuplicates	Read    34,000,000 records.  Elapsed time: 00:02:14s.  Time for last 1,000,000:    3s.  Last read position: chr18:34,792,167
INFO	2024-07-03 19:56:23	MarkDuplicates	Tracking 0 as yet unmatched pairs. 0 records in RAM.
INFO	2024-07-03 19:56:28	MarkDuplicates	Read    35,000,000 records.  Elapsed time: 00:02:20s.  Time for last 1,000,000:    5s.  Last read position: chr19:8,700,646
INFO	2024-07-03 19:56:28	MarkDuplicates	Tracking 0 as yet unmatched pairs. 0 records in RAM.
INFO	2024-07-03 19:56:31	MarkDuplicates	Read    36,000,000 records.  Elapsed time: 00:02:23s.  Time for last 1,000,000:    3s.  Last read position: chrX:27,278,058
INFO	2024-07-03 19:56:31	MarkDuplicates	Tracking 0 as yet unmatched pairs. 0 records in RAM.
INFO	2024-07-03 19:56:35	MarkDuplicates	Read    37,000,000 records.  Elapsed time: 00:02:27s.  Time for last 1,000,000:    4s.  Last read position: chrY:44,421,545
INFO	2024-07-03 19:56:35	MarkDuplicates	Tracking 0 as yet unmatched pairs. 0 records in RAM.
INFO	2024-07-03 19:56:37	MarkDuplicates	Read 37433805 records. 0 pairs never matched.
INFO	2024-07-03 19:56:38	MarkDuplicates	After buildSortedReadEndLists freeMemory: 1394804216; totalMemory: 1440219136; maxMemory: 1908932608
INFO	2024-07-03 19:56:38	MarkDuplicates	Will retain up to 59654144 duplicate indices before spilling to disk.
INFO	2024-07-03 19:56:38	MarkDuplicates	Traversing read pair information and detecting duplicates.
INFO	2024-07-03 19:56:38	MarkDuplicates	Traversing fragment information and detecting duplicates.
INFO	2024-07-03 19:56:48	MarkDuplicates	Sorting list of duplicate records.
INFO	2024-07-03 19:56:48	MarkDuplicates	After generateDuplicateIndexes freeMemory: 960997504; totalMemory: 1455423488; maxMemory: 1908932608
INFO	2024-07-03 19:56:48	MarkDuplicates	Marking 815831 records as duplicates.
INFO	2024-07-03 19:56:48	MarkDuplicates	Found 0 optical duplicate clusters.
INFO	2024-07-03 19:56:48	MarkDuplicates	Reads are assumed to be ordered by: coordinate
INFO	2024-07-03 19:57:51	MarkDuplicates	Written    10,000,000 records.  Elapsed time: 00:01:02s.  Time for last 10,000,000:   62s.  Last read position: chr5:33,019,220
INFO	2024-07-03 19:58:51	MarkDuplicates	Written    20,000,000 records.  Elapsed time: 00:02:03s.  Time for last 10,000,000:   60s.  Last read position: chr9:119,217,054
INFO	2024-07-03 19:59:53	MarkDuplicates	Written    30,000,000 records.  Elapsed time: 00:03:05s.  Time for last 10,000,000:   61s.  Last read position: chr15:77,336,401
INFO	2024-07-03 20:00:41	MarkDuplicates	Writing complete. Closing input iterator.
INFO	2024-07-03 20:00:41	MarkDuplicates	Duplicate Index cleanup.
INFO	2024-07-03 20:00:41	MarkDuplicates	Getting Memory Stats.
INFO	2024-07-03 20:00:41	MarkDuplicates	Before output close freeMemory: 1467714048; totalMemory: 1486356480; maxMemory: 1908932608
INFO	2024-07-03 20:00:42	MarkDuplicates	Closed outputs. Getting more Memory Stats.
INFO	2024-07-03 20:00:42	MarkDuplicates	After output close freeMemory: 1467714048; totalMemory: 1486356480; maxMemory: 1908932608
[Wed Jul 03 20:00:42 CEST 2024] picard.sam.markduplicates.MarkDuplicates done. Elapsed time: 6.57 minutes.
Runtime.totalMemory()=1486356480
[sam grooming] finished successfully at [Wed Jul 3 08:00:50 PM CEST 2024]
[trueStats] Collecting alignment statistics for E14_12h_H3K4me3_ChIP_Yang2019_GSM3314696.bam at [Wed Jul 3 08:01:35 PM CEST 2024]
[bamToWigCPMsmoothKeepDup] Started with bin size: 1 and smoothing over 0 bp and KEEPING DUPLICATES at [Wed Jul 3 08:04:45 PM CEST 2024]
There are 36086982 alignments, of which 625848 are completely within a blacklist region.
Due to filtering, 88.66853378214839% of the aforementioned alignments will be used 31442867.580322906
[bamToWigCPMsmoothKeepDup] finished successfully at [Wed Jul 3 08:22:39 PM CEST 2024]
[file cleanup] started. Good job! at [Wed Jul 3 08:22:39 PM CEST 2024]
cp: cannot stat '*.pdf': No such file or directory
mv: cannot stat '*.bed': No such file or directory
mv: preserving times for '/data/bigWigs/E14_12h_H3K4me3_ChIP_Yang2019_GSM3314696_trimV5_mm10_kpDup_q10_b1_s0_CPM.bw': Operation not permitted
mv: preserving permissions for ‘/data/bigWigs/E14_12h_H3K4me3_ChIP_Yang2019_GSM3314696_trimV5_mm10_kpDup_q10_b1_s0_CPM.bw’: Operation not permitted
mv: preserving times for '/data/bams/E14_12h_H3K4me3_ChIP_Yang2019_GSM3314696_trimV5_mm10.bam': Operation not permitted
mv: preserving permissions for ‘/data/bams/E14_12h_H3K4me3_ChIP_Yang2019_GSM3314696_trimV5_mm10.bam’: Operation not permitted
mv: preserving times for '/data/bams/E14_12h_H3K4me3_ChIP_Yang2019_GSM3314696_trimV5_mm10.bam.bai': Operation not permitted
mv: preserving permissions for ‘/data/bams/E14_12h_H3K4me3_ChIP_Yang2019_GSM3314696_trimV5_mm10.bam.bai’: Operation not permitted
mv: cannot stat '*.gtf': No such file or directory
