SCRATCH: /scratch
ls: cannot access '/data/fastq/E14_1h_RNApolII_ChIP_Yang2019_GSM3314726*_R2.fastq.gz': No such file or directory
[masterDownload] Data are single-end. at [Wed Jul 3 08:22:52 PM CEST 2024]
[checkDependencies] Checking Dependencies [Wed Jul 3 08:22:52 PM CEST 2024] at [Wed Jul 3 08:22:52 PM CEST 2024]
[setup checkDependencies] trimmomatic... at [Wed Jul 3 08:22:52 PM CEST 2024]
[setup checkDependencies] STAR... at [Wed Jul 3 08:22:52 PM CEST 2024]
[setup checkDependencies] bismark... at [Wed Jul 3 08:22:52 PM CEST 2024]
[setup checkDependencies] bowtie2... at [Wed Jul 3 08:22:52 PM CEST 2024]
[setup checkDependencies] samtools... at [Wed Jul 3 08:22:52 PM CEST 2024]
[setup checkDependencies] picard... at [Wed Jul 3 08:22:52 PM CEST 2024]
[setup checkDependencies] awk... at [Wed Jul 3 08:22:52 PM CEST 2024]
[setup checkDependencies] bamCoverage... at [Wed Jul 3 08:22:52 PM CEST 2024]
[setup checkDependencies] fastqc... at [Wed Jul 3 08:22:52 PM CEST 2024]
[setup checkDependencies] fastq_screen... at [Wed Jul 3 08:22:52 PM CEST 2024]
[setup checkDependencies] stringtie... at [Wed Jul 3 08:22:52 PM CEST 2024]
[setup checkDependencies] clumpify.sh... at [Wed Jul 3 08:22:52 PM CEST 2024]
PAIRED: false
[setUpLogFile] Script started at [Wed Jul 3 08:22:52 PM CEST 2024] at [Wed Jul 3 08:22:52 PM CEST 2024]
[fastQC] started on raw FASTQs at [Wed Jul 3 08:22:52 PM CEST 2024]
Started analysis of E14_1h_RNApolII_ChIP_Yang2019_GSM3314726_raw.fastq.gz
Approx 5% complete for E14_1h_RNApolII_ChIP_Yang2019_GSM3314726_raw.fastq.gz
Approx 10% complete for E14_1h_RNApolII_ChIP_Yang2019_GSM3314726_raw.fastq.gz
Approx 15% complete for E14_1h_RNApolII_ChIP_Yang2019_GSM3314726_raw.fastq.gz
Approx 20% complete for E14_1h_RNApolII_ChIP_Yang2019_GSM3314726_raw.fastq.gz
Approx 25% complete for E14_1h_RNApolII_ChIP_Yang2019_GSM3314726_raw.fastq.gz
Approx 30% complete for E14_1h_RNApolII_ChIP_Yang2019_GSM3314726_raw.fastq.gz
Approx 35% complete for E14_1h_RNApolII_ChIP_Yang2019_GSM3314726_raw.fastq.gz
Approx 40% complete for E14_1h_RNApolII_ChIP_Yang2019_GSM3314726_raw.fastq.gz
Approx 45% complete for E14_1h_RNApolII_ChIP_Yang2019_GSM3314726_raw.fastq.gz
Approx 50% complete for E14_1h_RNApolII_ChIP_Yang2019_GSM3314726_raw.fastq.gz
Approx 55% complete for E14_1h_RNApolII_ChIP_Yang2019_GSM3314726_raw.fastq.gz
Approx 60% complete for E14_1h_RNApolII_ChIP_Yang2019_GSM3314726_raw.fastq.gz
Approx 65% complete for E14_1h_RNApolII_ChIP_Yang2019_GSM3314726_raw.fastq.gz
Approx 70% complete for E14_1h_RNApolII_ChIP_Yang2019_GSM3314726_raw.fastq.gz
Approx 75% complete for E14_1h_RNApolII_ChIP_Yang2019_GSM3314726_raw.fastq.gz
Approx 80% complete for E14_1h_RNApolII_ChIP_Yang2019_GSM3314726_raw.fastq.gz
Approx 85% complete for E14_1h_RNApolII_ChIP_Yang2019_GSM3314726_raw.fastq.gz
Approx 90% complete for E14_1h_RNApolII_ChIP_Yang2019_GSM3314726_raw.fastq.gz
Approx 95% complete for E14_1h_RNApolII_ChIP_Yang2019_GSM3314726_raw.fastq.gz
Analysis complete for E14_1h_RNApolII_ChIP_Yang2019_GSM3314726_raw.fastq.gz
[fastQC] on raw FASTQs finished succesfully. Will remove PCR duplicates now at [Wed Jul 3 08:26:20 PM CEST 2024]
Reads are length: 52 at [Wed Jul 3 08:26:20 PM CEST 2024]
Reads with same sequence 1 or fewer substitutions will be marked as PCR duplicates at [Wed Jul 3 08:26:20 PM CEST 2024]
Removal of PCR duplicates complete! at [Wed Jul 3 08:47:03 PM CEST 2024]
[trimReads] Started using version trimV5 parameters at [Wed Jul 3 08:47:03 PM CEST 2024]
ILLUMINACLIP:/data/reference_genomes/adapters/adapters.fa:2:30:10 SLIDINGWINDOW:4:20 MINLEN:24
[trimReads] Trimming E14_1h_RNApolII_ChIP_Yang2019_GSM3314726.fastq.gz... at [Wed Jul 3 08:47:03 PM CEST 2024]
[trimReads] Finished successfully at [Wed Jul 3 08:56:09 PM CEST 2024]
[fastQC] started on E14_1h_RNApolII_ChIP_Yang2019_GSM3314726.fastq.gz E14_1h_RNApolII_ChIP_Yang2019_GSM3314726_trimV5.fastq.gz at [Wed Jul 3 08:56:09 PM CEST 2024]
Started analysis of E14_1h_RNApolII_ChIP_Yang2019_GSM3314726.fastq.gz
Started analysis of E14_1h_RNApolII_ChIP_Yang2019_GSM3314726_trimV5.fastq.gz
Approx 5% complete for E14_1h_RNApolII_ChIP_Yang2019_GSM3314726_trimV5.fastq.gz
Approx 5% complete for E14_1h_RNApolII_ChIP_Yang2019_GSM3314726.fastq.gz
Approx 10% complete for E14_1h_RNApolII_ChIP_Yang2019_GSM3314726_trimV5.fastq.gz
Approx 10% complete for E14_1h_RNApolII_ChIP_Yang2019_GSM3314726.fastq.gz
Approx 15% complete for E14_1h_RNApolII_ChIP_Yang2019_GSM3314726_trimV5.fastq.gz
Approx 15% complete for E14_1h_RNApolII_ChIP_Yang2019_GSM3314726.fastq.gz
Approx 20% complete for E14_1h_RNApolII_ChIP_Yang2019_GSM3314726_trimV5.fastq.gz
Approx 20% complete for E14_1h_RNApolII_ChIP_Yang2019_GSM3314726.fastq.gz
Approx 25% complete for E14_1h_RNApolII_ChIP_Yang2019_GSM3314726_trimV5.fastq.gz
Approx 25% complete for E14_1h_RNApolII_ChIP_Yang2019_GSM3314726.fastq.gz
Approx 30% complete for E14_1h_RNApolII_ChIP_Yang2019_GSM3314726_trimV5.fastq.gz
Approx 30% complete for E14_1h_RNApolII_ChIP_Yang2019_GSM3314726.fastq.gz
Approx 35% complete for E14_1h_RNApolII_ChIP_Yang2019_GSM3314726_trimV5.fastq.gz
Approx 35% complete for E14_1h_RNApolII_ChIP_Yang2019_GSM3314726.fastq.gz
Approx 40% complete for E14_1h_RNApolII_ChIP_Yang2019_GSM3314726_trimV5.fastq.gz
Approx 40% complete for E14_1h_RNApolII_ChIP_Yang2019_GSM3314726.fastq.gz
Approx 45% complete for E14_1h_RNApolII_ChIP_Yang2019_GSM3314726_trimV5.fastq.gz
Approx 45% complete for E14_1h_RNApolII_ChIP_Yang2019_GSM3314726.fastq.gz
Approx 50% complete for E14_1h_RNApolII_ChIP_Yang2019_GSM3314726_trimV5.fastq.gz
Approx 50% complete for E14_1h_RNApolII_ChIP_Yang2019_GSM3314726.fastq.gz
Approx 55% complete for E14_1h_RNApolII_ChIP_Yang2019_GSM3314726_trimV5.fastq.gz
Approx 55% complete for E14_1h_RNApolII_ChIP_Yang2019_GSM3314726.fastq.gz
Approx 60% complete for E14_1h_RNApolII_ChIP_Yang2019_GSM3314726_trimV5.fastq.gz
Approx 60% complete for E14_1h_RNApolII_ChIP_Yang2019_GSM3314726.fastq.gz
Approx 65% complete for E14_1h_RNApolII_ChIP_Yang2019_GSM3314726_trimV5.fastq.gz
Approx 65% complete for E14_1h_RNApolII_ChIP_Yang2019_GSM3314726.fastq.gz
Approx 70% complete for E14_1h_RNApolII_ChIP_Yang2019_GSM3314726_trimV5.fastq.gz
Approx 70% complete for E14_1h_RNApolII_ChIP_Yang2019_GSM3314726.fastq.gz
Approx 75% complete for E14_1h_RNApolII_ChIP_Yang2019_GSM3314726_trimV5.fastq.gz
Approx 75% complete for E14_1h_RNApolII_ChIP_Yang2019_GSM3314726.fastq.gz
Approx 80% complete for E14_1h_RNApolII_ChIP_Yang2019_GSM3314726_trimV5.fastq.gz
Approx 80% complete for E14_1h_RNApolII_ChIP_Yang2019_GSM3314726.fastq.gz
Approx 85% complete for E14_1h_RNApolII_ChIP_Yang2019_GSM3314726_trimV5.fastq.gz
Approx 85% complete for E14_1h_RNApolII_ChIP_Yang2019_GSM3314726.fastq.gz
Approx 90% complete for E14_1h_RNApolII_ChIP_Yang2019_GSM3314726_trimV5.fastq.gz
Approx 90% complete for E14_1h_RNApolII_ChIP_Yang2019_GSM3314726.fastq.gz
Approx 95% complete for E14_1h_RNApolII_ChIP_Yang2019_GSM3314726_trimV5.fastq.gz
Approx 95% complete for E14_1h_RNApolII_ChIP_Yang2019_GSM3314726.fastq.gz
Analysis complete for E14_1h_RNApolII_ChIP_Yang2019_GSM3314726_trimV5.fastq.gz
Analysis complete for E14_1h_RNApolII_ChIP_Yang2019_GSM3314726.fastq.gz
[fastQC] finished succesfully at [Wed Jul 3 08:59:01 PM CEST 2024]
[bowtie2 alignment] started with reference /data/reference_genomes/mm10/mm10 at [Wed Jul 3 08:59:01 PM CEST 2024]
[alignment] Bowtie2 alignment finished successfully at [Wed Jul 3 09:25:56 PM CEST 2024]
[sam grooming] started at [Wed Jul 3 09:27:19 PM CEST 2024]
21:27:21.535 INFO  NativeLibraryLoader - Loading libgkl_compression.so from jar:file:/home/robin/bin/miniconda3/share/picard-2.26.2-0/picard.jar!/com/intel/gkl/native/libgkl_compression.so
[Wed Jul 03 21:27:21 CEST 2024] CleanSam --INPUT E14_1h_RNApolII_ChIP_Yang2019_GSM3314726_raw.sam --OUTPUT E14_1h_RNApolII_ChIP_Yang2019_GSM3314726_cleaned.sam --TMP_DIR . --VERBOSITY INFO --QUIET false --VALIDATION_STRINGENCY STRICT --COMPRESSION_LEVEL 5 --MAX_RECORDS_IN_RAM 500000 --CREATE_INDEX false --CREATE_MD5_FILE false --GA4GH_CLIENT_SECRETS client_secrets.json --help false --version false --showHidden false --USE_JDK_DEFLATER false --USE_JDK_INFLATER false
[Wed Jul 03 21:27:21 CEST 2024] Executing as robin@epipax.ijm.univ-paris-diderot.priv on Linux 6.1.0-21-amd64 amd64; OpenJDK 64-Bit Server VM 1.8.0_332-b09; Deflater: Intel; Inflater: Intel; Provider GCS is not available; Picard version: Version:2.26.2
INFO	2024-07-03 21:27:21	CleanSam	Seen many non-increasing record positions. Printing Read-names as well.
INFO	2024-07-03 21:27:27	CleanSam	Processed     1,000,000 records.  Elapsed time: 00:00:05s.  Time for last 1,000,000:    5s.  Last read position: chr13:98,725,479.  Last read name: SRR7624414.30858687
INFO	2024-07-03 21:27:31	CleanSam	Processed     2,000,000 records.  Elapsed time: 00:00:10s.  Time for last 1,000,000:    4s.  Last read position: chr7:86,412,418.  Last read name: SRR7624414.46893830
INFO	2024-07-03 21:27:36	CleanSam	Processed     3,000,000 records.  Elapsed time: 00:00:15s.  Time for last 1,000,000:    4s.  Last read position: chr7:77,641,985.  Last read name: SRR7624414.1958443
INFO	2024-07-03 21:27:41	CleanSam	Processed     4,000,000 records.  Elapsed time: 00:00:20s.  Time for last 1,000,000:    4s.  Last read position: chr18:32,811,603.  Last read name: SRR7624414.23327332
INFO	2024-07-03 21:27:46	CleanSam	Processed     5,000,000 records.  Elapsed time: 00:00:24s.  Time for last 1,000,000:    4s.  Last read position: chr18:35,317,361.  Last read name: SRR7624414.36991780
INFO	2024-07-03 21:27:51	CleanSam	Processed     6,000,000 records.  Elapsed time: 00:00:29s.  Time for last 1,000,000:    4s.  Last read position: chr1:181,835,706.  Last read name: SRR7624414.16656139
INFO	2024-07-03 21:27:56	CleanSam	Processed     7,000,000 records.  Elapsed time: 00:00:34s.  Time for last 1,000,000:    4s.  Last read position: chr3:130,939,615.  Last read name: SRR7624414.40448750
INFO	2024-07-03 21:28:01	CleanSam	Processed     8,000,000 records.  Elapsed time: 00:00:39s.  Time for last 1,000,000:    4s.  Last read position: chr1:29,094,029.  Last read name: SRR7624414.33201301
INFO	2024-07-03 21:28:06	CleanSam	Processed     9,000,000 records.  Elapsed time: 00:00:44s.  Time for last 1,000,000:    4s.  Last read position: chr2:123,864,990.  Last read name: SRR7624414.1291366
INFO	2024-07-03 21:28:11	CleanSam	Processed    10,000,000 records.  Elapsed time: 00:00:49s.  Time for last 1,000,000:    5s.  Last read position: chr5:17,906,129.  Last read name: SRR7624414.21107908
INFO	2024-07-03 21:28:16	CleanSam	Processed    11,000,000 records.  Elapsed time: 00:00:54s.  Time for last 1,000,000:    5s.  Last read position: chr7:131,845,813.  Last read name: SRR7624414.21437024
INFO	2024-07-03 21:28:21	CleanSam	Processed    12,000,000 records.  Elapsed time: 00:00:59s.  Time for last 1,000,000:    4s.  Last read position: chr9:62,106,964.  Last read name: SRR7624414.16002740
INFO	2024-07-03 21:28:26	CleanSam	Processed    13,000,000 records.  Elapsed time: 00:01:04s.  Time for last 1,000,000:    5s.  Last read position: chr6:16,578,326.  Last read name: SRR7624414.26595499
INFO	2024-07-03 21:28:31	CleanSam	Processed    14,000,000 records.  Elapsed time: 00:01:09s.  Time for last 1,000,000:    4s.  Last read position: chrUn_JH584304:92,400.  Last read name: SRR7624414.44586687
INFO	2024-07-03 21:28:36	CleanSam	Processed    15,000,000 records.  Elapsed time: 00:01:15s.  Time for last 1,000,000:    5s.  Last read position: chr16:39,851,279.  Last read name: SRR7624414.27688550
INFO	2024-07-03 21:28:41	CleanSam	Processed    16,000,000 records.  Elapsed time: 00:01:20s.  Time for last 1,000,000:    5s.  Last read position: chr3:70,489,153.  Last read name: SRR7624414.28861233
INFO	2024-07-03 21:28:46	CleanSam	Processed    17,000,000 records.  Elapsed time: 00:01:25s.  Time for last 1,000,000:    5s.  Last read position: chr5:141,170,350.  Last read name: SRR7624414.4635671
INFO	2024-07-03 21:28:51	CleanSam	Processed    18,000,000 records.  Elapsed time: 00:01:30s.  Time for last 1,000,000:    4s.  Last read position: chr14:70,961,645.  Last read name: SRR7624414.36658701
INFO	2024-07-03 21:28:56	CleanSam	Processed    19,000,000 records.  Elapsed time: 00:01:35s.  Time for last 1,000,000:    4s.  Last read position: chr17:24,705,169.  Last read name: SRR7624414.45915434
INFO	2024-07-03 21:29:01	CleanSam	Processed    20,000,000 records.  Elapsed time: 00:01:40s.  Time for last 1,000,000:    5s.  Last read position: chr18:52,759,841.  Last read name: SRR7624414.37007611
INFO	2024-07-03 21:29:06	CleanSam	Processed    21,000,000 records.  Elapsed time: 00:01:44s.  Time for last 1,000,000:    4s.  Last read position: chr1:191,208,453.  Last read name: SRR7624414.27840194
INFO	2024-07-03 21:29:11	CleanSam	Processed    22,000,000 records.  Elapsed time: 00:01:49s.  Time for last 1,000,000:    4s.  Last read position: chr3:67,241,171.  Last read name: SRR7624414.4341000
INFO	2024-07-03 21:29:16	CleanSam	Processed    23,000,000 records.  Elapsed time: 00:01:54s.  Time for last 1,000,000:    4s.  Last read position: chr9:119,649,510.  Last read name: SRR7624414.2257008
INFO	2024-07-03 21:29:21	CleanSam	Processed    24,000,000 records.  Elapsed time: 00:01:59s.  Time for last 1,000,000:    4s.  Last read position: chrY:46,381,491.  Last read name: SRR7624414.44282094
INFO	2024-07-03 21:29:26	CleanSam	Processed    25,000,000 records.  Elapsed time: 00:02:04s.  Time for last 1,000,000:    5s.  Last read position: chr14:39,334,299.  Last read name: SRR7624414.20237771
INFO	2024-07-03 21:29:31	CleanSam	Processed    26,000,000 records.  Elapsed time: 00:02:09s.  Time for last 1,000,000:    4s.  Last read position: chrY:75,380,945.  Last read name: SRR7624414.32494850
INFO	2024-07-03 21:29:36	CleanSam	Processed    27,000,000 records.  Elapsed time: 00:02:14s.  Time for last 1,000,000:    4s.  Last read position: chr17:15,628,500.  Last read name: SRR7624414.34010522
INFO	2024-07-03 21:29:40	CleanSam	Processed    28,000,000 records.  Elapsed time: 00:02:19s.  Time for last 1,000,000:    4s.  Last read position: chr11:33,535,858.  Last read name: SRR7624414.6066564
INFO	2024-07-03 21:29:45	CleanSam	Processed    29,000,000 records.  Elapsed time: 00:02:24s.  Time for last 1,000,000:    4s.  Last read position: chr5:142,312,184.  Last read name: SRR7624414.21210476
INFO	2024-07-03 21:29:50	CleanSam	Processed    30,000,000 records.  Elapsed time: 00:02:29s.  Time for last 1,000,000:    4s.  Last read position: chr1:160,131,075.  Last read name: SRR7624414.39153596
INFO	2024-07-03 21:29:56	CleanSam	Processed    31,000,000 records.  Elapsed time: 00:02:34s.  Time for last 1,000,000:    5s.  Last read position: chr2:73,790,060.  Last read name: SRR7624414.43222591
INFO	2024-07-03 21:30:00	CleanSam	Processed    32,000,000 records.  Elapsed time: 00:02:39s.  Time for last 1,000,000:    4s.  Last read position: chr2:98,666,669.  Last read name: SRR7624414.47673976
INFO	2024-07-03 21:30:06	CleanSam	Processed    33,000,000 records.  Elapsed time: 00:02:44s.  Time for last 1,000,000:    5s.  Last read position: chr15:17,352,898.  Last read name: SRR7624414.39746189
INFO	2024-07-03 21:30:11	CleanSam	Processed    34,000,000 records.  Elapsed time: 00:02:49s.  Time for last 1,000,000:    5s.  Last read position: chr19:15,156,453.  Last read name: SRR7624414.9337573
INFO	2024-07-03 21:30:16	CleanSam	Processed    35,000,000 records.  Elapsed time: 00:02:54s.  Time for last 1,000,000:    4s.  Last read position: chr3:89,887,974.  Last read name: SRR7624414.28876247
INFO	2024-07-03 21:30:21	CleanSam	Processed    36,000,000 records.  Elapsed time: 00:02:59s.  Time for last 1,000,000:    5s.  Last read position: chr14:4,734,635.  Last read name: SRR7624414.19539235
[Wed Jul 03 21:30:32 CEST 2024] picard.sam.CleanSam done. Elapsed time: 3.18 minutes.
Runtime.totalMemory()=892338176
21:30:34.034 INFO  NativeLibraryLoader - Loading libgkl_compression.so from jar:file:/home/robin/bin/miniconda3/share/picard-2.26.2-0/picard.jar!/com/intel/gkl/native/libgkl_compression.so
[Wed Jul 03 21:30:34 CEST 2024] SamFormatConverter --INPUT E14_1h_RNApolII_ChIP_Yang2019_GSM3314726_cleaned.sam --OUTPUT E14_1h_RNApolII_ChIP_Yang2019_GSM3314726_unsorted.bam --TMP_DIR . --VERBOSITY INFO --QUIET false --VALIDATION_STRINGENCY STRICT --COMPRESSION_LEVEL 5 --MAX_RECORDS_IN_RAM 500000 --CREATE_INDEX false --CREATE_MD5_FILE false --GA4GH_CLIENT_SECRETS client_secrets.json --help false --version false --showHidden false --USE_JDK_DEFLATER false --USE_JDK_INFLATER false
[Wed Jul 03 21:30:34 CEST 2024] Executing as robin@epipax.ijm.univ-paris-diderot.priv on Linux 6.1.0-21-amd64 amd64; OpenJDK 64-Bit Server VM 1.8.0_332-b09; Deflater: Intel; Inflater: Intel; Provider GCS is not available; Picard version: Version:2.26.2
INFO	2024-07-03 21:30:35	SamFormatConverter	Seen many non-increasing record positions. Printing Read-names as well.
INFO	2024-07-03 21:30:44	SamFormatConverter	Processed     1,000,000 records.  Elapsed time: 00:00:08s.  Time for last 1,000,000:    8s.  Last read position: chr13:98,725,479.  Last read name: SRR7624414.30858687
INFO	2024-07-03 21:30:52	SamFormatConverter	Processed     2,000,000 records.  Elapsed time: 00:00:16s.  Time for last 1,000,000:    8s.  Last read position: chr7:86,412,418.  Last read name: SRR7624414.46893830
INFO	2024-07-03 21:31:00	SamFormatConverter	Processed     3,000,000 records.  Elapsed time: 00:00:25s.  Time for last 1,000,000:    8s.  Last read position: chr7:77,641,985.  Last read name: SRR7624414.1958443
INFO	2024-07-03 21:31:08	SamFormatConverter	Processed     4,000,000 records.  Elapsed time: 00:00:33s.  Time for last 1,000,000:    8s.  Last read position: chr18:32,811,603.  Last read name: SRR7624414.23327332
INFO	2024-07-03 21:31:18	SamFormatConverter	Processed     5,000,000 records.  Elapsed time: 00:00:43s.  Time for last 1,000,000:    9s.  Last read position: chr18:35,317,361.  Last read name: SRR7624414.36991780
INFO	2024-07-03 21:31:26	SamFormatConverter	Processed     6,000,000 records.  Elapsed time: 00:00:51s.  Time for last 1,000,000:    8s.  Last read position: chr1:181,835,706.  Last read name: SRR7624414.16656139
INFO	2024-07-03 21:31:34	SamFormatConverter	Processed     7,000,000 records.  Elapsed time: 00:00:59s.  Time for last 1,000,000:    8s.  Last read position: chr3:130,939,615.  Last read name: SRR7624414.40448750
INFO	2024-07-03 21:31:43	SamFormatConverter	Processed     8,000,000 records.  Elapsed time: 00:01:08s.  Time for last 1,000,000:    8s.  Last read position: chr1:29,094,029.  Last read name: SRR7624414.33201301
INFO	2024-07-03 21:31:51	SamFormatConverter	Processed     9,000,000 records.  Elapsed time: 00:01:16s.  Time for last 1,000,000:    8s.  Last read position: chr2:123,864,990.  Last read name: SRR7624414.1291366
INFO	2024-07-03 21:31:59	SamFormatConverter	Processed    10,000,000 records.  Elapsed time: 00:01:24s.  Time for last 1,000,000:    8s.  Last read position: chr5:17,906,129.  Last read name: SRR7624414.21107908
INFO	2024-07-03 21:32:08	SamFormatConverter	Processed    11,000,000 records.  Elapsed time: 00:01:33s.  Time for last 1,000,000:    8s.  Last read position: chr7:131,845,813.  Last read name: SRR7624414.21437024
INFO	2024-07-03 21:32:17	SamFormatConverter	Processed    12,000,000 records.  Elapsed time: 00:01:42s.  Time for last 1,000,000:    8s.  Last read position: chr9:62,106,964.  Last read name: SRR7624414.16002740
INFO	2024-07-03 21:32:25	SamFormatConverter	Processed    13,000,000 records.  Elapsed time: 00:01:50s.  Time for last 1,000,000:    8s.  Last read position: chr6:16,578,326.  Last read name: SRR7624414.26595499
INFO	2024-07-03 21:32:33	SamFormatConverter	Processed    14,000,000 records.  Elapsed time: 00:01:58s.  Time for last 1,000,000:    8s.  Last read position: chrUn_JH584304:92,400.  Last read name: SRR7624414.44586687
INFO	2024-07-03 21:32:41	SamFormatConverter	Processed    15,000,000 records.  Elapsed time: 00:02:06s.  Time for last 1,000,000:    8s.  Last read position: chr16:39,851,279.  Last read name: SRR7624414.27688550
INFO	2024-07-03 21:32:50	SamFormatConverter	Processed    16,000,000 records.  Elapsed time: 00:02:15s.  Time for last 1,000,000:    8s.  Last read position: chr3:70,489,153.  Last read name: SRR7624414.28861233
INFO	2024-07-03 21:32:58	SamFormatConverter	Processed    17,000,000 records.  Elapsed time: 00:02:23s.  Time for last 1,000,000:    8s.  Last read position: chr5:141,170,350.  Last read name: SRR7624414.4635671
INFO	2024-07-03 21:33:06	SamFormatConverter	Processed    18,000,000 records.  Elapsed time: 00:02:31s.  Time for last 1,000,000:    8s.  Last read position: chr14:70,961,645.  Last read name: SRR7624414.36658701
INFO	2024-07-03 21:33:14	SamFormatConverter	Processed    19,000,000 records.  Elapsed time: 00:02:39s.  Time for last 1,000,000:    8s.  Last read position: chr17:24,705,169.  Last read name: SRR7624414.45915434
INFO	2024-07-03 21:33:23	SamFormatConverter	Processed    20,000,000 records.  Elapsed time: 00:02:48s.  Time for last 1,000,000:    8s.  Last read position: chr18:52,759,841.  Last read name: SRR7624414.37007611
INFO	2024-07-03 21:33:31	SamFormatConverter	Processed    21,000,000 records.  Elapsed time: 00:02:56s.  Time for last 1,000,000:    8s.  Last read position: chr1:191,208,453.  Last read name: SRR7624414.27840194
INFO	2024-07-03 21:33:39	SamFormatConverter	Processed    22,000,000 records.  Elapsed time: 00:03:04s.  Time for last 1,000,000:    8s.  Last read position: chr3:67,241,171.  Last read name: SRR7624414.4341000
INFO	2024-07-03 21:33:47	SamFormatConverter	Processed    23,000,000 records.  Elapsed time: 00:03:12s.  Time for last 1,000,000:    8s.  Last read position: chr9:119,649,510.  Last read name: SRR7624414.2257008
INFO	2024-07-03 21:33:55	SamFormatConverter	Processed    24,000,000 records.  Elapsed time: 00:03:20s.  Time for last 1,000,000:    8s.  Last read position: chrY:46,381,491.  Last read name: SRR7624414.44282094
INFO	2024-07-03 21:34:04	SamFormatConverter	Processed    25,000,000 records.  Elapsed time: 00:03:28s.  Time for last 1,000,000:    8s.  Last read position: chr14:39,334,299.  Last read name: SRR7624414.20237771
INFO	2024-07-03 21:34:12	SamFormatConverter	Processed    26,000,000 records.  Elapsed time: 00:03:37s.  Time for last 1,000,000:    8s.  Last read position: chrY:75,380,945.  Last read name: SRR7624414.32494850
INFO	2024-07-03 21:34:20	SamFormatConverter	Processed    27,000,000 records.  Elapsed time: 00:03:45s.  Time for last 1,000,000:    8s.  Last read position: chr17:15,628,500.  Last read name: SRR7624414.34010522
INFO	2024-07-03 21:34:28	SamFormatConverter	Processed    28,000,000 records.  Elapsed time: 00:03:53s.  Time for last 1,000,000:    8s.  Last read position: chr11:33,535,858.  Last read name: SRR7624414.6066564
INFO	2024-07-03 21:34:36	SamFormatConverter	Processed    29,000,000 records.  Elapsed time: 00:04:01s.  Time for last 1,000,000:    8s.  Last read position: chr5:142,312,184.  Last read name: SRR7624414.21210476
INFO	2024-07-03 21:34:44	SamFormatConverter	Processed    30,000,000 records.  Elapsed time: 00:04:09s.  Time for last 1,000,000:    8s.  Last read position: chr1:160,131,075.  Last read name: SRR7624414.39153596
INFO	2024-07-03 21:34:53	SamFormatConverter	Processed    31,000,000 records.  Elapsed time: 00:04:18s.  Time for last 1,000,000:    8s.  Last read position: chr2:73,790,060.  Last read name: SRR7624414.43222591
INFO	2024-07-03 21:35:01	SamFormatConverter	Processed    32,000,000 records.  Elapsed time: 00:04:26s.  Time for last 1,000,000:    8s.  Last read position: chr2:98,666,669.  Last read name: SRR7624414.47673976
INFO	2024-07-03 21:35:09	SamFormatConverter	Processed    33,000,000 records.  Elapsed time: 00:04:34s.  Time for last 1,000,000:    8s.  Last read position: chr15:17,352,898.  Last read name: SRR7624414.39746189
INFO	2024-07-03 21:35:18	SamFormatConverter	Processed    34,000,000 records.  Elapsed time: 00:04:42s.  Time for last 1,000,000:    8s.  Last read position: chr19:15,156,453.  Last read name: SRR7624414.9337573
INFO	2024-07-03 21:35:26	SamFormatConverter	Processed    35,000,000 records.  Elapsed time: 00:04:51s.  Time for last 1,000,000:    8s.  Last read position: chr3:89,887,974.  Last read name: SRR7624414.28876247
INFO	2024-07-03 21:35:34	SamFormatConverter	Processed    36,000,000 records.  Elapsed time: 00:04:59s.  Time for last 1,000,000:    8s.  Last read position: chr14:4,734,635.  Last read name: SRR7624414.19539235
[Wed Jul 03 21:35:43 CEST 2024] picard.sam.SamFormatConverter done. Elapsed time: 5.16 minutes.
Runtime.totalMemory()=937426944
21:35:45.623 INFO  NativeLibraryLoader - Loading libgkl_compression.so from jar:file:/home/robin/bin/miniconda3/share/picard-2.26.2-0/picard.jar!/com/intel/gkl/native/libgkl_compression.so
[Wed Jul 03 21:35:45 CEST 2024] SortSam --INPUT E14_1h_RNApolII_ChIP_Yang2019_GSM3314726_unsorted.bam --OUTPUT E14_1h_RNApolII_ChIP_Yang2019_GSM3314726_sorted.bam --SORT_ORDER coordinate --TMP_DIR . --VERBOSITY INFO --QUIET false --VALIDATION_STRINGENCY STRICT --COMPRESSION_LEVEL 5 --MAX_RECORDS_IN_RAM 500000 --CREATE_INDEX false --CREATE_MD5_FILE false --GA4GH_CLIENT_SECRETS client_secrets.json --help false --version false --showHidden false --USE_JDK_DEFLATER false --USE_JDK_INFLATER false
[Wed Jul 03 21:35:45 CEST 2024] Executing as robin@epipax.ijm.univ-paris-diderot.priv on Linux 6.1.0-21-amd64 amd64; OpenJDK 64-Bit Server VM 1.8.0_332-b09; Deflater: Intel; Inflater: Intel; Provider GCS is not available; Picard version: Version:2.26.2
INFO	2024-07-03 21:35:46	SortSam	Seen many non-increasing record positions. Printing Read-names as well.
INFO	2024-07-03 21:36:54	SortSam	Read    10,000,000 records.  Elapsed time: 00:01:08s.  Time for last 10,000,000:   68s.  Last read position: chr5:17,906,129.  Last read name: SRR7624414.21107908
INFO	2024-07-03 21:37:59	SortSam	Read    20,000,000 records.  Elapsed time: 00:02:13s.  Time for last 10,000,000:   64s.  Last read position: chr18:52,759,841.  Last read name: SRR7624414.37007611
INFO	2024-07-03 21:39:03	SortSam	Read    30,000,000 records.  Elapsed time: 00:03:17s.  Time for last 10,000,000:   64s.  Last read position: chr1:160,131,075.  Last read name: SRR7624414.39153596
INFO	2024-07-03 21:39:45	SortSam	Finished reading inputs, merging and writing to output now.
INFO	2024-07-03 21:40:35	SortSam	Wrote    10,000,000 records from a sorting collection.  Elapsed time: 00:04:49s.  Time for last 10,000,000:   49s.  Last read position: chr5:27,497,530
INFO	2024-07-03 21:41:23	SortSam	Wrote    20,000,000 records from a sorting collection.  Elapsed time: 00:05:37s.  Time for last 10,000,000:   48s.  Last read position: chr10:55,723,379
INFO	2024-07-03 21:42:13	SortSam	Wrote    30,000,000 records from a sorting collection.  Elapsed time: 00:06:27s.  Time for last 10,000,000:   49s.  Last read position: chr16:59,256,628
[Wed Jul 03 21:42:46 CEST 2024] picard.sam.SortSam done. Elapsed time: 7.01 minutes.
Runtime.totalMemory()=1711800320
21:42:47.513 INFO  NativeLibraryLoader - Loading libgkl_compression.so from jar:file:/home/robin/bin/miniconda3/share/picard-2.26.2-0/picard.jar!/com/intel/gkl/native/libgkl_compression.so
[Wed Jul 03 21:42:47 CEST 2024] MarkDuplicates --INPUT E14_1h_RNApolII_ChIP_Yang2019_GSM3314726_sorted.bam --OUTPUT E14_1h_RNApolII_ChIP_Yang2019_GSM3314726.bam --METRICS_FILE E14_1h_RNApolII_ChIP_Yang2019_GSM3314726_markDupeMetrics.txt --REMOVE_DUPLICATES false --TMP_DIR . --MAX_SEQUENCES_FOR_DISK_READ_ENDS_MAP 50000 --MAX_FILE_HANDLES_FOR_READ_ENDS_MAP 8000 --SORTING_COLLECTION_SIZE_RATIO 0.25 --TAG_DUPLICATE_SET_MEMBERS false --REMOVE_SEQUENCING_DUPLICATES false --TAGGING_POLICY DontTag --CLEAR_DT true --DUPLEX_UMI false --ADD_PG_TAG_TO_READS true --ASSUME_SORTED false --DUPLICATE_SCORING_STRATEGY SUM_OF_BASE_QUALITIES --PROGRAM_RECORD_ID MarkDuplicates --PROGRAM_GROUP_NAME MarkDuplicates --READ_NAME_REGEX <optimized capture of last three ':' separated fields as numeric values> --OPTICAL_DUPLICATE_PIXEL_DISTANCE 100 --MAX_OPTICAL_DUPLICATE_SET_SIZE 300000 --VERBOSITY INFO --QUIET false --VALIDATION_STRINGENCY STRICT --COMPRESSION_LEVEL 5 --MAX_RECORDS_IN_RAM 500000 --CREATE_INDEX false --CREATE_MD5_FILE false --GA4GH_CLIENT_SECRETS client_secrets.json --help false --version false --showHidden false --USE_JDK_DEFLATER false --USE_JDK_INFLATER false
[Wed Jul 03 21:42:47 CEST 2024] Executing as robin@epipax.ijm.univ-paris-diderot.priv on Linux 6.1.0-21-amd64 amd64; OpenJDK 64-Bit Server VM 1.8.0_332-b09; Deflater: Intel; Inflater: Intel; Provider GCS is not available; Picard version: Version:2.26.2
INFO	2024-07-03 21:42:47	MarkDuplicates	Start of doWork freeMemory: 501502376; totalMemory: 514850816; maxMemory: 1908932608
INFO	2024-07-03 21:42:47	MarkDuplicates	Reading input file and constructing read end information.
INFO	2024-07-03 21:42:47	MarkDuplicates	Will retain up to 6916422 data points before spilling to disk.
WARNING	2024-07-03 21:42:47	AbstractOpticalDuplicateFinderCommandLineProgram	A field field parsed out of a read name was expected to contain an integer and did not. Read name: SRR7624414.27087741. Cause: String 'SRR7624414.27087741' did not start with a parsable number.
INFO	2024-07-03 21:42:51	MarkDuplicates	Read     1,000,000 records.  Elapsed time: 00:00:03s.  Time for last 1,000,000:    3s.  Last read position: chr1:74,854,300
INFO	2024-07-03 21:42:51	MarkDuplicates	Tracking 0 as yet unmatched pairs. 0 records in RAM.
INFO	2024-07-03 21:42:55	MarkDuplicates	Read     2,000,000 records.  Elapsed time: 00:00:07s.  Time for last 1,000,000:    3s.  Last read position: chr1:149,809,210
INFO	2024-07-03 21:42:55	MarkDuplicates	Tracking 0 as yet unmatched pairs. 0 records in RAM.
INFO	2024-07-03 21:42:58	MarkDuplicates	Read     3,000,000 records.  Elapsed time: 00:00:11s.  Time for last 1,000,000:    3s.  Last read position: chr2:28,937,369
INFO	2024-07-03 21:42:58	MarkDuplicates	Tracking 0 as yet unmatched pairs. 0 records in RAM.
INFO	2024-07-03 21:43:02	MarkDuplicates	Read     4,000,000 records.  Elapsed time: 00:00:14s.  Time for last 1,000,000:    3s.  Last read position: chr2:98,662,304
INFO	2024-07-03 21:43:02	MarkDuplicates	Tracking 0 as yet unmatched pairs. 0 records in RAM.
INFO	2024-07-03 21:43:08	MarkDuplicates	Read     5,000,000 records.  Elapsed time: 00:00:20s.  Time for last 1,000,000:    5s.  Last read position: chr2:156,850,134
INFO	2024-07-03 21:43:08	MarkDuplicates	Tracking 0 as yet unmatched pairs. 0 records in RAM.
INFO	2024-07-03 21:43:12	MarkDuplicates	Read     6,000,000 records.  Elapsed time: 00:00:24s.  Time for last 1,000,000:    3s.  Last read position: chr3:51,538,178
INFO	2024-07-03 21:43:12	MarkDuplicates	Tracking 0 as yet unmatched pairs. 0 records in RAM.
INFO	2024-07-03 21:43:18	MarkDuplicates	Read     7,000,000 records.  Elapsed time: 00:00:30s.  Time for last 1,000,000:    6s.  Last read position: chr3:122,626,955
INFO	2024-07-03 21:43:18	MarkDuplicates	Tracking 0 as yet unmatched pairs. 0 records in RAM.
INFO	2024-07-03 21:43:21	MarkDuplicates	Read     8,000,000 records.  Elapsed time: 00:00:34s.  Time for last 1,000,000:    3s.  Last read position: chr4:38,956,023
INFO	2024-07-03 21:43:21	MarkDuplicates	Tracking 0 as yet unmatched pairs. 0 records in RAM.
INFO	2024-07-03 21:43:26	MarkDuplicates	Read     9,000,000 records.  Elapsed time: 00:00:38s.  Time for last 1,000,000:    4s.  Last read position: chr4:116,110,241
INFO	2024-07-03 21:43:26	MarkDuplicates	Tracking 0 as yet unmatched pairs. 0 records in RAM.
INFO	2024-07-03 21:43:30	MarkDuplicates	Read    10,000,000 records.  Elapsed time: 00:00:42s.  Time for last 1,000,000:    3s.  Last read position: chr5:27,497,530
INFO	2024-07-03 21:43:30	MarkDuplicates	Tracking 0 as yet unmatched pairs. 0 records in RAM.
INFO	2024-07-03 21:43:33	MarkDuplicates	Read    11,000,000 records.  Elapsed time: 00:00:45s.  Time for last 1,000,000:    3s.  Last read position: chr5:103,170,867
INFO	2024-07-03 21:43:33	MarkDuplicates	Tracking 0 as yet unmatched pairs. 0 records in RAM.
INFO	2024-07-03 21:43:37	MarkDuplicates	Read    12,000,000 records.  Elapsed time: 00:00:49s.  Time for last 1,000,000:    3s.  Last read position: chr6:24,547,310
INFO	2024-07-03 21:43:37	MarkDuplicates	Tracking 0 as yet unmatched pairs. 0 records in RAM.
INFO	2024-07-03 21:43:44	MarkDuplicates	Read    13,000,000 records.  Elapsed time: 00:00:56s.  Time for last 1,000,000:    7s.  Last read position: chr6:96,224,948
INFO	2024-07-03 21:43:44	MarkDuplicates	Tracking 0 as yet unmatched pairs. 0 records in RAM.
INFO	2024-07-03 21:43:50	MarkDuplicates	Read    14,000,000 records.  Elapsed time: 00:01:02s.  Time for last 1,000,000:    6s.  Last read position: chr7:23,560,674
INFO	2024-07-03 21:43:50	MarkDuplicates	Tracking 0 as yet unmatched pairs. 0 records in RAM.
INFO	2024-07-03 21:43:54	MarkDuplicates	Read    15,000,000 records.  Elapsed time: 00:01:06s.  Time for last 1,000,000:    3s.  Last read position: chr7:100,050,420
INFO	2024-07-03 21:43:54	MarkDuplicates	Tracking 0 as yet unmatched pairs. 0 records in RAM.
INFO	2024-07-03 21:43:57	MarkDuplicates	Read    16,000,000 records.  Elapsed time: 00:01:09s.  Time for last 1,000,000:    3s.  Last read position: chr8:28,196,333
INFO	2024-07-03 21:43:57	MarkDuplicates	Tracking 0 as yet unmatched pairs. 0 records in RAM.
INFO	2024-07-03 21:44:00	MarkDuplicates	Read    17,000,000 records.  Elapsed time: 00:01:12s.  Time for last 1,000,000:    3s.  Last read position: chr8:101,482,741
INFO	2024-07-03 21:44:00	MarkDuplicates	Tracking 0 as yet unmatched pairs. 0 records in RAM.
INFO	2024-07-03 21:44:04	MarkDuplicates	Read    18,000,000 records.  Elapsed time: 00:01:16s.  Time for last 1,000,000:    3s.  Last read position: chr9:36,775,152
INFO	2024-07-03 21:44:04	MarkDuplicates	Tracking 0 as yet unmatched pairs. 0 records in RAM.
INFO	2024-07-03 21:44:09	MarkDuplicates	Read    19,000,000 records.  Elapsed time: 00:01:22s.  Time for last 1,000,000:    5s.  Last read position: chr9:106,347,515
INFO	2024-07-03 21:44:09	MarkDuplicates	Tracking 0 as yet unmatched pairs. 0 records in RAM.
INFO	2024-07-03 21:44:13	MarkDuplicates	Read    20,000,000 records.  Elapsed time: 00:01:25s.  Time for last 1,000,000:    3s.  Last read position: chr10:55,723,379
INFO	2024-07-03 21:44:13	MarkDuplicates	Tracking 0 as yet unmatched pairs. 0 records in RAM.
INFO	2024-07-03 21:44:19	MarkDuplicates	Read    21,000,000 records.  Elapsed time: 00:01:31s.  Time for last 1,000,000:    5s.  Last read position: chr10:127,046,385
INFO	2024-07-03 21:44:19	MarkDuplicates	Tracking 0 as yet unmatched pairs. 0 records in RAM.
INFO	2024-07-03 21:44:22	MarkDuplicates	Read    22,000,000 records.  Elapsed time: 00:01:34s.  Time for last 1,000,000:    3s.  Last read position: chr11:67,844,785
INFO	2024-07-03 21:44:22	MarkDuplicates	Tracking 0 as yet unmatched pairs. 0 records in RAM.
INFO	2024-07-03 21:44:26	MarkDuplicates	Read    23,000,000 records.  Elapsed time: 00:01:38s.  Time for last 1,000,000:    3s.  Last read position: chr12:13,338,671
INFO	2024-07-03 21:44:26	MarkDuplicates	Tracking 0 as yet unmatched pairs. 0 records in RAM.
INFO	2024-07-03 21:44:29	MarkDuplicates	Read    24,000,000 records.  Elapsed time: 00:01:41s.  Time for last 1,000,000:    3s.  Last read position: chr12:90,298,237
INFO	2024-07-03 21:44:29	MarkDuplicates	Tracking 0 as yet unmatched pairs. 0 records in RAM.
INFO	2024-07-03 21:44:32	MarkDuplicates	Read    25,000,000 records.  Elapsed time: 00:01:45s.  Time for last 1,000,000:    3s.  Last read position: chr13:45,721,258
INFO	2024-07-03 21:44:32	MarkDuplicates	Tracking 0 as yet unmatched pairs. 0 records in RAM.
INFO	2024-07-03 21:44:39	MarkDuplicates	Read    26,000,000 records.  Elapsed time: 00:01:51s.  Time for last 1,000,000:    6s.  Last read position: chr13:116,434,848
INFO	2024-07-03 21:44:39	MarkDuplicates	Tracking 0 as yet unmatched pairs. 0 records in RAM.
INFO	2024-07-03 21:44:42	MarkDuplicates	Read    27,000,000 records.  Elapsed time: 00:01:54s.  Time for last 1,000,000:    3s.  Last read position: chr14:61,851,999
INFO	2024-07-03 21:44:42	MarkDuplicates	Tracking 0 as yet unmatched pairs. 0 records in RAM.
INFO	2024-07-03 21:44:48	MarkDuplicates	Read    28,000,000 records.  Elapsed time: 00:02:00s.  Time for last 1,000,000:    5s.  Last read position: chr15:14,181,001
INFO	2024-07-03 21:44:48	MarkDuplicates	Tracking 0 as yet unmatched pairs. 0 records in RAM.
INFO	2024-07-03 21:44:52	MarkDuplicates	Read    29,000,000 records.  Elapsed time: 00:02:04s.  Time for last 1,000,000:    3s.  Last read position: chr15:89,795,373
INFO	2024-07-03 21:44:52	MarkDuplicates	Tracking 0 as yet unmatched pairs. 0 records in RAM.
INFO	2024-07-03 21:44:55	MarkDuplicates	Read    30,000,000 records.  Elapsed time: 00:02:07s.  Time for last 1,000,000:    3s.  Last read position: chr16:59,256,628
INFO	2024-07-03 21:44:55	MarkDuplicates	Tracking 0 as yet unmatched pairs. 0 records in RAM.
INFO	2024-07-03 21:44:59	MarkDuplicates	Read    31,000,000 records.  Elapsed time: 00:02:11s.  Time for last 1,000,000:    3s.  Last read position: chr17:34,121,775
INFO	2024-07-03 21:44:59	MarkDuplicates	Tracking 0 as yet unmatched pairs. 0 records in RAM.
INFO	2024-07-03 21:45:02	MarkDuplicates	Read    32,000,000 records.  Elapsed time: 00:02:14s.  Time for last 1,000,000:    3s.  Last read position: chr18:13,656,752
INFO	2024-07-03 21:45:02	MarkDuplicates	Tracking 0 as yet unmatched pairs. 0 records in RAM.
INFO	2024-07-03 21:45:05	MarkDuplicates	Read    33,000,000 records.  Elapsed time: 00:02:18s.  Time for last 1,000,000:    3s.  Last read position: chr18:88,333,926
INFO	2024-07-03 21:45:05	MarkDuplicates	Tracking 0 as yet unmatched pairs. 0 records in RAM.
INFO	2024-07-03 21:45:12	MarkDuplicates	Read    34,000,000 records.  Elapsed time: 00:02:24s.  Time for last 1,000,000:    6s.  Last read position: chrX:27,631,174
INFO	2024-07-03 21:45:12	MarkDuplicates	Tracking 0 as yet unmatched pairs. 0 records in RAM.
INFO	2024-07-03 21:45:17	MarkDuplicates	Read    35,000,000 records.  Elapsed time: 00:02:29s.  Time for last 1,000,000:    5s.  Last read position: chrX:167,209,710
INFO	2024-07-03 21:45:17	MarkDuplicates	Tracking 0 as yet unmatched pairs. 0 records in RAM.
INFO	2024-07-03 21:45:20	MarkDuplicates	Read 35728673 records. 0 pairs never matched.
INFO	2024-07-03 21:45:20	MarkDuplicates	After buildSortedReadEndLists freeMemory: 1676089032; totalMemory: 1719664640; maxMemory: 1908932608
INFO	2024-07-03 21:45:20	MarkDuplicates	Will retain up to 59654144 duplicate indices before spilling to disk.
INFO	2024-07-03 21:45:20	MarkDuplicates	Traversing read pair information and detecting duplicates.
INFO	2024-07-03 21:45:20	MarkDuplicates	Traversing fragment information and detecting duplicates.
INFO	2024-07-03 21:45:29	MarkDuplicates	Sorting list of duplicate records.
INFO	2024-07-03 21:45:29	MarkDuplicates	After generateDuplicateIndexes freeMemory: 1223414272; totalMemory: 1716518912; maxMemory: 1908932608
INFO	2024-07-03 21:45:29	MarkDuplicates	Marking 624775 records as duplicates.
INFO	2024-07-03 21:45:29	MarkDuplicates	Found 0 optical duplicate clusters.
INFO	2024-07-03 21:45:29	MarkDuplicates	Reads are assumed to be ordered by: coordinate
INFO	2024-07-03 21:46:42	MarkDuplicates	Written    10,000,000 records.  Elapsed time: 00:01:12s.  Time for last 10,000,000:   72s.  Last read position: chr5:27,497,530
INFO	2024-07-03 21:47:53	MarkDuplicates	Written    20,000,000 records.  Elapsed time: 00:02:24s.  Time for last 10,000,000:   71s.  Last read position: chr10:55,723,379
INFO	2024-07-03 21:49:03	MarkDuplicates	Written    30,000,000 records.  Elapsed time: 00:03:33s.  Time for last 10,000,000:   69s.  Last read position: chr16:59,256,628
INFO	2024-07-03 21:49:47	MarkDuplicates	Writing complete. Closing input iterator.
INFO	2024-07-03 21:49:47	MarkDuplicates	Duplicate Index cleanup.
INFO	2024-07-03 21:49:47	MarkDuplicates	Getting Memory Stats.
INFO	2024-07-03 21:49:47	MarkDuplicates	Before output close freeMemory: 1819391392; totalMemory: 1838153728; maxMemory: 1908932608
INFO	2024-07-03 21:49:47	MarkDuplicates	Closed outputs. Getting more Memory Stats.
INFO	2024-07-03 21:49:47	MarkDuplicates	After output close freeMemory: 1819391392; totalMemory: 1838153728; maxMemory: 1908932608
[Wed Jul 03 21:49:47 CEST 2024] picard.sam.markduplicates.MarkDuplicates done. Elapsed time: 7.01 minutes.
Runtime.totalMemory()=1838153728
[sam grooming] finished successfully at [Wed Jul 3 09:49:57 PM CEST 2024]
[trueStats] Collecting alignment statistics for E14_1h_RNApolII_ChIP_Yang2019_GSM3314726.bam at [Wed Jul 3 09:50:47 PM CEST 2024]
[bamToWigCPMsmoothKeepDup] Started with bin size: 1 and smoothing over 0 bp and KEEPING DUPLICATES at [Wed Jul 3 09:54:08 PM CEST 2024]
There are 34075748 alignments, of which 530462 are completely within a blacklist region.
Due to filtering, 88.54718219016983% of the aforementioned alignments will be used 29703405.510633536
[bamToWigCPMsmoothKeepDup] finished successfully at [Wed Jul 3 10:13:17 PM CEST 2024]
[file cleanup] started. Good job! at [Wed Jul 3 10:13:17 PM CEST 2024]
cp: cannot stat '*.pdf': No such file or directory
mv: cannot stat '*.bed': No such file or directory
mv: preserving times for '/data/bigWigs/E14_1h_RNApolII_ChIP_Yang2019_GSM3314726_trimV5_mm10_kpDup_q10_b1_s0_CPM.bw': Operation not permitted
mv: preserving permissions for ‘/data/bigWigs/E14_1h_RNApolII_ChIP_Yang2019_GSM3314726_trimV5_mm10_kpDup_q10_b1_s0_CPM.bw’: Operation not permitted
mv: preserving times for '/data/bams/E14_1h_RNApolII_ChIP_Yang2019_GSM3314726_trimV5_mm10.bam': Operation not permitted
mv: preserving permissions for ‘/data/bams/E14_1h_RNApolII_ChIP_Yang2019_GSM3314726_trimV5_mm10.bam’: Operation not permitted
mv: preserving times for '/data/bams/E14_1h_RNApolII_ChIP_Yang2019_GSM3314726_trimV5_mm10.bam.bai': Operation not permitted
mv: preserving permissions for ‘/data/bams/E14_1h_RNApolII_ChIP_Yang2019_GSM3314726_trimV5_mm10.bam.bai’: Operation not permitted
mv: cannot stat '*.gtf': No such file or directory
