SCRATCH: /scratch
ls: cannot access '/data/fastq/E14_0h_H3K9me2_ChIP_Yang2019_GSM3314733*_R2.fastq.gz': No such file or directory
[masterDownload] Data are single-end. at [Wed Jul 3 06:22:38 PM CEST 2024]
[checkDependencies] Checking Dependencies [Wed Jul 3 06:22:38 PM CEST 2024] at [Wed Jul 3 06:22:38 PM CEST 2024]
[setup checkDependencies] trimmomatic... at [Wed Jul 3 06:22:39 PM CEST 2024]
[setup checkDependencies] STAR... at [Wed Jul 3 06:22:39 PM CEST 2024]
[setup checkDependencies] bismark... at [Wed Jul 3 06:22:39 PM CEST 2024]
[setup checkDependencies] bowtie2... at [Wed Jul 3 06:22:39 PM CEST 2024]
[setup checkDependencies] samtools... at [Wed Jul 3 06:22:39 PM CEST 2024]
[setup checkDependencies] picard... at [Wed Jul 3 06:22:39 PM CEST 2024]
[setup checkDependencies] awk... at [Wed Jul 3 06:22:39 PM CEST 2024]
[setup checkDependencies] bamCoverage... at [Wed Jul 3 06:22:39 PM CEST 2024]
[setup checkDependencies] fastqc... at [Wed Jul 3 06:22:39 PM CEST 2024]
[setup checkDependencies] fastq_screen... at [Wed Jul 3 06:22:39 PM CEST 2024]
[setup checkDependencies] stringtie... at [Wed Jul 3 06:22:39 PM CEST 2024]
[setup checkDependencies] clumpify.sh... at [Wed Jul 3 06:22:39 PM CEST 2024]
PAIRED: false
[setUpLogFile] Script started at [Wed Jul 3 06:22:39 PM CEST 2024] at [Wed Jul 3 06:22:39 PM CEST 2024]
[fastQC] started on raw FASTQs at [Wed Jul 3 06:22:39 PM CEST 2024]
Started analysis of E14_0h_H3K9me2_ChIP_Yang2019_GSM3314733_raw.fastq.gz
Approx 5% complete for E14_0h_H3K9me2_ChIP_Yang2019_GSM3314733_raw.fastq.gz
Approx 10% complete for E14_0h_H3K9me2_ChIP_Yang2019_GSM3314733_raw.fastq.gz
Approx 15% complete for E14_0h_H3K9me2_ChIP_Yang2019_GSM3314733_raw.fastq.gz
Approx 20% complete for E14_0h_H3K9me2_ChIP_Yang2019_GSM3314733_raw.fastq.gz
Approx 25% complete for E14_0h_H3K9me2_ChIP_Yang2019_GSM3314733_raw.fastq.gz
Approx 30% complete for E14_0h_H3K9me2_ChIP_Yang2019_GSM3314733_raw.fastq.gz
Approx 35% complete for E14_0h_H3K9me2_ChIP_Yang2019_GSM3314733_raw.fastq.gz
Approx 40% complete for E14_0h_H3K9me2_ChIP_Yang2019_GSM3314733_raw.fastq.gz
Approx 45% complete for E14_0h_H3K9me2_ChIP_Yang2019_GSM3314733_raw.fastq.gz
Approx 50% complete for E14_0h_H3K9me2_ChIP_Yang2019_GSM3314733_raw.fastq.gz
Approx 55% complete for E14_0h_H3K9me2_ChIP_Yang2019_GSM3314733_raw.fastq.gz
Approx 60% complete for E14_0h_H3K9me2_ChIP_Yang2019_GSM3314733_raw.fastq.gz
Approx 65% complete for E14_0h_H3K9me2_ChIP_Yang2019_GSM3314733_raw.fastq.gz
Approx 70% complete for E14_0h_H3K9me2_ChIP_Yang2019_GSM3314733_raw.fastq.gz
Approx 75% complete for E14_0h_H3K9me2_ChIP_Yang2019_GSM3314733_raw.fastq.gz
Approx 80% complete for E14_0h_H3K9me2_ChIP_Yang2019_GSM3314733_raw.fastq.gz
Approx 85% complete for E14_0h_H3K9me2_ChIP_Yang2019_GSM3314733_raw.fastq.gz
Approx 90% complete for E14_0h_H3K9me2_ChIP_Yang2019_GSM3314733_raw.fastq.gz
Approx 95% complete for E14_0h_H3K9me2_ChIP_Yang2019_GSM3314733_raw.fastq.gz
Analysis complete for E14_0h_H3K9me2_ChIP_Yang2019_GSM3314733_raw.fastq.gz
[fastQC] on raw FASTQs finished succesfully. Will remove PCR duplicates now at [Wed Jul 3 06:26:58 PM CEST 2024]
Reads are length: 52 at [Wed Jul 3 06:26:58 PM CEST 2024]
Reads with same sequence 1 or fewer substitutions will be marked as PCR duplicates at [Wed Jul 3 06:26:58 PM CEST 2024]
Removal of PCR duplicates complete! at [Wed Jul 3 06:59:26 PM CEST 2024]
[trimReads] Started using version trimV5 parameters at [Wed Jul 3 06:59:26 PM CEST 2024]
ILLUMINACLIP:/data/reference_genomes/adapters/adapters.fa:2:30:10 SLIDINGWINDOW:4:20 MINLEN:24
[trimReads] Trimming E14_0h_H3K9me2_ChIP_Yang2019_GSM3314733.fastq.gz... at [Wed Jul 3 06:59:26 PM CEST 2024]
[trimReads] Finished successfully at [Wed Jul 3 07:09:55 PM CEST 2024]
[fastQC] started on E14_0h_H3K9me2_ChIP_Yang2019_GSM3314733.fastq.gz E14_0h_H3K9me2_ChIP_Yang2019_GSM3314733_trimV5.fastq.gz at [Wed Jul 3 07:09:55 PM CEST 2024]
Started analysis of E14_0h_H3K9me2_ChIP_Yang2019_GSM3314733.fastq.gz
Started analysis of E14_0h_H3K9me2_ChIP_Yang2019_GSM3314733_trimV5.fastq.gz
Approx 5% complete for E14_0h_H3K9me2_ChIP_Yang2019_GSM3314733_trimV5.fastq.gz
Approx 5% complete for E14_0h_H3K9me2_ChIP_Yang2019_GSM3314733.fastq.gz
Approx 10% complete for E14_0h_H3K9me2_ChIP_Yang2019_GSM3314733_trimV5.fastq.gz
Approx 10% complete for E14_0h_H3K9me2_ChIP_Yang2019_GSM3314733.fastq.gz
Approx 15% complete for E14_0h_H3K9me2_ChIP_Yang2019_GSM3314733_trimV5.fastq.gz
Approx 15% complete for E14_0h_H3K9me2_ChIP_Yang2019_GSM3314733.fastq.gz
Approx 20% complete for E14_0h_H3K9me2_ChIP_Yang2019_GSM3314733_trimV5.fastq.gz
Approx 20% complete for E14_0h_H3K9me2_ChIP_Yang2019_GSM3314733.fastq.gz
Approx 25% complete for E14_0h_H3K9me2_ChIP_Yang2019_GSM3314733_trimV5.fastq.gz
Approx 25% complete for E14_0h_H3K9me2_ChIP_Yang2019_GSM3314733.fastq.gz
Approx 30% complete for E14_0h_H3K9me2_ChIP_Yang2019_GSM3314733_trimV5.fastq.gz
Approx 30% complete for E14_0h_H3K9me2_ChIP_Yang2019_GSM3314733.fastq.gz
Approx 35% complete for E14_0h_H3K9me2_ChIP_Yang2019_GSM3314733_trimV5.fastq.gz
Approx 35% complete for E14_0h_H3K9me2_ChIP_Yang2019_GSM3314733.fastq.gz
Approx 40% complete for E14_0h_H3K9me2_ChIP_Yang2019_GSM3314733_trimV5.fastq.gz
Approx 40% complete for E14_0h_H3K9me2_ChIP_Yang2019_GSM3314733.fastq.gz
Approx 45% complete for E14_0h_H3K9me2_ChIP_Yang2019_GSM3314733_trimV5.fastq.gz
Approx 45% complete for E14_0h_H3K9me2_ChIP_Yang2019_GSM3314733.fastq.gz
Approx 50% complete for E14_0h_H3K9me2_ChIP_Yang2019_GSM3314733_trimV5.fastq.gz
Approx 50% complete for E14_0h_H3K9me2_ChIP_Yang2019_GSM3314733.fastq.gz
Approx 55% complete for E14_0h_H3K9me2_ChIP_Yang2019_GSM3314733_trimV5.fastq.gz
Approx 55% complete for E14_0h_H3K9me2_ChIP_Yang2019_GSM3314733.fastq.gz
Approx 60% complete for E14_0h_H3K9me2_ChIP_Yang2019_GSM3314733_trimV5.fastq.gz
Approx 60% complete for E14_0h_H3K9me2_ChIP_Yang2019_GSM3314733.fastq.gz
Approx 65% complete for E14_0h_H3K9me2_ChIP_Yang2019_GSM3314733_trimV5.fastq.gz
Approx 65% complete for E14_0h_H3K9me2_ChIP_Yang2019_GSM3314733.fastq.gz
Approx 70% complete for E14_0h_H3K9me2_ChIP_Yang2019_GSM3314733_trimV5.fastq.gz
Approx 70% complete for E14_0h_H3K9me2_ChIP_Yang2019_GSM3314733.fastq.gz
Approx 75% complete for E14_0h_H3K9me2_ChIP_Yang2019_GSM3314733_trimV5.fastq.gz
Approx 75% complete for E14_0h_H3K9me2_ChIP_Yang2019_GSM3314733.fastq.gz
Approx 80% complete for E14_0h_H3K9me2_ChIP_Yang2019_GSM3314733_trimV5.fastq.gz
Approx 80% complete for E14_0h_H3K9me2_ChIP_Yang2019_GSM3314733.fastq.gz
Approx 85% complete for E14_0h_H3K9me2_ChIP_Yang2019_GSM3314733_trimV5.fastq.gz
Approx 85% complete for E14_0h_H3K9me2_ChIP_Yang2019_GSM3314733.fastq.gz
Approx 90% complete for E14_0h_H3K9me2_ChIP_Yang2019_GSM3314733_trimV5.fastq.gz
Approx 90% complete for E14_0h_H3K9me2_ChIP_Yang2019_GSM3314733.fastq.gz
Approx 95% complete for E14_0h_H3K9me2_ChIP_Yang2019_GSM3314733_trimV5.fastq.gz
Approx 95% complete for E14_0h_H3K9me2_ChIP_Yang2019_GSM3314733.fastq.gz
Analysis complete for E14_0h_H3K9me2_ChIP_Yang2019_GSM3314733_trimV5.fastq.gz
Analysis complete for E14_0h_H3K9me2_ChIP_Yang2019_GSM3314733.fastq.gz
[fastQC] finished succesfully at [Wed Jul 3 07:13:32 PM CEST 2024]
[bowtie2 alignment] started with reference /data/reference_genomes/mm10/mm10 at [Wed Jul 3 07:13:32 PM CEST 2024]
[alignment] Bowtie2 alignment finished successfully at [Wed Jul 3 07:45:22 PM CEST 2024]
[sam grooming] started at [Wed Jul 3 07:47:12 PM CEST 2024]
19:47:13.467 INFO  NativeLibraryLoader - Loading libgkl_compression.so from jar:file:/home/robin/bin/miniconda3/share/picard-2.26.2-0/picard.jar!/com/intel/gkl/native/libgkl_compression.so
[Wed Jul 03 19:47:13 CEST 2024] CleanSam --INPUT E14_0h_H3K9me2_ChIP_Yang2019_GSM3314733_raw.sam --OUTPUT E14_0h_H3K9me2_ChIP_Yang2019_GSM3314733_cleaned.sam --TMP_DIR . --VERBOSITY INFO --QUIET false --VALIDATION_STRINGENCY STRICT --COMPRESSION_LEVEL 5 --MAX_RECORDS_IN_RAM 500000 --CREATE_INDEX false --CREATE_MD5_FILE false --GA4GH_CLIENT_SECRETS client_secrets.json --help false --version false --showHidden false --USE_JDK_DEFLATER false --USE_JDK_INFLATER false
[Wed Jul 03 19:47:13 CEST 2024] Executing as robin@epipax.ijm.univ-paris-diderot.priv on Linux 6.1.0-21-amd64 amd64; OpenJDK 64-Bit Server VM 1.8.0_332-b09; Deflater: Intel; Inflater: Intel; Provider GCS is not available; Picard version: Version:2.26.2
INFO	2024-07-03 19:47:13	CleanSam	Seen many non-increasing record positions. Printing Read-names as well.
INFO	2024-07-03 19:47:19	CleanSam	Processed     1,000,000 records.  Elapsed time: 00:00:05s.  Time for last 1,000,000:    5s.  Last read position: chr15:49,572,411.  Last read name: SRR7624421.49203984
INFO	2024-07-03 19:47:24	CleanSam	Processed     2,000,000 records.  Elapsed time: 00:00:10s.  Time for last 1,000,000:    5s.  Last read position: chr8:127,899,230.  Last read name: SRR7624421.35991637
INFO	2024-07-03 19:47:29	CleanSam	Processed     3,000,000 records.  Elapsed time: 00:00:15s.  Time for last 1,000,000:    5s.  Last read position: chr16:53,051,373.  Last read name: SRR7624421.27618449
INFO	2024-07-03 19:47:34	CleanSam	Processed     4,000,000 records.  Elapsed time: 00:00:21s.  Time for last 1,000,000:    5s.  Last read position: chr8:76,942,187.  Last read name: SRR7624421.13778652
INFO	2024-07-03 19:47:39	CleanSam	Processed     5,000,000 records.  Elapsed time: 00:00:26s.  Time for last 1,000,000:    5s.  Last read position: chr12:96,422,258.  Last read name: SRR7624421.39466513
INFO	2024-07-03 19:47:44	CleanSam	Processed     6,000,000 records.  Elapsed time: 00:00:31s.  Time for last 1,000,000:    5s.  Last read position: chr1:73,750,370.  Last read name: SRR7624421.44305388
INFO	2024-07-03 19:47:50	CleanSam	Processed     7,000,000 records.  Elapsed time: 00:00:36s.  Time for last 1,000,000:    5s.  Last read position: chr1:15,501,106.  Last read name: SRR7624421.43886966
INFO	2024-07-03 19:47:55	CleanSam	Processed     8,000,000 records.  Elapsed time: 00:00:41s.  Time for last 1,000,000:    5s.  Last read position: chr5:116,702,237.  Last read name: SRR7624421.11494843
INFO	2024-07-03 19:48:00	CleanSam	Processed     9,000,000 records.  Elapsed time: 00:00:46s.  Time for last 1,000,000:    5s.  Last read position: chr2:6,882,409.  Last read name: SRR7624421.51580061
INFO	2024-07-03 19:48:05	CleanSam	Processed    10,000,000 records.  Elapsed time: 00:00:51s.  Time for last 1,000,000:    5s.  Last read position: chr9:12,552,668.  Last read name: SRR7624421.14175583
INFO	2024-07-03 19:48:10	CleanSam	Processed    11,000,000 records.  Elapsed time: 00:00:57s.  Time for last 1,000,000:    5s.  Last read position: chr15:27,580,251.  Last read name: SRR7624421.5084673
INFO	2024-07-03 19:48:15	CleanSam	Processed    12,000,000 records.  Elapsed time: 00:01:01s.  Time for last 1,000,000:    4s.  Last read position: chr6:81,025,020.  Last read name: SRR7624421.56364278
INFO	2024-07-03 19:48:20	CleanSam	Processed    13,000,000 records.  Elapsed time: 00:01:07s.  Time for last 1,000,000:    5s.  Last read position: chr13:68,390,135.  Last read name: SRR7624421.62136230
INFO	2024-07-03 19:48:25	CleanSam	Processed    14,000,000 records.  Elapsed time: 00:01:12s.  Time for last 1,000,000:    5s.  Last read position: chr9:122,265,719.  Last read name: SRR7624421.36755970
INFO	2024-07-03 19:48:31	CleanSam	Processed    15,000,000 records.  Elapsed time: 00:01:17s.  Time for last 1,000,000:    5s.  Last read position: chr14:92,363,569.  Last read name: SRR7624421.48627136
INFO	2024-07-03 19:48:35	CleanSam	Processed    16,000,000 records.  Elapsed time: 00:01:22s.  Time for last 1,000,000:    4s.  Last read position: chr1:154,019,366.  Last read name: SRR7624421.44856606
INFO	2024-07-03 19:48:40	CleanSam	Processed    17,000,000 records.  Elapsed time: 00:01:27s.  Time for last 1,000,000:    4s.  Last read position: chr19:40,413,391.  Last read name: SRR7624421.51448783
INFO	2024-07-03 19:48:45	CleanSam	Processed    18,000,000 records.  Elapsed time: 00:01:32s.  Time for last 1,000,000:    5s.  Last read position: chr10:61,532,899.  Last read name: SRR7624421.1674848
INFO	2024-07-03 19:48:51	CleanSam	Processed    19,000,000 records.  Elapsed time: 00:01:37s.  Time for last 1,000,000:    5s.  Last read position: chr6:88,284,363.  Last read name: SRR7624421.56395396
INFO	2024-07-03 19:48:56	CleanSam	Processed    20,000,000 records.  Elapsed time: 00:01:42s.  Time for last 1,000,000:    4s.  Last read position: chr19:58,718,746.  Last read name: SRR7624421.51542777
INFO	2024-07-03 19:49:01	CleanSam	Processed    21,000,000 records.  Elapsed time: 00:01:47s.  Time for last 1,000,000:    5s.  Last read position: chr18:21,433,116.  Last read name: SRR7624421.6769691
INFO	2024-07-03 19:49:06	CleanSam	Processed    22,000,000 records.  Elapsed time: 00:01:52s.  Time for last 1,000,000:    5s.  Last read position: chr16:54,976,799.  Last read name: SRR7624421.5827385
INFO	2024-07-03 19:49:11	CleanSam	Processed    23,000,000 records.  Elapsed time: 00:01:57s.  Time for last 1,000,000:    5s.  Last read position: chrX:129,283,654.  Last read name: SRR7624421.37172527
INFO	2024-07-03 19:49:16	CleanSam	Processed    24,000,000 records.  Elapsed time: 00:02:02s.  Time for last 1,000,000:    4s.  Last read position: chr5:53,807,413.  Last read name: SRR7624421.55297778
INFO	2024-07-03 19:49:21	CleanSam	Processed    25,000,000 records.  Elapsed time: 00:02:07s.  Time for last 1,000,000:    5s.  Last read position: chr9:69,197,249.  Last read name: SRR7624421.36445340
INFO	2024-07-03 19:49:26	CleanSam	Processed    26,000,000 records.  Elapsed time: 00:02:12s.  Time for last 1,000,000:    4s.  Last read position: chr18:44,162,356.  Last read name: SRR7624421.50941058
INFO	2024-07-03 19:49:31	CleanSam	Processed    27,000,000 records.  Elapsed time: 00:02:17s.  Time for last 1,000,000:    5s.  Last read position: chr13:69,490,427.  Last read name: SRR7624421.47739919
INFO	2024-07-03 19:49:36	CleanSam	Processed    28,000,000 records.  Elapsed time: 00:02:22s.  Time for last 1,000,000:    4s.  Last read position: chr5:89,647,328.  Last read name: SRR7624421.33252514
INFO	2024-07-03 19:49:41	CleanSam	Processed    29,000,000 records.  Elapsed time: 00:02:27s.  Time for last 1,000,000:    5s.  Last read position: chr18:72,110,919.  Last read name: SRR7624421.51134115
INFO	2024-07-03 19:49:46	CleanSam	Processed    30,000,000 records.  Elapsed time: 00:02:32s.  Time for last 1,000,000:    5s.  Last read position: chr2:98,607,262.  Last read name: SRR7624421.19409751
INFO	2024-07-03 19:49:51	CleanSam	Processed    31,000,000 records.  Elapsed time: 00:02:37s.  Time for last 1,000,000:    5s.  Last read position: chrX:166,120,730.  Last read name: SRR7624421.18850957
INFO	2024-07-03 19:49:56	CleanSam	Processed    32,000,000 records.  Elapsed time: 00:02:42s.  Time for last 1,000,000:    5s.  Last read position: chr17:54,559,105.  Last read name: SRR7624421.50405649
INFO	2024-07-03 19:50:01	CleanSam	Processed    33,000,000 records.  Elapsed time: 00:02:48s.  Time for last 1,000,000:    5s.  Last read position: chr3:4,328,320.  Last read name: SRR7624421.30702505
INFO	2024-07-03 19:50:06	CleanSam	Processed    34,000,000 records.  Elapsed time: 00:02:53s.  Time for last 1,000,000:    5s.  Last read position: chr11:39,218,470.  Last read name: SRR7624421.24118320
INFO	2024-07-03 19:50:12	CleanSam	Processed    35,000,000 records.  Elapsed time: 00:02:58s.  Time for last 1,000,000:    5s.  Last read position: chr2:79,779,916.  Last read name: SRR7624421.29821470
INFO	2024-07-03 19:50:17	CleanSam	Processed    36,000,000 records.  Elapsed time: 00:03:03s.  Time for last 1,000,000:    5s.  Last read position: chr2:100,641,593.  Last read name: SRR7624421.18138378
INFO	2024-07-03 19:50:22	CleanSam	Processed    37,000,000 records.  Elapsed time: 00:03:08s.  Time for last 1,000,000:    4s.  Last read position: chr13:72,312,555.  Last read name: SRR7624421.47763045
INFO	2024-07-03 19:50:27	CleanSam	Processed    38,000,000 records.  Elapsed time: 00:03:13s.  Time for last 1,000,000:    5s.  Last read position: chr8:94,730,985.  Last read name: SRR7624421.58156668
INFO	2024-07-03 19:50:32	CleanSam	Processed    39,000,000 records.  Elapsed time: 00:03:18s.  Time for last 1,000,000:    4s.  Last read position: chr10:44,487,400.  Last read name: SRR7624421.45410593
INFO	2024-07-03 19:50:37	CleanSam	Processed    40,000,000 records.  Elapsed time: 00:03:23s.  Time for last 1,000,000:    4s.  Last read position: chr11:3,192,023.  Last read name: SRR7624421.46004663
INFO	2024-07-03 19:50:42	CleanSam	Processed    41,000,000 records.  Elapsed time: 00:03:28s.  Time for last 1,000,000:    4s.  Last read position: chr15:71,896,419.  Last read name: SRR7624421.5392855
INFO	2024-07-03 19:50:47	CleanSam	Processed    42,000,000 records.  Elapsed time: 00:03:33s.  Time for last 1,000,000:    5s.  Last read position: chr15:34,833,184.  Last read name: SRR7624421.49110508
INFO	2024-07-03 19:50:52	CleanSam	Processed    43,000,000 records.  Elapsed time: 00:03:38s.  Time for last 1,000,000:    5s.  Last read position: chr1:12,912,038.  Last read name: SRR7624421.21793149
INFO	2024-07-03 19:50:57	CleanSam	Processed    44,000,000 records.  Elapsed time: 00:03:43s.  Time for last 1,000,000:    4s.  Last read position: chr14:101,568,306.  Last read name: SRR7624421.26530918
INFO	2024-07-03 19:51:01	CleanSam	Processed    45,000,000 records.  Elapsed time: 00:03:48s.  Time for last 1,000,000:    4s.  Last read position: chr9:49,833,690.  Last read name: SRR7624421.58727676
INFO	2024-07-03 19:51:07	CleanSam	Processed    46,000,000 records.  Elapsed time: 00:03:53s.  Time for last 1,000,000:    5s.  Last read position: chr4:127,845,611.  Last read name: SRR7624421.10716693
INFO	2024-07-03 19:51:12	CleanSam	Processed    47,000,000 records.  Elapsed time: 00:03:58s.  Time for last 1,000,000:    5s.  Last read position: chr16:29,176,552.  Last read name: SRR7624421.49673845
INFO	2024-07-03 19:51:17	CleanSam	Processed    48,000,000 records.  Elapsed time: 00:04:03s.  Time for last 1,000,000:    5s.  Last read position: chr4:155,570,151.  Last read name: SRR7624421.10798386
[Wed Jul 03 19:51:33 CEST 2024] picard.sam.CleanSam done. Elapsed time: 4.33 minutes.
Runtime.totalMemory()=849870848
19:51:35.109 INFO  NativeLibraryLoader - Loading libgkl_compression.so from jar:file:/home/robin/bin/miniconda3/share/picard-2.26.2-0/picard.jar!/com/intel/gkl/native/libgkl_compression.so
[Wed Jul 03 19:51:35 CEST 2024] SamFormatConverter --INPUT E14_0h_H3K9me2_ChIP_Yang2019_GSM3314733_cleaned.sam --OUTPUT E14_0h_H3K9me2_ChIP_Yang2019_GSM3314733_unsorted.bam --TMP_DIR . --VERBOSITY INFO --QUIET false --VALIDATION_STRINGENCY STRICT --COMPRESSION_LEVEL 5 --MAX_RECORDS_IN_RAM 500000 --CREATE_INDEX false --CREATE_MD5_FILE false --GA4GH_CLIENT_SECRETS client_secrets.json --help false --version false --showHidden false --USE_JDK_DEFLATER false --USE_JDK_INFLATER false
[Wed Jul 03 19:51:35 CEST 2024] Executing as robin@epipax.ijm.univ-paris-diderot.priv on Linux 6.1.0-21-amd64 amd64; OpenJDK 64-Bit Server VM 1.8.0_332-b09; Deflater: Intel; Inflater: Intel; Provider GCS is not available; Picard version: Version:2.26.2
INFO	2024-07-03 19:51:36	SamFormatConverter	Seen many non-increasing record positions. Printing Read-names as well.
INFO	2024-07-03 19:51:45	SamFormatConverter	Processed     1,000,000 records.  Elapsed time: 00:00:08s.  Time for last 1,000,000:    8s.  Last read position: chr15:49,572,411.  Last read name: SRR7624421.49203984
INFO	2024-07-03 19:51:53	SamFormatConverter	Processed     2,000,000 records.  Elapsed time: 00:00:16s.  Time for last 1,000,000:    8s.  Last read position: chr8:127,899,230.  Last read name: SRR7624421.35991637
INFO	2024-07-03 19:52:01	SamFormatConverter	Processed     3,000,000 records.  Elapsed time: 00:00:25s.  Time for last 1,000,000:    8s.  Last read position: chr16:53,051,373.  Last read name: SRR7624421.27618449
INFO	2024-07-03 19:52:10	SamFormatConverter	Processed     4,000,000 records.  Elapsed time: 00:00:33s.  Time for last 1,000,000:    8s.  Last read position: chr8:76,942,187.  Last read name: SRR7624421.13778652
INFO	2024-07-03 19:52:18	SamFormatConverter	Processed     5,000,000 records.  Elapsed time: 00:00:42s.  Time for last 1,000,000:    8s.  Last read position: chr12:96,422,258.  Last read name: SRR7624421.39466513
INFO	2024-07-03 19:52:27	SamFormatConverter	Processed     6,000,000 records.  Elapsed time: 00:00:50s.  Time for last 1,000,000:    8s.  Last read position: chr1:73,750,370.  Last read name: SRR7624421.44305388
INFO	2024-07-03 19:52:35	SamFormatConverter	Processed     7,000,000 records.  Elapsed time: 00:00:59s.  Time for last 1,000,000:    8s.  Last read position: chr1:15,501,106.  Last read name: SRR7624421.43886966
INFO	2024-07-03 19:52:44	SamFormatConverter	Processed     8,000,000 records.  Elapsed time: 00:01:08s.  Time for last 1,000,000:    8s.  Last read position: chr5:116,702,237.  Last read name: SRR7624421.11494843
INFO	2024-07-03 19:52:53	SamFormatConverter	Processed     9,000,000 records.  Elapsed time: 00:01:16s.  Time for last 1,000,000:    8s.  Last read position: chr2:6,882,409.  Last read name: SRR7624421.51580061
INFO	2024-07-03 19:53:01	SamFormatConverter	Processed    10,000,000 records.  Elapsed time: 00:01:25s.  Time for last 1,000,000:    8s.  Last read position: chr9:12,552,668.  Last read name: SRR7624421.14175583
INFO	2024-07-03 19:53:10	SamFormatConverter	Processed    11,000,000 records.  Elapsed time: 00:01:33s.  Time for last 1,000,000:    8s.  Last read position: chr15:27,580,251.  Last read name: SRR7624421.5084673
INFO	2024-07-03 19:53:18	SamFormatConverter	Processed    12,000,000 records.  Elapsed time: 00:01:41s.  Time for last 1,000,000:    8s.  Last read position: chr6:81,025,020.  Last read name: SRR7624421.56364278
INFO	2024-07-03 19:53:26	SamFormatConverter	Processed    13,000,000 records.  Elapsed time: 00:01:50s.  Time for last 1,000,000:    8s.  Last read position: chr13:68,390,135.  Last read name: SRR7624421.62136230
INFO	2024-07-03 19:53:34	SamFormatConverter	Processed    14,000,000 records.  Elapsed time: 00:01:58s.  Time for last 1,000,000:    8s.  Last read position: chr9:122,265,719.  Last read name: SRR7624421.36755970
INFO	2024-07-03 19:53:42	SamFormatConverter	Processed    15,000,000 records.  Elapsed time: 00:02:06s.  Time for last 1,000,000:    8s.  Last read position: chr14:92,363,569.  Last read name: SRR7624421.48627136
INFO	2024-07-03 19:53:50	SamFormatConverter	Processed    16,000,000 records.  Elapsed time: 00:02:14s.  Time for last 1,000,000:    8s.  Last read position: chr1:154,019,366.  Last read name: SRR7624421.44856606
INFO	2024-07-03 19:53:59	SamFormatConverter	Processed    17,000,000 records.  Elapsed time: 00:02:22s.  Time for last 1,000,000:    8s.  Last read position: chr19:40,413,391.  Last read name: SRR7624421.51448783
INFO	2024-07-03 19:54:07	SamFormatConverter	Processed    18,000,000 records.  Elapsed time: 00:02:31s.  Time for last 1,000,000:    8s.  Last read position: chr10:61,532,899.  Last read name: SRR7624421.1674848
INFO	2024-07-03 19:54:15	SamFormatConverter	Processed    19,000,000 records.  Elapsed time: 00:02:39s.  Time for last 1,000,000:    8s.  Last read position: chr6:88,284,363.  Last read name: SRR7624421.56395396
INFO	2024-07-03 19:54:23	SamFormatConverter	Processed    20,000,000 records.  Elapsed time: 00:02:47s.  Time for last 1,000,000:    8s.  Last read position: chr19:58,718,746.  Last read name: SRR7624421.51542777
INFO	2024-07-03 19:54:32	SamFormatConverter	Processed    21,000,000 records.  Elapsed time: 00:02:55s.  Time for last 1,000,000:    8s.  Last read position: chr18:21,433,116.  Last read name: SRR7624421.6769691
INFO	2024-07-03 19:54:40	SamFormatConverter	Processed    22,000,000 records.  Elapsed time: 00:03:03s.  Time for last 1,000,000:    8s.  Last read position: chr16:54,976,799.  Last read name: SRR7624421.5827385
INFO	2024-07-03 19:54:48	SamFormatConverter	Processed    23,000,000 records.  Elapsed time: 00:03:11s.  Time for last 1,000,000:    8s.  Last read position: chrX:129,283,654.  Last read name: SRR7624421.37172527
INFO	2024-07-03 19:54:57	SamFormatConverter	Processed    24,000,000 records.  Elapsed time: 00:03:21s.  Time for last 1,000,000:    9s.  Last read position: chr5:53,807,413.  Last read name: SRR7624421.55297778
INFO	2024-07-03 19:55:06	SamFormatConverter	Processed    25,000,000 records.  Elapsed time: 00:03:30s.  Time for last 1,000,000:    9s.  Last read position: chr9:69,197,249.  Last read name: SRR7624421.36445340
INFO	2024-07-03 19:55:15	SamFormatConverter	Processed    26,000,000 records.  Elapsed time: 00:03:39s.  Time for last 1,000,000:    8s.  Last read position: chr18:44,162,356.  Last read name: SRR7624421.50941058
INFO	2024-07-03 19:55:24	SamFormatConverter	Processed    27,000,000 records.  Elapsed time: 00:03:48s.  Time for last 1,000,000:    9s.  Last read position: chr13:69,490,427.  Last read name: SRR7624421.47739919
INFO	2024-07-03 19:55:33	SamFormatConverter	Processed    28,000,000 records.  Elapsed time: 00:03:57s.  Time for last 1,000,000:    8s.  Last read position: chr5:89,647,328.  Last read name: SRR7624421.33252514
INFO	2024-07-03 19:55:42	SamFormatConverter	Processed    29,000,000 records.  Elapsed time: 00:04:05s.  Time for last 1,000,000:    8s.  Last read position: chr18:72,110,919.  Last read name: SRR7624421.51134115
INFO	2024-07-03 19:55:50	SamFormatConverter	Processed    30,000,000 records.  Elapsed time: 00:04:13s.  Time for last 1,000,000:    8s.  Last read position: chr2:98,607,262.  Last read name: SRR7624421.19409751
INFO	2024-07-03 19:55:58	SamFormatConverter	Processed    31,000,000 records.  Elapsed time: 00:04:22s.  Time for last 1,000,000:    8s.  Last read position: chrX:166,120,730.  Last read name: SRR7624421.18850957
INFO	2024-07-03 19:56:07	SamFormatConverter	Processed    32,000,000 records.  Elapsed time: 00:04:30s.  Time for last 1,000,000:    8s.  Last read position: chr17:54,559,105.  Last read name: SRR7624421.50405649
INFO	2024-07-03 19:56:15	SamFormatConverter	Processed    33,000,000 records.  Elapsed time: 00:04:39s.  Time for last 1,000,000:    8s.  Last read position: chr3:4,328,320.  Last read name: SRR7624421.30702505
INFO	2024-07-03 19:56:24	SamFormatConverter	Processed    34,000,000 records.  Elapsed time: 00:04:48s.  Time for last 1,000,000:    9s.  Last read position: chr11:39,218,470.  Last read name: SRR7624421.24118320
INFO	2024-07-03 19:56:33	SamFormatConverter	Processed    35,000,000 records.  Elapsed time: 00:04:56s.  Time for last 1,000,000:    8s.  Last read position: chr2:79,779,916.  Last read name: SRR7624421.29821470
INFO	2024-07-03 19:56:41	SamFormatConverter	Processed    36,000,000 records.  Elapsed time: 00:05:04s.  Time for last 1,000,000:    8s.  Last read position: chr2:100,641,593.  Last read name: SRR7624421.18138378
INFO	2024-07-03 19:56:49	SamFormatConverter	Processed    37,000,000 records.  Elapsed time: 00:05:13s.  Time for last 1,000,000:    8s.  Last read position: chr13:72,312,555.  Last read name: SRR7624421.47763045
INFO	2024-07-03 19:56:57	SamFormatConverter	Processed    38,000,000 records.  Elapsed time: 00:05:21s.  Time for last 1,000,000:    8s.  Last read position: chr8:94,730,985.  Last read name: SRR7624421.58156668
INFO	2024-07-03 19:57:05	SamFormatConverter	Processed    39,000,000 records.  Elapsed time: 00:05:29s.  Time for last 1,000,000:    8s.  Last read position: chr10:44,487,400.  Last read name: SRR7624421.45410593
INFO	2024-07-03 19:57:13	SamFormatConverter	Processed    40,000,000 records.  Elapsed time: 00:05:37s.  Time for last 1,000,000:    8s.  Last read position: chr11:3,192,023.  Last read name: SRR7624421.46004663
INFO	2024-07-03 19:57:21	SamFormatConverter	Processed    41,000,000 records.  Elapsed time: 00:05:45s.  Time for last 1,000,000:    7s.  Last read position: chr15:71,896,419.  Last read name: SRR7624421.5392855
INFO	2024-07-03 19:57:29	SamFormatConverter	Processed    42,000,000 records.  Elapsed time: 00:05:53s.  Time for last 1,000,000:    7s.  Last read position: chr15:34,833,184.  Last read name: SRR7624421.49110508
INFO	2024-07-03 19:57:37	SamFormatConverter	Processed    43,000,000 records.  Elapsed time: 00:06:01s.  Time for last 1,000,000:    8s.  Last read position: chr1:12,912,038.  Last read name: SRR7624421.21793149
INFO	2024-07-03 19:57:46	SamFormatConverter	Processed    44,000,000 records.  Elapsed time: 00:06:09s.  Time for last 1,000,000:    8s.  Last read position: chr14:101,568,306.  Last read name: SRR7624421.26530918
INFO	2024-07-03 19:57:54	SamFormatConverter	Processed    45,000,000 records.  Elapsed time: 00:06:17s.  Time for last 1,000,000:    7s.  Last read position: chr9:49,833,690.  Last read name: SRR7624421.58727676
INFO	2024-07-03 19:58:01	SamFormatConverter	Processed    46,000,000 records.  Elapsed time: 00:06:25s.  Time for last 1,000,000:    7s.  Last read position: chr4:127,845,611.  Last read name: SRR7624421.10716693
INFO	2024-07-03 19:58:09	SamFormatConverter	Processed    47,000,000 records.  Elapsed time: 00:06:33s.  Time for last 1,000,000:    7s.  Last read position: chr16:29,176,552.  Last read name: SRR7624421.49673845
INFO	2024-07-03 19:58:17	SamFormatConverter	Processed    48,000,000 records.  Elapsed time: 00:06:41s.  Time for last 1,000,000:    8s.  Last read position: chr4:155,570,151.  Last read name: SRR7624421.10798386
[Wed Jul 03 19:58:22 CEST 2024] picard.sam.SamFormatConverter done. Elapsed time: 6.78 minutes.
Runtime.totalMemory()=601882624
19:58:24.124 INFO  NativeLibraryLoader - Loading libgkl_compression.so from jar:file:/home/robin/bin/miniconda3/share/picard-2.26.2-0/picard.jar!/com/intel/gkl/native/libgkl_compression.so
[Wed Jul 03 19:58:24 CEST 2024] SortSam --INPUT E14_0h_H3K9me2_ChIP_Yang2019_GSM3314733_unsorted.bam --OUTPUT E14_0h_H3K9me2_ChIP_Yang2019_GSM3314733_sorted.bam --SORT_ORDER coordinate --TMP_DIR . --VERBOSITY INFO --QUIET false --VALIDATION_STRINGENCY STRICT --COMPRESSION_LEVEL 5 --MAX_RECORDS_IN_RAM 500000 --CREATE_INDEX false --CREATE_MD5_FILE false --GA4GH_CLIENT_SECRETS client_secrets.json --help false --version false --showHidden false --USE_JDK_DEFLATER false --USE_JDK_INFLATER false
[Wed Jul 03 19:58:24 CEST 2024] Executing as robin@epipax.ijm.univ-paris-diderot.priv on Linux 6.1.0-21-amd64 amd64; OpenJDK 64-Bit Server VM 1.8.0_332-b09; Deflater: Intel; Inflater: Intel; Provider GCS is not available; Picard version: Version:2.26.2
INFO	2024-07-03 19:58:24	SortSam	Seen many non-increasing record positions. Printing Read-names as well.
INFO	2024-07-03 19:59:25	SortSam	Read    10,000,000 records.  Elapsed time: 00:01:01s.  Time for last 10,000,000:   61s.  Last read position: chr9:12,552,668.  Last read name: SRR7624421.14175583
INFO	2024-07-03 20:00:24	SortSam	Read    20,000,000 records.  Elapsed time: 00:02:00s.  Time for last 10,000,000:   58s.  Last read position: chr19:58,718,746.  Last read name: SRR7624421.51542777
INFO	2024-07-03 20:01:22	SortSam	Read    30,000,000 records.  Elapsed time: 00:02:58s.  Time for last 10,000,000:   57s.  Last read position: chr2:98,607,262.  Last read name: SRR7624421.19409751
INFO	2024-07-03 20:02:20	SortSam	Read    40,000,000 records.  Elapsed time: 00:03:55s.  Time for last 10,000,000:   57s.  Last read position: chr11:3,192,023.  Last read name: SRR7624421.46004663
INFO	2024-07-03 20:03:14	SortSam	Finished reading inputs, merging and writing to output now.
INFO	2024-07-03 20:03:57	SortSam	Wrote    10,000,000 records from a sorting collection.  Elapsed time: 00:05:33s.  Time for last 10,000,000:   42s.  Last read position: chr3:131,742,779
INFO	2024-07-03 20:04:39	SortSam	Wrote    20,000,000 records from a sorting collection.  Elapsed time: 00:06:14s.  Time for last 10,000,000:   41s.  Last read position: chr7:78,312,805
INFO	2024-07-03 20:05:21	SortSam	Wrote    30,000,000 records from a sorting collection.  Elapsed time: 00:06:57s.  Time for last 10,000,000:   42s.  Last read position: chr11:111,194,559
INFO	2024-07-03 20:06:04	SortSam	Wrote    40,000,000 records from a sorting collection.  Elapsed time: 00:07:40s.  Time for last 10,000,000:   43s.  Last read position: chr16:59,738,982
[Wed Jul 03 20:06:45 CEST 2024] picard.sam.SortSam done. Elapsed time: 8.37 minutes.
Runtime.totalMemory()=1740111872
20:06:47.155 INFO  NativeLibraryLoader - Loading libgkl_compression.so from jar:file:/home/robin/bin/miniconda3/share/picard-2.26.2-0/picard.jar!/com/intel/gkl/native/libgkl_compression.so
[Wed Jul 03 20:06:47 CEST 2024] MarkDuplicates --INPUT E14_0h_H3K9me2_ChIP_Yang2019_GSM3314733_sorted.bam --OUTPUT E14_0h_H3K9me2_ChIP_Yang2019_GSM3314733.bam --METRICS_FILE E14_0h_H3K9me2_ChIP_Yang2019_GSM3314733_markDupeMetrics.txt --REMOVE_DUPLICATES false --TMP_DIR . --MAX_SEQUENCES_FOR_DISK_READ_ENDS_MAP 50000 --MAX_FILE_HANDLES_FOR_READ_ENDS_MAP 8000 --SORTING_COLLECTION_SIZE_RATIO 0.25 --TAG_DUPLICATE_SET_MEMBERS false --REMOVE_SEQUENCING_DUPLICATES false --TAGGING_POLICY DontTag --CLEAR_DT true --DUPLEX_UMI false --ADD_PG_TAG_TO_READS true --ASSUME_SORTED false --DUPLICATE_SCORING_STRATEGY SUM_OF_BASE_QUALITIES --PROGRAM_RECORD_ID MarkDuplicates --PROGRAM_GROUP_NAME MarkDuplicates --READ_NAME_REGEX <optimized capture of last three ':' separated fields as numeric values> --OPTICAL_DUPLICATE_PIXEL_DISTANCE 100 --MAX_OPTICAL_DUPLICATE_SET_SIZE 300000 --VERBOSITY INFO --QUIET false --VALIDATION_STRINGENCY STRICT --COMPRESSION_LEVEL 5 --MAX_RECORDS_IN_RAM 500000 --CREATE_INDEX false --CREATE_MD5_FILE false --GA4GH_CLIENT_SECRETS client_secrets.json --help false --version false --showHidden false --USE_JDK_DEFLATER false --USE_JDK_INFLATER false
[Wed Jul 03 20:06:47 CEST 2024] Executing as robin@epipax.ijm.univ-paris-diderot.priv on Linux 6.1.0-21-amd64 amd64; OpenJDK 64-Bit Server VM 1.8.0_332-b09; Deflater: Intel; Inflater: Intel; Provider GCS is not available; Picard version: Version:2.26.2
INFO	2024-07-03 20:06:47	MarkDuplicates	Start of doWork freeMemory: 501502304; totalMemory: 514850816; maxMemory: 1908932608
INFO	2024-07-03 20:06:47	MarkDuplicates	Reading input file and constructing read end information.
INFO	2024-07-03 20:06:47	MarkDuplicates	Will retain up to 6916422 data points before spilling to disk.
WARNING	2024-07-03 20:06:47	AbstractOpticalDuplicateFinderCommandLineProgram	A field field parsed out of a read name was expected to contain an integer and did not. Read name: SRR7624421.38186671. Cause: String 'SRR7624421.38186671' did not start with a parsable number.
INFO	2024-07-03 20:06:52	MarkDuplicates	Read     1,000,000 records.  Elapsed time: 00:00:04s.  Time for last 1,000,000:    4s.  Last read position: chr1:50,411,791
INFO	2024-07-03 20:06:52	MarkDuplicates	Tracking 0 as yet unmatched pairs. 0 records in RAM.
INFO	2024-07-03 20:06:55	MarkDuplicates	Read     2,000,000 records.  Elapsed time: 00:00:08s.  Time for last 1,000,000:    3s.  Last read position: chr1:101,002,514
INFO	2024-07-03 20:06:55	MarkDuplicates	Tracking 0 as yet unmatched pairs. 0 records in RAM.
INFO	2024-07-03 20:06:59	MarkDuplicates	Read     3,000,000 records.  Elapsed time: 00:00:11s.  Time for last 1,000,000:    3s.  Last read position: chr1:148,965,727
INFO	2024-07-03 20:06:59	MarkDuplicates	Tracking 0 as yet unmatched pairs. 0 records in RAM.
INFO	2024-07-03 20:07:05	MarkDuplicates	Read     4,000,000 records.  Elapsed time: 00:00:17s.  Time for last 1,000,000:    6s.  Last read position: chr2:10,417,891
INFO	2024-07-03 20:07:05	MarkDuplicates	Tracking 0 as yet unmatched pairs. 0 records in RAM.
INFO	2024-07-03 20:07:08	MarkDuplicates	Read     5,000,000 records.  Elapsed time: 00:00:20s.  Time for last 1,000,000:    3s.  Last read position: chr2:64,396,066
INFO	2024-07-03 20:07:08	MarkDuplicates	Tracking 0 as yet unmatched pairs. 0 records in RAM.
INFO	2024-07-03 20:07:12	MarkDuplicates	Read     6,000,000 records.  Elapsed time: 00:00:24s.  Time for last 1,000,000:    3s.  Last read position: chr2:100,170,557
INFO	2024-07-03 20:07:12	MarkDuplicates	Tracking 0 as yet unmatched pairs. 0 records in RAM.
INFO	2024-07-03 20:07:18	MarkDuplicates	Read     7,000,000 records.  Elapsed time: 00:00:31s.  Time for last 1,000,000:    6s.  Last read position: chr2:152,884,395
INFO	2024-07-03 20:07:18	MarkDuplicates	Tracking 0 as yet unmatched pairs. 0 records in RAM.
INFO	2024-07-03 20:07:22	MarkDuplicates	Read     8,000,000 records.  Elapsed time: 00:00:34s.  Time for last 1,000,000:    3s.  Last read position: chr3:31,372,850
INFO	2024-07-03 20:07:22	MarkDuplicates	Tracking 0 as yet unmatched pairs. 0 records in RAM.
INFO	2024-07-03 20:07:26	MarkDuplicates	Read     9,000,000 records.  Elapsed time: 00:00:39s.  Time for last 1,000,000:    4s.  Last read position: chr3:77,855,721
INFO	2024-07-03 20:07:26	MarkDuplicates	Tracking 0 as yet unmatched pairs. 0 records in RAM.
INFO	2024-07-03 20:07:30	MarkDuplicates	Read    10,000,000 records.  Elapsed time: 00:00:42s.  Time for last 1,000,000:    3s.  Last read position: chr3:131,742,779
INFO	2024-07-03 20:07:30	MarkDuplicates	Tracking 0 as yet unmatched pairs. 0 records in RAM.
INFO	2024-07-03 20:07:33	MarkDuplicates	Read    11,000,000 records.  Elapsed time: 00:00:46s.  Time for last 1,000,000:    3s.  Last read position: chr4:19,348,397
INFO	2024-07-03 20:07:33	MarkDuplicates	Tracking 0 as yet unmatched pairs. 0 records in RAM.
INFO	2024-07-03 20:07:37	MarkDuplicates	Read    12,000,000 records.  Elapsed time: 00:00:49s.  Time for last 1,000,000:    3s.  Last read position: chr4:69,694,334
INFO	2024-07-03 20:07:37	MarkDuplicates	Tracking 0 as yet unmatched pairs. 0 records in RAM.
INFO	2024-07-03 20:07:43	MarkDuplicates	Read    13,000,000 records.  Elapsed time: 00:00:55s.  Time for last 1,000,000:    6s.  Last read position: chr4:122,627,620
INFO	2024-07-03 20:07:43	MarkDuplicates	Tracking 0 as yet unmatched pairs. 0 records in RAM.
INFO	2024-07-03 20:07:49	MarkDuplicates	Read    14,000,000 records.  Elapsed time: 00:01:02s.  Time for last 1,000,000:    6s.  Last read position: chr5:38,844,474
INFO	2024-07-03 20:07:49	MarkDuplicates	Tracking 0 as yet unmatched pairs. 0 records in RAM.
INFO	2024-07-03 20:07:52	MarkDuplicates	Read    15,000,000 records.  Elapsed time: 00:01:05s.  Time for last 1,000,000:    3s.  Last read position: chr5:85,445,988
INFO	2024-07-03 20:07:52	MarkDuplicates	Tracking 0 as yet unmatched pairs. 0 records in RAM.
INFO	2024-07-03 20:07:56	MarkDuplicates	Read    16,000,000 records.  Elapsed time: 00:01:08s.  Time for last 1,000,000:    3s.  Last read position: chr6:8,134,369
INFO	2024-07-03 20:07:56	MarkDuplicates	Tracking 0 as yet unmatched pairs. 0 records in RAM.
INFO	2024-07-03 20:07:59	MarkDuplicates	Read    17,000,000 records.  Elapsed time: 00:01:11s.  Time for last 1,000,000:    3s.  Last read position: chr6:59,066,997
INFO	2024-07-03 20:07:59	MarkDuplicates	Tracking 0 as yet unmatched pairs. 0 records in RAM.
INFO	2024-07-03 20:08:02	MarkDuplicates	Read    18,000,000 records.  Elapsed time: 00:01:15s.  Time for last 1,000,000:    3s.  Last read position: chr6:110,593,123
INFO	2024-07-03 20:08:02	MarkDuplicates	Tracking 0 as yet unmatched pairs. 0 records in RAM.
INFO	2024-07-03 20:08:08	MarkDuplicates	Read    19,000,000 records.  Elapsed time: 00:01:21s.  Time for last 1,000,000:    6s.  Last read position: chr7:19,443,709
INFO	2024-07-03 20:08:08	MarkDuplicates	Tracking 0 as yet unmatched pairs. 0 records in RAM.
INFO	2024-07-03 20:08:12	MarkDuplicates	Read    20,000,000 records.  Elapsed time: 00:01:25s.  Time for last 1,000,000:    3s.  Last read position: chr7:78,312,805
INFO	2024-07-03 20:08:12	MarkDuplicates	Tracking 0 as yet unmatched pairs. 0 records in RAM.
INFO	2024-07-03 20:08:18	MarkDuplicates	Read    21,000,000 records.  Elapsed time: 00:01:30s.  Time for last 1,000,000:    5s.  Last read position: chr7:137,762,410
INFO	2024-07-03 20:08:18	MarkDuplicates	Tracking 0 as yet unmatched pairs. 0 records in RAM.
INFO	2024-07-03 20:08:21	MarkDuplicates	Read    22,000,000 records.  Elapsed time: 00:01:34s.  Time for last 1,000,000:    3s.  Last read position: chr8:45,712,281
INFO	2024-07-03 20:08:21	MarkDuplicates	Tracking 0 as yet unmatched pairs. 0 records in RAM.
INFO	2024-07-03 20:08:25	MarkDuplicates	Read    23,000,000 records.  Elapsed time: 00:01:37s.  Time for last 1,000,000:    3s.  Last read position: chr8:98,235,088
INFO	2024-07-03 20:08:25	MarkDuplicates	Tracking 0 as yet unmatched pairs. 0 records in RAM.
INFO	2024-07-03 20:08:28	MarkDuplicates	Read    24,000,000 records.  Elapsed time: 00:01:40s.  Time for last 1,000,000:    3s.  Last read position: chr9:17,752,803
INFO	2024-07-03 20:08:28	MarkDuplicates	Tracking 0 as yet unmatched pairs. 0 records in RAM.
INFO	2024-07-03 20:08:32	MarkDuplicates	Read    25,000,000 records.  Elapsed time: 00:01:45s.  Time for last 1,000,000:    4s.  Last read position: chr9:76,791,409
INFO	2024-07-03 20:08:32	MarkDuplicates	Tracking 0 as yet unmatched pairs. 0 records in RAM.
INFO	2024-07-03 20:08:36	MarkDuplicates	Read    26,000,000 records.  Elapsed time: 00:01:48s.  Time for last 1,000,000:    3s.  Last read position: chr10:11,747,809
INFO	2024-07-03 20:08:36	MarkDuplicates	Tracking 0 as yet unmatched pairs. 0 records in RAM.
INFO	2024-07-03 20:08:39	MarkDuplicates	Read    27,000,000 records.  Elapsed time: 00:01:51s.  Time for last 1,000,000:    3s.  Last read position: chr10:61,266,903
INFO	2024-07-03 20:08:39	MarkDuplicates	Tracking 0 as yet unmatched pairs. 0 records in RAM.
INFO	2024-07-03 20:08:44	MarkDuplicates	Read    28,000,000 records.  Elapsed time: 00:01:57s.  Time for last 1,000,000:    5s.  Last read position: chr10:113,872,914
INFO	2024-07-03 20:08:44	MarkDuplicates	Tracking 0 as yet unmatched pairs. 0 records in RAM.
INFO	2024-07-03 20:08:47	MarkDuplicates	Read    29,000,000 records.  Elapsed time: 00:02:00s.  Time for last 1,000,000:    3s.  Last read position: chr11:38,166,802
INFO	2024-07-03 20:08:47	MarkDuplicates	Tracking 0 as yet unmatched pairs. 0 records in RAM.
INFO	2024-07-03 20:08:51	MarkDuplicates	Read    30,000,000 records.  Elapsed time: 00:02:03s.  Time for last 1,000,000:    3s.  Last read position: chr11:111,194,559
INFO	2024-07-03 20:08:51	MarkDuplicates	Tracking 0 as yet unmatched pairs. 0 records in RAM.
INFO	2024-07-03 20:08:54	MarkDuplicates	Read    31,000,000 records.  Elapsed time: 00:02:06s.  Time for last 1,000,000:    3s.  Last read position: chr12:49,803,870
INFO	2024-07-03 20:08:54	MarkDuplicates	Tracking 0 as yet unmatched pairs. 0 records in RAM.
INFO	2024-07-03 20:08:57	MarkDuplicates	Read    32,000,000 records.  Elapsed time: 00:02:10s.  Time for last 1,000,000:    3s.  Last read position: chr12:106,619,282
INFO	2024-07-03 20:08:57	MarkDuplicates	Tracking 0 as yet unmatched pairs. 0 records in RAM.
INFO	2024-07-03 20:09:04	MarkDuplicates	Read    33,000,000 records.  Elapsed time: 00:02:16s.  Time for last 1,000,000:    6s.  Last read position: chr13:39,065,158
INFO	2024-07-03 20:09:04	MarkDuplicates	Tracking 0 as yet unmatched pairs. 0 records in RAM.
INFO	2024-07-03 20:09:08	MarkDuplicates	Read    34,000,000 records.  Elapsed time: 00:02:20s.  Time for last 1,000,000:    3s.  Last read position: chr13:92,076,296
INFO	2024-07-03 20:09:08	MarkDuplicates	Tracking 0 as yet unmatched pairs. 0 records in RAM.
INFO	2024-07-03 20:09:14	MarkDuplicates	Read    35,000,000 records.  Elapsed time: 00:02:26s.  Time for last 1,000,000:    5s.  Last read position: chr14:19,417,224
INFO	2024-07-03 20:09:14	MarkDuplicates	Tracking 0 as yet unmatched pairs. 0 records in RAM.
INFO	2024-07-03 20:09:17	MarkDuplicates	Read    36,000,000 records.  Elapsed time: 00:02:29s.  Time for last 1,000,000:    3s.  Last read position: chr14:71,693,485
INFO	2024-07-03 20:09:17	MarkDuplicates	Tracking 0 as yet unmatched pairs. 0 records in RAM.
INFO	2024-07-03 20:09:20	MarkDuplicates	Read    37,000,000 records.  Elapsed time: 00:02:33s.  Time for last 1,000,000:    3s.  Last read position: chr14:116,131,843
INFO	2024-07-03 20:09:20	MarkDuplicates	Tracking 0 as yet unmatched pairs. 0 records in RAM.
INFO	2024-07-03 20:09:24	MarkDuplicates	Read    38,000,000 records.  Elapsed time: 00:02:36s.  Time for last 1,000,000:    3s.  Last read position: chr15:44,334,272
INFO	2024-07-03 20:09:24	MarkDuplicates	Tracking 0 as yet unmatched pairs. 0 records in RAM.
INFO	2024-07-03 20:09:27	MarkDuplicates	Read    39,000,000 records.  Elapsed time: 00:02:40s.  Time for last 1,000,000:    3s.  Last read position: chr15:98,362,320
INFO	2024-07-03 20:09:27	MarkDuplicates	Tracking 0 as yet unmatched pairs. 0 records in RAM.
INFO	2024-07-03 20:09:31	MarkDuplicates	Read    40,000,000 records.  Elapsed time: 00:02:43s.  Time for last 1,000,000:    3s.  Last read position: chr16:59,738,982
INFO	2024-07-03 20:09:31	MarkDuplicates	Tracking 0 as yet unmatched pairs. 0 records in RAM.
INFO	2024-07-03 20:09:36	MarkDuplicates	Read    41,000,000 records.  Elapsed time: 00:02:48s.  Time for last 1,000,000:    5s.  Last read position: chr17:15,080,218
INFO	2024-07-03 20:09:36	MarkDuplicates	Tracking 0 as yet unmatched pairs. 0 records in RAM.
INFO	2024-07-03 20:09:42	MarkDuplicates	Read    42,000,000 records.  Elapsed time: 00:02:54s.  Time for last 1,000,000:    6s.  Last read position: chr17:73,004,014
INFO	2024-07-03 20:09:42	MarkDuplicates	Tracking 0 as yet unmatched pairs. 0 records in RAM.
INFO	2024-07-03 20:09:45	MarkDuplicates	Read    43,000,000 records.  Elapsed time: 00:02:57s.  Time for last 1,000,000:    3s.  Last read position: chr18:33,171,547
INFO	2024-07-03 20:09:45	MarkDuplicates	Tracking 0 as yet unmatched pairs. 0 records in RAM.
INFO	2024-07-03 20:09:48	MarkDuplicates	Read    44,000,000 records.  Elapsed time: 00:03:01s.  Time for last 1,000,000:    3s.  Last read position: chr18:88,335,513
INFO	2024-07-03 20:09:48	MarkDuplicates	Tracking 0 as yet unmatched pairs. 0 records in RAM.
INFO	2024-07-03 20:09:52	MarkDuplicates	Read    45,000,000 records.  Elapsed time: 00:03:04s.  Time for last 1,000,000:    3s.  Last read position: chrX:8,687,001
INFO	2024-07-03 20:09:52	MarkDuplicates	Tracking 0 as yet unmatched pairs. 0 records in RAM.
INFO	2024-07-03 20:09:55	MarkDuplicates	Read    46,000,000 records.  Elapsed time: 00:03:08s.  Time for last 1,000,000:    3s.  Last read position: chrX:96,956,535
INFO	2024-07-03 20:09:55	MarkDuplicates	Tracking 0 as yet unmatched pairs. 0 records in RAM.
INFO	2024-07-03 20:09:59	MarkDuplicates	Read    47,000,000 records.  Elapsed time: 00:03:11s.  Time for last 1,000,000:    3s.  Last read position: chrY:18,658,591
INFO	2024-07-03 20:09:59	MarkDuplicates	Tracking 0 as yet unmatched pairs. 0 records in RAM.
INFO	2024-07-03 20:10:02	MarkDuplicates	Read 47974527 records. 0 pairs never matched.
INFO	2024-07-03 20:10:04	MarkDuplicates	After buildSortedReadEndLists freeMemory: 1785789248; totalMemory: 1830813696; maxMemory: 1908932608
INFO	2024-07-03 20:10:04	MarkDuplicates	Will retain up to 59654144 duplicate indices before spilling to disk.
INFO	2024-07-03 20:10:04	MarkDuplicates	Traversing read pair information and detecting duplicates.
INFO	2024-07-03 20:10:04	MarkDuplicates	Traversing fragment information and detecting duplicates.
INFO	2024-07-03 20:10:17	MarkDuplicates	Sorting list of duplicate records.
INFO	2024-07-03 20:10:17	MarkDuplicates	After generateDuplicateIndexes freeMemory: 1319612112; totalMemory: 1814036480; maxMemory: 1908932608
INFO	2024-07-03 20:10:17	MarkDuplicates	Marking 893530 records as duplicates.
INFO	2024-07-03 20:10:17	MarkDuplicates	Found 0 optical duplicate clusters.
INFO	2024-07-03 20:10:17	MarkDuplicates	Reads are assumed to be ordered by: coordinate
INFO	2024-07-03 20:11:22	MarkDuplicates	Written    10,000,000 records.  Elapsed time: 00:01:05s.  Time for last 10,000,000:   65s.  Last read position: chr3:131,742,779
INFO	2024-07-03 20:12:28	MarkDuplicates	Written    20,000,000 records.  Elapsed time: 00:02:11s.  Time for last 10,000,000:   65s.  Last read position: chr7:78,312,805
INFO	2024-07-03 20:13:35	MarkDuplicates	Written    30,000,000 records.  Elapsed time: 00:03:17s.  Time for last 10,000,000:   66s.  Last read position: chr11:111,194,559
INFO	2024-07-03 20:14:47	MarkDuplicates	Written    40,000,000 records.  Elapsed time: 00:04:30s.  Time for last 10,000,000:   72s.  Last read position: chr16:59,738,982
INFO	2024-07-03 20:15:51	MarkDuplicates	Writing complete. Closing input iterator.
INFO	2024-07-03 20:15:51	MarkDuplicates	Duplicate Index cleanup.
INFO	2024-07-03 20:15:51	MarkDuplicates	Getting Memory Stats.
INFO	2024-07-03 20:15:51	MarkDuplicates	Before output close freeMemory: 1854682824; totalMemory: 1873281024; maxMemory: 1908932608
INFO	2024-07-03 20:15:51	MarkDuplicates	Closed outputs. Getting more Memory Stats.
INFO	2024-07-03 20:15:51	MarkDuplicates	After output close freeMemory: 1854682824; totalMemory: 1873281024; maxMemory: 1908932608
[Wed Jul 03 20:15:52 CEST 2024] picard.sam.markduplicates.MarkDuplicates done. Elapsed time: 9.08 minutes.
Runtime.totalMemory()=1873281024
[sam grooming] finished successfully at [Wed Jul 3 08:16:09 PM CEST 2024]
[trueStats] Collecting alignment statistics for E14_0h_H3K9me2_ChIP_Yang2019_GSM3314733.bam at [Wed Jul 3 08:17:28 PM CEST 2024]
[bamToWigCPMsmoothKeepDup] Started with bin size: 1 and smoothing over 0 bp and KEEPING DUPLICATES at [Wed Jul 3 08:21:31 PM CEST 2024]
There are 45292627 alignments, of which 740240 are completely within a blacklist region.
Due to filtering, 87.42608058294924% of the aforementioned alignments will be used 38950405.7602474
[bamToWigCPMsmoothKeepDup] finished successfully at [Wed Jul 3 08:41:59 PM CEST 2024]
[file cleanup] started. Good job! at [Wed Jul 3 08:41:59 PM CEST 2024]
cp: cannot stat '*.pdf': No such file or directory
mv: cannot stat '*.bed': No such file or directory
mv: preserving times for '/data/bigWigs/E14_0h_H3K9me2_ChIP_Yang2019_GSM3314733_trimV5_mm10_kpDup_q10_b1_s0_CPM.bw': Operation not permitted
mv: preserving permissions for ‘/data/bigWigs/E14_0h_H3K9me2_ChIP_Yang2019_GSM3314733_trimV5_mm10_kpDup_q10_b1_s0_CPM.bw’: Operation not permitted
mv: preserving times for '/data/bams/E14_0h_H3K9me2_ChIP_Yang2019_GSM3314733_trimV5_mm10.bam': Operation not permitted
mv: preserving permissions for ‘/data/bams/E14_0h_H3K9me2_ChIP_Yang2019_GSM3314733_trimV5_mm10.bam’: Operation not permitted
mv: preserving times for '/data/bams/E14_0h_H3K9me2_ChIP_Yang2019_GSM3314733_trimV5_mm10.bam.bai': Operation not permitted
mv: preserving permissions for ‘/data/bams/E14_0h_H3K9me2_ChIP_Yang2019_GSM3314733_trimV5_mm10.bam.bai’: Operation not permitted
mv: cannot stat '*.gtf': No such file or directory
