SCRATCH: /scratch
ls: cannot access '/data/fastq/E14_1h_H3K27ac_ChIP_Yang2019_GSM3314702*_R2.fastq.gz': No such file or directory
[masterDownload] Data are single-end. at [Wed Jul 3 08:01:37 PM CEST 2024]
[checkDependencies] Checking Dependencies [Wed Jul 3 08:01:37 PM CEST 2024] at [Wed Jul 3 08:01:37 PM CEST 2024]
[setup checkDependencies] trimmomatic... at [Wed Jul 3 08:01:37 PM CEST 2024]
[setup checkDependencies] STAR... at [Wed Jul 3 08:01:37 PM CEST 2024]
[setup checkDependencies] bismark... at [Wed Jul 3 08:01:37 PM CEST 2024]
[setup checkDependencies] bowtie2... at [Wed Jul 3 08:01:37 PM CEST 2024]
[setup checkDependencies] samtools... at [Wed Jul 3 08:01:37 PM CEST 2024]
[setup checkDependencies] picard... at [Wed Jul 3 08:01:37 PM CEST 2024]
[setup checkDependencies] awk... at [Wed Jul 3 08:01:37 PM CEST 2024]
[setup checkDependencies] bamCoverage... at [Wed Jul 3 08:01:37 PM CEST 2024]
[setup checkDependencies] fastqc... at [Wed Jul 3 08:01:37 PM CEST 2024]
[setup checkDependencies] fastq_screen... at [Wed Jul 3 08:01:37 PM CEST 2024]
[setup checkDependencies] stringtie... at [Wed Jul 3 08:01:37 PM CEST 2024]
[setup checkDependencies] clumpify.sh... at [Wed Jul 3 08:01:37 PM CEST 2024]
PAIRED: false
[setUpLogFile] Script started at [Wed Jul 3 08:01:37 PM CEST 2024] at [Wed Jul 3 08:01:37 PM CEST 2024]
[fastQC] started on raw FASTQs at [Wed Jul 3 08:01:37 PM CEST 2024]
Started analysis of E14_1h_H3K27ac_ChIP_Yang2019_GSM3314702_raw.fastq.gz
Approx 5% complete for E14_1h_H3K27ac_ChIP_Yang2019_GSM3314702_raw.fastq.gz
Approx 10% complete for E14_1h_H3K27ac_ChIP_Yang2019_GSM3314702_raw.fastq.gz
Approx 15% complete for E14_1h_H3K27ac_ChIP_Yang2019_GSM3314702_raw.fastq.gz
Approx 20% complete for E14_1h_H3K27ac_ChIP_Yang2019_GSM3314702_raw.fastq.gz
Approx 25% complete for E14_1h_H3K27ac_ChIP_Yang2019_GSM3314702_raw.fastq.gz
Approx 30% complete for E14_1h_H3K27ac_ChIP_Yang2019_GSM3314702_raw.fastq.gz
Approx 35% complete for E14_1h_H3K27ac_ChIP_Yang2019_GSM3314702_raw.fastq.gz
Approx 40% complete for E14_1h_H3K27ac_ChIP_Yang2019_GSM3314702_raw.fastq.gz
Approx 45% complete for E14_1h_H3K27ac_ChIP_Yang2019_GSM3314702_raw.fastq.gz
Approx 50% complete for E14_1h_H3K27ac_ChIP_Yang2019_GSM3314702_raw.fastq.gz
Approx 55% complete for E14_1h_H3K27ac_ChIP_Yang2019_GSM3314702_raw.fastq.gz
Approx 60% complete for E14_1h_H3K27ac_ChIP_Yang2019_GSM3314702_raw.fastq.gz
Approx 65% complete for E14_1h_H3K27ac_ChIP_Yang2019_GSM3314702_raw.fastq.gz
Approx 70% complete for E14_1h_H3K27ac_ChIP_Yang2019_GSM3314702_raw.fastq.gz
Approx 75% complete for E14_1h_H3K27ac_ChIP_Yang2019_GSM3314702_raw.fastq.gz
Approx 80% complete for E14_1h_H3K27ac_ChIP_Yang2019_GSM3314702_raw.fastq.gz
Approx 85% complete for E14_1h_H3K27ac_ChIP_Yang2019_GSM3314702_raw.fastq.gz
Approx 90% complete for E14_1h_H3K27ac_ChIP_Yang2019_GSM3314702_raw.fastq.gz
Approx 95% complete for E14_1h_H3K27ac_ChIP_Yang2019_GSM3314702_raw.fastq.gz
Analysis complete for E14_1h_H3K27ac_ChIP_Yang2019_GSM3314702_raw.fastq.gz
[fastQC] on raw FASTQs finished succesfully. Will remove PCR duplicates now at [Wed Jul 3 08:04:48 PM CEST 2024]
Reads are length: 52 at [Wed Jul 3 08:04:49 PM CEST 2024]
Reads with same sequence 1 or fewer substitutions will be marked as PCR duplicates at [Wed Jul 3 08:04:49 PM CEST 2024]
Removal of PCR duplicates complete! at [Wed Jul 3 08:26:37 PM CEST 2024]
[trimReads] Started using version trimV5 parameters at [Wed Jul 3 08:26:37 PM CEST 2024]
ILLUMINACLIP:/data/reference_genomes/adapters/adapters.fa:2:30:10 SLIDINGWINDOW:4:20 MINLEN:24
[trimReads] Trimming E14_1h_H3K27ac_ChIP_Yang2019_GSM3314702.fastq.gz... at [Wed Jul 3 08:26:37 PM CEST 2024]
[trimReads] Finished successfully at [Wed Jul 3 08:36:23 PM CEST 2024]
[fastQC] started on E14_1h_H3K27ac_ChIP_Yang2019_GSM3314702.fastq.gz E14_1h_H3K27ac_ChIP_Yang2019_GSM3314702_trimV5.fastq.gz at [Wed Jul 3 08:36:23 PM CEST 2024]
Started analysis of E14_1h_H3K27ac_ChIP_Yang2019_GSM3314702.fastq.gz
Started analysis of E14_1h_H3K27ac_ChIP_Yang2019_GSM3314702_trimV5.fastq.gz
Approx 5% complete for E14_1h_H3K27ac_ChIP_Yang2019_GSM3314702.fastq.gz
Approx 5% complete for E14_1h_H3K27ac_ChIP_Yang2019_GSM3314702_trimV5.fastq.gz
Approx 10% complete for E14_1h_H3K27ac_ChIP_Yang2019_GSM3314702_trimV5.fastq.gz
Approx 10% complete for E14_1h_H3K27ac_ChIP_Yang2019_GSM3314702.fastq.gz
Approx 15% complete for E14_1h_H3K27ac_ChIP_Yang2019_GSM3314702.fastq.gz
Approx 15% complete for E14_1h_H3K27ac_ChIP_Yang2019_GSM3314702_trimV5.fastq.gz
Approx 20% complete for E14_1h_H3K27ac_ChIP_Yang2019_GSM3314702.fastq.gz
Approx 20% complete for E14_1h_H3K27ac_ChIP_Yang2019_GSM3314702_trimV5.fastq.gz
Approx 25% complete for E14_1h_H3K27ac_ChIP_Yang2019_GSM3314702_trimV5.fastq.gz
Approx 25% complete for E14_1h_H3K27ac_ChIP_Yang2019_GSM3314702.fastq.gz
Approx 30% complete for E14_1h_H3K27ac_ChIP_Yang2019_GSM3314702.fastq.gz
Approx 30% complete for E14_1h_H3K27ac_ChIP_Yang2019_GSM3314702_trimV5.fastq.gz
Approx 35% complete for E14_1h_H3K27ac_ChIP_Yang2019_GSM3314702.fastq.gz
Approx 35% complete for E14_1h_H3K27ac_ChIP_Yang2019_GSM3314702_trimV5.fastq.gz
Approx 40% complete for E14_1h_H3K27ac_ChIP_Yang2019_GSM3314702.fastq.gz
Approx 40% complete for E14_1h_H3K27ac_ChIP_Yang2019_GSM3314702_trimV5.fastq.gz
Approx 45% complete for E14_1h_H3K27ac_ChIP_Yang2019_GSM3314702.fastq.gz
Approx 45% complete for E14_1h_H3K27ac_ChIP_Yang2019_GSM3314702_trimV5.fastq.gz
Approx 50% complete for E14_1h_H3K27ac_ChIP_Yang2019_GSM3314702.fastq.gz
Approx 50% complete for E14_1h_H3K27ac_ChIP_Yang2019_GSM3314702_trimV5.fastq.gz
Approx 55% complete for E14_1h_H3K27ac_ChIP_Yang2019_GSM3314702.fastq.gz
Approx 55% complete for E14_1h_H3K27ac_ChIP_Yang2019_GSM3314702_trimV5.fastq.gz
Approx 60% complete for E14_1h_H3K27ac_ChIP_Yang2019_GSM3314702.fastq.gz
Approx 60% complete for E14_1h_H3K27ac_ChIP_Yang2019_GSM3314702_trimV5.fastq.gz
Approx 65% complete for E14_1h_H3K27ac_ChIP_Yang2019_GSM3314702_trimV5.fastq.gz
Approx 65% complete for E14_1h_H3K27ac_ChIP_Yang2019_GSM3314702.fastq.gz
Approx 70% complete for E14_1h_H3K27ac_ChIP_Yang2019_GSM3314702_trimV5.fastq.gz
Approx 70% complete for E14_1h_H3K27ac_ChIP_Yang2019_GSM3314702.fastq.gz
Approx 75% complete for E14_1h_H3K27ac_ChIP_Yang2019_GSM3314702.fastq.gz
Approx 75% complete for E14_1h_H3K27ac_ChIP_Yang2019_GSM3314702_trimV5.fastq.gz
Approx 80% complete for E14_1h_H3K27ac_ChIP_Yang2019_GSM3314702.fastq.gz
Approx 80% complete for E14_1h_H3K27ac_ChIP_Yang2019_GSM3314702_trimV5.fastq.gz
Approx 85% complete for E14_1h_H3K27ac_ChIP_Yang2019_GSM3314702.fastq.gz
Approx 85% complete for E14_1h_H3K27ac_ChIP_Yang2019_GSM3314702_trimV5.fastq.gz
Approx 90% complete for E14_1h_H3K27ac_ChIP_Yang2019_GSM3314702.fastq.gz
Approx 90% complete for E14_1h_H3K27ac_ChIP_Yang2019_GSM3314702_trimV5.fastq.gz
Approx 95% complete for E14_1h_H3K27ac_ChIP_Yang2019_GSM3314702.fastq.gz
Approx 95% complete for E14_1h_H3K27ac_ChIP_Yang2019_GSM3314702_trimV5.fastq.gz
Analysis complete for E14_1h_H3K27ac_ChIP_Yang2019_GSM3314702.fastq.gz
Analysis complete for E14_1h_H3K27ac_ChIP_Yang2019_GSM3314702_trimV5.fastq.gz
[fastQC] finished succesfully at [Wed Jul 3 08:39:13 PM CEST 2024]
[bowtie2 alignment] started with reference /data/reference_genomes/mm10/mm10 at [Wed Jul 3 08:39:13 PM CEST 2024]
[alignment] Bowtie2 alignment finished successfully at [Wed Jul 3 09:06:41 PM CEST 2024]
[sam grooming] started at [Wed Jul 3 09:08:39 PM CEST 2024]
21:08:40.183 INFO  NativeLibraryLoader - Loading libgkl_compression.so from jar:file:/home/robin/bin/miniconda3/share/picard-2.26.2-0/picard.jar!/com/intel/gkl/native/libgkl_compression.so
[Wed Jul 03 21:08:40 CEST 2024] CleanSam --INPUT E14_1h_H3K27ac_ChIP_Yang2019_GSM3314702_raw.sam --OUTPUT E14_1h_H3K27ac_ChIP_Yang2019_GSM3314702_cleaned.sam --TMP_DIR . --VERBOSITY INFO --QUIET false --VALIDATION_STRINGENCY STRICT --COMPRESSION_LEVEL 5 --MAX_RECORDS_IN_RAM 500000 --CREATE_INDEX false --CREATE_MD5_FILE false --GA4GH_CLIENT_SECRETS client_secrets.json --help false --version false --showHidden false --USE_JDK_DEFLATER false --USE_JDK_INFLATER false
[Wed Jul 03 21:08:40 CEST 2024] Executing as robin@epipax.ijm.univ-paris-diderot.priv on Linux 6.1.0-21-amd64 amd64; OpenJDK 64-Bit Server VM 1.8.0_332-b09; Deflater: Intel; Inflater: Intel; Provider GCS is not available; Picard version: Version:2.26.2
INFO	2024-07-03 21:08:40	CleanSam	Seen many non-increasing record positions. Printing Read-names as well.
INFO	2024-07-03 21:08:47	CleanSam	Processed     1,000,000 records.  Elapsed time: 00:00:07s.  Time for last 1,000,000:    7s.  Last read position: chr11:30,833,909.  Last read name: SRR7624390.8846568
INFO	2024-07-03 21:08:53	CleanSam	Processed     2,000,000 records.  Elapsed time: 00:00:13s.  Time for last 1,000,000:    6s.  Last read position: chr15:36,173,587.  Last read name: SRR7624390.28754847
INFO	2024-07-03 21:09:00	CleanSam	Processed     3,000,000 records.  Elapsed time: 00:00:19s.  Time for last 1,000,000:    6s.  Last read position: chr1:8,939,663.  Last read name: SRR7624390.2944319
INFO	2024-07-03 21:09:06	CleanSam	Processed     4,000,000 records.  Elapsed time: 00:00:25s.  Time for last 1,000,000:    6s.  Last read position: chr17:26,512,460.  Last read name: SRR7624390.6716567
INFO	2024-07-03 21:09:11	CleanSam	Processed     5,000,000 records.  Elapsed time: 00:00:31s.  Time for last 1,000,000:    5s.  Last read position: chr12:14,522,872.  Last read name: SRR7624390.42649088
INFO	2024-07-03 21:09:17	CleanSam	Processed     6,000,000 records.  Elapsed time: 00:00:37s.  Time for last 1,000,000:    6s.  Last read position: chr4:147,175,255.  Last read name: SRR7624390.33127995
INFO	2024-07-03 21:09:24	CleanSam	Processed     7,000,000 records.  Elapsed time: 00:00:44s.  Time for last 1,000,000:    6s.  Last read position: chr17:23,839,139.  Last read name: SRR7624390.34531129
INFO	2024-07-03 21:09:30	CleanSam	Processed     8,000,000 records.  Elapsed time: 00:00:50s.  Time for last 1,000,000:    5s.  Last read position: chr17:90,521,165.  Last read name: SRR7624390.43211634
INFO	2024-07-03 21:09:36	CleanSam	Processed     9,000,000 records.  Elapsed time: 00:00:55s.  Time for last 1,000,000:    5s.  Last read position: chr17:55,217,454.  Last read name: SRR7624390.34569441
INFO	2024-07-03 21:09:42	CleanSam	Processed    10,000,000 records.  Elapsed time: 00:01:01s.  Time for last 1,000,000:    5s.  Last read position: chr5:113,975,175.  Last read name: SRR7624390.29662203
INFO	2024-07-03 21:09:48	CleanSam	Processed    11,000,000 records.  Elapsed time: 00:01:08s.  Time for last 1,000,000:    6s.  Last read position: chr5:112,277,579.  Last read name: SRR7624390.10226181
INFO	2024-07-03 21:09:54	CleanSam	Processed    12,000,000 records.  Elapsed time: 00:01:14s.  Time for last 1,000,000:    6s.  Last read position: chr10:4,132,481.  Last read name: SRR7624390.14514323
INFO	2024-07-03 21:10:00	CleanSam	Processed    13,000,000 records.  Elapsed time: 00:01:20s.  Time for last 1,000,000:    5s.  Last read position: chr6:84,105,996.  Last read name: SRR7624390.35397602
INFO	2024-07-03 21:10:07	CleanSam	Processed    14,000,000 records.  Elapsed time: 00:01:26s.  Time for last 1,000,000:    6s.  Last read position: chr4:69,820,183.  Last read name: SRR7624390.37942168
INFO	2024-07-03 21:10:13	CleanSam	Processed    15,000,000 records.  Elapsed time: 00:01:33s.  Time for last 1,000,000:    6s.  Last read position: chr6:100,391,324.  Last read name: SRR7624390.44047257
INFO	2024-07-03 21:10:19	CleanSam	Processed    16,000,000 records.  Elapsed time: 00:01:39s.  Time for last 1,000,000:    6s.  Last read position: chr10:43,032,550.  Last read name: SRR7624390.224709
INFO	2024-07-03 21:10:25	CleanSam	Processed    17,000,000 records.  Elapsed time: 00:01:45s.  Time for last 1,000,000:    5s.  Last read position: chr9:105,885,355.  Last read name: SRR7624390.7928682
INFO	2024-07-03 21:10:31	CleanSam	Processed    18,000,000 records.  Elapsed time: 00:01:51s.  Time for last 1,000,000:    6s.  Last read position: chr8:78,997,948.  Last read name: SRR7624390.7786525
INFO	2024-07-03 21:10:37	CleanSam	Processed    19,000,000 records.  Elapsed time: 00:01:57s.  Time for last 1,000,000:    5s.  Last read position: */*.  Last read name: SRR7624390.28669642
INFO	2024-07-03 21:10:44	CleanSam	Processed    20,000,000 records.  Elapsed time: 00:02:03s.  Time for last 1,000,000:    6s.  Last read position: chr8:102,664,332.  Last read name: SRR7624390.2255195
INFO	2024-07-03 21:10:50	CleanSam	Processed    21,000,000 records.  Elapsed time: 00:02:09s.  Time for last 1,000,000:    6s.  Last read position: chr2:74,286,796.  Last read name: SRR7624390.37637686
INFO	2024-07-03 21:10:55	CleanSam	Processed    22,000,000 records.  Elapsed time: 00:02:15s.  Time for last 1,000,000:    5s.  Last read position: chr10:115,385,058.  Last read name: SRR7624390.36693940
INFO	2024-07-03 21:11:01	CleanSam	Processed    23,000,000 records.  Elapsed time: 00:02:21s.  Time for last 1,000,000:    6s.  Last read position: chr7:75,052,064.  Last read name: SRR7624390.44153642
INFO	2024-07-03 21:11:08	CleanSam	Processed    24,000,000 records.  Elapsed time: 00:02:27s.  Time for last 1,000,000:    6s.  Last read position: chr2:147,014,600.  Last read name: SRR7624390.18638096
INFO	2024-07-03 21:11:15	CleanSam	Processed    25,000,000 records.  Elapsed time: 00:02:35s.  Time for last 1,000,000:    7s.  Last read position: chr19:6,229,967.  Last read name: SRR7624390.15469001
INFO	2024-07-03 21:11:21	CleanSam	Processed    26,000,000 records.  Elapsed time: 00:02:41s.  Time for last 1,000,000:    6s.  Last read position: chr10:62,212,640.  Last read name: SRR7624390.241339
INFO	2024-07-03 21:11:27	CleanSam	Processed    27,000,000 records.  Elapsed time: 00:02:46s.  Time for last 1,000,000:    5s.  Last read position: chr3:58,210,412.  Last read name: SRR7624390.24049272
INFO	2024-07-03 21:11:32	CleanSam	Processed    28,000,000 records.  Elapsed time: 00:02:52s.  Time for last 1,000,000:    5s.  Last read position: chr2:155,271,779.  Last read name: SRR7624390.38981903
INFO	2024-07-03 21:11:38	CleanSam	Processed    29,000,000 records.  Elapsed time: 00:02:58s.  Time for last 1,000,000:    5s.  Last read position: chr11:103,114,965.  Last read name: SRR7624390.17727284
INFO	2024-07-03 21:11:44	CleanSam	Processed    30,000,000 records.  Elapsed time: 00:03:04s.  Time for last 1,000,000:    6s.  Last read position: chr18:22,418,529.  Last read name: SRR7624390.18358093
INFO	2024-07-03 21:11:52	CleanSam	Processed    31,000,000 records.  Elapsed time: 00:03:11s.  Time for last 1,000,000:    7s.  Last read position: chrY:79,911,754.  Last read name: SRR7624390.30319046
INFO	2024-07-03 21:11:58	CleanSam	Processed    32,000,000 records.  Elapsed time: 00:03:18s.  Time for last 1,000,000:    6s.  Last read position: chr12:63,010,554.  Last read name: SRR7624390.42680472
INFO	2024-07-03 21:12:04	CleanSam	Processed    33,000,000 records.  Elapsed time: 00:03:24s.  Time for last 1,000,000:    6s.  Last read position: chr8:86,886,059.  Last read name: SRR7624390.44297678
INFO	2024-07-03 21:12:10	CleanSam	Processed    34,000,000 records.  Elapsed time: 00:03:30s.  Time for last 1,000,000:    6s.  Last read position: chr10:36,891,221.  Last read name: SRR7624390.39484059
INFO	2024-07-03 21:12:17	CleanSam	Processed    35,000,000 records.  Elapsed time: 00:03:37s.  Time for last 1,000,000:    6s.  Last read position: chr9:96,035,607.  Last read name: SRR7624390.10740927
INFO	2024-07-03 21:12:23	CleanSam	Processed    36,000,000 records.  Elapsed time: 00:03:43s.  Time for last 1,000,000:    6s.  Last read position: chr14:94,340,862.  Last read name: SRR7624390.761728
INFO	2024-07-03 21:12:29	CleanSam	Processed    37,000,000 records.  Elapsed time: 00:03:49s.  Time for last 1,000,000:    6s.  Last read position: chr1:64,952,212.  Last read name: SRR7624390.25411586
INFO	2024-07-03 21:12:36	CleanSam	Processed    38,000,000 records.  Elapsed time: 00:03:56s.  Time for last 1,000,000:    6s.  Last read position: chr16:67,080,049.  Last read name: SRR7624390.40188396
INFO	2024-07-03 21:12:42	CleanSam	Processed    39,000,000 records.  Elapsed time: 00:04:01s.  Time for last 1,000,000:    5s.  Last read position: chr13:86,996,631.  Last read name: SRR7624390.17924380
INFO	2024-07-03 21:12:48	CleanSam	Processed    40,000,000 records.  Elapsed time: 00:04:07s.  Time for last 1,000,000:    6s.  Last read position: chr6:53,803,471.  Last read name: SRR7624390.13234581
[Wed Jul 03 21:13:00 CEST 2024] picard.sam.CleanSam done. Elapsed time: 4.34 minutes.
Runtime.totalMemory()=852492288
21:13:03.373 INFO  NativeLibraryLoader - Loading libgkl_compression.so from jar:file:/home/robin/bin/miniconda3/share/picard-2.26.2-0/picard.jar!/com/intel/gkl/native/libgkl_compression.so
[Wed Jul 03 21:13:03 CEST 2024] SamFormatConverter --INPUT E14_1h_H3K27ac_ChIP_Yang2019_GSM3314702_cleaned.sam --OUTPUT E14_1h_H3K27ac_ChIP_Yang2019_GSM3314702_unsorted.bam --TMP_DIR . --VERBOSITY INFO --QUIET false --VALIDATION_STRINGENCY STRICT --COMPRESSION_LEVEL 5 --MAX_RECORDS_IN_RAM 500000 --CREATE_INDEX false --CREATE_MD5_FILE false --GA4GH_CLIENT_SECRETS client_secrets.json --help false --version false --showHidden false --USE_JDK_DEFLATER false --USE_JDK_INFLATER false
[Wed Jul 03 21:13:03 CEST 2024] Executing as robin@epipax.ijm.univ-paris-diderot.priv on Linux 6.1.0-21-amd64 amd64; OpenJDK 64-Bit Server VM 1.8.0_332-b09; Deflater: Intel; Inflater: Intel; Provider GCS is not available; Picard version: Version:2.26.2
INFO	2024-07-03 21:13:04	SamFormatConverter	Seen many non-increasing record positions. Printing Read-names as well.
INFO	2024-07-03 21:13:14	SamFormatConverter	Processed     1,000,000 records.  Elapsed time: 00:00:09s.  Time for last 1,000,000:    9s.  Last read position: chr11:30,833,909.  Last read name: SRR7624390.8846568
INFO	2024-07-03 21:13:24	SamFormatConverter	Processed     2,000,000 records.  Elapsed time: 00:00:19s.  Time for last 1,000,000:    9s.  Last read position: chr15:36,173,587.  Last read name: SRR7624390.28754847
INFO	2024-07-03 21:13:33	SamFormatConverter	Processed     3,000,000 records.  Elapsed time: 00:00:28s.  Time for last 1,000,000:    9s.  Last read position: chr1:8,939,663.  Last read name: SRR7624390.2944319
INFO	2024-07-03 21:13:42	SamFormatConverter	Processed     4,000,000 records.  Elapsed time: 00:00:38s.  Time for last 1,000,000:    9s.  Last read position: chr17:26,512,460.  Last read name: SRR7624390.6716567
INFO	2024-07-03 21:13:51	SamFormatConverter	Processed     5,000,000 records.  Elapsed time: 00:00:47s.  Time for last 1,000,000:    8s.  Last read position: chr12:14,522,872.  Last read name: SRR7624390.42649088
INFO	2024-07-03 21:14:01	SamFormatConverter	Processed     6,000,000 records.  Elapsed time: 00:00:56s.  Time for last 1,000,000:    9s.  Last read position: chr4:147,175,255.  Last read name: SRR7624390.33127995
INFO	2024-07-03 21:14:10	SamFormatConverter	Processed     7,000,000 records.  Elapsed time: 00:01:06s.  Time for last 1,000,000:    9s.  Last read position: chr17:23,839,139.  Last read name: SRR7624390.34531129
INFO	2024-07-03 21:14:19	SamFormatConverter	Processed     8,000,000 records.  Elapsed time: 00:01:15s.  Time for last 1,000,000:    9s.  Last read position: chr17:90,521,165.  Last read name: SRR7624390.43211634
INFO	2024-07-03 21:14:29	SamFormatConverter	Processed     9,000,000 records.  Elapsed time: 00:01:25s.  Time for last 1,000,000:    9s.  Last read position: chr17:55,217,454.  Last read name: SRR7624390.34569441
INFO	2024-07-03 21:14:38	SamFormatConverter	Processed    10,000,000 records.  Elapsed time: 00:01:34s.  Time for last 1,000,000:    8s.  Last read position: chr5:113,975,175.  Last read name: SRR7624390.29662203
INFO	2024-07-03 21:14:47	SamFormatConverter	Processed    11,000,000 records.  Elapsed time: 00:01:43s.  Time for last 1,000,000:    9s.  Last read position: chr5:112,277,579.  Last read name: SRR7624390.10226181
INFO	2024-07-03 21:14:57	SamFormatConverter	Processed    12,000,000 records.  Elapsed time: 00:01:53s.  Time for last 1,000,000:    9s.  Last read position: chr10:4,132,481.  Last read name: SRR7624390.14514323
INFO	2024-07-03 21:15:08	SamFormatConverter	Processed    13,000,000 records.  Elapsed time: 00:02:04s.  Time for last 1,000,000:   11s.  Last read position: chr6:84,105,996.  Last read name: SRR7624390.35397602
INFO	2024-07-03 21:15:17	SamFormatConverter	Processed    14,000,000 records.  Elapsed time: 00:02:12s.  Time for last 1,000,000:    8s.  Last read position: chr4:69,820,183.  Last read name: SRR7624390.37942168
INFO	2024-07-03 21:15:26	SamFormatConverter	Processed    15,000,000 records.  Elapsed time: 00:02:22s.  Time for last 1,000,000:    9s.  Last read position: chr6:100,391,324.  Last read name: SRR7624390.44047257
INFO	2024-07-03 21:15:36	SamFormatConverter	Processed    16,000,000 records.  Elapsed time: 00:02:32s.  Time for last 1,000,000:   10s.  Last read position: chr10:43,032,550.  Last read name: SRR7624390.224709
INFO	2024-07-03 21:15:45	SamFormatConverter	Processed    17,000,000 records.  Elapsed time: 00:02:41s.  Time for last 1,000,000:    8s.  Last read position: chr9:105,885,355.  Last read name: SRR7624390.7928682
INFO	2024-07-03 21:15:55	SamFormatConverter	Processed    18,000,000 records.  Elapsed time: 00:02:50s.  Time for last 1,000,000:    9s.  Last read position: chr8:78,997,948.  Last read name: SRR7624390.7786525
INFO	2024-07-03 21:16:04	SamFormatConverter	Processed    19,000,000 records.  Elapsed time: 00:02:59s.  Time for last 1,000,000:    8s.  Last read position: */*.  Last read name: SRR7624390.28669642
INFO	2024-07-03 21:16:14	SamFormatConverter	Processed    20,000,000 records.  Elapsed time: 00:03:09s.  Time for last 1,000,000:    9s.  Last read position: chr8:102,664,332.  Last read name: SRR7624390.2255195
INFO	2024-07-03 21:16:22	SamFormatConverter	Processed    21,000,000 records.  Elapsed time: 00:03:18s.  Time for last 1,000,000:    8s.  Last read position: chr2:74,286,796.  Last read name: SRR7624390.37637686
INFO	2024-07-03 21:16:32	SamFormatConverter	Processed    22,000,000 records.  Elapsed time: 00:03:27s.  Time for last 1,000,000:    9s.  Last read position: chr10:115,385,058.  Last read name: SRR7624390.36693940
INFO	2024-07-03 21:16:42	SamFormatConverter	Processed    23,000,000 records.  Elapsed time: 00:03:37s.  Time for last 1,000,000:   10s.  Last read position: chr7:75,052,064.  Last read name: SRR7624390.44153642
INFO	2024-07-03 21:16:52	SamFormatConverter	Processed    24,000,000 records.  Elapsed time: 00:03:48s.  Time for last 1,000,000:   10s.  Last read position: chr2:147,014,600.  Last read name: SRR7624390.18638096
INFO	2024-07-03 21:17:03	SamFormatConverter	Processed    25,000,000 records.  Elapsed time: 00:03:59s.  Time for last 1,000,000:   10s.  Last read position: chr19:6,229,967.  Last read name: SRR7624390.15469001
INFO	2024-07-03 21:17:14	SamFormatConverter	Processed    26,000,000 records.  Elapsed time: 00:04:09s.  Time for last 1,000,000:   10s.  Last read position: chr10:62,212,640.  Last read name: SRR7624390.241339
INFO	2024-07-03 21:17:24	SamFormatConverter	Processed    27,000,000 records.  Elapsed time: 00:04:19s.  Time for last 1,000,000:    9s.  Last read position: chr3:58,210,412.  Last read name: SRR7624390.24049272
INFO	2024-07-03 21:17:35	SamFormatConverter	Processed    28,000,000 records.  Elapsed time: 00:04:30s.  Time for last 1,000,000:   11s.  Last read position: chr2:155,271,779.  Last read name: SRR7624390.38981903
INFO	2024-07-03 21:17:46	SamFormatConverter	Processed    29,000,000 records.  Elapsed time: 00:04:41s.  Time for last 1,000,000:   10s.  Last read position: chr11:103,114,965.  Last read name: SRR7624390.17727284
INFO	2024-07-03 21:17:57	SamFormatConverter	Processed    30,000,000 records.  Elapsed time: 00:04:53s.  Time for last 1,000,000:   11s.  Last read position: chr18:22,418,529.  Last read name: SRR7624390.18358093
INFO	2024-07-03 21:18:07	SamFormatConverter	Processed    31,000,000 records.  Elapsed time: 00:05:03s.  Time for last 1,000,000:    9s.  Last read position: chrY:79,911,754.  Last read name: SRR7624390.30319046
INFO	2024-07-03 21:18:18	SamFormatConverter	Processed    32,000,000 records.  Elapsed time: 00:05:14s.  Time for last 1,000,000:   11s.  Last read position: chr12:63,010,554.  Last read name: SRR7624390.42680472
INFO	2024-07-03 21:18:28	SamFormatConverter	Processed    33,000,000 records.  Elapsed time: 00:05:24s.  Time for last 1,000,000:    9s.  Last read position: chr8:86,886,059.  Last read name: SRR7624390.44297678
INFO	2024-07-03 21:18:38	SamFormatConverter	Processed    34,000,000 records.  Elapsed time: 00:05:33s.  Time for last 1,000,000:    9s.  Last read position: chr10:36,891,221.  Last read name: SRR7624390.39484059
INFO	2024-07-03 21:18:47	SamFormatConverter	Processed    35,000,000 records.  Elapsed time: 00:05:43s.  Time for last 1,000,000:    9s.  Last read position: chr9:96,035,607.  Last read name: SRR7624390.10740927
INFO	2024-07-03 21:18:56	SamFormatConverter	Processed    36,000,000 records.  Elapsed time: 00:05:52s.  Time for last 1,000,000:    9s.  Last read position: chr14:94,340,862.  Last read name: SRR7624390.761728
INFO	2024-07-03 21:19:06	SamFormatConverter	Processed    37,000,000 records.  Elapsed time: 00:06:02s.  Time for last 1,000,000:    9s.  Last read position: chr1:64,952,212.  Last read name: SRR7624390.25411586
INFO	2024-07-03 21:19:16	SamFormatConverter	Processed    38,000,000 records.  Elapsed time: 00:06:12s.  Time for last 1,000,000:    9s.  Last read position: chr16:67,080,049.  Last read name: SRR7624390.40188396
INFO	2024-07-03 21:19:25	SamFormatConverter	Processed    39,000,000 records.  Elapsed time: 00:06:21s.  Time for last 1,000,000:    9s.  Last read position: chr13:86,996,631.  Last read name: SRR7624390.17924380
INFO	2024-07-03 21:19:35	SamFormatConverter	Processed    40,000,000 records.  Elapsed time: 00:06:30s.  Time for last 1,000,000:    9s.  Last read position: chr6:53,803,471.  Last read name: SRR7624390.13234581
[Wed Jul 03 21:19:36 CEST 2024] picard.sam.SamFormatConverter done. Elapsed time: 6.56 minutes.
Runtime.totalMemory()=749731840
21:19:38.588 INFO  NativeLibraryLoader - Loading libgkl_compression.so from jar:file:/home/robin/bin/miniconda3/share/picard-2.26.2-0/picard.jar!/com/intel/gkl/native/libgkl_compression.so
[Wed Jul 03 21:19:38 CEST 2024] SortSam --INPUT E14_1h_H3K27ac_ChIP_Yang2019_GSM3314702_unsorted.bam --OUTPUT E14_1h_H3K27ac_ChIP_Yang2019_GSM3314702_sorted.bam --SORT_ORDER coordinate --TMP_DIR . --VERBOSITY INFO --QUIET false --VALIDATION_STRINGENCY STRICT --COMPRESSION_LEVEL 5 --MAX_RECORDS_IN_RAM 500000 --CREATE_INDEX false --CREATE_MD5_FILE false --GA4GH_CLIENT_SECRETS client_secrets.json --help false --version false --showHidden false --USE_JDK_DEFLATER false --USE_JDK_INFLATER false
[Wed Jul 03 21:19:38 CEST 2024] Executing as robin@epipax.ijm.univ-paris-diderot.priv on Linux 6.1.0-21-amd64 amd64; OpenJDK 64-Bit Server VM 1.8.0_332-b09; Deflater: Intel; Inflater: Intel; Provider GCS is not available; Picard version: Version:2.26.2
INFO	2024-07-03 21:19:39	SortSam	Seen many non-increasing record positions. Printing Read-names as well.
INFO	2024-07-03 21:20:52	SortSam	Read    10,000,000 records.  Elapsed time: 00:01:13s.  Time for last 10,000,000:   73s.  Last read position: chr5:113,975,175.  Last read name: SRR7624390.29662203
INFO	2024-07-03 21:22:07	SortSam	Read    20,000,000 records.  Elapsed time: 00:02:28s.  Time for last 10,000,000:   74s.  Last read position: chr8:102,664,332.  Last read name: SRR7624390.2255195
INFO	2024-07-03 21:23:10	SortSam	Read    30,000,000 records.  Elapsed time: 00:03:31s.  Time for last 10,000,000:   62s.  Last read position: chr18:22,418,529.  Last read name: SRR7624390.18358093
INFO	2024-07-03 21:24:10	SortSam	Read    40,000,000 records.  Elapsed time: 00:04:31s.  Time for last 10,000,000:   60s.  Last read position: chr6:53,803,471.  Last read name: SRR7624390.13234581
INFO	2024-07-03 21:24:12	SortSam	Finished reading inputs, merging and writing to output now.
INFO	2024-07-03 21:25:06	SortSam	Wrote    10,000,000 records from a sorting collection.  Elapsed time: 00:05:27s.  Time for last 10,000,000:   53s.  Last read position: chr4:132,833,809
INFO	2024-07-03 21:25:56	SortSam	Wrote    20,000,000 records from a sorting collection.  Elapsed time: 00:06:17s.  Time for last 10,000,000:   49s.  Last read position: chr9:42,130,342
INFO	2024-07-03 21:26:43	SortSam	Wrote    30,000,000 records from a sorting collection.  Elapsed time: 00:07:04s.  Time for last 10,000,000:   47s.  Last read position: chr14:42,373,417
INFO	2024-07-03 21:27:28	SortSam	Wrote    40,000,000 records from a sorting collection.  Elapsed time: 00:07:49s.  Time for last 10,000,000:   45s.  Last read position: */*
[Wed Jul 03 21:27:29 CEST 2024] picard.sam.SortSam done. Elapsed time: 7.85 minutes.
Runtime.totalMemory()=1704460288
21:27:30.960 INFO  NativeLibraryLoader - Loading libgkl_compression.so from jar:file:/home/robin/bin/miniconda3/share/picard-2.26.2-0/picard.jar!/com/intel/gkl/native/libgkl_compression.so
[Wed Jul 03 21:27:31 CEST 2024] MarkDuplicates --INPUT E14_1h_H3K27ac_ChIP_Yang2019_GSM3314702_sorted.bam --OUTPUT E14_1h_H3K27ac_ChIP_Yang2019_GSM3314702.bam --METRICS_FILE E14_1h_H3K27ac_ChIP_Yang2019_GSM3314702_markDupeMetrics.txt --REMOVE_DUPLICATES false --TMP_DIR . --MAX_SEQUENCES_FOR_DISK_READ_ENDS_MAP 50000 --MAX_FILE_HANDLES_FOR_READ_ENDS_MAP 8000 --SORTING_COLLECTION_SIZE_RATIO 0.25 --TAG_DUPLICATE_SET_MEMBERS false --REMOVE_SEQUENCING_DUPLICATES false --TAGGING_POLICY DontTag --CLEAR_DT true --DUPLEX_UMI false --ADD_PG_TAG_TO_READS true --ASSUME_SORTED false --DUPLICATE_SCORING_STRATEGY SUM_OF_BASE_QUALITIES --PROGRAM_RECORD_ID MarkDuplicates --PROGRAM_GROUP_NAME MarkDuplicates --READ_NAME_REGEX <optimized capture of last three ':' separated fields as numeric values> --OPTICAL_DUPLICATE_PIXEL_DISTANCE 100 --MAX_OPTICAL_DUPLICATE_SET_SIZE 300000 --VERBOSITY INFO --QUIET false --VALIDATION_STRINGENCY STRICT --COMPRESSION_LEVEL 5 --MAX_RECORDS_IN_RAM 500000 --CREATE_INDEX false --CREATE_MD5_FILE false --GA4GH_CLIENT_SECRETS client_secrets.json --help false --version false --showHidden false --USE_JDK_DEFLATER false --USE_JDK_INFLATER false
[Wed Jul 03 21:27:31 CEST 2024] Executing as robin@epipax.ijm.univ-paris-diderot.priv on Linux 6.1.0-21-amd64 amd64; OpenJDK 64-Bit Server VM 1.8.0_332-b09; Deflater: Intel; Inflater: Intel; Provider GCS is not available; Picard version: Version:2.26.2
INFO	2024-07-03 21:27:31	MarkDuplicates	Start of doWork freeMemory: 501502000; totalMemory: 514850816; maxMemory: 1908932608
INFO	2024-07-03 21:27:31	MarkDuplicates	Reading input file and constructing read end information.
INFO	2024-07-03 21:27:31	MarkDuplicates	Will retain up to 6916422 data points before spilling to disk.
WARNING	2024-07-03 21:27:31	AbstractOpticalDuplicateFinderCommandLineProgram	A field field parsed out of a read name was expected to contain an integer and did not. Read name: SRR7624390.33280367. Cause: String 'SRR7624390.33280367' did not start with a parsable number.
INFO	2024-07-03 21:27:35	MarkDuplicates	Read     1,000,000 records.  Elapsed time: 00:00:04s.  Time for last 1,000,000:    4s.  Last read position: chr1:71,097,959
INFO	2024-07-03 21:27:35	MarkDuplicates	Tracking 0 as yet unmatched pairs. 0 records in RAM.
INFO	2024-07-03 21:27:39	MarkDuplicates	Read     2,000,000 records.  Elapsed time: 00:00:07s.  Time for last 1,000,000:    3s.  Last read position: chr1:137,148,912
INFO	2024-07-03 21:27:39	MarkDuplicates	Tracking 0 as yet unmatched pairs. 0 records in RAM.
INFO	2024-07-03 21:27:42	MarkDuplicates	Read     3,000,000 records.  Elapsed time: 00:00:10s.  Time for last 1,000,000:    3s.  Last read position: chr2:13,768,467
INFO	2024-07-03 21:27:42	MarkDuplicates	Tracking 0 as yet unmatched pairs. 0 records in RAM.
INFO	2024-07-03 21:27:48	MarkDuplicates	Read     4,000,000 records.  Elapsed time: 00:00:17s.  Time for last 1,000,000:    6s.  Last read position: chr2:74,720,311
INFO	2024-07-03 21:27:48	MarkDuplicates	Tracking 0 as yet unmatched pairs. 0 records in RAM.
INFO	2024-07-03 21:27:53	MarkDuplicates	Read     5,000,000 records.  Elapsed time: 00:00:22s.  Time for last 1,000,000:    4s.  Last read position: chr2:135,703,226
INFO	2024-07-03 21:27:53	MarkDuplicates	Tracking 0 as yet unmatched pairs. 0 records in RAM.
INFO	2024-07-03 21:27:57	MarkDuplicates	Read     6,000,000 records.  Elapsed time: 00:00:26s.  Time for last 1,000,000:    4s.  Last read position: chr3:15,106,135
INFO	2024-07-03 21:27:57	MarkDuplicates	Tracking 0 as yet unmatched pairs. 0 records in RAM.
INFO	2024-07-03 21:28:04	MarkDuplicates	Read     7,000,000 records.  Elapsed time: 00:00:33s.  Time for last 1,000,000:    6s.  Last read position: chr3:89,050,441
INFO	2024-07-03 21:28:04	MarkDuplicates	Tracking 0 as yet unmatched pairs. 0 records in RAM.
INFO	2024-07-03 21:28:08	MarkDuplicates	Read     8,000,000 records.  Elapsed time: 00:00:37s.  Time for last 1,000,000:    3s.  Last read position: chr3:154,620,307
INFO	2024-07-03 21:28:08	MarkDuplicates	Tracking 0 as yet unmatched pairs. 0 records in RAM.
INFO	2024-07-03 21:28:12	MarkDuplicates	Read     9,000,000 records.  Elapsed time: 00:00:41s.  Time for last 1,000,000:    4s.  Last read position: chr4:67,310,118
INFO	2024-07-03 21:28:12	MarkDuplicates	Tracking 0 as yet unmatched pairs. 0 records in RAM.
INFO	2024-07-03 21:28:16	MarkDuplicates	Read    10,000,000 records.  Elapsed time: 00:00:44s.  Time for last 1,000,000:    3s.  Last read position: chr4:132,833,809
INFO	2024-07-03 21:28:16	MarkDuplicates	Tracking 0 as yet unmatched pairs. 0 records in RAM.
INFO	2024-07-03 21:28:20	MarkDuplicates	Read    11,000,000 records.  Elapsed time: 00:00:49s.  Time for last 1,000,000:    4s.  Last read position: chr5:28,480,981
INFO	2024-07-03 21:28:20	MarkDuplicates	Tracking 0 as yet unmatched pairs. 0 records in RAM.
INFO	2024-07-03 21:28:27	MarkDuplicates	Read    12,000,000 records.  Elapsed time: 00:00:55s.  Time for last 1,000,000:    6s.  Last read position: chr5:104,728,665
INFO	2024-07-03 21:28:27	MarkDuplicates	Tracking 0 as yet unmatched pairs. 0 records in RAM.
INFO	2024-07-03 21:28:31	MarkDuplicates	Read    13,000,000 records.  Elapsed time: 00:00:59s.  Time for last 1,000,000:    4s.  Last read position: chr6:9,145,945
INFO	2024-07-03 21:28:31	MarkDuplicates	Tracking 0 as yet unmatched pairs. 0 records in RAM.
INFO	2024-07-03 21:28:37	MarkDuplicates	Read    14,000,000 records.  Elapsed time: 00:01:06s.  Time for last 1,000,000:    6s.  Last read position: chr6:80,752,504
INFO	2024-07-03 21:28:37	MarkDuplicates	Tracking 0 as yet unmatched pairs. 0 records in RAM.
INFO	2024-07-03 21:28:41	MarkDuplicates	Read    15,000,000 records.  Elapsed time: 00:01:09s.  Time for last 1,000,000:    3s.  Last read position: chr6:140,105,576
INFO	2024-07-03 21:28:41	MarkDuplicates	Tracking 0 as yet unmatched pairs. 0 records in RAM.
INFO	2024-07-03 21:28:44	MarkDuplicates	Read    16,000,000 records.  Elapsed time: 00:01:13s.  Time for last 1,000,000:    3s.  Last read position: chr7:56,462,667
INFO	2024-07-03 21:28:44	MarkDuplicates	Tracking 0 as yet unmatched pairs. 0 records in RAM.
INFO	2024-07-03 21:28:48	MarkDuplicates	Read    17,000,000 records.  Elapsed time: 00:01:17s.  Time for last 1,000,000:    3s.  Last read position: chr7:124,608,969
INFO	2024-07-03 21:28:48	MarkDuplicates	Tracking 0 as yet unmatched pairs. 0 records in RAM.
INFO	2024-07-03 21:28:52	MarkDuplicates	Read    18,000,000 records.  Elapsed time: 00:01:21s.  Time for last 1,000,000:    4s.  Last read position: chr8:43,355,479
INFO	2024-07-03 21:28:52	MarkDuplicates	Tracking 0 as yet unmatched pairs. 0 records in RAM.
INFO	2024-07-03 21:28:56	MarkDuplicates	Read    19,000,000 records.  Elapsed time: 00:01:25s.  Time for last 1,000,000:    3s.  Last read position: chr8:110,664,777
INFO	2024-07-03 21:28:56	MarkDuplicates	Tracking 0 as yet unmatched pairs. 0 records in RAM.
INFO	2024-07-03 21:29:00	MarkDuplicates	Read    20,000,000 records.  Elapsed time: 00:01:28s.  Time for last 1,000,000:    3s.  Last read position: chr9:42,130,342
INFO	2024-07-03 21:29:00	MarkDuplicates	Tracking 0 as yet unmatched pairs. 0 records in RAM.
INFO	2024-07-03 21:29:05	MarkDuplicates	Read    21,000,000 records.  Elapsed time: 00:01:34s.  Time for last 1,000,000:    5s.  Last read position: chr9:101,039,163
INFO	2024-07-03 21:29:05	MarkDuplicates	Tracking 0 as yet unmatched pairs. 0 records in RAM.
INFO	2024-07-03 21:29:09	MarkDuplicates	Read    22,000,000 records.  Elapsed time: 00:01:37s.  Time for last 1,000,000:    3s.  Last read position: chr10:39,239,291
INFO	2024-07-03 21:29:09	MarkDuplicates	Tracking 0 as yet unmatched pairs. 0 records in RAM.
INFO	2024-07-03 21:29:12	MarkDuplicates	Read    23,000,000 records.  Elapsed time: 00:01:41s.  Time for last 1,000,000:    3s.  Last read position: chr10:102,276,146
INFO	2024-07-03 21:29:12	MarkDuplicates	Tracking 0 as yet unmatched pairs. 0 records in RAM.
INFO	2024-07-03 21:29:16	MarkDuplicates	Read    24,000,000 records.  Elapsed time: 00:01:44s.  Time for last 1,000,000:    3s.  Last read position: chr11:31,554,029
INFO	2024-07-03 21:29:16	MarkDuplicates	Tracking 0 as yet unmatched pairs. 0 records in RAM.
INFO	2024-07-03 21:29:21	MarkDuplicates	Read    25,000,000 records.  Elapsed time: 00:01:50s.  Time for last 1,000,000:    5s.  Last read position: chr11:86,758,405
INFO	2024-07-03 21:29:21	MarkDuplicates	Tracking 0 as yet unmatched pairs. 0 records in RAM.
INFO	2024-07-03 21:29:25	MarkDuplicates	Read    26,000,000 records.  Elapsed time: 00:01:54s.  Time for last 1,000,000:    3s.  Last read position: chr12:18,703,675
INFO	2024-07-03 21:29:25	MarkDuplicates	Tracking 0 as yet unmatched pairs. 0 records in RAM.
INFO	2024-07-03 21:29:28	MarkDuplicates	Read    27,000,000 records.  Elapsed time: 00:01:57s.  Time for last 1,000,000:    3s.  Last read position: chr12:88,742,758
INFO	2024-07-03 21:29:28	MarkDuplicates	Tracking 0 as yet unmatched pairs. 0 records in RAM.
INFO	2024-07-03 21:29:34	MarkDuplicates	Read    28,000,000 records.  Elapsed time: 00:02:02s.  Time for last 1,000,000:    5s.  Last read position: chr13:40,618,330
INFO	2024-07-03 21:29:34	MarkDuplicates	Tracking 0 as yet unmatched pairs. 0 records in RAM.
INFO	2024-07-03 21:29:37	MarkDuplicates	Read    29,000,000 records.  Elapsed time: 00:02:05s.  Time for last 1,000,000:    3s.  Last read position: chr13:101,008,173
INFO	2024-07-03 21:29:37	MarkDuplicates	Tracking 0 as yet unmatched pairs. 0 records in RAM.
INFO	2024-07-03 21:29:40	MarkDuplicates	Read    30,000,000 records.  Elapsed time: 00:02:09s.  Time for last 1,000,000:    3s.  Last read position: chr14:42,373,417
INFO	2024-07-03 21:29:40	MarkDuplicates	Tracking 0 as yet unmatched pairs. 0 records in RAM.
INFO	2024-07-03 21:29:43	MarkDuplicates	Read    31,000,000 records.  Elapsed time: 00:02:12s.  Time for last 1,000,000:    3s.  Last read position: chr14:117,011,385
INFO	2024-07-03 21:29:43	MarkDuplicates	Tracking 0 as yet unmatched pairs. 0 records in RAM.
INFO	2024-07-03 21:29:46	MarkDuplicates	Read    32,000,000 records.  Elapsed time: 00:02:15s.  Time for last 1,000,000:    3s.  Last read position: chr15:66,161,293
INFO	2024-07-03 21:29:46	MarkDuplicates	Tracking 0 as yet unmatched pairs. 0 records in RAM.
INFO	2024-07-03 21:29:53	MarkDuplicates	Read    33,000,000 records.  Elapsed time: 00:02:21s.  Time for last 1,000,000:    6s.  Last read position: chr16:18,713,495
INFO	2024-07-03 21:29:53	MarkDuplicates	Tracking 0 as yet unmatched pairs. 0 records in RAM.
INFO	2024-07-03 21:29:56	MarkDuplicates	Read    34,000,000 records.  Elapsed time: 00:02:25s.  Time for last 1,000,000:    3s.  Last read position: chr16:89,816,369
INFO	2024-07-03 21:29:56	MarkDuplicates	Tracking 0 as yet unmatched pairs. 0 records in RAM.
INFO	2024-07-03 21:30:02	MarkDuplicates	Read    35,000,000 records.  Elapsed time: 00:02:30s.  Time for last 1,000,000:    5s.  Last read position: chr17:45,979,622
INFO	2024-07-03 21:30:02	MarkDuplicates	Tracking 0 as yet unmatched pairs. 0 records in RAM.
INFO	2024-07-03 21:30:05	MarkDuplicates	Read    36,000,000 records.  Elapsed time: 00:02:34s.  Time for last 1,000,000:    3s.  Last read position: chr18:16,371,319
INFO	2024-07-03 21:30:05	MarkDuplicates	Tracking 0 as yet unmatched pairs. 0 records in RAM.
INFO	2024-07-03 21:30:09	MarkDuplicates	Read    37,000,000 records.  Elapsed time: 00:02:37s.  Time for last 1,000,000:    3s.  Last read position: chr18:80,432,878
INFO	2024-07-03 21:30:09	MarkDuplicates	Tracking 0 as yet unmatched pairs. 0 records in RAM.
INFO	2024-07-03 21:30:12	MarkDuplicates	Read    38,000,000 records.  Elapsed time: 00:02:41s.  Time for last 1,000,000:    3s.  Last read position: chr19:53,126,597
INFO	2024-07-03 21:30:12	MarkDuplicates	Tracking 0 as yet unmatched pairs. 0 records in RAM.
INFO	2024-07-03 21:30:15	MarkDuplicates	Read    39,000,000 records.  Elapsed time: 00:02:44s.  Time for last 1,000,000:    3s.  Last read position: chrX:139,358,404
INFO	2024-07-03 21:30:15	MarkDuplicates	Tracking 0 as yet unmatched pairs. 0 records in RAM.
INFO	2024-07-03 21:30:17	MarkDuplicates	Read 39685152 records. 0 pairs never matched.
INFO	2024-07-03 21:30:19	MarkDuplicates	After buildSortedReadEndLists freeMemory: 1652201592; totalMemory: 1697644544; maxMemory: 1908932608
INFO	2024-07-03 21:30:19	MarkDuplicates	Will retain up to 59654144 duplicate indices before spilling to disk.
INFO	2024-07-03 21:30:19	MarkDuplicates	Traversing read pair information and detecting duplicates.
INFO	2024-07-03 21:30:19	MarkDuplicates	Traversing fragment information and detecting duplicates.
INFO	2024-07-03 21:30:31	MarkDuplicates	Sorting list of duplicate records.
INFO	2024-07-03 21:30:31	MarkDuplicates	After generateDuplicateIndexes freeMemory: 1186603240; totalMemory: 1680867328; maxMemory: 1908932608
INFO	2024-07-03 21:30:31	MarkDuplicates	Marking 392578 records as duplicates.
INFO	2024-07-03 21:30:31	MarkDuplicates	Found 0 optical duplicate clusters.
INFO	2024-07-03 21:30:31	MarkDuplicates	Reads are assumed to be ordered by: coordinate
INFO	2024-07-03 21:31:38	MarkDuplicates	Written    10,000,000 records.  Elapsed time: 00:01:06s.  Time for last 10,000,000:   66s.  Last read position: chr4:132,833,809
INFO	2024-07-03 21:32:43	MarkDuplicates	Written    20,000,000 records.  Elapsed time: 00:02:11s.  Time for last 10,000,000:   65s.  Last read position: chr9:42,130,342
INFO	2024-07-03 21:33:48	MarkDuplicates	Written    30,000,000 records.  Elapsed time: 00:03:16s.  Time for last 10,000,000:   65s.  Last read position: chr14:42,373,417
INFO	2024-07-03 21:34:53	MarkDuplicates	Written    40,000,000 records.  Elapsed time: 00:04:21s.  Time for last 10,000,000:   64s.  Last read position: */*
INFO	2024-07-03 21:34:53	MarkDuplicates	Writing complete. Closing input iterator.
INFO	2024-07-03 21:34:53	MarkDuplicates	Duplicate Index cleanup.
INFO	2024-07-03 21:34:53	MarkDuplicates	Getting Memory Stats.
INFO	2024-07-03 21:34:54	MarkDuplicates	Before output close freeMemory: 1723968880; totalMemory: 1742733312; maxMemory: 1908932608
INFO	2024-07-03 21:34:56	MarkDuplicates	Closed outputs. Getting more Memory Stats.
INFO	2024-07-03 21:34:56	MarkDuplicates	After output close freeMemory: 1723968880; totalMemory: 1742733312; maxMemory: 1908932608
[Wed Jul 03 21:34:57 CEST 2024] picard.sam.markduplicates.MarkDuplicates done. Elapsed time: 7.44 minutes.
Runtime.totalMemory()=1742733312
[sam grooming] finished successfully at [Wed Jul 3 09:35:07 PM CEST 2024]
[trueStats] Collecting alignment statistics for E14_1h_H3K27ac_ChIP_Yang2019_GSM3314702.bam at [Wed Jul 3 09:35:58 PM CEST 2024]
[bamToWigCPMsmoothKeepDup] Started with bin size: 1 and smoothing over 0 bp and KEEPING DUPLICATES at [Wed Jul 3 09:39:37 PM CEST 2024]
There are 38303753 alignments, of which 355877 are completely within a blacklist region.
Due to filtering, 90.93572077812038% of the aforementioned alignments will be used 34508174.560587354
[bamToWigCPMsmoothKeepDup] finished successfully at [Wed Jul 3 09:57:44 PM CEST 2024]
[file cleanup] started. Good job! at [Wed Jul 3 09:57:44 PM CEST 2024]
cp: cannot stat '*.pdf': No such file or directory
mv: cannot stat '*.bed': No such file or directory
mv: preserving times for '/data/bigWigs/E14_1h_H3K27ac_ChIP_Yang2019_GSM3314702_trimV5_mm10_kpDup_q10_b1_s0_CPM.bw': Operation not permitted
mv: preserving permissions for ‘/data/bigWigs/E14_1h_H3K27ac_ChIP_Yang2019_GSM3314702_trimV5_mm10_kpDup_q10_b1_s0_CPM.bw’: Operation not permitted
mv: preserving times for '/data/bams/E14_1h_H3K27ac_ChIP_Yang2019_GSM3314702_trimV5_mm10.bam': Operation not permitted
mv: preserving permissions for ‘/data/bams/E14_1h_H3K27ac_ChIP_Yang2019_GSM3314702_trimV5_mm10.bam’: Operation not permitted
mv: preserving times for '/data/bams/E14_1h_H3K27ac_ChIP_Yang2019_GSM3314702_trimV5_mm10.bam.bai': Operation not permitted
mv: preserving permissions for ‘/data/bams/E14_1h_H3K27ac_ChIP_Yang2019_GSM3314702_trimV5_mm10.bam.bai’: Operation not permitted
mv: cannot stat '*.gtf': No such file or directory
