SCRATCH: /scratch
ls: cannot access '/data/fastq/E14_0h_H3K27me3_ChIP_Yang2019_GSM3314709*_R2.fastq.gz': No such file or directory
[masterDownload] Data are single-end. at [Wed Jul 3 06:02:48 PM CEST 2024]
[checkDependencies] Checking Dependencies [Wed Jul 3 06:02:48 PM CEST 2024] at [Wed Jul 3 06:02:48 PM CEST 2024]
[setup checkDependencies] trimmomatic... at [Wed Jul 3 06:02:49 PM CEST 2024]
[setup checkDependencies] STAR... at [Wed Jul 3 06:02:49 PM CEST 2024]
[setup checkDependencies] bismark... at [Wed Jul 3 06:02:49 PM CEST 2024]
[setup checkDependencies] bowtie2... at [Wed Jul 3 06:02:49 PM CEST 2024]
[setup checkDependencies] samtools... at [Wed Jul 3 06:02:49 PM CEST 2024]
[setup checkDependencies] picard... at [Wed Jul 3 06:02:49 PM CEST 2024]
[setup checkDependencies] awk... at [Wed Jul 3 06:02:49 PM CEST 2024]
[setup checkDependencies] bamCoverage... at [Wed Jul 3 06:02:49 PM CEST 2024]
[setup checkDependencies] fastqc... at [Wed Jul 3 06:02:49 PM CEST 2024]
[setup checkDependencies] fastq_screen... at [Wed Jul 3 06:02:49 PM CEST 2024]
[setup checkDependencies] stringtie... at [Wed Jul 3 06:02:49 PM CEST 2024]
[setup checkDependencies] clumpify.sh... at [Wed Jul 3 06:02:49 PM CEST 2024]
PAIRED: false
[setUpLogFile] Script started at [Wed Jul 3 06:02:49 PM CEST 2024] at [Wed Jul 3 06:02:49 PM CEST 2024]
[fastQC] started on raw FASTQs at [Wed Jul 3 06:02:49 PM CEST 2024]
Started analysis of E14_0h_H3K27me3_ChIP_Yang2019_GSM3314709_raw.fastq.gz
Approx 5% complete for E14_0h_H3K27me3_ChIP_Yang2019_GSM3314709_raw.fastq.gz
Approx 10% complete for E14_0h_H3K27me3_ChIP_Yang2019_GSM3314709_raw.fastq.gz
Approx 15% complete for E14_0h_H3K27me3_ChIP_Yang2019_GSM3314709_raw.fastq.gz
Approx 20% complete for E14_0h_H3K27me3_ChIP_Yang2019_GSM3314709_raw.fastq.gz
Approx 25% complete for E14_0h_H3K27me3_ChIP_Yang2019_GSM3314709_raw.fastq.gz
Approx 30% complete for E14_0h_H3K27me3_ChIP_Yang2019_GSM3314709_raw.fastq.gz
Approx 35% complete for E14_0h_H3K27me3_ChIP_Yang2019_GSM3314709_raw.fastq.gz
Approx 40% complete for E14_0h_H3K27me3_ChIP_Yang2019_GSM3314709_raw.fastq.gz
Approx 45% complete for E14_0h_H3K27me3_ChIP_Yang2019_GSM3314709_raw.fastq.gz
Approx 50% complete for E14_0h_H3K27me3_ChIP_Yang2019_GSM3314709_raw.fastq.gz
Approx 55% complete for E14_0h_H3K27me3_ChIP_Yang2019_GSM3314709_raw.fastq.gz
Approx 60% complete for E14_0h_H3K27me3_ChIP_Yang2019_GSM3314709_raw.fastq.gz
Approx 65% complete for E14_0h_H3K27me3_ChIP_Yang2019_GSM3314709_raw.fastq.gz
Approx 70% complete for E14_0h_H3K27me3_ChIP_Yang2019_GSM3314709_raw.fastq.gz
Approx 75% complete for E14_0h_H3K27me3_ChIP_Yang2019_GSM3314709_raw.fastq.gz
Approx 80% complete for E14_0h_H3K27me3_ChIP_Yang2019_GSM3314709_raw.fastq.gz
Approx 85% complete for E14_0h_H3K27me3_ChIP_Yang2019_GSM3314709_raw.fastq.gz
Approx 90% complete for E14_0h_H3K27me3_ChIP_Yang2019_GSM3314709_raw.fastq.gz
Approx 95% complete for E14_0h_H3K27me3_ChIP_Yang2019_GSM3314709_raw.fastq.gz
Analysis complete for E14_0h_H3K27me3_ChIP_Yang2019_GSM3314709_raw.fastq.gz
[fastQC] on raw FASTQs finished succesfully. Will remove PCR duplicates now at [Wed Jul 3 06:05:37 PM CEST 2024]
Reads are length: 52 at [Wed Jul 3 06:05:38 PM CEST 2024]
Reads with same sequence 1 or fewer substitutions will be marked as PCR duplicates at [Wed Jul 3 06:05:38 PM CEST 2024]
Removal of PCR duplicates complete! at [Wed Jul 3 06:26:32 PM CEST 2024]
[trimReads] Started using version trimV5 parameters at [Wed Jul 3 06:26:32 PM CEST 2024]
ILLUMINACLIP:/data/reference_genomes/adapters/adapters.fa:2:30:10 SLIDINGWINDOW:4:20 MINLEN:24
[trimReads] Trimming E14_0h_H3K27me3_ChIP_Yang2019_GSM3314709.fastq.gz... at [Wed Jul 3 06:26:32 PM CEST 2024]
[trimReads] Finished successfully at [Wed Jul 3 06:36:05 PM CEST 2024]
[fastQC] started on E14_0h_H3K27me3_ChIP_Yang2019_GSM3314709.fastq.gz E14_0h_H3K27me3_ChIP_Yang2019_GSM3314709_trimV5.fastq.gz at [Wed Jul 3 06:36:05 PM CEST 2024]
Started analysis of E14_0h_H3K27me3_ChIP_Yang2019_GSM3314709.fastq.gz
Started analysis of E14_0h_H3K27me3_ChIP_Yang2019_GSM3314709_trimV5.fastq.gz
Approx 5% complete for E14_0h_H3K27me3_ChIP_Yang2019_GSM3314709_trimV5.fastq.gz
Approx 5% complete for E14_0h_H3K27me3_ChIP_Yang2019_GSM3314709.fastq.gz
Approx 10% complete for E14_0h_H3K27me3_ChIP_Yang2019_GSM3314709_trimV5.fastq.gz
Approx 10% complete for E14_0h_H3K27me3_ChIP_Yang2019_GSM3314709.fastq.gz
Approx 15% complete for E14_0h_H3K27me3_ChIP_Yang2019_GSM3314709_trimV5.fastq.gz
Approx 15% complete for E14_0h_H3K27me3_ChIP_Yang2019_GSM3314709.fastq.gz
Approx 20% complete for E14_0h_H3K27me3_ChIP_Yang2019_GSM3314709_trimV5.fastq.gz
Approx 20% complete for E14_0h_H3K27me3_ChIP_Yang2019_GSM3314709.fastq.gz
Approx 25% complete for E14_0h_H3K27me3_ChIP_Yang2019_GSM3314709_trimV5.fastq.gz
Approx 25% complete for E14_0h_H3K27me3_ChIP_Yang2019_GSM3314709.fastq.gz
Approx 30% complete for E14_0h_H3K27me3_ChIP_Yang2019_GSM3314709_trimV5.fastq.gz
Approx 30% complete for E14_0h_H3K27me3_ChIP_Yang2019_GSM3314709.fastq.gz
Approx 35% complete for E14_0h_H3K27me3_ChIP_Yang2019_GSM3314709_trimV5.fastq.gz
Approx 35% complete for E14_0h_H3K27me3_ChIP_Yang2019_GSM3314709.fastq.gz
Approx 40% complete for E14_0h_H3K27me3_ChIP_Yang2019_GSM3314709_trimV5.fastq.gz
Approx 40% complete for E14_0h_H3K27me3_ChIP_Yang2019_GSM3314709.fastq.gz
Approx 45% complete for E14_0h_H3K27me3_ChIP_Yang2019_GSM3314709_trimV5.fastq.gz
Approx 45% complete for E14_0h_H3K27me3_ChIP_Yang2019_GSM3314709.fastq.gz
Approx 50% complete for E14_0h_H3K27me3_ChIP_Yang2019_GSM3314709_trimV5.fastq.gz
Approx 50% complete for E14_0h_H3K27me3_ChIP_Yang2019_GSM3314709.fastq.gz
Approx 55% complete for E14_0h_H3K27me3_ChIP_Yang2019_GSM3314709_trimV5.fastq.gz
Approx 55% complete for E14_0h_H3K27me3_ChIP_Yang2019_GSM3314709.fastq.gz
Approx 60% complete for E14_0h_H3K27me3_ChIP_Yang2019_GSM3314709_trimV5.fastq.gz
Approx 60% complete for E14_0h_H3K27me3_ChIP_Yang2019_GSM3314709.fastq.gz
Approx 65% complete for E14_0h_H3K27me3_ChIP_Yang2019_GSM3314709_trimV5.fastq.gz
Approx 65% complete for E14_0h_H3K27me3_ChIP_Yang2019_GSM3314709.fastq.gz
Approx 70% complete for E14_0h_H3K27me3_ChIP_Yang2019_GSM3314709.fastq.gz
Approx 70% complete for E14_0h_H3K27me3_ChIP_Yang2019_GSM3314709_trimV5.fastq.gz
Approx 75% complete for E14_0h_H3K27me3_ChIP_Yang2019_GSM3314709.fastq.gz
Approx 75% complete for E14_0h_H3K27me3_ChIP_Yang2019_GSM3314709_trimV5.fastq.gz
Approx 80% complete for E14_0h_H3K27me3_ChIP_Yang2019_GSM3314709.fastq.gz
Approx 80% complete for E14_0h_H3K27me3_ChIP_Yang2019_GSM3314709_trimV5.fastq.gz
Approx 85% complete for E14_0h_H3K27me3_ChIP_Yang2019_GSM3314709.fastq.gz
Approx 85% complete for E14_0h_H3K27me3_ChIP_Yang2019_GSM3314709_trimV5.fastq.gz
Approx 90% complete for E14_0h_H3K27me3_ChIP_Yang2019_GSM3314709.fastq.gz
Approx 90% complete for E14_0h_H3K27me3_ChIP_Yang2019_GSM3314709_trimV5.fastq.gz
Approx 95% complete for E14_0h_H3K27me3_ChIP_Yang2019_GSM3314709.fastq.gz
Approx 95% complete for E14_0h_H3K27me3_ChIP_Yang2019_GSM3314709_trimV5.fastq.gz
Analysis complete for E14_0h_H3K27me3_ChIP_Yang2019_GSM3314709.fastq.gz
Analysis complete for E14_0h_H3K27me3_ChIP_Yang2019_GSM3314709_trimV5.fastq.gz
[fastQC] finished succesfully at [Wed Jul 3 06:38:46 PM CEST 2024]
[bowtie2 alignment] started with reference /data/reference_genomes/mm10/mm10 at [Wed Jul 3 06:38:46 PM CEST 2024]
[alignment] Bowtie2 alignment finished successfully at [Wed Jul 3 07:09:16 PM CEST 2024]
[sam grooming] started at [Wed Jul 3 07:10:46 PM CEST 2024]
19:10:48.000 INFO  NativeLibraryLoader - Loading libgkl_compression.so from jar:file:/home/robin/bin/miniconda3/share/picard-2.26.2-0/picard.jar!/com/intel/gkl/native/libgkl_compression.so
[Wed Jul 03 19:10:48 CEST 2024] CleanSam --INPUT E14_0h_H3K27me3_ChIP_Yang2019_GSM3314709_raw.sam --OUTPUT E14_0h_H3K27me3_ChIP_Yang2019_GSM3314709_cleaned.sam --TMP_DIR . --VERBOSITY INFO --QUIET false --VALIDATION_STRINGENCY STRICT --COMPRESSION_LEVEL 5 --MAX_RECORDS_IN_RAM 500000 --CREATE_INDEX false --CREATE_MD5_FILE false --GA4GH_CLIENT_SECRETS client_secrets.json --help false --version false --showHidden false --USE_JDK_DEFLATER false --USE_JDK_INFLATER false
[Wed Jul 03 19:10:48 CEST 2024] Executing as robin@epipax.ijm.univ-paris-diderot.priv on Linux 6.1.0-21-amd64 amd64; OpenJDK 64-Bit Server VM 1.8.0_332-b09; Deflater: Intel; Inflater: Intel; Provider GCS is not available; Picard version: Version:2.26.2
INFO	2024-07-03 19:10:48	CleanSam	Seen many non-increasing record positions. Printing Read-names as well.
INFO	2024-07-03 19:10:54	CleanSam	Processed     1,000,000 records.  Elapsed time: 00:00:06s.  Time for last 1,000,000:    6s.  Last read position: chr6:42,089,640.  Last read name: SRR7624397.4887392
INFO	2024-07-03 19:11:00	CleanSam	Processed     2,000,000 records.  Elapsed time: 00:00:12s.  Time for last 1,000,000:    5s.  Last read position: chr16:34,098,188.  Last read name: SRR7624397.18074707
INFO	2024-07-03 19:11:05	CleanSam	Processed     3,000,000 records.  Elapsed time: 00:00:17s.  Time for last 1,000,000:    5s.  Last read position: chr9:122,858,139.  Last read name: SRR7624397.27528089
INFO	2024-07-03 19:11:10	CleanSam	Processed     4,000,000 records.  Elapsed time: 00:00:22s.  Time for last 1,000,000:    5s.  Last read position: chr9:118,832,482.  Last read name: SRR7624397.38769850
INFO	2024-07-03 19:11:16	CleanSam	Processed     5,000,000 records.  Elapsed time: 00:00:28s.  Time for last 1,000,000:    5s.  Last read position: chr6:8,951,064.  Last read name: SRR7624397.44108478
INFO	2024-07-03 19:11:22	CleanSam	Processed     6,000,000 records.  Elapsed time: 00:00:34s.  Time for last 1,000,000:    5s.  Last read position: chr10:87,229,186.  Last read name: SRR7624397.8823817
INFO	2024-07-03 19:11:28	CleanSam	Processed     7,000,000 records.  Elapsed time: 00:00:40s.  Time for last 1,000,000:    5s.  Last read position: chr14:75,620,114.  Last read name: SRR7624397.23423611
INFO	2024-07-03 19:11:33	CleanSam	Processed     8,000,000 records.  Elapsed time: 00:00:45s.  Time for last 1,000,000:    5s.  Last read position: chr6:51,176,487.  Last read name: SRR7624397.7610670
INFO	2024-07-03 19:11:40	CleanSam	Processed     9,000,000 records.  Elapsed time: 00:00:52s.  Time for last 1,000,000:    6s.  Last read position: chr19:48,524,897.  Last read name: SRR7624397.17008002
INFO	2024-07-03 19:11:45	CleanSam	Processed    10,000,000 records.  Elapsed time: 00:00:57s.  Time for last 1,000,000:    5s.  Last read position: chr12:29,138,453.  Last read name: SRR7624397.487079
INFO	2024-07-03 19:11:51	CleanSam	Processed    11,000,000 records.  Elapsed time: 00:01:03s.  Time for last 1,000,000:    5s.  Last read position: chr12:69,499,946.  Last read name: SRR7624397.518013
INFO	2024-07-03 19:11:57	CleanSam	Processed    12,000,000 records.  Elapsed time: 00:01:08s.  Time for last 1,000,000:    5s.  Last read position: chr10:114,880,204.  Last read name: SRR7624397.33867487
INFO	2024-07-03 19:12:02	CleanSam	Processed    13,000,000 records.  Elapsed time: 00:01:14s.  Time for last 1,000,000:    5s.  Last read position: chr5:90,405,230.  Last read name: SRR7624397.35284156
INFO	2024-07-03 19:12:08	CleanSam	Processed    14,000,000 records.  Elapsed time: 00:01:20s.  Time for last 1,000,000:    5s.  Last read position: chr4:14,316,805.  Last read name: SRR7624397.44947806
INFO	2024-07-03 19:12:14	CleanSam	Processed    15,000,000 records.  Elapsed time: 00:01:26s.  Time for last 1,000,000:    5s.  Last read position: chr7:34,323,591.  Last read name: SRR7624397.44256466
INFO	2024-07-03 19:12:19	CleanSam	Processed    16,000,000 records.  Elapsed time: 00:01:31s.  Time for last 1,000,000:    5s.  Last read position: chrX:59,018,166.  Last read name: SRR7624397.22282200
INFO	2024-07-03 19:12:24	CleanSam	Processed    17,000,000 records.  Elapsed time: 00:01:36s.  Time for last 1,000,000:    5s.  Last read position: chr11:28,626,523.  Last read name: SRR7624397.20372220
INFO	2024-07-03 19:12:30	CleanSam	Processed    18,000,000 records.  Elapsed time: 00:01:42s.  Time for last 1,000,000:    5s.  Last read position: chr10:125,349,593.  Last read name: SRR7624397.45472925
INFO	2024-07-03 19:12:35	CleanSam	Processed    19,000,000 records.  Elapsed time: 00:01:47s.  Time for last 1,000,000:    5s.  Last read position: chr1:104,562,975.  Last read name: SRR7624397.14367321
INFO	2024-07-03 19:12:40	CleanSam	Processed    20,000,000 records.  Elapsed time: 00:01:52s.  Time for last 1,000,000:    5s.  Last read position: chr7:135,918,086.  Last read name: SRR7624397.35615676
INFO	2024-07-03 19:12:46	CleanSam	Processed    21,000,000 records.  Elapsed time: 00:01:58s.  Time for last 1,000,000:    5s.  Last read position: chr7:126,067,061.  Last read name: SRR7624397.29924828
INFO	2024-07-03 19:12:51	CleanSam	Processed    22,000,000 records.  Elapsed time: 00:02:03s.  Time for last 1,000,000:    5s.  Last read position: chr6:122,302,751.  Last read name: SRR7624397.35473650
INFO	2024-07-03 19:12:57	CleanSam	Processed    23,000,000 records.  Elapsed time: 00:02:09s.  Time for last 1,000,000:    5s.  Last read position: chr2:26,791,161.  Last read name: SRR7624397.43486818
INFO	2024-07-03 19:13:03	CleanSam	Processed    24,000,000 records.  Elapsed time: 00:02:15s.  Time for last 1,000,000:    5s.  Last read position: chr18:54,699,229.  Last read name: SRR7624397.21070274
INFO	2024-07-03 19:13:09	CleanSam	Processed    25,000,000 records.  Elapsed time: 00:02:21s.  Time for last 1,000,000:    6s.  Last read position: chr7:122,340,065.  Last read name: SRR7624397.2202990
INFO	2024-07-03 19:13:15	CleanSam	Processed    26,000,000 records.  Elapsed time: 00:02:27s.  Time for last 1,000,000:    5s.  Last read position: chr1:135,601,365.  Last read name: SRR7624397.20180484
INFO	2024-07-03 19:13:21	CleanSam	Processed    27,000,000 records.  Elapsed time: 00:02:32s.  Time for last 1,000,000:    5s.  Last read position: chr9:98,619,966.  Last read name: SRR7624397.47513145
INFO	2024-07-03 19:13:26	CleanSam	Processed    28,000,000 records.  Elapsed time: 00:02:38s.  Time for last 1,000,000:    5s.  Last read position: chr19:19,096,193.  Last read name: SRR7624397.18310185
INFO	2024-07-03 19:13:31	CleanSam	Processed    29,000,000 records.  Elapsed time: 00:02:43s.  Time for last 1,000,000:    5s.  Last read position: chr11:99,491,623.  Last read name: SRR7624397.39737382
INFO	2024-07-03 19:13:38	CleanSam	Processed    30,000,000 records.  Elapsed time: 00:02:50s.  Time for last 1,000,000:    6s.  Last read position: chr13:107,459,953.  Last read name: SRR7624397.37066641
INFO	2024-07-03 19:13:44	CleanSam	Processed    31,000,000 records.  Elapsed time: 00:02:56s.  Time for last 1,000,000:    6s.  Last read position: chr1:70,237,997.  Last read name: SRR7624397.10971953
INFO	2024-07-03 19:13:52	CleanSam	Processed    32,000,000 records.  Elapsed time: 00:03:03s.  Time for last 1,000,000:    7s.  Last read position: chr13:68,739,474.  Last read name: SRR7624397.9169345
INFO	2024-07-03 19:13:57	CleanSam	Processed    33,000,000 records.  Elapsed time: 00:03:09s.  Time for last 1,000,000:    5s.  Last read position: chr13:44,319,245.  Last read name: SRR7624397.42878172
INFO	2024-07-03 19:14:04	CleanSam	Processed    34,000,000 records.  Elapsed time: 00:03:16s.  Time for last 1,000,000:    6s.  Last read position: chr17:37,713,040.  Last read name: SRR7624397.20982358
INFO	2024-07-03 19:14:10	CleanSam	Processed    35,000,000 records.  Elapsed time: 00:03:22s.  Time for last 1,000,000:    5s.  Last read position: chr1:121,680,021.  Last read name: SRR7624397.11483782
INFO	2024-07-03 19:14:15	CleanSam	Processed    36,000,000 records.  Elapsed time: 00:03:27s.  Time for last 1,000,000:    5s.  Last read position: chr1:187,513,768.  Last read name: SRR7624397.45343610
INFO	2024-07-03 19:14:20	CleanSam	Processed    37,000,000 records.  Elapsed time: 00:03:32s.  Time for last 1,000,000:    5s.  Last read position: chr18:59,312,135.  Last read name: SRR7624397.46258121
INFO	2024-07-03 19:14:26	CleanSam	Processed    38,000,000 records.  Elapsed time: 00:03:38s.  Time for last 1,000,000:    5s.  Last read position: chr11:69,841,265.  Last read name: SRR7624397.33953692
INFO	2024-07-03 19:14:32	CleanSam	Processed    39,000,000 records.  Elapsed time: 00:03:44s.  Time for last 1,000,000:    5s.  Last read position: chr8:91,375,244.  Last read name: SRR7624397.16461209
INFO	2024-07-03 19:14:38	CleanSam	Processed    40,000,000 records.  Elapsed time: 00:03:50s.  Time for last 1,000,000:    6s.  Last read position: chr6:51,190,790.  Last read name: SRR7624397.38279471
[Wed Jul 03 19:14:49 CEST 2024] picard.sam.CleanSam done. Elapsed time: 4.03 minutes.
Runtime.totalMemory()=1073217536
19:14:51.831 INFO  NativeLibraryLoader - Loading libgkl_compression.so from jar:file:/home/robin/bin/miniconda3/share/picard-2.26.2-0/picard.jar!/com/intel/gkl/native/libgkl_compression.so
[Wed Jul 03 19:14:51 CEST 2024] SamFormatConverter --INPUT E14_0h_H3K27me3_ChIP_Yang2019_GSM3314709_cleaned.sam --OUTPUT E14_0h_H3K27me3_ChIP_Yang2019_GSM3314709_unsorted.bam --TMP_DIR . --VERBOSITY INFO --QUIET false --VALIDATION_STRINGENCY STRICT --COMPRESSION_LEVEL 5 --MAX_RECORDS_IN_RAM 500000 --CREATE_INDEX false --CREATE_MD5_FILE false --GA4GH_CLIENT_SECRETS client_secrets.json --help false --version false --showHidden false --USE_JDK_DEFLATER false --USE_JDK_INFLATER false
[Wed Jul 03 19:14:51 CEST 2024] Executing as robin@epipax.ijm.univ-paris-diderot.priv on Linux 6.1.0-21-amd64 amd64; OpenJDK 64-Bit Server VM 1.8.0_332-b09; Deflater: Intel; Inflater: Intel; Provider GCS is not available; Picard version: Version:2.26.2
INFO	2024-07-03 19:14:53	SamFormatConverter	Seen many non-increasing record positions. Printing Read-names as well.
INFO	2024-07-03 19:15:02	SamFormatConverter	Processed     1,000,000 records.  Elapsed time: 00:00:09s.  Time for last 1,000,000:    9s.  Last read position: chr6:42,089,640.  Last read name: SRR7624397.4887392
INFO	2024-07-03 19:15:12	SamFormatConverter	Processed     2,000,000 records.  Elapsed time: 00:00:19s.  Time for last 1,000,000:    9s.  Last read position: chr16:34,098,188.  Last read name: SRR7624397.18074707
INFO	2024-07-03 19:15:21	SamFormatConverter	Processed     3,000,000 records.  Elapsed time: 00:00:27s.  Time for last 1,000,000:    8s.  Last read position: chr9:122,858,139.  Last read name: SRR7624397.27528089
INFO	2024-07-03 19:15:30	SamFormatConverter	Processed     4,000,000 records.  Elapsed time: 00:00:37s.  Time for last 1,000,000:    9s.  Last read position: chr9:118,832,482.  Last read name: SRR7624397.38769850
INFO	2024-07-03 19:15:39	SamFormatConverter	Processed     5,000,000 records.  Elapsed time: 00:00:46s.  Time for last 1,000,000:    9s.  Last read position: chr6:8,951,064.  Last read name: SRR7624397.44108478
INFO	2024-07-03 19:15:47	SamFormatConverter	Processed     6,000,000 records.  Elapsed time: 00:00:54s.  Time for last 1,000,000:    8s.  Last read position: chr10:87,229,186.  Last read name: SRR7624397.8823817
INFO	2024-07-03 19:15:56	SamFormatConverter	Processed     7,000,000 records.  Elapsed time: 00:01:03s.  Time for last 1,000,000:    8s.  Last read position: chr14:75,620,114.  Last read name: SRR7624397.23423611
INFO	2024-07-03 19:16:06	SamFormatConverter	Processed     8,000,000 records.  Elapsed time: 00:01:12s.  Time for last 1,000,000:    9s.  Last read position: chr6:51,176,487.  Last read name: SRR7624397.7610670
INFO	2024-07-03 19:16:15	SamFormatConverter	Processed     9,000,000 records.  Elapsed time: 00:01:22s.  Time for last 1,000,000:    9s.  Last read position: chr19:48,524,897.  Last read name: SRR7624397.17008002
INFO	2024-07-03 19:16:23	SamFormatConverter	Processed    10,000,000 records.  Elapsed time: 00:01:30s.  Time for last 1,000,000:    8s.  Last read position: chr12:29,138,453.  Last read name: SRR7624397.487079
INFO	2024-07-03 19:16:32	SamFormatConverter	Processed    11,000,000 records.  Elapsed time: 00:01:39s.  Time for last 1,000,000:    8s.  Last read position: chr12:69,499,946.  Last read name: SRR7624397.518013
INFO	2024-07-03 19:16:41	SamFormatConverter	Processed    12,000,000 records.  Elapsed time: 00:01:48s.  Time for last 1,000,000:    9s.  Last read position: chr10:114,880,204.  Last read name: SRR7624397.33867487
INFO	2024-07-03 19:16:51	SamFormatConverter	Processed    13,000,000 records.  Elapsed time: 00:01:58s.  Time for last 1,000,000:    9s.  Last read position: chr5:90,405,230.  Last read name: SRR7624397.35284156
INFO	2024-07-03 19:17:00	SamFormatConverter	Processed    14,000,000 records.  Elapsed time: 00:02:07s.  Time for last 1,000,000:    9s.  Last read position: chr4:14,316,805.  Last read name: SRR7624397.44947806
INFO	2024-07-03 19:17:09	SamFormatConverter	Processed    15,000,000 records.  Elapsed time: 00:02:16s.  Time for last 1,000,000:    8s.  Last read position: chr7:34,323,591.  Last read name: SRR7624397.44256466
INFO	2024-07-03 19:17:18	SamFormatConverter	Processed    16,000,000 records.  Elapsed time: 00:02:24s.  Time for last 1,000,000:    8s.  Last read position: chrX:59,018,166.  Last read name: SRR7624397.22282200
INFO	2024-07-03 19:17:26	SamFormatConverter	Processed    17,000,000 records.  Elapsed time: 00:02:33s.  Time for last 1,000,000:    8s.  Last read position: chr11:28,626,523.  Last read name: SRR7624397.20372220
INFO	2024-07-03 19:17:35	SamFormatConverter	Processed    18,000,000 records.  Elapsed time: 00:02:42s.  Time for last 1,000,000:    8s.  Last read position: chr10:125,349,593.  Last read name: SRR7624397.45472925
INFO	2024-07-03 19:17:44	SamFormatConverter	Processed    19,000,000 records.  Elapsed time: 00:02:51s.  Time for last 1,000,000:    9s.  Last read position: chr1:104,562,975.  Last read name: SRR7624397.14367321
INFO	2024-07-03 19:17:54	SamFormatConverter	Processed    20,000,000 records.  Elapsed time: 00:03:01s.  Time for last 1,000,000:    9s.  Last read position: chr7:135,918,086.  Last read name: SRR7624397.35615676
INFO	2024-07-03 19:18:02	SamFormatConverter	Processed    21,000,000 records.  Elapsed time: 00:03:09s.  Time for last 1,000,000:    8s.  Last read position: chr7:126,067,061.  Last read name: SRR7624397.29924828
INFO	2024-07-03 19:18:11	SamFormatConverter	Processed    22,000,000 records.  Elapsed time: 00:03:18s.  Time for last 1,000,000:    9s.  Last read position: chr6:122,302,751.  Last read name: SRR7624397.35473650
INFO	2024-07-03 19:18:20	SamFormatConverter	Processed    23,000,000 records.  Elapsed time: 00:03:27s.  Time for last 1,000,000:    8s.  Last read position: chr2:26,791,161.  Last read name: SRR7624397.43486818
INFO	2024-07-03 19:18:29	SamFormatConverter	Processed    24,000,000 records.  Elapsed time: 00:03:36s.  Time for last 1,000,000:    9s.  Last read position: chr18:54,699,229.  Last read name: SRR7624397.21070274
INFO	2024-07-03 19:18:39	SamFormatConverter	Processed    25,000,000 records.  Elapsed time: 00:03:45s.  Time for last 1,000,000:    9s.  Last read position: chr7:122,340,065.  Last read name: SRR7624397.2202990
INFO	2024-07-03 19:18:48	SamFormatConverter	Processed    26,000,000 records.  Elapsed time: 00:03:55s.  Time for last 1,000,000:    9s.  Last read position: chr1:135,601,365.  Last read name: SRR7624397.20180484
INFO	2024-07-03 19:18:57	SamFormatConverter	Processed    27,000,000 records.  Elapsed time: 00:04:03s.  Time for last 1,000,000:    8s.  Last read position: chr9:98,619,966.  Last read name: SRR7624397.47513145
INFO	2024-07-03 19:19:07	SamFormatConverter	Processed    28,000,000 records.  Elapsed time: 00:04:14s.  Time for last 1,000,000:   10s.  Last read position: chr19:19,096,193.  Last read name: SRR7624397.18310185
INFO	2024-07-03 19:19:16	SamFormatConverter	Processed    29,000,000 records.  Elapsed time: 00:04:23s.  Time for last 1,000,000:    8s.  Last read position: chr11:99,491,623.  Last read name: SRR7624397.39737382
INFO	2024-07-03 19:19:26	SamFormatConverter	Processed    30,000,000 records.  Elapsed time: 00:04:32s.  Time for last 1,000,000:    9s.  Last read position: chr13:107,459,953.  Last read name: SRR7624397.37066641
INFO	2024-07-03 19:19:35	SamFormatConverter	Processed    31,000,000 records.  Elapsed time: 00:04:42s.  Time for last 1,000,000:    9s.  Last read position: chr1:70,237,997.  Last read name: SRR7624397.10971953
INFO	2024-07-03 19:19:44	SamFormatConverter	Processed    32,000,000 records.  Elapsed time: 00:04:51s.  Time for last 1,000,000:    9s.  Last read position: chr13:68,739,474.  Last read name: SRR7624397.9169345
INFO	2024-07-03 19:19:54	SamFormatConverter	Processed    33,000,000 records.  Elapsed time: 00:05:01s.  Time for last 1,000,000:   10s.  Last read position: chr13:44,319,245.  Last read name: SRR7624397.42878172
INFO	2024-07-03 19:20:04	SamFormatConverter	Processed    34,000,000 records.  Elapsed time: 00:05:11s.  Time for last 1,000,000:    9s.  Last read position: chr17:37,713,040.  Last read name: SRR7624397.20982358
INFO	2024-07-03 19:20:13	SamFormatConverter	Processed    35,000,000 records.  Elapsed time: 00:05:20s.  Time for last 1,000,000:    9s.  Last read position: chr1:121,680,021.  Last read name: SRR7624397.11483782
INFO	2024-07-03 19:20:22	SamFormatConverter	Processed    36,000,000 records.  Elapsed time: 00:05:29s.  Time for last 1,000,000:    8s.  Last read position: chr1:187,513,768.  Last read name: SRR7624397.45343610
INFO	2024-07-03 19:20:31	SamFormatConverter	Processed    37,000,000 records.  Elapsed time: 00:05:38s.  Time for last 1,000,000:    8s.  Last read position: chr18:59,312,135.  Last read name: SRR7624397.46258121
INFO	2024-07-03 19:20:40	SamFormatConverter	Processed    38,000,000 records.  Elapsed time: 00:05:47s.  Time for last 1,000,000:    8s.  Last read position: chr11:69,841,265.  Last read name: SRR7624397.33953692
INFO	2024-07-03 19:20:50	SamFormatConverter	Processed    39,000,000 records.  Elapsed time: 00:05:57s.  Time for last 1,000,000:    9s.  Last read position: chr8:91,375,244.  Last read name: SRR7624397.16461209
INFO	2024-07-03 19:20:59	SamFormatConverter	Processed    40,000,000 records.  Elapsed time: 00:06:06s.  Time for last 1,000,000:    9s.  Last read position: chr6:51,190,790.  Last read name: SRR7624397.38279471
[Wed Jul 03 19:21:07 CEST 2024] picard.sam.SamFormatConverter done. Elapsed time: 6.26 minutes.
Runtime.totalMemory()=833093632
19:21:09.500 INFO  NativeLibraryLoader - Loading libgkl_compression.so from jar:file:/home/robin/bin/miniconda3/share/picard-2.26.2-0/picard.jar!/com/intel/gkl/native/libgkl_compression.so
[Wed Jul 03 19:21:09 CEST 2024] SortSam --INPUT E14_0h_H3K27me3_ChIP_Yang2019_GSM3314709_unsorted.bam --OUTPUT E14_0h_H3K27me3_ChIP_Yang2019_GSM3314709_sorted.bam --SORT_ORDER coordinate --TMP_DIR . --VERBOSITY INFO --QUIET false --VALIDATION_STRINGENCY STRICT --COMPRESSION_LEVEL 5 --MAX_RECORDS_IN_RAM 500000 --CREATE_INDEX false --CREATE_MD5_FILE false --GA4GH_CLIENT_SECRETS client_secrets.json --help false --version false --showHidden false --USE_JDK_DEFLATER false --USE_JDK_INFLATER false
[Wed Jul 03 19:21:09 CEST 2024] Executing as robin@epipax.ijm.univ-paris-diderot.priv on Linux 6.1.0-21-amd64 amd64; OpenJDK 64-Bit Server VM 1.8.0_332-b09; Deflater: Intel; Inflater: Intel; Provider GCS is not available; Picard version: Version:2.26.2
INFO	2024-07-03 19:21:10	SortSam	Seen many non-increasing record positions. Printing Read-names as well.
INFO	2024-07-03 19:22:19	SortSam	Read    10,000,000 records.  Elapsed time: 00:01:09s.  Time for last 10,000,000:   69s.  Last read position: chr12:29,138,453.  Last read name: SRR7624397.487079
INFO	2024-07-03 19:23:28	SortSam	Read    20,000,000 records.  Elapsed time: 00:02:18s.  Time for last 10,000,000:   68s.  Last read position: chr7:135,918,086.  Last read name: SRR7624397.35615676
INFO	2024-07-03 19:24:36	SortSam	Read    30,000,000 records.  Elapsed time: 00:03:26s.  Time for last 10,000,000:   68s.  Last read position: chr13:107,459,953.  Last read name: SRR7624397.37066641
INFO	2024-07-03 19:25:42	SortSam	Read    40,000,000 records.  Elapsed time: 00:04:32s.  Time for last 10,000,000:   65s.  Last read position: chr6:51,190,790.  Last read name: SRR7624397.38279471
INFO	2024-07-03 19:25:46	SortSam	Finished reading inputs, merging and writing to output now.
INFO	2024-07-03 19:26:38	SortSam	Wrote    10,000,000 records from a sorting collection.  Elapsed time: 00:05:28s.  Time for last 10,000,000:   50s.  Last read position: chr4:128,896,953
INFO	2024-07-03 19:27:32	SortSam	Wrote    20,000,000 records from a sorting collection.  Elapsed time: 00:06:22s.  Time for last 10,000,000:   53s.  Last read position: chr8:125,278,599
INFO	2024-07-03 19:28:26	SortSam	Wrote    30,000,000 records from a sorting collection.  Elapsed time: 00:07:16s.  Time for last 10,000,000:   53s.  Last read position: chr13:110,830,975
INFO	2024-07-03 19:29:20	SortSam	Wrote    40,000,000 records from a sorting collection.  Elapsed time: 00:08:10s.  Time for last 10,000,000:   54s.  Last read position: chr4_JH584293_random:4,865
[Wed Jul 03 19:29:27 CEST 2024] picard.sam.SortSam done. Elapsed time: 8.30 minutes.
Runtime.totalMemory()=1722286080
19:29:28.917 INFO  NativeLibraryLoader - Loading libgkl_compression.so from jar:file:/home/robin/bin/miniconda3/share/picard-2.26.2-0/picard.jar!/com/intel/gkl/native/libgkl_compression.so
[Wed Jul 03 19:29:29 CEST 2024] MarkDuplicates --INPUT E14_0h_H3K27me3_ChIP_Yang2019_GSM3314709_sorted.bam --OUTPUT E14_0h_H3K27me3_ChIP_Yang2019_GSM3314709.bam --METRICS_FILE E14_0h_H3K27me3_ChIP_Yang2019_GSM3314709_markDupeMetrics.txt --REMOVE_DUPLICATES false --TMP_DIR . --MAX_SEQUENCES_FOR_DISK_READ_ENDS_MAP 50000 --MAX_FILE_HANDLES_FOR_READ_ENDS_MAP 8000 --SORTING_COLLECTION_SIZE_RATIO 0.25 --TAG_DUPLICATE_SET_MEMBERS false --REMOVE_SEQUENCING_DUPLICATES false --TAGGING_POLICY DontTag --CLEAR_DT true --DUPLEX_UMI false --ADD_PG_TAG_TO_READS true --ASSUME_SORTED false --DUPLICATE_SCORING_STRATEGY SUM_OF_BASE_QUALITIES --PROGRAM_RECORD_ID MarkDuplicates --PROGRAM_GROUP_NAME MarkDuplicates --READ_NAME_REGEX <optimized capture of last three ':' separated fields as numeric values> --OPTICAL_DUPLICATE_PIXEL_DISTANCE 100 --MAX_OPTICAL_DUPLICATE_SET_SIZE 300000 --VERBOSITY INFO --QUIET false --VALIDATION_STRINGENCY STRICT --COMPRESSION_LEVEL 5 --MAX_RECORDS_IN_RAM 500000 --CREATE_INDEX false --CREATE_MD5_FILE false --GA4GH_CLIENT_SECRETS client_secrets.json --help false --version false --showHidden false --USE_JDK_DEFLATER false --USE_JDK_INFLATER false
[Wed Jul 03 19:29:29 CEST 2024] Executing as robin@epipax.ijm.univ-paris-diderot.priv on Linux 6.1.0-21-amd64 amd64; OpenJDK 64-Bit Server VM 1.8.0_332-b09; Deflater: Intel; Inflater: Intel; Provider GCS is not available; Picard version: Version:2.26.2
INFO	2024-07-03 19:29:29	MarkDuplicates	Start of doWork freeMemory: 501502240; totalMemory: 514850816; maxMemory: 1908932608
INFO	2024-07-03 19:29:29	MarkDuplicates	Reading input file and constructing read end information.
INFO	2024-07-03 19:29:29	MarkDuplicates	Will retain up to 6916422 data points before spilling to disk.
WARNING	2024-07-03 19:29:29	AbstractOpticalDuplicateFinderCommandLineProgram	A field field parsed out of a read name was expected to contain an integer and did not. Read name: SRR7624397.44821211. Cause: String 'SRR7624397.44821211' did not start with a parsable number.
INFO	2024-07-03 19:29:35	MarkDuplicates	Read     1,000,000 records.  Elapsed time: 00:00:05s.  Time for last 1,000,000:    5s.  Last read position: chr1:79,244,161
INFO	2024-07-03 19:29:35	MarkDuplicates	Tracking 0 as yet unmatched pairs. 0 records in RAM.
INFO	2024-07-03 19:29:39	MarkDuplicates	Read     2,000,000 records.  Elapsed time: 00:00:10s.  Time for last 1,000,000:    4s.  Last read position: chr1:153,653,480
INFO	2024-07-03 19:29:39	MarkDuplicates	Tracking 0 as yet unmatched pairs. 0 records in RAM.
INFO	2024-07-03 19:29:43	MarkDuplicates	Read     3,000,000 records.  Elapsed time: 00:00:13s.  Time for last 1,000,000:    3s.  Last read position: chr2:14,600,340
INFO	2024-07-03 19:29:43	MarkDuplicates	Tracking 0 as yet unmatched pairs. 0 records in RAM.
INFO	2024-07-03 19:29:49	MarkDuplicates	Read     4,000,000 records.  Elapsed time: 00:00:19s.  Time for last 1,000,000:    6s.  Last read position: chr2:76,108,114
INFO	2024-07-03 19:29:49	MarkDuplicates	Tracking 0 as yet unmatched pairs. 0 records in RAM.
INFO	2024-07-03 19:29:54	MarkDuplicates	Read     5,000,000 records.  Elapsed time: 00:00:24s.  Time for last 1,000,000:    4s.  Last read position: chr2:134,359,977
INFO	2024-07-03 19:29:54	MarkDuplicates	Tracking 0 as yet unmatched pairs. 0 records in RAM.
INFO	2024-07-03 19:29:58	MarkDuplicates	Read     6,000,000 records.  Elapsed time: 00:00:29s.  Time for last 1,000,000:    4s.  Last read position: chr3:8,503,822
INFO	2024-07-03 19:29:58	MarkDuplicates	Tracking 0 as yet unmatched pairs. 0 records in RAM.
INFO	2024-07-03 19:30:05	MarkDuplicates	Read     7,000,000 records.  Elapsed time: 00:00:36s.  Time for last 1,000,000:    7s.  Last read position: chr3:86,545,300
INFO	2024-07-03 19:30:05	MarkDuplicates	Tracking 0 as yet unmatched pairs. 0 records in RAM.
INFO	2024-07-03 19:30:10	MarkDuplicates	Read     8,000,000 records.  Elapsed time: 00:00:41s.  Time for last 1,000,000:    4s.  Last read position: chr3:146,855,096
INFO	2024-07-03 19:30:10	MarkDuplicates	Tracking 0 as yet unmatched pairs. 0 records in RAM.
INFO	2024-07-03 19:30:14	MarkDuplicates	Read     9,000,000 records.  Elapsed time: 00:00:44s.  Time for last 1,000,000:    3s.  Last read position: chr4:63,176,838
INFO	2024-07-03 19:30:14	MarkDuplicates	Tracking 0 as yet unmatched pairs. 0 records in RAM.
INFO	2024-07-03 19:30:18	MarkDuplicates	Read    10,000,000 records.  Elapsed time: 00:00:48s.  Time for last 1,000,000:    4s.  Last read position: chr4:128,896,953
INFO	2024-07-03 19:30:18	MarkDuplicates	Tracking 0 as yet unmatched pairs. 0 records in RAM.
INFO	2024-07-03 19:30:22	MarkDuplicates	Read    11,000,000 records.  Elapsed time: 00:00:53s.  Time for last 1,000,000:    4s.  Last read position: chr5:28,114,677
INFO	2024-07-03 19:30:22	MarkDuplicates	Tracking 0 as yet unmatched pairs. 0 records in RAM.
INFO	2024-07-03 19:30:28	MarkDuplicates	Read    12,000,000 records.  Elapsed time: 00:00:59s.  Time for last 1,000,000:    6s.  Last read position: chr5:95,986,703
INFO	2024-07-03 19:30:28	MarkDuplicates	Tracking 0 as yet unmatched pairs. 0 records in RAM.
INFO	2024-07-03 19:30:32	MarkDuplicates	Read    13,000,000 records.  Elapsed time: 00:01:02s.  Time for last 1,000,000:    3s.  Last read position: chr5:138,937,067
INFO	2024-07-03 19:30:32	MarkDuplicates	Tracking 0 as yet unmatched pairs. 0 records in RAM.
INFO	2024-07-03 19:30:38	MarkDuplicates	Read    14,000,000 records.  Elapsed time: 00:01:09s.  Time for last 1,000,000:    6s.  Last read position: chr6:52,018,832
INFO	2024-07-03 19:30:38	MarkDuplicates	Tracking 0 as yet unmatched pairs. 0 records in RAM.
INFO	2024-07-03 19:30:43	MarkDuplicates	Read    15,000,000 records.  Elapsed time: 00:01:13s.  Time for last 1,000,000:    4s.  Last read position: chr6:116,589,891
INFO	2024-07-03 19:30:43	MarkDuplicates	Tracking 0 as yet unmatched pairs. 0 records in RAM.
INFO	2024-07-03 19:30:47	MarkDuplicates	Read    16,000,000 records.  Elapsed time: 00:01:18s.  Time for last 1,000,000:    4s.  Last read position: chr7:37,775,932
INFO	2024-07-03 19:30:47	MarkDuplicates	Tracking 0 as yet unmatched pairs. 0 records in RAM.
INFO	2024-07-03 19:30:51	MarkDuplicates	Read    17,000,000 records.  Elapsed time: 00:01:22s.  Time for last 1,000,000:    3s.  Last read position: chr7:105,473,947
INFO	2024-07-03 19:30:51	MarkDuplicates	Tracking 0 as yet unmatched pairs. 0 records in RAM.
INFO	2024-07-03 19:30:56	MarkDuplicates	Read    18,000,000 records.  Elapsed time: 00:01:27s.  Time for last 1,000,000:    5s.  Last read position: chr8:13,512,040
INFO	2024-07-03 19:30:56	MarkDuplicates	Tracking 0 as yet unmatched pairs. 0 records in RAM.
INFO	2024-07-03 19:31:00	MarkDuplicates	Read    19,000,000 records.  Elapsed time: 00:01:31s.  Time for last 1,000,000:    3s.  Last read position: chr8:80,901,371
INFO	2024-07-03 19:31:00	MarkDuplicates	Tracking 0 as yet unmatched pairs. 0 records in RAM.
INFO	2024-07-03 19:31:05	MarkDuplicates	Read    20,000,000 records.  Elapsed time: 00:01:36s.  Time for last 1,000,000:    5s.  Last read position: chr8:125,278,599
INFO	2024-07-03 19:31:05	MarkDuplicates	Tracking 0 as yet unmatched pairs. 0 records in RAM.
INFO	2024-07-03 19:31:11	MarkDuplicates	Read    21,000,000 records.  Elapsed time: 00:01:42s.  Time for last 1,000,000:    5s.  Last read position: chr9:57,657,207
INFO	2024-07-03 19:31:11	MarkDuplicates	Tracking 0 as yet unmatched pairs. 0 records in RAM.
INFO	2024-07-03 19:31:15	MarkDuplicates	Read    22,000,000 records.  Elapsed time: 00:01:45s.  Time for last 1,000,000:    3s.  Last read position: chr9:113,094,169
INFO	2024-07-03 19:31:15	MarkDuplicates	Tracking 0 as yet unmatched pairs. 0 records in RAM.
INFO	2024-07-03 19:31:19	MarkDuplicates	Read    23,000,000 records.  Elapsed time: 00:01:50s.  Time for last 1,000,000:    4s.  Last read position: chr10:60,315,924
INFO	2024-07-03 19:31:19	MarkDuplicates	Tracking 0 as yet unmatched pairs. 0 records in RAM.
INFO	2024-07-03 19:31:25	MarkDuplicates	Read    24,000,000 records.  Elapsed time: 00:01:56s.  Time for last 1,000,000:    5s.  Last read position: chr10:116,974,221
INFO	2024-07-03 19:31:25	MarkDuplicates	Tracking 0 as yet unmatched pairs. 0 records in RAM.
INFO	2024-07-03 19:31:29	MarkDuplicates	Read    25,000,000 records.  Elapsed time: 00:02:00s.  Time for last 1,000,000:    3s.  Last read position: chr11:52,945,857
INFO	2024-07-03 19:31:29	MarkDuplicates	Tracking 0 as yet unmatched pairs. 0 records in RAM.
INFO	2024-07-03 19:31:33	MarkDuplicates	Read    26,000,000 records.  Elapsed time: 00:02:03s.  Time for last 1,000,000:    3s.  Last read position: chr11:99,630,299
INFO	2024-07-03 19:31:33	MarkDuplicates	Tracking 0 as yet unmatched pairs. 0 records in RAM.
INFO	2024-07-03 19:31:38	MarkDuplicates	Read    27,000,000 records.  Elapsed time: 00:02:08s.  Time for last 1,000,000:    4s.  Last read position: chr12:37,856,881
INFO	2024-07-03 19:31:38	MarkDuplicates	Tracking 0 as yet unmatched pairs. 0 records in RAM.
INFO	2024-07-03 19:31:44	MarkDuplicates	Read    28,000,000 records.  Elapsed time: 00:02:14s.  Time for last 1,000,000:    6s.  Last read position: chr12:106,179,232
INFO	2024-07-03 19:31:44	MarkDuplicates	Tracking 0 as yet unmatched pairs. 0 records in RAM.
INFO	2024-07-03 19:31:48	MarkDuplicates	Read    29,000,000 records.  Elapsed time: 00:02:19s.  Time for last 1,000,000:    4s.  Last read position: chr13:49,893,453
INFO	2024-07-03 19:31:48	MarkDuplicates	Tracking 0 as yet unmatched pairs. 0 records in RAM.
INFO	2024-07-03 19:31:51	MarkDuplicates	Read    30,000,000 records.  Elapsed time: 00:02:22s.  Time for last 1,000,000:    3s.  Last read position: chr13:110,830,975
INFO	2024-07-03 19:31:51	MarkDuplicates	Tracking 0 as yet unmatched pairs. 0 records in RAM.
INFO	2024-07-03 19:31:56	MarkDuplicates	Read    31,000,000 records.  Elapsed time: 00:02:26s.  Time for last 1,000,000:    4s.  Last read position: chr14:53,269,540
INFO	2024-07-03 19:31:56	MarkDuplicates	Tracking 0 as yet unmatched pairs. 0 records in RAM.
INFO	2024-07-03 19:32:00	MarkDuplicates	Read    32,000,000 records.  Elapsed time: 00:02:31s.  Time for last 1,000,000:    4s.  Last read position: chr14:120,910,120
INFO	2024-07-03 19:32:00	MarkDuplicates	Tracking 0 as yet unmatched pairs. 0 records in RAM.
INFO	2024-07-03 19:32:06	MarkDuplicates	Read    33,000,000 records.  Elapsed time: 00:02:36s.  Time for last 1,000,000:    5s.  Last read position: chr15:76,027,898
INFO	2024-07-03 19:32:06	MarkDuplicates	Tracking 0 as yet unmatched pairs. 0 records in RAM.
INFO	2024-07-03 19:32:09	MarkDuplicates	Read    34,000,000 records.  Elapsed time: 00:02:40s.  Time for last 1,000,000:    3s.  Last read position: chr16:26,958,950
INFO	2024-07-03 19:32:09	MarkDuplicates	Tracking 0 as yet unmatched pairs. 0 records in RAM.
INFO	2024-07-03 19:32:15	MarkDuplicates	Read    35,000,000 records.  Elapsed time: 00:02:46s.  Time for last 1,000,000:    5s.  Last read position: chr16:97,926,628
INFO	2024-07-03 19:32:15	MarkDuplicates	Tracking 0 as yet unmatched pairs. 0 records in RAM.
INFO	2024-07-03 19:32:19	MarkDuplicates	Read    36,000,000 records.  Elapsed time: 00:02:50s.  Time for last 1,000,000:    4s.  Last read position: chr17:63,021,169
INFO	2024-07-03 19:32:19	MarkDuplicates	Tracking 0 as yet unmatched pairs. 0 records in RAM.
INFO	2024-07-03 19:32:23	MarkDuplicates	Read    37,000,000 records.  Elapsed time: 00:02:54s.  Time for last 1,000,000:    4s.  Last read position: chr18:40,644,565
INFO	2024-07-03 19:32:23	MarkDuplicates	Tracking 0 as yet unmatched pairs. 0 records in RAM.
INFO	2024-07-03 19:32:27	MarkDuplicates	Read    38,000,000 records.  Elapsed time: 00:02:58s.  Time for last 1,000,000:    3s.  Last read position: chr19:14,982,034
INFO	2024-07-03 19:32:27	MarkDuplicates	Tracking 0 as yet unmatched pairs. 0 records in RAM.
INFO	2024-07-03 19:32:31	MarkDuplicates	Read    39,000,000 records.  Elapsed time: 00:03:02s.  Time for last 1,000,000:    4s.  Last read position: chrX:37,895,784
INFO	2024-07-03 19:32:31	MarkDuplicates	Tracking 0 as yet unmatched pairs. 0 records in RAM.
INFO	2024-07-03 19:32:38	MarkDuplicates	Read    40,000,000 records.  Elapsed time: 00:03:09s.  Time for last 1,000,000:    6s.  Last read position: chr4_JH584293_random:4,865
INFO	2024-07-03 19:32:38	MarkDuplicates	Tracking 0 as yet unmatched pairs. 0 records in RAM.
INFO	2024-07-03 19:32:38	MarkDuplicates	Read 40140145 records. 0 pairs never matched.
INFO	2024-07-03 19:32:40	MarkDuplicates	After buildSortedReadEndLists freeMemory: 1662492992; totalMemory: 1707606016; maxMemory: 1908932608
INFO	2024-07-03 19:32:40	MarkDuplicates	Will retain up to 59654144 duplicate indices before spilling to disk.
INFO	2024-07-03 19:32:40	MarkDuplicates	Traversing read pair information and detecting duplicates.
INFO	2024-07-03 19:32:40	MarkDuplicates	Traversing fragment information and detecting duplicates.
INFO	2024-07-03 19:32:54	MarkDuplicates	Sorting list of duplicate records.
INFO	2024-07-03 19:32:55	MarkDuplicates	After generateDuplicateIndexes freeMemory: 1193916712; totalMemory: 1688207360; maxMemory: 1908932608
INFO	2024-07-03 19:32:55	MarkDuplicates	Marking 333508 records as duplicates.
INFO	2024-07-03 19:32:55	MarkDuplicates	Found 0 optical duplicate clusters.
INFO	2024-07-03 19:32:55	MarkDuplicates	Reads are assumed to be ordered by: coordinate
INFO	2024-07-03 19:34:12	MarkDuplicates	Written    10,000,000 records.  Elapsed time: 00:01:17s.  Time for last 10,000,000:   77s.  Last read position: chr4:128,896,953
INFO	2024-07-03 19:35:33	MarkDuplicates	Written    20,000,000 records.  Elapsed time: 00:02:37s.  Time for last 10,000,000:   80s.  Last read position: chr8:125,278,599
INFO	2024-07-03 19:36:49	MarkDuplicates	Written    30,000,000 records.  Elapsed time: 00:03:54s.  Time for last 10,000,000:   76s.  Last read position: chr13:110,830,975
INFO	2024-07-03 19:38:02	MarkDuplicates	Written    40,000,000 records.  Elapsed time: 00:05:07s.  Time for last 10,000,000:   73s.  Last read position: chr4_JH584293_random:4,865
INFO	2024-07-03 19:38:06	MarkDuplicates	Writing complete. Closing input iterator.
INFO	2024-07-03 19:38:06	MarkDuplicates	Duplicate Index cleanup.
INFO	2024-07-03 19:38:06	MarkDuplicates	Getting Memory Stats.
INFO	2024-07-03 19:38:06	MarkDuplicates	Before output close freeMemory: 1729736640; totalMemory: 1748500480; maxMemory: 1908932608
INFO	2024-07-03 19:38:06	MarkDuplicates	Closed outputs. Getting more Memory Stats.
INFO	2024-07-03 19:38:06	MarkDuplicates	After output close freeMemory: 1729736640; totalMemory: 1748500480; maxMemory: 1908932608
[Wed Jul 03 19:38:06 CEST 2024] picard.sam.markduplicates.MarkDuplicates done. Elapsed time: 8.63 minutes.
Runtime.totalMemory()=1748500480
[sam grooming] finished successfully at [Wed Jul 3 07:38:17 PM CEST 2024]
[trueStats] Collecting alignment statistics for E14_0h_H3K27me3_ChIP_Yang2019_GSM3314709.bam at [Wed Jul 3 07:39:12 PM CEST 2024]
[bamToWigCPMsmoothKeepDup] Started with bin size: 1 and smoothing over 0 bp and KEEPING DUPLICATES at [Wed Jul 3 07:42:58 PM CEST 2024]
There are 39003101 alignments, of which 305193 are completely within a blacklist region.
Due to filtering, 91.6724092753421% of the aforementioned alignments will be used 35475304.60275535
[bamToWigCPMsmoothKeepDup] finished successfully at [Wed Jul 3 08:01:24 PM CEST 2024]
[file cleanup] started. Good job! at [Wed Jul 3 08:01:24 PM CEST 2024]
cp: cannot stat '*.pdf': No such file or directory
mv: cannot stat '*.bed': No such file or directory
mv: preserving times for '/data/bigWigs/E14_0h_H3K27me3_ChIP_Yang2019_GSM3314709_trimV5_mm10_kpDup_q10_b1_s0_CPM.bw': Operation not permitted
mv: preserving permissions for ‘/data/bigWigs/E14_0h_H3K27me3_ChIP_Yang2019_GSM3314709_trimV5_mm10_kpDup_q10_b1_s0_CPM.bw’: Operation not permitted
mv: preserving times for '/data/bams/E14_0h_H3K27me3_ChIP_Yang2019_GSM3314709_trimV5_mm10.bam': Operation not permitted
mv: preserving permissions for ‘/data/bams/E14_0h_H3K27me3_ChIP_Yang2019_GSM3314709_trimV5_mm10.bam’: Operation not permitted
mv: preserving times for '/data/bams/E14_0h_H3K27me3_ChIP_Yang2019_GSM3314709_trimV5_mm10.bam.bai': Operation not permitted
mv: preserving permissions for ‘/data/bams/E14_0h_H3K27me3_ChIP_Yang2019_GSM3314709_trimV5_mm10.bam.bai’: Operation not permitted
mv: cannot stat '*.gtf': No such file or directory
